
Configuration:
description: LED
results_root_dir: results
dataset: kitti
dimensions: 2
past_frames: 10
future_frames: 24
min_past_frames: 10
min_future_frames: 24
k_preds: 24
traj_mean: [14, 7.5]
traj_scale: 5
relative: False
normalised: False
pretrained_core_denoising_model: ./results/checkpoints/base_diffusion_model.p
debug: False
diffusion: {'steps': 150, 'beta_start': 0.0001, 'beta_end': 0.05, 'beta_schedule': 'linear'}
lr: 0.001
train_batch_size: 32
test_batch_size: 32
num_epochs: 80
test_interval: 1
lr_scheduler: step
decay_step: 8
decay_gamma: 0.5

[INFO] KITTI dataset (1 agent).
Overlapping: True
Overlapping: True
[INFO] Now using random trajectory shuffling.

Train dataset:
Length: 18270
Total x and y distances travelled: 12.79625, 13.54795
Euclidean dist diff avg: 22.00883

Test dataset:
Length: 2284
Total x and y distances travelled: 12.45368, 13.40706
Euclidean dist diff avg: 21.62411

[INFO] Kitti dataset - skip subtracting mean from absolute positions.
[INFO] Training from scratch - without pretrained models (Not NBA with frame standard configs)

[Core Denoising Model] Trainable/Total: 6568720/6568720
[Initialization Model] Trainable/Total: 4996553/4996553
[2025-03-02 15:50:15] Epoch: 0		Loss: 1198505.440381	Loss Translation.: 22.756043	Loss Uncertainty: 1198482.661979
--ADE (5 time steps): 0.5988	--FDE (5 time steps): 0.6095
--ADE (10 time steps): 0.8826	--FDE (10 time steps): 1.0519
--ADE (15 time steps): 1.1701	--FDE (15 time steps): 1.5881
--ADE (20 time steps): 1.4836	--FDE (20 time steps): 2.0003
[INFO] Checkpoint saved to ./results/5_1_Overfitting_VisCheck/5_1_Overfitting_VisCheck/models/checkpoint_epoch_1.pth
[2025-03-02 15:52:21] Epoch: 1		Loss: 13.173114	Loss Translation.: 11.789494	Loss Uncertainty: 1.383620
--ADE (5 time steps): 0.4016	--FDE (5 time steps): 0.4149
--ADE (10 time steps): 0.5756	--FDE (10 time steps): 0.6965
--ADE (15 time steps): 0.7817	--FDE (15 time steps): 1.1533
--ADE (20 time steps): 1.0124	--FDE (20 time steps): 1.6614
[INFO] Checkpoint saved to ./results/5_1_Overfitting_VisCheck/5_1_Overfitting_VisCheck/models/checkpoint_epoch_2.pth
[2025-03-02 15:54:27] Epoch: 2		Loss: 11.095980	Loss Translation.: 9.953128	Loss Uncertainty: 1.142853
--ADE (5 time steps): 0.4031	--FDE (5 time steps): 0.3834
--ADE (10 time steps): 0.5450	--FDE (10 time steps): 0.6596
--ADE (15 time steps): 0.7336	--FDE (15 time steps): 0.9875
--ADE (20 time steps): 0.9548	--FDE (20 time steps): 1.3882
[INFO] Checkpoint saved to ./results/5_1_Overfitting_VisCheck/5_1_Overfitting_VisCheck/models/checkpoint_epoch_3.pth
[2025-03-02 15:56:33] Epoch: 3		Loss: 10.441215	Loss Translation.: 9.438091	Loss Uncertainty: 1.003124
--ADE (5 time steps): 0.3273	--FDE (5 time steps): 0.3074
--ADE (10 time steps): 0.4633	--FDE (10 time steps): 0.6126
--ADE (15 time steps): 0.6360	--FDE (15 time steps): 0.9690
--ADE (20 time steps): 0.8421	--FDE (20 time steps): 1.3576
[INFO] Checkpoint saved to ./results/5_1_Overfitting_VisCheck/5_1_Overfitting_VisCheck/models/checkpoint_epoch_4.pth
[2025-03-02 15:58:39] Epoch: 4		Loss: 9.550901	Loss Translation.: 8.662218	Loss Uncertainty: 0.888683
--ADE (5 time steps): 0.3122	--FDE (5 time steps): 0.2928
--ADE (10 time steps): 0.4653	--FDE (10 time steps): 0.6400
--ADE (15 time steps): 0.6487	--FDE (15 time steps): 1.0479
--ADE (20 time steps): 0.8567	--FDE (20 time steps): 1.5305
[INFO] Checkpoint saved to ./results/5_1_Overfitting_VisCheck/5_1_Overfitting_VisCheck/models/checkpoint_epoch_5.pth
[2025-03-02 16:00:45] Epoch: 5		Loss: 9.078407	Loss Translation.: 8.233307	Loss Uncertainty: 0.845100
--ADE (5 time steps): 0.3245	--FDE (5 time steps): 0.3201
--ADE (10 time steps): 0.4378	--FDE (10 time steps): 0.5864
--ADE (15 time steps): 0.6008	--FDE (15 time steps): 0.9455
--ADE (20 time steps): 0.8034	--FDE (20 time steps): 1.4666
[INFO] Checkpoint saved to ./results/5_1_Overfitting_VisCheck/5_1_Overfitting_VisCheck/models/checkpoint_epoch_6.pth
[2025-03-02 16:02:50] Epoch: 6		Loss: 8.491545	Loss Translation.: 7.702713	Loss Uncertainty: 0.788831
--ADE (5 time steps): 0.3324	--FDE (5 time steps): 0.3557
--ADE (10 time steps): 0.4678	--FDE (10 time steps): 0.6083
--ADE (15 time steps): 0.6339	--FDE (15 time steps): 0.9777
--ADE (20 time steps): 0.8237	--FDE (20 time steps): 1.3841
[INFO] Checkpoint saved to ./results/5_1_Overfitting_VisCheck/5_1_Overfitting_VisCheck/models/checkpoint_epoch_7.pth
[2025-03-02 16:04:56] Epoch: 7		Loss: 8.169479	Loss Translation.: 7.399203	Loss Uncertainty: 0.770276
--ADE (5 time steps): 0.2612	--FDE (5 time steps): 0.2091
--ADE (10 time steps): 0.3491	--FDE (10 time steps): 0.4138
--ADE (15 time steps): 0.4883	--FDE (15 time steps): 0.7559
--ADE (20 time steps): 0.6602	--FDE (20 time steps): 1.1404
[INFO] Checkpoint saved to ./results/5_1_Overfitting_VisCheck/5_1_Overfitting_VisCheck/models/checkpoint_epoch_8.pth
[2025-03-02 16:07:02] Epoch: 8		Loss: 5.931651	Loss Translation.: 5.323783	Loss Uncertainty: 0.607868
--ADE (5 time steps): 0.1689	--FDE (5 time steps): 0.1885
--ADE (10 time steps): 0.2691	--FDE (10 time steps): 0.4036
--ADE (15 time steps): 0.3976	--FDE (15 time steps): 0.6984
--ADE (20 time steps): 0.5522	--FDE (20 time steps): 1.0675
[INFO] Checkpoint saved to ./results/5_1_Overfitting_VisCheck/5_1_Overfitting_VisCheck/models/checkpoint_epoch_9.pth
[2025-03-02 16:09:08] Epoch: 9		Loss: 5.682753	Loss Translation.: 5.098484	Loss Uncertainty: 0.584269
--ADE (5 time steps): 0.1685	--FDE (5 time steps): 0.1711
--ADE (10 time steps): 0.2559	--FDE (10 time steps): 0.3353
--ADE (15 time steps): 0.3712	--FDE (15 time steps): 0.5989
--ADE (20 time steps): 0.5024	--FDE (20 time steps): 0.9098
[INFO] Checkpoint saved to ./results/5_1_Overfitting_VisCheck/5_1_Overfitting_VisCheck/models/checkpoint_epoch_10.pth
[2025-03-02 16:11:14] Epoch: 10		Loss: 5.469050	Loss Translation.: 4.910763	Loss Uncertainty: 0.558287
--ADE (5 time steps): 0.1516	--FDE (5 time steps): 0.1624
--ADE (10 time steps): 0.2385	--FDE (10 time steps): 0.3704
--ADE (15 time steps): 0.3550	--FDE (15 time steps): 0.6290
--ADE (20 time steps): 0.4954	--FDE (20 time steps): 0.9388
[INFO] Checkpoint saved to ./results/5_1_Overfitting_VisCheck/5_1_Overfitting_VisCheck/models/checkpoint_epoch_11.pth
[2025-03-02 16:13:19] Epoch: 11		Loss: 5.272358	Loss Translation.: 4.744098	Loss Uncertainty: 0.528260
--ADE (5 time steps): 0.1765	--FDE (5 time steps): 0.1759
--ADE (10 time steps): 0.2579	--FDE (10 time steps): 0.3651
--ADE (15 time steps): 0.3705	--FDE (15 time steps): 0.6271
--ADE (20 time steps): 0.5096	--FDE (20 time steps): 0.9436
[INFO] Checkpoint saved to ./results/5_1_Overfitting_VisCheck/5_1_Overfitting_VisCheck/models/checkpoint_epoch_12.pth
[2025-03-02 16:15:25] Epoch: 12		Loss: 5.244663	Loss Translation.: 4.723566	Loss Uncertainty: 0.521097
--ADE (5 time steps): 0.1484	--FDE (5 time steps): 0.1480
--ADE (10 time steps): 0.2274	--FDE (10 time steps): 0.3355
--ADE (15 time steps): 0.3432	--FDE (15 time steps): 0.6072
--ADE (20 time steps): 0.4760	--FDE (20 time steps): 0.8957
[INFO] Checkpoint saved to ./results/5_1_Overfitting_VisCheck/5_1_Overfitting_VisCheck/models/checkpoint_epoch_13.pth
[2025-03-02 16:17:31] Epoch: 13		Loss: 5.118062	Loss Translation.: 4.613074	Loss Uncertainty: 0.504989
--ADE (5 time steps): 0.1303	--FDE (5 time steps): 0.1360
--ADE (10 time steps): 0.2152	--FDE (10 time steps): 0.3238
--ADE (15 time steps): 0.3186	--FDE (15 time steps): 0.5534
--ADE (20 time steps): 0.4390	--FDE (20 time steps): 0.8322
[INFO] Checkpoint saved to ./results/5_1_Overfitting_VisCheck/5_1_Overfitting_VisCheck/models/checkpoint_epoch_14.pth
[2025-03-02 16:19:37] Epoch: 14		Loss: 5.022809	Loss Translation.: 4.531784	Loss Uncertainty: 0.491025
--ADE (5 time steps): 0.1672	--FDE (5 time steps): 0.1677
--ADE (10 time steps): 0.2547	--FDE (10 time steps): 0.3825
--ADE (15 time steps): 0.3714	--FDE (15 time steps): 0.6642
--ADE (20 time steps): 0.5109	--FDE (20 time steps): 0.9752
[INFO] Checkpoint saved to ./results/5_1_Overfitting_VisCheck/5_1_Overfitting_VisCheck/models/checkpoint_epoch_15.pth
[2025-03-02 16:21:43] Epoch: 15		Loss: 4.864429	Loss Translation.: 4.382443	Loss Uncertainty: 0.481986
--ADE (5 time steps): 0.1483	--FDE (5 time steps): 0.1331
--ADE (10 time steps): 0.2194	--FDE (10 time steps): 0.3115
--ADE (15 time steps): 0.3145	--FDE (15 time steps): 0.5365
--ADE (20 time steps): 0.4282	--FDE (20 time steps): 0.7952
[INFO] Checkpoint saved to ./results/5_1_Overfitting_VisCheck/5_1_Overfitting_VisCheck/models/checkpoint_epoch_16.pth
[2025-03-02 16:23:49] Epoch: 16		Loss: 3.944268	Loss Translation.: 3.549169	Loss Uncertainty: 0.395098
--ADE (5 time steps): 0.1171	--FDE (5 time steps): 0.1375
--ADE (10 time steps): 0.1846	--FDE (10 time steps): 0.2879
--ADE (15 time steps): 0.2732	--FDE (15 time steps): 0.4804
--ADE (20 time steps): 0.3798	--FDE (20 time steps): 0.7352
[INFO] Checkpoint saved to ./results/5_1_Overfitting_VisCheck/5_1_Overfitting_VisCheck/models/checkpoint_epoch_17.pth
[2025-03-02 16:25:55] Epoch: 17		Loss: 3.786138	Loss Translation.: 3.412038	Loss Uncertainty: 0.374101
--ADE (5 time steps): 0.1056	--FDE (5 time steps): 0.1187
--ADE (10 time steps): 0.1711	--FDE (10 time steps): 0.2668
--ADE (15 time steps): 0.2569	--FDE (15 time steps): 0.4599
--ADE (20 time steps): 0.3626	--FDE (20 time steps): 0.6999
[INFO] Checkpoint saved to ./results/5_1_Overfitting_VisCheck/5_1_Overfitting_VisCheck/models/checkpoint_epoch_18.pth
[2025-03-02 16:28:01] Epoch: 18		Loss: 3.759252	Loss Translation.: 3.396858	Loss Uncertainty: 0.362394
--ADE (5 time steps): 0.0978	--FDE (5 time steps): 0.1096
--ADE (10 time steps): 0.1571	--FDE (10 time steps): 0.2467
--ADE (15 time steps): 0.2372	--FDE (15 time steps): 0.4377
--ADE (20 time steps): 0.3405	--FDE (20 time steps): 0.6814
[INFO] Checkpoint saved to ./results/5_1_Overfitting_VisCheck/5_1_Overfitting_VisCheck/models/checkpoint_epoch_19.pth
[2025-03-02 16:30:07] Epoch: 19		Loss: 3.565243	Loss Translation.: 3.223307	Loss Uncertainty: 0.341936
--ADE (5 time steps): 0.1135	--FDE (5 time steps): 0.1222
--ADE (10 time steps): 0.1771	--FDE (10 time steps): 0.2660
--ADE (15 time steps): 0.2602	--FDE (15 time steps): 0.4652
--ADE (20 time steps): 0.3618	--FDE (20 time steps): 0.6983
[INFO] Checkpoint saved to ./results/5_1_Overfitting_VisCheck/5_1_Overfitting_VisCheck/models/checkpoint_epoch_20.pth
[2025-03-02 16:32:12] Epoch: 20		Loss: 3.525286	Loss Translation.: 3.188381	Loss Uncertainty: 0.336905
--ADE (5 time steps): 0.0893	--FDE (5 time steps): 0.0965
--ADE (10 time steps): 0.1455	--FDE (10 time steps): 0.2317
--ADE (15 time steps): 0.2214	--FDE (15 time steps): 0.4054
--ADE (20 time steps): 0.3160	--FDE (20 time steps): 0.6325
[INFO] Checkpoint saved to ./results/5_1_Overfitting_VisCheck/5_1_Overfitting_VisCheck/models/checkpoint_epoch_21.pth
[2025-03-02 16:34:18] Epoch: 21		Loss: 3.512266	Loss Translation.: 3.180654	Loss Uncertainty: 0.331612
--ADE (5 time steps): 0.0982	--FDE (5 time steps): 0.1024
--ADE (10 time steps): 0.1546	--FDE (10 time steps): 0.2320
--ADE (15 time steps): 0.2311	--FDE (15 time steps): 0.4102
--ADE (20 time steps): 0.3233	--FDE (20 time steps): 0.6199
[INFO] Checkpoint saved to ./results/5_1_Overfitting_VisCheck/5_1_Overfitting_VisCheck/models/checkpoint_epoch_22.pth
[2025-03-02 16:36:24] Epoch: 22		Loss: 3.370241	Loss Translation.: 3.051919	Loss Uncertainty: 0.318322
--ADE (5 time steps): 0.0893	--FDE (5 time steps): 0.0976
--ADE (10 time steps): 0.1449	--FDE (10 time steps): 0.2272
--ADE (15 time steps): 0.2185	--FDE (15 time steps): 0.4001
--ADE (20 time steps): 0.3108	--FDE (20 time steps): 0.6199
[INFO] Checkpoint saved to ./results/5_1_Overfitting_VisCheck/5_1_Overfitting_VisCheck/models/checkpoint_epoch_23.pth
[2025-03-02 16:38:30] Epoch: 23		Loss: 3.363773	Loss Translation.: 3.052072	Loss Uncertainty: 0.311701
--ADE (5 time steps): 0.0946	--FDE (5 time steps): 0.1021
--ADE (10 time steps): 0.1532	--FDE (10 time steps): 0.2348
--ADE (15 time steps): 0.2292	--FDE (15 time steps): 0.4019
--ADE (20 time steps): 0.3209	--FDE (20 time steps): 0.6119
[INFO] Checkpoint saved to ./results/5_1_Overfitting_VisCheck/5_1_Overfitting_VisCheck/models/checkpoint_epoch_24.pth
[2025-03-02 16:40:36] Epoch: 24		Loss: 2.887823	Loss Translation.: 2.620053	Loss Uncertainty: 0.267770
--ADE (5 time steps): 0.0763	--FDE (5 time steps): 0.0876
--ADE (10 time steps): 0.1256	--FDE (10 time steps): 0.2010
--ADE (15 time steps): 0.1933	--FDE (15 time steps): 0.3516
--ADE (20 time steps): 0.2751	--FDE (20 time steps): 0.5399
[INFO] Checkpoint saved to ./results/5_1_Overfitting_VisCheck/5_1_Overfitting_VisCheck/models/checkpoint_epoch_25.pth
[2025-03-02 16:42:41] Epoch: 25		Loss: 2.740336	Loss Translation.: 2.490918	Loss Uncertainty: 0.249418
--ADE (5 time steps): 0.0732	--FDE (5 time steps): 0.0849
--ADE (10 time steps): 0.1221	--FDE (10 time steps): 0.1957
--ADE (15 time steps): 0.1888	--FDE (15 time steps): 0.3468
--ADE (20 time steps): 0.2694	--FDE (20 time steps): 0.5291
[INFO] Checkpoint saved to ./results/5_1_Overfitting_VisCheck/5_1_Overfitting_VisCheck/models/checkpoint_epoch_26.pth
[2025-03-02 16:44:47] Epoch: 26		Loss: 2.680760	Loss Translation.: 2.439006	Loss Uncertainty: 0.241754
--ADE (5 time steps): 0.0896	--FDE (5 time steps): 0.0948
--ADE (10 time steps): 0.1330	--FDE (10 time steps): 0.1964
--ADE (15 time steps): 0.1953	--FDE (15 time steps): 0.3404
--ADE (20 time steps): 0.2731	--FDE (20 time steps): 0.5183
[INFO] Checkpoint saved to ./results/5_1_Overfitting_VisCheck/5_1_Overfitting_VisCheck/models/checkpoint_epoch_27.pth
[2025-03-02 16:46:53] Epoch: 27		Loss: 2.638429	Loss Translation.: 2.404607	Loss Uncertainty: 0.233822
--ADE (5 time steps): 0.0711	--FDE (5 time steps): 0.0802
--ADE (10 time steps): 0.1163	--FDE (10 time steps): 0.1830
--ADE (15 time steps): 0.1777	--FDE (15 time steps): 0.3205
--ADE (20 time steps): 0.2535	--FDE (20 time steps): 0.5015
[INFO] Checkpoint saved to ./results/5_1_Overfitting_VisCheck/5_1_Overfitting_VisCheck/models/checkpoint_epoch_28.pth
[2025-03-02 16:48:59] Epoch: 28		Loss: 2.598993	Loss Translation.: 2.370772	Loss Uncertainty: 0.228221
--ADE (5 time steps): 0.0763	--FDE (5 time steps): 0.0848
--ADE (10 time steps): 0.1241	--FDE (10 time steps): 0.1962
--ADE (15 time steps): 0.1886	--FDE (15 time steps): 0.3346
--ADE (20 time steps): 0.2669	--FDE (20 time steps): 0.5149
[INFO] Checkpoint saved to ./results/5_1_Overfitting_VisCheck/5_1_Overfitting_VisCheck/models/checkpoint_epoch_29.pth
[2025-03-02 16:51:05] Epoch: 29		Loss: 2.552559	Loss Translation.: 2.330193	Loss Uncertainty: 0.222367
--ADE (5 time steps): 0.0804	--FDE (5 time steps): 0.0830
--ADE (10 time steps): 0.1235	--FDE (10 time steps): 0.1811
--ADE (15 time steps): 0.1819	--FDE (15 time steps): 0.3122
--ADE (20 time steps): 0.2529	--FDE (20 time steps): 0.4804
[INFO] Checkpoint saved to ./results/5_1_Overfitting_VisCheck/5_1_Overfitting_VisCheck/models/checkpoint_epoch_30.pth
[2025-03-02 16:53:11] Epoch: 30		Loss: 2.484912	Loss Translation.: 2.269749	Loss Uncertainty: 0.215163
--ADE (5 time steps): 0.0755	--FDE (5 time steps): 0.0817
--ADE (10 time steps): 0.1191	--FDE (10 time steps): 0.1811
--ADE (15 time steps): 0.1782	--FDE (15 time steps): 0.3114
--ADE (20 time steps): 0.2498	--FDE (20 time steps): 0.4749
[INFO] Checkpoint saved to ./results/5_1_Overfitting_VisCheck/5_1_Overfitting_VisCheck/models/checkpoint_epoch_31.pth
[2025-03-02 16:55:17] Epoch: 31		Loss: 2.458495	Loss Translation.: 2.249279	Loss Uncertainty: 0.209217
--ADE (5 time steps): 0.0750	--FDE (5 time steps): 0.0790
--ADE (10 time steps): 0.1178	--FDE (10 time steps): 0.1777
--ADE (15 time steps): 0.1760	--FDE (15 time steps): 0.3124
--ADE (20 time steps): 0.2492	--FDE (20 time steps): 0.4833
[INFO] Checkpoint saved to ./results/5_1_Overfitting_VisCheck/5_1_Overfitting_VisCheck/models/checkpoint_epoch_32.pth
[2025-03-02 16:57:23] Epoch: 32		Loss: 2.218746	Loss Translation.: 2.028731	Loss Uncertainty: 0.190015
--ADE (5 time steps): 0.0661	--FDE (5 time steps): 0.0741
--ADE (10 time steps): 0.1049	--FDE (10 time steps): 0.1642
--ADE (15 time steps): 0.1589	--FDE (15 time steps): 0.2874
--ADE (20 time steps): 0.2267	--FDE (20 time steps): 0.4439
[INFO] Checkpoint saved to ./results/5_1_Overfitting_VisCheck/5_1_Overfitting_VisCheck/models/checkpoint_epoch_33.pth
[2025-03-02 16:59:29] Epoch: 33		Loss: 2.169551	Loss Translation.: 1.986274	Loss Uncertainty: 0.183277
--ADE (5 time steps): 0.0641	--FDE (5 time steps): 0.0728
--ADE (10 time steps): 0.1040	--FDE (10 time steps): 0.1677
--ADE (15 time steps): 0.1610	--FDE (15 time steps): 0.2930
--ADE (20 time steps): 0.2300	--FDE (20 time steps): 0.4517
[INFO] Checkpoint saved to ./results/5_1_Overfitting_VisCheck/5_1_Overfitting_VisCheck/models/checkpoint_epoch_34.pth
[2025-03-02 17:01:35] Epoch: 34		Loss: 2.134197	Loss Translation.: 1.953268	Loss Uncertainty: 0.180929
--ADE (5 time steps): 0.0640	--FDE (5 time steps): 0.0733
--ADE (10 time steps): 0.1031	--FDE (10 time steps): 0.1616
--ADE (15 time steps): 0.1554	--FDE (15 time steps): 0.2803
--ADE (20 time steps): 0.2219	--FDE (20 time steps): 0.4416
[INFO] Checkpoint saved to ./results/5_1_Overfitting_VisCheck/5_1_Overfitting_VisCheck/models/checkpoint_epoch_35.pth
[2025-03-02 17:03:41] Epoch: 35		Loss: 2.117104	Loss Translation.: 1.939395	Loss Uncertainty: 0.177709
--ADE (5 time steps): 0.0621	--FDE (5 time steps): 0.0717
--ADE (10 time steps): 0.1028	--FDE (10 time steps): 0.1651
--ADE (15 time steps): 0.1575	--FDE (15 time steps): 0.2874
--ADE (20 time steps): 0.2243	--FDE (20 time steps): 0.4434
[INFO] Checkpoint saved to ./results/5_1_Overfitting_VisCheck/5_1_Overfitting_VisCheck/models/checkpoint_epoch_36.pth
[2025-03-02 17:05:46] Epoch: 36		Loss: 2.085512	Loss Translation.: 1.911167	Loss Uncertainty: 0.174346
--ADE (5 time steps): 0.0615	--FDE (5 time steps): 0.0688
--ADE (10 time steps): 0.1006	--FDE (10 time steps): 0.1611
--ADE (15 time steps): 0.1548	--FDE (15 time steps): 0.2803
--ADE (20 time steps): 0.2202	--FDE (20 time steps): 0.4318
[INFO] Checkpoint saved to ./results/5_1_Overfitting_VisCheck/5_1_Overfitting_VisCheck/models/checkpoint_epoch_37.pth
[2025-03-02 17:07:52] Epoch: 37		Loss: 2.072914	Loss Translation.: 1.901404	Loss Uncertainty: 0.171509
--ADE (5 time steps): 0.0587	--FDE (5 time steps): 0.0666
--ADE (10 time steps): 0.0961	--FDE (10 time steps): 0.1520
--ADE (15 time steps): 0.1471	--FDE (15 time steps): 0.2689
--ADE (20 time steps): 0.2113	--FDE (20 time steps): 0.4209
[INFO] Checkpoint saved to ./results/5_1_Overfitting_VisCheck/5_1_Overfitting_VisCheck/models/checkpoint_epoch_38.pth
[2025-03-02 17:09:58] Epoch: 38		Loss: 2.041830	Loss Translation.: 1.872940	Loss Uncertainty: 0.168890
--ADE (5 time steps): 0.0612	--FDE (5 time steps): 0.0678
--ADE (10 time steps): 0.0982	--FDE (10 time steps): 0.1524
--ADE (15 time steps): 0.1484	--FDE (15 time steps): 0.2693
--ADE (20 time steps): 0.2122	--FDE (20 time steps): 0.4214
[INFO] Checkpoint saved to ./results/5_1_Overfitting_VisCheck/5_1_Overfitting_VisCheck/models/checkpoint_epoch_39.pth
[2025-03-02 17:12:04] Epoch: 39		Loss: 2.022037	Loss Translation.: 1.856623	Loss Uncertainty: 0.165414
--ADE (5 time steps): 0.0626	--FDE (5 time steps): 0.0700
--ADE (10 time steps): 0.1012	--FDE (10 time steps): 0.1587
--ADE (15 time steps): 0.1526	--FDE (15 time steps): 0.2732
--ADE (20 time steps): 0.2158	--FDE (20 time steps): 0.4239
[INFO] Checkpoint saved to ./results/5_1_Overfitting_VisCheck/5_1_Overfitting_VisCheck/models/checkpoint_epoch_40.pth
[2025-03-02 17:14:10] Epoch: 40		Loss: 1.889256	Loss Translation.: 1.733147	Loss Uncertainty: 0.156109
--ADE (5 time steps): 0.0592	--FDE (5 time steps): 0.0670
--ADE (10 time steps): 0.0948	--FDE (10 time steps): 0.1481
--ADE (15 time steps): 0.1443	--FDE (15 time steps): 0.2586
--ADE (20 time steps): 0.2054	--FDE (20 time steps): 0.4017
[INFO] Checkpoint saved to ./results/5_1_Overfitting_VisCheck/5_1_Overfitting_VisCheck/models/checkpoint_epoch_41.pth
[2025-03-02 17:16:16] Epoch: 41		Loss: 1.864737	Loss Translation.: 1.710261	Loss Uncertainty: 0.154475
--ADE (5 time steps): 0.0579	--FDE (5 time steps): 0.0662
--ADE (10 time steps): 0.0935	--FDE (10 time steps): 0.1473
--ADE (15 time steps): 0.1426	--FDE (15 time steps): 0.2586
--ADE (20 time steps): 0.2043	--FDE (20 time steps): 0.4043
[INFO] Checkpoint saved to ./results/5_1_Overfitting_VisCheck/5_1_Overfitting_VisCheck/models/checkpoint_epoch_42.pth
[2025-03-02 17:18:22] Epoch: 42		Loss: 1.848143	Loss Translation.: 1.695308	Loss Uncertainty: 0.152835
--ADE (5 time steps): 0.0574	--FDE (5 time steps): 0.0656
--ADE (10 time steps): 0.0928	--FDE (10 time steps): 0.1459
--ADE (15 time steps): 0.1413	--FDE (15 time steps): 0.2567
--ADE (20 time steps): 0.2022	--FDE (20 time steps): 0.4003
[INFO] Checkpoint saved to ./results/5_1_Overfitting_VisCheck/5_1_Overfitting_VisCheck/models/checkpoint_epoch_43.pth
[2025-03-02 17:20:28] Epoch: 43		Loss: 1.826892	Loss Translation.: 1.676167	Loss Uncertainty: 0.150726
--ADE (5 time steps): 0.0569	--FDE (5 time steps): 0.0651
--ADE (10 time steps): 0.0925	--FDE (10 time steps): 0.1453
--ADE (15 time steps): 0.1408	--FDE (15 time steps): 0.2536
--ADE (20 time steps): 0.2007	--FDE (20 time steps): 0.3918
[INFO] Checkpoint saved to ./results/5_1_Overfitting_VisCheck/5_1_Overfitting_VisCheck/models/checkpoint_epoch_44.pth
[2025-03-02 17:22:34] Epoch: 44		Loss: 1.814863	Loss Translation.: 1.664957	Loss Uncertainty: 0.149906
--ADE (5 time steps): 0.0577	--FDE (5 time steps): 0.0659
--ADE (10 time steps): 0.0933	--FDE (10 time steps): 0.1457
--ADE (15 time steps): 0.1417	--FDE (15 time steps): 0.2547
--ADE (20 time steps): 0.2019	--FDE (20 time steps): 0.3966
[INFO] Checkpoint saved to ./results/5_1_Overfitting_VisCheck/5_1_Overfitting_VisCheck/models/checkpoint_epoch_45.pth
[2025-03-02 17:24:40] Epoch: 45		Loss: 1.802233	Loss Translation.: 1.653826	Loss Uncertainty: 0.148407
--ADE (5 time steps): 0.0563	--FDE (5 time steps): 0.0650
--ADE (10 time steps): 0.0919	--FDE (10 time steps): 0.1446
--ADE (15 time steps): 0.1394	--FDE (15 time steps): 0.2513
--ADE (20 time steps): 0.1985	--FDE (20 time steps): 0.3921
[INFO] Checkpoint saved to ./results/5_1_Overfitting_VisCheck/5_1_Overfitting_VisCheck/models/checkpoint_epoch_46.pth
[2025-03-02 17:26:46] Epoch: 46		Loss: 1.786336	Loss Translation.: 1.639251	Loss Uncertainty: 0.147085
--ADE (5 time steps): 0.0553	--FDE (5 time steps): 0.0633
--ADE (10 time steps): 0.0907	--FDE (10 time steps): 0.1432
--ADE (15 time steps): 0.1380	--FDE (15 time steps): 0.2496
--ADE (20 time steps): 0.1970	--FDE (20 time steps): 0.3892
[INFO] Checkpoint saved to ./results/5_1_Overfitting_VisCheck/5_1_Overfitting_VisCheck/models/checkpoint_epoch_47.pth
[2025-03-02 17:28:52] Epoch: 47		Loss: 1.783235	Loss Translation.: 1.637216	Loss Uncertainty: 0.146020
--ADE (5 time steps): 0.0560	--FDE (5 time steps): 0.0639
--ADE (10 time steps): 0.0912	--FDE (10 time steps): 0.1421
--ADE (15 time steps): 0.1383	--FDE (15 time steps): 0.2481
--ADE (20 time steps): 0.1971	--FDE (20 time steps): 0.3857
[INFO] Checkpoint saved to ./results/5_1_Overfitting_VisCheck/5_1_Overfitting_VisCheck/models/checkpoint_epoch_48.pth
[2025-03-02 17:30:58] Epoch: 48		Loss: 1.729721	Loss Translation.: 1.587181	Loss Uncertainty: 0.142540
--ADE (5 time steps): 0.0548	--FDE (5 time steps): 0.0625
--ADE (10 time steps): 0.0890	--FDE (10 time steps): 0.1394
--ADE (15 time steps): 0.1350	--FDE (15 time steps): 0.2434
--ADE (20 time steps): 0.1928	--FDE (20 time steps): 0.3805
[INFO] Checkpoint saved to ./results/5_1_Overfitting_VisCheck/5_1_Overfitting_VisCheck/models/checkpoint_epoch_49.pth
[2025-03-02 17:33:04] Epoch: 49		Loss: 1.715758	Loss Translation.: 1.574246	Loss Uncertainty: 0.141512
--ADE (5 time steps): 0.0540	--FDE (5 time steps): 0.0615
--ADE (10 time steps): 0.0881	--FDE (10 time steps): 0.1379
--ADE (15 time steps): 0.1339	--FDE (15 time steps): 0.2438
--ADE (20 time steps): 0.1921	--FDE (20 time steps): 0.3791
[INFO] Checkpoint saved to ./results/5_1_Overfitting_VisCheck/5_1_Overfitting_VisCheck/models/checkpoint_epoch_50.pth
[2025-03-02 17:35:10] Epoch: 50		Loss: 1.703879	Loss Translation.: 1.563272	Loss Uncertainty: 0.140607
--ADE (5 time steps): 0.0542	--FDE (5 time steps): 0.0616
--ADE (10 time steps): 0.0882	--FDE (10 time steps): 0.1383
--ADE (15 time steps): 0.1342	--FDE (15 time steps): 0.2434
--ADE (20 time steps): 0.1920	--FDE (20 time steps): 0.3790
[INFO] Checkpoint saved to ./results/5_1_Overfitting_VisCheck/5_1_Overfitting_VisCheck/models/checkpoint_epoch_51.pth
[2025-03-02 17:37:16] Epoch: 51		Loss: 1.691281	Loss Translation.: 1.551351	Loss Uncertainty: 0.139930
--ADE (5 time steps): 0.0540	--FDE (5 time steps): 0.0614
--ADE (10 time steps): 0.0880	--FDE (10 time steps): 0.1384
--ADE (15 time steps): 0.1340	--FDE (15 time steps): 0.2424
--ADE (20 time steps): 0.1917	--FDE (20 time steps): 0.3773
[INFO] Checkpoint saved to ./results/5_1_Overfitting_VisCheck/5_1_Overfitting_VisCheck/models/checkpoint_epoch_52.pth
[2025-03-02 17:39:22] Epoch: 52		Loss: 1.688068	Loss Translation.: 1.548452	Loss Uncertainty: 0.139615
--ADE (5 time steps): 0.0544	--FDE (5 time steps): 0.0616
--ADE (10 time steps): 0.0882	--FDE (10 time steps): 0.1383
--ADE (15 time steps): 0.1342	--FDE (15 time steps): 0.2419
--ADE (20 time steps): 0.1915	--FDE (20 time steps): 0.3770
[INFO] Checkpoint saved to ./results/5_1_Overfitting_VisCheck/5_1_Overfitting_VisCheck/models/checkpoint_epoch_53.pth
[2025-03-02 17:41:28] Epoch: 53		Loss: 1.682041	Loss Translation.: 1.543511	Loss Uncertainty: 0.138529
--ADE (5 time steps): 0.0538	--FDE (5 time steps): 0.0611
--ADE (10 time steps): 0.0877	--FDE (10 time steps): 0.1380
--ADE (15 time steps): 0.1335	--FDE (15 time steps): 0.2418
--ADE (20 time steps): 0.1908	--FDE (20 time steps): 0.3764
[INFO] Checkpoint saved to ./results/5_1_Overfitting_VisCheck/5_1_Overfitting_VisCheck/models/checkpoint_epoch_54.pth
[2025-03-02 17:43:34] Epoch: 54		Loss: 1.672793	Loss Translation.: 1.535265	Loss Uncertainty: 0.137528
--ADE (5 time steps): 0.0538	--FDE (5 time steps): 0.0614
--ADE (10 time steps): 0.0876	--FDE (10 time steps): 0.1381
--ADE (15 time steps): 0.1334	--FDE (15 time steps): 0.2413
--ADE (20 time steps): 0.1906	--FDE (20 time steps): 0.3754
[INFO] Checkpoint saved to ./results/5_1_Overfitting_VisCheck/5_1_Overfitting_VisCheck/models/checkpoint_epoch_55.pth
[2025-03-02 17:45:40] Epoch: 55		Loss: 1.666426	Loss Translation.: 1.529348	Loss Uncertainty: 0.137077
--ADE (5 time steps): 0.0538	--FDE (5 time steps): 0.0614
--ADE (10 time steps): 0.0876	--FDE (10 time steps): 0.1381
--ADE (15 time steps): 0.1335	--FDE (15 time steps): 0.2411
--ADE (20 time steps): 0.1905	--FDE (20 time steps): 0.3751
[INFO] Checkpoint saved to ./results/5_1_Overfitting_VisCheck/5_1_Overfitting_VisCheck/models/checkpoint_epoch_56.pth
[2025-03-02 17:47:46] Epoch: 56		Loss: 1.642357	Loss Translation.: 1.506471	Loss Uncertainty: 0.135886
--ADE (5 time steps): 0.0529	--FDE (5 time steps): 0.0605
--ADE (10 time steps): 0.0862	--FDE (10 time steps): 0.1363
--ADE (15 time steps): 0.1314	--FDE (15 time steps): 0.2386
--ADE (20 time steps): 0.1881	--FDE (20 time steps): 0.3737
[INFO] Checkpoint saved to ./results/5_1_Overfitting_VisCheck/5_1_Overfitting_VisCheck/models/checkpoint_epoch_57.pth
[2025-03-02 17:49:51] Epoch: 57		Loss: 1.634142	Loss Translation.: 1.498859	Loss Uncertainty: 0.135283
--ADE (5 time steps): 0.0529	--FDE (5 time steps): 0.0606
--ADE (10 time steps): 0.0862	--FDE (10 time steps): 0.1363
--ADE (15 time steps): 0.1315	--FDE (15 time steps): 0.2385
--ADE (20 time steps): 0.1880	--FDE (20 time steps): 0.3734
[INFO] Checkpoint saved to ./results/5_1_Overfitting_VisCheck/5_1_Overfitting_VisCheck/models/checkpoint_epoch_58.pth
[2025-03-02 17:51:57] Epoch: 58		Loss: 1.629868	Loss Translation.: 1.495033	Loss Uncertainty: 0.134835
--ADE (5 time steps): 0.0526	--FDE (5 time steps): 0.0602
--ADE (10 time steps): 0.0859	--FDE (10 time steps): 0.1360
--ADE (15 time steps): 0.1310	--FDE (15 time steps): 0.2374
--ADE (20 time steps): 0.1873	--FDE (20 time steps): 0.3720
[INFO] Checkpoint saved to ./results/5_1_Overfitting_VisCheck/5_1_Overfitting_VisCheck/models/checkpoint_epoch_59.pth
[2025-03-02 17:54:03] Epoch: 59		Loss: 1.624959	Loss Translation.: 1.490569	Loss Uncertainty: 0.134390
--ADE (5 time steps): 0.0527	--FDE (5 time steps): 0.0604
--ADE (10 time steps): 0.0860	--FDE (10 time steps): 0.1358
--ADE (15 time steps): 0.1310	--FDE (15 time steps): 0.2375
--ADE (20 time steps): 0.1872	--FDE (20 time steps): 0.3717
[INFO] Checkpoint saved to ./results/5_1_Overfitting_VisCheck/5_1_Overfitting_VisCheck/models/checkpoint_epoch_60.pth
[2025-03-02 17:56:09] Epoch: 60		Loss: 1.620731	Loss Translation.: 1.486724	Loss Uncertainty: 0.134007
--ADE (5 time steps): 0.0527	--FDE (5 time steps): 0.0603
--ADE (10 time steps): 0.0859	--FDE (10 time steps): 0.1356
--ADE (15 time steps): 0.1309	--FDE (15 time steps): 0.2373
--ADE (20 time steps): 0.1870	--FDE (20 time steps): 0.3712
[INFO] Checkpoint saved to ./results/5_1_Overfitting_VisCheck/5_1_Overfitting_VisCheck/models/checkpoint_epoch_61.pth
[2025-03-02 17:58:15] Epoch: 61		Loss: 1.617626	Loss Translation.: 1.483950	Loss Uncertainty: 0.133676
--ADE (5 time steps): 0.0526	--FDE (5 time steps): 0.0603
--ADE (10 time steps): 0.0858	--FDE (10 time steps): 0.1355
--ADE (15 time steps): 0.1307	--FDE (15 time steps): 0.2368
--ADE (20 time steps): 0.1868	--FDE (20 time steps): 0.3708
[INFO] Checkpoint saved to ./results/5_1_Overfitting_VisCheck/5_1_Overfitting_VisCheck/models/checkpoint_epoch_62.pth
[2025-03-02 18:00:21] Epoch: 62		Loss: 1.614313	Loss Translation.: 1.481124	Loss Uncertainty: 0.133188
--ADE (5 time steps): 0.0526	--FDE (5 time steps): 0.0601
--ADE (10 time steps): 0.0857	--FDE (10 time steps): 0.1353
--ADE (15 time steps): 0.1305	--FDE (15 time steps): 0.2362
--ADE (20 time steps): 0.1863	--FDE (20 time steps): 0.3697
[INFO] Checkpoint saved to ./results/5_1_Overfitting_VisCheck/5_1_Overfitting_VisCheck/models/checkpoint_epoch_63.pth
[2025-03-02 18:02:27] Epoch: 63		Loss: 1.610624	Loss Translation.: 1.477682	Loss Uncertainty: 0.132942
--ADE (5 time steps): 0.0527	--FDE (5 time steps): 0.0604
--ADE (10 time steps): 0.0860	--FDE (10 time steps): 0.1358
--ADE (15 time steps): 0.1309	--FDE (15 time steps): 0.2369
--ADE (20 time steps): 0.1868	--FDE (20 time steps): 0.3702
[INFO] Checkpoint saved to ./results/5_1_Overfitting_VisCheck/5_1_Overfitting_VisCheck/models/checkpoint_epoch_64.pth
[2025-03-02 18:04:33] Epoch: 64		Loss: 1.597722	Loss Translation.: 1.465524	Loss Uncertainty: 0.132198
--ADE (5 time steps): 0.0527	--FDE (5 time steps): 0.0603
--ADE (10 time steps): 0.0856	--FDE (10 time steps): 0.1355
--ADE (15 time steps): 0.1305	--FDE (15 time steps): 0.2363
--ADE (20 time steps): 0.1865	--FDE (20 time steps): 0.3699
[INFO] Checkpoint saved to ./results/5_1_Overfitting_VisCheck/5_1_Overfitting_VisCheck/models/checkpoint_epoch_65.pth
[2025-03-02 18:06:39] Epoch: 65		Loss: 1.594742	Loss Translation.: 1.462807	Loss Uncertainty: 0.131936
--ADE (5 time steps): 0.0526	--FDE (5 time steps): 0.0602
--ADE (10 time steps): 0.0855	--FDE (10 time steps): 0.1354
--ADE (15 time steps): 0.1304	--FDE (15 time steps): 0.2360
--ADE (20 time steps): 0.1863	--FDE (20 time steps): 0.3695
[INFO] Checkpoint saved to ./results/5_1_Overfitting_VisCheck/5_1_Overfitting_VisCheck/models/checkpoint_epoch_66.pth
slurmstepd: error: *** JOB 10261563 ON gcn24 CANCELLED AT 2025-03-02T18:08:05 DUE TO TIME LIMIT ***

JOB STATISTICS
==============
Job ID: 10261563
Cluster: snellius
User/Group: scur2440/scur2440
State: TIMEOUT (exit code 0)
Nodes: 1
Cores per node: 18
CPU Utilized: 00:00:01
CPU Efficiency: 0.00% of 1-18:03:00 core-walltime
Job Wall-clock time: 02:20:10
Memory Utilized: 3.11 GB
Memory Efficiency: 2.59% of 120.00 GB


TESTING
[INFO] Checkpoint loaded from ./results/5_1_Overfitting_VisCheck/5_1_Overfitting_VisCheck/models/checkpoint_epoch_63.pth
--ADE (1 time steps): 0.0423    --FDE (1 time steps): 0.0529
--ADE (2 time steps): 0.0738    --FDE (2 time steps): 0.1267
--ADE (3 time steps): 0.1177    --FDE (3 time steps): 0.2265
--ADE (4 time steps): 0.1738    --FDE (4 time steps): 0.3589

For comparison without overfitting:
[INFO] Checkpoint loaded from ./results/5_Experiments/checkpoint_rework/models/checkpoint_epoch_40.pth
--ADE (1 time steps): 0.2825    --FDE (1 time steps): 0.3708
--ADE (2 time steps): 0.4964    --FDE (2 time steps): 0.8179
--ADE (3 time steps): 0.7592    --FDE (3 time steps): 1.3939
--ADE (4 time steps): 1.0689    --FDE (4 time steps): 2.0772