***************************************************************************************************** 
* WARNING: The 2022 software stack is deprecated. Please consider switching to
the latest 2024 * 
* software stack, or the older 2023 software stack. * 
* * 
* If you have any question, please contact us via
http://servicedesk.surfsara.nl. * 
***************************************************************************************************** 

Configuration:
description: LED
results_root_dir: results
dataset: spires
dimensions: 2
past_frames: 10
future_frames: 24
min_past_frames: 10
min_future_frames: 24
k_preds: 24
traj_mean: [14, 7.5]
traj_scale: 5
relative: False
normalised: False
overfitting: False
pretrained_core_denoising_model: ./results/checkpoints/base_diffusion_model.p
debug: False
diffusion: {'steps': 100, 'beta_start': 0.0001, 'beta_end': 0.05, 'beta_schedule': 'linear'}
lr: 0.001
train_batch_size: 10
test_batch_size: 500
num_epochs: 100
test_interval: 1
lr_scheduler: step
decay_step: 8
decay_gamma: 0.5

[INFO] SPIRES dataset (1 agent).
Overfitting: False
Time diff avg (fut): 1.34132
Overfitting: False
Time diff avg (fut): 1.34132
[INFO] Now using random trajectory shuffling.

Train dataset:
Length: 534
Total x and y distances travelled: 0.80580, 1.02401
Euclidean dist diff avg: 1.51108

Test dataset:
Length: 67
Total x and y distances travelled: 0.84138, 0.94210
Euclidean dist diff avg: 1.45883

[INFO] SPIRES dataset - skip subtracting mean from absolute positions.
[INFO] Training from scratch - without pretrained models (Not NBA with frame standard configs)

[Core Denoising Model] Trainable/Total: 6568720/6568720
[Initialization Model] Trainable/Total: 4996553/4996553
[2025-03-03 23:18:37] Epoch: 0		Loss: 15.028722	Loss Translation.: 12.742820	Loss Uncertainty: 2.285903
--ADE (5 time steps): 0.3433	--FDE (5 time steps): 0.2753
--ADE (10 time steps): 0.3903	--FDE (10 time steps): 0.5401
--ADE (15 time steps): 0.4402	--FDE (15 time steps): 0.6087
--ADE (20 time steps): 0.5218	--FDE (20 time steps): 0.6218
[INFO] Checkpoint saved to ./results/5_5_MultiSpires_2D/5_5_MultiSpires_2D/models/checkpoint_epoch_1.pth
[2025-03-03 23:18:44] Epoch: 1		Loss: 5.969528	Loss Translation.: 4.838806	Loss Uncertainty: 1.130722
--ADE (5 time steps): 0.2185	--FDE (5 time steps): 0.1721
--ADE (10 time steps): 0.2945	--FDE (10 time steps): 0.3315
--ADE (15 time steps): 0.3424	--FDE (15 time steps): 0.4260
--ADE (20 time steps): 0.4045	--FDE (20 time steps): 0.5179
[INFO] Checkpoint saved to ./results/5_5_MultiSpires_2D/5_5_MultiSpires_2D/models/checkpoint_epoch_2.pth
[2025-03-03 23:18:50] Epoch: 2		Loss: 5.035469	Loss Translation.: 4.110238	Loss Uncertainty: 0.925231
--ADE (5 time steps): 0.3435	--FDE (5 time steps): 0.2987
--ADE (10 time steps): 0.3834	--FDE (10 time steps): 0.3475
--ADE (15 time steps): 0.4212	--FDE (15 time steps): 0.4496
--ADE (20 time steps): 0.4667	--FDE (20 time steps): 0.5613
[INFO] Checkpoint saved to ./results/5_5_MultiSpires_2D/5_5_MultiSpires_2D/models/checkpoint_epoch_3.pth
[2025-03-03 23:18:56] Epoch: 3		Loss: 4.656425	Loss Translation.: 3.936373	Loss Uncertainty: 0.720051
--ADE (5 time steps): 0.2460	--FDE (5 time steps): 0.2309
--ADE (10 time steps): 0.2828	--FDE (10 time steps): 0.2951
--ADE (15 time steps): 0.3234	--FDE (15 time steps): 0.4382
--ADE (20 time steps): 0.3711	--FDE (20 time steps): 0.4792
[INFO] Checkpoint saved to ./results/5_5_MultiSpires_2D/5_5_MultiSpires_2D/models/checkpoint_epoch_4.pth
[2025-03-03 23:19:02] Epoch: 4		Loss: 4.273762	Loss Translation.: 3.784499	Loss Uncertainty: 0.489263
--ADE (5 time steps): 0.1740	--FDE (5 time steps): 0.1766
--ADE (10 time steps): 0.2283	--FDE (10 time steps): 0.2198
--ADE (15 time steps): 0.2860	--FDE (15 time steps): 0.3872
--ADE (20 time steps): 0.3451	--FDE (20 time steps): 0.4775
[INFO] Checkpoint saved to ./results/5_5_MultiSpires_2D/5_5_MultiSpires_2D/models/checkpoint_epoch_5.pth
[2025-03-03 23:19:09] Epoch: 5		Loss: 3.816341	Loss Translation.: 3.560005	Loss Uncertainty: 0.256336
--ADE (5 time steps): 0.2683	--FDE (5 time steps): 0.2334
--ADE (10 time steps): 0.2911	--FDE (10 time steps): 0.2383
--ADE (15 time steps): 0.3183	--FDE (15 time steps): 0.3716
--ADE (20 time steps): 0.3520	--FDE (20 time steps): 0.4426
[INFO] Checkpoint saved to ./results/5_5_MultiSpires_2D/5_5_MultiSpires_2D/models/checkpoint_epoch_6.pth
[2025-03-03 23:19:15] Epoch: 6		Loss: 4.137066	Loss Translation.: 3.991794	Loss Uncertainty: 0.145272
--ADE (5 time steps): 0.2155	--FDE (5 time steps): 0.1836
--ADE (10 time steps): 0.2598	--FDE (10 time steps): 0.2469
--ADE (15 time steps): 0.3122	--FDE (15 time steps): 0.2904
--ADE (20 time steps): 0.3444	--FDE (20 time steps): 0.4157
[INFO] Checkpoint saved to ./results/5_5_MultiSpires_2D/5_5_MultiSpires_2D/models/checkpoint_epoch_7.pth
[2025-03-03 23:19:21] Epoch: 7		Loss: 3.072185	Loss Translation.: 3.066292	Loss Uncertainty: 0.005892
--ADE (5 time steps): 0.1721	--FDE (5 time steps): 0.1379
--ADE (10 time steps): 0.2089	--FDE (10 time steps): 0.1809
--ADE (15 time steps): 0.2483	--FDE (15 time steps): 0.2969
--ADE (20 time steps): 0.2878	--FDE (20 time steps): 0.3296
[INFO] Checkpoint saved to ./results/5_5_MultiSpires_2D/5_5_MultiSpires_2D/models/checkpoint_epoch_8.pth
[2025-03-03 23:19:28] Epoch: 8		Loss: 2.222192	Loss Translation.: 2.354988	Loss Uncertainty: -0.132795
--ADE (5 time steps): 0.1505	--FDE (5 time steps): 0.1272
--ADE (10 time steps): 0.1686	--FDE (10 time steps): 0.1847
--ADE (15 time steps): 0.2011	--FDE (15 time steps): 0.2486
--ADE (20 time steps): 0.2389	--FDE (20 time steps): 0.3644
[INFO] Checkpoint saved to ./results/5_5_MultiSpires_2D/5_5_MultiSpires_2D/models/checkpoint_epoch_9.pth
[2025-03-03 23:19:34] Epoch: 9		Loss: 2.324714	Loss Translation.: 2.498068	Loss Uncertainty: -0.173354
--ADE (5 time steps): 0.1289	--FDE (5 time steps): 0.1123
--ADE (10 time steps): 0.1533	--FDE (10 time steps): 0.1570
--ADE (15 time steps): 0.1904	--FDE (15 time steps): 0.2361
--ADE (20 time steps): 0.2308	--FDE (20 time steps): 0.3223
[INFO] Checkpoint saved to ./results/5_5_MultiSpires_2D/5_5_MultiSpires_2D/models/checkpoint_epoch_10.pth
[2025-03-03 23:19:40] Epoch: 10		Loss: 1.979442	Loss Translation.: 2.200471	Loss Uncertainty: -0.221029
--ADE (5 time steps): 0.1813	--FDE (5 time steps): 0.1300
--ADE (10 time steps): 0.1851	--FDE (10 time steps): 0.1654
--ADE (15 time steps): 0.2135	--FDE (15 time steps): 0.2557
--ADE (20 time steps): 0.2467	--FDE (20 time steps): 0.3247
[INFO] Checkpoint saved to ./results/5_5_MultiSpires_2D/5_5_MultiSpires_2D/models/checkpoint_epoch_11.pth
[2025-03-03 23:19:46] Epoch: 11		Loss: 1.996135	Loss Translation.: 2.248936	Loss Uncertainty: -0.252801
--ADE (5 time steps): 0.1532	--FDE (5 time steps): 0.1122
--ADE (10 time steps): 0.1796	--FDE (10 time steps): 0.1564
--ADE (15 time steps): 0.2118	--FDE (15 time steps): 0.2406
--ADE (20 time steps): 0.2439	--FDE (20 time steps): 0.3313
[INFO] Checkpoint saved to ./results/5_5_MultiSpires_2D/5_5_MultiSpires_2D/models/checkpoint_epoch_12.pth
[2025-03-03 23:19:53] Epoch: 12		Loss: 1.906093	Loss Translation.: 2.178851	Loss Uncertainty: -0.272758
--ADE (5 time steps): 0.1626	--FDE (5 time steps): 0.1356
--ADE (10 time steps): 0.1802	--FDE (10 time steps): 0.1484
--ADE (15 time steps): 0.2127	--FDE (15 time steps): 0.2384
--ADE (20 time steps): 0.2483	--FDE (20 time steps): 0.3147
[INFO] Checkpoint saved to ./results/5_5_MultiSpires_2D/5_5_MultiSpires_2D/models/checkpoint_epoch_13.pth
[2025-03-03 23:19:59] Epoch: 13		Loss: 1.699027	Loss Translation.: 2.012130	Loss Uncertainty: -0.313103
--ADE (5 time steps): 0.1096	--FDE (5 time steps): 0.0893
--ADE (10 time steps): 0.1311	--FDE (10 time steps): 0.1415
--ADE (15 time steps): 0.1605	--FDE (15 time steps): 0.2046
--ADE (20 time steps): 0.1919	--FDE (20 time steps): 0.2943
[INFO] Checkpoint saved to ./results/5_5_MultiSpires_2D/5_5_MultiSpires_2D/models/checkpoint_epoch_14.pth
[2025-03-03 23:20:05] Epoch: 14		Loss: 1.600233	Loss Translation.: 1.943921	Loss Uncertainty: -0.343687
--ADE (5 time steps): 0.1245	--FDE (5 time steps): 0.0979
--ADE (10 time steps): 0.1607	--FDE (10 time steps): 0.1660
--ADE (15 time steps): 0.1877	--FDE (15 time steps): 0.2050
--ADE (20 time steps): 0.2240	--FDE (20 time steps): 0.3089
[INFO] Checkpoint saved to ./results/5_5_MultiSpires_2D/5_5_MultiSpires_2D/models/checkpoint_epoch_15.pth
[2025-03-03 23:20:11] Epoch: 15		Loss: 1.709375	Loss Translation.: 2.071454	Loss Uncertainty: -0.362080
--ADE (5 time steps): 0.1331	--FDE (5 time steps): 0.1040
--ADE (10 time steps): 0.1507	--FDE (10 time steps): 0.1528
--ADE (15 time steps): 0.1801	--FDE (15 time steps): 0.2106
--ADE (20 time steps): 0.2122	--FDE (20 time steps): 0.3015
[INFO] Checkpoint saved to ./results/5_5_MultiSpires_2D/5_5_MultiSpires_2D/models/checkpoint_epoch_16.pth
[2025-03-03 23:20:18] Epoch: 16		Loss: 1.151473	Loss Translation.: 1.582335	Loss Uncertainty: -0.430862
--ADE (5 time steps): 0.0834	--FDE (5 time steps): 0.0684
--ADE (10 time steps): 0.1105	--FDE (10 time steps): 0.1197
--ADE (15 time steps): 0.1316	--FDE (15 time steps): 0.1818
--ADE (20 time steps): 0.1575	--FDE (20 time steps): 0.2464
[INFO] Checkpoint saved to ./results/5_5_MultiSpires_2D/5_5_MultiSpires_2D/models/checkpoint_epoch_17.pth
[2025-03-03 23:20:24] Epoch: 17		Loss: 1.065028	Loss Translation.: 1.520168	Loss Uncertainty: -0.455141
--ADE (5 time steps): 0.0814	--FDE (5 time steps): 0.0695
--ADE (10 time steps): 0.1150	--FDE (10 time steps): 0.1386
--ADE (15 time steps): 0.1438	--FDE (15 time steps): 0.2026
--ADE (20 time steps): 0.1718	--FDE (20 time steps): 0.2705
[INFO] Checkpoint saved to ./results/5_5_MultiSpires_2D/5_5_MultiSpires_2D/models/checkpoint_epoch_18.pth
[2025-03-03 23:20:30] Epoch: 18		Loss: 0.983979	Loss Translation.: 1.470860	Loss Uncertainty: -0.486880
--ADE (5 time steps): 0.0947	--FDE (5 time steps): 0.0797
--ADE (10 time steps): 0.1105	--FDE (10 time steps): 0.1039
--ADE (15 time steps): 0.1342	--FDE (15 time steps): 0.1729
--ADE (20 time steps): 0.1629	--FDE (20 time steps): 0.2419
[INFO] Checkpoint saved to ./results/5_5_MultiSpires_2D/5_5_MultiSpires_2D/models/checkpoint_epoch_19.pth
[2025-03-03 23:20:36] Epoch: 19		Loss: 0.929658	Loss Translation.: 1.433505	Loss Uncertainty: -0.503847
--ADE (5 time steps): 0.0829	--FDE (5 time steps): 0.0674
--ADE (10 time steps): 0.1046	--FDE (10 time steps): 0.1163
--ADE (15 time steps): 0.1255	--FDE (15 time steps): 0.1779
--ADE (20 time steps): 0.1520	--FDE (20 time steps): 0.2526
[INFO] Checkpoint saved to ./results/5_5_MultiSpires_2D/5_5_MultiSpires_2D/models/checkpoint_epoch_20.pth
[2025-03-03 23:20:43] Epoch: 20		Loss: 0.887006	Loss Translation.: 1.415917	Loss Uncertainty: -0.528910
--ADE (5 time steps): 0.0762	--FDE (5 time steps): 0.0602
--ADE (10 time steps): 0.0965	--FDE (10 time steps): 0.1047
--ADE (15 time steps): 0.1150	--FDE (15 time steps): 0.1551
--ADE (20 time steps): 0.1378	--FDE (20 time steps): 0.2209
[INFO] Checkpoint saved to ./results/5_5_MultiSpires_2D/5_5_MultiSpires_2D/models/checkpoint_epoch_21.pth
[2025-03-03 23:20:49] Epoch: 21		Loss: 0.677770	Loss Translation.: 1.253276	Loss Uncertainty: -0.575506
--ADE (5 time steps): 0.0807	--FDE (5 time steps): 0.0689
--ADE (10 time steps): 0.1011	--FDE (10 time steps): 0.1100
--ADE (15 time steps): 0.1228	--FDE (15 time steps): 0.1601
--ADE (20 time steps): 0.1435	--FDE (20 time steps): 0.2032
[INFO] Checkpoint saved to ./results/5_5_MultiSpires_2D/5_5_MultiSpires_2D/models/checkpoint_epoch_22.pth
[2025-03-03 23:20:55] Epoch: 22		Loss: 0.798994	Loss Translation.: 1.384670	Loss Uncertainty: -0.585677
--ADE (5 time steps): 0.0775	--FDE (5 time steps): 0.0591
--ADE (10 time steps): 0.0985	--FDE (10 time steps): 0.0992
--ADE (15 time steps): 0.1197	--FDE (15 time steps): 0.1525
--ADE (20 time steps): 0.1433	--FDE (20 time steps): 0.2097
[INFO] Checkpoint saved to ./results/5_5_MultiSpires_2D/5_5_MultiSpires_2D/models/checkpoint_epoch_23.pth
[2025-03-03 23:21:01] Epoch: 23		Loss: 0.702100	Loss Translation.: 1.307522	Loss Uncertainty: -0.605422
--ADE (5 time steps): 0.0782	--FDE (5 time steps): 0.0767
--ADE (10 time steps): 0.1027	--FDE (10 time steps): 0.1099
--ADE (15 time steps): 0.1204	--FDE (15 time steps): 0.1519
--ADE (20 time steps): 0.1435	--FDE (20 time steps): 0.2073
[INFO] Checkpoint saved to ./results/5_5_MultiSpires_2D/5_5_MultiSpires_2D/models/checkpoint_epoch_24.pth
[2025-03-03 23:21:08] Epoch: 24		Loss: 0.558039	Loss Translation.: 1.204913	Loss Uncertainty: -0.646874
--ADE (5 time steps): 0.0717	--FDE (5 time steps): 0.0603
--ADE (10 time steps): 0.0897	--FDE (10 time steps): 0.1018
--ADE (15 time steps): 0.1076	--FDE (15 time steps): 0.1504
--ADE (20 time steps): 0.1287	--FDE (20 time steps): 0.1994
[INFO] Checkpoint saved to ./results/5_5_MultiSpires_2D/5_5_MultiSpires_2D/models/checkpoint_epoch_25.pth
[2025-03-03 23:21:14] Epoch: 25		Loss: 0.404476	Loss Translation.: 1.086062	Loss Uncertainty: -0.681586
--ADE (5 time steps): 0.0598	--FDE (5 time steps): 0.0578
--ADE (10 time steps): 0.0845	--FDE (10 time steps): 0.1013
--ADE (15 time steps): 0.1068	--FDE (15 time steps): 0.1532
--ADE (20 time steps): 0.1301	--FDE (20 time steps): 0.2068
[INFO] Checkpoint saved to ./results/5_5_MultiSpires_2D/5_5_MultiSpires_2D/models/checkpoint_epoch_26.pth
[2025-03-03 23:21:20] Epoch: 26		Loss: 0.398487	Loss Translation.: 1.085302	Loss Uncertainty: -0.686815
--ADE (5 time steps): 0.0627	--FDE (5 time steps): 0.0578
--ADE (10 time steps): 0.0835	--FDE (10 time steps): 0.1073
--ADE (15 time steps): 0.1092	--FDE (15 time steps): 0.1548
--ADE (20 time steps): 0.1348	--FDE (20 time steps): 0.2226
[INFO] Checkpoint saved to ./results/5_5_MultiSpires_2D/5_5_MultiSpires_2D/models/checkpoint_epoch_27.pth
[2025-03-03 23:21:26] Epoch: 27		Loss: 0.326520	Loss Translation.: 1.038992	Loss Uncertainty: -0.712472
--ADE (5 time steps): 0.0638	--FDE (5 time steps): 0.0493
--ADE (10 time steps): 0.0792	--FDE (10 time steps): 0.0935
--ADE (15 time steps): 0.1024	--FDE (15 time steps): 0.1415
--ADE (20 time steps): 0.1265	--FDE (20 time steps): 0.1950
[INFO] Checkpoint saved to ./results/5_5_MultiSpires_2D/5_5_MultiSpires_2D/models/checkpoint_epoch_28.pth
[2025-03-03 23:21:33] Epoch: 28		Loss: 0.236946	Loss Translation.: 0.979389	Loss Uncertainty: -0.742443
--ADE (5 time steps): 0.0557	--FDE (5 time steps): 0.0457
--ADE (10 time steps): 0.0725	--FDE (10 time steps): 0.0806
--ADE (15 time steps): 0.0912	--FDE (15 time steps): 0.1276
--ADE (20 time steps): 0.1102	--FDE (20 time steps): 0.1773
[INFO] Checkpoint saved to ./results/5_5_MultiSpires_2D/5_5_MultiSpires_2D/models/checkpoint_epoch_29.pth
[2025-03-03 23:21:39] Epoch: 29		Loss: 0.223054	Loss Translation.: 0.985527	Loss Uncertainty: -0.762473
--ADE (5 time steps): 0.0604	--FDE (5 time steps): 0.0492
--ADE (10 time steps): 0.0733	--FDE (10 time steps): 0.0767
--ADE (15 time steps): 0.0909	--FDE (15 time steps): 0.1110
--ADE (20 time steps): 0.1083	--FDE (20 time steps): 0.1591
[INFO] Checkpoint saved to ./results/5_5_MultiSpires_2D/5_5_MultiSpires_2D/models/checkpoint_epoch_30.pth
[2025-03-03 23:21:45] Epoch: 30		Loss: 0.132136	Loss Translation.: 0.921539	Loss Uncertainty: -0.789403
--ADE (5 time steps): 0.0655	--FDE (5 time steps): 0.0534
--ADE (10 time steps): 0.0797	--FDE (10 time steps): 0.0848
--ADE (15 time steps): 0.0948	--FDE (15 time steps): 0.1221
--ADE (20 time steps): 0.1126	--FDE (20 time steps): 0.1590
[INFO] Checkpoint saved to ./results/5_5_MultiSpires_2D/5_5_MultiSpires_2D/models/checkpoint_epoch_31.pth
[2025-03-03 23:21:51] Epoch: 31		Loss: 0.142095	Loss Translation.: 0.944375	Loss Uncertainty: -0.802280
--ADE (5 time steps): 0.0655	--FDE (5 time steps): 0.0586
--ADE (10 time steps): 0.0841	--FDE (10 time steps): 0.0916
--ADE (15 time steps): 0.1042	--FDE (15 time steps): 0.1363
--ADE (20 time steps): 0.1247	--FDE (20 time steps): 0.1723
[INFO] Checkpoint saved to ./results/5_5_MultiSpires_2D/5_5_MultiSpires_2D/models/checkpoint_epoch_32.pth
[2025-03-03 23:21:58] Epoch: 32		Loss: 0.020053	Loss Translation.: 0.849329	Loss Uncertainty: -0.829276
--ADE (5 time steps): 0.0588	--FDE (5 time steps): 0.0511
--ADE (10 time steps): 0.0765	--FDE (10 time steps): 0.0850
--ADE (15 time steps): 0.0957	--FDE (15 time steps): 0.1323
--ADE (20 time steps): 0.1166	--FDE (20 time steps): 0.1800
[INFO] Checkpoint saved to ./results/5_5_MultiSpires_2D/5_5_MultiSpires_2D/models/checkpoint_epoch_33.pth
[2025-03-03 23:22:04] Epoch: 33		Loss: -0.055606	Loss Translation.: 0.796743	Loss Uncertainty: -0.852349
--ADE (5 time steps): 0.0555	--FDE (5 time steps): 0.0452
--ADE (10 time steps): 0.0707	--FDE (10 time steps): 0.0726
--ADE (15 time steps): 0.0867	--FDE (15 time steps): 0.1105
--ADE (20 time steps): 0.1027	--FDE (20 time steps): 0.1474
[INFO] Checkpoint saved to ./results/5_5_MultiSpires_2D/5_5_MultiSpires_2D/models/checkpoint_epoch_34.pth
[2025-03-03 23:22:10] Epoch: 34		Loss: -0.061393	Loss Translation.: 0.804037	Loss Uncertainty: -0.865430
--ADE (5 time steps): 0.0647	--FDE (5 time steps): 0.0585
--ADE (10 time steps): 0.0820	--FDE (10 time steps): 0.0888
--ADE (15 time steps): 0.1004	--FDE (15 time steps): 0.1368
--ADE (20 time steps): 0.1206	--FDE (20 time steps): 0.1799
[INFO] Checkpoint saved to ./results/5_5_MultiSpires_2D/5_5_MultiSpires_2D/models/checkpoint_epoch_35.pth
[2025-03-03 23:22:16] Epoch: 35		Loss: -0.109593	Loss Translation.: 0.766659	Loss Uncertainty: -0.876251
--ADE (5 time steps): 0.0607	--FDE (5 time steps): 0.0559
--ADE (10 time steps): 0.0788	--FDE (10 time steps): 0.0798
--ADE (15 time steps): 0.0945	--FDE (15 time steps): 0.1133
--ADE (20 time steps): 0.1100	--FDE (20 time steps): 0.1526
[INFO] Checkpoint saved to ./results/5_5_MultiSpires_2D/5_5_MultiSpires_2D/models/checkpoint_epoch_36.pth
[2025-03-03 23:22:23] Epoch: 36		Loss: -0.132108	Loss Translation.: 0.753904	Loss Uncertainty: -0.886013
--ADE (5 time steps): 0.0589	--FDE (5 time steps): 0.0497
--ADE (10 time steps): 0.0741	--FDE (10 time steps): 0.0782
--ADE (15 time steps): 0.0878	--FDE (15 time steps): 0.1132
--ADE (20 time steps): 0.1032	--FDE (20 time steps): 0.1499
[INFO] Checkpoint saved to ./results/5_5_MultiSpires_2D/5_5_MultiSpires_2D/models/checkpoint_epoch_37.pth
[2025-03-03 23:22:29] Epoch: 37		Loss: -0.181961	Loss Translation.: 0.722618	Loss Uncertainty: -0.904579
--ADE (5 time steps): 0.0652	--FDE (5 time steps): 0.0588
--ADE (10 time steps): 0.0862	--FDE (10 time steps): 0.0925
--ADE (15 time steps): 0.1022	--FDE (15 time steps): 0.1355
--ADE (20 time steps): 0.1206	--FDE (20 time steps): 0.1773
[INFO] Checkpoint saved to ./results/5_5_MultiSpires_2D/5_5_MultiSpires_2D/models/checkpoint_epoch_38.pth
[2025-03-03 23:22:35] Epoch: 38		Loss: -0.149382	Loss Translation.: 0.760801	Loss Uncertainty: -0.910182
--ADE (5 time steps): 0.0612	--FDE (5 time steps): 0.0580
--ADE (10 time steps): 0.0823	--FDE (10 time steps): 0.0975
--ADE (15 time steps): 0.1031	--FDE (15 time steps): 0.1456
--ADE (20 time steps): 0.1260	--FDE (20 time steps): 0.1998
[INFO] Checkpoint saved to ./results/5_5_MultiSpires_2D/5_5_MultiSpires_2D/models/checkpoint_epoch_39.pth
[2025-03-03 23:22:41] Epoch: 39		Loss: -0.155504	Loss Translation.: 0.750781	Loss Uncertainty: -0.906285
--ADE (5 time steps): 0.0509	--FDE (5 time steps): 0.0447
--ADE (10 time steps): 0.0663	--FDE (10 time steps): 0.0705
--ADE (15 time steps): 0.0818	--FDE (15 time steps): 0.1076
--ADE (20 time steps): 0.0985	--FDE (20 time steps): 0.1492
[INFO] Checkpoint saved to ./results/5_5_MultiSpires_2D/5_5_MultiSpires_2D/models/checkpoint_epoch_40.pth
[2025-03-03 23:22:48] Epoch: 40		Loss: -0.220968	Loss Translation.: 0.712004	Loss Uncertainty: -0.932971
--ADE (5 time steps): 0.0522	--FDE (5 time steps): 0.0462
--ADE (10 time steps): 0.0676	--FDE (10 time steps): 0.0751
--ADE (15 time steps): 0.0845	--FDE (15 time steps): 0.1130
--ADE (20 time steps): 0.1007	--FDE (20 time steps): 0.1555
[INFO] Checkpoint saved to ./results/5_5_MultiSpires_2D/5_5_MultiSpires_2D/models/checkpoint_epoch_41.pth
[2025-03-03 23:22:54] Epoch: 41		Loss: -0.262825	Loss Translation.: 0.678067	Loss Uncertainty: -0.940892
--ADE (5 time steps): 0.0509	--FDE (5 time steps): 0.0415
--ADE (10 time steps): 0.0639	--FDE (10 time steps): 0.0694
--ADE (15 time steps): 0.0796	--FDE (15 time steps): 0.1089
--ADE (20 time steps): 0.0957	--FDE (20 time steps): 0.1503
[INFO] Checkpoint saved to ./results/5_5_MultiSpires_2D/5_5_MultiSpires_2D/models/checkpoint_epoch_42.pth
[2025-03-03 23:23:00] Epoch: 42		Loss: -0.305337	Loss Translation.: 0.646133	Loss Uncertainty: -0.951470
--ADE (5 time steps): 0.0514	--FDE (5 time steps): 0.0425
--ADE (10 time steps): 0.0657	--FDE (10 time steps): 0.0722
--ADE (15 time steps): 0.0813	--FDE (15 time steps): 0.1085
--ADE (20 time steps): 0.0973	--FDE (20 time steps): 0.1470
[INFO] Checkpoint saved to ./results/5_5_MultiSpires_2D/5_5_MultiSpires_2D/models/checkpoint_epoch_43.pth
[2025-03-03 23:23:06] Epoch: 43		Loss: -0.332947	Loss Translation.: 0.628798	Loss Uncertainty: -0.961745
--ADE (5 time steps): 0.0537	--FDE (5 time steps): 0.0466
--ADE (10 time steps): 0.0694	--FDE (10 time steps): 0.0749
--ADE (15 time steps): 0.0851	--FDE (15 time steps): 0.1150
--ADE (20 time steps): 0.1014	--FDE (20 time steps): 0.1546
[INFO] Checkpoint saved to ./results/5_5_MultiSpires_2D/5_5_MultiSpires_2D/models/checkpoint_epoch_44.pth
[2025-03-03 23:23:13] Epoch: 44		Loss: -0.352402	Loss Translation.: 0.615880	Loss Uncertainty: -0.968282
--ADE (5 time steps): 0.0552	--FDE (5 time steps): 0.0513
--ADE (10 time steps): 0.0742	--FDE (10 time steps): 0.0830
--ADE (15 time steps): 0.0908	--FDE (15 time steps): 0.1213
--ADE (20 time steps): 0.1080	--FDE (20 time steps): 0.1606
[INFO] Checkpoint saved to ./results/5_5_MultiSpires_2D/5_5_MultiSpires_2D/models/checkpoint_epoch_45.pth
[2025-03-03 23:23:19] Epoch: 45		Loss: -0.302926	Loss Translation.: 0.658743	Loss Uncertainty: -0.961669
--ADE (5 time steps): 0.0541	--FDE (5 time steps): 0.0474
--ADE (10 time steps): 0.0720	--FDE (10 time steps): 0.0797
--ADE (15 time steps): 0.0888	--FDE (15 time steps): 0.1234
--ADE (20 time steps): 0.1058	--FDE (20 time steps): 0.1554
[INFO] Checkpoint saved to ./results/5_5_MultiSpires_2D/5_5_MultiSpires_2D/models/checkpoint_epoch_46.pth
[2025-03-03 23:23:25] Epoch: 46		Loss: -0.330798	Loss Translation.: 0.638672	Loss Uncertainty: -0.969470
--ADE (5 time steps): 0.0552	--FDE (5 time steps): 0.0456
--ADE (10 time steps): 0.0729	--FDE (10 time steps): 0.0807
--ADE (15 time steps): 0.0901	--FDE (15 time steps): 0.1244
--ADE (20 time steps): 0.1081	--FDE (20 time steps): 0.1597
[INFO] Checkpoint saved to ./results/5_5_MultiSpires_2D/5_5_MultiSpires_2D/models/checkpoint_epoch_47.pth
[2025-03-03 23:23:31] Epoch: 47		Loss: -0.333893	Loss Translation.: 0.638706	Loss Uncertainty: -0.972599
--ADE (5 time steps): 0.0526	--FDE (5 time steps): 0.0433
--ADE (10 time steps): 0.0696	--FDE (10 time steps): 0.0763
--ADE (15 time steps): 0.0852	--FDE (15 time steps): 0.1158
--ADE (20 time steps): 0.1020	--FDE (20 time steps): 0.1495
[INFO] Checkpoint saved to ./results/5_5_MultiSpires_2D/5_5_MultiSpires_2D/models/checkpoint_epoch_48.pth
[2025-03-03 23:23:38] Epoch: 48		Loss: -0.346145	Loss Translation.: 0.630655	Loss Uncertainty: -0.976799
--ADE (5 time steps): 0.0495	--FDE (5 time steps): 0.0413
--ADE (10 time steps): 0.0644	--FDE (10 time steps): 0.0706
--ADE (15 time steps): 0.0794	--FDE (15 time steps): 0.1039
--ADE (20 time steps): 0.0955	--FDE (20 time steps): 0.1394
[INFO] Checkpoint saved to ./results/5_5_MultiSpires_2D/5_5_MultiSpires_2D/models/checkpoint_epoch_49.pth
[2025-03-03 23:23:44] Epoch: 49		Loss: -0.374674	Loss Translation.: 0.607660	Loss Uncertainty: -0.982333
--ADE (5 time steps): 0.0502	--FDE (5 time steps): 0.0412
--ADE (10 time steps): 0.0653	--FDE (10 time steps): 0.0719
--ADE (15 time steps): 0.0804	--FDE (15 time steps): 0.1057
--ADE (20 time steps): 0.0967	--FDE (20 time steps): 0.1398
[INFO] Checkpoint saved to ./results/5_5_MultiSpires_2D/5_5_MultiSpires_2D/models/checkpoint_epoch_50.pth
[2025-03-03 23:23:50] Epoch: 50		Loss: -0.388530	Loss Translation.: 0.597291	Loss Uncertainty: -0.985821
--ADE (5 time steps): 0.0505	--FDE (5 time steps): 0.0402
--ADE (10 time steps): 0.0661	--FDE (10 time steps): 0.0744
--ADE (15 time steps): 0.0820	--FDE (15 time steps): 0.1079
--ADE (20 time steps): 0.0980	--FDE (20 time steps): 0.1393
[INFO] Checkpoint saved to ./results/5_5_MultiSpires_2D/5_5_MultiSpires_2D/models/checkpoint_epoch_51.pth
[2025-03-03 23:23:57] Epoch: 51		Loss: -0.388422	Loss Translation.: 0.598361	Loss Uncertainty: -0.986783
--ADE (5 time steps): 0.0509	--FDE (5 time steps): 0.0409
--ADE (10 time steps): 0.0670	--FDE (10 time steps): 0.0754
--ADE (15 time steps): 0.0830	--FDE (15 time steps): 0.1099
--ADE (20 time steps): 0.0993	--FDE (20 time steps): 0.1404
[INFO] Checkpoint saved to ./results/5_5_MultiSpires_2D/5_5_MultiSpires_2D/models/checkpoint_epoch_52.pth
[2025-03-03 23:24:03] Epoch: 52		Loss: -0.389493	Loss Translation.: 0.600035	Loss Uncertainty: -0.989528
--ADE (5 time steps): 0.0508	--FDE (5 time steps): 0.0412
--ADE (10 time steps): 0.0671	--FDE (10 time steps): 0.0751
--ADE (15 time steps): 0.0835	--FDE (15 time steps): 0.1114
--ADE (20 time steps): 0.0999	--FDE (20 time steps): 0.1415
[INFO] Checkpoint saved to ./results/5_5_MultiSpires_2D/5_5_MultiSpires_2D/models/checkpoint_epoch_53.pth
[2025-03-03 23:24:09] Epoch: 53		Loss: -0.397765	Loss Translation.: 0.596202	Loss Uncertainty: -0.993967
--ADE (5 time steps): 0.0501	--FDE (5 time steps): 0.0404
--ADE (10 time steps): 0.0652	--FDE (10 time steps): 0.0741
--ADE (15 time steps): 0.0816	--FDE (15 time steps): 0.1092
--ADE (20 time steps): 0.0974	--FDE (20 time steps): 0.1376
[INFO] Checkpoint saved to ./results/5_5_MultiSpires_2D/5_5_MultiSpires_2D/models/checkpoint_epoch_54.pth
[2025-03-03 23:24:15] Epoch: 54		Loss: -0.414098	Loss Translation.: 0.583907	Loss Uncertainty: -0.998004
--ADE (5 time steps): 0.0501	--FDE (5 time steps): 0.0404
--ADE (10 time steps): 0.0657	--FDE (10 time steps): 0.0745
--ADE (15 time steps): 0.0823	--FDE (15 time steps): 0.1085
--ADE (20 time steps): 0.0980	--FDE (20 time steps): 0.1384
[INFO] Checkpoint saved to ./results/5_5_MultiSpires_2D/5_5_MultiSpires_2D/models/checkpoint_epoch_55.pth
[2025-03-03 23:24:22] Epoch: 55		Loss: -0.432090	Loss Translation.: 0.570052	Loss Uncertainty: -1.002142
--ADE (5 time steps): 0.0502	--FDE (5 time steps): 0.0407
--ADE (10 time steps): 0.0660	--FDE (10 time steps): 0.0744
--ADE (15 time steps): 0.0826	--FDE (15 time steps): 0.1084
--ADE (20 time steps): 0.0983	--FDE (20 time steps): 0.1385
[INFO] Checkpoint saved to ./results/5_5_MultiSpires_2D/5_5_MultiSpires_2D/models/checkpoint_epoch_56.pth
[2025-03-03 23:24:28] Epoch: 56		Loss: -0.444013	Loss Translation.: 0.567265	Loss Uncertainty: -1.011278
--ADE (5 time steps): 0.0500	--FDE (5 time steps): 0.0422
--ADE (10 time steps): 0.0648	--FDE (10 time steps): 0.0736
--ADE (15 time steps): 0.0809	--FDE (15 time steps): 0.1116
--ADE (20 time steps): 0.0984	--FDE (20 time steps): 0.1408
[INFO] Checkpoint saved to ./results/5_5_MultiSpires_2D/5_5_MultiSpires_2D/models/checkpoint_epoch_57.pth
[2025-03-03 23:24:34] Epoch: 57		Loss: -0.471864	Loss Translation.: 0.544507	Loss Uncertainty: -1.016371
--ADE (5 time steps): 0.0498	--FDE (5 time steps): 0.0425
--ADE (10 time steps): 0.0650	--FDE (10 time steps): 0.0744
--ADE (15 time steps): 0.0810	--FDE (15 time steps): 0.1112
--ADE (20 time steps): 0.0983	--FDE (20 time steps): 0.1404
[INFO] Checkpoint saved to ./results/5_5_MultiSpires_2D/5_5_MultiSpires_2D/models/checkpoint_epoch_58.pth
[2025-03-03 23:24:40] Epoch: 58		Loss: -0.484094	Loss Translation.: 0.534260	Loss Uncertainty: -1.018354
--ADE (5 time steps): 0.0497	--FDE (5 time steps): 0.0424
--ADE (10 time steps): 0.0652	--FDE (10 time steps): 0.0745
--ADE (15 time steps): 0.0809	--FDE (15 time steps): 0.1109
--ADE (20 time steps): 0.0982	--FDE (20 time steps): 0.1401
[INFO] Checkpoint saved to ./results/5_5_MultiSpires_2D/5_5_MultiSpires_2D/models/checkpoint_epoch_59.pth
[2025-03-03 23:24:47] Epoch: 59		Loss: -0.492810	Loss Translation.: 0.527118	Loss Uncertainty: -1.019928
--ADE (5 time steps): 0.0497	--FDE (5 time steps): 0.0424
--ADE (10 time steps): 0.0653	--FDE (10 time steps): 0.0747
--ADE (15 time steps): 0.0810	--FDE (15 time steps): 0.1111
--ADE (20 time steps): 0.0983	--FDE (20 time steps): 0.1401
[INFO] Checkpoint saved to ./results/5_5_MultiSpires_2D/5_5_MultiSpires_2D/models/checkpoint_epoch_60.pth
[2025-03-03 23:24:53] Epoch: 60		Loss: -0.500254	Loss Translation.: 0.521189	Loss Uncertainty: -1.021444
--ADE (5 time steps): 0.0497	--FDE (5 time steps): 0.0425
--ADE (10 time steps): 0.0654	--FDE (10 time steps): 0.0748
--ADE (15 time steps): 0.0811	--FDE (15 time steps): 0.1113
--ADE (20 time steps): 0.0983	--FDE (20 time steps): 0.1400
[INFO] Checkpoint saved to ./results/5_5_MultiSpires_2D/5_5_MultiSpires_2D/models/checkpoint_epoch_61.pth
[2025-03-03 23:24:59] Epoch: 61		Loss: -0.507029	Loss Translation.: 0.515824	Loss Uncertainty: -1.022854
--ADE (5 time steps): 0.0498	--FDE (5 time steps): 0.0427
--ADE (10 time steps): 0.0654	--FDE (10 time steps): 0.0751
--ADE (15 time steps): 0.0812	--FDE (15 time steps): 0.1115
--ADE (20 time steps): 0.0984	--FDE (20 time steps): 0.1402
[INFO] Checkpoint saved to ./results/5_5_MultiSpires_2D/5_5_MultiSpires_2D/models/checkpoint_epoch_62.pth
[2025-03-03 23:25:05] Epoch: 62		Loss: -0.512858	Loss Translation.: 0.511314	Loss Uncertainty: -1.024172
--ADE (5 time steps): 0.0499	--FDE (5 time steps): 0.0427
--ADE (10 time steps): 0.0655	--FDE (10 time steps): 0.0753
--ADE (15 time steps): 0.0815	--FDE (15 time steps): 0.1118
--ADE (20 time steps): 0.0986	--FDE (20 time steps): 0.1403
[INFO] Checkpoint saved to ./results/5_5_MultiSpires_2D/5_5_MultiSpires_2D/models/checkpoint_epoch_63.pth
[2025-03-03 23:25:12] Epoch: 63		Loss: -0.518074	Loss Translation.: 0.507448	Loss Uncertainty: -1.025522
--ADE (5 time steps): 0.0500	--FDE (5 time steps): 0.0426
--ADE (10 time steps): 0.0656	--FDE (10 time steps): 0.0754
--ADE (15 time steps): 0.0817	--FDE (15 time steps): 0.1117
--ADE (20 time steps): 0.0988	--FDE (20 time steps): 0.1405
[INFO] Checkpoint saved to ./results/5_5_MultiSpires_2D/5_5_MultiSpires_2D/models/checkpoint_epoch_64.pth
[2025-03-03 23:25:18] Epoch: 64		Loss: -0.526440	Loss Translation.: 0.500828	Loss Uncertainty: -1.027268
--ADE (5 time steps): 0.0506	--FDE (5 time steps): 0.0433
--ADE (10 time steps): 0.0664	--FDE (10 time steps): 0.0767
--ADE (15 time steps): 0.0826	--FDE (15 time steps): 0.1134
--ADE (20 time steps): 0.0996	--FDE (20 time steps): 0.1429
[INFO] Checkpoint saved to ./results/5_5_MultiSpires_2D/5_5_MultiSpires_2D/models/checkpoint_epoch_65.pth
[2025-03-03 23:25:24] Epoch: 65		Loss: -0.529220	Loss Translation.: 0.499376	Loss Uncertainty: -1.028596
--ADE (5 time steps): 0.0507	--FDE (5 time steps): 0.0432
--ADE (10 time steps): 0.0664	--FDE (10 time steps): 0.0765
--ADE (15 time steps): 0.0827	--FDE (15 time steps): 0.1131
--ADE (20 time steps): 0.0996	--FDE (20 time steps): 0.1427
[INFO] Checkpoint saved to ./results/5_5_MultiSpires_2D/5_5_MultiSpires_2D/models/checkpoint_epoch_66.pth
[2025-03-03 23:25:31] Epoch: 66		Loss: -0.533012	Loss Translation.: 0.496268	Loss Uncertainty: -1.029279
--ADE (5 time steps): 0.0507	--FDE (5 time steps): 0.0431
--ADE (10 time steps): 0.0664	--FDE (10 time steps): 0.0764
--ADE (15 time steps): 0.0827	--FDE (15 time steps): 0.1131
--ADE (20 time steps): 0.0997	--FDE (20 time steps): 0.1428
[INFO] Checkpoint saved to ./results/5_5_MultiSpires_2D/5_5_MultiSpires_2D/models/checkpoint_epoch_67.pth
[2025-03-03 23:25:37] Epoch: 67		Loss: -0.536023	Loss Translation.: 0.493828	Loss Uncertainty: -1.029852
--ADE (5 time steps): 0.0506	--FDE (5 time steps): 0.0431
--ADE (10 time steps): 0.0664	--FDE (10 time steps): 0.0763
--ADE (15 time steps): 0.0828	--FDE (15 time steps): 0.1131
--ADE (20 time steps): 0.0998	--FDE (20 time steps): 0.1429
[INFO] Checkpoint saved to ./results/5_5_MultiSpires_2D/5_5_MultiSpires_2D/models/checkpoint_epoch_68.pth
[2025-03-03 23:25:43] Epoch: 68		Loss: -0.538880	Loss Translation.: 0.491577	Loss Uncertainty: -1.030457
--ADE (5 time steps): 0.0506	--FDE (5 time steps): 0.0430
--ADE (10 time steps): 0.0664	--FDE (10 time steps): 0.0763
--ADE (15 time steps): 0.0828	--FDE (15 time steps): 0.1133
--ADE (20 time steps): 0.0999	--FDE (20 time steps): 0.1430
[INFO] Checkpoint saved to ./results/5_5_MultiSpires_2D/5_5_MultiSpires_2D/models/checkpoint_epoch_69.pth
[2025-03-03 23:25:49] Epoch: 69		Loss: -0.541592	Loss Translation.: 0.489450	Loss Uncertainty: -1.031042
--ADE (5 time steps): 0.0506	--FDE (5 time steps): 0.0431
--ADE (10 time steps): 0.0664	--FDE (10 time steps): 0.0762
--ADE (15 time steps): 0.0829	--FDE (15 time steps): 0.1134
--ADE (20 time steps): 0.0999	--FDE (20 time steps): 0.1432
[INFO] Checkpoint saved to ./results/5_5_MultiSpires_2D/5_5_MultiSpires_2D/models/checkpoint_epoch_70.pth
[2025-03-03 23:25:56] Epoch: 70		Loss: -0.544107	Loss Translation.: 0.487549	Loss Uncertainty: -1.031656
--ADE (5 time steps): 0.0506	--FDE (5 time steps): 0.0431
--ADE (10 time steps): 0.0664	--FDE (10 time steps): 0.0762
--ADE (15 time steps): 0.0829	--FDE (15 time steps): 0.1134
--ADE (20 time steps): 0.1000	--FDE (20 time steps): 0.1433
[INFO] Checkpoint saved to ./results/5_5_MultiSpires_2D/5_5_MultiSpires_2D/models/checkpoint_epoch_71.pth
[2025-03-03 23:26:02] Epoch: 71		Loss: -0.546411	Loss Translation.: 0.485732	Loss Uncertainty: -1.032143
--ADE (5 time steps): 0.0506	--FDE (5 time steps): 0.0431
--ADE (10 time steps): 0.0664	--FDE (10 time steps): 0.0761
--ADE (15 time steps): 0.0829	--FDE (15 time steps): 0.1135
--ADE (20 time steps): 0.1000	--FDE (20 time steps): 0.1434
[INFO] Checkpoint saved to ./results/5_5_MultiSpires_2D/5_5_MultiSpires_2D/models/checkpoint_epoch_72.pth
[2025-03-03 23:26:08] Epoch: 72		Loss: -0.547573	Loss Translation.: 0.485108	Loss Uncertainty: -1.032681
--ADE (5 time steps): 0.0509	--FDE (5 time steps): 0.0429
--ADE (10 time steps): 0.0664	--FDE (10 time steps): 0.0755
--ADE (15 time steps): 0.0828	--FDE (15 time steps): 0.1144
--ADE (20 time steps): 0.1003	--FDE (20 time steps): 0.1439
[INFO] Checkpoint saved to ./results/5_5_MultiSpires_2D/5_5_MultiSpires_2D/models/checkpoint_epoch_73.pth
[2025-03-03 23:26:14] Epoch: 73		Loss: -0.547335	Loss Translation.: 0.485499	Loss Uncertainty: -1.032834
--ADE (5 time steps): 0.0510	--FDE (5 time steps): 0.0429
--ADE (10 time steps): 0.0665	--FDE (10 time steps): 0.0754
--ADE (15 time steps): 0.0829	--FDE (15 time steps): 0.1146
--ADE (20 time steps): 0.1005	--FDE (20 time steps): 0.1441
[INFO] Checkpoint saved to ./results/5_5_MultiSpires_2D/5_5_MultiSpires_2D/models/checkpoint_epoch_74.pth
[2025-03-03 23:26:21] Epoch: 74		Loss: -0.548624	Loss Translation.: 0.484430	Loss Uncertainty: -1.033054
--ADE (5 time steps): 0.0510	--FDE (5 time steps): 0.0429
--ADE (10 time steps): 0.0665	--FDE (10 time steps): 0.0753
--ADE (15 time steps): 0.0829	--FDE (15 time steps): 0.1146
--ADE (20 time steps): 0.1005	--FDE (20 time steps): 0.1441
[INFO] Checkpoint saved to ./results/5_5_MultiSpires_2D/5_5_MultiSpires_2D/models/checkpoint_epoch_75.pth
[2025-03-03 23:26:27] Epoch: 75		Loss: -0.549871	Loss Translation.: 0.483399	Loss Uncertainty: -1.033270
--ADE (5 time steps): 0.0510	--FDE (5 time steps): 0.0428
--ADE (10 time steps): 0.0666	--FDE (10 time steps): 0.0752
--ADE (15 time steps): 0.0829	--FDE (15 time steps): 0.1146
--ADE (20 time steps): 0.1005	--FDE (20 time steps): 0.1441
[INFO] Checkpoint saved to ./results/5_5_MultiSpires_2D/5_5_MultiSpires_2D/models/checkpoint_epoch_76.pth
[2025-03-03 23:26:33] Epoch: 76		Loss: -0.551071	Loss Translation.: 0.482453	Loss Uncertainty: -1.033524
--ADE (5 time steps): 0.0511	--FDE (5 time steps): 0.0428
--ADE (10 time steps): 0.0666	--FDE (10 time steps): 0.0752
--ADE (15 time steps): 0.0829	--FDE (15 time steps): 0.1146
--ADE (20 time steps): 0.1006	--FDE (20 time steps): 0.1441
[INFO] Checkpoint saved to ./results/5_5_MultiSpires_2D/5_5_MultiSpires_2D/models/checkpoint_epoch_77.pth
[2025-03-03 23:26:39] Epoch: 77		Loss: -0.552255	Loss Translation.: 0.481502	Loss Uncertainty: -1.033757
--ADE (5 time steps): 0.0511	--FDE (5 time steps): 0.0429
--ADE (10 time steps): 0.0666	--FDE (10 time steps): 0.0751
--ADE (15 time steps): 0.0829	--FDE (15 time steps): 0.1146
--ADE (20 time steps): 0.1006	--FDE (20 time steps): 0.1442
[INFO] Checkpoint saved to ./results/5_5_MultiSpires_2D/5_5_MultiSpires_2D/models/checkpoint_epoch_78.pth
[2025-03-03 23:26:45] Epoch: 78		Loss: -0.553465	Loss Translation.: 0.480563	Loss Uncertainty: -1.034028
--ADE (5 time steps): 0.0511	--FDE (5 time steps): 0.0429
--ADE (10 time steps): 0.0666	--FDE (10 time steps): 0.0750
--ADE (15 time steps): 0.0830	--FDE (15 time steps): 0.1146
--ADE (20 time steps): 0.1006	--FDE (20 time steps): 0.1442
[INFO] Checkpoint saved to ./results/5_5_MultiSpires_2D/5_5_MultiSpires_2D/models/checkpoint_epoch_79.pth
[2025-03-03 23:26:52] Epoch: 79		Loss: -0.554629	Loss Translation.: 0.479650	Loss Uncertainty: -1.034279
--ADE (5 time steps): 0.0511	--FDE (5 time steps): 0.0429
--ADE (10 time steps): 0.0667	--FDE (10 time steps): 0.0750
--ADE (15 time steps): 0.0830	--FDE (15 time steps): 0.1146
--ADE (20 time steps): 0.1006	--FDE (20 time steps): 0.1443
[INFO] Checkpoint saved to ./results/5_5_MultiSpires_2D/5_5_MultiSpires_2D/models/checkpoint_epoch_80.pth
[2025-03-03 23:26:58] Epoch: 80		Loss: -0.555170	Loss Translation.: 0.479550	Loss Uncertainty: -1.034720
--ADE (5 time steps): 0.0512	--FDE (5 time steps): 0.0425
--ADE (10 time steps): 0.0665	--FDE (10 time steps): 0.0738
--ADE (15 time steps): 0.0826	--FDE (15 time steps): 0.1143
--ADE (20 time steps): 0.1003	--FDE (20 time steps): 0.1431
[INFO] Checkpoint saved to ./results/5_5_MultiSpires_2D/5_5_MultiSpires_2D/models/checkpoint_epoch_81.pth
[2025-03-03 23:27:04] Epoch: 81		Loss: -0.556516	Loss Translation.: 0.478554	Loss Uncertainty: -1.035069
--ADE (5 time steps): 0.0512	--FDE (5 time steps): 0.0426
--ADE (10 time steps): 0.0665	--FDE (10 time steps): 0.0740
--ADE (15 time steps): 0.0827	--FDE (15 time steps): 0.1143
--ADE (20 time steps): 0.1004	--FDE (20 time steps): 0.1431
[INFO] Checkpoint saved to ./results/5_5_MultiSpires_2D/5_5_MultiSpires_2D/models/checkpoint_epoch_82.pth
[2025-03-03 23:27:10] Epoch: 82		Loss: -0.557610	Loss Translation.: 0.477703	Loss Uncertainty: -1.035313
--ADE (5 time steps): 0.0513	--FDE (5 time steps): 0.0426
--ADE (10 time steps): 0.0666	--FDE (10 time steps): 0.0740
--ADE (15 time steps): 0.0827	--FDE (15 time steps): 0.1144
--ADE (20 time steps): 0.1004	--FDE (20 time steps): 0.1431
[INFO] Checkpoint saved to ./results/5_5_MultiSpires_2D/5_5_MultiSpires_2D/models/checkpoint_epoch_83.pth
[2025-03-03 23:27:17] Epoch: 83		Loss: -0.558485	Loss Translation.: 0.477062	Loss Uncertainty: -1.035547
--ADE (5 time steps): 0.0513	--FDE (5 time steps): 0.0427
--ADE (10 time steps): 0.0666	--FDE (10 time steps): 0.0741
--ADE (15 time steps): 0.0828	--FDE (15 time steps): 0.1144
--ADE (20 time steps): 0.1005	--FDE (20 time steps): 0.1431
[INFO] Checkpoint saved to ./results/5_5_MultiSpires_2D/5_5_MultiSpires_2D/models/checkpoint_epoch_84.pth
[2025-03-03 23:27:23] Epoch: 84		Loss: -0.559305	Loss Translation.: 0.476453	Loss Uncertainty: -1.035758
--ADE (5 time steps): 0.0513	--FDE (5 time steps): 0.0427
--ADE (10 time steps): 0.0666	--FDE (10 time steps): 0.0741
--ADE (15 time steps): 0.0828	--FDE (15 time steps): 0.1144
--ADE (20 time steps): 0.1005	--FDE (20 time steps): 0.1431
[INFO] Checkpoint saved to ./results/5_5_MultiSpires_2D/5_5_MultiSpires_2D/models/checkpoint_epoch_85.pth
[2025-03-03 23:27:29] Epoch: 85		Loss: -0.560055	Loss Translation.: 0.475895	Loss Uncertainty: -1.035950
--ADE (5 time steps): 0.0513	--FDE (5 time steps): 0.0427
--ADE (10 time steps): 0.0667	--FDE (10 time steps): 0.0741
--ADE (15 time steps): 0.0828	--FDE (15 time steps): 0.1144
--ADE (20 time steps): 0.1005	--FDE (20 time steps): 0.1431
[INFO] Checkpoint saved to ./results/5_5_MultiSpires_2D/5_5_MultiSpires_2D/models/checkpoint_epoch_86.pth
[2025-03-03 23:27:35] Epoch: 86		Loss: -0.560839	Loss Translation.: 0.475305	Loss Uncertainty: -1.036145
--ADE (5 time steps): 0.0514	--FDE (5 time steps): 0.0427
--ADE (10 time steps): 0.0667	--FDE (10 time steps): 0.0741
--ADE (15 time steps): 0.0828	--FDE (15 time steps): 0.1144
--ADE (20 time steps): 0.1005	--FDE (20 time steps): 0.1432
[INFO] Checkpoint saved to ./results/5_5_MultiSpires_2D/5_5_MultiSpires_2D/models/checkpoint_epoch_87.pth
[2025-03-03 23:27:42] Epoch: 87		Loss: -0.561539	Loss Translation.: 0.474791	Loss Uncertainty: -1.036330
--ADE (5 time steps): 0.0514	--FDE (5 time steps): 0.0428
--ADE (10 time steps): 0.0667	--FDE (10 time steps): 0.0742
--ADE (15 time steps): 0.0828	--FDE (15 time steps): 0.1144
--ADE (20 time steps): 0.1005	--FDE (20 time steps): 0.1432
[INFO] Checkpoint saved to ./results/5_5_MultiSpires_2D/5_5_MultiSpires_2D/models/checkpoint_epoch_88.pth
[2025-03-03 23:27:48] Epoch: 88		Loss: -0.564305	Loss Translation.: 0.472446	Loss Uncertainty: -1.036751
--ADE (5 time steps): 0.0514	--FDE (5 time steps): 0.0427
--ADE (10 time steps): 0.0666	--FDE (10 time steps): 0.0740
--ADE (15 time steps): 0.0827	--FDE (15 time steps): 0.1144
--ADE (20 time steps): 0.1005	--FDE (20 time steps): 0.1429
[INFO] Checkpoint saved to ./results/5_5_MultiSpires_2D/5_5_MultiSpires_2D/models/checkpoint_epoch_89.pth
[2025-03-03 23:27:54] Epoch: 89		Loss: -0.565206	Loss Translation.: 0.471807	Loss Uncertainty: -1.037013
--ADE (5 time steps): 0.0514	--FDE (5 time steps): 0.0427
--ADE (10 time steps): 0.0667	--FDE (10 time steps): 0.0741
--ADE (15 time steps): 0.0828	--FDE (15 time steps): 0.1145
--ADE (20 time steps): 0.1005	--FDE (20 time steps): 0.1429
[INFO] Checkpoint saved to ./results/5_5_MultiSpires_2D/5_5_MultiSpires_2D/models/checkpoint_epoch_90.pth
[2025-03-03 23:28:00] Epoch: 90		Loss: -0.565566	Loss Translation.: 0.471554	Loss Uncertainty: -1.037119
--ADE (5 time steps): 0.0514	--FDE (5 time steps): 0.0427
--ADE (10 time steps): 0.0667	--FDE (10 time steps): 0.0741
--ADE (15 time steps): 0.0828	--FDE (15 time steps): 0.1145
--ADE (20 time steps): 0.1005	--FDE (20 time steps): 0.1429
[INFO] Checkpoint saved to ./results/5_5_MultiSpires_2D/5_5_MultiSpires_2D/models/checkpoint_epoch_91.pth
[2025-03-03 23:28:07] Epoch: 91		Loss: -0.565926	Loss Translation.: 0.471300	Loss Uncertainty: -1.037225
--ADE (5 time steps): 0.0514	--FDE (5 time steps): 0.0428
--ADE (10 time steps): 0.0667	--FDE (10 time steps): 0.0741
--ADE (15 time steps): 0.0828	--FDE (15 time steps): 0.1145
--ADE (20 time steps): 0.1005	--FDE (20 time steps): 0.1429
[INFO] Checkpoint saved to ./results/5_5_MultiSpires_2D/5_5_MultiSpires_2D/models/checkpoint_epoch_92.pth
[2025-03-03 23:28:13] Epoch: 92		Loss: -0.566274	Loss Translation.: 0.471054	Loss Uncertainty: -1.037328
--ADE (5 time steps): 0.0515	--FDE (5 time steps): 0.0428
--ADE (10 time steps): 0.0667	--FDE (10 time steps): 0.0741
--ADE (15 time steps): 0.0828	--FDE (15 time steps): 0.1145
--ADE (20 time steps): 0.1005	--FDE (20 time steps): 0.1429
[INFO] Checkpoint saved to ./results/5_5_MultiSpires_2D/5_5_MultiSpires_2D/models/checkpoint_epoch_93.pth
[2025-03-03 23:28:19] Epoch: 93		Loss: -0.566625	Loss Translation.: 0.470805	Loss Uncertainty: -1.037430
--ADE (5 time steps): 0.0515	--FDE (5 time steps): 0.0428
--ADE (10 time steps): 0.0667	--FDE (10 time steps): 0.0741
--ADE (15 time steps): 0.0828	--FDE (15 time steps): 0.1146
--ADE (20 time steps): 0.1005	--FDE (20 time steps): 0.1429
[INFO] Checkpoint saved to ./results/5_5_MultiSpires_2D/5_5_MultiSpires_2D/models/checkpoint_epoch_94.pth
[2025-03-03 23:28:25] Epoch: 94		Loss: -0.566962	Loss Translation.: 0.470564	Loss Uncertainty: -1.037526
--ADE (5 time steps): 0.0515	--FDE (5 time steps): 0.0428
--ADE (10 time steps): 0.0667	--FDE (10 time steps): 0.0741
--ADE (15 time steps): 0.0828	--FDE (15 time steps): 0.1146
--ADE (20 time steps): 0.1005	--FDE (20 time steps): 0.1429
[INFO] Checkpoint saved to ./results/5_5_MultiSpires_2D/5_5_MultiSpires_2D/models/checkpoint_epoch_95.pth
[2025-03-03 23:28:32] Epoch: 95		Loss: -0.567289	Loss Translation.: 0.470331	Loss Uncertainty: -1.037620
--ADE (5 time steps): 0.0515	--FDE (5 time steps): 0.0428
--ADE (10 time steps): 0.0667	--FDE (10 time steps): 0.0741
--ADE (15 time steps): 0.0828	--FDE (15 time steps): 0.1146
--ADE (20 time steps): 0.1006	--FDE (20 time steps): 0.1429
[INFO] Checkpoint saved to ./results/5_5_MultiSpires_2D/5_5_MultiSpires_2D/models/checkpoint_epoch_96.pth
[2025-03-03 23:28:38] Epoch: 96		Loss: -0.568760	Loss Translation.: 0.469098	Loss Uncertainty: -1.037858
--ADE (5 time steps): 0.0515	--FDE (5 time steps): 0.0428
--ADE (10 time steps): 0.0667	--FDE (10 time steps): 0.0742
--ADE (15 time steps): 0.0828	--FDE (15 time steps): 0.1146
--ADE (20 time steps): 0.1006	--FDE (20 time steps): 0.1429
[INFO] Checkpoint saved to ./results/5_5_MultiSpires_2D/5_5_MultiSpires_2D/models/checkpoint_epoch_97.pth
[2025-03-03 23:28:44] Epoch: 97		Loss: -0.568993	Loss Translation.: 0.468930	Loss Uncertainty: -1.037923
--ADE (5 time steps): 0.0515	--FDE (5 time steps): 0.0428
--ADE (10 time steps): 0.0667	--FDE (10 time steps): 0.0742
--ADE (15 time steps): 0.0828	--FDE (15 time steps): 0.1146
--ADE (20 time steps): 0.1006	--FDE (20 time steps): 0.1429
[INFO] Checkpoint saved to ./results/5_5_MultiSpires_2D/5_5_MultiSpires_2D/models/checkpoint_epoch_98.pth
[2025-03-03 23:28:50] Epoch: 98		Loss: -0.569160	Loss Translation.: 0.468819	Loss Uncertainty: -1.037979
--ADE (5 time steps): 0.0515	--FDE (5 time steps): 0.0428
--ADE (10 time steps): 0.0667	--FDE (10 time steps): 0.0742
--ADE (15 time steps): 0.0828	--FDE (15 time steps): 0.1146
--ADE (20 time steps): 0.1006	--FDE (20 time steps): 0.1429
[INFO] Checkpoint saved to ./results/5_5_MultiSpires_2D/5_5_MultiSpires_2D/models/checkpoint_epoch_99.pth
[2025-03-03 23:28:57] Epoch: 99		Loss: -0.569322	Loss Translation.: 0.468705	Loss Uncertainty: -1.038027
--ADE (5 time steps): 0.0515	--FDE (5 time steps): 0.0428
--ADE (10 time steps): 0.0667	--FDE (10 time steps): 0.0742
--ADE (15 time steps): 0.0828	--FDE (15 time steps): 0.1146
--ADE (20 time steps): 0.1006	--FDE (20 time steps): 0.1429
[INFO] Checkpoint saved to ./results/5_5_MultiSpires_2D/5_5_MultiSpires_2D/models/checkpoint_epoch_100.pth

JOB STATISTICS
==============
Job ID: 10284568
Cluster: snellius
User/Group: scur2440/scur2440
State: RUNNING
Nodes: 1
Cores per node: 18
CPU Utilized: 00:00:00
CPU Efficiency: 0.00% of 03:16:48 core-walltime
Job Wall-clock time: 00:10:56
Memory Utilized: 0.00 MB (estimated maximum)
Memory Efficiency: 0.00% of 120.00 GB (120.00 GB/node)
WARNING: Efficiency statistics may be misleading for RUNNING jobs.
