***************************************************************************************************** 
* WARNING: The 2022 software stack is deprecated. Please consider switching to
the latest 2024 * 
* software stack, or the older 2023 software stack. * 
* * 
* If you have any question, please contact us via
http://servicedesk.surfsara.nl. * 
***************************************************************************************************** 

Configuration:
description: LED
results_root_dir: results
dataset: synthetic
dimensions: 9
past_frames: 10
future_frames: 22
min_past_frames: 10
min_future_frames: 22
k_preds: 20
synthetic_gt: straight
synthetic_noise: random_independent
traj_mean: [14, 7.5]
traj_scale: 9
relative: False
normalised: False
overfitting: False
selected_trajectories: False
pretrained_core_denoising_model: ./results/checkpoints/base_diffusion_model.p
debug: False
diffusion: {'steps': 150, 'beta_start': 0.0001, 'beta_end': 0.05, 'beta_schedule': 'linear'}
lr: 0.001
train_batch_size: 32
test_batch_size: 32
num_epochs: 80
test_interval: 1
lr_scheduler: step
decay_step: 8
decay_gamma: 0.5

[INFO] SYNTHETIC dataset (1 agent).
Overfitting: False
[WARNING] Relativised / normalised loading not implemented for synthetic dataset. Poses are converted to relative within pipeline (data_preprocess).
Len dataset: 8000
Overfitting: False
[WARNING] Relativised / normalised loading not implemented for synthetic dataset. Poses are converted to relative within pipeline (data_preprocess).
Len dataset: 1000
[INFO] Now using random trajectory shuffling.

Train dataset:
Length: 8000
Total x, y and z distances travelled: 4.20000, 2.10000, 0.00000
Euclidean dist diff avg: 4.69574
Still need to implement rotation statistics

Validation dataset:
Length: 1000
Total x, y and z distances travelled: 4.20000, 2.10000, 0.00000
Euclidean dist diff avg: 4.69574
Still need to implement rotation statistics

[INFO] SYNTHETIC dataset - skip subtracting mean from absolute positions.
[INFO] Training from scratch - without pretrained models (Not NBA with frame standard configs)

[Core Denoising Model] Trainable/Total: 6592200/6592200
[Initialization Model] Trainable/Total: 7911191/7911191
[2025-04-29 21:19:47] Epoch: 1		Loss: 22.271923	Loss Translation.: 0.044918	Loss Rotation.: 0.339684	Combined Loss Dist.: 19.727749	Loss Uncertainty: 2.544174
--ADE (5 time steps): 0.2512	--FDE (5 time steps): 0.1694
--ADE (10 time steps): 0.2422	--FDE (10 time steps): 0.1601
--ADE (15 time steps): 0.2552	--FDE (15 time steps): 0.2004
--ADE (20 time steps): 0.2619	--FDE (20 time steps): 0.1668
--ADE (22 time steps): 0.2790	--FDE (22 time steps): 0.1736
[2025-04-29 21:20:30] Epoch: 2		Loss: 16.607478	Loss Translation.: 0.024221	Loss Rotation.: 0.265858	Combined Loss Dist.: 14.818497	Loss Uncertainty: 1.788981
--ADE (5 time steps): 0.1933	--FDE (5 time steps): 0.1627
--ADE (10 time steps): 0.1962	--FDE (10 time steps): 0.1481
--ADE (15 time steps): 0.1971	--FDE (15 time steps): 0.1615
--ADE (20 time steps): 0.1981	--FDE (20 time steps): 0.1668
--ADE (22 time steps): 0.2070	--FDE (22 time steps): 0.1734
[INFO] New best model! Checkpoint saved to ./results/6_3_Synthetic_Straight_Random_Independent/6_3_9D_Synthetic_Straight_Random_Independent/models/best_checkpoint_epoch_2.pth
[2025-04-29 21:21:12] Epoch: 3		Loss: 15.028353	Loss Translation.: 0.023215	Loss Rotation.: 0.240063	Combined Loss Dist.: 13.554015	Loss Uncertainty: 1.474338
--ADE (5 time steps): 0.1806	--FDE (5 time steps): 0.1670
--ADE (10 time steps): 0.1854	--FDE (10 time steps): 0.1702
--ADE (15 time steps): 0.1850	--FDE (15 time steps): 0.1547
--ADE (20 time steps): 0.1932	--FDE (20 time steps): 0.2362
--ADE (22 time steps): 0.2019	--FDE (22 time steps): 0.2517
[INFO] New best model! Checkpoint saved to ./results/6_3_Synthetic_Straight_Random_Independent/6_3_9D_Synthetic_Straight_Random_Independent/models/best_checkpoint_epoch_3.pth
[2025-04-29 21:21:55] Epoch: 4		Loss: 13.930980	Loss Translation.: 0.022428	Loss Rotation.: 0.220506	Combined Loss Dist.: 12.514549	Loss Uncertainty: 1.416430
--ADE (5 time steps): 0.1769	--FDE (5 time steps): 0.1412
--ADE (10 time steps): 0.1768	--FDE (10 time steps): 0.1532
--ADE (15 time steps): 0.1779	--FDE (15 time steps): 0.1340
--ADE (20 time steps): 0.1786	--FDE (20 time steps): 0.1299
--ADE (22 time steps): 0.1856	--FDE (22 time steps): 0.1483
[INFO] New best model! Checkpoint saved to ./results/6_3_Synthetic_Straight_Random_Independent/6_3_9D_Synthetic_Straight_Random_Independent/models/best_checkpoint_epoch_4.pth
[2025-04-29 21:22:37] Epoch: 5		Loss: 12.410242	Loss Translation.: 0.020881	Loss Rotation.: 0.191696	Combined Loss Dist.: 11.065129	Loss Uncertainty: 1.345113
--ADE (5 time steps): 0.1720	--FDE (5 time steps): 0.1527
--ADE (10 time steps): 0.1804	--FDE (10 time steps): 0.1489
--ADE (15 time steps): 0.1831	--FDE (15 time steps): 0.1543
--ADE (20 time steps): 0.1877	--FDE (20 time steps): 0.1658
--ADE (22 time steps): 0.1971	--FDE (22 time steps): 0.2494
[2025-04-29 21:23:20] Epoch: 6		Loss: 11.156858	Loss Translation.: 0.019810	Loss Rotation.: 0.171493	Combined Loss Dist.: 9.923449	Loss Uncertainty: 1.233409
--ADE (5 time steps): 0.1592	--FDE (5 time steps): 0.1401
--ADE (10 time steps): 0.1628	--FDE (10 time steps): 0.1442
--ADE (15 time steps): 0.1646	--FDE (15 time steps): 0.1467
--ADE (20 time steps): 0.1667	--FDE (20 time steps): 0.1468
--ADE (22 time steps): 0.1730	--FDE (22 time steps): 0.1903
[INFO] New best model! Checkpoint saved to ./results/6_3_Synthetic_Straight_Random_Independent/6_3_9D_Synthetic_Straight_Random_Independent/models/best_checkpoint_epoch_6.pth
[2025-04-29 21:24:02] Epoch: 7		Loss: 10.285333	Loss Translation.: 0.019356	Loss Rotation.: 0.157203	Combined Loss Dist.: 9.114579	Loss Uncertainty: 1.170754
--ADE (5 time steps): 0.1559	--FDE (5 time steps): 0.1409
--ADE (10 time steps): 0.1589	--FDE (10 time steps): 0.1372
--ADE (15 time steps): 0.1615	--FDE (15 time steps): 0.1434
--ADE (20 time steps): 0.1632	--FDE (20 time steps): 0.1502
--ADE (22 time steps): 0.1693	--FDE (22 time steps): 0.1962
[INFO] New best model! Checkpoint saved to ./results/6_3_Synthetic_Straight_Random_Independent/6_3_9D_Synthetic_Straight_Random_Independent/models/best_checkpoint_epoch_7.pth
[2025-04-29 21:24:45] Epoch: 8		Loss: 9.566049	Loss Translation.: 0.018808	Loss Rotation.: 0.143508	Combined Loss Dist.: 8.465461	Loss Uncertainty: 1.100588
--ADE (5 time steps): 0.1489	--FDE (5 time steps): 0.1379
--ADE (10 time steps): 0.1523	--FDE (10 time steps): 0.1393
--ADE (15 time steps): 0.1553	--FDE (15 time steps): 0.1480
--ADE (20 time steps): 0.1583	--FDE (20 time steps): 0.1458
--ADE (22 time steps): 0.1622	--FDE (22 time steps): 0.1606
[INFO] New best model! Checkpoint saved to ./results/6_3_Synthetic_Straight_Random_Independent/6_3_9D_Synthetic_Straight_Random_Independent/models/best_checkpoint_epoch_8.pth
[2025-04-29 21:25:27] Epoch: 9		Loss: 8.043399	Loss Translation.: 0.018401	Loss Rotation.: 0.116180	Combined Loss Dist.: 6.968564	Loss Uncertainty: 1.074835
--ADE (5 time steps): 0.1559	--FDE (5 time steps): 0.1466
--ADE (10 time steps): 0.1582	--FDE (10 time steps): 0.1486
--ADE (15 time steps): 0.1591	--FDE (15 time steps): 0.1477
--ADE (20 time steps): 0.1607	--FDE (20 time steps): 0.1568
--ADE (22 time steps): 0.1642	--FDE (22 time steps): 0.1907
[2025-04-29 21:26:09] Epoch: 10		Loss: 7.877881	Loss Translation.: 0.018322	Loss Rotation.: 0.114878	Combined Loss Dist.: 6.922114	Loss Uncertainty: 0.955767
--ADE (5 time steps): 0.1508	--FDE (5 time steps): 0.1441
--ADE (10 time steps): 0.1562	--FDE (10 time steps): 0.1436
--ADE (15 time steps): 0.1587	--FDE (15 time steps): 0.1455
--ADE (20 time steps): 0.1596	--FDE (20 time steps): 0.1530
--ADE (22 time steps): 0.1620	--FDE (22 time steps): 0.1728
[INFO] New best model! Checkpoint saved to ./results/6_3_Synthetic_Straight_Random_Independent/6_3_9D_Synthetic_Straight_Random_Independent/models/best_checkpoint_epoch_10.pth
[2025-04-29 21:26:52] Epoch: 11		Loss: 7.812068	Loss Translation.: 0.018632	Loss Rotation.: 0.114574	Combined Loss Dist.: 6.896504	Loss Uncertainty: 0.915564
--ADE (5 time steps): 0.1490	--FDE (5 time steps): 0.1435
--ADE (10 time steps): 0.1524	--FDE (10 time steps): 0.1447
--ADE (15 time steps): 0.1536	--FDE (15 time steps): 0.1460
--ADE (20 time steps): 0.1554	--FDE (20 time steps): 0.1580
--ADE (22 time steps): 0.1620	--FDE (22 time steps): 0.2609
[2025-04-29 21:27:34] Epoch: 12		Loss: 7.694428	Loss Translation.: 0.018319	Loss Rotation.: 0.113366	Combined Loss Dist.: 6.842197	Loss Uncertainty: 0.852231
--ADE (5 time steps): 0.1532	--FDE (5 time steps): 0.1471
--ADE (10 time steps): 0.1548	--FDE (10 time steps): 0.1434
--ADE (15 time steps): 0.1566	--FDE (15 time steps): 0.1402
--ADE (20 time steps): 0.1582	--FDE (20 time steps): 0.1502
--ADE (22 time steps): 0.1622	--FDE (22 time steps): 0.2079
[2025-04-29 21:28:17] Epoch: 13		Loss: 7.770895	Loss Translation.: 0.018665	Loss Rotation.: 0.115534	Combined Loss Dist.: 6.947359	Loss Uncertainty: 0.823537
--ADE (5 time steps): 0.1542	--FDE (5 time steps): 0.1461
--ADE (10 time steps): 0.1677	--FDE (10 time steps): 0.1457
--ADE (15 time steps): 0.1755	--FDE (15 time steps): 0.1636
--ADE (20 time steps): 0.1864	--FDE (20 time steps): 0.1768
--ADE (22 time steps): 0.1875	--FDE (22 time steps): 0.1703
[2025-04-29 21:28:59] Epoch: 14		Loss: 7.482421	Loss Translation.: 0.019156	Loss Rotation.: 0.110477	Combined Loss Dist.: 6.734055	Loss Uncertainty: 0.748366
--ADE (5 time steps): 0.1585	--FDE (5 time steps): 0.1542
--ADE (10 time steps): 0.1606	--FDE (10 time steps): 0.1469
--ADE (15 time steps): 0.1607	--FDE (15 time steps): 0.1539
--ADE (20 time steps): 0.1618	--FDE (20 time steps): 0.1572
--ADE (22 time steps): 0.1644	--FDE (22 time steps): 0.1765
[2025-04-29 21:29:42] Epoch: 15		Loss: 7.603263	Loss Translation.: 0.018477	Loss Rotation.: 0.114408	Combined Loss Dist.: 6.902948	Loss Uncertainty: 0.700315
--ADE (5 time steps): 0.1528	--FDE (5 time steps): 0.1424
--ADE (10 time steps): 0.1549	--FDE (10 time steps): 0.1434
--ADE (15 time steps): 0.1656	--FDE (15 time steps): 0.1412
--ADE (20 time steps): 0.1692	--FDE (20 time steps): 0.1555
--ADE (22 time steps): 0.1719	--FDE (22 time steps): 0.1908
[2025-04-29 21:30:24] Epoch: 16		Loss: 7.230495	Loss Translation.: 0.018848	Loss Rotation.: 0.107336	Combined Loss Dist.: 6.540028	Loss Uncertainty: 0.690467
--ADE (5 time steps): 0.1452	--FDE (5 time steps): 0.1415
--ADE (10 time steps): 0.1483	--FDE (10 time steps): 0.1287
--ADE (15 time steps): 0.1489	--FDE (15 time steps): 0.1386
--ADE (20 time steps): 0.1493	--FDE (20 time steps): 0.1389
--ADE (22 time steps): 0.1542	--FDE (22 time steps): 0.2139
[INFO] New best model! Checkpoint saved to ./results/6_3_Synthetic_Straight_Random_Independent/6_3_9D_Synthetic_Straight_Random_Independent/models/best_checkpoint_epoch_16.pth
[2025-04-29 21:31:06] Epoch: 17		Loss: 6.721866	Loss Translation.: 0.018919	Loss Rotation.: 0.098719	Combined Loss Dist.: 6.082529	Loss Uncertainty: 0.639337
--ADE (5 time steps): 0.1569	--FDE (5 time steps): 0.1401
--ADE (10 time steps): 0.1679	--FDE (10 time steps): 0.1457
--ADE (15 time steps): 0.1707	--FDE (15 time steps): 0.1502
--ADE (20 time steps): 0.1717	--FDE (20 time steps): 0.1609
--ADE (22 time steps): 0.1741	--FDE (22 time steps): 0.2013
[2025-04-29 21:31:49] Epoch: 18		Loss: 6.812806	Loss Translation.: 0.019131	Loss Rotation.: 0.100599	Combined Loss Dist.: 6.187515	Loss Uncertainty: 0.625291
--ADE (5 time steps): 0.1444	--FDE (5 time steps): 0.1376
--ADE (10 time steps): 0.1498	--FDE (10 time steps): 0.1408
--ADE (15 time steps): 0.1559	--FDE (15 time steps): 0.1438
--ADE (20 time steps): 0.1659	--FDE (20 time steps): 0.1599
--ADE (22 time steps): 0.1691	--FDE (22 time steps): 0.2118
[2025-04-29 21:32:31] Epoch: 19		Loss: 6.389965	Loss Translation.: 0.018883	Loss Rotation.: 0.092119	Combined Loss Dist.: 5.758059	Loss Uncertainty: 0.631906
--ADE (5 time steps): 0.1507	--FDE (5 time steps): 0.1418
--ADE (10 time steps): 0.1521	--FDE (10 time steps): 0.1451
--ADE (15 time steps): 0.1565	--FDE (15 time steps): 0.1448
--ADE (20 time steps): 0.1628	--FDE (20 time steps): 0.1504
--ADE (22 time steps): 0.1655	--FDE (22 time steps): 0.1864
[2025-04-29 21:33:14] Epoch: 20		Loss: 6.148900	Loss Translation.: 0.018858	Loss Rotation.: 0.088877	Combined Loss Dist.: 5.575453	Loss Uncertainty: 0.573447
--ADE (5 time steps): 0.1574	--FDE (5 time steps): 0.1485
--ADE (10 time steps): 0.1600	--FDE (10 time steps): 0.1501
--ADE (15 time steps): 0.1619	--FDE (15 time steps): 0.1510
--ADE (20 time steps): 0.1654	--FDE (20 time steps): 0.1613
--ADE (22 time steps): 0.1696	--FDE (22 time steps): 0.2305
[2025-04-29 21:33:56] Epoch: 21		Loss: 6.117955	Loss Translation.: 0.018436	Loss Rotation.: 0.088738	Combined Loss Dist.: 5.542068	Loss Uncertainty: 0.575887
--ADE (5 time steps): 0.1461	--FDE (5 time steps): 0.1392
--ADE (10 time steps): 0.1473	--FDE (10 time steps): 0.1429
--ADE (15 time steps): 0.1551	--FDE (15 time steps): 0.1451
--ADE (20 time steps): 0.1563	--FDE (20 time steps): 0.1482
--ADE (22 time steps): 0.1590	--FDE (22 time steps): 0.1933
[2025-04-29 21:34:38] Epoch: 22		Loss: 6.001031	Loss Translation.: 0.018233	Loss Rotation.: 0.086615	Combined Loss Dist.: 5.440863	Loss Uncertainty: 0.560169
--ADE (5 time steps): 0.1461	--FDE (5 time steps): 0.1396
--ADE (10 time steps): 0.1464	--FDE (10 time steps): 0.1414
--ADE (15 time steps): 0.1486	--FDE (15 time steps): 0.1461
--ADE (20 time steps): 0.1540	--FDE (20 time steps): 0.1534
--ADE (22 time steps): 0.1577	--FDE (22 time steps): 0.2111
[2025-04-29 21:35:21] Epoch: 23		Loss: 6.014606	Loss Translation.: 0.018200	Loss Rotation.: 0.087653	Combined Loss Dist.: 5.486157	Loss Uncertainty: 0.528449
--ADE (5 time steps): 0.1489	--FDE (5 time steps): 0.1452
--ADE (10 time steps): 0.1499	--FDE (10 time steps): 0.1459
--ADE (15 time steps): 0.1505	--FDE (15 time steps): 0.1487
--ADE (20 time steps): 0.1510	--FDE (20 time steps): 0.1486
--ADE (22 time steps): 0.1539	--FDE (22 time steps): 0.1952
[INFO] New best model! Checkpoint saved to ./results/6_3_Synthetic_Straight_Random_Independent/6_3_9D_Synthetic_Straight_Random_Independent/models/best_checkpoint_epoch_23.pth
[2025-04-29 21:36:03] Epoch: 24		Loss: 5.934678	Loss Translation.: 0.018392	Loss Rotation.: 0.086079	Combined Loss Dist.: 5.412035	Loss Uncertainty: 0.522642
--ADE (5 time steps): 0.1547	--FDE (5 time steps): 0.1435
--ADE (10 time steps): 0.1548	--FDE (10 time steps): 0.1434
--ADE (15 time steps): 0.1559	--FDE (15 time steps): 0.1432
--ADE (20 time steps): 0.1607	--FDE (20 time steps): 0.1517
--ADE (22 time steps): 0.1643	--FDE (22 time steps): 0.2064
[2025-04-29 21:36:46] Epoch: 25		Loss: 5.651653	Loss Translation.: 0.018826	Loss Rotation.: 0.080604	Combined Loss Dist.: 5.120378	Loss Uncertainty: 0.531275
--ADE (5 time steps): 0.1655	--FDE (5 time steps): 0.1601
--ADE (10 time steps): 0.1664	--FDE (10 time steps): 0.1612
--ADE (15 time steps): 0.1667	--FDE (15 time steps): 0.1608
--ADE (20 time steps): 0.1677	--FDE (20 time steps): 0.1613
--ADE (22 time steps): 0.1701	--FDE (22 time steps): 0.1960
[2025-04-29 21:37:28] Epoch: 26		Loss: 5.525797	Loss Translation.: 0.018968	Loss Rotation.: 0.078724	Combined Loss Dist.: 5.020265	Loss Uncertainty: 0.505531
--ADE (5 time steps): 0.1628	--FDE (5 time steps): 0.1580
--ADE (10 time steps): 0.1631	--FDE (10 time steps): 0.1594
--ADE (15 time steps): 0.1633	--FDE (15 time steps): 0.1578
--ADE (20 time steps): 0.1636	--FDE (20 time steps): 0.1583
--ADE (22 time steps): 0.1660	--FDE (22 time steps): 0.1928
[2025-04-29 21:38:10] Epoch: 27		Loss: 5.486650	Loss Translation.: 0.018755	Loss Rotation.: 0.078360	Combined Loss Dist.: 4.996209	Loss Uncertainty: 0.490441
--ADE (5 time steps): 0.1447	--FDE (5 time steps): 0.1414
--ADE (10 time steps): 0.1518	--FDE (10 time steps): 0.1427
--ADE (15 time steps): 0.1517	--FDE (15 time steps): 0.1467
--ADE (20 time steps): 0.1610	--FDE (20 time steps): 0.1552
--ADE (22 time steps): 0.1633	--FDE (22 time steps): 0.1911
[2025-04-29 21:38:53] Epoch: 28		Loss: 5.462315	Loss Translation.: 0.018757	Loss Rotation.: 0.077909	Combined Loss Dist.: 4.984904	Loss Uncertainty: 0.477411
--ADE (5 time steps): 0.1535	--FDE (5 time steps): 0.1495
--ADE (10 time steps): 0.1594	--FDE (10 time steps): 0.1495
--ADE (15 time steps): 0.1609	--FDE (15 time steps): 0.1526
--ADE (20 time steps): 0.1635	--FDE (20 time steps): 0.1538
--ADE (22 time steps): 0.1656	--FDE (22 time steps): 0.1934
[2025-04-29 21:39:35] Epoch: 29		Loss: 5.458359	Loss Translation.: 0.018779	Loss Rotation.: 0.077711	Combined Loss Dist.: 4.994207	Loss Uncertainty: 0.464151
--ADE (5 time steps): 0.1605	--FDE (5 time steps): 0.1560
--ADE (10 time steps): 0.1610	--FDE (10 time steps): 0.1562
--ADE (15 time steps): 0.1638	--FDE (15 time steps): 0.1583
--ADE (20 time steps): 0.1639	--FDE (20 time steps): 0.1561
--ADE (22 time steps): 0.1667	--FDE (22 time steps): 0.2041
[2025-04-29 21:40:17] Epoch: 30		Loss: 5.354945	Loss Translation.: 0.018709	Loss Rotation.: 0.074744	Combined Loss Dist.: 4.877221	Loss Uncertainty: 0.477724
--ADE (5 time steps): 0.1558	--FDE (5 time steps): 0.1521
--ADE (10 time steps): 0.1582	--FDE (10 time steps): 0.1524
--ADE (15 time steps): 0.1609	--FDE (15 time steps): 0.1527
--ADE (20 time steps): 0.1610	--FDE (20 time steps): 0.1555
--ADE (22 time steps): 0.1636	--FDE (22 time steps): 0.1908
[2025-04-29 21:41:00] Epoch: 31		Loss: 5.283478	Loss Translation.: 0.018732	Loss Rotation.: 0.074082	Combined Loss Dist.: 4.822037	Loss Uncertainty: 0.461441
--ADE (5 time steps): 0.1601	--FDE (5 time steps): 0.1558
--ADE (10 time steps): 0.1620	--FDE (10 time steps): 0.1565
--ADE (15 time steps): 0.1630	--FDE (15 time steps): 0.1545
--ADE (20 time steps): 0.1629	--FDE (20 time steps): 0.1538
--ADE (22 time steps): 0.1653	--FDE (22 time steps): 0.1890
[2025-04-29 21:41:42] Epoch: 32		Loss: 5.307099	Loss Translation.: 0.018707	Loss Rotation.: 0.074268	Combined Loss Dist.: 4.854690	Loss Uncertainty: 0.452409
--ADE (5 time steps): 0.1587	--FDE (5 time steps): 0.1551
--ADE (10 time steps): 0.1611	--FDE (10 time steps): 0.1541
--ADE (15 time steps): 0.1615	--FDE (15 time steps): 0.1544
--ADE (20 time steps): 0.1614	--FDE (20 time steps): 0.1536
--ADE (22 time steps): 0.1638	--FDE (22 time steps): 0.1860
[2025-04-29 21:42:25] Epoch: 33		Loss: 5.063461	Loss Translation.: 0.018944	Loss Rotation.: 0.069227	Combined Loss Dist.: 4.582338	Loss Uncertainty: 0.481123
--ADE (5 time steps): 0.1575	--FDE (5 time steps): 0.1561
--ADE (10 time steps): 0.1605	--FDE (10 time steps): 0.1542
--ADE (15 time steps): 0.1616	--FDE (15 time steps): 0.1564
--ADE (20 time steps): 0.1618	--FDE (20 time steps): 0.1570
--ADE (22 time steps): 0.1644	--FDE (22 time steps): 0.1945
[2025-04-29 21:43:07] Epoch: 34		Loss: 4.966194	Loss Translation.: 0.018963	Loss Rotation.: 0.067722	Combined Loss Dist.: 4.509821	Loss Uncertainty: 0.456373
--ADE (5 time steps): 0.1552	--FDE (5 time steps): 0.1519
--ADE (10 time steps): 0.1581	--FDE (10 time steps): 0.1522
--ADE (15 time steps): 0.1581	--FDE (15 time steps): 0.1507
--ADE (20 time steps): 0.1613	--FDE (20 time steps): 0.1561
--ADE (22 time steps): 0.1635	--FDE (22 time steps): 0.1863
[2025-04-29 21:43:49] Epoch: 35		Loss: 4.998100	Loss Translation.: 0.018966	Loss Rotation.: 0.068784	Combined Loss Dist.: 4.551250	Loss Uncertainty: 0.446851
--ADE (5 time steps): 0.1605	--FDE (5 time steps): 0.1562
--ADE (10 time steps): 0.1620	--FDE (10 time steps): 0.1560
--ADE (15 time steps): 0.1623	--FDE (15 time steps): 0.1567
--ADE (20 time steps): 0.1639	--FDE (20 time steps): 0.1574
--ADE (22 time steps): 0.1659	--FDE (22 time steps): 0.1828
[2025-04-29 21:44:31] Epoch: 36		Loss: 4.887915	Loss Translation.: 0.019091	Loss Rotation.: 0.066659	Combined Loss Dist.: 4.442590	Loss Uncertainty: 0.445325
--ADE (5 time steps): 0.1575	--FDE (5 time steps): 0.1542
--ADE (10 time steps): 0.1593	--FDE (10 time steps): 0.1544
--ADE (15 time steps): 0.1607	--FDE (15 time steps): 0.1548
--ADE (20 time steps): 0.1633	--FDE (20 time steps): 0.1569
--ADE (22 time steps): 0.1654	--FDE (22 time steps): 0.1817
[2025-04-29 21:45:14] Epoch: 37		Loss: 4.875415	Loss Translation.: 0.019036	Loss Rotation.: 0.066691	Combined Loss Dist.: 4.442892	Loss Uncertainty: 0.432523
--ADE (5 time steps): 0.1600	--FDE (5 time steps): 0.1569
--ADE (10 time steps): 0.1622	--FDE (10 time steps): 0.1567
--ADE (15 time steps): 0.1629	--FDE (15 time steps): 0.1570
--ADE (20 time steps): 0.1630	--FDE (20 time steps): 0.1561
--ADE (22 time steps): 0.1651	--FDE (22 time steps): 0.1830
[2025-04-29 21:45:56] Epoch: 38		Loss: 4.797425	Loss Translation.: 0.018956	Loss Rotation.: 0.065391	Combined Loss Dist.: 4.370413	Loss Uncertainty: 0.427012
--ADE (5 time steps): 0.1584	--FDE (5 time steps): 0.1549
--ADE (10 time steps): 0.1601	--FDE (10 time steps): 0.1546
--ADE (15 time steps): 0.1614	--FDE (15 time steps): 0.1553
--ADE (20 time steps): 0.1615	--FDE (20 time steps): 0.1566
--ADE (22 time steps): 0.1639	--FDE (22 time steps): 0.1862
[2025-04-29 21:46:39] Epoch: 39		Loss: 4.938882	Loss Translation.: 0.018880	Loss Rotation.: 0.068188	Combined Loss Dist.: 4.522227	Loss Uncertainty: 0.416655
--ADE (5 time steps): 0.1578	--FDE (5 time steps): 0.1553
--ADE (10 time steps): 0.1615	--FDE (10 time steps): 0.1541
--ADE (15 time steps): 0.1629	--FDE (15 time steps): 0.1562
--ADE (20 time steps): 0.1630	--FDE (20 time steps): 0.1579
--ADE (22 time steps): 0.1650	--FDE (22 time steps): 0.1822
[2025-04-29 21:47:21] Epoch: 40		Loss: 4.791658	Loss Translation.: 0.018975	Loss Rotation.: 0.065137	Combined Loss Dist.: 4.372629	Loss Uncertainty: 0.419029
--ADE (5 time steps): 0.1609	--FDE (5 time steps): 0.1576
--ADE (10 time steps): 0.1617	--FDE (10 time steps): 0.1558
--ADE (15 time steps): 0.1626	--FDE (15 time steps): 0.1565
--ADE (20 time steps): 0.1636	--FDE (20 time steps): 0.1572
--ADE (22 time steps): 0.1658	--FDE (22 time steps): 0.1870
[2025-04-29 21:48:03] Epoch: 41		Loss: 4.704802	Loss Translation.: 0.019027	Loss Rotation.: 0.063500	Combined Loss Dist.: 4.288968	Loss Uncertainty: 0.415834
--ADE (5 time steps): 0.1589	--FDE (5 time steps): 0.1565
--ADE (10 time steps): 0.1602	--FDE (10 time steps): 0.1554
--ADE (15 time steps): 0.1631	--FDE (15 time steps): 0.1583
--ADE (20 time steps): 0.1653	--FDE (20 time steps): 0.1578
--ADE (22 time steps): 0.1675	--FDE (22 time steps): 0.1878
[2025-04-29 21:48:46] Epoch: 42		Loss: 4.636566	Loss Translation.: 0.019146	Loss Rotation.: 0.062295	Combined Loss Dist.: 4.224416	Loss Uncertainty: 0.412150
--ADE (5 time steps): 0.1571	--FDE (5 time steps): 0.1549
--ADE (10 time steps): 0.1588	--FDE (10 time steps): 0.1546
--ADE (15 time steps): 0.1616	--FDE (15 time steps): 0.1570
--ADE (20 time steps): 0.1647	--FDE (20 time steps): 0.1591
--ADE (22 time steps): 0.1669	--FDE (22 time steps): 0.1901
[2025-04-29 21:49:28] Epoch: 43		Loss: 4.626415	Loss Translation.: 0.019189	Loss Rotation.: 0.062108	Combined Loss Dist.: 4.214432	Loss Uncertainty: 0.411983
--ADE (5 time steps): 0.1574	--FDE (5 time steps): 0.1556
--ADE (10 time steps): 0.1590	--FDE (10 time steps): 0.1553
--ADE (15 time steps): 0.1613	--FDE (15 time steps): 0.1570
--ADE (20 time steps): 0.1661	--FDE (20 time steps): 0.1612
--ADE (22 time steps): 0.1685	--FDE (22 time steps): 0.1958
[2025-04-29 21:50:11] Epoch: 44		Loss: 4.590016	Loss Translation.: 0.019158	Loss Rotation.: 0.061565	Combined Loss Dist.: 4.181391	Loss Uncertainty: 0.408625
--ADE (5 time steps): 0.1574	--FDE (5 time steps): 0.1557
--ADE (10 time steps): 0.1601	--FDE (10 time steps): 0.1552
--ADE (15 time steps): 0.1627	--FDE (15 time steps): 0.1578
--ADE (20 time steps): 0.1651	--FDE (20 time steps): 0.1596
--ADE (22 time steps): 0.1673	--FDE (22 time steps): 0.1920
[2025-04-29 21:50:53] Epoch: 45		Loss: 4.562654	Loss Translation.: 0.019168	Loss Rotation.: 0.060927	Combined Loss Dist.: 4.156026	Loss Uncertainty: 0.406628
--ADE (5 time steps): 0.1583	--FDE (5 time steps): 0.1563
--ADE (10 time steps): 0.1615	--FDE (10 time steps): 0.1559
--ADE (15 time steps): 0.1634	--FDE (15 time steps): 0.1580
--ADE (20 time steps): 0.1650	--FDE (20 time steps): 0.1604
--ADE (22 time steps): 0.1672	--FDE (22 time steps): 0.1920
[2025-04-29 21:51:36] Epoch: 46		Loss: 4.567972	Loss Translation.: 0.019115	Loss Rotation.: 0.061165	Combined Loss Dist.: 4.163812	Loss Uncertainty: 0.404160
--ADE (5 time steps): 0.1599	--FDE (5 time steps): 0.1577
--ADE (10 time steps): 0.1624	--FDE (10 time steps): 0.1576
--ADE (15 time steps): 0.1639	--FDE (15 time steps): 0.1589
--ADE (20 time steps): 0.1651	--FDE (20 time steps): 0.1612
--ADE (22 time steps): 0.1675	--FDE (22 time steps): 0.1959
[2025-04-29 21:52:18] Epoch: 47		Loss: 4.541777	Loss Translation.: 0.019114	Loss Rotation.: 0.060599	Combined Loss Dist.: 4.140891	Loss Uncertainty: 0.400885
--ADE (5 time steps): 0.1590	--FDE (5 time steps): 0.1569
--ADE (10 time steps): 0.1627	--FDE (10 time steps): 0.1563
--ADE (15 time steps): 0.1637	--FDE (15 time steps): 0.1575
--ADE (20 time steps): 0.1651	--FDE (20 time steps): 0.1606
--ADE (22 time steps): 0.1673	--FDE (22 time steps): 0.1931
[2025-04-29 21:53:00] Epoch: 48		Loss: 4.505519	Loss Translation.: 0.019156	Loss Rotation.: 0.060016	Combined Loss Dist.: 4.105002	Loss Uncertainty: 0.400517
--ADE (5 time steps): 0.1596	--FDE (5 time steps): 0.1573
--ADE (10 time steps): 0.1625	--FDE (10 time steps): 0.1573
--ADE (15 time steps): 0.1632	--FDE (15 time steps): 0.1580
--ADE (20 time steps): 0.1646	--FDE (20 time steps): 0.1611
--ADE (22 time steps): 0.1670	--FDE (22 time steps): 0.1972
[2025-04-29 21:53:43] Epoch: 49		Loss: 4.479422	Loss Translation.: 0.019130	Loss Rotation.: 0.059455	Combined Loss Dist.: 4.080713	Loss Uncertainty: 0.398709
--ADE (5 time steps): 0.1603	--FDE (5 time steps): 0.1576
--ADE (10 time steps): 0.1629	--FDE (10 time steps): 0.1577
--ADE (15 time steps): 0.1636	--FDE (15 time steps): 0.1585
--ADE (20 time steps): 0.1651	--FDE (20 time steps): 0.1603
--ADE (22 time steps): 0.1673	--FDE (22 time steps): 0.1948
[2025-04-29 21:54:25] Epoch: 50		Loss: 4.459898	Loss Translation.: 0.019059	Loss Rotation.: 0.059105	Combined Loss Dist.: 4.061774	Loss Uncertainty: 0.398124
--ADE (5 time steps): 0.1597	--FDE (5 time steps): 0.1569
--ADE (10 time steps): 0.1622	--FDE (10 time steps): 0.1569
--ADE (15 time steps): 0.1628	--FDE (15 time steps): 0.1576
--ADE (20 time steps): 0.1642	--FDE (20 time steps): 0.1595
--ADE (22 time steps): 0.1663	--FDE (22 time steps): 0.1939
[2025-04-29 21:55:07] Epoch: 51		Loss: 4.439691	Loss Translation.: 0.019017	Loss Rotation.: 0.058730	Combined Loss Dist.: 4.041959	Loss Uncertainty: 0.397732
--ADE (5 time steps): 0.1587	--FDE (5 time steps): 0.1561
--ADE (10 time steps): 0.1616	--FDE (10 time steps): 0.1560
--ADE (15 time steps): 0.1620	--FDE (15 time steps): 0.1567
--ADE (20 time steps): 0.1640	--FDE (20 time steps): 0.1593
--ADE (22 time steps): 0.1661	--FDE (22 time steps): 0.1938
[2025-04-29 21:55:50] Epoch: 52		Loss: 4.430291	Loss Translation.: 0.018981	Loss Rotation.: 0.058586	Combined Loss Dist.: 4.033593	Loss Uncertainty: 0.396697
--ADE (5 time steps): 0.1590	--FDE (5 time steps): 0.1565
--ADE (10 time steps): 0.1624	--FDE (10 time steps): 0.1564
--ADE (15 time steps): 0.1629	--FDE (15 time steps): 0.1574
--ADE (20 time steps): 0.1639	--FDE (20 time steps): 0.1594
--ADE (22 time steps): 0.1661	--FDE (22 time steps): 0.1941
[2025-04-29 21:56:32] Epoch: 53		Loss: 4.402830	Loss Translation.: 0.019003	Loss Rotation.: 0.058092	Combined Loss Dist.: 4.006916	Loss Uncertainty: 0.395915
--ADE (5 time steps): 0.1593	--FDE (5 time steps): 0.1571
--ADE (10 time steps): 0.1634	--FDE (10 time steps): 0.1567
--ADE (15 time steps): 0.1640	--FDE (15 time steps): 0.1583
--ADE (20 time steps): 0.1647	--FDE (20 time steps): 0.1596
--ADE (22 time steps): 0.1668	--FDE (22 time steps): 0.1954
[2025-04-29 21:57:14] Epoch: 54		Loss: 4.397305	Loss Translation.: 0.019043	Loss Rotation.: 0.057970	Combined Loss Dist.: 4.002742	Loss Uncertainty: 0.394564
--ADE (5 time steps): 0.1590	--FDE (5 time steps): 0.1569
--ADE (10 time steps): 0.1633	--FDE (10 time steps): 0.1564
--ADE (15 time steps): 0.1638	--FDE (15 time steps): 0.1578
--ADE (20 time steps): 0.1650	--FDE (20 time steps): 0.1598
--ADE (22 time steps): 0.1672	--FDE (22 time steps): 0.1950
[2025-04-29 21:57:57] Epoch: 55		Loss: 4.377700	Loss Translation.: 0.019035	Loss Rotation.: 0.057642	Combined Loss Dist.: 3.983591	Loss Uncertainty: 0.394110
--ADE (5 time steps): 0.1584	--FDE (5 time steps): 0.1565
--ADE (10 time steps): 0.1625	--FDE (10 time steps): 0.1562
--ADE (15 time steps): 0.1630	--FDE (15 time steps): 0.1573
--ADE (20 time steps): 0.1647	--FDE (20 time steps): 0.1599
--ADE (22 time steps): 0.1669	--FDE (22 time steps): 0.1952
[2025-04-29 21:58:39] Epoch: 56		Loss: 4.359495	Loss Translation.: 0.019037	Loss Rotation.: 0.057293	Combined Loss Dist.: 3.966336	Loss Uncertainty: 0.393159
--ADE (5 time steps): 0.1586	--FDE (5 time steps): 0.1567
--ADE (10 time steps): 0.1628	--FDE (10 time steps): 0.1564
--ADE (15 time steps): 0.1634	--FDE (15 time steps): 0.1578
--ADE (20 time steps): 0.1650	--FDE (20 time steps): 0.1599
--ADE (22 time steps): 0.1672	--FDE (22 time steps): 0.1960
[2025-04-29 21:59:22] Epoch: 57		Loss: 4.381416	Loss Translation.: 0.019061	Loss Rotation.: 0.057755	Combined Loss Dist.: 3.989688	Loss Uncertainty: 0.391728
--ADE (5 time steps): 0.1590	--FDE (5 time steps): 0.1567
--ADE (10 time steps): 0.1633	--FDE (10 time steps): 0.1562
--ADE (15 time steps): 0.1640	--FDE (15 time steps): 0.1581
--ADE (20 time steps): 0.1651	--FDE (20 time steps): 0.1593
--ADE (22 time steps): 0.1671	--FDE (22 time steps): 0.1926
[2025-04-29 22:00:04] Epoch: 58		Loss: 4.368020	Loss Translation.: 0.019049	Loss Rotation.: 0.057551	Combined Loss Dist.: 3.976488	Loss Uncertainty: 0.391532
--ADE (5 time steps): 0.1591	--FDE (5 time steps): 0.1568
--ADE (10 time steps): 0.1634	--FDE (10 time steps): 0.1562
--ADE (15 time steps): 0.1640	--FDE (15 time steps): 0.1582
--ADE (20 time steps): 0.1648	--FDE (20 time steps): 0.1590
--ADE (22 time steps): 0.1668	--FDE (22 time steps): 0.1925
[2025-04-29 22:00:46] Epoch: 59		Loss: 4.361968	Loss Translation.: 0.019018	Loss Rotation.: 0.057434	Combined Loss Dist.: 3.970565	Loss Uncertainty: 0.391403
--ADE (5 time steps): 0.1589	--FDE (5 time steps): 0.1567
--ADE (10 time steps): 0.1633	--FDE (10 time steps): 0.1561
--ADE (15 time steps): 0.1640	--FDE (15 time steps): 0.1582
--ADE (20 time steps): 0.1646	--FDE (20 time steps): 0.1589
--ADE (22 time steps): 0.1666	--FDE (22 time steps): 0.1926
[2025-04-29 22:01:29] Epoch: 60		Loss: 4.353537	Loss Translation.: 0.019001	Loss Rotation.: 0.057276	Combined Loss Dist.: 3.962591	Loss Uncertainty: 0.390947
--ADE (5 time steps): 0.1590	--FDE (5 time steps): 0.1568
--ADE (10 time steps): 0.1634	--FDE (10 time steps): 0.1560
--ADE (15 time steps): 0.1641	--FDE (15 time steps): 0.1583
--ADE (20 time steps): 0.1646	--FDE (20 time steps): 0.1589
--ADE (22 time steps): 0.1666	--FDE (22 time steps): 0.1925
[2025-04-29 22:02:11] Epoch: 61		Loss: 4.345898	Loss Translation.: 0.019001	Loss Rotation.: 0.057137	Combined Loss Dist.: 3.955384	Loss Uncertainty: 0.390514
--ADE (5 time steps): 0.1589	--FDE (5 time steps): 0.1568
--ADE (10 time steps): 0.1635	--FDE (10 time steps): 0.1559
--ADE (15 time steps): 0.1642	--FDE (15 time steps): 0.1582
--ADE (20 time steps): 0.1646	--FDE (20 time steps): 0.1589
--ADE (22 time steps): 0.1666	--FDE (22 time steps): 0.1925
[2025-04-29 22:02:53] Epoch: 62		Loss: 4.340205	Loss Translation.: 0.019003	Loss Rotation.: 0.057025	Combined Loss Dist.: 3.950303	Loss Uncertainty: 0.389902
--ADE (5 time steps): 0.1589	--FDE (5 time steps): 0.1568
--ADE (10 time steps): 0.1635	--FDE (10 time steps): 0.1560
--ADE (15 time steps): 0.1642	--FDE (15 time steps): 0.1584
--ADE (20 time steps): 0.1647	--FDE (20 time steps): 0.1590
--ADE (22 time steps): 0.1667	--FDE (22 time steps): 0.1925
[2025-04-29 22:03:36] Epoch: 63		Loss: 4.330586	Loss Translation.: 0.019004	Loss Rotation.: 0.056853	Combined Loss Dist.: 3.941572	Loss Uncertainty: 0.389015
--ADE (5 time steps): 0.1593	--FDE (5 time steps): 0.1572
--ADE (10 time steps): 0.1636	--FDE (10 time steps): 0.1563
--ADE (15 time steps): 0.1643	--FDE (15 time steps): 0.1586
--ADE (20 time steps): 0.1647	--FDE (20 time steps): 0.1590
--ADE (22 time steps): 0.1667	--FDE (22 time steps): 0.1924
[2025-04-29 22:04:18] Epoch: 64		Loss: 4.322419	Loss Translation.: 0.018999	Loss Rotation.: 0.056721	Combined Loss Dist.: 3.933788	Loss Uncertainty: 0.388631
--ADE (5 time steps): 0.1596	--FDE (5 time steps): 0.1575
--ADE (10 time steps): 0.1635	--FDE (10 time steps): 0.1567
--ADE (15 time steps): 0.1642	--FDE (15 time steps): 0.1588
--ADE (20 time steps): 0.1646	--FDE (20 time steps): 0.1590
--ADE (22 time steps): 0.1666	--FDE (22 time steps): 0.1925
[2025-04-29 22:05:01] Epoch: 65		Loss: 4.355202	Loss Translation.: 0.018973	Loss Rotation.: 0.057343	Combined Loss Dist.: 3.967167	Loss Uncertainty: 0.388035
--ADE (5 time steps): 0.1598	--FDE (5 time steps): 0.1573
--ADE (10 time steps): 0.1637	--FDE (10 time steps): 0.1565
--ADE (15 time steps): 0.1645	--FDE (15 time steps): 0.1587
--ADE (20 time steps): 0.1648	--FDE (20 time steps): 0.1588
--ADE (22 time steps): 0.1668	--FDE (22 time steps): 0.1909
[2025-04-29 22:05:43] Epoch: 66		Loss: 4.356518	Loss Translation.: 0.018997	Loss Rotation.: 0.057359	Combined Loss Dist.: 3.968677	Loss Uncertainty: 0.387842
--ADE (5 time steps): 0.1599	--FDE (5 time steps): 0.1573
--ADE (10 time steps): 0.1638	--FDE (10 time steps): 0.1566
--ADE (15 time steps): 0.1645	--FDE (15 time steps): 0.1588
--ADE (20 time steps): 0.1649	--FDE (20 time steps): 0.1590
--ADE (22 time steps): 0.1668	--FDE (22 time steps): 0.1908
[2025-04-29 22:06:25] Epoch: 67		Loss: 4.347191	Loss Translation.: 0.019005	Loss Rotation.: 0.057182	Combined Loss Dist.: 3.960062	Loss Uncertainty: 0.387129
--ADE (5 time steps): 0.1598	--FDE (5 time steps): 0.1573
--ADE (10 time steps): 0.1638	--FDE (10 time steps): 0.1566
--ADE (15 time steps): 0.1646	--FDE (15 time steps): 0.1587
--ADE (20 time steps): 0.1650	--FDE (20 time steps): 0.1590
--ADE (22 time steps): 0.1669	--FDE (22 time steps): 0.1909
[2025-04-29 22:07:08] Epoch: 68		Loss: 4.340616	Loss Translation.: 0.019011	Loss Rotation.: 0.057060	Combined Loss Dist.: 3.953938	Loss Uncertainty: 0.386678
--ADE (5 time steps): 0.1598	--FDE (5 time steps): 0.1572
--ADE (10 time steps): 0.1637	--FDE (10 time steps): 0.1566
--ADE (15 time steps): 0.1646	--FDE (15 time steps): 0.1587
--ADE (20 time steps): 0.1650	--FDE (20 time steps): 0.1590
--ADE (22 time steps): 0.1669	--FDE (22 time steps): 0.1908
[2025-04-29 22:07:50] Epoch: 69		Loss: 4.331746	Loss Translation.: 0.019019	Loss Rotation.: 0.056891	Combined Loss Dist.: 3.945512	Loss Uncertainty: 0.386235
--ADE (5 time steps): 0.1598	--FDE (5 time steps): 0.1572
--ADE (10 time steps): 0.1638	--FDE (10 time steps): 0.1567
--ADE (15 time steps): 0.1647	--FDE (15 time steps): 0.1587
--ADE (20 time steps): 0.1650	--FDE (20 time steps): 0.1590
--ADE (22 time steps): 0.1669	--FDE (22 time steps): 0.1909
[2025-04-29 22:08:33] Epoch: 70		Loss: 4.326061	Loss Translation.: 0.019030	Loss Rotation.: 0.056781	Combined Loss Dist.: 3.940220	Loss Uncertainty: 0.385841
--ADE (5 time steps): 0.1598	--FDE (5 time steps): 0.1572
--ADE (10 time steps): 0.1638	--FDE (10 time steps): 0.1567
--ADE (15 time steps): 0.1647	--FDE (15 time steps): 0.1587
--ADE (20 time steps): 0.1651	--FDE (20 time steps): 0.1590
--ADE (22 time steps): 0.1670	--FDE (22 time steps): 0.1909
[2025-04-29 22:09:15] Epoch: 71		Loss: 4.317186	Loss Translation.: 0.019037	Loss Rotation.: 0.056617	Combined Loss Dist.: 3.931649	Loss Uncertainty: 0.385537
--ADE (5 time steps): 0.1598	--FDE (5 time steps): 0.1572
--ADE (10 time steps): 0.1638	--FDE (10 time steps): 0.1567
--ADE (15 time steps): 0.1648	--FDE (15 time steps): 0.1587
--ADE (20 time steps): 0.1651	--FDE (20 time steps): 0.1591
--ADE (22 time steps): 0.1670	--FDE (22 time steps): 0.1910
[2025-04-29 22:09:57] Epoch: 72		Loss: 4.311181	Loss Translation.: 0.019038	Loss Rotation.: 0.056507	Combined Loss Dist.: 3.925913	Loss Uncertainty: 0.385268
--ADE (5 time steps): 0.1597	--FDE (5 time steps): 0.1572
--ADE (10 time steps): 0.1637	--FDE (10 time steps): 0.1567
--ADE (15 time steps): 0.1648	--FDE (15 time steps): 0.1587
--ADE (20 time steps): 0.1651	--FDE (20 time steps): 0.1590
--ADE (22 time steps): 0.1670	--FDE (22 time steps): 0.1910
[2025-04-29 22:10:40] Epoch: 73		Loss: 4.328084	Loss Translation.: 0.019030	Loss Rotation.: 0.056860	Combined Loss Dist.: 3.943017	Loss Uncertainty: 0.385067
--ADE (5 time steps): 0.1596	--FDE (5 time steps): 0.1571
--ADE (10 time steps): 0.1635	--FDE (10 time steps): 0.1566
--ADE (15 time steps): 0.1648	--FDE (15 time steps): 0.1587
--ADE (20 time steps): 0.1651	--FDE (20 time steps): 0.1591
--ADE (22 time steps): 0.1670	--FDE (22 time steps): 0.1909
[2025-04-29 22:11:22] Epoch: 74		Loss: 4.318167	Loss Translation.: 0.019032	Loss Rotation.: 0.056668	Combined Loss Dist.: 3.933103	Loss Uncertainty: 0.385064
--ADE (5 time steps): 0.1595	--FDE (5 time steps): 0.1571
--ADE (10 time steps): 0.1635	--FDE (10 time steps): 0.1566
--ADE (15 time steps): 0.1648	--FDE (15 time steps): 0.1588
--ADE (20 time steps): 0.1651	--FDE (20 time steps): 0.1591
--ADE (22 time steps): 0.1670	--FDE (22 time steps): 0.1909
[2025-04-29 22:12:04] Epoch: 75		Loss: 4.311709	Loss Translation.: 0.019041	Loss Rotation.: 0.056545	Combined Loss Dist.: 3.926759	Loss Uncertainty: 0.384950
--ADE (5 time steps): 0.1594	--FDE (5 time steps): 0.1570
--ADE (10 time steps): 0.1634	--FDE (10 time steps): 0.1565
--ADE (15 time steps): 0.1649	--FDE (15 time steps): 0.1588
--ADE (20 time steps): 0.1652	--FDE (20 time steps): 0.1591
--ADE (22 time steps): 0.1671	--FDE (22 time steps): 0.1909
[2025-04-29 22:12:47] Epoch: 76		Loss: 4.307129	Loss Translation.: 0.019047	Loss Rotation.: 0.056457	Combined Loss Dist.: 3.922293	Loss Uncertainty: 0.384836
--ADE (5 time steps): 0.1594	--FDE (5 time steps): 0.1570
--ADE (10 time steps): 0.1634	--FDE (10 time steps): 0.1564
--ADE (15 time steps): 0.1650	--FDE (15 time steps): 0.1589
--ADE (20 time steps): 0.1653	--FDE (20 time steps): 0.1591
--ADE (22 time steps): 0.1672	--FDE (22 time steps): 0.1909
[2025-04-29 22:13:29] Epoch: 77		Loss: 4.303452	Loss Translation.: 0.019050	Loss Rotation.: 0.056385	Combined Loss Dist.: 3.918691	Loss Uncertainty: 0.384761
--ADE (5 time steps): 0.1593	--FDE (5 time steps): 0.1570
--ADE (10 time steps): 0.1633	--FDE (10 time steps): 0.1564
--ADE (15 time steps): 0.1650	--FDE (15 time steps): 0.1589
--ADE (20 time steps): 0.1653	--FDE (20 time steps): 0.1591
--ADE (22 time steps): 0.1672	--FDE (22 time steps): 0.1910
[2025-04-29 22:14:12] Epoch: 78		Loss: 4.299685	Loss Translation.: 0.019052	Loss Rotation.: 0.056311	Combined Loss Dist.: 3.915053	Loss Uncertainty: 0.384632
--ADE (5 time steps): 0.1593	--FDE (5 time steps): 0.1569
--ADE (10 time steps): 0.1632	--FDE (10 time steps): 0.1563
--ADE (15 time steps): 0.1650	--FDE (15 time steps): 0.1589
--ADE (20 time steps): 0.1653	--FDE (20 time steps): 0.1590
--ADE (22 time steps): 0.1672	--FDE (22 time steps): 0.1910
[2025-04-29 22:14:54] Epoch: 79		Loss: 4.295026	Loss Translation.: 0.019052	Loss Rotation.: 0.056223	Combined Loss Dist.: 3.910537	Loss Uncertainty: 0.384489
--ADE (5 time steps): 0.1592	--FDE (5 time steps): 0.1569
--ADE (10 time steps): 0.1632	--FDE (10 time steps): 0.1563
--ADE (15 time steps): 0.1650	--FDE (15 time steps): 0.1589
--ADE (20 time steps): 0.1653	--FDE (20 time steps): 0.1590
--ADE (22 time steps): 0.1673	--FDE (22 time steps): 0.1910
[2025-04-29 22:15:36] Epoch: 80		Loss: 4.291149	Loss Translation.: 0.019053	Loss Rotation.: 0.056150	Combined Loss Dist.: 3.906799	Loss Uncertainty: 0.384350
--ADE (5 time steps): 0.1591	--FDE (5 time steps): 0.1568
--ADE (10 time steps): 0.1631	--FDE (10 time steps): 0.1562
--ADE (15 time steps): 0.1651	--FDE (15 time steps): 0.1589
--ADE (20 time steps): 0.1653	--FDE (20 time steps): 0.1590
--ADE (22 time steps): 0.1673	--FDE (22 time steps): 0.1910

JOB STATISTICS
==============
Job ID: 11451251
Cluster: snellius
User/Group: scur2440/scur2440
State: RUNNING
Nodes: 1
Cores per node: 18
CPU Utilized: 00:00:00
CPU Efficiency: 0.00% of 17:06:00 core-walltime
Job Wall-clock time: 00:57:00
Memory Utilized: 0.00 MB
Memory Efficiency: 0.00% of 120.00 GB (120.00 GB/node)
WARNING: Efficiency statistics can only be obtained after the job has ended as seff tool is based on the accounting database data.
