***************************************************************************************************** 
* WARNING: The 2022 software stack is deprecated. Please consider switching to
the latest 2024 * 
* software stack, or the older 2023 software stack. * 
* * 
* If you have any question, please contact us via
http://servicedesk.surfsara.nl. * 
***************************************************************************************************** 

Configuration:
description: LED
results_root_dir: results
dataset: synthetic
dimensions: 9
past_frames: 10
future_frames: 22
min_past_frames: 10
min_future_frames: 22
k_preds: 20
synthetic_gt: straight
synthetic_noise: right_bias
traj_mean: [14, 7.5]
traj_scale: 9
relative: False
normalised: False
overfitting: False
selected_trajectories: False
pretrained_core_denoising_model: ./results/checkpoints/base_diffusion_model.p
debug: False
diffusion: {'steps': 150, 'beta_start': 0.0001, 'beta_end': 0.05, 'beta_schedule': 'linear'}
lr: 0.001
train_batch_size: 32
test_batch_size: 32
num_epochs: 80
test_interval: 1
lr_scheduler: step
decay_step: 8
decay_gamma: 0.5

[INFO] SYNTHETIC dataset (1 agent).
Overfitting: False
[WARNING] Relativised / normalised loading not implemented for synthetic dataset. Poses are converted to relative within pipeline (data_preprocess).
Len dataset: 6668
Overfitting: False
[WARNING] Relativised / normalised loading not implemented for synthetic dataset. Poses are converted to relative within pipeline (data_preprocess).
Len dataset: 834
[INFO] Now using random trajectory shuffling.

Train dataset:
Length: 6668
Total x, y and z distances travelled: 4.20000, 2.10000, 0.00000
Euclidean dist diff avg: 4.69574
Still need to implement rotation statistics

Validation dataset:
Length: 834
Total x, y and z distances travelled: 4.20000, 2.10000, 0.00000
Euclidean dist diff avg: 4.69574
Still need to implement rotation statistics

[INFO] SYNTHETIC dataset - skip subtracting mean from absolute positions.
[INFO] Training from scratch - without pretrained models (Not NBA with frame standard configs)

[Core Denoising Model] Trainable/Total: 6592200/6592200
[Initialization Model] Trainable/Total: 7911191/7911191
[2025-04-29 21:26:31] Epoch: 1		Loss: 17.990199	Loss Translation.: 0.036971	Loss Rotation.: 0.262080	Combined Loss Dist.: 15.486627	Loss Uncertainty: 2.503571
--ADE (5 time steps): 0.1241	--FDE (5 time steps): 0.0976
--ADE (10 time steps): 0.1280	--FDE (10 time steps): 0.1030
--ADE (15 time steps): 0.1291	--FDE (15 time steps): 0.0953
--ADE (20 time steps): 0.1347	--FDE (20 time steps): 0.1284
--ADE (22 time steps): 0.1522	--FDE (22 time steps): 0.1408
[2025-04-29 21:27:06] Epoch: 2		Loss: 12.274183	Loss Translation.: 0.017541	Loss Rotation.: 0.190778	Combined Loss Dist.: 10.637137	Loss Uncertainty: 1.637046
--ADE (5 time steps): 0.1399	--FDE (5 time steps): 0.1290
--ADE (10 time steps): 0.1477	--FDE (10 time steps): 0.1318
--ADE (15 time steps): 0.1502	--FDE (15 time steps): 0.1944
--ADE (20 time steps): 0.1645	--FDE (20 time steps): 0.2022
--ADE (22 time steps): 0.1796	--FDE (22 time steps): 0.3183
[2025-04-29 21:27:41] Epoch: 3		Loss: 10.196029	Loss Translation.: 0.015751	Loss Rotation.: 0.154563	Combined Loss Dist.: 8.765743	Loss Uncertainty: 1.430285
--ADE (5 time steps): 0.1142	--FDE (5 time steps): 0.0954
--ADE (10 time steps): 0.1173	--FDE (10 time steps): 0.1036
--ADE (15 time steps): 0.1202	--FDE (15 time steps): 0.1159
--ADE (20 time steps): 0.1259	--FDE (20 time steps): 0.1336
--ADE (22 time steps): 0.1301	--FDE (22 time steps): 0.1445
[INFO] New best model! Checkpoint saved to ./results/6_3_Synthetic_Straight_Right_Bias/6_3_9D_Synthetic_Straight_Right_Bias/models/best_checkpoint_epoch_3.pth
[2025-04-29 21:28:16] Epoch: 4		Loss: 9.207305	Loss Translation.: 0.014026	Loss Rotation.: 0.140337	Combined Loss Dist.: 7.941924	Loss Uncertainty: 1.265382
--ADE (5 time steps): 0.1092	--FDE (5 time steps): 0.0967
--ADE (10 time steps): 0.1123	--FDE (10 time steps): 0.0974
--ADE (15 time steps): 0.1146	--FDE (15 time steps): 0.1015
--ADE (20 time steps): 0.1161	--FDE (20 time steps): 0.1009
--ADE (22 time steps): 0.1190	--FDE (22 time steps): 0.1300
[INFO] New best model! Checkpoint saved to ./results/6_3_Synthetic_Straight_Right_Bias/6_3_9D_Synthetic_Straight_Right_Bias/models/best_checkpoint_epoch_4.pth
[2025-04-29 21:28:52] Epoch: 5		Loss: 8.739380	Loss Translation.: 0.013832	Loss Rotation.: 0.134879	Combined Loss Dist.: 7.640871	Loss Uncertainty: 1.098509
--ADE (5 time steps): 0.1117	--FDE (5 time steps): 0.1001
--ADE (10 time steps): 0.1147	--FDE (10 time steps): 0.1009
--ADE (15 time steps): 0.1159	--FDE (15 time steps): 0.1024
--ADE (20 time steps): 0.1182	--FDE (20 time steps): 0.1017
--ADE (22 time steps): 0.1228	--FDE (22 time steps): 0.1335
[2025-04-29 21:29:27] Epoch: 6		Loss: 9.086649	Loss Translation.: 0.013667	Loss Rotation.: 0.141219	Combined Loss Dist.: 8.011680	Loss Uncertainty: 1.074969
--ADE (5 time steps): 0.1215	--FDE (5 time steps): 0.1053
--ADE (10 time steps): 0.1203	--FDE (10 time steps): 0.1141
--ADE (15 time steps): 0.1216	--FDE (15 time steps): 0.0977
--ADE (20 time steps): 0.1231	--FDE (20 time steps): 0.1107
--ADE (22 time steps): 0.1277	--FDE (22 time steps): 0.1395
[2025-04-29 21:30:02] Epoch: 7		Loss: 8.603952	Loss Translation.: 0.013799	Loss Rotation.: 0.133348	Combined Loss Dist.: 7.612770	Loss Uncertainty: 0.991182
--ADE (5 time steps): 0.1106	--FDE (5 time steps): 0.0988
--ADE (10 time steps): 0.1107	--FDE (10 time steps): 0.0960
--ADE (15 time steps): 0.1116	--FDE (15 time steps): 0.0957
--ADE (20 time steps): 0.1127	--FDE (20 time steps): 0.0938
--ADE (22 time steps): 0.1172	--FDE (22 time steps): 0.1189
[INFO] New best model! Checkpoint saved to ./results/6_3_Synthetic_Straight_Right_Bias/6_3_9D_Synthetic_Straight_Right_Bias/models/best_checkpoint_epoch_7.pth
[2025-04-29 21:30:37] Epoch: 8		Loss: 8.075849	Loss Translation.: 0.013638	Loss Rotation.: 0.122012	Combined Loss Dist.: 7.070526	Loss Uncertainty: 1.005323
--ADE (5 time steps): 0.1055	--FDE (5 time steps): 0.0958
--ADE (10 time steps): 0.1067	--FDE (10 time steps): 0.0910
--ADE (15 time steps): 0.1070	--FDE (15 time steps): 0.0952
--ADE (20 time steps): 0.1078	--FDE (20 time steps): 0.0901
--ADE (22 time steps): 0.1134	--FDE (22 time steps): 0.1111
[INFO] New best model! Checkpoint saved to ./results/6_3_Synthetic_Straight_Right_Bias/6_3_9D_Synthetic_Straight_Right_Bias/models/best_checkpoint_epoch_8.pth
[2025-04-29 21:31:12] Epoch: 9		Loss: 7.491179	Loss Translation.: 0.013166	Loss Rotation.: 0.113675	Combined Loss Dist.: 6.571430	Loss Uncertainty: 0.919749
--ADE (5 time steps): 0.1057	--FDE (5 time steps): 0.0928
--ADE (10 time steps): 0.1104	--FDE (10 time steps): 0.0999
--ADE (15 time steps): 0.1117	--FDE (15 time steps): 0.0925
--ADE (20 time steps): 0.1128	--FDE (20 time steps): 0.0999
--ADE (22 time steps): 0.1155	--FDE (22 time steps): 0.1234
[2025-04-29 21:31:48] Epoch: 10		Loss: 7.181391	Loss Translation.: 0.012905	Loss Rotation.: 0.109321	Combined Loss Dist.: 6.327658	Loss Uncertainty: 0.853733
--ADE (5 time steps): 0.0991	--FDE (5 time steps): 0.0903
--ADE (10 time steps): 0.1018	--FDE (10 time steps): 0.0926
--ADE (15 time steps): 0.1036	--FDE (15 time steps): 0.0922
--ADE (20 time steps): 0.1048	--FDE (20 time steps): 0.0952
--ADE (22 time steps): 0.1095	--FDE (22 time steps): 0.1564
[INFO] New best model! Checkpoint saved to ./results/6_3_Synthetic_Straight_Right_Bias/6_3_9D_Synthetic_Straight_Right_Bias/models/best_checkpoint_epoch_10.pth
[2025-04-29 21:32:23] Epoch: 11		Loss: 6.899847	Loss Translation.: 0.012540	Loss Rotation.: 0.105309	Combined Loss Dist.: 6.106012	Loss Uncertainty: 0.793835
--ADE (5 time steps): 0.0991	--FDE (5 time steps): 0.0933
--ADE (10 time steps): 0.1025	--FDE (10 time steps): 0.0970
--ADE (15 time steps): 0.1029	--FDE (15 time steps): 0.0935
--ADE (20 time steps): 0.1068	--FDE (20 time steps): 0.1025
--ADE (22 time steps): 0.1112	--FDE (22 time steps): 0.1641
[2025-04-29 21:32:58] Epoch: 12		Loss: 6.560573	Loss Translation.: 0.012072	Loss Rotation.: 0.100086	Combined Loss Dist.: 5.811557	Loss Uncertainty: 0.749016
--ADE (5 time steps): 0.1080	--FDE (5 time steps): 0.1034
--ADE (10 time steps): 0.1097	--FDE (10 time steps): 0.1034
--ADE (15 time steps): 0.1100	--FDE (15 time steps): 0.1012
--ADE (20 time steps): 0.1116	--FDE (20 time steps): 0.0992
--ADE (22 time steps): 0.1137	--FDE (22 time steps): 0.1215
[2025-04-29 21:33:33] Epoch: 13		Loss: 6.642892	Loss Translation.: 0.012076	Loss Rotation.: 0.102827	Combined Loss Dist.: 5.926708	Loss Uncertainty: 0.716184
--ADE (5 time steps): 0.1026	--FDE (5 time steps): 0.0986
--ADE (10 time steps): 0.1059	--FDE (10 time steps): 0.0951
--ADE (15 time steps): 0.1057	--FDE (15 time steps): 0.0961
--ADE (20 time steps): 0.1081	--FDE (20 time steps): 0.0954
--ADE (22 time steps): 0.1157	--FDE (22 time steps): 0.2044
[2025-04-29 21:34:08] Epoch: 14		Loss: 6.631401	Loss Translation.: 0.012087	Loss Rotation.: 0.102404	Combined Loss Dist.: 5.938344	Loss Uncertainty: 0.693057
--ADE (5 time steps): 0.0986	--FDE (5 time steps): 0.0929
--ADE (10 time steps): 0.1021	--FDE (10 time steps): 0.0883
--ADE (15 time steps): 0.1034	--FDE (15 time steps): 0.0906
--ADE (20 time steps): 0.1089	--FDE (20 time steps): 0.0961
--ADE (22 time steps): 0.1122	--FDE (22 time steps): 0.1249
[2025-04-29 21:34:44] Epoch: 15		Loss: 6.234276	Loss Translation.: 0.012246	Loss Rotation.: 0.095133	Combined Loss Dist.: 5.545031	Loss Uncertainty: 0.689245
--ADE (5 time steps): 0.1022	--FDE (5 time steps): 0.0991
--ADE (10 time steps): 0.1055	--FDE (10 time steps): 0.1005
--ADE (15 time steps): 0.1072	--FDE (15 time steps): 0.1070
--ADE (20 time steps): 0.1133	--FDE (20 time steps): 0.1056
--ADE (22 time steps): 0.1162	--FDE (22 time steps): 0.1202
[2025-04-29 21:35:19] Epoch: 16		Loss: 6.297007	Loss Translation.: 0.012051	Loss Rotation.: 0.097203	Combined Loss Dist.: 5.640546	Loss Uncertainty: 0.656461
--ADE (5 time steps): 0.0957	--FDE (5 time steps): 0.0898
--ADE (10 time steps): 0.0962	--FDE (10 time steps): 0.0890
--ADE (15 time steps): 0.0963	--FDE (15 time steps): 0.0892
--ADE (20 time steps): 0.1007	--FDE (20 time steps): 0.0904
--ADE (22 time steps): 0.1059	--FDE (22 time steps): 0.1643
[INFO] New best model! Checkpoint saved to ./results/6_3_Synthetic_Straight_Right_Bias/6_3_9D_Synthetic_Straight_Right_Bias/models/best_checkpoint_epoch_16.pth
[2025-04-29 21:35:54] Epoch: 17		Loss: 5.600737	Loss Translation.: 0.012039	Loss Rotation.: 0.084444	Combined Loss Dist.: 4.982200	Loss Uncertainty: 0.618537
--ADE (5 time steps): 0.1005	--FDE (5 time steps): 0.0975
--ADE (10 time steps): 0.1006	--FDE (10 time steps): 0.0948
--ADE (15 time steps): 0.1007	--FDE (15 time steps): 0.0976
--ADE (20 time steps): 0.1036	--FDE (20 time steps): 0.0964
--ADE (22 time steps): 0.1049	--FDE (22 time steps): 0.1121
[INFO] New best model! Checkpoint saved to ./results/6_3_Synthetic_Straight_Right_Bias/6_3_9D_Synthetic_Straight_Right_Bias/models/best_checkpoint_epoch_17.pth
[2025-04-29 21:36:29] Epoch: 18		Loss: 5.495185	Loss Translation.: 0.011985	Loss Rotation.: 0.084100	Combined Loss Dist.: 4.923993	Loss Uncertainty: 0.571193
--ADE (5 time steps): 0.1017	--FDE (5 time steps): 0.0983
--ADE (10 time steps): 0.1017	--FDE (10 time steps): 0.0971
--ADE (15 time steps): 0.1020	--FDE (15 time steps): 0.0990
--ADE (20 time steps): 0.1038	--FDE (20 time steps): 0.0973
--ADE (22 time steps): 0.1055	--FDE (22 time steps): 0.1185
[2025-04-29 21:37:04] Epoch: 19		Loss: 5.412645	Loss Translation.: 0.011747	Loss Rotation.: 0.082755	Combined Loss Dist.: 4.868020	Loss Uncertainty: 0.544626
--ADE (5 time steps): 0.1030	--FDE (5 time steps): 0.0982
--ADE (10 time steps): 0.1033	--FDE (10 time steps): 0.0968
--ADE (15 time steps): 0.1034	--FDE (15 time steps): 0.1011
--ADE (20 time steps): 0.1052	--FDE (20 time steps): 0.0857
--ADE (22 time steps): 0.1074	--FDE (22 time steps): 0.1327
[2025-04-29 21:37:40] Epoch: 20		Loss: 5.312518	Loss Translation.: 0.011749	Loss Rotation.: 0.081445	Combined Loss Dist.: 4.789087	Loss Uncertainty: 0.523431
--ADE (5 time steps): 0.1000	--FDE (5 time steps): 0.0967
--ADE (10 time steps): 0.0999	--FDE (10 time steps): 0.0956
--ADE (15 time steps): 0.0996	--FDE (15 time steps): 0.0967
--ADE (20 time steps): 0.1015	--FDE (20 time steps): 0.0941
--ADE (22 time steps): 0.1042	--FDE (22 time steps): 0.1258
[INFO] New best model! Checkpoint saved to ./results/6_3_Synthetic_Straight_Right_Bias/6_3_9D_Synthetic_Straight_Right_Bias/models/best_checkpoint_epoch_20.pth
[2025-04-29 21:38:15] Epoch: 21		Loss: 5.387694	Loss Translation.: 0.011712	Loss Rotation.: 0.082818	Combined Loss Dist.: 4.870181	Loss Uncertainty: 0.517513
--ADE (5 time steps): 0.1018	--FDE (5 time steps): 0.0929
--ADE (10 time steps): 0.1016	--FDE (10 time steps): 0.0954
--ADE (15 time steps): 0.1010	--FDE (15 time steps): 0.0902
--ADE (20 time steps): 0.1043	--FDE (20 time steps): 0.0959
--ADE (22 time steps): 0.1064	--FDE (22 time steps): 0.1252
[2025-04-29 21:38:50] Epoch: 22		Loss: 5.388952	Loss Translation.: 0.011541	Loss Rotation.: 0.083278	Combined Loss Dist.: 4.881599	Loss Uncertainty: 0.507353
--ADE (5 time steps): 0.1016	--FDE (5 time steps): 0.0978
--ADE (10 time steps): 0.1048	--FDE (10 time steps): 0.0998
--ADE (15 time steps): 0.1044	--FDE (15 time steps): 0.0989
--ADE (20 time steps): 0.1061	--FDE (20 time steps): 0.0919
--ADE (22 time steps): 0.1081	--FDE (22 time steps): 0.1221
[2025-04-29 21:39:25] Epoch: 23		Loss: 5.192753	Loss Translation.: 0.011498	Loss Rotation.: 0.079786	Combined Loss Dist.: 4.705175	Loss Uncertainty: 0.487578
--ADE (5 time steps): 0.1021	--FDE (5 time steps): 0.0986
--ADE (10 time steps): 0.1019	--FDE (10 time steps): 0.0945
--ADE (15 time steps): 0.1021	--FDE (15 time steps): 0.0977
--ADE (20 time steps): 0.1028	--FDE (20 time steps): 0.0898
--ADE (22 time steps): 0.1067	--FDE (22 time steps): 0.1610
[2025-04-29 21:40:00] Epoch: 24		Loss: 5.061061	Loss Translation.: 0.011426	Loss Rotation.: 0.077632	Combined Loss Dist.: 4.599042	Loss Uncertainty: 0.462019
--ADE (5 time steps): 0.1013	--FDE (5 time steps): 0.0970
--ADE (10 time steps): 0.1022	--FDE (10 time steps): 0.0979
--ADE (15 time steps): 0.1027	--FDE (15 time steps): 0.0979
--ADE (20 time steps): 0.1044	--FDE (20 time steps): 0.0910
--ADE (22 time steps): 0.1060	--FDE (22 time steps): 0.1096
[2025-04-29 21:40:36] Epoch: 25		Loss: 4.917957	Loss Translation.: 0.011766	Loss Rotation.: 0.075451	Combined Loss Dist.: 4.468418	Loss Uncertainty: 0.449539
--ADE (5 time steps): 0.1000	--FDE (5 time steps): 0.0948
--ADE (10 time steps): 0.1012	--FDE (10 time steps): 0.0980
--ADE (15 time steps): 0.1022	--FDE (15 time steps): 0.0993
--ADE (20 time steps): 0.1049	--FDE (20 time steps): 0.0920
--ADE (22 time steps): 0.1062	--FDE (22 time steps): 0.1057
[2025-04-29 21:41:11] Epoch: 26		Loss: 4.944424	Loss Translation.: 0.011753	Loss Rotation.: 0.076259	Combined Loss Dist.: 4.502764	Loss Uncertainty: 0.441660
--ADE (5 time steps): 0.0988	--FDE (5 time steps): 0.0935
--ADE (10 time steps): 0.1024	--FDE (10 time steps): 0.0978
--ADE (15 time steps): 0.1025	--FDE (15 time steps): 0.0980
--ADE (20 time steps): 0.1031	--FDE (20 time steps): 0.0871
--ADE (22 time steps): 0.1047	--FDE (22 time steps): 0.1112
[2025-04-29 21:41:46] Epoch: 27		Loss: 4.883713	Loss Translation.: 0.011770	Loss Rotation.: 0.075447	Combined Loss Dist.: 4.456882	Loss Uncertainty: 0.426830
--ADE (5 time steps): 0.1028	--FDE (5 time steps): 0.0980
--ADE (10 time steps): 0.1035	--FDE (10 time steps): 0.0979
--ADE (15 time steps): 0.1037	--FDE (15 time steps): 0.1002
--ADE (20 time steps): 0.1049	--FDE (20 time steps): 0.0850
--ADE (22 time steps): 0.1061	--FDE (22 time steps): 0.1065
[2025-04-29 21:42:21] Epoch: 28		Loss: 4.805574	Loss Translation.: 0.011720	Loss Rotation.: 0.074069	Combined Loss Dist.: 4.395657	Loss Uncertainty: 0.409916
--ADE (5 time steps): 0.1043	--FDE (5 time steps): 0.1004
--ADE (10 time steps): 0.1043	--FDE (10 time steps): 0.0977
--ADE (15 time steps): 0.1043	--FDE (15 time steps): 0.1011
--ADE (20 time steps): 0.1055	--FDE (20 time steps): 0.0858
--ADE (22 time steps): 0.1070	--FDE (22 time steps): 0.1046
[2025-04-29 21:42:56] Epoch: 29		Loss: 4.854617	Loss Translation.: 0.011688	Loss Rotation.: 0.075427	Combined Loss Dist.: 4.460904	Loss Uncertainty: 0.393713
--ADE (5 time steps): 0.0984	--FDE (5 time steps): 0.0952
--ADE (10 time steps): 0.0988	--FDE (10 time steps): 0.0958
--ADE (15 time steps): 0.0990	--FDE (15 time steps): 0.0980
--ADE (20 time steps): 0.1001	--FDE (20 time steps): 0.0862
--ADE (22 time steps): 0.1019	--FDE (22 time steps): 0.1129
[INFO] New best model! Checkpoint saved to ./results/6_3_Synthetic_Straight_Right_Bias/6_3_9D_Synthetic_Straight_Right_Bias/models/best_checkpoint_epoch_29.pth
[2025-04-29 21:43:32] Epoch: 30		Loss: 4.751269	Loss Translation.: 0.011505	Loss Rotation.: 0.073458	Combined Loss Dist.: 4.366040	Loss Uncertainty: 0.385229
--ADE (5 time steps): 0.0977	--FDE (5 time steps): 0.0965
--ADE (10 time steps): 0.0977	--FDE (10 time steps): 0.0935
--ADE (15 time steps): 0.0987	--FDE (15 time steps): 0.0960
--ADE (20 time steps): 0.1049	--FDE (20 time steps): 0.0854
--ADE (22 time steps): 0.1061	--FDE (22 time steps): 0.0990
[2025-04-29 21:44:07] Epoch: 31		Loss: 4.840847	Loss Translation.: 0.011529	Loss Rotation.: 0.074871	Combined Loss Dist.: 4.454512	Loss Uncertainty: 0.386335
--ADE (5 time steps): 0.0977	--FDE (5 time steps): 0.0948
--ADE (10 time steps): 0.0976	--FDE (10 time steps): 0.0949
--ADE (15 time steps): 0.0974	--FDE (15 time steps): 0.0941
--ADE (20 time steps): 0.1023	--FDE (20 time steps): 0.0838
--ADE (22 time steps): 0.1034	--FDE (22 time steps): 0.1023
[2025-04-29 21:44:42] Epoch: 32		Loss: 4.733652	Loss Translation.: 0.011618	Loss Rotation.: 0.072813	Combined Loss Dist.: 4.353828	Loss Uncertainty: 0.379824
--ADE (5 time steps): 0.0981	--FDE (5 time steps): 0.0961
--ADE (10 time steps): 0.0986	--FDE (10 time steps): 0.0972
--ADE (15 time steps): 0.0997	--FDE (15 time steps): 0.0990
--ADE (20 time steps): 0.1047	--FDE (20 time steps): 0.0856
--ADE (22 time steps): 0.1061	--FDE (22 time steps): 0.1064
[2025-04-29 21:45:17] Epoch: 33		Loss: 4.576753	Loss Translation.: 0.011789	Loss Rotation.: 0.070320	Combined Loss Dist.: 4.209543	Loss Uncertainty: 0.367210
--ADE (5 time steps): 0.0974	--FDE (5 time steps): 0.0946
--ADE (10 time steps): 0.0980	--FDE (10 time steps): 0.0964
--ADE (15 time steps): 0.0987	--FDE (15 time steps): 0.0957
--ADE (20 time steps): 0.1048	--FDE (20 time steps): 0.0854
--ADE (22 time steps): 0.1058	--FDE (22 time steps): 0.1014
[2025-04-29 21:45:52] Epoch: 34		Loss: 4.511453	Loss Translation.: 0.011737	Loss Rotation.: 0.069015	Combined Loss Dist.: 4.148573	Loss Uncertainty: 0.362881
--ADE (5 time steps): 0.0993	--FDE (5 time steps): 0.0928
--ADE (10 time steps): 0.0993	--FDE (10 time steps): 0.0960
--ADE (15 time steps): 0.0994	--FDE (15 time steps): 0.0963
--ADE (20 time steps): 0.1037	--FDE (20 time steps): 0.0865
--ADE (22 time steps): 0.1048	--FDE (22 time steps): 0.1013
[2025-04-29 21:46:27] Epoch: 35		Loss: 4.471561	Loss Translation.: 0.011659	Loss Rotation.: 0.068343	Combined Loss Dist.: 4.115239	Loss Uncertainty: 0.356322
--ADE (5 time steps): 0.1003	--FDE (5 time steps): 0.0925
--ADE (10 time steps): 0.1002	--FDE (10 time steps): 0.0940
--ADE (15 time steps): 0.1004	--FDE (15 time steps): 0.0956
--ADE (20 time steps): 0.1031	--FDE (20 time steps): 0.0866
--ADE (22 time steps): 0.1043	--FDE (22 time steps): 0.1027
[2025-04-29 21:47:02] Epoch: 36		Loss: 4.454300	Loss Translation.: 0.011658	Loss Rotation.: 0.068014	Combined Loss Dist.: 4.103562	Loss Uncertainty: 0.350739
--ADE (5 time steps): 0.1028	--FDE (5 time steps): 0.0973
--ADE (10 time steps): 0.1023	--FDE (10 time steps): 0.0984
--ADE (15 time steps): 0.1025	--FDE (15 time steps): 0.0994
--ADE (20 time steps): 0.1050	--FDE (20 time steps): 0.0871
--ADE (22 time steps): 0.1060	--FDE (22 time steps): 0.1010
[2025-04-29 21:47:38] Epoch: 37		Loss: 4.412483	Loss Translation.: 0.011632	Loss Rotation.: 0.067233	Combined Loss Dist.: 4.066501	Loss Uncertainty: 0.345981
--ADE (5 time steps): 0.0998	--FDE (5 time steps): 0.0932
--ADE (10 time steps): 0.0996	--FDE (10 time steps): 0.0939
--ADE (15 time steps): 0.0996	--FDE (15 time steps): 0.0951
--ADE (20 time steps): 0.1032	--FDE (20 time steps): 0.0867
--ADE (22 time steps): 0.1044	--FDE (22 time steps): 0.1012
[2025-04-29 21:48:13] Epoch: 38		Loss: 4.386784	Loss Translation.: 0.011659	Loss Rotation.: 0.066907	Combined Loss Dist.: 4.044386	Loss Uncertainty: 0.342398
--ADE (5 time steps): 0.1005	--FDE (5 time steps): 0.0952
--ADE (10 time steps): 0.1006	--FDE (10 time steps): 0.0970
--ADE (15 time steps): 0.1005	--FDE (15 time steps): 0.0963
--ADE (20 time steps): 0.1040	--FDE (20 time steps): 0.0863
--ADE (22 time steps): 0.1057	--FDE (22 time steps): 0.1088
[2025-04-29 21:48:48] Epoch: 39		Loss: 4.396593	Loss Translation.: 0.011645	Loss Rotation.: 0.067041	Combined Loss Dist.: 4.056370	Loss Uncertainty: 0.340224
--ADE (5 time steps): 0.0995	--FDE (5 time steps): 0.0943
--ADE (10 time steps): 0.0993	--FDE (10 time steps): 0.0959
--ADE (15 time steps): 0.0993	--FDE (15 time steps): 0.0955
--ADE (20 time steps): 0.1025	--FDE (20 time steps): 0.0875
--ADE (22 time steps): 0.1038	--FDE (22 time steps): 0.1039
[2025-04-29 21:49:23] Epoch: 40		Loss: 4.316250	Loss Translation.: 0.011669	Loss Rotation.: 0.065601	Combined Loss Dist.: 3.980430	Loss Uncertainty: 0.335820
--ADE (5 time steps): 0.1000	--FDE (5 time steps): 0.0951
--ADE (10 time steps): 0.1001	--FDE (10 time steps): 0.0967
--ADE (15 time steps): 0.1000	--FDE (15 time steps): 0.0958
--ADE (20 time steps): 0.1034	--FDE (20 time steps): 0.0859
--ADE (22 time steps): 0.1050	--FDE (22 time steps): 0.1095
[2025-04-29 21:49:58] Epoch: 41		Loss: 4.274955	Loss Translation.: 0.011810	Loss Rotation.: 0.064981	Combined Loss Dist.: 3.943210	Loss Uncertainty: 0.331744
--ADE (5 time steps): 0.1003	--FDE (5 time steps): 0.0962
--ADE (10 time steps): 0.1005	--FDE (10 time steps): 0.0980
--ADE (15 time steps): 0.1005	--FDE (15 time steps): 0.0974
--ADE (20 time steps): 0.1042	--FDE (20 time steps): 0.0866
--ADE (22 time steps): 0.1060	--FDE (22 time steps): 0.1189
[2025-04-29 21:50:33] Epoch: 42		Loss: 4.267991	Loss Translation.: 0.011817	Loss Rotation.: 0.064803	Combined Loss Dist.: 3.938456	Loss Uncertainty: 0.329535
--ADE (5 time steps): 0.0996	--FDE (5 time steps): 0.0960
--ADE (10 time steps): 0.0998	--FDE (10 time steps): 0.0972
--ADE (15 time steps): 0.0998	--FDE (15 time steps): 0.0969
--ADE (20 time steps): 0.1036	--FDE (20 time steps): 0.0860
--ADE (22 time steps): 0.1054	--FDE (22 time steps): 0.1166
[2025-04-29 21:51:08] Epoch: 43		Loss: 4.201586	Loss Translation.: 0.011798	Loss Rotation.: 0.063619	Combined Loss Dist.: 3.875382	Loss Uncertainty: 0.326204
--ADE (5 time steps): 0.1004	--FDE (5 time steps): 0.0962
--ADE (10 time steps): 0.1006	--FDE (10 time steps): 0.0981
--ADE (15 time steps): 0.1007	--FDE (15 time steps): 0.0976
--ADE (20 time steps): 0.1039	--FDE (20 time steps): 0.0865
--ADE (22 time steps): 0.1057	--FDE (22 time steps): 0.1175
[2025-04-29 21:51:43] Epoch: 44		Loss: 4.190927	Loss Translation.: 0.011784	Loss Rotation.: 0.063488	Combined Loss Dist.: 3.867342	Loss Uncertainty: 0.323586
--ADE (5 time steps): 0.0987	--FDE (5 time steps): 0.0946
--ADE (10 time steps): 0.0989	--FDE (10 time steps): 0.0964
--ADE (15 time steps): 0.0990	--FDE (15 time steps): 0.0959
--ADE (20 time steps): 0.1031	--FDE (20 time steps): 0.0863
--ADE (22 time steps): 0.1049	--FDE (22 time steps): 0.1174
[2025-04-29 21:52:19] Epoch: 45		Loss: 4.180459	Loss Translation.: 0.011751	Loss Rotation.: 0.063207	Combined Loss Dist.: 3.859027	Loss Uncertainty: 0.321432
--ADE (5 time steps): 0.0993	--FDE (5 time steps): 0.0962
--ADE (10 time steps): 0.0997	--FDE (10 time steps): 0.0978
--ADE (15 time steps): 0.0998	--FDE (15 time steps): 0.0972
--ADE (20 time steps): 0.1037	--FDE (20 time steps): 0.0865
--ADE (22 time steps): 0.1054	--FDE (22 time steps): 0.1147
[2025-04-29 21:52:54] Epoch: 46		Loss: 4.143795	Loss Translation.: 0.011775	Loss Rotation.: 0.062599	Combined Loss Dist.: 3.823453	Loss Uncertainty: 0.320342
--ADE (5 time steps): 0.0985	--FDE (5 time steps): 0.0948
--ADE (10 time steps): 0.0989	--FDE (10 time steps): 0.0965
--ADE (15 time steps): 0.0991	--FDE (15 time steps): 0.0963
--ADE (20 time steps): 0.1038	--FDE (20 time steps): 0.0869
--ADE (22 time steps): 0.1054	--FDE (22 time steps): 0.1137
[2025-04-29 21:53:29] Epoch: 47		Loss: 4.118750	Loss Translation.: 0.011769	Loss Rotation.: 0.062094	Combined Loss Dist.: 3.800417	Loss Uncertainty: 0.318333
--ADE (5 time steps): 0.0996	--FDE (5 time steps): 0.0962
--ADE (10 time steps): 0.0999	--FDE (10 time steps): 0.0975
--ADE (15 time steps): 0.0999	--FDE (15 time steps): 0.0969
--ADE (20 time steps): 0.1038	--FDE (20 time steps): 0.0872
--ADE (22 time steps): 0.1058	--FDE (22 time steps): 0.1199
[2025-04-29 21:54:04] Epoch: 48		Loss: 4.074783	Loss Translation.: 0.011732	Loss Rotation.: 0.061281	Combined Loss Dist.: 3.758529	Loss Uncertainty: 0.316254
--ADE (5 time steps): 0.0998	--FDE (5 time steps): 0.0967
--ADE (10 time steps): 0.1000	--FDE (10 time steps): 0.0977
--ADE (15 time steps): 0.1002	--FDE (15 time steps): 0.0974
--ADE (20 time steps): 0.1040	--FDE (20 time steps): 0.0873
--ADE (22 time steps): 0.1057	--FDE (22 time steps): 0.1140
[2025-04-29 21:54:39] Epoch: 49		Loss: 4.104586	Loss Translation.: 0.011855	Loss Rotation.: 0.061891	Combined Loss Dist.: 3.789389	Loss Uncertainty: 0.315196
--ADE (5 time steps): 0.1008	--FDE (5 time steps): 0.0972
--ADE (10 time steps): 0.1011	--FDE (10 time steps): 0.0991
--ADE (15 time steps): 0.1013	--FDE (15 time steps): 0.0985
--ADE (20 time steps): 0.1045	--FDE (20 time steps): 0.0880
--ADE (22 time steps): 0.1062	--FDE (22 time steps): 0.1212
[2025-04-29 21:55:14] Epoch: 50		Loss: 4.031223	Loss Translation.: 0.011858	Loss Rotation.: 0.060506	Combined Loss Dist.: 3.717434	Loss Uncertainty: 0.313789
--ADE (5 time steps): 0.1008	--FDE (5 time steps): 0.0974
--ADE (10 time steps): 0.1011	--FDE (10 time steps): 0.0991
--ADE (15 time steps): 0.1013	--FDE (15 time steps): 0.0985
--ADE (20 time steps): 0.1045	--FDE (20 time steps): 0.0876
--ADE (22 time steps): 0.1058	--FDE (22 time steps): 0.1144
[2025-04-29 21:55:50] Epoch: 51		Loss: 4.021829	Loss Translation.: 0.011858	Loss Rotation.: 0.060367	Combined Loss Dist.: 3.708763	Loss Uncertainty: 0.313066
--ADE (5 time steps): 0.1007	--FDE (5 time steps): 0.0973
--ADE (10 time steps): 0.1011	--FDE (10 time steps): 0.0988
--ADE (15 time steps): 0.1013	--FDE (15 time steps): 0.0985
--ADE (20 time steps): 0.1048	--FDE (20 time steps): 0.0880
--ADE (22 time steps): 0.1062	--FDE (22 time steps): 0.1165
[2025-04-29 21:56:25] Epoch: 52		Loss: 4.007042	Loss Translation.: 0.011842	Loss Rotation.: 0.060067	Combined Loss Dist.: 3.695079	Loss Uncertainty: 0.311963
--ADE (5 time steps): 0.1003	--FDE (5 time steps): 0.0967
--ADE (10 time steps): 0.1006	--FDE (10 time steps): 0.0985
--ADE (15 time steps): 0.1007	--FDE (15 time steps): 0.0978
--ADE (20 time steps): 0.1041	--FDE (20 time steps): 0.0877
--ADE (22 time steps): 0.1056	--FDE (22 time steps): 0.1152
[2025-04-29 21:57:00] Epoch: 53		Loss: 3.978757	Loss Translation.: 0.011833	Loss Rotation.: 0.059552	Combined Loss Dist.: 3.667668	Loss Uncertainty: 0.311089
--ADE (5 time steps): 0.1003	--FDE (5 time steps): 0.0967
--ADE (10 time steps): 0.1005	--FDE (10 time steps): 0.0984
--ADE (15 time steps): 0.1007	--FDE (15 time steps): 0.0977
--ADE (20 time steps): 0.1042	--FDE (20 time steps): 0.0877
--ADE (22 time steps): 0.1057	--FDE (22 time steps): 0.1155
[2025-04-29 21:57:35] Epoch: 54		Loss: 3.968467	Loss Translation.: 0.011815	Loss Rotation.: 0.059356	Combined Loss Dist.: 3.658366	Loss Uncertainty: 0.310101
--ADE (5 time steps): 0.1003	--FDE (5 time steps): 0.0967
--ADE (10 time steps): 0.1005	--FDE (10 time steps): 0.0982
--ADE (15 time steps): 0.1007	--FDE (15 time steps): 0.0976
--ADE (20 time steps): 0.1042	--FDE (20 time steps): 0.0876
--ADE (22 time steps): 0.1056	--FDE (22 time steps): 0.1138
[2025-04-29 21:58:10] Epoch: 55		Loss: 3.948019	Loss Translation.: 0.011820	Loss Rotation.: 0.058967	Combined Loss Dist.: 3.638429	Loss Uncertainty: 0.309590
--ADE (5 time steps): 0.0998	--FDE (5 time steps): 0.0963
--ADE (10 time steps): 0.1000	--FDE (10 time steps): 0.0973
--ADE (15 time steps): 0.1002	--FDE (15 time steps): 0.0972
--ADE (20 time steps): 0.1040	--FDE (20 time steps): 0.0875
--ADE (22 time steps): 0.1052	--FDE (22 time steps): 0.1117
[2025-04-29 21:58:45] Epoch: 56		Loss: 3.947989	Loss Translation.: 0.011800	Loss Rotation.: 0.058956	Combined Loss Dist.: 3.639159	Loss Uncertainty: 0.308830
--ADE (5 time steps): 0.0998	--FDE (5 time steps): 0.0964
--ADE (10 time steps): 0.1000	--FDE (10 time steps): 0.0976
--ADE (15 time steps): 0.1002	--FDE (15 time steps): 0.0972
--ADE (20 time steps): 0.1040	--FDE (20 time steps): 0.0875
--ADE (22 time steps): 0.1052	--FDE (22 time steps): 0.1120
[2025-04-29 21:59:21] Epoch: 57		Loss: 3.945850	Loss Translation.: 0.011837	Loss Rotation.: 0.058973	Combined Loss Dist.: 3.637978	Loss Uncertainty: 0.307871
--ADE (5 time steps): 0.1002	--FDE (5 time steps): 0.0965
--ADE (10 time steps): 0.1005	--FDE (10 time steps): 0.0981
--ADE (15 time steps): 0.1006	--FDE (15 time steps): 0.0976
--ADE (20 time steps): 0.1044	--FDE (20 time steps): 0.0877
--ADE (22 time steps): 0.1053	--FDE (22 time steps): 0.1064
[2025-04-29 21:59:56] Epoch: 58		Loss: 3.931886	Loss Translation.: 0.011872	Loss Rotation.: 0.058690	Combined Loss Dist.: 3.624635	Loss Uncertainty: 0.307251
--ADE (5 time steps): 0.1005	--FDE (5 time steps): 0.0967
--ADE (10 time steps): 0.1008	--FDE (10 time steps): 0.0984
--ADE (15 time steps): 0.1009	--FDE (15 time steps): 0.0979
--ADE (20 time steps): 0.1047	--FDE (20 time steps): 0.0879
--ADE (22 time steps): 0.1056	--FDE (22 time steps): 0.1072
[2025-04-29 22:00:31] Epoch: 59		Loss: 3.918400	Loss Translation.: 0.011880	Loss Rotation.: 0.058439	Combined Loss Dist.: 3.611775	Loss Uncertainty: 0.306625
--ADE (5 time steps): 0.1007	--FDE (5 time steps): 0.0968
--ADE (10 time steps): 0.1010	--FDE (10 time steps): 0.0985
--ADE (15 time steps): 0.1011	--FDE (15 time steps): 0.0980
--ADE (20 time steps): 0.1047	--FDE (20 time steps): 0.0880
--ADE (22 time steps): 0.1057	--FDE (22 time steps): 0.1074
[2025-04-29 22:01:06] Epoch: 60		Loss: 3.912318	Loss Translation.: 0.011888	Loss Rotation.: 0.058321	Combined Loss Dist.: 3.606195	Loss Uncertainty: 0.306123
--ADE (5 time steps): 0.1008	--FDE (5 time steps): 0.0969
--ADE (10 time steps): 0.1011	--FDE (10 time steps): 0.0986
--ADE (15 time steps): 0.1013	--FDE (15 time steps): 0.0981
--ADE (20 time steps): 0.1049	--FDE (20 time steps): 0.0882
--ADE (22 time steps): 0.1058	--FDE (22 time steps): 0.1073
[2025-04-29 22:01:41] Epoch: 61		Loss: 3.903314	Loss Translation.: 0.011894	Loss Rotation.: 0.058158	Combined Loss Dist.: 3.597622	Loss Uncertainty: 0.305692
--ADE (5 time steps): 0.1009	--FDE (5 time steps): 0.0969
--ADE (10 time steps): 0.1012	--FDE (10 time steps): 0.0987
--ADE (15 time steps): 0.1013	--FDE (15 time steps): 0.0982
--ADE (20 time steps): 0.1049	--FDE (20 time steps): 0.0883
--ADE (22 time steps): 0.1059	--FDE (22 time steps): 0.1082
[2025-04-29 22:02:16] Epoch: 62		Loss: 3.901458	Loss Translation.: 0.011899	Loss Rotation.: 0.058129	Combined Loss Dist.: 3.596161	Loss Uncertainty: 0.305297
--ADE (5 time steps): 0.1009	--FDE (5 time steps): 0.0969
--ADE (10 time steps): 0.1013	--FDE (10 time steps): 0.0988
--ADE (15 time steps): 0.1014	--FDE (15 time steps): 0.0983
--ADE (20 time steps): 0.1049	--FDE (20 time steps): 0.0883
--ADE (22 time steps): 0.1059	--FDE (22 time steps): 0.1083
[2025-04-29 22:02:51] Epoch: 63		Loss: 3.891130	Loss Translation.: 0.011892	Loss Rotation.: 0.057933	Combined Loss Dist.: 3.586099	Loss Uncertainty: 0.305031
--ADE (5 time steps): 0.1009	--FDE (5 time steps): 0.0969
--ADE (10 time steps): 0.1012	--FDE (10 time steps): 0.0988
--ADE (15 time steps): 0.1014	--FDE (15 time steps): 0.0983
--ADE (20 time steps): 0.1049	--FDE (20 time steps): 0.0884
--ADE (22 time steps): 0.1059	--FDE (22 time steps): 0.1086
[2025-04-29 22:03:26] Epoch: 64		Loss: 3.881771	Loss Translation.: 0.011888	Loss Rotation.: 0.057761	Combined Loss Dist.: 3.577139	Loss Uncertainty: 0.304632
--ADE (5 time steps): 0.1009	--FDE (5 time steps): 0.0969
--ADE (10 time steps): 0.1012	--FDE (10 time steps): 0.0988
--ADE (15 time steps): 0.1014	--FDE (15 time steps): 0.0984
--ADE (20 time steps): 0.1049	--FDE (20 time steps): 0.0884
--ADE (22 time steps): 0.1059	--FDE (22 time steps): 0.1090
[2025-04-29 22:04:02] Epoch: 65		Loss: 3.938612	Loss Translation.: 0.011888	Loss Rotation.: 0.058884	Combined Loss Dist.: 3.634213	Loss Uncertainty: 0.304398
--ADE (5 time steps): 0.1009	--FDE (5 time steps): 0.0969
--ADE (10 time steps): 0.1012	--FDE (10 time steps): 0.0989
--ADE (15 time steps): 0.1014	--FDE (15 time steps): 0.0985
--ADE (20 time steps): 0.1048	--FDE (20 time steps): 0.0883
--ADE (22 time steps): 0.1057	--FDE (22 time steps): 0.1074
[2025-04-29 22:04:37] Epoch: 66		Loss: 3.935182	Loss Translation.: 0.011885	Loss Rotation.: 0.058835	Combined Loss Dist.: 3.630766	Loss Uncertainty: 0.304416
--ADE (5 time steps): 0.1010	--FDE (5 time steps): 0.0970
--ADE (10 time steps): 0.1013	--FDE (10 time steps): 0.0990
--ADE (15 time steps): 0.1015	--FDE (15 time steps): 0.0986
--ADE (20 time steps): 0.1048	--FDE (20 time steps): 0.0884
--ADE (22 time steps): 0.1057	--FDE (22 time steps): 0.1075
[2025-04-29 22:05:12] Epoch: 67		Loss: 3.927769	Loss Translation.: 0.011882	Loss Rotation.: 0.058693	Combined Loss Dist.: 3.623400	Loss Uncertainty: 0.304369
--ADE (5 time steps): 0.1010	--FDE (5 time steps): 0.0971
--ADE (10 time steps): 0.1014	--FDE (10 time steps): 0.0990
--ADE (15 time steps): 0.1016	--FDE (15 time steps): 0.0986
--ADE (20 time steps): 0.1048	--FDE (20 time steps): 0.0884
--ADE (22 time steps): 0.1057	--FDE (22 time steps): 0.1076
[2025-04-29 22:05:47] Epoch: 68		Loss: 3.923091	Loss Translation.: 0.011877	Loss Rotation.: 0.058613	Combined Loss Dist.: 3.618898	Loss Uncertainty: 0.304193
--ADE (5 time steps): 0.1010	--FDE (5 time steps): 0.0971
--ADE (10 time steps): 0.1014	--FDE (10 time steps): 0.0989
--ADE (15 time steps): 0.1015	--FDE (15 time steps): 0.0985
--ADE (20 time steps): 0.1047	--FDE (20 time steps): 0.0884
--ADE (22 time steps): 0.1056	--FDE (22 time steps): 0.1075
[2025-04-29 22:06:22] Epoch: 69		Loss: 3.916882	Loss Translation.: 0.011871	Loss Rotation.: 0.058495	Combined Loss Dist.: 3.612912	Loss Uncertainty: 0.303971
--ADE (5 time steps): 0.1010	--FDE (5 time steps): 0.0971
--ADE (10 time steps): 0.1013	--FDE (10 time steps): 0.0989
--ADE (15 time steps): 0.1015	--FDE (15 time steps): 0.0985
--ADE (20 time steps): 0.1047	--FDE (20 time steps): 0.0884
--ADE (22 time steps): 0.1056	--FDE (22 time steps): 0.1075
[2025-04-29 22:06:58] Epoch: 70		Loss: 3.911738	Loss Translation.: 0.011870	Loss Rotation.: 0.058403	Combined Loss Dist.: 3.607987	Loss Uncertainty: 0.303751
--ADE (5 time steps): 0.1010	--FDE (5 time steps): 0.0971
--ADE (10 time steps): 0.1014	--FDE (10 time steps): 0.0989
--ADE (15 time steps): 0.1015	--FDE (15 time steps): 0.0985
--ADE (20 time steps): 0.1047	--FDE (20 time steps): 0.0884
--ADE (22 time steps): 0.1056	--FDE (22 time steps): 0.1076
[2025-04-29 22:07:33] Epoch: 71		Loss: 3.903832	Loss Translation.: 0.011868	Loss Rotation.: 0.058253	Combined Loss Dist.: 3.600299	Loss Uncertainty: 0.303533
--ADE (5 time steps): 0.1010	--FDE (5 time steps): 0.0971
--ADE (10 time steps): 0.1014	--FDE (10 time steps): 0.0989
--ADE (15 time steps): 0.1015	--FDE (15 time steps): 0.0985
--ADE (20 time steps): 0.1047	--FDE (20 time steps): 0.0884
--ADE (22 time steps): 0.1056	--FDE (22 time steps): 0.1076
[2025-04-29 22:08:08] Epoch: 72		Loss: 3.900044	Loss Translation.: 0.011866	Loss Rotation.: 0.058184	Combined Loss Dist.: 3.596749	Loss Uncertainty: 0.303295
--ADE (5 time steps): 0.1011	--FDE (5 time steps): 0.0971
--ADE (10 time steps): 0.1014	--FDE (10 time steps): 0.0989
--ADE (15 time steps): 0.1016	--FDE (15 time steps): 0.0985
--ADE (20 time steps): 0.1047	--FDE (20 time steps): 0.0884
--ADE (22 time steps): 0.1056	--FDE (22 time steps): 0.1076
[2025-04-29 22:08:43] Epoch: 73		Loss: 3.954361	Loss Translation.: 0.011867	Loss Rotation.: 0.059262	Combined Loss Dist.: 3.651616	Loss Uncertainty: 0.302746
--ADE (5 time steps): 0.1010	--FDE (5 time steps): 0.0972
--ADE (10 time steps): 0.1013	--FDE (10 time steps): 0.0988
--ADE (15 time steps): 0.1015	--FDE (15 time steps): 0.0983
--ADE (20 time steps): 0.1046	--FDE (20 time steps): 0.0884
--ADE (22 time steps): 0.1055	--FDE (22 time steps): 0.1059
[2025-04-29 22:09:18] Epoch: 74		Loss: 3.943115	Loss Translation.: 0.011864	Loss Rotation.: 0.059034	Combined Loss Dist.: 3.640251	Loss Uncertainty: 0.302864
--ADE (5 time steps): 0.1010	--FDE (5 time steps): 0.0972
--ADE (10 time steps): 0.1013	--FDE (10 time steps): 0.0988
--ADE (15 time steps): 0.1015	--FDE (15 time steps): 0.0983
--ADE (20 time steps): 0.1046	--FDE (20 time steps): 0.0884
--ADE (22 time steps): 0.1055	--FDE (22 time steps): 0.1060
[2025-04-29 22:09:53] Epoch: 75		Loss: 3.937763	Loss Translation.: 0.011864	Loss Rotation.: 0.058923	Combined Loss Dist.: 3.634921	Loss Uncertainty: 0.302842
--ADE (5 time steps): 0.1009	--FDE (5 time steps): 0.0972
--ADE (10 time steps): 0.1013	--FDE (10 time steps): 0.0987
--ADE (15 time steps): 0.1014	--FDE (15 time steps): 0.0983
--ADE (20 time steps): 0.1046	--FDE (20 time steps): 0.0884
--ADE (22 time steps): 0.1055	--FDE (22 time steps): 0.1061
[2025-04-29 22:10:29] Epoch: 76		Loss: 3.932527	Loss Translation.: 0.011864	Loss Rotation.: 0.058818	Combined Loss Dist.: 3.629688	Loss Uncertainty: 0.302839
--ADE (5 time steps): 0.1009	--FDE (5 time steps): 0.0972
--ADE (10 time steps): 0.1012	--FDE (10 time steps): 0.0987
--ADE (15 time steps): 0.1014	--FDE (15 time steps): 0.0983
--ADE (20 time steps): 0.1046	--FDE (20 time steps): 0.0884
--ADE (22 time steps): 0.1055	--FDE (22 time steps): 0.1061
[2025-04-29 22:11:04] Epoch: 77		Loss: 3.929490	Loss Translation.: 0.011864	Loss Rotation.: 0.058752	Combined Loss Dist.: 3.626689	Loss Uncertainty: 0.302801
--ADE (5 time steps): 0.1009	--FDE (5 time steps): 0.0972
--ADE (10 time steps): 0.1012	--FDE (10 time steps): 0.0987
--ADE (15 time steps): 0.1014	--FDE (15 time steps): 0.0983
--ADE (20 time steps): 0.1046	--FDE (20 time steps): 0.0884
--ADE (22 time steps): 0.1055	--FDE (22 time steps): 0.1061
[2025-04-29 22:11:39] Epoch: 78		Loss: 3.925386	Loss Translation.: 0.011863	Loss Rotation.: 0.058670	Combined Loss Dist.: 3.622618	Loss Uncertainty: 0.302768
--ADE (5 time steps): 0.1008	--FDE (5 time steps): 0.0972
--ADE (10 time steps): 0.1012	--FDE (10 time steps): 0.0986
--ADE (15 time steps): 0.1013	--FDE (15 time steps): 0.0982
--ADE (20 time steps): 0.1046	--FDE (20 time steps): 0.0884
--ADE (22 time steps): 0.1055	--FDE (22 time steps): 0.1062
[2025-04-29 22:12:14] Epoch: 79		Loss: 3.920670	Loss Translation.: 0.011859	Loss Rotation.: 0.058580	Combined Loss Dist.: 3.617918	Loss Uncertainty: 0.302752
--ADE (5 time steps): 0.1008	--FDE (5 time steps): 0.0972
--ADE (10 time steps): 0.1011	--FDE (10 time steps): 0.0986
--ADE (15 time steps): 0.1013	--FDE (15 time steps): 0.0982
--ADE (20 time steps): 0.1046	--FDE (20 time steps): 0.0883
--ADE (22 time steps): 0.1054	--FDE (22 time steps): 0.1061
[2025-04-29 22:12:49] Epoch: 80		Loss: 3.918975	Loss Translation.: 0.011857	Loss Rotation.: 0.058543	Combined Loss Dist.: 3.616286	Loss Uncertainty: 0.302689
--ADE (5 time steps): 0.1007	--FDE (5 time steps): 0.0972
--ADE (10 time steps): 0.1011	--FDE (10 time steps): 0.0985
--ADE (15 time steps): 0.1012	--FDE (15 time steps): 0.0982
--ADE (20 time steps): 0.1046	--FDE (20 time steps): 0.0884
--ADE (22 time steps): 0.1054	--FDE (22 time steps): 0.1061

JOB STATISTICS
==============
Job ID: 11451295
Cluster: snellius
User/Group: scur2440/scur2440
State: COMPLETED (exit code 0)
Nodes: 1
Cores per node: 18
CPU Utilized: 00:48:08
CPU Efficiency: 5.65% of 14:12:18 core-walltime
Job Wall-clock time: 00:47:21
Memory Utilized: 3.24 GB
Memory Efficiency: 2.70% of 120.00 GB (120.00 GB/node)
