***************************************************************************************************** 
* WARNING: The 2022 software stack is deprecated. Please consider switching to
the latest 2024 * 
* software stack, or the older 2023 software stack. * 
* * 
* If you have any question, please contact us via
http://servicedesk.surfsara.nl. * 
***************************************************************************************************** 

Configuration:
description: LED
results_root_dir: results
dataset: kitti
past_frames: 10
future_frames: 5
min_past_frames: 10
min_future_frames: 5
motion_dim: 2
forecast_dim: 2
traj_mean: [14, 7.5]
traj_scale: 5
pretrained_core_denoising_model: ./results/checkpoints/base_diffusion_model.p
debug: False
diffusion: {'steps': 100, 'beta_start': 0.0001, 'beta_end': 0.05, 'beta_schedule': 'linear'}
lr: 0.001
train_batch_size: 32
test_batch_size: 32
num_epochs: 40
test_interval: 1
lr_scheduler: step
decay_step: 8
decay_gamma: 0.5

KITTI dataset (1 agent).
[Warning] Only 5 future timesteps available, ADE/FDE will be computed for up to 1 seconds instead of the full 4 seconds.
[INFO] Kitti dataset - skip subtracting mean from absolute positions.
[INFO] Training from scratch - without pretrained models (Not NBA with frame standard configs)

[Core Denoising Model] Trainable/Total: 6568720/6568720
[Initialization Model] Trainable/Total: 3862101/3862101
[2025-02-08 23:13:55] Epoch: 0		Loss: 38.659109	Loss Dist.: 25.539199	Loss Uncertainty: 13.119911
--ADE(1s): 0.3635	--FDE(1s): 0.4863
--ADE(2s): 0.3635	--FDE(2s): 0.4863
--ADE(3s): 0.3635	--FDE(3s): 0.4863
--ADE(4s): 0.3635	--FDE(4s): 0.4863
[2025-02-08 23:14:48] Epoch: 1		Loss: 0.594513	Loss Dist.: 0.443066	Loss Uncertainty: 0.151447
--ADE(1s): 0.4473	--FDE(1s): 0.6502
--ADE(2s): 0.4473	--FDE(2s): 0.6502
--ADE(3s): 0.4473	--FDE(3s): 0.6502
--ADE(4s): 0.4473	--FDE(4s): 0.6502
[2025-02-08 23:15:41] Epoch: 2		Loss: 0.494001	Loss Dist.: 0.381256	Loss Uncertainty: 0.112744
--ADE(1s): 0.3017	--FDE(1s): 0.6733
--ADE(2s): 0.3017	--FDE(2s): 0.6733
--ADE(3s): 0.3017	--FDE(3s): 0.6733
--ADE(4s): 0.3017	--FDE(4s): 0.6733
[2025-02-08 23:16:34] Epoch: 3		Loss: 0.416698	Loss Dist.: 0.337807	Loss Uncertainty: 0.078891
--ADE(1s): 0.2970	--FDE(1s): 0.4847
--ADE(2s): 0.2970	--FDE(2s): 0.4847
--ADE(3s): 0.2970	--FDE(3s): 0.4847
--ADE(4s): 0.2970	--FDE(4s): 0.4847
[2025-02-08 23:17:26] Epoch: 4		Loss: 0.350248	Loss Dist.: 0.301480	Loss Uncertainty: 0.048768
--ADE(1s): 0.2148	--FDE(1s): 0.3590
--ADE(2s): 0.2148	--FDE(2s): 0.3590
--ADE(3s): 0.2148	--FDE(3s): 0.3590
--ADE(4s): 0.2148	--FDE(4s): 0.3590
[2025-02-08 23:18:20] Epoch: 5		Loss: 0.322419	Loss Dist.: 0.287587	Loss Uncertainty: 0.034832
--ADE(1s): 0.2762	--FDE(1s): 0.3987
--ADE(2s): 0.2762	--FDE(2s): 0.3987
--ADE(3s): 0.2762	--FDE(3s): 0.3987
--ADE(4s): 0.2762	--FDE(4s): 0.3987
[2025-02-08 23:19:12] Epoch: 6		Loss: 0.309248	Loss Dist.: 0.284452	Loss Uncertainty: 0.024796
--ADE(1s): 0.2298	--FDE(1s): 0.4392
--ADE(2s): 0.2298	--FDE(2s): 0.4392
--ADE(3s): 0.2298	--FDE(3s): 0.4392
--ADE(4s): 0.2298	--FDE(4s): 0.4392
[2025-02-08 23:20:05] Epoch: 7		Loss: 0.294011	Loss Dist.: 0.272676	Loss Uncertainty: 0.021335
--ADE(1s): 0.2591	--FDE(1s): 0.4716
--ADE(2s): 0.2591	--FDE(2s): 0.4716
--ADE(3s): 0.2591	--FDE(3s): 0.4716
--ADE(4s): 0.2591	--FDE(4s): 0.4716
[2025-02-08 23:20:58] Epoch: 8		Loss: 0.117178	Loss Dist.: 0.180902	Loss Uncertainty: -0.063725
--ADE(1s): 0.1831	--FDE(1s): 0.3669
--ADE(2s): 0.1831	--FDE(2s): 0.3669
--ADE(3s): 0.1831	--FDE(3s): 0.3669
--ADE(4s): 0.1831	--FDE(4s): 0.3669
[2025-02-08 23:21:50] Epoch: 9		Loss: 0.107051	Loss Dist.: 0.177562	Loss Uncertainty: -0.070512
--ADE(1s): 0.1742	--FDE(1s): 0.3193
--ADE(2s): 0.1742	--FDE(2s): 0.3193
--ADE(3s): 0.1742	--FDE(3s): 0.3193
--ADE(4s): 0.1742	--FDE(4s): 0.3193
[2025-02-08 23:22:43] Epoch: 10		Loss: 0.102956	Loss Dist.: 0.174854	Loss Uncertainty: -0.071898
--ADE(1s): 0.2156	--FDE(1s): 0.4052
--ADE(2s): 0.2156	--FDE(2s): 0.4052
--ADE(3s): 0.2156	--FDE(3s): 0.4052
--ADE(4s): 0.2156	--FDE(4s): 0.4052
[2025-02-08 23:23:36] Epoch: 11		Loss: 0.119255	Loss Dist.: 0.183896	Loss Uncertainty: -0.064641
--ADE(1s): 0.1724	--FDE(1s): 0.3228
--ADE(2s): 0.1724	--FDE(2s): 0.3228
--ADE(3s): 0.1724	--FDE(3s): 0.3228
--ADE(4s): 0.1724	--FDE(4s): 0.3228
[2025-02-08 23:24:29] Epoch: 12		Loss: 0.106672	Loss Dist.: 0.177480	Loss Uncertainty: -0.070808
--ADE(1s): 0.1829	--FDE(1s): 0.3357
--ADE(2s): 0.1829	--FDE(2s): 0.3357
--ADE(3s): 0.1829	--FDE(3s): 0.3357
--ADE(4s): 0.1829	--FDE(4s): 0.3357
[2025-02-08 23:25:21] Epoch: 13		Loss: 0.103572	Loss Dist.: 0.175154	Loss Uncertainty: -0.071582
--ADE(1s): 0.1814	--FDE(1s): 0.2982
--ADE(2s): 0.1814	--FDE(2s): 0.2982
--ADE(3s): 0.1814	--FDE(3s): 0.2982
--ADE(4s): 0.1814	--FDE(4s): 0.2982
[2025-02-08 23:26:14] Epoch: 14		Loss: 0.092155	Loss Dist.: 0.169739	Loss Uncertainty: -0.077583
--ADE(1s): 0.1996	--FDE(1s): 0.3925
--ADE(2s): 0.1996	--FDE(2s): 0.3925
--ADE(3s): 0.1996	--FDE(3s): 0.3925
--ADE(4s): 0.1996	--FDE(4s): 0.3925
[2025-02-08 23:27:07] Epoch: 15		Loss: 0.096543	Loss Dist.: 0.172405	Loss Uncertainty: -0.075862
--ADE(1s): 0.2311	--FDE(1s): 0.4450
--ADE(2s): 0.2311	--FDE(2s): 0.4450
--ADE(3s): 0.2311	--FDE(3s): 0.4450
--ADE(4s): 0.2311	--FDE(4s): 0.4450
[2025-02-08 23:27:59] Epoch: 16		Loss: 0.026151	Loss Dist.: 0.136514	Loss Uncertainty: -0.110364
--ADE(1s): 0.1490	--FDE(1s): 0.2843
--ADE(2s): 0.1490	--FDE(2s): 0.2843
--ADE(3s): 0.1490	--FDE(3s): 0.2843
--ADE(4s): 0.1490	--FDE(4s): 0.2843
[2025-02-08 23:28:52] Epoch: 17		Loss: 0.020199	Loss Dist.: 0.134765	Loss Uncertainty: -0.114566
--ADE(1s): 0.1695	--FDE(1s): 0.3201
--ADE(2s): 0.1695	--FDE(2s): 0.3201
--ADE(3s): 0.1695	--FDE(3s): 0.3201
--ADE(4s): 0.1695	--FDE(4s): 0.3201
[2025-02-08 23:29:44] Epoch: 18		Loss: 0.023095	Loss Dist.: 0.136880	Loss Uncertainty: -0.113785
--ADE(1s): 0.1786	--FDE(1s): 0.3458
--ADE(2s): 0.1786	--FDE(2s): 0.3458
--ADE(3s): 0.1786	--FDE(3s): 0.3458
--ADE(4s): 0.1786	--FDE(4s): 0.3458
[2025-02-08 23:30:36] Epoch: 19		Loss: 0.020640	Loss Dist.: 0.135243	Loss Uncertainty: -0.114603
--ADE(1s): 0.1646	--FDE(1s): 0.2951
--ADE(2s): 0.1646	--FDE(2s): 0.2951
--ADE(3s): 0.1646	--FDE(3s): 0.2951
--ADE(4s): 0.1646	--FDE(4s): 0.2951
[2025-02-08 23:31:29] Epoch: 20		Loss: 0.009246	Loss Dist.: 0.129566	Loss Uncertainty: -0.120320
--ADE(1s): 0.1563	--FDE(1s): 0.2823
--ADE(2s): 0.1563	--FDE(2s): 0.2823
--ADE(3s): 0.1563	--FDE(3s): 0.2823
--ADE(4s): 0.1563	--FDE(4s): 0.2823
[2025-02-08 23:32:21] Epoch: 21		Loss: 0.017017	Loss Dist.: 0.133404	Loss Uncertainty: -0.116387
--ADE(1s): 0.1693	--FDE(1s): 0.3270
--ADE(2s): 0.1693	--FDE(2s): 0.3270
--ADE(3s): 0.1693	--FDE(3s): 0.3270
--ADE(4s): 0.1693	--FDE(4s): 0.3270
[2025-02-08 23:33:14] Epoch: 22		Loss: 0.011277	Loss Dist.: 0.131193	Loss Uncertainty: -0.119916
--ADE(1s): 0.1492	--FDE(1s): 0.2840
--ADE(2s): 0.1492	--FDE(2s): 0.2840
--ADE(3s): 0.1492	--FDE(3s): 0.2840
--ADE(4s): 0.1492	--FDE(4s): 0.2840
[2025-02-08 23:34:07] Epoch: 23		Loss: 0.014648	Loss Dist.: 0.133047	Loss Uncertainty: -0.118399
--ADE(1s): 0.1725	--FDE(1s): 0.3289
--ADE(2s): 0.1725	--FDE(2s): 0.3289
--ADE(3s): 0.1725	--FDE(3s): 0.3289
--ADE(4s): 0.1725	--FDE(4s): 0.3289
[2025-02-08 23:34:59] Epoch: 24		Loss: -0.020785	Loss Dist.: 0.115882	Loss Uncertainty: -0.136667
--ADE(1s): 0.1555	--FDE(1s): 0.3028
--ADE(2s): 0.1555	--FDE(2s): 0.3028
--ADE(3s): 0.1555	--FDE(3s): 0.3028
--ADE(4s): 0.1555	--FDE(4s): 0.3028
[2025-02-08 23:35:52] Epoch: 25		Loss: -0.023415	Loss Dist.: 0.115298	Loss Uncertainty: -0.138713
--ADE(1s): 0.1521	--FDE(1s): 0.2849
--ADE(2s): 0.1521	--FDE(2s): 0.2849
--ADE(3s): 0.1521	--FDE(3s): 0.2849
--ADE(4s): 0.1521	--FDE(4s): 0.2849
[2025-02-08 23:36:45] Epoch: 26		Loss: -0.025940	Loss Dist.: 0.113755	Loss Uncertainty: -0.139694
--ADE(1s): 0.1590	--FDE(1s): 0.3108
--ADE(2s): 0.1590	--FDE(2s): 0.3108
--ADE(3s): 0.1590	--FDE(3s): 0.3108
--ADE(4s): 0.1590	--FDE(4s): 0.3108
[2025-02-08 23:37:38] Epoch: 27		Loss: -0.024319	Loss Dist.: 0.114562	Loss Uncertainty: -0.138881
--ADE(1s): 0.1559	--FDE(1s): 0.2873
--ADE(2s): 0.1559	--FDE(2s): 0.2873
--ADE(3s): 0.1559	--FDE(3s): 0.2873
--ADE(4s): 0.1559	--FDE(4s): 0.2873
[2025-02-08 23:38:30] Epoch: 28		Loss: -0.027058	Loss Dist.: 0.113637	Loss Uncertainty: -0.140695
--ADE(1s): 0.1586	--FDE(1s): 0.3026
--ADE(2s): 0.1586	--FDE(2s): 0.3026
--ADE(3s): 0.1586	--FDE(3s): 0.3026
--ADE(4s): 0.1586	--FDE(4s): 0.3026
[2025-02-08 23:39:23] Epoch: 29		Loss: -0.028444	Loss Dist.: 0.112328	Loss Uncertainty: -0.140772
--ADE(1s): 0.1565	--FDE(1s): 0.2944
--ADE(2s): 0.1565	--FDE(2s): 0.2944
--ADE(3s): 0.1565	--FDE(3s): 0.2944
--ADE(4s): 0.1565	--FDE(4s): 0.2944
[2025-02-08 23:40:16] Epoch: 30		Loss: -0.031693	Loss Dist.: 0.111198	Loss Uncertainty: -0.142891
--ADE(1s): 0.1546	--FDE(1s): 0.2819
--ADE(2s): 0.1546	--FDE(2s): 0.2819
--ADE(3s): 0.1546	--FDE(3s): 0.2819
--ADE(4s): 0.1546	--FDE(4s): 0.2819
[2025-02-08 23:41:09] Epoch: 31		Loss: -0.036028	Loss Dist.: 0.109861	Loss Uncertainty: -0.145889
--ADE(1s): 0.1937	--FDE(1s): 0.3399
--ADE(2s): 0.1937	--FDE(2s): 0.3399
--ADE(3s): 0.1937	--FDE(3s): 0.3399
--ADE(4s): 0.1937	--FDE(4s): 0.3399
[2025-02-08 23:42:01] Epoch: 32		Loss: -0.052452	Loss Dist.: 0.101694	Loss Uncertainty: -0.154146
--ADE(1s): 0.1652	--FDE(1s): 0.3110
--ADE(2s): 0.1652	--FDE(2s): 0.3110
--ADE(3s): 0.1652	--FDE(3s): 0.3110
--ADE(4s): 0.1652	--FDE(4s): 0.3110
[2025-02-08 23:42:54] Epoch: 33		Loss: -0.052969	Loss Dist.: 0.101665	Loss Uncertainty: -0.154634
--ADE(1s): 0.1676	--FDE(1s): 0.3150
--ADE(2s): 0.1676	--FDE(2s): 0.3150
--ADE(3s): 0.1676	--FDE(3s): 0.3150
--ADE(4s): 0.1676	--FDE(4s): 0.3150
[2025-02-08 23:43:46] Epoch: 34		Loss: -0.054517	Loss Dist.: 0.101068	Loss Uncertainty: -0.155585
--ADE(1s): 0.1645	--FDE(1s): 0.3153
--ADE(2s): 0.1645	--FDE(2s): 0.3153
--ADE(3s): 0.1645	--FDE(3s): 0.3153
--ADE(4s): 0.1645	--FDE(4s): 0.3153
[2025-02-08 23:44:39] Epoch: 35		Loss: -0.057967	Loss Dist.: 0.099684	Loss Uncertainty: -0.157651
--ADE(1s): 0.1680	--FDE(1s): 0.3110
--ADE(2s): 0.1680	--FDE(2s): 0.3110
--ADE(3s): 0.1680	--FDE(3s): 0.3110
--ADE(4s): 0.1680	--FDE(4s): 0.3110
[2025-02-08 23:45:32] Epoch: 36		Loss: -0.058538	Loss Dist.: 0.099546	Loss Uncertainty: -0.158084
--ADE(1s): 0.1676	--FDE(1s): 0.3065
--ADE(2s): 0.1676	--FDE(2s): 0.3065
--ADE(3s): 0.1676	--FDE(3s): 0.3065
--ADE(4s): 0.1676	--FDE(4s): 0.3065
[2025-02-08 23:46:24] Epoch: 37		Loss: -0.059303	Loss Dist.: 0.099356	Loss Uncertainty: -0.158659
--ADE(1s): 0.1570	--FDE(1s): 0.2970
--ADE(2s): 0.1570	--FDE(2s): 0.2970
--ADE(3s): 0.1570	--FDE(3s): 0.2970
--ADE(4s): 0.1570	--FDE(4s): 0.2970
[2025-02-08 23:47:17] Epoch: 38		Loss: -0.059499	Loss Dist.: 0.099669	Loss Uncertainty: -0.159168
--ADE(1s): 0.1541	--FDE(1s): 0.2876
--ADE(2s): 0.1541	--FDE(2s): 0.2876
--ADE(3s): 0.1541	--FDE(3s): 0.2876
--ADE(4s): 0.1541	--FDE(4s): 0.2876
[2025-02-08 23:48:10] Epoch: 39		Loss: -0.059284	Loss Dist.: 0.099399	Loss Uncertainty: -0.158683
--ADE(1s): 0.1703	--FDE(1s): 0.3202
--ADE(2s): 0.1703	--FDE(2s): 0.3202
--ADE(3s): 0.1703	--FDE(3s): 0.3202
--ADE(4s): 0.1703	--FDE(4s): 0.3202

JOB STATISTICS
==============
Job ID: 9832136
Cluster: snellius
User/Group: scur2440/scur2440
State: COMPLETED (exit code 0)
Nodes: 1
Cores per node: 18
CPU Utilized: 00:36:09
CPU Efficiency: 5.65% of 10:40:12 core-walltime
Job Wall-clock time: 00:35:34
Memory Utilized: 3.09 GB
Memory Efficiency: 2.58% of 120.00 GB
