***************************************************************************************************** 
* WARNING: The 2022 software stack is deprecated. Please consider switching to
the latest 2024 * 
* software stack, or the older 2023 software stack. * 
* * 
* If you have any question, please contact us via
http://servicedesk.surfsara.nl. * 
***************************************************************************************************** 

Configuration:
description: LED
results_root_dir: results
dataset: kitti
dimensions: 3
past_frames: 15
future_frames: 25
min_past_frames: 15
min_future_frames: 25
k_preds: 25
traj_mean: [14, 7.5]
traj_scale: 5
relative: False
normalised: False
pretrained_core_denoising_model: ./results/checkpoints/base_diffusion_model.p
debug: False
diffusion: {'steps': 150, 'beta_start': 0.0001, 'beta_end': 0.05, 'beta_schedule': 'linear'}
lr: 0.005
train_batch_size: 32
test_batch_size: 32
num_epochs: 70
test_interval: 1
lr_scheduler: step
decay_step: 8
decay_gamma: 0.5

[INFO] KITTI dataset (1 agent).
Overlapping: False
Overlapping: False
[INFO] Now using random trajectory shuffling.

Train dataset:
Length: 488
Total x, y and z distances travelled: 13.18726, 0.85348, 14.00251
Euclidean dist diff avg: 22.74347

Test dataset:
Length: 87
Total x, y and z distances travelled: 13.51426, 0.81705, 15.17638
Euclidean dist diff avg: 24.15381

[INFO] Kitti dataset - skip subtracting mean from absolute positions.
[INFO] Training from scratch - without pretrained models (Not NBA with frame standard configs)

[Core Denoising Model] Trainable/Total: 6589080/6589080
[Initialization Model] Trainable/Total: 5761175/5761175
[2025-02-28 21:09:34] Epoch: 0		Loss: 360.324290	Loss Translation.: 94.320641	Loss Uncertainty: 266.003643
--ADE (5 time steps): 2.7970	--FDE (5 time steps): 2.6288
--ADE (10 time steps): 3.5113	--FDE (10 time steps): 4.0526
--ADE (15 time steps): 4.4169	--FDE (15 time steps): 6.4902
--ADE (20 time steps): 5.5779	--FDE (20 time steps): 9.6293
[2025-02-28 21:09:39] Epoch: 1		Loss: 50.764634	Loss Translation.: 47.928797	Loss Uncertainty: 2.835837
--ADE (5 time steps): 1.8955	--FDE (5 time steps): 1.9524
--ADE (10 time steps): 2.8621	--FDE (10 time steps): 4.1120
--ADE (15 time steps): 3.7807	--FDE (15 time steps): 6.3340
--ADE (20 time steps): 4.7204	--FDE (20 time steps): 7.7852
[2025-02-28 21:09:45] Epoch: 2		Loss: 43.590170	Loss Translation.: 40.954257	Loss Uncertainty: 2.635913
--ADE (5 time steps): 2.1190	--FDE (5 time steps): 2.1359
--ADE (10 time steps): 2.7505	--FDE (10 time steps): 3.7959
--ADE (15 time steps): 3.5504	--FDE (15 time steps): 5.8476
--ADE (20 time steps): 4.5007	--FDE (20 time steps): 7.5814
[2025-02-28 21:09:51] Epoch: 3		Loss: 39.835579	Loss Translation.: 37.285605	Loss Uncertainty: 2.549974
--ADE (5 time steps): 1.5796	--FDE (5 time steps): 1.8333
--ADE (10 time steps): 2.4083	--FDE (10 time steps): 3.5199
--ADE (15 time steps): 3.2606	--FDE (15 time steps): 5.6215
--ADE (20 time steps): 4.1763	--FDE (20 time steps): 7.5680
[2025-02-28 21:09:57] Epoch: 4		Loss: 34.728660	Loss Translation.: 32.287532	Loss Uncertainty: 2.441127
--ADE (5 time steps): 1.6224	--FDE (5 time steps): 1.7577
--ADE (10 time steps): 2.3523	--FDE (10 time steps): 3.4766
--ADE (15 time steps): 3.2007	--FDE (15 time steps): 5.5794
--ADE (20 time steps): 4.1254	--FDE (20 time steps): 7.3506
[2025-02-28 21:10:03] Epoch: 5		Loss: 32.321126	Loss Translation.: 29.946648	Loss Uncertainty: 2.374478
--ADE (5 time steps): 1.4929	--FDE (5 time steps): 1.6654
--ADE (10 time steps): 2.1620	--FDE (10 time steps): 3.2982
--ADE (15 time steps): 2.9619	--FDE (15 time steps): 5.0906
--ADE (20 time steps): 3.8353	--FDE (20 time steps): 6.8708
[2025-02-28 21:10:09] Epoch: 6		Loss: 30.645331	Loss Translation.: 28.322456	Loss Uncertainty: 2.322874
--ADE (5 time steps): 1.3753	--FDE (5 time steps): 1.5500
--ADE (10 time steps): 1.9473	--FDE (10 time steps): 2.9542
--ADE (15 time steps): 2.6821	--FDE (15 time steps): 4.5885
--ADE (20 time steps): 3.4962	--FDE (20 time steps): 6.3812
[2025-02-28 21:10:15] Epoch: 7		Loss: 28.490780	Loss Translation.: 26.209200	Loss Uncertainty: 2.281580
--ADE (5 time steps): 1.4186	--FDE (5 time steps): 1.4328
--ADE (10 time steps): 1.9297	--FDE (10 time steps): 2.6395
--ADE (15 time steps): 2.5803	--FDE (15 time steps): 4.2750
--ADE (20 time steps): 3.2768	--FDE (20 time steps): 5.8476
[2025-02-28 21:10:21] Epoch: 8		Loss: 25.104640	Loss Translation.: 22.875171	Loss Uncertainty: 2.229469
--ADE (5 time steps): 1.1515	--FDE (5 time steps): 1.3473
--ADE (10 time steps): 1.6524	--FDE (10 time steps): 2.5210
--ADE (15 time steps): 2.2773	--FDE (15 time steps): 4.1241
--ADE (20 time steps): 2.9744	--FDE (20 time steps): 5.5538
[2025-02-28 21:10:27] Epoch: 9		Loss: 23.592863	Loss Translation.: 21.405626	Loss Uncertainty: 2.187237
--ADE (5 time steps): 1.0035	--FDE (5 time steps): 1.2340
--ADE (10 time steps): 1.4648	--FDE (10 time steps): 2.2915
--ADE (15 time steps): 2.0245	--FDE (15 time steps): 3.6554
--ADE (20 time steps): 2.6758	--FDE (20 time steps): 5.0656
[2025-02-28 21:10:33] Epoch: 10		Loss: 22.056753	Loss Translation.: 19.888605	Loss Uncertainty: 2.168149
--ADE (5 time steps): 1.0655	--FDE (5 time steps): 1.1279
--ADE (10 time steps): 1.4668	--FDE (10 time steps): 2.1272
--ADE (15 time steps): 1.9721	--FDE (15 time steps): 3.4778
--ADE (20 time steps): 2.5697	--FDE (20 time steps): 4.7730
[2025-02-28 21:10:39] Epoch: 11		Loss: 20.940235	Loss Translation.: 18.822010	Loss Uncertainty: 2.118225
--ADE (5 time steps): 1.1132	--FDE (5 time steps): 1.1355
--ADE (10 time steps): 1.5120	--FDE (10 time steps): 2.1645
--ADE (15 time steps): 2.0390	--FDE (15 time steps): 3.6991
--ADE (20 time steps): 2.6521	--FDE (20 time steps): 4.9989
[2025-02-28 21:10:45] Epoch: 12		Loss: 20.518008	Loss Translation.: 18.421451	Loss Uncertainty: 2.096556
--ADE (5 time steps): 0.9859	--FDE (5 time steps): 1.1185
--ADE (10 time steps): 1.3873	--FDE (10 time steps): 2.0043
--ADE (15 time steps): 1.8582	--FDE (15 time steps): 3.3022
--ADE (20 time steps): 2.3938	--FDE (20 time steps): 4.3692
[2025-02-28 21:10:50] Epoch: 13		Loss: 20.465387	Loss Translation.: 18.382224	Loss Uncertainty: 2.083163
--ADE (5 time steps): 0.9239	--FDE (5 time steps): 1.1029
--ADE (10 time steps): 1.3385	--FDE (10 time steps): 2.0579
--ADE (15 time steps): 1.8271	--FDE (15 time steps): 3.2558
--ADE (20 time steps): 2.3829	--FDE (20 time steps): 4.5120
[2025-02-28 21:10:56] Epoch: 14		Loss: 20.111943	Loss Translation.: 18.036183	Loss Uncertainty: 2.075760
--ADE (5 time steps): 0.9474	--FDE (5 time steps): 1.1830
--ADE (10 time steps): 1.3689	--FDE (10 time steps): 2.0794
--ADE (15 time steps): 1.8552	--FDE (15 time steps): 3.3378
--ADE (20 time steps): 2.4302	--FDE (20 time steps): 4.6023
[2025-02-28 21:11:02] Epoch: 15		Loss: 18.367448	Loss Translation.: 16.306429	Loss Uncertainty: 2.061019
--ADE (5 time steps): 0.8912	--FDE (5 time steps): 0.9922
--ADE (10 time steps): 1.2334	--FDE (10 time steps): 1.7725
--ADE (15 time steps): 1.6884	--FDE (15 time steps): 3.0729
--ADE (20 time steps): 2.2173	--FDE (20 time steps): 4.2920
[2025-02-28 21:11:08] Epoch: 16		Loss: 16.019467	Loss Translation.: 13.991494	Loss Uncertainty: 2.027973
--ADE (5 time steps): 0.7951	--FDE (5 time steps): 0.9582
--ADE (10 time steps): 1.1935	--FDE (10 time steps): 1.7659
--ADE (15 time steps): 1.6515	--FDE (15 time steps): 3.1313
--ADE (20 time steps): 2.1698	--FDE (20 time steps): 4.1056
[2025-02-28 21:11:14] Epoch: 17		Loss: 16.262056	Loss Translation.: 14.242626	Loss Uncertainty: 2.019430
--ADE (5 time steps): 0.8736	--FDE (5 time steps): 1.0868
--ADE (10 time steps): 1.2933	--FDE (10 time steps): 1.9648
--ADE (15 time steps): 1.7285	--FDE (15 time steps): 3.0598
--ADE (20 time steps): 2.2445	--FDE (20 time steps): 4.2453
[2025-02-28 21:11:20] Epoch: 18		Loss: 15.467999	Loss Translation.: 13.463754	Loss Uncertainty: 2.004246
--ADE (5 time steps): 0.6610	--FDE (5 time steps): 0.8666
--ADE (10 time steps): 1.0807	--FDE (10 time steps): 1.7530
--ADE (15 time steps): 1.5396	--FDE (15 time steps): 2.8935
--ADE (20 time steps): 2.0560	--FDE (20 time steps): 4.0652
[2025-02-28 21:11:26] Epoch: 19		Loss: 14.849563	Loss Translation.: 12.849026	Loss Uncertainty: 2.000538
--ADE (5 time steps): 0.7564	--FDE (5 time steps): 0.9231
--ADE (10 time steps): 1.1241	--FDE (10 time steps): 1.6836
--ADE (15 time steps): 1.5392	--FDE (15 time steps): 2.8328
--ADE (20 time steps): 2.0284	--FDE (20 time steps): 3.8842
[2025-02-28 21:11:32] Epoch: 20		Loss: 14.086932	Loss Translation.: 12.106769	Loss Uncertainty: 1.980163
--ADE (5 time steps): 0.7553	--FDE (5 time steps): 0.8709
--ADE (10 time steps): 1.1183	--FDE (10 time steps): 1.6736
--ADE (15 time steps): 1.5065	--FDE (15 time steps): 2.7795
--ADE (20 time steps): 1.9714	--FDE (20 time steps): 3.7742
[2025-02-28 21:11:38] Epoch: 21		Loss: 13.822197	Loss Translation.: 11.849663	Loss Uncertainty: 1.972534
--ADE (5 time steps): 0.7004	--FDE (5 time steps): 0.8814
--ADE (10 time steps): 1.0970	--FDE (10 time steps): 1.7150
--ADE (15 time steps): 1.5219	--FDE (15 time steps): 2.8482
--ADE (20 time steps): 2.0151	--FDE (20 time steps): 3.8636
[2025-02-28 21:11:43] Epoch: 22		Loss: 13.328332	Loss Translation.: 11.363276	Loss Uncertainty: 1.965056
--ADE (5 time steps): 0.6987	--FDE (5 time steps): 0.8670
--ADE (10 time steps): 1.0754	--FDE (10 time steps): 1.6798
--ADE (15 time steps): 1.4886	--FDE (15 time steps): 2.7849
--ADE (20 time steps): 1.9577	--FDE (20 time steps): 3.7737
[2025-02-28 21:11:49] Epoch: 23		Loss: 13.070302	Loss Translation.: 11.106178	Loss Uncertainty: 1.964124
--ADE (5 time steps): 0.6229	--FDE (5 time steps): 0.7775
--ADE (10 time steps): 0.9811	--FDE (10 time steps): 1.5697
--ADE (15 time steps): 1.3979	--FDE (15 time steps): 2.6954
--ADE (20 time steps): 1.8733	--FDE (20 time steps): 3.6915
[2025-02-28 21:11:55] Epoch: 24		Loss: 12.020776	Loss Translation.: 10.077976	Loss Uncertainty: 1.942800
--ADE (5 time steps): 0.6422	--FDE (5 time steps): 0.8446
--ADE (10 time steps): 1.0163	--FDE (10 time steps): 1.6709
--ADE (15 time steps): 1.4552	--FDE (15 time steps): 2.8133
--ADE (20 time steps): 1.9513	--FDE (20 time steps): 3.8638
[2025-02-28 21:12:01] Epoch: 25		Loss: 12.170816	Loss Translation.: 10.226113	Loss Uncertainty: 1.944703
--ADE (5 time steps): 0.6598	--FDE (5 time steps): 0.7555
--ADE (10 time steps): 0.9998	--FDE (10 time steps): 1.5352
--ADE (15 time steps): 1.4009	--FDE (15 time steps): 2.6412
--ADE (20 time steps): 1.8649	--FDE (20 time steps): 3.6649
[2025-02-28 21:12:07] Epoch: 26		Loss: 11.424272	Loss Translation.: 9.490190	Loss Uncertainty: 1.934082
--ADE (5 time steps): 0.6239	--FDE (5 time steps): 0.7675
--ADE (10 time steps): 0.9847	--FDE (10 time steps): 1.5746
--ADE (15 time steps): 1.4170	--FDE (15 time steps): 2.7307
--ADE (20 time steps): 1.9068	--FDE (20 time steps): 3.7892
[2025-02-28 21:12:13] Epoch: 27		Loss: 11.030646	Loss Translation.: 9.099100	Loss Uncertainty: 1.931546
--ADE (5 time steps): 0.5875	--FDE (5 time steps): 0.7443
--ADE (10 time steps): 0.9473	--FDE (10 time steps): 1.5539
--ADE (15 time steps): 1.3771	--FDE (15 time steps): 2.7029
--ADE (20 time steps): 1.8568	--FDE (20 time steps): 3.7015
[2025-02-28 21:12:19] Epoch: 28		Loss: 11.044040	Loss Translation.: 9.122535	Loss Uncertainty: 1.921505
--ADE (5 time steps): 0.6743	--FDE (5 time steps): 0.8289
--ADE (10 time steps): 1.0108	--FDE (10 time steps): 1.5915
--ADE (15 time steps): 1.4198	--FDE (15 time steps): 2.7178
--ADE (20 time steps): 1.8850	--FDE (20 time steps): 3.6671
[2025-02-28 21:12:25] Epoch: 29		Loss: 10.498643	Loss Translation.: 8.579789	Loss Uncertainty: 1.918854
--ADE (5 time steps): 0.6267	--FDE (5 time steps): 0.8092
--ADE (10 time steps): 0.9663	--FDE (10 time steps): 1.5620
--ADE (15 time steps): 1.3775	--FDE (15 time steps): 2.6657
--ADE (20 time steps): 1.8439	--FDE (20 time steps): 3.6226
[2025-02-28 21:12:31] Epoch: 30		Loss: 10.305315	Loss Translation.: 8.390455	Loss Uncertainty: 1.914861
--ADE (5 time steps): 0.6242	--FDE (5 time steps): 0.8034
--ADE (10 time steps): 0.9832	--FDE (10 time steps): 1.5688
--ADE (15 time steps): 1.4127	--FDE (15 time steps): 2.7157
--ADE (20 time steps): 1.8884	--FDE (20 time steps): 3.7225
[2025-02-28 21:12:37] Epoch: 31		Loss: 11.159821	Loss Translation.: 9.247257	Loss Uncertainty: 1.912564
--ADE (5 time steps): 0.6060	--FDE (5 time steps): 0.7200
--ADE (10 time steps): 0.9494	--FDE (10 time steps): 1.5242
--ADE (15 time steps): 1.3645	--FDE (15 time steps): 2.6368
--ADE (20 time steps): 1.8375	--FDE (20 time steps): 3.6665
[2025-02-28 21:12:42] Epoch: 32		Loss: 10.072141	Loss Translation.: 8.159055	Loss Uncertainty: 1.913086
--ADE (5 time steps): 0.5834	--FDE (5 time steps): 0.7125
--ADE (10 time steps): 0.9311	--FDE (10 time steps): 1.5051
--ADE (15 time steps): 1.3493	--FDE (15 time steps): 2.6428
--ADE (20 time steps): 1.8211	--FDE (20 time steps): 3.6248
[2025-02-28 21:12:48] Epoch: 33		Loss: 9.428957	Loss Translation.: 7.521897	Loss Uncertainty: 1.907060
--ADE (5 time steps): 0.5905	--FDE (5 time steps): 0.7174
--ADE (10 time steps): 0.9249	--FDE (10 time steps): 1.4919
--ADE (15 time steps): 1.3299	--FDE (15 time steps): 2.5994
--ADE (20 time steps): 1.7920	--FDE (20 time steps): 3.5326
[2025-02-28 21:12:54] Epoch: 34		Loss: 9.113009	Loss Translation.: 7.210087	Loss Uncertainty: 1.902922
--ADE (5 time steps): 0.5810	--FDE (5 time steps): 0.7133
--ADE (10 time steps): 0.9220	--FDE (10 time steps): 1.5007
--ADE (15 time steps): 1.3320	--FDE (15 time steps): 2.6047
--ADE (20 time steps): 1.7944	--FDE (20 time steps): 3.5334
[2025-02-28 21:13:00] Epoch: 35		Loss: 8.960916	Loss Translation.: 7.062527	Loss Uncertainty: 1.898389
--ADE (5 time steps): 0.5693	--FDE (5 time steps): 0.7095
--ADE (10 time steps): 0.9163	--FDE (10 time steps): 1.5100
--ADE (15 time steps): 1.3247	--FDE (15 time steps): 2.5941
--ADE (20 time steps): 1.7908	--FDE (20 time steps): 3.5512
[2025-02-28 21:13:06] Epoch: 36		Loss: 8.742617	Loss Translation.: 6.843582	Loss Uncertainty: 1.899035
--ADE (5 time steps): 0.5622	--FDE (5 time steps): 0.7077
--ADE (10 time steps): 0.9119	--FDE (10 time steps): 1.5169
--ADE (15 time steps): 1.3277	--FDE (15 time steps): 2.6070
--ADE (20 time steps): 1.7953	--FDE (20 time steps): 3.5882
[2025-02-28 21:13:12] Epoch: 37		Loss: 8.607932	Loss Translation.: 6.710701	Loss Uncertainty: 1.897232
--ADE (5 time steps): 0.5470	--FDE (5 time steps): 0.7083
--ADE (10 time steps): 0.9069	--FDE (10 time steps): 1.5048
--ADE (15 time steps): 1.3305	--FDE (15 time steps): 2.6126
--ADE (20 time steps): 1.8028	--FDE (20 time steps): 3.6247
[2025-02-28 21:13:18] Epoch: 38		Loss: 8.888592	Loss Translation.: 6.991131	Loss Uncertainty: 1.897461
--ADE (5 time steps): 0.5128	--FDE (5 time steps): 0.6654
--ADE (10 time steps): 0.8662	--FDE (10 time steps): 1.4763
--ADE (15 time steps): 1.2876	--FDE (15 time steps): 2.5907
--ADE (20 time steps): 1.7637	--FDE (20 time steps): 3.5810
[2025-02-28 21:13:24] Epoch: 39		Loss: 8.710627	Loss Translation.: 6.814808	Loss Uncertainty: 1.895819
--ADE (5 time steps): 0.5144	--FDE (5 time steps): 0.6721
--ADE (10 time steps): 0.8648	--FDE (10 time steps): 1.4800
--ADE (15 time steps): 1.2861	--FDE (15 time steps): 2.5757
--ADE (20 time steps): 1.7609	--FDE (20 time steps): 3.5818
[2025-02-28 21:13:30] Epoch: 40		Loss: 8.778647	Loss Translation.: 6.882028	Loss Uncertainty: 1.896618
--ADE (5 time steps): 0.5514	--FDE (5 time steps): 0.7273
--ADE (10 time steps): 0.9156	--FDE (10 time steps): 1.5631
--ADE (15 time steps): 1.3395	--FDE (15 time steps): 2.6281
--ADE (20 time steps): 1.8130	--FDE (20 time steps): 3.5937
[2025-02-28 21:13:35] Epoch: 41		Loss: 9.116069	Loss Translation.: 7.220313	Loss Uncertainty: 1.895756
--ADE (5 time steps): 0.5191	--FDE (5 time steps): 0.6845
--ADE (10 time steps): 0.8786	--FDE (10 time steps): 1.5096
--ADE (15 time steps): 1.3035	--FDE (15 time steps): 2.6084
--ADE (20 time steps): 1.7762	--FDE (20 time steps): 3.5824
[2025-02-28 21:13:41] Epoch: 42		Loss: 8.677044	Loss Translation.: 6.785042	Loss Uncertainty: 1.892002
--ADE (5 time steps): 0.5109	--FDE (5 time steps): 0.6642
--ADE (10 time steps): 0.8635	--FDE (10 time steps): 1.4887
--ADE (15 time steps): 1.2788	--FDE (15 time steps): 2.5506
--ADE (20 time steps): 1.7444	--FDE (20 time steps): 3.5072
[2025-02-28 21:13:47] Epoch: 43		Loss: 8.501438	Loss Translation.: 6.609321	Loss Uncertainty: 1.892118
--ADE (5 time steps): 0.5020	--FDE (5 time steps): 0.6607
--ADE (10 time steps): 0.8579	--FDE (10 time steps): 1.4867
--ADE (15 time steps): 1.2767	--FDE (15 time steps): 2.5569
--ADE (20 time steps): 1.7453	--FDE (20 time steps): 3.5239
[2025-02-28 21:13:53] Epoch: 44		Loss: 8.616287	Loss Translation.: 6.726170	Loss Uncertainty: 1.890117
--ADE (5 time steps): 0.5119	--FDE (5 time steps): 0.6729
--ADE (10 time steps): 0.8651	--FDE (10 time steps): 1.4879
--ADE (15 time steps): 1.2802	--FDE (15 time steps): 2.5482
--ADE (20 time steps): 1.7436	--FDE (20 time steps): 3.4829
[2025-02-28 21:13:59] Epoch: 45		Loss: 8.613248	Loss Translation.: 6.721309	Loss Uncertainty: 1.891939
--ADE (5 time steps): 0.5037	--FDE (5 time steps): 0.6623
--ADE (10 time steps): 0.8582	--FDE (10 time steps): 1.4802
--ADE (15 time steps): 1.2762	--FDE (15 time steps): 2.5528
--ADE (20 time steps): 1.7423	--FDE (20 time steps): 3.4701
[2025-02-28 21:14:05] Epoch: 46		Loss: 8.530325	Loss Translation.: 6.642467	Loss Uncertainty: 1.887857
--ADE (5 time steps): 0.5155	--FDE (5 time steps): 0.6670
--ADE (10 time steps): 0.8700	--FDE (10 time steps): 1.4766
--ADE (15 time steps): 1.2851	--FDE (15 time steps): 2.5514
--ADE (20 time steps): 1.7457	--FDE (20 time steps): 3.4726
[2025-02-28 21:14:11] Epoch: 47		Loss: 8.226936	Loss Translation.: 6.336708	Loss Uncertainty: 1.890227
--ADE (5 time steps): 0.4993	--FDE (5 time steps): 0.6571
--ADE (10 time steps): 0.8536	--FDE (10 time steps): 1.4693
--ADE (15 time steps): 1.2721	--FDE (15 time steps): 2.5472
--ADE (20 time steps): 1.7365	--FDE (20 time steps): 3.4693
[2025-02-28 21:14:17] Epoch: 48		Loss: 8.041740	Loss Translation.: 6.155167	Loss Uncertainty: 1.886573
--ADE (5 time steps): 0.5144	--FDE (5 time steps): 0.6670
--ADE (10 time steps): 0.8662	--FDE (10 time steps): 1.4605
--ADE (15 time steps): 1.2800	--FDE (15 time steps): 2.5390
--ADE (20 time steps): 1.7359	--FDE (20 time steps): 3.4626
[2025-02-28 21:14:23] Epoch: 49		Loss: 7.829150	Loss Translation.: 5.941993	Loss Uncertainty: 1.887156
--ADE (5 time steps): 0.5005	--FDE (5 time steps): 0.6550
--ADE (10 time steps): 0.8548	--FDE (10 time steps): 1.4568
--ADE (15 time steps): 1.2720	--FDE (15 time steps): 2.5417
--ADE (20 time steps): 1.7319	--FDE (20 time steps): 3.4691
[2025-02-28 21:14:28] Epoch: 50		Loss: 7.696686	Loss Translation.: 5.811314	Loss Uncertainty: 1.885372
--ADE (5 time steps): 0.5015	--FDE (5 time steps): 0.6565
--ADE (10 time steps): 0.8548	--FDE (10 time steps): 1.4601
--ADE (15 time steps): 1.2718	--FDE (15 time steps): 2.5429
--ADE (20 time steps): 1.7337	--FDE (20 time steps): 3.4741
[2025-02-28 21:14:34] Epoch: 51		Loss: 7.622151	Loss Translation.: 5.737274	Loss Uncertainty: 1.884876
--ADE (5 time steps): 0.4995	--FDE (5 time steps): 0.6565
--ADE (10 time steps): 0.8547	--FDE (10 time steps): 1.4638
--ADE (15 time steps): 1.2721	--FDE (15 time steps): 2.5431
--ADE (20 time steps): 1.7333	--FDE (20 time steps): 3.4716
[2025-02-28 21:14:40] Epoch: 52		Loss: 7.583963	Loss Translation.: 5.699682	Loss Uncertainty: 1.884280
--ADE (5 time steps): 0.4950	--FDE (5 time steps): 0.6537
--ADE (10 time steps): 0.8506	--FDE (10 time steps): 1.4576
--ADE (15 time steps): 1.2690	--FDE (15 time steps): 2.5425
--ADE (20 time steps): 1.7318	--FDE (20 time steps): 3.4791
[2025-02-28 21:14:46] Epoch: 53		Loss: 7.551694	Loss Translation.: 5.667087	Loss Uncertainty: 1.884607
--ADE (5 time steps): 0.4921	--FDE (5 time steps): 0.6495
--ADE (10 time steps): 0.8459	--FDE (10 time steps): 1.4487
--ADE (15 time steps): 1.2634	--FDE (15 time steps): 2.5364
--ADE (20 time steps): 1.7263	--FDE (20 time steps): 3.4731
[2025-02-28 21:14:52] Epoch: 54		Loss: 7.537373	Loss Translation.: 5.654261	Loss Uncertainty: 1.883112
--ADE (5 time steps): 0.4970	--FDE (5 time steps): 0.6543
--ADE (10 time steps): 0.8503	--FDE (10 time steps): 1.4520
--ADE (15 time steps): 1.2665	--FDE (15 time steps): 2.5338
--ADE (20 time steps): 1.7262	--FDE (20 time steps): 3.4606
[2025-02-28 21:14:58] Epoch: 55		Loss: 7.533234	Loss Translation.: 5.649523	Loss Uncertainty: 1.883710
--ADE (5 time steps): 0.4939	--FDE (5 time steps): 0.6505
--ADE (10 time steps): 0.8470	--FDE (10 time steps): 1.4454
--ADE (15 time steps): 1.2618	--FDE (15 time steps): 2.5283
--ADE (20 time steps): 1.7215	--FDE (20 time steps): 3.4517
[2025-02-28 21:15:04] Epoch: 56		Loss: 7.420443	Loss Translation.: 5.538095	Loss Uncertainty: 1.882348
--ADE (5 time steps): 0.4981	--FDE (5 time steps): 0.6585
--ADE (10 time steps): 0.8493	--FDE (10 time steps): 1.4421
--ADE (15 time steps): 1.2653	--FDE (15 time steps): 2.5295
--ADE (20 time steps): 1.7245	--FDE (20 time steps): 3.4576
[2025-02-28 21:15:10] Epoch: 57		Loss: 7.325007	Loss Translation.: 5.442624	Loss Uncertainty: 1.882383
--ADE (5 time steps): 0.4913	--FDE (5 time steps): 0.6550
--ADE (10 time steps): 0.8442	--FDE (10 time steps): 1.4417
--ADE (15 time steps): 1.2624	--FDE (15 time steps): 2.5348
--ADE (20 time steps): 1.7248	--FDE (20 time steps): 3.4654
[2025-02-28 21:15:16] Epoch: 58		Loss: 7.281131	Loss Translation.: 5.399619	Loss Uncertainty: 1.881512
--ADE (5 time steps): 0.4917	--FDE (5 time steps): 0.6561
--ADE (10 time steps): 0.8444	--FDE (10 time steps): 1.4414
--ADE (15 time steps): 1.2613	--FDE (15 time steps): 2.5299
--ADE (20 time steps): 1.7224	--FDE (20 time steps): 3.4578
[2025-02-28 21:15:21] Epoch: 59		Loss: 7.252459	Loss Translation.: 5.371038	Loss Uncertainty: 1.881422
--ADE (5 time steps): 0.4904	--FDE (5 time steps): 0.6536
--ADE (10 time steps): 0.8428	--FDE (10 time steps): 1.4390
--ADE (15 time steps): 1.2590	--FDE (15 time steps): 2.5263
--ADE (20 time steps): 1.7199	--FDE (20 time steps): 3.4531
[2025-02-28 21:15:27] Epoch: 60		Loss: 7.232809	Loss Translation.: 5.351701	Loss Uncertainty: 1.881109
--ADE (5 time steps): 0.4899	--FDE (5 time steps): 0.6533
--ADE (10 time steps): 0.8421	--FDE (10 time steps): 1.4372
--ADE (15 time steps): 1.2576	--FDE (15 time steps): 2.5241
--ADE (20 time steps): 1.7185	--FDE (20 time steps): 3.4482
[2025-02-28 21:15:33] Epoch: 61		Loss: 7.209546	Loss Translation.: 5.328792	Loss Uncertainty: 1.880754
--ADE (5 time steps): 0.4896	--FDE (5 time steps): 0.6538
--ADE (10 time steps): 0.8420	--FDE (10 time steps): 1.4368
--ADE (15 time steps): 1.2573	--FDE (15 time steps): 2.5233
--ADE (20 time steps): 1.7179	--FDE (20 time steps): 3.4454
[2025-02-28 21:15:39] Epoch: 62		Loss: 7.186670	Loss Translation.: 5.305911	Loss Uncertainty: 1.880759
--ADE (5 time steps): 0.4872	--FDE (5 time steps): 0.6520
--ADE (10 time steps): 0.8396	--FDE (10 time steps): 1.4340
--ADE (15 time steps): 1.2554	--FDE (15 time steps): 2.5219
--ADE (20 time steps): 1.7163	--FDE (20 time steps): 3.4474
[2025-02-28 21:15:45] Epoch: 63		Loss: 7.170256	Loss Translation.: 5.290191	Loss Uncertainty: 1.880065
--ADE (5 time steps): 0.4889	--FDE (5 time steps): 0.6540
--ADE (10 time steps): 0.8410	--FDE (10 time steps): 1.4347
--ADE (15 time steps): 1.2564	--FDE (15 time steps): 2.5213
--ADE (20 time steps): 1.7168	--FDE (20 time steps): 3.4437
[2025-02-28 21:15:51] Epoch: 64		Loss: 7.120227	Loss Translation.: 5.239962	Loss Uncertainty: 1.880266
--ADE (5 time steps): 0.4870	--FDE (5 time steps): 0.6527
--ADE (10 time steps): 0.8390	--FDE (10 time steps): 1.4331
--ADE (15 time steps): 1.2561	--FDE (15 time steps): 2.5248
--ADE (20 time steps): 1.7174	--FDE (20 time steps): 3.4499
[2025-02-28 21:15:57] Epoch: 65		Loss: 7.098426	Loss Translation.: 5.218717	Loss Uncertainty: 1.879709
--ADE (5 time steps): 0.4882	--FDE (5 time steps): 0.6540
--ADE (10 time steps): 0.8400	--FDE (10 time steps): 1.4339
--ADE (15 time steps): 1.2567	--FDE (15 time steps): 2.5237
--ADE (20 time steps): 1.7175	--FDE (20 time steps): 3.4488
[2025-02-28 21:16:03] Epoch: 66		Loss: 7.082969	Loss Translation.: 5.203282	Loss Uncertainty: 1.879687
--ADE (5 time steps): 0.4872	--FDE (5 time steps): 0.6527
--ADE (10 time steps): 0.8388	--FDE (10 time steps): 1.4323
--ADE (15 time steps): 1.2553	--FDE (15 time steps): 2.5208
--ADE (20 time steps): 1.7157	--FDE (20 time steps): 3.4455
[2025-02-28 21:16:09] Epoch: 67		Loss: 7.073545	Loss Translation.: 5.194216	Loss Uncertainty: 1.879329
--ADE (5 time steps): 0.4873	--FDE (5 time steps): 0.6530
--ADE (10 time steps): 0.8389	--FDE (10 time steps): 1.4320
--ADE (15 time steps): 1.2552	--FDE (15 time steps): 2.5206
--ADE (20 time steps): 1.7154	--FDE (20 time steps): 3.4438
[2025-02-28 21:16:15] Epoch: 68		Loss: 7.060749	Loss Translation.: 5.181392	Loss Uncertainty: 1.879358
--ADE (5 time steps): 0.4862	--FDE (5 time steps): 0.6520
--ADE (10 time steps): 0.8377	--FDE (10 time steps): 1.4308
--ADE (15 time steps): 1.2542	--FDE (15 time steps): 2.5198
--ADE (20 time steps): 1.7146	--FDE (20 time steps): 3.4433
[2025-02-28 21:16:20] Epoch: 69		Loss: 7.051008	Loss Translation.: 5.172110	Loss Uncertainty: 1.878898
--ADE (5 time steps): 0.4868	--FDE (5 time steps): 0.6529
--ADE (10 time steps): 0.8384	--FDE (10 time steps): 1.4315
--ADE (15 time steps): 1.2548	--FDE (15 time steps): 2.5201
--ADE (20 time steps): 1.7147	--FDE (20 time steps): 3.4428

JOB STATISTICS
==============
Job ID: 10239283
Cluster: snellius
User/Group: scur2440/scur2440
State: RUNNING
Nodes: 1
Cores per node: 18
CPU Utilized: 00:00:00
CPU Efficiency: 0.00% of 02:11:42 core-walltime
Job Wall-clock time: 00:07:19
Memory Utilized: 0.00 MB (estimated maximum)
Memory Efficiency: 0.00% of 120.00 GB (120.00 GB/node)
WARNING: Efficiency statistics may be misleading for RUNNING jobs.
