***************************************************************************************************** 
* WARNING: The 2022 software stack is deprecated. Please consider switching to
the latest 2024 * 
* software stack, or the older 2023 software stack. * 
* * 
* If you have any question, please contact us via
http://servicedesk.surfsara.nl. * 
***************************************************************************************************** 
KITTI dataset (1 agent).
dict_keys(['pre_motion_3D', 'fut_motion_3D', 'pre_motion_mask', 'fut_motion_mask', 'traj_scale', 'pred_mask', 'seq'])
Batch pre-motion shape: torch.Size([10, 1, 10, 2])
Batch future motion shape: torch.Size([10, 1, 20, 2])
Batch pre-motion mask shape: torch.Size([10, 1, 10])
Batch future motion mask shape: torch.Size([10, 1, 20])
traj_scale: 1
pred_mask: None
seq: kitti
[Core Denoising Model] Trainable/Total: 6568720/6568720
[Initialization Model] Trainable/Total: 4634721/4634721
[2025-02-02 17:32:33] Epoch: 0		Loss: 841804360.135076	Loss Dist.: 11.589475	Loss Uncertainty: 841804348.601387
--ADE(1s): 0.5476	--FDE(1s): 0.7451
--ADE(2s): 0.9099	--FDE(2s): 1.3555
--ADE(3s): 1.2345	--FDE(3s): 1.9381
--ADE(4s): 1.5591	--FDE(4s): 2.6590
[2025-02-02 17:35:36] Epoch: 1		Loss: 7.019987	Loss Dist.: 5.889429	Loss Uncertainty: 1.130559
--ADE(1s): 0.3125	--FDE(1s): 0.3099
--ADE(2s): 0.4597	--FDE(2s): 0.5599
--ADE(3s): 0.6050	--FDE(3s): 0.7830
--ADE(4s): 0.7563	--FDE(4s): 1.0866
[2025-02-02 17:38:39] Epoch: 2		Loss: 5.103364	Loss Dist.: 4.374557	Loss Uncertainty: 0.728807
--ADE(1s): 0.2727	--FDE(1s): 0.3064
--ADE(2s): 0.4213	--FDE(2s): 0.5445
--ADE(3s): 0.5659	--FDE(3s): 0.8424
--ADE(4s): 0.7194	--FDE(4s): 1.1154
[2025-02-02 17:41:42] Epoch: 3		Loss: 4.125738	Loss Dist.: 3.646643	Loss Uncertainty: 0.479095
--ADE(1s): 0.2667	--FDE(1s): 0.2569
--ADE(2s): 0.3812	--FDE(2s): 0.4387
--ADE(3s): 0.4829	--FDE(3s): 0.6384
--ADE(4s): 0.6019	--FDE(4s): 0.8638
[2025-02-02 17:44:44] Epoch: 4		Loss: 3.772786	Loss Dist.: 3.410945	Loss Uncertainty: 0.361841
--ADE(1s): 0.2131	--FDE(1s): 0.1787
--ADE(2s): 0.3036	--FDE(2s): 0.3467
--ADE(3s): 0.3914	--FDE(3s): 0.5366
--ADE(4s): 0.5006	--FDE(4s): 0.7779
[2025-02-02 17:47:46] Epoch: 5		Loss: 3.891285	Loss Dist.: 3.159305	Loss Uncertainty: 0.731981
--ADE(1s): 0.2059	--FDE(1s): 0.1807
--ADE(2s): 0.3158	--FDE(2s): 0.3568
--ADE(3s): 0.4198	--FDE(3s): 0.5871
--ADE(4s): 0.5382	--FDE(4s): 0.8190
[2025-02-02 17:50:48] Epoch: 6		Loss: 3.165327	Loss Dist.: 2.939195	Loss Uncertainty: 0.226132
--ADE(1s): 0.2285	--FDE(1s): 0.2629
--ADE(2s): 0.3504	--FDE(2s): 0.4318
--ADE(3s): 0.4570	--FDE(3s): 0.6547
--ADE(4s): 0.5784	--FDE(4s): 0.9324
[2025-02-02 17:53:45] Epoch: 7		Loss: 4.062686	Loss Dist.: 3.709634	Loss Uncertainty: 0.353052
--ADE(1s): 0.1867	--FDE(1s): 0.1763
--ADE(2s): 0.2917	--FDE(2s): 0.3647
--ADE(3s): 0.3825	--FDE(3s): 0.5598
--ADE(4s): 0.4940	--FDE(4s): 0.7921
[2025-02-02 17:56:39] Epoch: 8		Loss: 2.307699	Loss Dist.: 2.274996	Loss Uncertainty: 0.032704
--ADE(1s): 0.2126	--FDE(1s): 0.2414
--ADE(2s): 0.3371	--FDE(2s): 0.4779
--ADE(3s): 0.4628	--FDE(3s): 0.7495
--ADE(4s): 0.5967	--FDE(4s): 1.0208
[2025-02-02 17:59:32] Epoch: 9		Loss: 2.189096	Loss Dist.: 2.195809	Loss Uncertainty: -0.006713
--ADE(1s): 0.1790	--FDE(1s): 0.1855
--ADE(2s): 0.2919	--FDE(2s): 0.3827
--ADE(3s): 0.3955	--FDE(3s): 0.6092
--ADE(4s): 0.5124	--FDE(4s): 0.8809
[2025-02-02 18:02:27] Epoch: 10		Loss: 2.125943	Loss Dist.: 2.148648	Loss Uncertainty: -0.022704
--ADE(1s): 0.1752	--FDE(1s): 0.1740
--ADE(2s): 0.2723	--FDE(2s): 0.3347
--ADE(3s): 0.3609	--FDE(3s): 0.5279
--ADE(4s): 0.4602	--FDE(4s): 0.7437
[2025-02-02 18:05:17] Epoch: 11		Loss: 2.157503	Loss Dist.: 2.171596	Loss Uncertainty: -0.014093
--ADE(1s): 0.1718	--FDE(1s): 0.1743
--ADE(2s): 0.2653	--FDE(2s): 0.3286
--ADE(3s): 0.3527	--FDE(3s): 0.5269
--ADE(4s): 0.4554	--FDE(4s): 0.7795
[2025-02-02 18:08:08] Epoch: 12		Loss: 2.091446	Loss Dist.: 2.124396	Loss Uncertainty: -0.032950
--ADE(1s): 0.1618	--FDE(1s): 0.1492
--ADE(2s): 0.2551	--FDE(2s): 0.3182
--ADE(3s): 0.3442	--FDE(3s): 0.5185
--ADE(4s): 0.4482	--FDE(4s): 0.7722
[2025-02-02 18:10:58] Epoch: 13		Loss: 2.101292	Loss Dist.: 2.135751	Loss Uncertainty: -0.034459
--ADE(1s): 0.1599	--FDE(1s): 0.1609
--ADE(2s): 0.2481	--FDE(2s): 0.3129
--ADE(3s): 0.3350	--FDE(3s): 0.5079
--ADE(4s): 0.4414	--FDE(4s): 0.7472
[2025-02-02 18:13:49] Epoch: 14		Loss: 2.066036	Loss Dist.: 2.114405	Loss Uncertainty: -0.048369
--ADE(1s): 0.1553	--FDE(1s): 0.1441
--ADE(2s): 0.2469	--FDE(2s): 0.3037
--ADE(3s): 0.3292	--FDE(3s): 0.4853
--ADE(4s): 0.4273	--FDE(4s): 0.7224
[2025-02-02 18:16:39] Epoch: 15		Loss: 1.973089	Loss Dist.: 2.052623	Loss Uncertainty: -0.079534
--ADE(1s): 0.1943	--FDE(1s): 0.2177
--ADE(2s): 0.3235	--FDE(2s): 0.4377
--ADE(3s): 0.4418	--FDE(3s): 0.7021
--ADE(4s): 0.5764	--FDE(4s): 1.0346
[2025-02-02 18:19:30] Epoch: 16		Loss: 1.728558	Loss Dist.: 1.866608	Loss Uncertainty: -0.138049
--ADE(1s): 0.1716	--FDE(1s): 0.1804
--ADE(2s): 0.2766	--FDE(2s): 0.3710
--ADE(3s): 0.3737	--FDE(3s): 0.5877
--ADE(4s): 0.4852	--FDE(4s): 0.8511
[2025-02-02 18:22:21] Epoch: 17		Loss: 1.634576	Loss Dist.: 1.798651	Loss Uncertainty: -0.164075
--ADE(1s): 0.1975	--FDE(1s): 0.2113
--ADE(2s): 0.3121	--FDE(2s): 0.4213
--ADE(3s): 0.4186	--FDE(3s): 0.6590
--ADE(4s): 0.5421	--FDE(4s): 0.9479
[2025-02-02 18:25:11] Epoch: 18		Loss: 1.625723	Loss Dist.: 1.799597	Loss Uncertainty: -0.173875
--ADE(1s): 0.1979	--FDE(1s): 0.2167
--ADE(2s): 0.3181	--FDE(2s): 0.4412
--ADE(3s): 0.4317	--FDE(3s): 0.6914
--ADE(4s): 0.5614	--FDE(4s): 1.0133
[2025-02-02 18:28:02] Epoch: 19		Loss: 1.610783	Loss Dist.: 1.790483	Loss Uncertainty: -0.179701
--ADE(1s): 0.1660	--FDE(1s): 0.1744
--ADE(2s): 0.2664	--FDE(2s): 0.3562
--ADE(3s): 0.3625	--FDE(3s): 0.5794
--ADE(4s): 0.4776	--FDE(4s): 0.8851

JOB STATISTICS
==============
Job ID: 9738420
Cluster: snellius
User/Group: scur2440/scur2440
State: COMPLETED (exit code 0)
Nodes: 1
Cores per node: 18
CPU Utilized: 00:59:52
CPU Efficiency: 5.67% of 17:36:36 core-walltime
Job Wall-clock time: 00:58:42
Memory Utilized: 2.89 GB
Memory Efficiency: 2.41% of 120.00 GB
