***************************************************************************************************** 
* WARNING: The 2022 software stack is deprecated. Please consider switching to
the latest 2024 * 
* software stack, or the older 2023 software stack. * 
* * 
* If you have any question, please contact us via
http://servicedesk.surfsara.nl. * 
***************************************************************************************************** 
32500
12500
[Core Denoising Model] Trainable/Total: 6568720/6568720
[Initialization Model] Trainable/Total: 4634721/4634721
[2025-02-02 13:27:29] Epoch: 0		Loss: 8.670089	Loss Dist.: 7.876522	Loss Uncertainty: 0.793568
--ADE(1s): 0.2194	--FDE(1s): 0.3585
--ADE(2s): 0.4735	--FDE(2s): 0.7571
--ADE(3s): 0.7377	--FDE(3s): 1.1123
--ADE(4s): 1.0040	--FDE(4s): 1.3943
[2025-02-02 13:54:08] Epoch: 1		Loss: 7.795360	Loss Dist.: 7.121961	Loss Uncertainty: 0.673399
--ADE(1s): 0.2060	--FDE(1s): 0.3295
--ADE(2s): 0.4399	--FDE(2s): 0.6986
--ADE(3s): 0.6887	--FDE(3s): 1.0432
--ADE(4s): 0.9478	--FDE(4s): 1.3444
[2025-02-02 14:20:47] Epoch: 2		Loss: 7.543705	Loss Dist.: 6.907969	Loss Uncertainty: 0.635736
--ADE(1s): 0.2034	--FDE(1s): 0.3252
--ADE(2s): 0.4357	--FDE(2s): 0.6930
--ADE(3s): 0.6805	--FDE(3s): 1.0153
--ADE(4s): 0.9350	--FDE(4s): 1.3225
[2025-02-02 14:47:25] Epoch: 3		Loss: 7.420958	Loss Dist.: 6.800018	Loss Uncertainty: 0.620940
--ADE(1s): 0.1978	--FDE(1s): 0.3117
--ADE(2s): 0.4229	--FDE(2s): 0.6682
--ADE(3s): 0.6627	--FDE(3s): 0.9781
--ADE(4s): 0.9123	--FDE(4s): 1.2812
[2025-02-02 15:14:05] Epoch: 4		Loss: 7.319208	Loss Dist.: 6.710082	Loss Uncertainty: 0.609125
--ADE(1s): 0.1985	--FDE(1s): 0.3133
--ADE(2s): 0.4230	--FDE(2s): 0.6709
--ADE(3s): 0.6638	--FDE(3s): 0.9913
--ADE(4s): 0.9150	--FDE(4s): 1.2958
[2025-02-02 15:40:43] Epoch: 5		Loss: 7.262576	Loss Dist.: 6.659079	Loss Uncertainty: 0.603496
--ADE(1s): 0.1966	--FDE(1s): 0.3097
--ADE(2s): 0.4165	--FDE(2s): 0.6557
--ADE(3s): 0.6523	--FDE(3s): 0.9712
--ADE(4s): 0.9016	--FDE(4s): 1.2934
[2025-02-02 16:07:24] Epoch: 6		Loss: 7.187597	Loss Dist.: 6.596960	Loss Uncertainty: 0.590637
--ADE(1s): 0.1957	--FDE(1s): 0.3056
--ADE(2s): 0.4134	--FDE(2s): 0.6470
--ADE(3s): 0.6474	--FDE(3s): 0.9554
--ADE(4s): 0.8945	--FDE(4s): 1.2683
[2025-02-02 16:34:06] Epoch: 7		Loss: 7.124453	Loss Dist.: 6.542983	Loss Uncertainty: 0.581470
--ADE(1s): 0.1961	--FDE(1s): 0.3076
--ADE(2s): 0.4139	--FDE(2s): 0.6460
--ADE(3s): 0.6465	--FDE(3s): 0.9543
--ADE(4s): 0.8947	--FDE(4s): 1.2798
[2025-02-02 17:00:46] Epoch: 8		Loss: 6.910875	Loss Dist.: 6.352933	Loss Uncertainty: 0.557942
--ADE(1s): 0.1870	--FDE(1s): 0.2883
--ADE(2s): 0.3975	--FDE(2s): 0.6150
--ADE(3s): 0.6254	--FDE(3s): 0.9148
--ADE(4s): 0.8668	--FDE(4s): 1.2169
[2025-02-02 17:27:27] Epoch: 9		Loss: 6.832357	Loss Dist.: 6.277420	Loss Uncertainty: 0.554938
--ADE(1s): 0.1883	--FDE(1s): 0.2899
--ADE(2s): 0.3940	--FDE(2s): 0.6091
--ADE(3s): 0.6175	--FDE(3s): 0.9005
--ADE(4s): 0.8581	--FDE(4s): 1.2115
[2025-02-02 17:54:05] Epoch: 10		Loss: 6.767592	Loss Dist.: 6.210430	Loss Uncertainty: 0.557162
--ADE(1s): 0.1848	--FDE(1s): 0.2841
--ADE(2s): 0.3895	--FDE(2s): 0.6035
--ADE(3s): 0.6130	--FDE(3s): 0.8942
--ADE(4s): 0.8529	--FDE(4s): 1.1992
[2025-02-02 18:20:45] Epoch: 11		Loss: 6.726550	Loss Dist.: 6.175719	Loss Uncertainty: 0.550830
--ADE(1s): 0.1869	--FDE(1s): 0.2877
--ADE(2s): 0.3907	--FDE(2s): 0.6043
--ADE(3s): 0.6132	--FDE(3s): 0.8941
--ADE(4s): 0.8521	--FDE(4s): 1.2026
[2025-02-02 18:47:24] Epoch: 12		Loss: 6.681963	Loss Dist.: 6.139316	Loss Uncertainty: 0.542647
--ADE(1s): 0.1851	--FDE(1s): 0.2844
--ADE(2s): 0.3874	--FDE(2s): 0.5979
--ADE(3s): 0.6080	--FDE(3s): 0.8879
--ADE(4s): 0.8457	--FDE(4s): 1.1915
[2025-02-02 19:14:03] Epoch: 13		Loss: 6.640734	Loss Dist.: 6.105368	Loss Uncertainty: 0.535366
--ADE(1s): 0.1847	--FDE(1s): 0.2822
--ADE(2s): 0.3869	--FDE(2s): 0.5962
--ADE(3s): 0.6083	--FDE(3s): 0.8863
--ADE(4s): 0.8474	--FDE(4s): 1.1955
[2025-02-02 19:40:42] Epoch: 14		Loss: 6.631738	Loss Dist.: 6.094298	Loss Uncertainty: 0.537439
--ADE(1s): 0.1850	--FDE(1s): 0.2835
--ADE(2s): 0.3870	--FDE(2s): 0.5949
--ADE(3s): 0.6065	--FDE(3s): 0.8821
--ADE(4s): 0.8445	--FDE(4s): 1.1925
[2025-02-02 20:07:21] Epoch: 15		Loss: 6.598842	Loss Dist.: 6.067093	Loss Uncertainty: 0.531749
--ADE(1s): 0.1850	--FDE(1s): 0.2837
--ADE(2s): 0.3868	--FDE(2s): 0.5948
--ADE(3s): 0.6073	--FDE(3s): 0.8874
--ADE(4s): 0.8462	--FDE(4s): 1.2045
[2025-02-02 20:34:01] Epoch: 16		Loss: 6.507054	Loss Dist.: 5.977832	Loss Uncertainty: 0.529221
--ADE(1s): 0.1841	--FDE(1s): 0.2816
--ADE(2s): 0.3834	--FDE(2s): 0.5874
--ADE(3s): 0.6012	--FDE(3s): 0.8790
--ADE(4s): 0.8389	--FDE(4s): 1.1941
[2025-02-02 21:00:40] Epoch: 17		Loss: 6.461837	Loss Dist.: 5.935337	Loss Uncertainty: 0.526500
--ADE(1s): 0.1838	--FDE(1s): 0.2810
--ADE(2s): 0.3837	--FDE(2s): 0.5873
--ADE(3s): 0.6022	--FDE(3s): 0.8782
--ADE(4s): 0.8387	--FDE(4s): 1.1853
[2025-02-02 21:27:20] Epoch: 18		Loss: 6.438911	Loss Dist.: 5.912691	Loss Uncertainty: 0.526220
--ADE(1s): 0.1839	--FDE(1s): 0.2804
--ADE(2s): 0.3833	--FDE(2s): 0.5875
--ADE(3s): 0.6019	--FDE(3s): 0.8803
--ADE(4s): 0.8397	--FDE(4s): 1.1947
[2025-02-02 21:53:59] Epoch: 19		Loss: 6.418909	Loss Dist.: 5.892081	Loss Uncertainty: 0.526828
--ADE(1s): 0.1846	--FDE(1s): 0.2817
--ADE(2s): 0.3843	--FDE(2s): 0.5890
--ADE(3s): 0.6028	--FDE(3s): 0.8839
--ADE(4s): 0.8411	--FDE(4s): 1.1980

JOB STATISTICS
==============
Job ID: 9736617
Cluster: snellius
User/Group: scur2440/scur2440
State: COMPLETED (exit code 0)
Nodes: 1
Cores per node: 18
CPU Utilized: 08:55:40
CPU Efficiency: 5.58% of 6-16:03:00 core-walltime
Job Wall-clock time: 08:53:30
Memory Utilized: 3.18 GB
Memory Efficiency: 2.65% of 120.00 GB
