***************************************************************************************************** 
* WARNING: The 2022 software stack is deprecated. Please consider switching to
the latest 2024 * 
* software stack, or the older 2023 software stack. * 
* * 
* If you have any question, please contact us via
http://servicedesk.surfsara.nl. * 
***************************************************************************************************** 

Configuration:
description: LED
results_root_dir: results
dataset: kitti
past_frames: 10
future_frames: 20
min_past_frames: 10
min_future_frames: 20
motion_dim: 2
forecast_dim: 2
traj_mean: [14, 7.5]
traj_scale: 5
pretrained_core_denoising_model: ./results/checkpoints/base_diffusion_model.p
debug: False
diffusion: {'steps': 100, 'beta_start': 0.0001, 'beta_end': 0.05, 'beta_schedule': 'linear'}
lr: 0.001
train_batch_size: 10
test_batch_size: 500
num_epochs: 100
test_interval: 1
lr_scheduler: step
decay_step: 8
decay_gamma: 0.5

KITTI dataset (1 agent).
dict_keys(['pre_motion_3D', 'fut_motion_3D', 'pre_motion_mask', 'fut_motion_mask', 'traj_scale', 'pred_mask', 'seq'])
Batch pre-motion shape: torch.Size([10, 1, 10, 2])
Batch future motion shape: torch.Size([10, 1, 20, 2])
Batch pre-motion mask shape: torch.Size([10, 1, 10])
Batch future motion mask shape: torch.Size([10, 1, 20])
traj_scale: 1
pred_mask: None
seq: kitti

[Core Denoising Model] Trainable/Total: 6568720/6568720
[Initialization Model] Trainable/Total: 4634721/4634721

[2025-02-02 19:02:56] Epoch: 0		Loss: 629881762.156789	Loss Dist.: 9.590974	Loss Uncertainty: 629881752.634602
--ADE(1s): 0.3616	--FDE(1s): 0.3239
--ADE(2s): 0.5100	--FDE(2s): 0.6073
--ADE(3s): 0.6592	--FDE(3s): 0.8788
--ADE(4s): 0.8201	--FDE(4s): 1.0360
[2025-02-02 19:05:46] Epoch: 1		Loss: 5.424004	Loss Dist.: 4.646316	Loss Uncertainty: 0.777688
--ADE(1s): 0.3214	--FDE(1s): 0.3188
--ADE(2s): 0.4484	--FDE(2s): 0.4932
--ADE(3s): 0.5660	--FDE(3s): 0.7536
--ADE(4s): 0.7089	--FDE(4s): 0.9693
[2025-02-02 19:08:35] Epoch: 2		Loss: 4.391053	Loss Dist.: 3.944734	Loss Uncertainty: 0.446319
--ADE(1s): 0.2307	--FDE(1s): 0.2599
--ADE(2s): 0.3592	--FDE(2s): 0.4656
--ADE(3s): 0.4861	--FDE(3s): 0.7237
--ADE(4s): 0.6153	--FDE(4s): 0.9759
[2025-02-02 19:11:24] Epoch: 3		Loss: 3.777247	Loss Dist.: 3.473505	Loss Uncertainty: 0.303742
--ADE(1s): 0.2460	--FDE(1s): 0.2507
--ADE(2s): 0.3336	--FDE(2s): 0.3799
--ADE(3s): 0.4348	--FDE(3s): 0.5812
--ADE(4s): 0.5524	--FDE(4s): 0.8331
[2025-02-02 19:14:13] Epoch: 4		Loss: 3.255091	Loss Dist.: 3.033899	Loss Uncertainty: 0.221193
--ADE(1s): 0.2180	--FDE(1s): 0.2234
--ADE(2s): 0.3507	--FDE(2s): 0.4910
--ADE(3s): 0.4744	--FDE(3s): 0.6610
--ADE(4s): 0.6015	--FDE(4s): 0.9618
[2025-02-02 19:17:02] Epoch: 5		Loss: 5.910922	Loss Dist.: 2.887425	Loss Uncertainty: 3.023497
--ADE(1s): 0.1762	--FDE(1s): 0.1762
--ADE(2s): 0.2650	--FDE(2s): 0.3399
--ADE(3s): 0.3558	--FDE(3s): 0.5121
--ADE(4s): 0.4576	--FDE(4s): 0.7372
[2025-02-02 19:19:51] Epoch: 6		Loss: 2.899422	Loss Dist.: 2.728166	Loss Uncertainty: 0.171256
--ADE(1s): 0.1869	--FDE(1s): 0.1663
--ADE(2s): 0.2726	--FDE(2s): 0.3356
--ADE(3s): 0.3630	--FDE(3s): 0.5054
--ADE(4s): 0.4593	--FDE(4s): 0.7347
[2025-02-02 19:22:41] Epoch: 7		Loss: 2.849971	Loss Dist.: 2.684442	Loss Uncertainty: 0.165530
--ADE(1s): 0.1613	--FDE(1s): 0.1472
--ADE(2s): 0.2574	--FDE(2s): 0.3340
--ADE(3s): 0.3529	--FDE(3s): 0.5010
--ADE(4s): 0.4549	--FDE(4s): 0.7332
[2025-02-02 19:25:30] Epoch: 8		Loss: 2.246987	Loss Dist.: 2.213054	Loss Uncertainty: 0.033933
--ADE(1s): 0.1767	--FDE(1s): 0.1763
--ADE(2s): 0.2731	--FDE(2s): 0.3613
--ADE(3s): 0.3753	--FDE(3s): 0.5844
--ADE(4s): 0.4898	--FDE(4s): 0.8743
[2025-02-02 19:28:19] Epoch: 9		Loss: 2.047399	Loss Dist.: 2.094169	Loss Uncertainty: -0.046770
--ADE(1s): 0.1639	--FDE(1s): 0.1471
--ADE(2s): 0.2621	--FDE(2s): 0.3303
--ADE(3s): 0.3624	--FDE(3s): 0.5472
--ADE(4s): 0.4724	--FDE(4s): 0.8055
[2025-02-02 19:31:08] Epoch: 10		Loss: 2.025118	Loss Dist.: 2.073639	Loss Uncertainty: -0.048521
--ADE(1s): 0.1688	--FDE(1s): 0.1575
--ADE(2s): 0.2525	--FDE(2s): 0.3120
--ADE(3s): 0.3431	--FDE(3s): 0.5131
--ADE(4s): 0.4485	--FDE(4s): 0.7826
[2025-02-02 19:33:57] Epoch: 11		Loss: 1.947419	Loss Dist.: 2.015943	Loss Uncertainty: -0.068524
--ADE(1s): 0.1722	--FDE(1s): 0.1639
--ADE(2s): 0.2683	--FDE(2s): 0.3603
--ADE(3s): 0.3660	--FDE(3s): 0.5627
--ADE(4s): 0.4760	--FDE(4s): 0.8540
[2025-02-02 19:36:46] Epoch: 12		Loss: 1.925803	Loss Dist.: 2.005140	Loss Uncertainty: -0.079337
--ADE(1s): 0.1639	--FDE(1s): 0.1421
--ADE(2s): 0.2482	--FDE(2s): 0.3077
--ADE(3s): 0.3347	--FDE(3s): 0.4959
--ADE(4s): 0.4389	--FDE(4s): 0.7863
[2025-02-02 19:39:36] Epoch: 13		Loss: 1.904181	Loss Dist.: 1.993565	Loss Uncertainty: -0.089384
--ADE(1s): 0.1468	--FDE(1s): 0.1245
--ADE(2s): 0.2329	--FDE(2s): 0.2815
--ADE(3s): 0.3202	--FDE(3s): 0.4750
--ADE(4s): 0.4168	--FDE(4s): 0.7074
[2025-02-02 19:42:24] Epoch: 14		Loss: 1.857322	Loss Dist.: 1.955942	Loss Uncertainty: -0.098620
--ADE(1s): 0.1627	--FDE(1s): 0.1440
--ADE(2s): 0.2523	--FDE(2s): 0.3162
--ADE(3s): 0.3453	--FDE(3s): 0.5153
--ADE(4s): 0.4527	--FDE(4s): 0.7679
[2025-02-02 19:45:13] Epoch: 15		Loss: 1.870320	Loss Dist.: 1.975458	Loss Uncertainty: -0.105137
--ADE(1s): 0.1470	--FDE(1s): 0.1291
--ADE(2s): 0.2316	--FDE(2s): 0.2906
--ADE(3s): 0.3165	--FDE(3s): 0.4718
--ADE(4s): 0.4183	--FDE(4s): 0.7339
[2025-02-02 19:48:02] Epoch: 16		Loss: 1.555823	Loss Dist.: 1.745260	Loss Uncertainty: -0.189437
--ADE(1s): 0.1841	--FDE(1s): 0.1951
--ADE(2s): 0.2993	--FDE(2s): 0.4252
--ADE(3s): 0.4239	--FDE(3s): 0.7042
--ADE(4s): 0.5642	--FDE(4s): 1.0725
[2025-02-02 19:50:50] Epoch: 17		Loss: 1.492606	Loss Dist.: 1.702779	Loss Uncertainty: -0.210172
--ADE(1s): 0.1532	--FDE(1s): 0.1468
--ADE(2s): 0.2523	--FDE(2s): 0.3412
--ADE(3s): 0.3579	--FDE(3s): 0.5892
--ADE(4s): 0.4819	--FDE(4s): 0.9519
[2025-02-02 19:53:40] Epoch: 18		Loss: 1.476776	Loss Dist.: 1.696992	Loss Uncertainty: -0.220216
--ADE(1s): 0.1459	--FDE(1s): 0.1279
--ADE(2s): 0.2329	--FDE(2s): 0.2931
--ADE(3s): 0.3260	--FDE(3s): 0.5156
--ADE(4s): 0.4388	--FDE(4s): 0.8447
[2025-02-02 19:56:29] Epoch: 19		Loss: 1.450948	Loss Dist.: 1.678764	Loss Uncertainty: -0.227816
--ADE(1s): 0.1436	--FDE(1s): 0.1292
--ADE(2s): 0.2330	--FDE(2s): 0.2972
--ADE(3s): 0.3278	--FDE(3s): 0.5240
--ADE(4s): 0.4407	--FDE(4s): 0.8534
[2025-02-02 19:59:18] Epoch: 20		Loss: 1.417932	Loss Dist.: 1.656109	Loss Uncertainty: -0.238177
--ADE(1s): 0.1531	--FDE(1s): 0.1345
--ADE(2s): 0.2420	--FDE(2s): 0.3104
--ADE(3s): 0.3392	--FDE(3s): 0.5374
--ADE(4s): 0.4577	--FDE(4s): 0.8906
[2025-02-02 20:02:07] Epoch: 21		Loss: 1.402425	Loss Dist.: 1.652545	Loss Uncertainty: -0.250120
--ADE(1s): 0.1568	--FDE(1s): 0.1486
--ADE(2s): 0.2542	--FDE(2s): 0.3420
--ADE(3s): 0.3607	--FDE(3s): 0.5929
--ADE(4s): 0.4909	--FDE(4s): 0.9761
[2025-02-02 20:04:56] Epoch: 22		Loss: 1.363828	Loss Dist.: 1.631104	Loss Uncertainty: -0.267276
--ADE(1s): 0.1593	--FDE(1s): 0.1474
--ADE(2s): 0.2552	--FDE(2s): 0.3378
--ADE(3s): 0.3606	--FDE(3s): 0.5935
--ADE(4s): 0.4936	--FDE(4s): 0.9920
[2025-02-02 20:07:44] Epoch: 23		Loss: 1.357879	Loss Dist.: 1.630371	Loss Uncertainty: -0.272492
--ADE(1s): 0.1491	--FDE(1s): 0.1315
--ADE(2s): 0.2379	--FDE(2s): 0.3044
--ADE(3s): 0.3345	--FDE(3s): 0.5426
--ADE(4s): 0.4550	--FDE(4s): 0.9041
[2025-02-02 20:10:34] Epoch: 24		Loss: 1.201552	Loss Dist.: 1.512736	Loss Uncertainty: -0.311184
--ADE(1s): 0.1557	--FDE(1s): 0.1469
--ADE(2s): 0.2571	--FDE(2s): 0.3468
--ADE(3s): 0.3646	--FDE(3s): 0.6077
--ADE(4s): 0.4979	--FDE(4s): 1.0096
[2025-02-02 20:13:24] Epoch: 25		Loss: 1.163298	Loss Dist.: 1.493135	Loss Uncertainty: -0.329838
--ADE(1s): 0.1546	--FDE(1s): 0.1440
--ADE(2s): 0.2521	--FDE(2s): 0.3372
--ADE(3s): 0.3574	--FDE(3s): 0.5965
--ADE(4s): 0.4920	--FDE(4s): 1.0090
[2025-02-02 20:16:13] Epoch: 26		Loss: 1.147180	Loss Dist.: 1.484890	Loss Uncertainty: -0.337711
--ADE(1s): 0.1573	--FDE(1s): 0.1474
--ADE(2s): 0.2559	--FDE(2s): 0.3438
--ADE(3s): 0.3636	--FDE(3s): 0.6099
--ADE(4s): 0.5003	--FDE(4s): 1.0195
[2025-02-02 20:19:03] Epoch: 27		Loss: 1.135575	Loss Dist.: 1.481427	Loss Uncertainty: -0.345852
--ADE(1s): 0.1567	--FDE(1s): 0.1498
--ADE(2s): 0.2586	--FDE(2s): 0.3540
--ADE(3s): 0.3696	--FDE(3s): 0.6263
--ADE(4s): 0.5111	--FDE(4s): 1.0681
[2025-02-02 20:21:53] Epoch: 28		Loss: 1.115750	Loss Dist.: 1.469611	Loss Uncertainty: -0.353861
--ADE(1s): 0.1578	--FDE(1s): 0.1489
--ADE(2s): 0.2599	--FDE(2s): 0.3571
--ADE(3s): 0.3716	--FDE(3s): 0.6375
--ADE(4s): 0.5174	--FDE(4s): 1.0984
[2025-02-02 20:24:42] Epoch: 29		Loss: 1.098854	Loss Dist.: 1.459549	Loss Uncertainty: -0.360696
--ADE(1s): 0.1573	--FDE(1s): 0.1507
--ADE(2s): 0.2618	--FDE(2s): 0.3615
--ADE(3s): 0.3764	--FDE(3s): 0.6485
--ADE(4s): 0.5265	--FDE(4s): 1.1179
[2025-02-02 20:27:32] Epoch: 30		Loss: 1.086878	Loss Dist.: 1.457925	Loss Uncertainty: -0.371047
--ADE(1s): 0.1632	--FDE(1s): 0.1608
--ADE(2s): 0.2695	--FDE(2s): 0.3761
--ADE(3s): 0.3886	--FDE(3s): 0.6746
--ADE(4s): 0.5431	--FDE(4s): 1.1575
[2025-02-02 20:30:21] Epoch: 31		Loss: 1.073483	Loss Dist.: 1.448201	Loss Uncertainty: -0.374718
--ADE(1s): 0.1617	--FDE(1s): 0.1568
--ADE(2s): 0.2679	--FDE(2s): 0.3693
--ADE(3s): 0.3854	--FDE(3s): 0.6683
--ADE(4s): 0.5407	--FDE(4s): 1.1596
[2025-02-02 20:33:10] Epoch: 32		Loss: 0.985144	Loss Dist.: 1.384797	Loss Uncertainty: -0.399653
--ADE(1s): 0.1596	--FDE(1s): 0.1517
--ADE(2s): 0.2637	--FDE(2s): 0.3619
--ADE(3s): 0.3788	--FDE(3s): 0.6486
--ADE(4s): 0.5314	--FDE(4s): 1.1392
[2025-02-02 20:35:59] Epoch: 33		Loss: 0.962718	Loss Dist.: 1.373147	Loss Uncertainty: -0.410429
--ADE(1s): 0.1588	--FDE(1s): 0.1501
--ADE(2s): 0.2634	--FDE(2s): 0.3626
--ADE(3s): 0.3797	--FDE(3s): 0.6549
--ADE(4s): 0.5350	--FDE(4s): 1.1563
[2025-02-02 20:38:48] Epoch: 34		Loss: 0.953371	Loss Dist.: 1.368874	Loss Uncertainty: -0.415503
--ADE(1s): 0.1644	--FDE(1s): 0.1576
--ADE(2s): 0.2728	--FDE(2s): 0.3766
--ADE(3s): 0.3918	--FDE(3s): 0.6729
--ADE(4s): 0.5491	--FDE(4s): 1.1826
[2025-02-02 20:41:36] Epoch: 35		Loss: 0.938971	Loss Dist.: 1.359750	Loss Uncertainty: -0.420779
--ADE(1s): 0.1706	--FDE(1s): 0.1683
--ADE(2s): 0.2852	--FDE(2s): 0.4019
--ADE(3s): 0.4115	--FDE(3s): 0.7164
--ADE(4s): 0.5775	--FDE(4s): 1.2504
[2025-02-02 20:44:25] Epoch: 36		Loss: 0.930462	Loss Dist.: 1.357644	Loss Uncertainty: -0.427182
--ADE(1s): 0.1681	--FDE(1s): 0.1640
--ADE(2s): 0.2805	--FDE(2s): 0.3967
--ADE(3s): 0.4057	--FDE(3s): 0.7087
--ADE(4s): 0.5717	--FDE(4s): 1.2464
[2025-02-02 20:47:14] Epoch: 37		Loss: 0.918714	Loss Dist.: 1.350434	Loss Uncertainty: -0.431719
--ADE(1s): 0.1646	--FDE(1s): 0.1564
--ADE(2s): 0.2720	--FDE(2s): 0.3762
--ADE(3s): 0.3922	--FDE(3s): 0.6829
--ADE(4s): 0.5538	--FDE(4s): 1.2076
[2025-02-02 20:50:03] Epoch: 38		Loss: 0.907127	Loss Dist.: 1.345692	Loss Uncertainty: -0.438565
--ADE(1s): 0.1721	--FDE(1s): 0.1685
--ADE(2s): 0.2865	--FDE(2s): 0.4024
--ADE(3s): 0.4124	--FDE(3s): 0.7170
--ADE(4s): 0.5800	--FDE(4s): 1.2577
[2025-02-02 20:52:52] Epoch: 39		Loss: 0.900219	Loss Dist.: 1.343466	Loss Uncertainty: -0.443248
--ADE(1s): 0.1734	--FDE(1s): 0.1733
--ADE(2s): 0.2911	--FDE(2s): 0.4168
--ADE(3s): 0.4214	--FDE(3s): 0.7411
--ADE(4s): 0.5942	--FDE(4s): 1.2998
[2025-02-02 20:55:40] Epoch: 40		Loss: 0.855963	Loss Dist.: 1.311737	Loss Uncertainty: -0.455773
--ADE(1s): 0.1663	--FDE(1s): 0.1590
--ADE(2s): 0.2779	--FDE(2s): 0.3868
--ADE(3s): 0.4029	--FDE(3s): 0.7055
--ADE(4s): 0.5707	--FDE(4s): 1.2506
[2025-02-02 20:58:29] Epoch: 41		Loss: 0.843981	Loss Dist.: 1.303997	Loss Uncertainty: -0.460016
--ADE(1s): 0.1650	--FDE(1s): 0.1573
--ADE(2s): 0.2761	--FDE(2s): 0.3853
--ADE(3s): 0.4016	--FDE(3s): 0.7057
--ADE(4s): 0.5704	--FDE(4s): 1.2586
[2025-02-02 21:01:18] Epoch: 42		Loss: 0.836249	Loss Dist.: 1.299989	Loss Uncertainty: -0.463740
--ADE(1s): 0.1656	--FDE(1s): 0.1579
--ADE(2s): 0.2784	--FDE(2s): 0.3887
--ADE(3s): 0.4044	--FDE(3s): 0.7112
--ADE(4s): 0.5750	--FDE(4s): 1.2699
[2025-02-02 21:04:07] Epoch: 43		Loss: 0.827503	Loss Dist.: 1.294467	Loss Uncertainty: -0.466964
--ADE(1s): 0.1669	--FDE(1s): 0.1600
--ADE(2s): 0.2797	--FDE(2s): 0.3919
--ADE(3s): 0.4072	--FDE(3s): 0.7190
--ADE(4s): 0.5797	--FDE(4s): 1.2881
[2025-02-02 21:06:55] Epoch: 44		Loss: 0.822081	Loss Dist.: 1.291860	Loss Uncertainty: -0.469779
--ADE(1s): 0.1689	--FDE(1s): 0.1614
--ADE(2s): 0.2832	--FDE(2s): 0.3969
--ADE(3s): 0.4121	--FDE(3s): 0.7274
--ADE(4s): 0.5864	--FDE(4s): 1.2970
[2025-02-02 21:09:45] Epoch: 45		Loss: 0.816968	Loss Dist.: 1.289087	Loss Uncertainty: -0.472119
--ADE(1s): 0.1693	--FDE(1s): 0.1622
--ADE(2s): 0.2832	--FDE(2s): 0.3972
--ADE(3s): 0.4124	--FDE(3s): 0.7292
--ADE(4s): 0.5873	--FDE(4s): 1.3006
[2025-02-02 21:12:35] Epoch: 46		Loss: 0.810746	Loss Dist.: 1.285768	Loss Uncertainty: -0.475022
--ADE(1s): 0.1714	--FDE(1s): 0.1662
--ADE(2s): 0.2880	--FDE(2s): 0.4079
--ADE(3s): 0.4201	--FDE(3s): 0.7452
--ADE(4s): 0.5987	--FDE(4s): 1.3280
[2025-02-02 21:15:24] Epoch: 47		Loss: 0.804317	Loss Dist.: 1.282461	Loss Uncertainty: -0.478144
--ADE(1s): 0.1705	--FDE(1s): 0.1646
--ADE(2s): 0.2882	--FDE(2s): 0.4090
--ADE(3s): 0.4218	--FDE(3s): 0.7517
--ADE(4s): 0.6027	--FDE(4s): 1.3423
[2025-02-02 21:18:13] Epoch: 48		Loss: 0.783965	Loss Dist.: 1.268464	Loss Uncertainty: -0.484499
--ADE(1s): 0.1677	--FDE(1s): 0.1606
--ADE(2s): 0.2833	--FDE(2s): 0.3996
--ADE(3s): 0.4144	--FDE(3s): 0.7359
--ADE(4s): 0.5931	--FDE(4s): 1.3225
[2025-02-02 21:21:02] Epoch: 49		Loss: 0.777390	Loss Dist.: 1.263972	Loss Uncertainty: -0.486582
--ADE(1s): 0.1688	--FDE(1s): 0.1620
--ADE(2s): 0.2845	--FDE(2s): 0.4018
--ADE(3s): 0.4160	--FDE(3s): 0.7390
--ADE(4s): 0.5953	--FDE(4s): 1.3277
[2025-02-02 21:23:51] Epoch: 50		Loss: 0.774093	Loss Dist.: 1.262220	Loss Uncertainty: -0.488127
--ADE(1s): 0.1694	--FDE(1s): 0.1628
--ADE(2s): 0.2855	--FDE(2s): 0.4034
--ADE(3s): 0.4178	--FDE(3s): 0.7429
--ADE(4s): 0.5982	--FDE(4s): 1.3342
[2025-02-02 21:26:38] Epoch: 51		Loss: 0.769535	Loss Dist.: 1.259901	Loss Uncertainty: -0.490367
--ADE(1s): 0.1695	--FDE(1s): 0.1627
--ADE(2s): 0.2858	--FDE(2s): 0.4039
--ADE(3s): 0.4184	--FDE(3s): 0.7445
--ADE(4s): 0.5996	--FDE(4s): 1.3388
[2025-02-02 21:29:27] Epoch: 52		Loss: 0.766378	Loss Dist.: 1.258210	Loss Uncertainty: -0.491832
--ADE(1s): 0.1699	--FDE(1s): 0.1638
--ADE(2s): 0.2869	--FDE(2s): 0.4063
--ADE(3s): 0.4200	--FDE(3s): 0.7479
--ADE(4s): 0.6021	--FDE(4s): 1.3438
[2025-02-02 21:32:15] Epoch: 53		Loss: 0.762566	Loss Dist.: 1.256450	Loss Uncertainty: -0.493883
--ADE(1s): 0.1701	--FDE(1s): 0.1640
--ADE(2s): 0.2874	--FDE(2s): 0.4071
--ADE(3s): 0.4212	--FDE(3s): 0.7503
--ADE(4s): 0.6039	--FDE(4s): 1.3485
[2025-02-02 21:35:04] Epoch: 54		Loss: 0.759328	Loss Dist.: 1.254497	Loss Uncertainty: -0.495169
--ADE(1s): 0.1725	--FDE(1s): 0.1684
--ADE(2s): 0.2924	--FDE(2s): 0.4171
--ADE(3s): 0.4288	--FDE(3s): 0.7655
--ADE(4s): 0.6147	--FDE(4s): 1.3739
[2025-02-02 21:37:53] Epoch: 55		Loss: 0.755198	Loss Dist.: 1.252228	Loss Uncertainty: -0.497029
--ADE(1s): 0.1708	--FDE(1s): 0.1650
--ADE(2s): 0.2890	--FDE(2s): 0.4105
--ADE(3s): 0.4240	--FDE(3s): 0.7569
--ADE(4s): 0.6086	--FDE(4s): 1.3624
[2025-02-02 21:40:41] Epoch: 56		Loss: 0.746154	Loss Dist.: 1.246582	Loss Uncertainty: -0.500428
--ADE(1s): 0.1724	--FDE(1s): 0.1683
--ADE(2s): 0.2929	--FDE(2s): 0.4186
--ADE(3s): 0.4302	--FDE(3s): 0.7694
--ADE(4s): 0.6175	--FDE(4s): 1.3819
[2025-02-02 21:43:29] Epoch: 57		Loss: 0.743494	Loss Dist.: 1.245061	Loss Uncertainty: -0.501567
--ADE(1s): 0.1728	--FDE(1s): 0.1688
--ADE(2s): 0.2938	--FDE(2s): 0.4201
--ADE(3s): 0.4315	--FDE(3s): 0.7719
--ADE(4s): 0.6194	--FDE(4s): 1.3850
[2025-02-02 21:46:19] Epoch: 58		Loss: 0.741711	Loss Dist.: 1.244126	Loss Uncertainty: -0.502415
--ADE(1s): 0.1729	--FDE(1s): 0.1690
--ADE(2s): 0.2941	--FDE(2s): 0.4207
--ADE(3s): 0.4320	--FDE(3s): 0.7733
--ADE(4s): 0.6203	--FDE(4s): 1.3866
[2025-02-02 21:49:07] Epoch: 59		Loss: 0.739329	Loss Dist.: 1.242685	Loss Uncertainty: -0.503356
--ADE(1s): 0.1730	--FDE(1s): 0.1692
--ADE(2s): 0.2944	--FDE(2s): 0.4214
--ADE(3s): 0.4326	--FDE(3s): 0.7748
--ADE(4s): 0.6213	--FDE(4s): 1.3895
[2025-02-02 21:51:57] Epoch: 60		Loss: 0.737149	Loss Dist.: 1.241422	Loss Uncertainty: -0.504273
--ADE(1s): 0.1731	--FDE(1s): 0.1694
--ADE(2s): 0.2946	--FDE(2s): 0.4218
--ADE(3s): 0.4330	--FDE(3s): 0.7757
--ADE(4s): 0.6220	--FDE(4s): 1.3914
[2025-02-02 21:54:46] Epoch: 61		Loss: 0.735502	Loss Dist.: 1.240613	Loss Uncertainty: -0.505111
--ADE(1s): 0.1733	--FDE(1s): 0.1697
--ADE(2s): 0.2951	--FDE(2s): 0.4228
--ADE(3s): 0.4340	--FDE(3s): 0.7781
--ADE(4s): 0.6235	--FDE(4s): 1.3958
[2025-02-02 21:57:35] Epoch: 62		Loss: 0.733823	Loss Dist.: 1.239757	Loss Uncertainty: -0.505934
--ADE(1s): 0.1734	--FDE(1s): 0.1698
--ADE(2s): 0.2952	--FDE(2s): 0.4231
--ADE(3s): 0.4343	--FDE(3s): 0.7791
--ADE(4s): 0.6243	--FDE(4s): 1.3985
[2025-02-02 22:00:23] Epoch: 63		Loss: 0.732036	Loss Dist.: 1.238848	Loss Uncertainty: -0.506813
--ADE(1s): 0.1736	--FDE(1s): 0.1700
--ADE(2s): 0.2956	--FDE(2s): 0.4239
--ADE(3s): 0.4349	--FDE(3s): 0.7805
--ADE(4s): 0.6253	--FDE(4s): 1.4010
[2025-02-02 22:03:12] Epoch: 64		Loss: 0.727289	Loss Dist.: 1.235947	Loss Uncertainty: -0.508657
--ADE(1s): 0.1732	--FDE(1s): 0.1697
--ADE(2s): 0.2953	--FDE(2s): 0.4236
--ADE(3s): 0.4349	--FDE(3s): 0.7808
--ADE(4s): 0.6256	--FDE(4s): 1.4028
[2025-02-02 22:06:01] Epoch: 65		Loss: 0.725692	Loss Dist.: 1.234936	Loss Uncertainty: -0.509244
--ADE(1s): 0.1732	--FDE(1s): 0.1697
--ADE(2s): 0.2955	--FDE(2s): 0.4238
--ADE(3s): 0.4351	--FDE(3s): 0.7812
--ADE(4s): 0.6260	--FDE(4s): 1.4038
[2025-02-02 22:08:50] Epoch: 66		Loss: 0.724454	Loss Dist.: 1.234198	Loss Uncertainty: -0.509744
--ADE(1s): 0.1733	--FDE(1s): 0.1697
--ADE(2s): 0.2956	--FDE(2s): 0.4239
--ADE(3s): 0.4353	--FDE(3s): 0.7815
--ADE(4s): 0.6263	--FDE(4s): 1.4045
[2025-02-02 22:11:39] Epoch: 67		Loss: 0.723258	Loss Dist.: 1.233491	Loss Uncertainty: -0.510232
--ADE(1s): 0.1733	--FDE(1s): 0.1698
--ADE(2s): 0.2957	--FDE(2s): 0.4241
--ADE(3s): 0.4356	--FDE(3s): 0.7820
--ADE(4s): 0.6268	--FDE(4s): 1.4055
[2025-02-02 22:14:29] Epoch: 68		Loss: 0.722111	Loss Dist.: 1.232841	Loss Uncertainty: -0.510730
--ADE(1s): 0.1734	--FDE(1s): 0.1699
--ADE(2s): 0.2958	--FDE(2s): 0.4244
--ADE(3s): 0.4359	--FDE(3s): 0.7826
--ADE(4s): 0.6273	--FDE(4s): 1.4068
[2025-02-02 22:17:19] Epoch: 69		Loss: 0.721123	Loss Dist.: 1.232344	Loss Uncertainty: -0.511221
--ADE(1s): 0.1734	--FDE(1s): 0.1699
--ADE(2s): 0.2960	--FDE(2s): 0.4247
--ADE(3s): 0.4361	--FDE(3s): 0.7832
--ADE(4s): 0.6277	--FDE(4s): 1.4080
[2025-02-02 22:20:09] Epoch: 70		Loss: 0.720039	Loss Dist.: 1.231735	Loss Uncertainty: -0.511696
--ADE(1s): 0.1735	--FDE(1s): 0.1700
--ADE(2s): 0.2962	--FDE(2s): 0.4251
--ADE(3s): 0.4365	--FDE(3s): 0.7840
--ADE(4s): 0.6284	--FDE(4s): 1.4097
[2025-02-02 22:22:58] Epoch: 71		Loss: 0.719026	Loss Dist.: 1.231187	Loss Uncertainty: -0.512161
--ADE(1s): 0.1735	--FDE(1s): 0.1701
--ADE(2s): 0.2963	--FDE(2s): 0.4254
--ADE(3s): 0.4368	--FDE(3s): 0.7846
--ADE(4s): 0.6289	--FDE(4s): 1.4109
[2025-02-02 22:25:47] Epoch: 72		Loss: 0.717046	Loss Dist.: 1.230068	Loss Uncertainty: -0.513022
--ADE(1s): 0.1729	--FDE(1s): 0.1693
--ADE(2s): 0.2954	--FDE(2s): 0.4237
--ADE(3s): 0.4356	--FDE(3s): 0.7825
--ADE(4s): 0.6275	--FDE(4s): 1.4083
[2025-02-02 22:28:37] Epoch: 73		Loss: 0.716287	Loss Dist.: 1.229633	Loss Uncertainty: -0.513346
--ADE(1s): 0.1729	--FDE(1s): 0.1693
--ADE(2s): 0.2954	--FDE(2s): 0.4237
--ADE(3s): 0.4357	--FDE(3s): 0.7826
--ADE(4s): 0.6277	--FDE(4s): 1.4085
[2025-02-02 22:31:27] Epoch: 74		Loss: 0.715625	Loss Dist.: 1.229243	Loss Uncertainty: -0.513618
--ADE(1s): 0.1730	--FDE(1s): 0.1693
--ADE(2s): 0.2955	--FDE(2s): 0.4239
--ADE(3s): 0.4358	--FDE(3s): 0.7829
--ADE(4s): 0.6279	--FDE(4s): 1.4091
[2025-02-02 22:34:17] Epoch: 75		Loss: 0.715019	Loss Dist.: 1.228896	Loss Uncertainty: -0.513877
--ADE(1s): 0.1730	--FDE(1s): 0.1693
--ADE(2s): 0.2955	--FDE(2s): 0.4240
--ADE(3s): 0.4359	--FDE(3s): 0.7831
--ADE(4s): 0.6281	--FDE(4s): 1.4097
[2025-02-02 22:37:07] Epoch: 76		Loss: 0.714459	Loss Dist.: 1.228588	Loss Uncertainty: -0.514129
--ADE(1s): 0.1730	--FDE(1s): 0.1692
--ADE(2s): 0.2955	--FDE(2s): 0.4240
--ADE(3s): 0.4360	--FDE(3s): 0.7833
--ADE(4s): 0.6283	--FDE(4s): 1.4101
[2025-02-02 22:39:56] Epoch: 77		Loss: 0.713936	Loss Dist.: 1.228319	Loss Uncertainty: -0.514383
--ADE(1s): 0.1729	--FDE(1s): 0.1692
--ADE(2s): 0.2955	--FDE(2s): 0.4240
--ADE(3s): 0.4360	--FDE(3s): 0.7833
--ADE(4s): 0.6284	--FDE(4s): 1.4103
[2025-02-02 22:42:44] Epoch: 78		Loss: 0.713390	Loss Dist.: 1.228017	Loss Uncertainty: -0.514627
--ADE(1s): 0.1729	--FDE(1s): 0.1692
--ADE(2s): 0.2955	--FDE(2s): 0.4241
--ADE(3s): 0.4361	--FDE(3s): 0.7836
--ADE(4s): 0.6286	--FDE(4s): 1.4109
[2025-02-02 22:45:33] Epoch: 79		Loss: 0.712828	Loss Dist.: 1.227695	Loss Uncertainty: -0.514867
--ADE(1s): 0.1729	--FDE(1s): 0.1693
--ADE(2s): 0.2956	--FDE(2s): 0.4242
--ADE(3s): 0.4363	--FDE(3s): 0.7839
--ADE(4s): 0.6288	--FDE(4s): 1.4115
[2025-02-02 22:48:22] Epoch: 80		Loss: 0.711475	Loss Dist.: 1.226870	Loss Uncertainty: -0.515395
--ADE(1s): 0.1727	--FDE(1s): 0.1690
--ADE(2s): 0.2952	--FDE(2s): 0.4236
--ADE(3s): 0.4357	--FDE(3s): 0.7829
--ADE(4s): 0.6282	--FDE(4s): 1.4105
[2025-02-02 22:51:11] Epoch: 81		Loss: 0.711007	Loss Dist.: 1.226520	Loss Uncertainty: -0.515513
--ADE(1s): 0.1727	--FDE(1s): 0.1690
--ADE(2s): 0.2952	--FDE(2s): 0.4237
--ADE(3s): 0.4358	--FDE(3s): 0.7830
--ADE(4s): 0.6283	--FDE(4s): 1.4109
[2025-02-02 22:53:59] Epoch: 82		Loss: 0.710666	Loss Dist.: 1.226309	Loss Uncertainty: -0.515644
--ADE(1s): 0.1727	--FDE(1s): 0.1690
--ADE(2s): 0.2953	--FDE(2s): 0.4238
--ADE(3s): 0.4359	--FDE(3s): 0.7833
--ADE(4s): 0.6285	--FDE(4s): 1.4112
[2025-02-02 22:56:47] Epoch: 83		Loss: 0.710359	Loss Dist.: 1.226128	Loss Uncertainty: -0.515769
--ADE(1s): 0.1727	--FDE(1s): 0.1690
--ADE(2s): 0.2953	--FDE(2s): 0.4239
--ADE(3s): 0.4360	--FDE(3s): 0.7835
--ADE(4s): 0.6286	--FDE(4s): 1.4116
[2025-02-02 22:59:37] Epoch: 84		Loss: 0.710064	Loss Dist.: 1.225958	Loss Uncertainty: -0.515894
--ADE(1s): 0.1727	--FDE(1s): 0.1690
--ADE(2s): 0.2953	--FDE(2s): 0.4239
--ADE(3s): 0.4360	--FDE(3s): 0.7836
--ADE(4s): 0.6287	--FDE(4s): 1.4119
[2025-02-02 23:02:26] Epoch: 85		Loss: 0.709778	Loss Dist.: 1.225794	Loss Uncertainty: -0.516016
--ADE(1s): 0.1727	--FDE(1s): 0.1690
--ADE(2s): 0.2954	--FDE(2s): 0.4240
--ADE(3s): 0.4361	--FDE(3s): 0.7838
--ADE(4s): 0.6289	--FDE(4s): 1.4122
[2025-02-02 23:05:15] Epoch: 86		Loss: 0.709498	Loss Dist.: 1.225637	Loss Uncertainty: -0.516139
--ADE(1s): 0.1727	--FDE(1s): 0.1690
--ADE(2s): 0.2954	--FDE(2s): 0.4241
--ADE(3s): 0.4362	--FDE(3s): 0.7840
--ADE(4s): 0.6290	--FDE(4s): 1.4125
[2025-02-02 23:08:04] Epoch: 87		Loss: 0.709214	Loss Dist.: 1.225472	Loss Uncertainty: -0.516258
--ADE(1s): 0.1727	--FDE(1s): 0.1690
--ADE(2s): 0.2954	--FDE(2s): 0.4241
--ADE(3s): 0.4362	--FDE(3s): 0.7841
--ADE(4s): 0.6291	--FDE(4s): 1.4127
[2025-02-02 23:10:52] Epoch: 88		Loss: 0.708683	Loss Dist.: 1.225229	Loss Uncertainty: -0.516546
--ADE(1s): 0.1727	--FDE(1s): 0.1691
--ADE(2s): 0.2954	--FDE(2s): 0.4241
--ADE(3s): 0.4362	--FDE(3s): 0.7841
--ADE(4s): 0.6291	--FDE(4s): 1.4130
[2025-02-02 23:13:41] Epoch: 89		Loss: 0.708423	Loss Dist.: 1.225027	Loss Uncertainty: -0.516604
--ADE(1s): 0.1727	--FDE(1s): 0.1691
--ADE(2s): 0.2954	--FDE(2s): 0.4242
--ADE(3s): 0.4363	--FDE(3s): 0.7843
--ADE(4s): 0.6292	--FDE(4s): 1.4133
[2025-02-02 23:16:30] Epoch: 90		Loss: 0.708257	Loss Dist.: 1.224925	Loss Uncertainty: -0.516667
--ADE(1s): 0.1727	--FDE(1s): 0.1691
--ADE(2s): 0.2955	--FDE(2s): 0.4242
--ADE(3s): 0.4363	--FDE(3s): 0.7843
--ADE(4s): 0.6293	--FDE(4s): 1.4135
[2025-02-02 23:19:19] Epoch: 91		Loss: 0.708100	Loss Dist.: 1.224828	Loss Uncertainty: -0.516728
--ADE(1s): 0.1727	--FDE(1s): 0.1691
--ADE(2s): 0.2955	--FDE(2s): 0.4243
--ADE(3s): 0.4363	--FDE(3s): 0.7844
--ADE(4s): 0.6294	--FDE(4s): 1.4137
[2025-02-02 23:22:10] Epoch: 92		Loss: 0.707944	Loss Dist.: 1.224734	Loss Uncertainty: -0.516790
--ADE(1s): 0.1727	--FDE(1s): 0.1691
--ADE(2s): 0.2955	--FDE(2s): 0.4243
--ADE(3s): 0.4364	--FDE(3s): 0.7845
--ADE(4s): 0.6294	--FDE(4s): 1.4139
[2025-02-02 23:25:00] Epoch: 93		Loss: 0.707796	Loss Dist.: 1.224647	Loss Uncertainty: -0.516851
--ADE(1s): 0.1727	--FDE(1s): 0.1692
--ADE(2s): 0.2956	--FDE(2s): 0.4246
--ADE(3s): 0.4366	--FDE(3s): 0.7850
--ADE(4s): 0.6297	--FDE(4s): 1.4145
[2025-02-02 23:27:49] Epoch: 94		Loss: 0.707645	Loss Dist.: 1.224559	Loss Uncertainty: -0.516914
--ADE(1s): 0.1727	--FDE(1s): 0.1692
--ADE(2s): 0.2956	--FDE(2s): 0.4246
--ADE(3s): 0.4366	--FDE(3s): 0.7851
--ADE(4s): 0.6298	--FDE(4s): 1.4147
[2025-02-02 23:30:44] Epoch: 95		Loss: 0.707498	Loss Dist.: 1.224473	Loss Uncertainty: -0.516975
--ADE(1s): 0.1727	--FDE(1s): 0.1692
--ADE(2s): 0.2956	--FDE(2s): 0.4246
--ADE(3s): 0.4367	--FDE(3s): 0.7852
--ADE(4s): 0.6299	--FDE(4s): 1.4149
[2025-02-02 23:33:36] Epoch: 96		Loss: 0.707184	Loss Dist.: 1.224298	Loss Uncertainty: -0.517114
--ADE(1s): 0.1729	--FDE(1s): 0.1694
--ADE(2s): 0.2959	--FDE(2s): 0.4251
--ADE(3s): 0.4370	--FDE(3s): 0.7859
--ADE(4s): 0.6304	--FDE(4s): 1.4162
[2025-02-02 23:36:29] Epoch: 97		Loss: 0.707044	Loss Dist.: 1.224187	Loss Uncertainty: -0.517143
--ADE(1s): 0.1729	--FDE(1s): 0.1694
--ADE(2s): 0.2959	--FDE(2s): 0.4252
--ADE(3s): 0.4371	--FDE(3s): 0.7859
--ADE(4s): 0.6304	--FDE(4s): 1.4163
[2025-02-02 23:39:24] Epoch: 98		Loss: 0.706955	Loss Dist.: 1.224121	Loss Uncertainty: -0.517166
--ADE(1s): 0.1729	--FDE(1s): 0.1694
--ADE(2s): 0.2959	--FDE(2s): 0.4252
--ADE(3s): 0.4371	--FDE(3s): 0.7860
--ADE(4s): 0.6304	--FDE(4s): 1.4164
[2025-02-02 23:42:17] Epoch: 99		Loss: 0.706871	Loss Dist.: 1.224064	Loss Uncertainty: -0.517194
--ADE(1s): 0.1729	--FDE(1s): 0.1694
--ADE(2s): 0.2959	--FDE(2s): 0.4252
--ADE(3s): 0.4371	--FDE(3s): 0.7860
--ADE(4s): 0.6305	--FDE(4s): 1.4165

JOB STATISTICS
==============
Job ID: 9739309
Cluster: snellius
User/Group: scur2440/scur2440
State: COMPLETED (exit code 0)
Nodes: 1
Cores per node: 18
CPU Utilized: 04:48:42
CPU Efficiency: 5.68% of 3-12:44:24 core-walltime
Job Wall-clock time: 04:42:28
Memory Utilized: 2.65 GB
Memory Efficiency: 2.20% of 120.00 GB
