***************************************************************************************************** 
* WARNING: The 2022 software stack is deprecated. Please consider switching to
the latest 2024 * 
* software stack, or the older 2023 software stack. * 
* * 
* If you have any question, please contact us via
http://servicedesk.surfsara.nl. * 
***************************************************************************************************** 

Configuration:
description: LED
results_root_dir: results
dataset: kitti
past_frames: 10
future_frames: 20
min_past_frames: 10
min_future_frames: 20
motion_dim: 2
forecast_dim: 2
traj_mean: [14, 7.5]
traj_scale: 5
pretrained_core_denoising_model: ./results/checkpoints/base_diffusion_model.p
debug: False
diffusion: {'steps': 100, 'beta_start': 0.0001, 'beta_end': 0.05, 'beta_schedule': 'linear'}
lr: 0.001
train_batch_size: 10
test_batch_size: 500
num_epochs: 40
test_interval: 1
lr_scheduler: step
decay_step: 8
decay_gamma: 0.5

KITTI dataset (1 agent).
dict_keys(['pre_motion_3D', 'fut_motion_3D', 'pre_motion_mask', 'fut_motion_mask', 'traj_scale', 'pred_mask', 'seq'])
Batch pre-motion shape: torch.Size([10, 1, 10, 2])
Batch future motion shape: torch.Size([10, 1, 20, 2])
Batch pre-motion mask shape: torch.Size([10, 1, 10])
Batch future motion mask shape: torch.Size([10, 1, 20])
traj_scale: 1
pred_mask: None
seq: kitti 

[Core Denoising Model] Trainable/Total: 6568720/6568720
[Initialization Model] Trainable/Total: 4634721/4634721
[2025-02-08 20:58:38] Epoch: 0		Loss: 11.180159	Loss Dist.: 9.641671	Loss Uncertainty: 1.538489
--ADE(1s): 0.6032	--FDE(1s): 0.3900
--ADE(2s): 0.7273	--FDE(2s): 0.7282
--ADE(3s): 0.8774	--FDE(3s): 1.0862
--ADE(4s): 1.2813	--FDE(4s): 1.8772
[2025-02-08 21:01:28] Epoch: 1		Loss: 6.297497	Loss Dist.: 5.451704	Loss Uncertainty: 0.845794
--ADE(1s): 0.3742	--FDE(1s): 0.4133
--ADE(2s): 0.5503	--FDE(2s): 0.8326
--ADE(3s): 0.7336	--FDE(3s): 1.1506
--ADE(4s): 1.0662	--FDE(4s): 3.7449
[2025-02-08 21:04:19] Epoch: 2		Loss: 5.043768	Loss Dist.: 4.495782	Loss Uncertainty: 0.547986
--ADE(1s): 0.3699	--FDE(1s): 0.3471
--ADE(2s): 0.4715	--FDE(2s): 0.6159
--ADE(3s): 0.6146	--FDE(3s): 0.9331
--ADE(4s): 0.9107	--FDE(4s): 4.0614
[2025-02-08 21:07:10] Epoch: 3		Loss: 4.228266	Loss Dist.: 3.791189	Loss Uncertainty: 0.437076
--ADE(1s): 0.3153	--FDE(1s): 0.2981
--ADE(2s): 0.4031	--FDE(2s): 0.4782
--ADE(3s): 0.5123	--FDE(3s): 0.6605
--ADE(4s): 0.7302	--FDE(4s): 2.9909
[2025-02-08 21:09:59] Epoch: 4		Loss: 3.945869	Loss Dist.: 3.495669	Loss Uncertainty: 0.450200
--ADE(1s): 0.2423	--FDE(1s): 0.2941
--ADE(2s): 0.3817	--FDE(2s): 0.5833
--ADE(3s): 0.5435	--FDE(3s): 0.9773
--ADE(4s): 0.9079	--FDE(4s): 4.8215
[2025-02-08 21:12:49] Epoch: 5		Loss: 3.660686	Loss Dist.: 3.246181	Loss Uncertainty: 0.414505
--ADE(1s): 0.3517	--FDE(1s): 0.3043
--ADE(2s): 0.4721	--FDE(2s): 0.5513
--ADE(3s): 0.6047	--FDE(3s): 0.8655
--ADE(4s): 0.8867	--FDE(4s): 3.8814
[2025-02-08 21:15:38] Epoch: 6		Loss: 3.464598	Loss Dist.: 3.124181	Loss Uncertainty: 0.340417
--ADE(1s): 0.2443	--FDE(1s): 0.3310
--ADE(2s): 0.3525	--FDE(2s): 0.4638
--ADE(3s): 0.4658	--FDE(3s): 0.6144
--ADE(4s): 0.6786	--FDE(4s): 3.0789
[2025-02-08 21:18:28] Epoch: 7		Loss: 3.333436	Loss Dist.: 3.001217	Loss Uncertainty: 0.332220
--ADE(1s): 0.1596	--FDE(1s): 0.1553
--ADE(2s): 0.2459	--FDE(2s): 0.3353
--ADE(3s): 0.3476	--FDE(3s): 0.5273
--ADE(4s): 0.5561	--FDE(4s): 2.7305
[2025-02-08 21:21:17] Epoch: 8		Loss: 2.148761	Loss Dist.: 2.013673	Loss Uncertainty: 0.135088
--ADE(1s): 0.1782	--FDE(1s): 0.1910
--ADE(2s): 0.2585	--FDE(2s): 0.4011
--ADE(3s): 0.3790	--FDE(3s): 0.6940
--ADE(4s): 0.6169	--FDE(4s): 2.8847
[2025-02-08 21:24:07] Epoch: 9		Loss: 1.989895	Loss Dist.: 1.904672	Loss Uncertainty: 0.085223
--ADE(1s): 0.1333	--FDE(1s): 0.1499
--ADE(2s): 0.2007	--FDE(2s): 0.2824
--ADE(3s): 0.2860	--FDE(3s): 0.4724
--ADE(4s): 0.4641	--FDE(4s): 2.3330
[2025-02-08 21:26:57] Epoch: 10		Loss: 1.879455	Loss Dist.: 1.819214	Loss Uncertainty: 0.060241
--ADE(1s): 0.1203	--FDE(1s): 0.1450
--ADE(2s): 0.1907	--FDE(2s): 0.2820
--ADE(3s): 0.2705	--FDE(3s): 0.4310
--ADE(4s): 0.4531	--FDE(4s): 2.4074
[2025-02-08 21:29:48] Epoch: 11		Loss: 1.890488	Loss Dist.: 1.832779	Loss Uncertainty: 0.057709
--ADE(1s): 0.1221	--FDE(1s): 0.1468
--ADE(2s): 0.1951	--FDE(2s): 0.3010
--ADE(3s): 0.2814	--FDE(3s): 0.4904
--ADE(4s): 0.4870	--FDE(4s): 2.7029
[2025-02-08 21:32:39] Epoch: 12		Loss: 1.842561	Loss Dist.: 1.810203	Loss Uncertainty: 0.032358
--ADE(1s): 0.1781	--FDE(1s): 0.2390
--ADE(2s): 0.2765	--FDE(2s): 0.4168
--ADE(3s): 0.3780	--FDE(3s): 0.5831
--ADE(4s): 0.5903	--FDE(4s): 2.9176
[2025-02-08 21:35:29] Epoch: 13		Loss: 1.851687	Loss Dist.: 1.825852	Loss Uncertainty: 0.025835
--ADE(1s): 0.1673	--FDE(1s): 0.1570
--ADE(2s): 0.2339	--FDE(2s): 0.2955
--ADE(3s): 0.3239	--FDE(3s): 0.4915
--ADE(4s): 0.4967	--FDE(4s): 2.1622
[2025-02-08 21:38:19] Epoch: 14		Loss: 1.814932	Loss Dist.: 1.803704	Loss Uncertainty: 0.011228
--ADE(1s): 0.1701	--FDE(1s): 0.2575
--ADE(2s): 0.3306	--FDE(2s): 0.6075
--ADE(3s): 0.5148	--FDE(3s): 0.9879
--ADE(4s): 0.8125	--FDE(4s): 3.4468
[2025-02-08 21:41:10] Epoch: 15		Loss: 1.812707	Loss Dist.: 1.789851	Loss Uncertainty: 0.022856
--ADE(1s): 0.1799	--FDE(1s): 0.1740
--ADE(2s): 0.2387	--FDE(2s): 0.3139
--ADE(3s): 0.3166	--FDE(3s): 0.5000
--ADE(4s): 0.5175	--FDE(4s): 2.7152
[2025-02-08 21:44:00] Epoch: 16		Loss: 1.303697	Loss Dist.: 1.391331	Loss Uncertainty: -0.087634
--ADE(1s): 0.1095	--FDE(1s): 0.1258
--ADE(2s): 0.1753	--FDE(2s): 0.2759
--ADE(3s): 0.2565	--FDE(3s): 0.4558
--ADE(4s): 0.4387	--FDE(4s): 2.3119
[2025-02-08 21:46:50] Epoch: 17		Loss: 1.232896	Loss Dist.: 1.341515	Loss Uncertainty: -0.108619
--ADE(1s): 0.1095	--FDE(1s): 0.1223
--ADE(2s): 0.1722	--FDE(2s): 0.2672
--ADE(3s): 0.2521	--FDE(3s): 0.4468
--ADE(4s): 0.4229	--FDE(4s): 2.1048
[2025-02-08 21:49:41] Epoch: 18		Loss: 1.218371	Loss Dist.: 1.341492	Loss Uncertainty: -0.123121
--ADE(1s): 0.1567	--FDE(1s): 0.1713
--ADE(2s): 0.2235	--FDE(2s): 0.3247
--ADE(3s): 0.3125	--FDE(3s): 0.5188
--ADE(4s): 0.4984	--FDE(4s): 2.3325
[2025-02-08 21:52:32] Epoch: 19		Loss: 1.218454	Loss Dist.: 1.339822	Loss Uncertainty: -0.121368
--ADE(1s): 0.1310	--FDE(1s): 0.1580
--ADE(2s): 0.2081	--FDE(2s): 0.3364
--ADE(3s): 0.3099	--FDE(3s): 0.5609
--ADE(4s): 0.4991	--FDE(4s): 2.2073
[2025-02-08 21:55:22] Epoch: 20		Loss: 1.175728	Loss Dist.: 1.315292	Loss Uncertainty: -0.139565
--ADE(1s): 0.1302	--FDE(1s): 0.1696
--ADE(2s): 0.2200	--FDE(2s): 0.3729
--ADE(3s): 0.3266	--FDE(3s): 0.5980
--ADE(4s): 0.5308	--FDE(4s): 2.4624
[2025-02-08 21:58:12] Epoch: 21		Loss: 1.144222	Loss Dist.: 1.293317	Loss Uncertainty: -0.149095
--ADE(1s): 0.1337	--FDE(1s): 0.1498
--ADE(2s): 0.1965	--FDE(2s): 0.2924
--ADE(3s): 0.2825	--FDE(3s): 0.4815
--ADE(4s): 0.4539	--FDE(4s): 2.1024
[2025-02-08 22:01:02] Epoch: 22		Loss: 1.158088	Loss Dist.: 1.297926	Loss Uncertainty: -0.139839
--ADE(1s): 0.1350	--FDE(1s): 0.1569
--ADE(2s): 0.2065	--FDE(2s): 0.3208
--ADE(3s): 0.2976	--FDE(3s): 0.5226
--ADE(4s): 0.4775	--FDE(4s): 2.1954
[2025-02-08 22:03:52] Epoch: 23		Loss: 1.115560	Loss Dist.: 1.273664	Loss Uncertainty: -0.158104
--ADE(1s): 0.1480	--FDE(1s): 0.1967
--ADE(2s): 0.2453	--FDE(2s): 0.4047
--ADE(3s): 0.3607	--FDE(3s): 0.6521
--ADE(4s): 0.5664	--FDE(4s): 2.4004
[2025-02-08 22:06:42] Epoch: 24		Loss: 0.930205	Loss Dist.: 1.123299	Loss Uncertainty: -0.193094
--ADE(1s): 0.1201	--FDE(1s): 0.1350
--ADE(2s): 0.1869	--FDE(2s): 0.2969
--ADE(3s): 0.2744	--FDE(3s): 0.4984
--ADE(4s): 0.4539	--FDE(4s): 2.1238
[2025-02-08 22:09:32] Epoch: 25		Loss: 0.873385	Loss Dist.: 1.088835	Loss Uncertainty: -0.215450
--ADE(1s): 0.1404	--FDE(1s): 0.1687
--ADE(2s): 0.2203	--FDE(2s): 0.3470
--ADE(3s): 0.3198	--FDE(3s): 0.5721
--ADE(4s): 0.5067	--FDE(4s): 2.2029
[2025-02-08 22:12:21] Epoch: 26		Loss: 0.861306	Loss Dist.: 1.083089	Loss Uncertainty: -0.221784
--ADE(1s): 0.1257	--FDE(1s): 0.1576
--ADE(2s): 0.2032	--FDE(2s): 0.3323
--ADE(3s): 0.3002	--FDE(3s): 0.5512
--ADE(4s): 0.4857	--FDE(4s): 2.1612
[2025-02-08 22:15:11] Epoch: 27		Loss: 0.857035	Loss Dist.: 1.077519	Loss Uncertainty: -0.220484
--ADE(1s): 0.1359	--FDE(1s): 0.1700
--ADE(2s): 0.2157	--FDE(2s): 0.3512
--ADE(3s): 0.3150	--FDE(3s): 0.5724
--ADE(4s): 0.5061	--FDE(4s): 2.2407
[2025-02-08 22:18:01] Epoch: 28		Loss: 0.851139	Loss Dist.: 1.077613	Loss Uncertainty: -0.226474
--ADE(1s): 0.1306	--FDE(1s): 0.1784
--ADE(2s): 0.2246	--FDE(2s): 0.3877
--ADE(3s): 0.3386	--FDE(3s): 0.6411
--ADE(4s): 0.5443	--FDE(4s): 2.3664
[2025-02-08 22:20:51] Epoch: 29		Loss: 0.835681	Loss Dist.: 1.064398	Loss Uncertainty: -0.228717
--ADE(1s): 0.1316	--FDE(1s): 0.1691
--ADE(2s): 0.2191	--FDE(2s): 0.3671
--ADE(3s): 0.3295	--FDE(3s): 0.6232
--ADE(4s): 0.5266	--FDE(4s): 2.1985
[2025-02-08 22:23:42] Epoch: 30		Loss: 0.813408	Loss Dist.: 1.049522	Loss Uncertainty: -0.236113
--ADE(1s): 0.1286	--FDE(1s): 0.1487
--ADE(2s): 0.1989	--FDE(2s): 0.3149
--ADE(3s): 0.2917	--FDE(3s): 0.5169
--ADE(4s): 0.4653	--FDE(4s): 1.9914
[2025-02-08 22:26:31] Epoch: 31		Loss: 0.840095	Loss Dist.: 1.072255	Loss Uncertainty: -0.232160
--ADE(1s): 0.1466	--FDE(1s): 0.1779
--ADE(2s): 0.2349	--FDE(2s): 0.3876
--ADE(3s): 0.3481	--FDE(3s): 0.6535
--ADE(4s): 0.5501	--FDE(4s): 2.2361
[2025-02-08 22:29:21] Epoch: 32		Loss: 0.709385	Loss Dist.: 0.974683	Loss Uncertainty: -0.265298
--ADE(1s): 0.1175	--FDE(1s): 0.1530
--ADE(2s): 0.2003	--FDE(2s): 0.3444
--ADE(3s): 0.3054	--FDE(3s): 0.5875
--ADE(4s): 0.5020	--FDE(4s): 2.2259
slurmstepd: error: *** JOB 9831907 ON gcn20 CANCELLED AT 2025-02-08T22:31:12 DUE TO TIME LIMIT ***

JOB STATISTICS
==============
Job ID: 9831907
Cluster: snellius
User/Group: scur2440/scur2440
State: TIMEOUT (exit code 0)
Nodes: 1
Cores per node: 18
CPU Utilized: 00:00:00
CPU Efficiency: 0.00% of 1-04:38:06 core-walltime
Job Wall-clock time: 01:35:27
Memory Utilized: 2.83 GB
Memory Efficiency: 2.36% of 120.00 GB
