***************************************************************************************************** 
* WARNING: The 2022 software stack is deprecated. Please consider switching to
the latest 2024 * 
* software stack, or the older 2023 software stack. * 
* * 
* If you have any question, please contact us via
http://servicedesk.surfsara.nl. * 
***************************************************************************************************** 

Configuration:
description: LED
results_root_dir: results
dataset: kitti
past_frames: 10
future_frames: 5
min_past_frames: 10
min_future_frames: 5
motion_dim: 2
forecast_dim: 2
traj_mean: [14, 7.5]
traj_scale: 5
pretrained_core_denoising_model: ./results/checkpoints/base_diffusion_model.p
debug: False
diffusion: {'steps': 150, 'beta_start': 0.0001, 'beta_end': 0.05, 'beta_schedule': 'linear'}
lr: 0.005
train_batch_size: 32
test_batch_size: 32
num_epochs: 50
test_interval: 1
lr_scheduler: step
decay_step: 8
decay_gamma: 0.7

KITTI dataset (1 agent).
[Warning] Only 5 future timesteps available, ADE/FDE will be computed for up to 1 seconds instead of the full 4 seconds.
[INFO] Kitti dataset - skip subtracting mean from absolute positions.
[INFO] Training from scratch - without pretrained models (Not NBA with frame standard configs)

[Core Denoising Model] Trainable/Total: 6568720/6568720
[Initialization Model] Trainable/Total: 3862101/3862101
[2025-02-08 23:31:41] Epoch: 0		Loss: 22679534715.104641	Loss Dist.: 0.951483	Loss Uncertainty: 22679534714.200863
--ADE(1s): 0.3834	--FDE(1s): 0.5427
--ADE(2s): 0.3834	--FDE(2s): 0.5427
--ADE(3s): 0.3834	--FDE(3s): 0.5427
--ADE(4s): 0.3834	--FDE(4s): 0.5427
[2025-02-08 23:32:33] Epoch: 1		Loss: 0.448924	Loss Dist.: 0.382365	Loss Uncertainty: 0.066559
--ADE(1s): 0.2500	--FDE(1s): 0.4156
--ADE(2s): 0.2500	--FDE(2s): 0.4156
--ADE(3s): 0.2500	--FDE(3s): 0.4156
--ADE(4s): 0.2500	--FDE(4s): 0.4156
[2025-02-08 23:33:26] Epoch: 2		Loss: 0.404463	Loss Dist.: 0.355725	Loss Uncertainty: 0.048738
--ADE(1s): 0.3397	--FDE(1s): 0.7069
--ADE(2s): 0.3397	--FDE(2s): 0.7069
--ADE(3s): 0.3397	--FDE(3s): 0.7069
--ADE(4s): 0.3397	--FDE(4s): 0.7069
[2025-02-08 23:34:19] Epoch: 3		Loss: 0.317125	Loss Dist.: 0.302091	Loss Uncertainty: 0.015034
--ADE(1s): 0.3888	--FDE(1s): 0.6859
--ADE(2s): 0.3888	--FDE(2s): 0.6859
--ADE(3s): 0.3888	--FDE(3s): 0.6859
--ADE(4s): 0.3888	--FDE(4s): 0.6859
[2025-02-08 23:35:11] Epoch: 4		Loss: 0.275226	Loss Dist.: 0.279747	Loss Uncertainty: -0.004521
--ADE(1s): 0.2890	--FDE(1s): 0.4705
--ADE(2s): 0.2890	--FDE(2s): 0.4705
--ADE(3s): 0.2890	--FDE(3s): 0.4705
--ADE(4s): 0.2890	--FDE(4s): 0.4705
[2025-02-08 23:36:04] Epoch: 5		Loss: 0.241743	Loss Dist.: 0.258698	Loss Uncertainty: -0.016955
--ADE(1s): 0.3520	--FDE(1s): 0.4658
--ADE(2s): 0.3520	--FDE(2s): 0.4658
--ADE(3s): 0.3520	--FDE(3s): 0.4658
--ADE(4s): 0.3520	--FDE(4s): 0.4658
[2025-02-08 23:36:56] Epoch: 6		Loss: 0.239406	Loss Dist.: 0.257998	Loss Uncertainty: -0.018592
--ADE(1s): 0.2617	--FDE(1s): 0.3664
--ADE(2s): 0.2617	--FDE(2s): 0.3664
--ADE(3s): 0.2617	--FDE(3s): 0.3664
--ADE(4s): 0.2617	--FDE(4s): 0.3664
[2025-02-08 23:37:49] Epoch: 7		Loss: 0.233811	Loss Dist.: 0.253370	Loss Uncertainty: -0.019559
--ADE(1s): 0.2571	--FDE(1s): 0.3891
--ADE(2s): 0.2571	--FDE(2s): 0.3891
--ADE(3s): 0.2571	--FDE(3s): 0.3891
--ADE(4s): 0.2571	--FDE(4s): 0.3891
[2025-02-08 23:38:42] Epoch: 8		Loss: 0.126039	Loss Dist.: 0.195309	Loss Uncertainty: -0.069270
--ADE(1s): 0.2063	--FDE(1s): 0.2989
--ADE(2s): 0.2063	--FDE(2s): 0.2989
--ADE(3s): 0.2063	--FDE(3s): 0.2989
--ADE(4s): 0.2063	--FDE(4s): 0.2989
[2025-02-08 23:39:34] Epoch: 9		Loss: 0.117213	Loss Dist.: 0.192299	Loss Uncertainty: -0.075086
--ADE(1s): 0.2394	--FDE(1s): 0.3191
--ADE(2s): 0.2394	--FDE(2s): 0.3191
--ADE(3s): 0.2394	--FDE(3s): 0.3191
--ADE(4s): 0.2394	--FDE(4s): 0.3191
[2025-02-08 23:40:27] Epoch: 10		Loss: 0.113569	Loss Dist.: 0.189231	Loss Uncertainty: -0.075662
--ADE(1s): 0.2361	--FDE(1s): 0.3954
--ADE(2s): 0.2361	--FDE(2s): 0.3954
--ADE(3s): 0.2361	--FDE(3s): 0.3954
--ADE(4s): 0.2361	--FDE(4s): 0.3954
[2025-02-08 23:41:19] Epoch: 11		Loss: 0.100487	Loss Dist.: 0.183448	Loss Uncertainty: -0.082961
--ADE(1s): 0.2146	--FDE(1s): 0.3353
--ADE(2s): 0.2146	--FDE(2s): 0.3353
--ADE(3s): 0.2146	--FDE(3s): 0.3353
--ADE(4s): 0.2146	--FDE(4s): 0.3353
[2025-02-08 23:42:12] Epoch: 12		Loss: 0.094937	Loss Dist.: 0.178917	Loss Uncertainty: -0.083980
--ADE(1s): 0.1916	--FDE(1s): 0.3086
--ADE(2s): 0.1916	--FDE(2s): 0.3086
--ADE(3s): 0.1916	--FDE(3s): 0.3086
--ADE(4s): 0.1916	--FDE(4s): 0.3086
[2025-02-08 23:43:05] Epoch: 13		Loss: 0.085078	Loss Dist.: 0.175554	Loss Uncertainty: -0.090476
--ADE(1s): 0.2236	--FDE(1s): 0.3195
--ADE(2s): 0.2236	--FDE(2s): 0.3195
--ADE(3s): 0.2236	--FDE(3s): 0.3195
--ADE(4s): 0.2236	--FDE(4s): 0.3195
[2025-02-08 23:43:58] Epoch: 14		Loss: 0.088463	Loss Dist.: 0.179481	Loss Uncertainty: -0.091018
--ADE(1s): 0.1848	--FDE(1s): 0.3165
--ADE(2s): 0.1848	--FDE(2s): 0.3165
--ADE(3s): 0.1848	--FDE(3s): 0.3165
--ADE(4s): 0.1848	--FDE(4s): 0.3165
[2025-02-08 23:44:50] Epoch: 15		Loss: 0.081336	Loss Dist.: 0.173724	Loss Uncertainty: -0.092389
--ADE(1s): 0.1889	--FDE(1s): 0.3029
--ADE(2s): 0.1889	--FDE(2s): 0.3029
--ADE(3s): 0.1889	--FDE(3s): 0.3029
--ADE(4s): 0.1889	--FDE(4s): 0.3029
[2025-02-08 23:45:43] Epoch: 16		Loss: 0.042104	Loss Dist.: 0.152792	Loss Uncertainty: -0.110688
--ADE(1s): 0.1865	--FDE(1s): 0.3065
--ADE(2s): 0.1865	--FDE(2s): 0.3065
--ADE(3s): 0.1865	--FDE(3s): 0.3065
--ADE(4s): 0.1865	--FDE(4s): 0.3065
[2025-02-08 23:46:36] Epoch: 17		Loss: 0.028820	Loss Dist.: 0.146103	Loss Uncertainty: -0.117283
--ADE(1s): 0.1939	--FDE(1s): 0.2877
--ADE(2s): 0.1939	--FDE(2s): 0.2877
--ADE(3s): 0.1939	--FDE(3s): 0.2877
--ADE(4s): 0.1939	--FDE(4s): 0.2877
[2025-02-08 23:47:29] Epoch: 18		Loss: 0.026268	Loss Dist.: 0.145896	Loss Uncertainty: -0.119628
--ADE(1s): 0.1956	--FDE(1s): 0.3342
--ADE(2s): 0.1956	--FDE(2s): 0.3342
--ADE(3s): 0.1956	--FDE(3s): 0.3342
--ADE(4s): 0.1956	--FDE(4s): 0.3342
[2025-02-08 23:48:21] Epoch: 19		Loss: 0.030596	Loss Dist.: 0.147331	Loss Uncertainty: -0.116735
--ADE(1s): 0.1775	--FDE(1s): 0.3375
--ADE(2s): 0.1775	--FDE(2s): 0.3375
--ADE(3s): 0.1775	--FDE(3s): 0.3375
--ADE(4s): 0.1775	--FDE(4s): 0.3375
[2025-02-08 23:49:14] Epoch: 20		Loss: 0.029143	Loss Dist.: 0.147082	Loss Uncertainty: -0.117939
--ADE(1s): 0.1945	--FDE(1s): 0.3523
--ADE(2s): 0.1945	--FDE(2s): 0.3523
--ADE(3s): 0.1945	--FDE(3s): 0.3523
--ADE(4s): 0.1945	--FDE(4s): 0.3523
[2025-02-08 23:50:06] Epoch: 21		Loss: 0.034152	Loss Dist.: 0.148860	Loss Uncertainty: -0.114708
--ADE(1s): 0.1922	--FDE(1s): 0.3370
--ADE(2s): 0.1922	--FDE(2s): 0.3370
--ADE(3s): 0.1922	--FDE(3s): 0.3370
--ADE(4s): 0.1922	--FDE(4s): 0.3370
[2025-02-08 23:50:59] Epoch: 22		Loss: 0.014649	Loss Dist.: 0.138849	Loss Uncertainty: -0.124199
--ADE(1s): 0.1739	--FDE(1s): 0.2830
--ADE(2s): 0.1739	--FDE(2s): 0.2830
--ADE(3s): 0.1739	--FDE(3s): 0.2830
--ADE(4s): 0.1739	--FDE(4s): 0.2830
[2025-02-08 23:51:52] Epoch: 23		Loss: 0.021325	Loss Dist.: 0.143800	Loss Uncertainty: -0.122475
--ADE(1s): 0.1958	--FDE(1s): 0.3393
--ADE(2s): 0.1958	--FDE(2s): 0.3393
--ADE(3s): 0.1958	--FDE(3s): 0.3393
--ADE(4s): 0.1958	--FDE(4s): 0.3393
[2025-02-08 23:52:44] Epoch: 24		Loss: -0.009800	Loss Dist.: 0.127684	Loss Uncertainty: -0.137484
--ADE(1s): 0.1855	--FDE(1s): 0.3302
--ADE(2s): 0.1855	--FDE(2s): 0.3302
--ADE(3s): 0.1855	--FDE(3s): 0.3302
--ADE(4s): 0.1855	--FDE(4s): 0.3302
[2025-02-08 23:53:37] Epoch: 25		Loss: -0.020022	Loss Dist.: 0.121980	Loss Uncertainty: -0.142002
--ADE(1s): 0.1709	--FDE(1s): 0.2924
--ADE(2s): 0.1709	--FDE(2s): 0.2924
--ADE(3s): 0.1709	--FDE(3s): 0.2924
--ADE(4s): 0.1709	--FDE(4s): 0.2924
[2025-02-08 23:54:29] Epoch: 26		Loss: -0.017255	Loss Dist.: 0.123985	Loss Uncertainty: -0.141240
--ADE(1s): 0.1707	--FDE(1s): 0.2816
--ADE(2s): 0.1707	--FDE(2s): 0.2816
--ADE(3s): 0.1707	--FDE(3s): 0.2816
--ADE(4s): 0.1707	--FDE(4s): 0.2816
[2025-02-08 23:55:22] Epoch: 27		Loss: -0.021054	Loss Dist.: 0.121872	Loss Uncertainty: -0.142925
--ADE(1s): 0.1965	--FDE(1s): 0.3421
--ADE(2s): 0.1965	--FDE(2s): 0.3421
--ADE(3s): 0.1965	--FDE(3s): 0.3421
--ADE(4s): 0.1965	--FDE(4s): 0.3421
[2025-02-08 23:56:14] Epoch: 28		Loss: -0.025754	Loss Dist.: 0.120025	Loss Uncertainty: -0.145779
--ADE(1s): 0.2066	--FDE(1s): 0.3547
--ADE(2s): 0.2066	--FDE(2s): 0.3547
--ADE(3s): 0.2066	--FDE(3s): 0.3547
--ADE(4s): 0.2066	--FDE(4s): 0.3547
[2025-02-08 23:57:07] Epoch: 29		Loss: -0.020137	Loss Dist.: 0.122575	Loss Uncertainty: -0.142712
--ADE(1s): 0.1578	--FDE(1s): 0.2728
--ADE(2s): 0.1578	--FDE(2s): 0.2728
--ADE(3s): 0.1578	--FDE(3s): 0.2728
--ADE(4s): 0.1578	--FDE(4s): 0.2728
[2025-02-08 23:57:59] Epoch: 30		Loss: -0.027653	Loss Dist.: 0.119981	Loss Uncertainty: -0.147634
--ADE(1s): 0.1966	--FDE(1s): 0.3431
--ADE(2s): 0.1966	--FDE(2s): 0.3431
--ADE(3s): 0.1966	--FDE(3s): 0.3431
--ADE(4s): 0.1966	--FDE(4s): 0.3431
[2025-02-08 23:58:52] Epoch: 31		Loss: -0.027783	Loss Dist.: 0.119980	Loss Uncertainty: -0.147763
--ADE(1s): 0.2097	--FDE(1s): 0.3483
--ADE(2s): 0.2097	--FDE(2s): 0.3483
--ADE(3s): 0.2097	--FDE(3s): 0.3483
--ADE(4s): 0.2097	--FDE(4s): 0.3483
[2025-02-08 23:59:44] Epoch: 32		Loss: -0.054011	Loss Dist.: 0.106795	Loss Uncertainty: -0.160806
--ADE(1s): 0.1951	--FDE(1s): 0.3310
--ADE(2s): 0.1951	--FDE(2s): 0.3310
--ADE(3s): 0.1951	--FDE(3s): 0.3310
--ADE(4s): 0.1951	--FDE(4s): 0.3310
[2025-02-09 00:00:36] Epoch: 33		Loss: -0.059597	Loss Dist.: 0.103828	Loss Uncertainty: -0.163425
--ADE(1s): 0.2132	--FDE(1s): 0.3643
--ADE(2s): 0.2132	--FDE(2s): 0.3643
--ADE(3s): 0.2132	--FDE(3s): 0.3643
--ADE(4s): 0.2132	--FDE(4s): 0.3643
[2025-02-09 00:01:29] Epoch: 34		Loss: -0.061219	Loss Dist.: 0.103794	Loss Uncertainty: -0.165013
--ADE(1s): 0.1843	--FDE(1s): 0.3245
--ADE(2s): 0.1843	--FDE(2s): 0.3245
--ADE(3s): 0.1843	--FDE(3s): 0.3245
--ADE(4s): 0.1843	--FDE(4s): 0.3245
[2025-02-09 00:02:21] Epoch: 35		Loss: -0.058518	Loss Dist.: 0.105133	Loss Uncertainty: -0.163651
--ADE(1s): 0.1938	--FDE(1s): 0.3443
--ADE(2s): 0.1938	--FDE(2s): 0.3443
--ADE(3s): 0.1938	--FDE(3s): 0.3443
--ADE(4s): 0.1938	--FDE(4s): 0.3443
[2025-02-09 00:03:13] Epoch: 36		Loss: -0.056093	Loss Dist.: 0.106137	Loss Uncertainty: -0.162230
--ADE(1s): 0.1746	--FDE(1s): 0.3097
--ADE(2s): 0.1746	--FDE(2s): 0.3097
--ADE(3s): 0.1746	--FDE(3s): 0.3097
--ADE(4s): 0.1746	--FDE(4s): 0.3097
[2025-02-09 00:04:06] Epoch: 37		Loss: -0.066275	Loss Dist.: 0.101759	Loss Uncertainty: -0.168034
--ADE(1s): 0.1910	--FDE(1s): 0.3377
--ADE(2s): 0.1910	--FDE(2s): 0.3377
--ADE(3s): 0.1910	--FDE(3s): 0.3377
--ADE(4s): 0.1910	--FDE(4s): 0.3377
[2025-02-09 00:04:58] Epoch: 38		Loss: -0.065298	Loss Dist.: 0.101818	Loss Uncertainty: -0.167116
--ADE(1s): 0.1906	--FDE(1s): 0.3429
--ADE(2s): 0.1906	--FDE(2s): 0.3429
--ADE(3s): 0.1906	--FDE(3s): 0.3429
--ADE(4s): 0.1906	--FDE(4s): 0.3429
[2025-02-09 00:05:51] Epoch: 39		Loss: -0.066213	Loss Dist.: 0.102831	Loss Uncertainty: -0.169044
--ADE(1s): 0.2058	--FDE(1s): 0.3527
--ADE(2s): 0.2058	--FDE(2s): 0.3527
--ADE(3s): 0.2058	--FDE(3s): 0.3527
--ADE(4s): 0.2058	--FDE(4s): 0.3527
[2025-02-09 00:06:43] Epoch: 40		Loss: -0.079453	Loss Dist.: 0.096133	Loss Uncertainty: -0.175586
--ADE(1s): 0.1724	--FDE(1s): 0.3056
--ADE(2s): 0.1724	--FDE(2s): 0.3056
--ADE(3s): 0.1724	--FDE(3s): 0.3056
--ADE(4s): 0.1724	--FDE(4s): 0.3056
[2025-02-09 00:07:36] Epoch: 41		Loss: -0.087866	Loss Dist.: 0.092684	Loss Uncertainty: -0.180550
--ADE(1s): 0.1717	--FDE(1s): 0.3043
--ADE(2s): 0.1717	--FDE(2s): 0.3043
--ADE(3s): 0.1717	--FDE(3s): 0.3043
--ADE(4s): 0.1717	--FDE(4s): 0.3043
[2025-02-09 00:08:28] Epoch: 42		Loss: -0.089287	Loss Dist.: 0.091691	Loss Uncertainty: -0.180978
--ADE(1s): 0.1715	--FDE(1s): 0.2985
--ADE(2s): 0.1715	--FDE(2s): 0.2985
--ADE(3s): 0.1715	--FDE(3s): 0.2985
--ADE(4s): 0.1715	--FDE(4s): 0.2985
[2025-02-09 00:09:20] Epoch: 43		Loss: -0.092425	Loss Dist.: 0.090708	Loss Uncertainty: -0.183132
--ADE(1s): 0.1769	--FDE(1s): 0.3108
--ADE(2s): 0.1769	--FDE(2s): 0.3108
--ADE(3s): 0.1769	--FDE(3s): 0.3108
--ADE(4s): 0.1769	--FDE(4s): 0.3108
[2025-02-09 00:10:13] Epoch: 44		Loss: -0.091831	Loss Dist.: 0.090964	Loss Uncertainty: -0.182795
--ADE(1s): 0.1802	--FDE(1s): 0.3049
--ADE(2s): 0.1802	--FDE(2s): 0.3049
--ADE(3s): 0.1802	--FDE(3s): 0.3049
--ADE(4s): 0.1802	--FDE(4s): 0.3049
[2025-02-09 00:11:05] Epoch: 45		Loss: -0.094752	Loss Dist.: 0.089372	Loss Uncertainty: -0.184125
--ADE(1s): 0.1816	--FDE(1s): 0.3155
--ADE(2s): 0.1816	--FDE(2s): 0.3155
--ADE(3s): 0.1816	--FDE(3s): 0.3155
--ADE(4s): 0.1816	--FDE(4s): 0.3155
[2025-02-09 00:11:57] Epoch: 46		Loss: -0.096651	Loss Dist.: 0.089113	Loss Uncertainty: -0.185763
--ADE(1s): 0.1862	--FDE(1s): 0.3085
--ADE(2s): 0.1862	--FDE(2s): 0.3085
--ADE(3s): 0.1862	--FDE(3s): 0.3085
--ADE(4s): 0.1862	--FDE(4s): 0.3085
[2025-02-09 00:12:49] Epoch: 47		Loss: -0.105136	Loss Dist.: 0.085553	Loss Uncertainty: -0.190689
--ADE(1s): 0.1890	--FDE(1s): 0.3339
--ADE(2s): 0.1890	--FDE(2s): 0.3339
--ADE(3s): 0.1890	--FDE(3s): 0.3339
--ADE(4s): 0.1890	--FDE(4s): 0.3339
[2025-02-09 00:13:42] Epoch: 48		Loss: -0.106818	Loss Dist.: 0.084438	Loss Uncertainty: -0.191255
--ADE(1s): 0.1692	--FDE(1s): 0.2983
--ADE(2s): 0.1692	--FDE(2s): 0.2983
--ADE(3s): 0.1692	--FDE(3s): 0.2983
--ADE(4s): 0.1692	--FDE(4s): 0.2983
[2025-02-09 00:14:34] Epoch: 49		Loss: -0.111280	Loss Dist.: 0.082685	Loss Uncertainty: -0.193965
--ADE(1s): 0.1637	--FDE(1s): 0.2882
--ADE(2s): 0.1637	--FDE(2s): 0.2882
--ADE(3s): 0.1637	--FDE(3s): 0.2882
--ADE(4s): 0.1637	--FDE(4s): 0.2882

JOB STATISTICS
==============
Job ID: 9832198
Cluster: snellius
User/Group: scur2440/scur2440
State: COMPLETED (exit code 0)
Nodes: 1
Cores per node: 18
CPU Utilized: 00:44:59
CPU Efficiency: 5.66% of 13:14:24 core-walltime
Job Wall-clock time: 00:44:08
Memory Utilized: 3.06 GB
Memory Efficiency: 2.55% of 120.00 GB
