***************************************************************************************************** 
* WARNING: The 2022 software stack is deprecated. Please consider switching to
the latest 2024 * 
* software stack, or the older 2023 software stack. * 
* * 
* If you have any question, please contact us via
http://servicedesk.surfsara.nl. * 
***************************************************************************************************** 

Configuration:
description: LED
results_root_dir: results
dataset: kitti
dimensions: 2
past_frames: 15
future_frames: 24
min_past_frames: 15
min_future_frames: 24
k_preds: 24
traj_mean: [14, 7.5]
traj_scale: 5
relative: False
normalised: False
pretrained_core_denoising_model: ./results/checkpoints/base_diffusion_model.p
debug: False
diffusion: {'steps': 150, 'beta_start': 0.0001, 'beta_end': 0.05, 'beta_schedule': 'linear'}
lr: 0.005
train_batch_size: 32
test_batch_size: 32
num_epochs: 70
test_interval: 1
lr_scheduler: step
decay_step: 8
decay_gamma: 0.5

[INFO] KITTI dataset (1 agent).
[INFO] Now using random trajectory shuffling.

Train dataset:
Total x and y distances travelled: 12.81286, 13.54245
Euclidean dist diff avg: 22.01269

Test dataset:
Total x and y distances travelled: 12.71776, 13.71293
Euclidean dist diff avg: 22.10806

[INFO] Kitti dataset - skip subtracting mean from absolute positions.
[INFO] Training from scratch - without pretrained models (Not NBA with frame standard configs)

[Core Denoising Model] Trainable/Total: 6576400/6576400
[Initialization Model] Trainable/Total: 5004233/5004233
[2025-02-24 15:47:59] Epoch: 0		Loss: 22.718490	Loss Translation.: 20.433297	Loss Uncertainty: 2.285193
--ADE (5 time steps): 0.7572	--FDE (5 time steps): 0.7904
--ADE (10 time steps): 1.0715	--FDE (10 time steps): 1.1572
--ADE (15 time steps): 1.3683	--FDE (15 time steps): 1.8213
--ADE (20 time steps): 1.6784	--FDE (20 time steps): 2.5114
[2025-02-24 15:50:15] Epoch: 1		Loss: 13.645334	Loss Translation.: 12.100522	Loss Uncertainty: 1.544812
--ADE (5 time steps): 0.3182	--FDE (5 time steps): 0.3088
--ADE (10 time steps): 0.4998	--FDE (10 time steps): 0.6995
--ADE (15 time steps): 0.7085	--FDE (15 time steps): 1.1052
--ADE (20 time steps): 0.9475	--FDE (20 time steps): 1.6105
[2025-02-24 15:52:31] Epoch: 2		Loss: 10.624722	Loss Translation.: 9.346808	Loss Uncertainty: 1.277914
--ADE (5 time steps): 0.3388	--FDE (5 time steps): 0.3835
--ADE (10 time steps): 0.5252	--FDE (10 time steps): 0.7250
--ADE (15 time steps): 0.7606	--FDE (15 time steps): 1.2555
--ADE (20 time steps): 1.0261	--FDE (20 time steps): 1.5508
[2025-02-24 15:54:47] Epoch: 3		Loss: 9.162672	Loss Translation.: 8.063180	Loss Uncertainty: 1.099492
--ADE (5 time steps): 0.3624	--FDE (5 time steps): 0.3508
--ADE (10 time steps): 0.5055	--FDE (10 time steps): 0.6883
--ADE (15 time steps): 0.6825	--FDE (15 time steps): 1.0797
--ADE (20 time steps): 0.8864	--FDE (20 time steps): 1.4537
[2025-02-24 15:57:03] Epoch: 4		Loss: 8.757136	Loss Translation.: 7.767831	Loss Uncertainty: 0.989305
--ADE (5 time steps): 0.2519	--FDE (5 time steps): 0.2711
--ADE (10 time steps): 0.3875	--FDE (10 time steps): 0.5642
--ADE (15 time steps): 0.5768	--FDE (15 time steps): 0.9567
--ADE (20 time steps): 0.7612	--FDE (20 time steps): 1.2866
[2025-02-24 15:59:22] Epoch: 5		Loss: 8.093325	Loss Translation.: 7.202776	Loss Uncertainty: 0.890549
--ADE (5 time steps): 0.2846	--FDE (5 time steps): 0.3007
--ADE (10 time steps): 0.4275	--FDE (10 time steps): 0.6231
--ADE (15 time steps): 0.6071	--FDE (15 time steps): 1.0644
--ADE (20 time steps): 0.8141	--FDE (20 time steps): 1.4255
[2025-02-24 16:01:38] Epoch: 6		Loss: 7.728963	Loss Translation.: 6.887169	Loss Uncertainty: 0.841794
--ADE (5 time steps): 0.2520	--FDE (5 time steps): 0.2862
--ADE (10 time steps): 0.3992	--FDE (10 time steps): 0.6497
--ADE (15 time steps): 0.5895	--FDE (15 time steps): 1.0866
--ADE (20 time steps): 0.8146	--FDE (20 time steps): 1.5417
[2025-02-24 16:03:54] Epoch: 7		Loss: 7.460179	Loss Translation.: 6.666369	Loss Uncertainty: 0.793811
--ADE (5 time steps): 0.1875	--FDE (5 time steps): 0.2063
--ADE (10 time steps): 0.3183	--FDE (10 time steps): 0.4860
--ADE (15 time steps): 0.4819	--FDE (15 time steps): 0.8429
--ADE (20 time steps): 0.6557	--FDE (20 time steps): 1.1683
[2025-02-24 16:06:13] Epoch: 8		Loss: 5.772157	Loss Translation.: 5.120247	Loss Uncertainty: 0.651910
--ADE (5 time steps): 0.1441	--FDE (5 time steps): 0.1698
--ADE (10 time steps): 0.2456	--FDE (10 time steps): 0.3915
--ADE (15 time steps): 0.3683	--FDE (15 time steps): 0.6672
--ADE (20 time steps): 0.5151	--FDE (20 time steps): 0.9795
[2025-02-24 16:08:29] Epoch: 9		Loss: 5.603591	Loss Translation.: 4.975631	Loss Uncertainty: 0.627960
--ADE (5 time steps): 0.1466	--FDE (5 time steps): 0.1646
--ADE (10 time steps): 0.2467	--FDE (10 time steps): 0.3605
--ADE (15 time steps): 0.3530	--FDE (15 time steps): 0.6058
--ADE (20 time steps): 0.4897	--FDE (20 time steps): 0.9022
[2025-02-24 16:10:45] Epoch: 10		Loss: 5.255513	Loss Translation.: 4.658263	Loss Uncertainty: 0.597250
--ADE (5 time steps): 0.1470	--FDE (5 time steps): 0.1801
--ADE (10 time steps): 0.2503	--FDE (10 time steps): 0.4073
--ADE (15 time steps): 0.3808	--FDE (15 time steps): 0.6750
--ADE (20 time steps): 0.5291	--FDE (20 time steps): 1.0114
[2025-02-24 16:13:01] Epoch: 11		Loss: 5.097527	Loss Translation.: 4.515208	Loss Uncertainty: 0.582319
--ADE (5 time steps): 0.1315	--FDE (5 time steps): 0.1556
--ADE (10 time steps): 0.2229	--FDE (10 time steps): 0.3541
--ADE (15 time steps): 0.3316	--FDE (15 time steps): 0.6050
--ADE (20 time steps): 0.4654	--FDE (20 time steps): 0.9110
[2025-02-24 16:15:17] Epoch: 12		Loss: 4.909317	Loss Translation.: 4.349904	Loss Uncertainty: 0.559414
--ADE (5 time steps): 0.1240	--FDE (5 time steps): 0.1436
--ADE (10 time steps): 0.2060	--FDE (10 time steps): 0.3149
--ADE (15 time steps): 0.3065	--FDE (15 time steps): 0.5500
--ADE (20 time steps): 0.4275	--FDE (20 time steps): 0.8037
[2025-02-24 16:17:33] Epoch: 13		Loss: 4.826070	Loss Translation.: 4.275097	Loss Uncertainty: 0.550972
--ADE (5 time steps): 0.1231	--FDE (5 time steps): 0.1598
--ADE (10 time steps): 0.2155	--FDE (10 time steps): 0.3553
--ADE (15 time steps): 0.3321	--FDE (15 time steps): 0.6047
--ADE (20 time steps): 0.4688	--FDE (20 time steps): 0.8877
[2025-02-24 16:19:49] Epoch: 14		Loss: 4.750686	Loss Translation.: 4.204251	Loss Uncertainty: 0.546435
--ADE (5 time steps): 0.1418	--FDE (5 time steps): 0.1755
--ADE (10 time steps): 0.2398	--FDE (10 time steps): 0.3912
--ADE (15 time steps): 0.3579	--FDE (15 time steps): 0.6281
--ADE (20 time steps): 0.4870	--FDE (20 time steps): 0.8840
[2025-02-24 16:22:04] Epoch: 15		Loss: 4.663103	Loss Translation.: 4.127759	Loss Uncertainty: 0.535344
--ADE (5 time steps): 0.1257	--FDE (5 time steps): 0.1421
--ADE (10 time steps): 0.2017	--FDE (10 time steps): 0.3120
--ADE (15 time steps): 0.3043	--FDE (15 time steps): 0.5377
--ADE (20 time steps): 0.4236	--FDE (20 time steps): 0.7980
[2025-02-24 16:24:20] Epoch: 16		Loss: 3.842608	Loss Translation.: 3.381110	Loss Uncertainty: 0.461497
--ADE (5 time steps): 0.0891	--FDE (5 time steps): 0.1121
--ADE (10 time steps): 0.1538	--FDE (10 time steps): 0.2541
--ADE (15 time steps): 0.2351	--FDE (15 time steps): 0.4319
--ADE (20 time steps): 0.3329	--FDE (20 time steps): 0.6510
[2025-02-24 16:26:36] Epoch: 17		Loss: 3.619114	Loss Translation.: 3.178283	Loss Uncertainty: 0.440832
--ADE (5 time steps): 0.0911	--FDE (5 time steps): 0.1147
--ADE (10 time steps): 0.1625	--FDE (10 time steps): 0.2733
--ADE (15 time steps): 0.2511	--FDE (15 time steps): 0.4694
--ADE (20 time steps): 0.3552	--FDE (20 time steps): 0.6973
[2025-02-24 16:28:52] Epoch: 18		Loss: 3.510936	Loss Translation.: 3.082263	Loss Uncertainty: 0.428672
--ADE (5 time steps): 0.1095	--FDE (5 time steps): 0.1183
--ADE (10 time steps): 0.1655	--FDE (10 time steps): 0.2317
--ADE (15 time steps): 0.2351	--FDE (15 time steps): 0.3973
--ADE (20 time steps): 0.3213	--FDE (20 time steps): 0.6009
[2025-02-24 16:31:08] Epoch: 19		Loss: 3.402456	Loss Translation.: 2.990521	Loss Uncertainty: 0.411935
--ADE (5 time steps): 0.0897	--FDE (5 time steps): 0.1151
--ADE (10 time steps): 0.1556	--FDE (10 time steps): 0.2519
--ADE (15 time steps): 0.2425	--FDE (15 time steps): 0.4367
--ADE (20 time steps): 0.3365	--FDE (20 time steps): 0.6288
[2025-02-24 16:33:24] Epoch: 20		Loss: 3.324163	Loss Translation.: 2.918357	Loss Uncertainty: 0.405806
--ADE (5 time steps): 0.0836	--FDE (5 time steps): 0.1073
--ADE (10 time steps): 0.1474	--FDE (10 time steps): 0.2485
--ADE (15 time steps): 0.2244	--FDE (15 time steps): 0.4049
--ADE (20 time steps): 0.3119	--FDE (20 time steps): 0.5920
[2025-02-24 16:35:39] Epoch: 21		Loss: 3.227321	Loss Translation.: 2.829221	Loss Uncertainty: 0.398099
--ADE (5 time steps): 0.0871	--FDE (5 time steps): 0.1031
--ADE (10 time steps): 0.1405	--FDE (10 time steps): 0.2189
--ADE (15 time steps): 0.2099	--FDE (15 time steps): 0.3677
--ADE (20 time steps): 0.2923	--FDE (20 time steps): 0.5492
[2025-02-24 16:37:55] Epoch: 22		Loss: 3.170618	Loss Translation.: 2.782769	Loss Uncertainty: 0.387850
--ADE (5 time steps): 0.0973	--FDE (5 time steps): 0.1210
--ADE (10 time steps): 0.1576	--FDE (10 time steps): 0.2274
--ADE (15 time steps): 0.2266	--FDE (15 time steps): 0.3696
--ADE (20 time steps): 0.3060	--FDE (20 time steps): 0.5571
[2025-02-24 16:40:11] Epoch: 23		Loss: 3.155193	Loss Translation.: 2.770363	Loss Uncertainty: 0.384830
--ADE (5 time steps): 0.0821	--FDE (5 time steps): 0.1047
--ADE (10 time steps): 0.1397	--FDE (10 time steps): 0.2185
--ADE (15 time steps): 0.2093	--FDE (15 time steps): 0.3524
--ADE (20 time steps): 0.2870	--FDE (20 time steps): 0.5214
[2025-02-24 16:42:27] Epoch: 24		Loss: 2.681143	Loss Translation.: 2.331460	Loss Uncertainty: 0.349683
--ADE (5 time steps): 0.0710	--FDE (5 time steps): 0.0906
--ADE (10 time steps): 0.1215	--FDE (10 time steps): 0.1958
--ADE (15 time steps): 0.1833	--FDE (15 time steps): 0.3290
--ADE (20 time steps): 0.2570	--FDE (20 time steps): 0.4867
[2025-02-24 16:44:43] Epoch: 25		Loss: 2.588042	Loss Translation.: 2.250801	Loss Uncertainty: 0.337240
--ADE (5 time steps): 0.0696	--FDE (5 time steps): 0.0857
--ADE (10 time steps): 0.1149	--FDE (10 time steps): 0.1821
--ADE (15 time steps): 0.1714	--FDE (15 time steps): 0.3076
--ADE (20 time steps): 0.2405	--FDE (20 time steps): 0.4564
[2025-02-24 16:47:02] Epoch: 26		Loss: 2.535771	Loss Translation.: 2.205284	Loss Uncertainty: 0.330487
--ADE (5 time steps): 0.0694	--FDE (5 time steps): 0.0830
--ADE (10 time steps): 0.1166	--FDE (10 time steps): 0.1887
--ADE (15 time steps): 0.1774	--FDE (15 time steps): 0.3235
--ADE (20 time steps): 0.2504	--FDE (20 time steps): 0.4845
[2025-02-24 16:49:18] Epoch: 27		Loss: 2.467747	Loss Translation.: 2.144110	Loss Uncertainty: 0.323636
--ADE (5 time steps): 0.0651	--FDE (5 time steps): 0.0811
--ADE (10 time steps): 0.1102	--FDE (10 time steps): 0.1730
--ADE (15 time steps): 0.1643	--FDE (15 time steps): 0.2928
--ADE (20 time steps): 0.2319	--FDE (20 time steps): 0.4406
[2025-02-24 16:51:34] Epoch: 28		Loss: 2.431437	Loss Translation.: 2.113830	Loss Uncertainty: 0.317607
--ADE (5 time steps): 0.0675	--FDE (5 time steps): 0.0799
--ADE (10 time steps): 0.1101	--FDE (10 time steps): 0.1690
--ADE (15 time steps): 0.1624	--FDE (15 time steps): 0.2864
--ADE (20 time steps): 0.2271	--FDE (20 time steps): 0.4343
[2025-02-24 16:53:49] Epoch: 29		Loss: 2.373464	Loss Translation.: 2.061685	Loss Uncertainty: 0.311779
--ADE (5 time steps): 0.0713	--FDE (5 time steps): 0.0851
--ADE (10 time steps): 0.1144	--FDE (10 time steps): 0.1723
--ADE (15 time steps): 0.1662	--FDE (15 time steps): 0.2850
--ADE (20 time steps): 0.2294	--FDE (20 time steps): 0.4283
