***************************************************************************************************** 
* WARNING: The 2022 software stack is deprecated. Please consider switching to
the latest 2024 * 
* software stack, or the older 2023 software stack. * 
* * 
* If you have any question, please contact us via
http://servicedesk.surfsara.nl. * 
***************************************************************************************************** 

Configuration:
description: LED
results_root_dir: results
dataset: kitti
dimensions: 6
past_frames: 15
future_frames: 24
min_past_frames: 15
min_future_frames: 24
k_preds: 24
traj_mean: [14, 7.5]
traj_scale: 5
pretrained_core_denoising_model: ./results/checkpoints/base_diffusion_model.p
debug: False
diffusion: {'steps': 150, 'beta_start': 0.0001, 'beta_end': 0.05, 'beta_schedule': 'linear'}
lr: 0.005
train_batch_size: 32
test_batch_size: 32
num_epochs: 60
test_interval: 1
lr_scheduler: step
decay_step: 8
decay_gamma: 0.7

[INFO] Loading 6D Translation and Rotation (Lie Algebra) Data
KITTI dataset (1 agent).
[INFO] Kitti dataset - skip subtracting mean from absolute positions.
[INFO] Training from scratch - without pretrained models (Not NBA with frame standard configs)

[Core Denoising Model] Trainable/Total: 6627120/6627120
[Initialization Model] Trainable/Total: 7427753/7427753
[2025-02-16 17:41:13] Epoch: 0		Loss: 2223.730299	Loss Translation.: 0.481754	Loss Rotation.: 0.190053	Combined Loss Dist.: 35.183648	Loss Uncertainty: 2188.546658
--ADE (5 time steps): 0.8232	--FDE (5 time steps): 0.9667
--ADE (10 time steps): 1.2353	--FDE (10 time steps): 1.7203
--ADE (15 time steps): 1.7049	--FDE (15 time steps): 2.6244
--ADE (20 time steps): 2.2394	--FDE (20 time steps): 3.7056
[2025-02-16 17:43:18] Epoch: 1		Loss: 22.166491	Loss Translation.: 0.265611	Loss Rotation.: 0.110846	Combined Loss Dist.: 19.965402	Loss Uncertainty: 2.201090
--ADE (5 time steps): 0.6157	--FDE (5 time steps): 0.6478
--ADE (10 time steps): 0.9405	--FDE (10 time steps): 1.3877
--ADE (15 time steps): 1.3365	--FDE (15 time steps): 2.3858
--ADE (20 time steps): 1.7988	--FDE (20 time steps): 3.3467
[2025-02-16 17:45:22] Epoch: 2		Loss: 19.282212	Loss Translation.: 0.228313	Loss Rotation.: 0.093632	Combined Loss Dist.: 17.307798	Loss Uncertainty: 1.974414
--ADE (5 time steps): 0.9139	--FDE (5 time steps): 1.0950
--ADE (10 time steps): 1.3462	--FDE (10 time steps): 2.0115
--ADE (15 time steps): 1.8569	--FDE (15 time steps): 2.8919
--ADE (20 time steps): 2.3805	--FDE (20 time steps): 3.8466
[2025-02-16 17:47:27] Epoch: 3		Loss: 17.764608	Loss Translation.: 0.214745	Loss Rotation.: 0.083728	Combined Loss Dist.: 15.987393	Loss Uncertainty: 1.777215
--ADE (5 time steps): 0.6751	--FDE (5 time steps): 0.8120
--ADE (10 time steps): 1.0836	--FDE (10 time steps): 1.8211
--ADE (15 time steps): 1.5829	--FDE (15 time steps): 2.6953
--ADE (20 time steps): 2.1237	--FDE (20 time steps): 3.9694
[2025-02-16 17:49:32] Epoch: 4		Loss: 16.486938	Loss Translation.: 0.197710	Loss Rotation.: 0.078019	Combined Loss Dist.: 14.873477	Loss Uncertainty: 1.613461
--ADE (5 time steps): 0.6431	--FDE (5 time steps): 0.8825
--ADE (10 time steps): 1.0778	--FDE (10 time steps): 1.6791
--ADE (15 time steps): 1.5359	--FDE (15 time steps): 2.7287
--ADE (20 time steps): 2.0436	--FDE (20 time steps): 3.8833
[2025-02-16 17:51:37] Epoch: 5		Loss: 15.609108	Loss Translation.: 0.186840	Loss Rotation.: 0.074230	Combined Loss Dist.: 14.113068	Loss Uncertainty: 1.496040
--ADE (5 time steps): 0.6789	--FDE (5 time steps): 0.7931
--ADE (10 time steps): 1.0181	--FDE (10 time steps): 1.6183
--ADE (15 time steps): 1.4481	--FDE (15 time steps): 2.6342
--ADE (20 time steps): 1.9282	--FDE (20 time steps): 3.6409
[2025-02-16 17:53:42] Epoch: 6		Loss: 14.289655	Loss Translation.: 0.171840	Loss Rotation.: 0.067068	Combined Loss Dist.: 12.896196	Loss Uncertainty: 1.393460
--ADE (5 time steps): 0.5880	--FDE (5 time steps): 0.8455
--ADE (10 time steps): 1.0539	--FDE (10 time steps): 1.8240
--ADE (15 time steps): 1.5666	--FDE (15 time steps): 2.9251
--ADE (20 time steps): 2.1141	--FDE (20 time steps): 3.9749
[2025-02-16 17:55:47] Epoch: 7		Loss: 14.297904	Loss Translation.: 0.173069	Loss Rotation.: 0.066412	Combined Loss Dist.: 12.967087	Loss Uncertainty: 1.330816
--ADE (5 time steps): 0.6095	--FDE (5 time steps): 0.8289
--ADE (10 time steps): 1.0497	--FDE (10 time steps): 1.8222
--ADE (15 time steps): 1.5519	--FDE (15 time steps): 2.9644
--ADE (20 time steps): 2.1150	--FDE (20 time steps): 4.1193
[2025-02-16 17:57:52] Epoch: 8		Loss: 11.734664	Loss Translation.: 0.142194	Loss Rotation.: 0.053379	Combined Loss Dist.: 10.496492	Loss Uncertainty: 1.238173
--ADE (5 time steps): 0.5828	--FDE (5 time steps): 0.8304
--ADE (10 time steps): 1.0205	--FDE (10 time steps): 1.7808
--ADE (15 time steps): 1.5388	--FDE (15 time steps): 3.0055
--ADE (20 time steps): 2.1161	--FDE (20 time steps): 4.0611
[2025-02-16 17:59:56] Epoch: 9		Loss: 11.156828	Loss Translation.: 0.134085	Loss Rotation.: 0.050912	Combined Loss Dist.: 9.968390	Loss Uncertainty: 1.188438
--ADE (5 time steps): 0.5968	--FDE (5 time steps): 0.7865
--ADE (10 time steps): 0.9624	--FDE (10 time steps): 1.6108
--ADE (15 time steps): 1.3929	--FDE (15 time steps): 2.5755
--ADE (20 time steps): 1.8695	--FDE (20 time steps): 3.6068
[2025-02-16 18:02:01] Epoch: 10		Loss: 10.659130	Loss Translation.: 0.127035	Loss Rotation.: 0.048920	Combined Loss Dist.: 9.511499	Loss Uncertainty: 1.147632
--ADE (5 time steps): 0.5170	--FDE (5 time steps): 0.6359
--ADE (10 time steps): 0.8737	--FDE (10 time steps): 1.5016
--ADE (15 time steps): 1.3141	--FDE (15 time steps): 2.4585
--ADE (20 time steps): 1.8040	--FDE (20 time steps): 3.4332
[2025-02-16 18:04:06] Epoch: 11		Loss: 10.540673	Loss Translation.: 0.127206	Loss Rotation.: 0.046987	Combined Loss Dist.: 9.416504	Loss Uncertainty: 1.124170
--ADE (5 time steps): 0.5862	--FDE (5 time steps): 0.7675
--ADE (10 time steps): 0.9791	--FDE (10 time steps): 1.6194
--ADE (15 time steps): 1.4220	--FDE (15 time steps): 2.6156
--ADE (20 time steps): 1.9121	--FDE (20 time steps): 3.5791
[2025-02-16 18:06:11] Epoch: 12		Loss: 10.174607	Loss Translation.: 0.122947	Loss Rotation.: 0.042803	Combined Loss Dist.: 9.069395	Loss Uncertainty: 1.105212
--ADE (5 time steps): 0.6849	--FDE (5 time steps): 0.9104
--ADE (10 time steps): 1.0983	--FDE (10 time steps): 1.8429
--ADE (15 time steps): 1.5839	--FDE (15 time steps): 2.9368
--ADE (20 time steps): 2.1224	--FDE (20 time steps): 4.0463
[2025-02-16 18:08:16] Epoch: 13		Loss: 9.929348	Loss Translation.: 0.120057	Loss Rotation.: 0.041829	Combined Loss Dist.: 8.847320	Loss Uncertainty: 1.082028
--ADE (5 time steps): 0.6324	--FDE (5 time steps): 0.8553
--ADE (10 time steps): 1.0071	--FDE (10 time steps): 1.6739
--ADE (15 time steps): 1.4492	--FDE (15 time steps): 2.6755
--ADE (20 time steps): 1.9538	--FDE (20 time steps): 3.8005
[2025-02-16 18:10:21] Epoch: 14		Loss: 9.621012	Loss Translation.: 0.114831	Loss Rotation.: 0.041564	Combined Loss Dist.: 8.574175	Loss Uncertainty: 1.046836
--ADE (5 time steps): 0.6071	--FDE (5 time steps): 0.8419
--ADE (10 time steps): 1.0023	--FDE (10 time steps): 1.6840
--ADE (15 time steps): 1.4447	--FDE (15 time steps): 2.6814
--ADE (20 time steps): 1.9436	--FDE (20 time steps): 3.8063
[2025-02-16 18:12:26] Epoch: 15		Loss: 9.562579	Loss Translation.: 0.115062	Loss Rotation.: 0.040714	Combined Loss Dist.: 8.533198	Loss Uncertainty: 1.029381
--ADE (5 time steps): 0.6028	--FDE (5 time steps): 0.8593
--ADE (10 time steps): 1.0627	--FDE (10 time steps): 1.9130
--ADE (15 time steps): 1.6112	--FDE (15 time steps): 3.1285
--ADE (20 time steps): 2.2055	--FDE (20 time steps): 4.4459
[2025-02-16 18:14:31] Epoch: 16		Loss: 8.082959	Loss Translation.: 0.096635	Loss Rotation.: 0.033931	Combined Loss Dist.: 7.106724	Loss Uncertainty: 0.976234
--ADE (5 time steps): 0.5335	--FDE (5 time steps): 0.7183
--ADE (10 time steps): 0.8876	--FDE (10 time steps): 1.5309
--ADE (15 time steps): 1.3142	--FDE (15 time steps): 2.5048
--ADE (20 time steps): 1.8056	--FDE (20 time steps): 3.6552
[2025-02-16 18:16:36] Epoch: 17		Loss: 7.669638	Loss Translation.: 0.090926	Loss Rotation.: 0.032406	Combined Loss Dist.: 6.719070	Loss Uncertainty: 0.950568
--ADE (5 time steps): 0.5807	--FDE (5 time steps): 0.7935
--ADE (10 time steps): 0.9757	--FDE (10 time steps): 1.7011
--ADE (15 time steps): 1.4551	--FDE (15 time steps): 2.7878
--ADE (20 time steps): 1.9921	--FDE (20 time steps): 4.0405
[2025-02-16 18:18:41] Epoch: 18		Loss: 7.581914	Loss Translation.: 0.089650	Loss Rotation.: 0.032431	Combined Loss Dist.: 6.644010	Loss Uncertainty: 0.937903
--ADE (5 time steps): 0.5925	--FDE (5 time steps): 0.7988
--ADE (10 time steps): 0.9674	--FDE (10 time steps): 1.6521
--ADE (15 time steps): 1.4050	--FDE (15 time steps): 2.6148
--ADE (20 time steps): 1.8871	--FDE (20 time steps): 3.7053
[2025-02-16 18:20:46] Epoch: 19		Loss: 7.358783	Loss Translation.: 0.087092	Loss Rotation.: 0.031141	Combined Loss Dist.: 6.442236	Loss Uncertainty: 0.916547
--ADE (5 time steps): 0.5883	--FDE (5 time steps): 0.8045
--ADE (10 time steps): 0.9871	--FDE (10 time steps): 1.7115
--ADE (15 time steps): 1.4558	--FDE (15 time steps): 2.7503
--ADE (20 time steps): 1.9826	--FDE (20 time steps): 3.9877
[2025-02-16 18:22:51] Epoch: 20		Loss: 7.283229	Loss Translation.: 0.086044	Loss Rotation.: 0.031178	Combined Loss Dist.: 6.374571	Loss Uncertainty: 0.908658
--ADE (5 time steps): 0.5819	--FDE (5 time steps): 0.7845
--ADE (10 time steps): 0.9595	--FDE (10 time steps): 1.6421
--ADE (15 time steps): 1.4003	--FDE (15 time steps): 2.6174
--ADE (20 time steps): 1.9007	--FDE (20 time steps): 3.8024
[2025-02-16 18:24:55] Epoch: 21		Loss: 7.195117	Loss Translation.: 0.085241	Loss Rotation.: 0.030433	Combined Loss Dist.: 6.302188	Loss Uncertainty: 0.892929
--ADE (5 time steps): 0.5615	--FDE (5 time steps): 0.7646
--ADE (10 time steps): 0.9190	--FDE (10 time steps): 1.5626
--ADE (15 time steps): 1.3424	--FDE (15 time steps): 2.4595
--ADE (20 time steps): 1.8229	--FDE (20 time steps): 3.6344
[2025-02-16 18:27:00] Epoch: 22		Loss: 6.935892	Loss Translation.: 0.081251	Loss Rotation.: 0.029792	Combined Loss Dist.: 6.059322	Loss Uncertainty: 0.876570
--ADE (5 time steps): 0.6427	--FDE (5 time steps): 0.8422
--ADE (10 time steps): 1.0322	--FDE (10 time steps): 1.7466
--ADE (15 time steps): 1.4994	--FDE (15 time steps): 2.7316
--ADE (20 time steps): 2.0374	--FDE (20 time steps): 4.0962
[2025-02-16 18:29:06] Epoch: 23		Loss: 6.987667	Loss Translation.: 0.082304	Loss Rotation.: 0.029777	Combined Loss Dist.: 6.117267	Loss Uncertainty: 0.870400
--ADE (5 time steps): 0.5509	--FDE (5 time steps): 0.7452
--ADE (10 time steps): 0.9027	--FDE (10 time steps): 1.5437
--ADE (15 time steps): 1.3295	--FDE (15 time steps): 2.4497
--ADE (20 time steps): 1.8159	--FDE (20 time steps): 3.6565
[2025-02-16 18:31:11] Epoch: 24		Loss: 6.075538	Loss Translation.: 0.070948	Loss Rotation.: 0.025849	Combined Loss Dist.: 5.236620	Loss Uncertainty: 0.838918
--ADE (5 time steps): 0.6319	--FDE (5 time steps): 0.8754
--ADE (10 time steps): 1.0359	--FDE (10 time steps): 1.7910
--ADE (15 time steps): 1.5184	--FDE (15 time steps): 2.8359
--ADE (20 time steps): 2.0719	--FDE (20 time steps): 4.1826
[2025-02-16 18:33:16] Epoch: 25		Loss: 6.061374	Loss Translation.: 0.070196	Loss Rotation.: 0.026328	Combined Loss Dist.: 5.229324	Loss Uncertainty: 0.832049
--ADE (5 time steps): 0.6380	--FDE (5 time steps): 0.8856
--ADE (10 time steps): 1.0420	--FDE (10 time steps): 1.7786
--ADE (15 time steps): 1.5152	--FDE (15 time steps): 2.8084
--ADE (20 time steps): 2.0538	--FDE (20 time steps): 4.1039
[2025-02-16 18:35:21] Epoch: 26		Loss: 5.880742	Loss Translation.: 0.067833	Loss Rotation.: 0.025345	Combined Loss Dist.: 5.057036	Loss Uncertainty: 0.823706
--ADE (5 time steps): 0.6500	--FDE (5 time steps): 0.9178
--ADE (10 time steps): 1.0722	--FDE (10 time steps): 1.8415
--ADE (15 time steps): 1.5562	--FDE (15 time steps): 2.9089
--ADE (20 time steps): 2.1015	--FDE (20 time steps): 4.1687
[2025-02-16 18:37:26] Epoch: 27		Loss: 5.820301	Loss Translation.: 0.066995	Loss Rotation.: 0.025336	Combined Loss Dist.: 5.007960	Loss Uncertainty: 0.812341
--ADE (5 time steps): 0.6356	--FDE (5 time steps): 0.8696
--ADE (10 time steps): 1.0366	--FDE (10 time steps): 1.7671
--ADE (15 time steps): 1.5093	--FDE (15 time steps): 2.8494
--ADE (20 time steps): 2.0477	--FDE (20 time steps): 4.0799
[2025-02-16 18:39:30] Epoch: 28		Loss: 5.694577	Loss Translation.: 0.065772	Loss Rotation.: 0.024217	Combined Loss Dist.: 4.889784	Loss Uncertainty: 0.804793
--ADE (5 time steps): 0.6311	--FDE (5 time steps): 0.8696
--ADE (10 time steps): 1.0311	--FDE (10 time steps): 1.7774
--ADE (15 time steps): 1.5115	--FDE (15 time steps): 2.8600
--ADE (20 time steps): 2.0489	--FDE (20 time steps): 4.0619
[2025-02-16 18:41:36] Epoch: 29		Loss: 5.712364	Loss Translation.: 0.064795	Loss Rotation.: 0.025217	Combined Loss Dist.: 4.913650	Loss Uncertainty: 0.798714
--ADE (5 time steps): 0.6197	--FDE (5 time steps): 0.8598
--ADE (10 time steps): 1.0286	--FDE (10 time steps): 1.7840
--ADE (15 time steps): 1.5140	--FDE (15 time steps): 2.8769
--ADE (20 time steps): 2.0574	--FDE (20 time steps): 4.1161
[2025-02-16 18:43:41] Epoch: 30		Loss: 5.694251	Loss Translation.: 0.065507	Loss Rotation.: 0.024516	Combined Loss Dist.: 4.899454	Loss Uncertainty: 0.794797
--ADE (5 time steps): 0.6416	--FDE (5 time steps): 0.8927
--ADE (10 time steps): 1.0348	--FDE (10 time steps): 1.7517
--ADE (15 time steps): 1.4933	--FDE (15 time steps): 2.7993
--ADE (20 time steps): 2.0148	--FDE (20 time steps): 3.9956
[2025-02-16 18:45:46] Epoch: 31		Loss: 5.503818	Loss Translation.: 0.062299	Loss Rotation.: 0.024423	Combined Loss Dist.: 4.725350	Loss Uncertainty: 0.778469
--ADE (5 time steps): 0.5999	--FDE (5 time steps): 0.8376
--ADE (10 time steps): 1.0060	--FDE (10 time steps): 1.7698
--ADE (15 time steps): 1.4986	--FDE (15 time steps): 2.8862
--ADE (20 time steps): 2.0549	--FDE (20 time steps): 4.1631
[2025-02-16 18:47:51] Epoch: 32		Loss: 5.000813	Loss Translation.: 0.056177	Loss Rotation.: 0.022024	Combined Loss Dist.: 4.238706	Loss Uncertainty: 0.762107
--ADE (5 time steps): 0.6252	--FDE (5 time steps): 0.8608
--ADE (10 time steps): 1.0152	--FDE (10 time steps): 1.7470
--ADE (15 time steps): 1.4842	--FDE (15 time steps): 2.8113
--ADE (20 time steps): 2.0155	--FDE (20 time steps): 4.0271
[2025-02-16 18:49:56] Epoch: 33		Loss: 4.846616	Loss Translation.: 0.053922	Loss Rotation.: 0.021573	Combined Loss Dist.: 4.094237	Loss Uncertainty: 0.752379
--ADE (5 time steps): 0.5891	--FDE (5 time steps): 0.8254
--ADE (10 time steps): 0.9841	--FDE (10 time steps): 1.7229
--ADE (15 time steps): 1.4607	--FDE (15 time steps): 2.7971
--ADE (20 time steps): 1.9959	--FDE (20 time steps): 4.0109
[2025-02-16 18:52:01] Epoch: 34		Loss: 4.818257	Loss Translation.: 0.053657	Loss Rotation.: 0.021464	Combined Loss Dist.: 4.072321	Loss Uncertainty: 0.745936
--ADE (5 time steps): 0.6148	--FDE (5 time steps): 0.8710
--ADE (10 time steps): 1.0271	--FDE (10 time steps): 1.7899
--ADE (15 time steps): 1.5187	--FDE (15 time steps): 2.9151
--ADE (20 time steps): 2.0759	--FDE (20 time steps): 4.1950
[2025-02-16 18:54:05] Epoch: 35		Loss: 4.736052	Loss Translation.: 0.052638	Loss Rotation.: 0.021078	Combined Loss Dist.: 3.998222	Loss Uncertainty: 0.737830
--ADE (5 time steps): 0.6342	--FDE (5 time steps): 0.8827
--ADE (10 time steps): 1.0511	--FDE (10 time steps): 1.8296
--ADE (15 time steps): 1.5510	--FDE (15 time steps): 2.9686
--ADE (20 time steps): 2.1184	--FDE (20 time steps): 4.2587
[2025-02-16 18:56:10] Epoch: 36		Loss: 4.728933	Loss Translation.: 0.052311	Loss Rotation.: 0.021359	Combined Loss Dist.: 3.995031	Loss Uncertainty: 0.733902
--ADE (5 time steps): 0.6241	--FDE (5 time steps): 0.8868
--ADE (10 time steps): 1.0524	--FDE (10 time steps): 1.8484
--ADE (15 time steps): 1.5582	--FDE (15 time steps): 2.9901
--ADE (20 time steps): 2.1243	--FDE (20 time steps): 4.2918
[2025-02-16 18:58:15] Epoch: 37		Loss: 4.612639	Loss Translation.: 0.050705	Loss Rotation.: 0.021036	Combined Loss Dist.: 3.885458	Loss Uncertainty: 0.727181
--ADE (5 time steps): 0.6302	--FDE (5 time steps): 0.8847
--ADE (10 time steps): 1.0453	--FDE (10 time steps): 1.8178
--ADE (15 time steps): 1.5401	--FDE (15 time steps): 2.9339
--ADE (20 time steps): 2.0962	--FDE (20 time steps): 4.2031
[2025-02-16 19:00:20] Epoch: 38		Loss: 4.637123	Loss Translation.: 0.051194	Loss Rotation.: 0.020750	Combined Loss Dist.: 3.912376	Loss Uncertainty: 0.724748
--ADE (5 time steps): 0.5932	--FDE (5 time steps): 0.8351
--ADE (10 time steps): 0.9925	--FDE (10 time steps): 1.7405
--ADE (15 time steps): 1.4726	--FDE (15 time steps): 2.8177
--ADE (20 time steps): 2.0071	--FDE (20 time steps): 4.0392
[2025-02-16 19:02:25] Epoch: 39		Loss: 4.619431	Loss Translation.: 0.050621	Loss Rotation.: 0.020971	Combined Loss Dist.: 3.898926	Loss Uncertainty: 0.720505
--ADE (5 time steps): 0.5949	--FDE (5 time steps): 0.8218
--ADE (10 time steps): 0.9884	--FDE (10 time steps): 1.7287
--ADE (15 time steps): 1.4635	--FDE (15 time steps): 2.8163
--ADE (20 time steps): 2.0020	--FDE (20 time steps): 4.0474
[2025-02-16 19:04:30] Epoch: 40		Loss: 4.218280	Loss Translation.: 0.045705	Loss Rotation.: 0.019232	Combined Loss Dist.: 3.510898	Loss Uncertainty: 0.707382
--ADE (5 time steps): 0.6200	--FDE (5 time steps): 0.8663
--ADE (10 time steps): 1.0290	--FDE (10 time steps): 1.8053
--ADE (15 time steps): 1.5264	--FDE (15 time steps): 2.9342
--ADE (20 time steps): 2.0875	--FDE (20 time steps): 4.2145
[2025-02-16 19:06:35] Epoch: 41		Loss: 4.168969	Loss Translation.: 0.045140	Loss Rotation.: 0.019001	Combined Loss Dist.: 3.465774	Loss Uncertainty: 0.703195
--ADE (5 time steps): 0.6358	--FDE (5 time steps): 0.8779
--ADE (10 time steps): 1.0332	--FDE (10 time steps): 1.7846
--ADE (15 time steps): 1.5213	--FDE (15 time steps): 2.9060
--ADE (20 time steps): 2.0755	--FDE (20 time steps): 4.1746
[2025-02-16 19:08:40] Epoch: 42		Loss: 4.109772	Loss Translation.: 0.044321	Loss Rotation.: 0.018920	Combined Loss Dist.: 3.412255	Loss Uncertainty: 0.697516
--ADE (5 time steps): 0.6211	--FDE (5 time steps): 0.8644
--ADE (10 time steps): 1.0253	--FDE (10 time steps): 1.7881
--ADE (15 time steps): 1.5184	--FDE (15 time steps): 2.9224
--ADE (20 time steps): 2.0806	--FDE (20 time steps): 4.2081
[2025-02-16 19:10:45] Epoch: 43		Loss: 4.079604	Loss Translation.: 0.043727	Loss Rotation.: 0.018828	Combined Loss Dist.: 3.385935	Loss Uncertainty: 0.693669
--ADE (5 time steps): 0.6294	--FDE (5 time steps): 0.8800
--ADE (10 time steps): 1.0415	--FDE (10 time steps): 1.8196
--ADE (15 time steps): 1.5428	--FDE (15 time steps): 2.9626
--ADE (20 time steps): 2.1094	--FDE (20 time steps): 4.2516
[2025-02-16 19:12:50] Epoch: 44		Loss: 4.048627	Loss Translation.: 0.043314	Loss Rotation.: 0.018819	Combined Loss Dist.: 3.358816	Loss Uncertainty: 0.689811
--ADE (5 time steps): 0.6434	--FDE (5 time steps): 0.9054
--ADE (10 time steps): 1.0671	--FDE (10 time steps): 1.8670
--ADE (15 time steps): 1.5795	--FDE (15 time steps): 3.0344
--ADE (20 time steps): 2.1559	--FDE (20 time steps): 4.3602
[2025-02-16 19:14:55] Epoch: 45		Loss: 3.991978	Loss Translation.: 0.042480	Loss Rotation.: 0.018627	Combined Loss Dist.: 3.306071	Loss Uncertainty: 0.685907
--ADE (5 time steps): 0.6456	--FDE (5 time steps): 0.9133
--ADE (10 time steps): 1.0769	--FDE (10 time steps): 1.8901
--ADE (15 time steps): 1.5984	--FDE (15 time steps): 3.0832
--ADE (20 time steps): 2.1882	--FDE (20 time steps): 4.4406
[2025-02-16 19:17:00] Epoch: 46		Loss: 4.005070	Loss Translation.: 0.042771	Loss Rotation.: 0.018679	Combined Loss Dist.: 3.321477	Loss Uncertainty: 0.683594
--ADE (5 time steps): 0.6438	--FDE (5 time steps): 0.9101
--ADE (10 time steps): 1.0714	--FDE (10 time steps): 1.8745
--ADE (15 time steps): 1.5856	--FDE (15 time steps): 3.0458
--ADE (20 time steps): 2.1643	--FDE (20 time steps): 4.3656
[2025-02-16 19:19:06] Epoch: 47		Loss: 3.993526	Loss Translation.: 0.042558	Loss Rotation.: 0.018571	Combined Loss Dist.: 3.312910	Loss Uncertainty: 0.680617
--ADE (5 time steps): 0.6205	--FDE (5 time steps): 0.8780
--ADE (10 time steps): 1.0429	--FDE (10 time steps): 1.8491
--ADE (15 time steps): 1.5620	--FDE (15 time steps): 3.0333
--ADE (20 time steps): 2.1460	--FDE (20 time steps): 4.3574
[2025-02-16 19:21:11] Epoch: 48		Loss: 3.696989	Loss Translation.: 0.038765	Loss Rotation.: 0.017497	Combined Loss Dist.: 3.027465	Loss Uncertainty: 0.669523
--ADE (5 time steps): 0.6132	--FDE (5 time steps): 0.8591
--ADE (10 time steps): 1.0219	--FDE (10 time steps): 1.8010
--ADE (15 time steps): 1.5263	--FDE (15 time steps): 2.9591
--ADE (20 time steps): 2.0961	--FDE (20 time steps): 4.2590
[2025-02-16 19:23:16] Epoch: 49		Loss: 3.651034	Loss Translation.: 0.038159	Loss Rotation.: 0.017314	Combined Loss Dist.: 2.986330	Loss Uncertainty: 0.664704
--ADE (5 time steps): 0.6264	--FDE (5 time steps): 0.8760
--ADE (10 time steps): 1.0401	--FDE (10 time steps): 1.8264
--ADE (15 time steps): 1.5482	--FDE (15 time steps): 2.9815
--ADE (20 time steps): 2.1181	--FDE (20 time steps): 4.2952
[2025-02-16 19:25:21] Epoch: 50		Loss: 3.625327	Loss Translation.: 0.037794	Loss Rotation.: 0.017314	Combined Loss Dist.: 2.963305	Loss Uncertainty: 0.662022
--ADE (5 time steps): 0.6209	--FDE (5 time steps): 0.8688
--ADE (10 time steps): 1.0314	--FDE (10 time steps): 1.8128
--ADE (15 time steps): 1.5383	--FDE (15 time steps): 2.9723
--ADE (20 time steps): 2.1095	--FDE (20 time steps): 4.2812
[2025-02-16 19:27:26] Epoch: 51		Loss: 3.617078	Loss Translation.: 0.037658	Loss Rotation.: 0.017389	Combined Loss Dist.: 2.957412	Loss Uncertainty: 0.659666
--ADE (5 time steps): 0.6197	--FDE (5 time steps): 0.8709
--ADE (10 time steps): 1.0352	--FDE (10 time steps): 1.8251
--ADE (15 time steps): 1.5466	--FDE (15 time steps): 2.9976
--ADE (20 time steps): 2.1239	--FDE (20 time steps): 4.3195
[2025-02-16 19:29:31] Epoch: 52		Loss: 3.545123	Loss Translation.: 0.036708	Loss Rotation.: 0.017094	Combined Loss Dist.: 2.889928	Loss Uncertainty: 0.655195
--ADE (5 time steps): 0.6218	--FDE (5 time steps): 0.8801
--ADE (10 time steps): 1.0448	--FDE (10 time steps): 1.8441
--ADE (15 time steps): 1.5610	--FDE (15 time steps): 3.0293
--ADE (20 time steps): 2.1466	--FDE (20 time steps): 4.3834
[2025-02-16 19:31:37] Epoch: 53		Loss: 3.557824	Loss Translation.: 0.036826	Loss Rotation.: 0.017191	Combined Loss Dist.: 2.904890	Loss Uncertainty: 0.652934
--ADE (5 time steps): 0.6307	--FDE (5 time steps): 0.8879
--ADE (10 time steps): 1.0551	--FDE (10 time steps): 1.8614
--ADE (15 time steps): 1.5756	--FDE (15 time steps): 3.0506
--ADE (20 time steps): 2.1626	--FDE (20 time steps): 4.3958
[2025-02-16 19:33:42] Epoch: 54		Loss: 3.557733	Loss Translation.: 0.036874	Loss Rotation.: 0.017133	Combined Loss Dist.: 2.907140	Loss Uncertainty: 0.650593
--ADE (5 time steps): 0.6344	--FDE (5 time steps): 0.8929
--ADE (10 time steps): 1.0602	--FDE (10 time steps): 1.8714
--ADE (15 time steps): 1.5847	--FDE (15 time steps): 3.0731
--ADE (20 time steps): 2.1787	--FDE (20 time steps): 4.4388
[2025-02-16 19:35:47] Epoch: 55		Loss: 3.533834	Loss Translation.: 0.036344	Loss Rotation.: 0.017239	Combined Loss Dist.: 2.885388	Loss Uncertainty: 0.648446
--ADE (5 time steps): 0.6234	--FDE (5 time steps): 0.8809
--ADE (10 time steps): 1.0470	--FDE (10 time steps): 1.8509
--ADE (15 time steps): 1.5673	--FDE (15 time steps): 3.0455
--ADE (20 time steps): 2.1551	--FDE (20 time steps): 4.3925
[2025-02-16 19:37:53] Epoch: 56		Loss: 3.369239	Loss Translation.: 0.034410	Loss Rotation.: 0.016477	Combined Loss Dist.: 2.726275	Loss Uncertainty: 0.642965
--ADE (5 time steps): 0.6322	--FDE (5 time steps): 0.8831
--ADE (10 time steps): 1.0496	--FDE (10 time steps): 1.8415
--ADE (15 time steps): 1.5648	--FDE (15 time steps): 3.0273
--ADE (20 time steps): 2.1484	--FDE (20 time steps): 4.3703
[2025-02-16 19:39:58] Epoch: 57		Loss: 3.307088	Loss Translation.: 0.033581	Loss Rotation.: 0.016218	Combined Loss Dist.: 2.667754	Loss Uncertainty: 0.639334
--ADE (5 time steps): 0.6122	--FDE (5 time steps): 0.8625
--ADE (10 time steps): 1.0276	--FDE (10 time steps): 1.8156
--ADE (15 time steps): 1.5388	--FDE (15 time steps): 2.9900
--ADE (20 time steps): 2.1179	--FDE (20 time steps): 4.3232
[2025-02-16 19:42:03] Epoch: 58		Loss: 3.308351	Loss Translation.: 0.033658	Loss Rotation.: 0.016254	Combined Loss Dist.: 2.669806	Loss Uncertainty: 0.638545
--ADE (5 time steps): 0.6200	--FDE (5 time steps): 0.8715
--ADE (10 time steps): 1.0376	--FDE (10 time steps): 1.8294
--ADE (15 time steps): 1.5502	--FDE (15 time steps): 3.0074
--ADE (20 time steps): 2.1316	--FDE (20 time steps): 4.3463
[2025-02-16 19:44:08] Epoch: 59		Loss: 3.281265	Loss Translation.: 0.033191	Loss Rotation.: 0.016239	Combined Loss Dist.: 2.645315	Loss Uncertainty: 0.635951
--ADE (5 time steps): 0.6296	--FDE (5 time steps): 0.8874
--ADE (10 time steps): 1.0584	--FDE (10 time steps): 1.8723
--ADE (15 time steps): 1.5854	--FDE (15 time steps): 3.0845
--ADE (20 time steps): 2.1824	--FDE (20 time steps): 4.4617

JOB STATISTICS
==============
Job ID: 9996984
Cluster: snellius
User/Group: scur2440/scur2440
State: COMPLETED (exit code 0)
Nodes: 1
Cores per node: 18
CPU Utilized: 02:06:27
CPU Efficiency: 5.60% of 1-13:37:48 core-walltime
Job Wall-clock time: 02:05:26
Memory Utilized: 3.08 GB
Memory Efficiency: 2.57% of 120.00 GB
