***************************************************************************************************** 
* WARNING: The 2022 software stack is deprecated. Please consider switching to
the latest 2024 * 
* software stack, or the older 2023 software stack. * 
* * 
* If you have any question, please contact us via
http://servicedesk.surfsara.nl. * 
***************************************************************************************************** 

Configuration:
description: LED
results_root_dir: results
dataset: kitti
dimensions: 2
past_frames: 15
future_frames: 25
min_past_frames: 15
min_future_frames: 25
k_preds: 25
traj_mean: [14, 7.5]
traj_scale: 5
relative: False
normalised: False
pretrained_core_denoising_model: ./results/checkpoints/base_diffusion_model.p
debug: False
diffusion: {'steps': 150, 'beta_start': 0.0001, 'beta_end': 0.05, 'beta_schedule': 'linear'}
lr: 0.005
train_batch_size: 32
test_batch_size: 32
num_epochs: 70
test_interval: 1
lr_scheduler: step
decay_step: 8
decay_gamma: 0.5

[INFO] KITTI dataset (1 agent).
Overlapping: False
Overlapping: False
[INFO] Now using random trajectory shuffling.

Train dataset:
Length: 488
Total x and y distances travelled: 13.18726, 14.00251
Euclidean dist diff avg: 22.71346

Test dataset:
Length: 87
Total x and y distances travelled: 13.51426, 15.17638
Euclidean dist diff avg: 24.13205

[INFO] Kitti dataset - skip subtracting mean from absolute positions.
[INFO] Training from scratch - without pretrained models (Not NBA with frame standard configs)

[Core Denoising Model] Trainable/Total: 6576400/6576400
[Initialization Model] Trainable/Total: 5104941/5104941
[2025-02-28 21:09:34] Epoch: 0		Loss: 213442.325002	Loss Translation.: 2454.589769	Loss Uncertainty: 210987.736842
--ADE (5 time steps): 3.2351	--FDE (5 time steps): 1.9658
--ADE (10 time steps): 4.3947	--FDE (10 time steps): 3.0773
--ADE (15 time steps): 5.5029	--FDE (15 time steps): 4.4094
--ADE (20 time steps): 6.6034	--FDE (20 time steps): 6.9739
[2025-02-28 21:09:40] Epoch: 1		Loss: 49.187767	Loss Translation.: 46.628147	Loss Uncertainty: 2.559621
--ADE (5 time steps): 1.6840	--FDE (5 time steps): 1.5781
--ADE (10 time steps): 2.5478	--FDE (10 time steps): 2.9545
--ADE (15 time steps): 3.4644	--FDE (15 time steps): 5.1424
--ADE (20 time steps): 4.3751	--FDE (20 time steps): 6.6569
[2025-02-28 21:09:45] Epoch: 2		Loss: 41.583818	Loss Translation.: 39.136284	Loss Uncertainty: 2.447535
--ADE (5 time steps): 1.6495	--FDE (5 time steps): 1.3712
--ADE (10 time steps): 2.4775	--FDE (10 time steps): 3.1276
--ADE (15 time steps): 3.3865	--FDE (15 time steps): 4.9102
--ADE (20 time steps): 4.2599	--FDE (20 time steps): 6.4204
[2025-02-28 21:09:51] Epoch: 3		Loss: 38.447156	Loss Translation.: 36.099321	Loss Uncertainty: 2.347834
--ADE (5 time steps): 1.4296	--FDE (5 time steps): 1.3871
--ADE (10 time steps): 2.2455	--FDE (10 time steps): 2.8667
--ADE (15 time steps): 3.0400	--FDE (15 time steps): 4.4169
--ADE (20 time steps): 3.9252	--FDE (20 time steps): 6.3563
[2025-02-28 21:09:57] Epoch: 4		Loss: 35.231233	Loss Translation.: 32.897441	Loss Uncertainty: 2.333793
--ADE (5 time steps): 1.5062	--FDE (5 time steps): 1.4310
--ADE (10 time steps): 2.1857	--FDE (10 time steps): 2.8318
--ADE (15 time steps): 2.9578	--FDE (15 time steps): 4.2512
--ADE (20 time steps): 3.7723	--FDE (20 time steps): 6.0395
[2025-02-28 21:10:03] Epoch: 5		Loss: 32.366355	Loss Translation.: 30.134190	Loss Uncertainty: 2.232164
--ADE (5 time steps): 1.2108	--FDE (5 time steps): 1.4269
--ADE (10 time steps): 1.8651	--FDE (10 time steps): 2.3776
--ADE (15 time steps): 2.5452	--FDE (15 time steps): 3.6944
--ADE (20 time steps): 3.3339	--FDE (20 time steps): 5.4408
[2025-02-28 21:10:09] Epoch: 6		Loss: 28.884682	Loss Translation.: 26.728819	Loss Uncertainty: 2.155864
--ADE (5 time steps): 1.0004	--FDE (5 time steps): 1.2540
--ADE (10 time steps): 1.6828	--FDE (10 time steps): 2.1453
--ADE (15 time steps): 2.3432	--FDE (15 time steps): 3.0773
--ADE (20 time steps): 3.0539	--FDE (20 time steps): 4.7096
[2025-02-28 21:10:15] Epoch: 7		Loss: 27.542244	Loss Translation.: 25.429299	Loss Uncertainty: 2.112946
--ADE (5 time steps): 1.2388	--FDE (5 time steps): 1.4141
--ADE (10 time steps): 1.8755	--FDE (10 time steps): 2.4250
--ADE (15 time steps): 2.5216	--FDE (15 time steps): 3.5901
--ADE (20 time steps): 3.2163	--FDE (20 time steps): 5.0399
[2025-02-28 21:10:21] Epoch: 8		Loss: 25.108419	Loss Translation.: 23.067620	Loss Uncertainty: 2.040799
--ADE (5 time steps): 0.9028	--FDE (5 time steps): 1.2400
--ADE (10 time steps): 1.6157	--FDE (10 time steps): 2.2412
--ADE (15 time steps): 2.3343	--FDE (15 time steps): 3.5092
--ADE (20 time steps): 3.0964	--FDE (20 time steps): 5.1226
[2025-02-28 21:10:27] Epoch: 9		Loss: 23.103441	Loss Translation.: 21.065854	Loss Uncertainty: 2.037587
--ADE (5 time steps): 0.8691	--FDE (5 time steps): 1.0193
--ADE (10 time steps): 1.3687	--FDE (10 time steps): 1.9475
--ADE (15 time steps): 1.9629	--FDE (15 time steps): 3.0714
--ADE (20 time steps): 2.6194	--FDE (20 time steps): 4.3556
[2025-02-28 21:10:33] Epoch: 10		Loss: 22.735377	Loss Translation.: 20.733868	Loss Uncertainty: 2.001509
--ADE (5 time steps): 0.8402	--FDE (5 time steps): 1.0998
--ADE (10 time steps): 1.3827	--FDE (10 time steps): 1.9360
--ADE (15 time steps): 1.9802	--FDE (15 time steps): 3.0385
--ADE (20 time steps): 2.6349	--FDE (20 time steps): 4.1680
[2025-02-28 21:10:39] Epoch: 11		Loss: 20.855011	Loss Translation.: 18.891189	Loss Uncertainty: 1.963822
--ADE (5 time steps): 0.8640	--FDE (5 time steps): 0.9446
--ADE (10 time steps): 1.3622	--FDE (10 time steps): 1.8364
--ADE (15 time steps): 1.9294	--FDE (15 time steps): 2.8102
--ADE (20 time steps): 2.5327	--FDE (20 time steps): 3.9492
[2025-02-28 21:10:45] Epoch: 12		Loss: 20.876348	Loss Translation.: 18.894967	Loss Uncertainty: 1.981381
--ADE (5 time steps): 0.7508	--FDE (5 time steps): 1.0342
--ADE (10 time steps): 1.2721	--FDE (10 time steps): 1.8196
--ADE (15 time steps): 1.8653	--FDE (15 time steps): 2.6644
--ADE (20 time steps): 2.5113	--FDE (20 time steps): 3.7471
[2025-02-28 21:10:51] Epoch: 13		Loss: 20.146384	Loss Translation.: 18.189032	Loss Uncertainty: 1.957352
--ADE (5 time steps): 0.6969	--FDE (5 time steps): 0.9321
--ADE (10 time steps): 1.2142	--FDE (10 time steps): 1.7192
--ADE (15 time steps): 1.7558	--FDE (15 time steps): 2.6539
--ADE (20 time steps): 2.3376	--FDE (20 time steps): 3.6521
[2025-02-28 21:10:57] Epoch: 14		Loss: 18.475562	Loss Translation.: 16.540754	Loss Uncertainty: 1.934808
--ADE (5 time steps): 0.7262	--FDE (5 time steps): 1.0117
--ADE (10 time steps): 1.2216	--FDE (10 time steps): 1.7100
--ADE (15 time steps): 1.7388	--FDE (15 time steps): 2.6629
--ADE (20 time steps): 2.2892	--FDE (20 time steps): 3.6022
[2025-02-28 21:11:03] Epoch: 15		Loss: 18.265268	Loss Translation.: 16.300937	Loss Uncertainty: 1.964331
--ADE (5 time steps): 0.7288	--FDE (5 time steps): 0.8844
--ADE (10 time steps): 1.1443	--FDE (10 time steps): 1.6003
--ADE (15 time steps): 1.6188	--FDE (15 time steps): 2.5836
--ADE (20 time steps): 2.1380	--FDE (20 time steps): 3.1886
[2025-02-28 21:11:09] Epoch: 16		Loss: 17.279307	Loss Translation.: 15.323991	Loss Uncertainty: 1.955316
--ADE (5 time steps): 0.5764	--FDE (5 time steps): 0.8114
--ADE (10 time steps): 1.0315	--FDE (10 time steps): 1.5894
--ADE (15 time steps): 1.5424	--FDE (15 time steps): 2.5727
--ADE (20 time steps): 2.1146	--FDE (20 time steps): 3.4192
[2025-02-28 21:11:15] Epoch: 17		Loss: 16.105296	Loss Translation.: 14.186312	Loss Uncertainty: 1.918984
--ADE (5 time steps): 0.5345	--FDE (5 time steps): 0.7569
--ADE (10 time steps): 0.9557	--FDE (10 time steps): 1.4998
--ADE (15 time steps): 1.4405	--FDE (15 time steps): 2.2557
--ADE (20 time steps): 1.9671	--FDE (20 time steps): 2.9880
[2025-02-28 21:11:21] Epoch: 18		Loss: 15.890394	Loss Translation.: 13.971675	Loss Uncertainty: 1.918719
--ADE (5 time steps): 0.6184	--FDE (5 time steps): 0.7902
--ADE (10 time steps): 0.9742	--FDE (10 time steps): 1.3959
--ADE (15 time steps): 1.3987	--FDE (15 time steps): 2.1919
--ADE (20 time steps): 1.8838	--FDE (20 time steps): 2.8958
[2025-02-28 21:11:27] Epoch: 19		Loss: 15.651166	Loss Translation.: 13.759882	Loss Uncertainty: 1.891284
--ADE (5 time steps): 0.5434	--FDE (5 time steps): 0.8088
--ADE (10 time steps): 0.9263	--FDE (10 time steps): 1.4287
--ADE (15 time steps): 1.3579	--FDE (15 time steps): 2.1255
--ADE (20 time steps): 1.8523	--FDE (20 time steps): 2.7980
[2025-02-28 21:11:33] Epoch: 20		Loss: 14.847435	Loss Translation.: 12.960459	Loss Uncertainty: 1.886975
--ADE (5 time steps): 0.5684	--FDE (5 time steps): 0.7930
--ADE (10 time steps): 0.9174	--FDE (10 time steps): 1.3341
--ADE (15 time steps): 1.3304	--FDE (15 time steps): 2.1679
--ADE (20 time steps): 1.8006	--FDE (20 time steps): 2.7320
[2025-02-28 21:11:39] Epoch: 21		Loss: 14.482977	Loss Translation.: 12.584711	Loss Uncertainty: 1.898266
--ADE (5 time steps): 0.4897	--FDE (5 time steps): 0.7210
--ADE (10 time steps): 0.8388	--FDE (10 time steps): 1.2008
--ADE (15 time steps): 1.2236	--FDE (15 time steps): 1.9485
--ADE (20 time steps): 1.6622	--FDE (20 time steps): 2.5388
[2025-02-28 21:11:45] Epoch: 22		Loss: 13.814878	Loss Translation.: 11.926231	Loss Uncertainty: 1.888648
--ADE (5 time steps): 0.5005	--FDE (5 time steps): 0.7894
--ADE (10 time steps): 0.8982	--FDE (10 time steps): 1.3395
--ADE (15 time steps): 1.3396	--FDE (15 time steps): 2.2251
--ADE (20 time steps): 1.8216	--FDE (20 time steps): 2.8854
[2025-02-28 21:11:51] Epoch: 23		Loss: 14.110193	Loss Translation.: 12.235910	Loss Uncertainty: 1.874283
--ADE (5 time steps): 0.4636	--FDE (5 time steps): 0.6727
--ADE (10 time steps): 0.8268	--FDE (10 time steps): 1.2498
--ADE (15 time steps): 1.2421	--FDE (15 time steps): 2.1313
--ADE (20 time steps): 1.6961	--FDE (20 time steps): 2.6678
[2025-02-28 21:11:57] Epoch: 24		Loss: 13.375985	Loss Translation.: 11.521647	Loss Uncertainty: 1.854338
--ADE (5 time steps): 0.4777	--FDE (5 time steps): 0.6801
--ADE (10 time steps): 0.8173	--FDE (10 time steps): 1.2049
--ADE (15 time steps): 1.2100	--FDE (15 time steps): 1.9544
--ADE (20 time steps): 1.6437	--FDE (20 time steps): 2.5774
[2025-02-28 21:12:03] Epoch: 25		Loss: 12.742501	Loss Translation.: 10.889663	Loss Uncertainty: 1.852837
--ADE (5 time steps): 0.4493	--FDE (5 time steps): 0.6533
--ADE (10 time steps): 0.7999	--FDE (10 time steps): 1.1913
--ADE (15 time steps): 1.1984	--FDE (15 time steps): 2.0139
--ADE (20 time steps): 1.6334	--FDE (20 time steps): 2.6099
[2025-02-28 21:12:09] Epoch: 26		Loss: 12.251224	Loss Translation.: 10.404915	Loss Uncertainty: 1.846309
--ADE (5 time steps): 0.4541	--FDE (5 time steps): 0.6537
--ADE (10 time steps): 0.7940	--FDE (10 time steps): 1.1730
--ADE (15 time steps): 1.1853	--FDE (15 time steps): 1.9564
--ADE (20 time steps): 1.6164	--FDE (20 time steps): 2.5774
[2025-02-28 21:12:15] Epoch: 27		Loss: 12.271664	Loss Translation.: 10.423589	Loss Uncertainty: 1.848075
--ADE (5 time steps): 0.4294	--FDE (5 time steps): 0.6473
--ADE (10 time steps): 0.7742	--FDE (10 time steps): 1.1758
--ADE (15 time steps): 1.1700	--FDE (15 time steps): 1.9885
--ADE (20 time steps): 1.6060	--FDE (20 time steps): 2.6096
[2025-02-28 21:12:21] Epoch: 28		Loss: 11.887898	Loss Translation.: 10.040402	Loss Uncertainty: 1.847496
--ADE (5 time steps): 0.4740	--FDE (5 time steps): 0.6559
--ADE (10 time steps): 0.8008	--FDE (10 time steps): 1.1729
--ADE (15 time steps): 1.1890	--FDE (15 time steps): 2.0013
--ADE (20 time steps): 1.6237	--FDE (20 time steps): 2.6399
[2025-02-28 21:12:27] Epoch: 29		Loss: 11.800097	Loss Translation.: 9.950410	Loss Uncertainty: 1.849687
--ADE (5 time steps): 0.5018	--FDE (5 time steps): 0.6419
--ADE (10 time steps): 0.8196	--FDE (10 time steps): 1.1822
--ADE (15 time steps): 1.2006	--FDE (15 time steps): 2.0239
--ADE (20 time steps): 1.6354	--FDE (20 time steps): 2.6650
[2025-02-28 21:12:33] Epoch: 30		Loss: 11.563914	Loss Translation.: 9.720107	Loss Uncertainty: 1.843807
--ADE (5 time steps): 0.4327	--FDE (5 time steps): 0.6212
--ADE (10 time steps): 0.7622	--FDE (10 time steps): 1.1464
--ADE (15 time steps): 1.1434	--FDE (15 time steps): 1.9476
--ADE (20 time steps): 1.5697	--FDE (20 time steps): 2.5298
[2025-02-28 21:12:39] Epoch: 31		Loss: 11.433704	Loss Translation.: 9.589755	Loss Uncertainty: 1.843950
--ADE (5 time steps): 0.3996	--FDE (5 time steps): 0.6139
--ADE (10 time steps): 0.7448	--FDE (10 time steps): 1.1846
--ADE (15 time steps): 1.1432	--FDE (15 time steps): 1.9402
--ADE (20 time steps): 1.5920	--FDE (20 time steps): 2.5731
[2025-02-28 21:12:45] Epoch: 32		Loss: 11.094210	Loss Translation.: 9.255371	Loss Uncertainty: 1.838839
--ADE (5 time steps): 0.4149	--FDE (5 time steps): 0.6170
--ADE (10 time steps): 0.7618	--FDE (10 time steps): 1.1880
--ADE (15 time steps): 1.1531	--FDE (15 time steps): 1.9715
--ADE (20 time steps): 1.5941	--FDE (20 time steps): 2.5460
[2025-02-28 21:12:51] Epoch: 33		Loss: 10.718557	Loss Translation.: 8.885863	Loss Uncertainty: 1.832694
--ADE (5 time steps): 0.4251	--FDE (5 time steps): 0.6150
--ADE (10 time steps): 0.7564	--FDE (10 time steps): 1.1459
--ADE (15 time steps): 1.1395	--FDE (15 time steps): 1.9234
--ADE (20 time steps): 1.5627	--FDE (20 time steps): 2.4776
[2025-02-28 21:12:57] Epoch: 34		Loss: 10.651344	Loss Translation.: 8.819368	Loss Uncertainty: 1.831976
--ADE (5 time steps): 0.3935	--FDE (5 time steps): 0.5937
--ADE (10 time steps): 0.7253	--FDE (10 time steps): 1.1196
--ADE (15 time steps): 1.1064	--FDE (15 time steps): 1.9008
--ADE (20 time steps): 1.5379	--FDE (20 time steps): 2.4850
[2025-02-28 21:13:03] Epoch: 35		Loss: 10.585315	Loss Translation.: 8.759156	Loss Uncertainty: 1.826160
--ADE (5 time steps): 0.3840	--FDE (5 time steps): 0.5764
--ADE (10 time steps): 0.7182	--FDE (10 time steps): 1.1033
--ADE (15 time steps): 1.0964	--FDE (15 time steps): 1.8687
--ADE (20 time steps): 1.5205	--FDE (20 time steps): 2.4403
[2025-02-28 21:13:09] Epoch: 36		Loss: 10.474156	Loss Translation.: 8.643906	Loss Uncertainty: 1.830250
--ADE (5 time steps): 0.3650	--FDE (5 time steps): 0.5656
--ADE (10 time steps): 0.6895	--FDE (10 time steps): 1.0398
--ADE (15 time steps): 1.0631	--FDE (15 time steps): 1.8437
--ADE (20 time steps): 1.4894	--FDE (20 time steps): 2.4330
[2025-02-28 21:13:15] Epoch: 37		Loss: 10.273381	Loss Translation.: 8.436282	Loss Uncertainty: 1.837099
--ADE (5 time steps): 0.3789	--FDE (5 time steps): 0.5808
--ADE (10 time steps): 0.7109	--FDE (10 time steps): 1.0752
--ADE (15 time steps): 1.0880	--FDE (15 time steps): 1.8598
--ADE (20 time steps): 1.5140	--FDE (20 time steps): 2.4830
[2025-02-28 21:13:21] Epoch: 38		Loss: 9.937878	Loss Translation.: 8.105624	Loss Uncertainty: 1.832254
--ADE (5 time steps): 0.3815	--FDE (5 time steps): 0.5678
--ADE (10 time steps): 0.7063	--FDE (10 time steps): 1.0671
--ADE (15 time steps): 1.0798	--FDE (15 time steps): 1.8437
--ADE (20 time steps): 1.5036	--FDE (20 time steps): 2.4624
[2025-02-28 21:13:27] Epoch: 39		Loss: 9.647809	Loss Translation.: 7.818997	Loss Uncertainty: 1.828811
--ADE (5 time steps): 0.3711	--FDE (5 time steps): 0.5541
--ADE (10 time steps): 0.6879	--FDE (10 time steps): 1.0353
--ADE (15 time steps): 1.0568	--FDE (15 time steps): 1.7967
--ADE (20 time steps): 1.4626	--FDE (20 time steps): 2.3338
[2025-02-28 21:13:33] Epoch: 40		Loss: 9.459253	Loss Translation.: 7.629343	Loss Uncertainty: 1.829910
--ADE (5 time steps): 0.3642	--FDE (5 time steps): 0.5744
--ADE (10 time steps): 0.6920	--FDE (10 time steps): 1.0441
--ADE (15 time steps): 1.0589	--FDE (15 time steps): 1.8165
--ADE (20 time steps): 1.4718	--FDE (20 time steps): 2.3945
[2025-02-28 21:13:39] Epoch: 41		Loss: 9.349710	Loss Translation.: 7.520924	Loss Uncertainty: 1.828786
--ADE (5 time steps): 0.3680	--FDE (5 time steps): 0.5647
--ADE (10 time steps): 0.6919	--FDE (10 time steps): 1.0443
--ADE (15 time steps): 1.0550	--FDE (15 time steps): 1.8213
--ADE (20 time steps): 1.4639	--FDE (20 time steps): 2.3694
[2025-02-28 21:13:45] Epoch: 42		Loss: 9.193122	Loss Translation.: 7.363684	Loss Uncertainty: 1.829438
--ADE (5 time steps): 0.3545	--FDE (5 time steps): 0.5481
--ADE (10 time steps): 0.6711	--FDE (10 time steps): 1.0038
--ADE (15 time steps): 1.0288	--FDE (15 time steps): 1.7879
--ADE (20 time steps): 1.4320	--FDE (20 time steps): 2.3147
[2025-02-28 21:13:51] Epoch: 43		Loss: 9.084277	Loss Translation.: 7.257569	Loss Uncertainty: 1.826708
--ADE (5 time steps): 0.3577	--FDE (5 time steps): 0.5601
--ADE (10 time steps): 0.6807	--FDE (10 time steps): 1.0368
--ADE (15 time steps): 1.0428	--FDE (15 time steps): 1.8017
--ADE (20 time steps): 1.4504	--FDE (20 time steps): 2.3577
[2025-02-28 21:13:57] Epoch: 44		Loss: 9.019963	Loss Translation.: 7.193255	Loss Uncertainty: 1.826709
--ADE (5 time steps): 0.3567	--FDE (5 time steps): 0.5514
--ADE (10 time steps): 0.6712	--FDE (10 time steps): 1.0063
--ADE (15 time steps): 1.0255	--FDE (15 time steps): 1.7765
--ADE (20 time steps): 1.4275	--FDE (20 time steps): 2.3063
[2025-02-28 21:14:03] Epoch: 45		Loss: 8.919135	Loss Translation.: 7.093626	Loss Uncertainty: 1.825509
--ADE (5 time steps): 0.3562	--FDE (5 time steps): 0.5528
--ADE (10 time steps): 0.6780	--FDE (10 time steps): 1.0271
--ADE (15 time steps): 1.0355	--FDE (15 time steps): 1.7780
--ADE (20 time steps): 1.4405	--FDE (20 time steps): 2.3395
[2025-02-28 21:14:09] Epoch: 46		Loss: 8.862484	Loss Translation.: 7.037711	Loss Uncertainty: 1.824773
--ADE (5 time steps): 0.3516	--FDE (5 time steps): 0.5462
--ADE (10 time steps): 0.6653	--FDE (10 time steps): 0.9957
--ADE (15 time steps): 1.0189	--FDE (15 time steps): 1.7754
--ADE (20 time steps): 1.4176	--FDE (20 time steps): 2.2860
[2025-02-28 21:14:15] Epoch: 47		Loss: 8.789523	Loss Translation.: 6.966459	Loss Uncertainty: 1.823065
--ADE (5 time steps): 0.3527	--FDE (5 time steps): 0.5507
--ADE (10 time steps): 0.6737	--FDE (10 time steps): 1.0199
--ADE (15 time steps): 1.0286	--FDE (15 time steps): 1.7703
--ADE (20 time steps): 1.4306	--FDE (20 time steps): 2.3238
[2025-02-28 21:14:21] Epoch: 48		Loss: 8.644098	Loss Translation.: 6.822358	Loss Uncertainty: 1.821740
--ADE (5 time steps): 0.3476	--FDE (5 time steps): 0.5382
--ADE (10 time steps): 0.6593	--FDE (10 time steps): 0.9976
--ADE (15 time steps): 1.0116	--FDE (15 time steps): 1.7606
--ADE (20 time steps): 1.4083	--FDE (20 time steps): 2.2729
[2025-02-28 21:14:27] Epoch: 49		Loss: 8.621000	Loss Translation.: 6.800000	Loss Uncertainty: 1.821000
--ADE (5 time steps): 0.3554	--FDE (5 time steps): 0.5455
--ADE (10 time steps): 0.6673	--FDE (10 time steps): 1.0170
--ADE (15 time steps): 1.0230	--FDE (15 time steps): 1.7626
--ADE (20 time steps): 1.4207	--FDE (20 time steps): 2.2770
[2025-02-28 21:14:33] Epoch: 50		Loss: 8.555454	Loss Translation.: 6.735365	Loss Uncertainty: 1.820090
--ADE (5 time steps): 0.3512	--FDE (5 time steps): 0.5426
--ADE (10 time steps): 0.6631	--FDE (10 time steps): 1.0061
--ADE (15 time steps): 1.0171	--FDE (15 time steps): 1.7667
--ADE (20 time steps): 1.4162	--FDE (20 time steps): 2.2733
[2025-02-28 21:14:39] Epoch: 51		Loss: 8.490484	Loss Translation.: 6.670271	Loss Uncertainty: 1.820213
--ADE (5 time steps): 0.3486	--FDE (5 time steps): 0.5390
--ADE (10 time steps): 0.6601	--FDE (10 time steps): 1.0038
--ADE (15 time steps): 1.0113	--FDE (15 time steps): 1.7647
--ADE (20 time steps): 1.4089	--FDE (20 time steps): 2.2730
[2025-02-28 21:14:45] Epoch: 52		Loss: 8.447161	Loss Translation.: 6.627384	Loss Uncertainty: 1.819778
--ADE (5 time steps): 0.3511	--FDE (5 time steps): 0.5425
--ADE (10 time steps): 0.6669	--FDE (10 time steps): 1.0119
--ADE (15 time steps): 1.0205	--FDE (15 time steps): 1.7697
--ADE (20 time steps): 1.4200	--FDE (20 time steps): 2.2963
[2025-02-28 21:14:51] Epoch: 53		Loss: 8.412687	Loss Translation.: 6.593433	Loss Uncertainty: 1.819254
--ADE (5 time steps): 0.3477	--FDE (5 time steps): 0.5384
--ADE (10 time steps): 0.6589	--FDE (10 time steps): 0.9987
--ADE (15 time steps): 1.0099	--FDE (15 time steps): 1.7707
--ADE (20 time steps): 1.4081	--FDE (20 time steps): 2.2628
[2025-02-28 21:14:57] Epoch: 54		Loss: 8.371422	Loss Translation.: 6.553243	Loss Uncertainty: 1.818180
--ADE (5 time steps): 0.3465	--FDE (5 time steps): 0.5373
--ADE (10 time steps): 0.6585	--FDE (10 time steps): 1.0063
--ADE (15 time steps): 1.0111	--FDE (15 time steps): 1.7687
--ADE (20 time steps): 1.4094	--FDE (20 time steps): 2.2804
[2025-02-28 21:15:03] Epoch: 55		Loss: 8.344022	Loss Translation.: 6.526794	Loss Uncertainty: 1.817229
--ADE (5 time steps): 0.3516	--FDE (5 time steps): 0.5378
--ADE (10 time steps): 0.6614	--FDE (10 time steps): 1.0092
--ADE (15 time steps): 1.0119	--FDE (15 time steps): 1.7602
--ADE (20 time steps): 1.4086	--FDE (20 time steps): 2.2624
[2025-02-28 21:15:09] Epoch: 56		Loss: 8.285154	Loss Translation.: 6.468110	Loss Uncertainty: 1.817043
--ADE (5 time steps): 0.3476	--FDE (5 time steps): 0.5407
--ADE (10 time steps): 0.6613	--FDE (10 time steps): 1.0100
--ADE (15 time steps): 1.0141	--FDE (15 time steps): 1.7719
--ADE (20 time steps): 1.4135	--FDE (20 time steps): 2.2780
[2025-02-28 21:15:15] Epoch: 57		Loss: 8.250323	Loss Translation.: 6.432731	Loss Uncertainty: 1.817591
--ADE (5 time steps): 0.3473	--FDE (5 time steps): 0.5381
--ADE (10 time steps): 0.6583	--FDE (10 time steps): 1.0039
--ADE (15 time steps): 1.0097	--FDE (15 time steps): 1.7697
--ADE (20 time steps): 1.4088	--FDE (20 time steps): 2.2759
[2025-02-28 21:15:21] Epoch: 58		Loss: 8.217135	Loss Translation.: 6.401030	Loss Uncertainty: 1.816105
--ADE (5 time steps): 0.3489	--FDE (5 time steps): 0.5389
--ADE (10 time steps): 0.6608	--FDE (10 time steps): 1.0092
--ADE (15 time steps): 1.0130	--FDE (15 time steps): 1.7647
--ADE (20 time steps): 1.4112	--FDE (20 time steps): 2.2725
[2025-02-28 21:15:27] Epoch: 59		Loss: 8.197114	Loss Translation.: 6.381293	Loss Uncertainty: 1.815820
--ADE (5 time steps): 0.3463	--FDE (5 time steps): 0.5362
--ADE (10 time steps): 0.6559	--FDE (10 time steps): 1.0027
--ADE (15 time steps): 1.0071	--FDE (15 time steps): 1.7630
--ADE (20 time steps): 1.4045	--FDE (20 time steps): 2.2630
[2025-02-28 21:15:33] Epoch: 60		Loss: 8.177593	Loss Translation.: 6.361661	Loss Uncertainty: 1.815933
--ADE (5 time steps): 0.3473	--FDE (5 time steps): 0.5378
--ADE (10 time steps): 0.6583	--FDE (10 time steps): 1.0064
--ADE (15 time steps): 1.0090	--FDE (15 time steps): 1.7641
--ADE (20 time steps): 1.4078	--FDE (20 time steps): 2.2747
[2025-02-28 21:15:39] Epoch: 61		Loss: 8.144829	Loss Translation.: 6.329914	Loss Uncertainty: 1.814915
--ADE (5 time steps): 0.3474	--FDE (5 time steps): 0.5380
--ADE (10 time steps): 0.6594	--FDE (10 time steps): 1.0103
--ADE (15 time steps): 1.0111	--FDE (15 time steps): 1.7660
--ADE (20 time steps): 1.4097	--FDE (20 time steps): 2.2760
[2025-02-28 21:15:45] Epoch: 62		Loss: 8.133327	Loss Translation.: 6.318487	Loss Uncertainty: 1.814840
--ADE (5 time steps): 0.3463	--FDE (5 time steps): 0.5355
--ADE (10 time steps): 0.6555	--FDE (10 time steps): 1.0058
--ADE (15 time steps): 1.0069	--FDE (15 time steps): 1.7659
--ADE (20 time steps): 1.4051	--FDE (20 time steps): 2.2661
[2025-02-28 21:15:51] Epoch: 63		Loss: 8.113418	Loss Translation.: 6.299072	Loss Uncertainty: 1.814345
--ADE (5 time steps): 0.3468	--FDE (5 time steps): 0.5361
--ADE (10 time steps): 0.6568	--FDE (10 time steps): 1.0066
--ADE (15 time steps): 1.0070	--FDE (15 time steps): 1.7640
--ADE (20 time steps): 1.4052	--FDE (20 time steps): 2.2698
[2025-02-28 21:15:56] Epoch: 64		Loss: 8.075958	Loss Translation.: 6.261882	Loss Uncertainty: 1.814076
--ADE (5 time steps): 0.3463	--FDE (5 time steps): 0.5366
--ADE (10 time steps): 0.6571	--FDE (10 time steps): 1.0097
--ADE (15 time steps): 1.0087	--FDE (15 time steps): 1.7658
--ADE (20 time steps): 1.4072	--FDE (20 time steps): 2.2732
[2025-02-28 21:16:02] Epoch: 65		Loss: 8.067071	Loss Translation.: 6.253401	Loss Uncertainty: 1.813671
--ADE (5 time steps): 0.3470	--FDE (5 time steps): 0.5360
--ADE (10 time steps): 0.6568	--FDE (10 time steps): 1.0075
--ADE (15 time steps): 1.0074	--FDE (15 time steps): 1.7646
--ADE (20 time steps): 1.4057	--FDE (20 time steps): 2.2684
[2025-02-28 21:16:08] Epoch: 66		Loss: 8.055130	Loss Translation.: 6.241429	Loss Uncertainty: 1.813701
--ADE (5 time steps): 0.3458	--FDE (5 time steps): 0.5358
--ADE (10 time steps): 0.6552	--FDE (10 time steps): 1.0061
--ADE (15 time steps): 1.0056	--FDE (15 time steps): 1.7656
--ADE (20 time steps): 1.4038	--FDE (20 time steps): 2.2676
[2025-02-28 21:16:14] Epoch: 67		Loss: 8.045781	Loss Translation.: 6.232766	Loss Uncertainty: 1.813015
--ADE (5 time steps): 0.3473	--FDE (5 time steps): 0.5364
--ADE (10 time steps): 0.6573	--FDE (10 time steps): 1.0089
--ADE (15 time steps): 1.0080	--FDE (15 time steps): 1.7643
--ADE (20 time steps): 1.4062	--FDE (20 time steps): 2.2700
[2025-02-28 21:16:21] Epoch: 68		Loss: 8.037764	Loss Translation.: 6.224633	Loss Uncertainty: 1.813131
--ADE (5 time steps): 0.3456	--FDE (5 time steps): 0.5351
--ADE (10 time steps): 0.6548	--FDE (10 time steps): 1.0056
--ADE (15 time steps): 1.0050	--FDE (15 time steps): 1.7645
--ADE (20 time steps): 1.4028	--FDE (20 time steps): 2.2657
[2025-02-28 21:16:26] Epoch: 69		Loss: 8.026739	Loss Translation.: 6.213600	Loss Uncertainty: 1.813139
--ADE (5 time steps): 0.3468	--FDE (5 time steps): 0.5367
--ADE (10 time steps): 0.6567	--FDE (10 time steps): 1.0086
--ADE (15 time steps): 1.0073	--FDE (15 time steps): 1.7638
--ADE (20 time steps): 1.4055	--FDE (20 time steps): 2.2706

JOB STATISTICS
==============
Job ID: 10239281
Cluster: snellius
User/Group: scur2440/scur2440
State: COMPLETED (exit code 0)
Nodes: 1
Cores per node: 18
CPU Utilized: 00:07:35
CPU Efficiency: 5.68% of 02:13:30 core-walltime
Job Wall-clock time: 00:07:25
Memory Utilized: 2.72 GB
Memory Efficiency: 2.27% of 120.00 GB
