***************************************************************************************************** 
* WARNING: The 2022 software stack is deprecated. Please consider switching to
the latest 2024 * 
* software stack, or the older 2023 software stack. * 
* * 
* If you have any question, please contact us via
http://servicedesk.surfsara.nl. * 
***************************************************************************************************** 

Configuration:
description: LED
results_root_dir: results
dataset: kitti
dimensions: 3
past_frames: 15
future_frames: 24
min_past_frames: 15
min_future_frames: 24
k_preds: 24
traj_mean: [14, 7.5]
traj_scale: 5
relative: False
normalised: False
pretrained_core_denoising_model: ./results/checkpoints/base_diffusion_model.p
debug: False
diffusion: {'steps': 150, 'beta_start': 0.0001, 'beta_end': 0.05, 'beta_schedule': 'linear'}
lr: 0.005
train_batch_size: 32
test_batch_size: 32
num_epochs: 70
test_interval: 1
lr_scheduler: step
decay_step: 8
decay_gamma: 0.5

[INFO] KITTI dataset (1 agent).
[INFO] Now using random trajectory shuffling.

Train dataset:
Total x, y and z distances travelled: 12.81286, 0.81051, 13.54245
Euclidean dist diff avg: 22.03840

Test dataset:
Total x, y and z distances travelled: 12.71776, 0.81852, 13.71293
Euclidean dist diff avg: 22.13537

[INFO] Kitti dataset - skip subtracting mean from absolute positions.
[INFO] Training from scratch - without pretrained models (Not NBA with frame standard configs)

[Core Denoising Model] Trainable/Total: 6589080/6589080
[Initialization Model] Trainable/Total: 5610113/5610113
[2025-02-24 11:21:11] Epoch: 0		Loss: 1349111914.272640	Loss Translation.: 23.058760	Loss Uncertainty: 1349111891.456732
--ADE (5 time steps): 0.9932	--FDE (5 time steps): 0.9069
--ADE (10 time steps): 1.1793	--FDE (10 time steps): 1.4255
--ADE (15 time steps): 1.4081	--FDE (15 time steps): 1.8324
--ADE (20 time steps): 1.6572	--FDE (20 time steps): 2.4478
[2025-02-24 11:23:26] Epoch: 1		Loss: 14.543220	Loss Translation.: 13.062471	Loss Uncertainty: 1.480749
--ADE (5 time steps): 0.8804	--FDE (5 time steps): 0.8868
--ADE (10 time steps): 1.0465	--FDE (10 time steps): 1.1213
--ADE (15 time steps): 1.2359	--FDE (15 time steps): 1.5679
--ADE (20 time steps): 1.4614	--FDE (20 time steps): 2.2227
[2025-02-24 11:25:42] Epoch: 2		Loss: 12.624804	Loss Translation.: 11.371277	Loss Uncertainty: 1.253528
--ADE (5 time steps): 0.7938	--FDE (5 time steps): 0.9160
--ADE (10 time steps): 1.0612	--FDE (10 time steps): 1.4273
--ADE (15 time steps): 1.3746	--FDE (15 time steps): 2.1522
--ADE (20 time steps): 1.7453	--FDE (20 time steps): 3.0644
[2025-02-24 11:27:57] Epoch: 3		Loss: 11.401142	Loss Translation.: 10.335428	Loss Uncertainty: 1.065714
--ADE (5 time steps): 0.6460	--FDE (5 time steps): 0.6598
--ADE (10 time steps): 0.7982	--FDE (10 time steps): 1.0116
--ADE (15 time steps): 0.9815	--FDE (15 time steps): 1.3380
--ADE (20 time steps): 1.1932	--FDE (20 time steps): 1.8342
[2025-02-24 11:30:12] Epoch: 4		Loss: 10.794309	Loss Translation.: 9.819038	Loss Uncertainty: 0.975270
--ADE (5 time steps): 0.6773	--FDE (5 time steps): 0.6777
--ADE (10 time steps): 0.7591	--FDE (10 time steps): 0.8438
--ADE (15 time steps): 0.9052	--FDE (15 time steps): 1.3247
--ADE (20 time steps): 1.1141	--FDE (20 time steps): 1.7962
[2025-02-24 11:32:27] Epoch: 5		Loss: 10.724057	Loss Translation.: 9.784624	Loss Uncertainty: 0.939433
--ADE (5 time steps): 0.4815	--FDE (5 time steps): 0.4498
--ADE (10 time steps): 0.6200	--FDE (10 time steps): 0.7279
--ADE (15 time steps): 0.7810	--FDE (15 time steps): 1.1288
--ADE (20 time steps): 0.9863	--FDE (20 time steps): 1.6373
[2025-02-24 11:34:43] Epoch: 6		Loss: 9.891785	Loss Translation.: 8.993328	Loss Uncertainty: 0.898458
--ADE (5 time steps): 0.3743	--FDE (5 time steps): 0.3310
--ADE (10 time steps): 0.4780	--FDE (10 time steps): 0.5738
--ADE (15 time steps): 0.6226	--FDE (15 time steps): 0.9138
--ADE (20 time steps): 0.7918	--FDE (20 time steps): 1.2765
[2025-02-24 11:36:58] Epoch: 7		Loss: 9.677290	Loss Translation.: 8.796720	Loss Uncertainty: 0.880570
--ADE (5 time steps): 0.3258	--FDE (5 time steps): 0.3352
--ADE (10 time steps): 0.4710	--FDE (10 time steps): 0.6516
--ADE (15 time steps): 0.6425	--FDE (15 time steps): 0.9932
--ADE (20 time steps): 0.8296	--FDE (20 time steps): 1.4189
[2025-02-24 11:39:14] Epoch: 8		Loss: 7.156023	Loss Translation.: 6.430632	Loss Uncertainty: 0.725391
--ADE (5 time steps): 0.2699	--FDE (5 time steps): 0.2618
--ADE (10 time steps): 0.3467	--FDE (10 time steps): 0.4548
--ADE (15 time steps): 0.4635	--FDE (15 time steps): 0.7447
--ADE (20 time steps): 0.6080	--FDE (20 time steps): 1.0911
[2025-02-24 11:41:29] Epoch: 9		Loss: 6.732397	Loss Translation.: 6.046217	Loss Uncertainty: 0.686180
--ADE (5 time steps): 0.2304	--FDE (5 time steps): 0.2295
--ADE (10 time steps): 0.3093	--FDE (10 time steps): 0.4291
--ADE (15 time steps): 0.4426	--FDE (15 time steps): 0.7024
--ADE (20 time steps): 0.5875	--FDE (20 time steps): 1.0410
[2025-02-24 11:43:44] Epoch: 10		Loss: 6.633057	Loss Translation.: 5.964746	Loss Uncertainty: 0.668311
--ADE (5 time steps): 0.2406	--FDE (5 time steps): 0.2343
--ADE (10 time steps): 0.3139	--FDE (10 time steps): 0.4009
--ADE (15 time steps): 0.4247	--FDE (15 time steps): 0.6583
--ADE (20 time steps): 0.5643	--FDE (20 time steps): 0.9845
[2025-02-24 11:46:00] Epoch: 11		Loss: 6.501532	Loss Translation.: 5.840592	Loss Uncertainty: 0.660941
--ADE (5 time steps): 0.2455	--FDE (5 time steps): 0.2291
--ADE (10 time steps): 0.3159	--FDE (10 time steps): 0.4156
--ADE (15 time steps): 0.4230	--FDE (15 time steps): 0.6800
--ADE (20 time steps): 0.5612	--FDE (20 time steps): 1.0131
[2025-02-24 11:48:15] Epoch: 12		Loss: 6.348293	Loss Translation.: 5.703038	Loss Uncertainty: 0.645256
--ADE (5 time steps): 0.2659	--FDE (5 time steps): 0.2513
--ADE (10 time steps): 0.3434	--FDE (10 time steps): 0.4343
--ADE (15 time steps): 0.4523	--FDE (15 time steps): 0.6720
--ADE (20 time steps): 0.5819	--FDE (20 time steps): 1.0012
[2025-02-24 11:50:30] Epoch: 13		Loss: 6.074447	Loss Translation.: 5.456848	Loss Uncertainty: 0.617599
--ADE (5 time steps): 0.2320	--FDE (5 time steps): 0.2346
--ADE (10 time steps): 0.3047	--FDE (10 time steps): 0.4065
--ADE (15 time steps): 0.4017	--FDE (15 time steps): 0.6264
--ADE (20 time steps): 0.5257	--FDE (20 time steps): 0.9262
[2025-02-24 11:52:46] Epoch: 14		Loss: 6.004381	Loss Translation.: 5.398347	Loss Uncertainty: 0.606034
--ADE (5 time steps): 0.2522	--FDE (5 time steps): 0.2711
--ADE (10 time steps): 0.3343	--FDE (10 time steps): 0.4343
--ADE (15 time steps): 0.4404	--FDE (15 time steps): 0.6485
--ADE (20 time steps): 0.5548	--FDE (20 time steps): 0.9086
[2025-02-24 11:55:01] Epoch: 15		Loss: 5.824796	Loss Translation.: 5.231971	Loss Uncertainty: 0.592825
--ADE (5 time steps): 0.1880	--FDE (5 time steps): 0.1919
--ADE (10 time steps): 0.2579	--FDE (10 time steps): 0.3526
--ADE (15 time steps): 0.3588	--FDE (15 time steps): 0.5778
--ADE (20 time steps): 0.4781	--FDE (20 time steps): 0.8672
[2025-02-24 11:57:16] Epoch: 16		Loss: 4.610958	Loss Translation.: 4.110998	Loss Uncertainty: 0.499960
--ADE (5 time steps): 0.1622	--FDE (5 time steps): 0.1715
--ADE (10 time steps): 0.2362	--FDE (10 time steps): 0.3419
--ADE (15 time steps): 0.3345	--FDE (15 time steps): 0.5614
--ADE (20 time steps): 0.4466	--FDE (20 time steps): 0.8207
[2025-02-24 11:59:32] Epoch: 17		Loss: 4.391254	Loss Translation.: 3.918222	Loss Uncertainty: 0.473031
--ADE (5 time steps): 0.1383	--FDE (5 time steps): 0.1435
--ADE (10 time steps): 0.2043	--FDE (10 time steps): 0.2949
--ADE (15 time steps): 0.2838	--FDE (15 time steps): 0.4746
--ADE (20 time steps): 0.3820	--FDE (20 time steps): 0.7067
[2025-02-24 12:01:47] Epoch: 18		Loss: 4.254048	Loss Translation.: 3.797993	Loss Uncertainty: 0.456055
--ADE (5 time steps): 0.1567	--FDE (5 time steps): 0.1819
--ADE (10 time steps): 0.2280	--FDE (10 time steps): 0.3240
--ADE (15 time steps): 0.3154	--FDE (15 time steps): 0.5092
--ADE (20 time steps): 0.4174	--FDE (20 time steps): 0.7470
[2025-02-24 12:04:02] Epoch: 19		Loss: 4.147056	Loss Translation.: 3.702188	Loss Uncertainty: 0.444868
--ADE (5 time steps): 0.1663	--FDE (5 time steps): 0.1924
--ADE (10 time steps): 0.2348	--FDE (10 time steps): 0.3336
--ADE (15 time steps): 0.3203	--FDE (15 time steps): 0.5052
--ADE (20 time steps): 0.4201	--FDE (20 time steps): 0.7300
[2025-02-24 12:06:18] Epoch: 20		Loss: 4.103445	Loss Translation.: 3.669781	Loss Uncertainty: 0.433664
--ADE (5 time steps): 0.1410	--FDE (5 time steps): 0.1464
--ADE (10 time steps): 0.2006	--FDE (10 time steps): 0.2887
--ADE (15 time steps): 0.2856	--FDE (15 time steps): 0.4957
--ADE (20 time steps): 0.3898	--FDE (20 time steps): 0.7261
[2025-02-24 12:08:33] Epoch: 21		Loss: 4.064623	Loss Translation.: 3.633743	Loss Uncertainty: 0.430880
--ADE (5 time steps): 0.1395	--FDE (5 time steps): 0.1531
--ADE (10 time steps): 0.1980	--FDE (10 time steps): 0.2798
--ADE (15 time steps): 0.2842	--FDE (15 time steps): 0.4731
--ADE (20 time steps): 0.3774	--FDE (20 time steps): 0.6772
[2025-02-24 12:10:49] Epoch: 22		Loss: 3.956596	Loss Translation.: 3.539178	Loss Uncertainty: 0.417418
--ADE (5 time steps): 0.1265	--FDE (5 time steps): 0.1375
--ADE (10 time steps): 0.1852	--FDE (10 time steps): 0.2670
--ADE (15 time steps): 0.2573	--FDE (15 time steps): 0.4190
--ADE (20 time steps): 0.3428	--FDE (20 time steps): 0.6180
[2025-02-24 12:13:04] Epoch: 23		Loss: 3.846188	Loss Translation.: 3.441298	Loss Uncertainty: 0.404890
--ADE (5 time steps): 0.1365	--FDE (5 time steps): 0.1592
--ADE (10 time steps): 0.1948	--FDE (10 time steps): 0.2676
--ADE (15 time steps): 0.2664	--FDE (15 time steps): 0.4217
--ADE (20 time steps): 0.3504	--FDE (20 time steps): 0.6132
[2025-02-24 12:15:19] Epoch: 24		Loss: 3.275821	Loss Translation.: 2.914483	Loss Uncertainty: 0.361338
--ADE (5 time steps): 0.1274	--FDE (5 time steps): 0.1415
--ADE (10 time steps): 0.1832	--FDE (10 time steps): 0.2594
--ADE (15 time steps): 0.2480	--FDE (15 time steps): 0.3977
--ADE (20 time steps): 0.3262	--FDE (20 time steps): 0.5719
[2025-02-24 12:17:35] Epoch: 25		Loss: 3.134980	Loss Translation.: 2.789417	Loss Uncertainty: 0.345563
--ADE (5 time steps): 0.1237	--FDE (5 time steps): 0.1343
--ADE (10 time steps): 0.1738	--FDE (10 time steps): 0.2442
--ADE (15 time steps): 0.2375	--FDE (15 time steps): 0.3853
--ADE (20 time steps): 0.3147	--FDE (20 time steps): 0.5601
[2025-02-24 12:19:50] Epoch: 26		Loss: 3.052743	Loss Translation.: 2.717055	Loss Uncertainty: 0.335688
--ADE (5 time steps): 0.0991	--FDE (5 time steps): 0.1133
--ADE (10 time steps): 0.1476	--FDE (10 time steps): 0.2181
--ADE (15 time steps): 0.2100	--FDE (15 time steps): 0.3585
--ADE (20 time steps): 0.2873	--FDE (20 time steps): 0.5332
[2025-02-24 12:22:05] Epoch: 27		Loss: 3.026579	Loss Translation.: 2.697776	Loss Uncertainty: 0.328803
--ADE (5 time steps): 0.1048	--FDE (5 time steps): 0.1134
--ADE (10 time steps): 0.1513	--FDE (10 time steps): 0.2186
--ADE (15 time steps): 0.2130	--FDE (15 time steps): 0.3545
--ADE (20 time steps): 0.2875	--FDE (20 time steps): 0.5192
[2025-02-24 12:24:20] Epoch: 28		Loss: 2.989974	Loss Translation.: 2.667351	Loss Uncertainty: 0.322623
--ADE (5 time steps): 0.1033	--FDE (5 time steps): 0.1137
--ADE (10 time steps): 0.1523	--FDE (10 time steps): 0.2198
--ADE (15 time steps): 0.2099	--FDE (15 time steps): 0.3505
--ADE (20 time steps): 0.2827	--FDE (20 time steps): 0.5209
[2025-02-24 12:26:36] Epoch: 29		Loss: 2.884602	Loss Translation.: 2.572123	Loss Uncertainty: 0.312479
--ADE (5 time steps): 0.1007	--FDE (5 time steps): 0.1081
--ADE (10 time steps): 0.1468	--FDE (10 time steps): 0.2065
--ADE (15 time steps): 0.2022	--FDE (15 time steps): 0.3281
--ADE (20 time steps): 0.2693	--FDE (20 time steps): 0.4781
[2025-02-24 12:28:51] Epoch: 30		Loss: 2.862866	Loss Translation.: 2.558197	Loss Uncertainty: 0.304669
--ADE (5 time steps): 0.1088	--FDE (5 time steps): 0.1193
--ADE (10 time steps): 0.1518	--FDE (10 time steps): 0.2126
--ADE (15 time steps): 0.2090	--FDE (15 time steps): 0.3387
--ADE (20 time steps): 0.2782	--FDE (20 time steps): 0.4940
[2025-02-24 12:31:06] Epoch: 31		Loss: 2.828223	Loss Translation.: 2.529146	Loss Uncertainty: 0.299077
--ADE (5 time steps): 0.1207	--FDE (5 time steps): 0.1312
--ADE (10 time steps): 0.1642	--FDE (10 time steps): 0.2220
--ADE (15 time steps): 0.2178	--FDE (15 time steps): 0.3388
--ADE (20 time steps): 0.2840	--FDE (20 time steps): 0.4870
[2025-02-24 12:33:22] Epoch: 32		Loss: 2.526742	Loss Translation.: 2.246606	Loss Uncertainty: 0.280136
--ADE (5 time steps): 0.0855	--FDE (5 time steps): 0.0966
--ADE (10 time steps): 0.1247	--FDE (10 time steps): 0.1790
--ADE (15 time steps): 0.1749	--FDE (15 time steps): 0.2903
--ADE (20 time steps): 0.2365	--FDE (20 time steps): 0.4304
[2025-02-24 12:35:37] Epoch: 33		Loss: 2.457114	Loss Translation.: 2.184592	Loss Uncertainty: 0.272522
--ADE (5 time steps): 0.0856	--FDE (5 time steps): 0.0959
--ADE (10 time steps): 0.1253	--FDE (10 time steps): 0.1802
--ADE (15 time steps): 0.1755	--FDE (15 time steps): 0.2895
--ADE (20 time steps): 0.2371	--FDE (20 time steps): 0.4303
[2025-02-24 12:37:53] Epoch: 34		Loss: 2.412390	Loss Translation.: 2.144017	Loss Uncertainty: 0.268373
--ADE (5 time steps): 0.0844	--FDE (5 time steps): 0.0945
--ADE (10 time steps): 0.1218	--FDE (10 time steps): 0.1745
--ADE (15 time steps): 0.1699	--FDE (15 time steps): 0.2825
--ADE (20 time steps): 0.2300	--FDE (20 time steps): 0.4191
[2025-02-24 12:40:08] Epoch: 35		Loss: 2.400058	Loss Translation.: 2.135257	Loss Uncertainty: 0.264802
--ADE (5 time steps): 0.0873	--FDE (5 time steps): 0.0959
--ADE (10 time steps): 0.1242	--FDE (10 time steps): 0.1753
--ADE (15 time steps): 0.1716	--FDE (15 time steps): 0.2822
--ADE (20 time steps): 0.2316	--FDE (20 time steps): 0.4199
[2025-02-24 12:42:23] Epoch: 36		Loss: 2.368939	Loss Translation.: 2.107682	Loss Uncertainty: 0.261257
--ADE (5 time steps): 0.0839	--FDE (5 time steps): 0.0925
--ADE (10 time steps): 0.1216	--FDE (10 time steps): 0.1732
--ADE (15 time steps): 0.1689	--FDE (15 time steps): 0.2775
--ADE (20 time steps): 0.2278	--FDE (20 time steps): 0.4125
[2025-02-24 12:44:39] Epoch: 37		Loss: 2.342363	Loss Translation.: 2.083715	Loss Uncertainty: 0.258648
--ADE (5 time steps): 0.0860	--FDE (5 time steps): 0.0965
--ADE (10 time steps): 0.1234	--FDE (10 time steps): 0.1735
--ADE (15 time steps): 0.1695	--FDE (15 time steps): 0.2758
--ADE (20 time steps): 0.2275	--FDE (20 time steps): 0.4101
[2025-02-24 12:46:54] Epoch: 38		Loss: 2.314353	Loss Translation.: 2.059514	Loss Uncertainty: 0.254839
--ADE (5 time steps): 0.0830	--FDE (5 time steps): 0.0943
--ADE (10 time steps): 0.1211	--FDE (10 time steps): 0.1736
--ADE (15 time steps): 0.1682	--FDE (15 time steps): 0.2767
--ADE (20 time steps): 0.2271	--FDE (20 time steps): 0.4111
[2025-02-24 12:49:10] Epoch: 39		Loss: 2.301550	Loss Translation.: 2.050000	Loss Uncertainty: 0.251549
--ADE (5 time steps): 0.0829	--FDE (5 time steps): 0.0943
--ADE (10 time steps): 0.1208	--FDE (10 time steps): 0.1721
--ADE (15 time steps): 0.1683	--FDE (15 time steps): 0.2749
--ADE (20 time steps): 0.2257	--FDE (20 time steps): 0.4058
[2025-02-24 12:51:25] Epoch: 40		Loss: 2.153262	Loss Translation.: 1.910158	Loss Uncertainty: 0.243105
--ADE (5 time steps): 0.0797	--FDE (5 time steps): 0.0893
--ADE (10 time steps): 0.1138	--FDE (10 time steps): 0.1602
--ADE (15 time steps): 0.1578	--FDE (15 time steps): 0.2580
--ADE (20 time steps): 0.2132	--FDE (20 time steps): 0.3889
[2025-02-24 12:53:40] Epoch: 41		Loss: 2.107123	Loss Translation.: 1.868216	Loss Uncertainty: 0.238907
--ADE (5 time steps): 0.0781	--FDE (5 time steps): 0.0877
--ADE (10 time steps): 0.1119	--FDE (10 time steps): 0.1574
--ADE (15 time steps): 0.1546	--FDE (15 time steps): 0.2548
--ADE (20 time steps): 0.2097	--FDE (20 time steps): 0.3841
[2025-02-24 12:55:55] Epoch: 42		Loss: 2.089952	Loss Translation.: 1.852845	Loss Uncertainty: 0.237107
--ADE (5 time steps): 0.0796	--FDE (5 time steps): 0.0895
--ADE (10 time steps): 0.1133	--FDE (10 time steps): 0.1585
--ADE (15 time steps): 0.1562	--FDE (15 time steps): 0.2565
--ADE (20 time steps): 0.2115	--FDE (20 time steps): 0.3851
[2025-02-24 12:58:11] Epoch: 43		Loss: 2.078014	Loss Translation.: 1.842645	Loss Uncertainty: 0.235368
--ADE (5 time steps): 0.0814	--FDE (5 time steps): 0.0906
--ADE (10 time steps): 0.1140	--FDE (10 time steps): 0.1576
--ADE (15 time steps): 0.1554	--FDE (15 time steps): 0.2503
--ADE (20 time steps): 0.2085	--FDE (20 time steps): 0.3752
[2025-02-24 13:00:26] Epoch: 44		Loss: 2.064176	Loss Translation.: 1.830360	Loss Uncertainty: 0.233816
--ADE (5 time steps): 0.0782	--FDE (5 time steps): 0.0884
--ADE (10 time steps): 0.1123	--FDE (10 time steps): 0.1584
--ADE (15 time steps): 0.1555	--FDE (15 time steps): 0.2566
--ADE (20 time steps): 0.2109	--FDE (20 time steps): 0.3835
[2025-02-24 13:02:41] Epoch: 45		Loss: 2.048468	Loss Translation.: 1.816670	Loss Uncertainty: 0.231798
--ADE (5 time steps): 0.0778	--FDE (5 time steps): 0.0862
--ADE (10 time steps): 0.1101	--FDE (10 time steps): 0.1535
--ADE (15 time steps): 0.1519	--FDE (15 time steps): 0.2483
--ADE (20 time steps): 0.2051	--FDE (20 time steps): 0.3721
[2025-02-24 13:04:57] Epoch: 46		Loss: 2.034391	Loss Translation.: 1.804063	Loss Uncertainty: 0.230328
--ADE (5 time steps): 0.0797	--FDE (5 time steps): 0.0888
--ADE (10 time steps): 0.1124	--FDE (10 time steps): 0.1563
--ADE (15 time steps): 0.1545	--FDE (15 time steps): 0.2526
--ADE (20 time steps): 0.2083	--FDE (20 time steps): 0.3766
[2025-02-24 13:07:12] Epoch: 47		Loss: 2.020073	Loss Translation.: 1.791123	Loss Uncertainty: 0.228950
--ADE (5 time steps): 0.0795	--FDE (5 time steps): 0.0885
--ADE (10 time steps): 0.1125	--FDE (10 time steps): 0.1559
--ADE (15 time steps): 0.1543	--FDE (15 time steps): 0.2508
--ADE (20 time steps): 0.2076	--FDE (20 time steps): 0.3738
[2025-02-24 13:09:27] Epoch: 48		Loss: 1.963817	Loss Translation.: 1.737895	Loss Uncertainty: 0.225923
--ADE (5 time steps): 0.0755	--FDE (5 time steps): 0.0853
--ADE (10 time steps): 0.1089	--FDE (10 time steps): 0.1538
--ADE (15 time steps): 0.1506	--FDE (15 time steps): 0.2462
--ADE (20 time steps): 0.2029	--FDE (20 time steps): 0.3668
[2025-02-24 13:11:42] Epoch: 49		Loss: 1.943395	Loss Translation.: 1.718813	Loss Uncertainty: 0.224583
--ADE (5 time steps): 0.0756	--FDE (5 time steps): 0.0858
--ADE (10 time steps): 0.1093	--FDE (10 time steps): 0.1549
--ADE (15 time steps): 0.1513	--FDE (15 time steps): 0.2481
--ADE (20 time steps): 0.2041	--FDE (20 time steps): 0.3698
[2025-02-24 13:13:58] Epoch: 50		Loss: 1.927324	Loss Translation.: 1.704091	Loss Uncertainty: 0.223233
--ADE (5 time steps): 0.0748	--FDE (5 time steps): 0.0849
--ADE (10 time steps): 0.1082	--FDE (10 time steps): 0.1528
--ADE (15 time steps): 0.1495	--FDE (15 time steps): 0.2447
--ADE (20 time steps): 0.2014	--FDE (20 time steps): 0.3640
[2025-02-24 13:16:13] Epoch: 51		Loss: 1.925062	Loss Translation.: 1.702207	Loss Uncertainty: 0.222856
--ADE (5 time steps): 0.0753	--FDE (5 time steps): 0.0851
--ADE (10 time steps): 0.1088	--FDE (10 time steps): 0.1536
--ADE (15 time steps): 0.1503	--FDE (15 time steps): 0.2457
--ADE (20 time steps): 0.2024	--FDE (20 time steps): 0.3650
[2025-02-24 13:18:28] Epoch: 52		Loss: 1.914037	Loss Translation.: 1.692294	Loss Uncertainty: 0.221743
--ADE (5 time steps): 0.0747	--FDE (5 time steps): 0.0845
--ADE (10 time steps): 0.1083	--FDE (10 time steps): 0.1532
--ADE (15 time steps): 0.1497	--FDE (15 time steps): 0.2451
--ADE (20 time steps): 0.2016	--FDE (20 time steps): 0.3640
[2025-02-24 13:20:43] Epoch: 53		Loss: 1.902963	Loss Translation.: 1.682276	Loss Uncertainty: 0.220687
--ADE (5 time steps): 0.0744	--FDE (5 time steps): 0.0843
--ADE (10 time steps): 0.1079	--FDE (10 time steps): 0.1529
--ADE (15 time steps): 0.1491	--FDE (15 time steps): 0.2441
--ADE (20 time steps): 0.2008	--FDE (20 time steps): 0.3625
[2025-02-24 13:22:59] Epoch: 54		Loss: 1.894145	Loss Translation.: 1.673965	Loss Uncertainty: 0.220180
--ADE (5 time steps): 0.0744	--FDE (5 time steps): 0.0846
--ADE (10 time steps): 0.1081	--FDE (10 time steps): 0.1533
--ADE (15 time steps): 0.1497	--FDE (15 time steps): 0.2445
--ADE (20 time steps): 0.2013	--FDE (20 time steps): 0.3627
[2025-02-24 13:25:14] Epoch: 55		Loss: 1.890423	Loss Translation.: 1.671126	Loss Uncertainty: 0.219296
--ADE (5 time steps): 0.0759	--FDE (5 time steps): 0.0857
--ADE (10 time steps): 0.1090	--FDE (10 time steps): 0.1533
--ADE (15 time steps): 0.1499	--FDE (15 time steps): 0.2436
--ADE (20 time steps): 0.2010	--FDE (20 time steps): 0.3603
[2025-02-24 13:27:30] Epoch: 56		Loss: 1.860879	Loss Translation.: 1.642987	Loss Uncertainty: 0.217892
--ADE (5 time steps): 0.0721	--FDE (5 time steps): 0.0813
--ADE (10 time steps): 0.1043	--FDE (10 time steps): 0.1477
--ADE (15 time steps): 0.1444	--FDE (15 time steps): 0.2351
--ADE (20 time steps): 0.1942	--FDE (20 time steps): 0.3506
[2025-02-24 13:29:45] Epoch: 57		Loss: 1.850376	Loss Translation.: 1.632910	Loss Uncertainty: 0.217466
--ADE (5 time steps): 0.0723	--FDE (5 time steps): 0.0814
--ADE (10 time steps): 0.1044	--FDE (10 time steps): 0.1475
--ADE (15 time steps): 0.1443	--FDE (15 time steps): 0.2340
--ADE (20 time steps): 0.1938	--FDE (20 time steps): 0.3497
[2025-02-24 13:32:00] Epoch: 58		Loss: 1.845943	Loss Translation.: 1.628930	Loss Uncertainty: 0.217013
--ADE (5 time steps): 0.0721	--FDE (5 time steps): 0.0811
--ADE (10 time steps): 0.1042	--FDE (10 time steps): 0.1474
--ADE (15 time steps): 0.1441	--FDE (15 time steps): 0.2339
--ADE (20 time steps): 0.1935	--FDE (20 time steps): 0.3493
[2025-02-24 13:34:15] Epoch: 59		Loss: 1.840893	Loss Translation.: 1.624119	Loss Uncertainty: 0.216774
--ADE (5 time steps): 0.0719	--FDE (5 time steps): 0.0810
--ADE (10 time steps): 0.1040	--FDE (10 time steps): 0.1471
--ADE (15 time steps): 0.1438	--FDE (15 time steps): 0.2336
--ADE (20 time steps): 0.1931	--FDE (20 time steps): 0.3485
[2025-02-24 13:36:31] Epoch: 60		Loss: 1.835414	Loss Translation.: 1.619108	Loss Uncertainty: 0.216307
--ADE (5 time steps): 0.0719	--FDE (5 time steps): 0.0809
--ADE (10 time steps): 0.1038	--FDE (10 time steps): 0.1466
--ADE (15 time steps): 0.1435	--FDE (15 time steps): 0.2328
--ADE (20 time steps): 0.1928	--FDE (20 time steps): 0.3473
[2025-02-24 13:38:46] Epoch: 61		Loss: 1.831457	Loss Translation.: 1.615524	Loss Uncertainty: 0.215933
--ADE (5 time steps): 0.0721	--FDE (5 time steps): 0.0812
--ADE (10 time steps): 0.1042	--FDE (10 time steps): 0.1476
--ADE (15 time steps): 0.1442	--FDE (15 time steps): 0.2348
--ADE (20 time steps): 0.1939	--FDE (20 time steps): 0.3495
[2025-02-24 13:41:01] Epoch: 62		Loss: 1.827876	Loss Translation.: 1.612274	Loss Uncertainty: 0.215602
--ADE (5 time steps): 0.0719	--FDE (5 time steps): 0.0809
--ADE (10 time steps): 0.1038	--FDE (10 time steps): 0.1466
--ADE (15 time steps): 0.1435	--FDE (15 time steps): 0.2327
--ADE (20 time steps): 0.1927	--FDE (20 time steps): 0.3475
[2025-02-24 13:43:16] Epoch: 63		Loss: 1.822944	Loss Translation.: 1.607851	Loss Uncertainty: 0.215094
--ADE (5 time steps): 0.0718	--FDE (5 time steps): 0.0808
--ADE (10 time steps): 0.1037	--FDE (10 time steps): 0.1467
--ADE (15 time steps): 0.1433	--FDE (15 time steps): 0.2328
--ADE (20 time steps): 0.1925	--FDE (20 time steps): 0.3472
[2025-02-24 13:45:31] Epoch: 64		Loss: 1.806638	Loss Translation.: 1.592435	Loss Uncertainty: 0.214203
--ADE (5 time steps): 0.0712	--FDE (5 time steps): 0.0798
--ADE (10 time steps): 0.1024	--FDE (10 time steps): 0.1441
--ADE (15 time steps): 0.1414	--FDE (15 time steps): 0.2288
--ADE (20 time steps): 0.1900	--FDE (20 time steps): 0.3431
[2025-02-24 13:47:47] Epoch: 65		Loss: 1.802312	Loss Translation.: 1.588391	Loss Uncertainty: 0.213921
--ADE (5 time steps): 0.0712	--FDE (5 time steps): 0.0798
--ADE (10 time steps): 0.1024	--FDE (10 time steps): 0.1441
--ADE (15 time steps): 0.1413	--FDE (15 time steps): 0.2286
--ADE (20 time steps): 0.1898	--FDE (20 time steps): 0.3429
[2025-02-24 13:50:02] Epoch: 66		Loss: 1.799274	Loss Translation.: 1.585636	Loss Uncertainty: 0.213638
--ADE (5 time steps): 0.0711	--FDE (5 time steps): 0.0797
--ADE (10 time steps): 0.1023	--FDE (10 time steps): 0.1440
--ADE (15 time steps): 0.1412	--FDE (15 time steps): 0.2284
--ADE (20 time steps): 0.1897	--FDE (20 time steps): 0.3427
[2025-02-24 13:52:17] Epoch: 67		Loss: 1.796861	Loss Translation.: 1.583437	Loss Uncertainty: 0.213424
--ADE (5 time steps): 0.0711	--FDE (5 time steps): 0.0797
--ADE (10 time steps): 0.1022	--FDE (10 time steps): 0.1439
--ADE (15 time steps): 0.1411	--FDE (15 time steps): 0.2282
--ADE (20 time steps): 0.1895	--FDE (20 time steps): 0.3424
[2025-02-24 13:54:33] Epoch: 68		Loss: 1.794283	Loss Translation.: 1.581059	Loss Uncertainty: 0.213225
--ADE (5 time steps): 0.0711	--FDE (5 time steps): 0.0796
--ADE (10 time steps): 0.1021	--FDE (10 time steps): 0.1436
--ADE (15 time steps): 0.1409	--FDE (15 time steps): 0.2280
--ADE (20 time steps): 0.1893	--FDE (20 time steps): 0.3421
[2025-02-24 13:56:48] Epoch: 69		Loss: 1.792057	Loss Translation.: 1.579022	Loss Uncertainty: 0.213035
--ADE (5 time steps): 0.0711	--FDE (5 time steps): 0.0796
--ADE (10 time steps): 0.1021	--FDE (10 time steps): 0.1436
--ADE (15 time steps): 0.1409	--FDE (15 time steps): 0.2279
--ADE (20 time steps): 0.1892	--FDE (20 time steps): 0.3419

JOB STATISTICS
==============
Job ID: 10147876
Cluster: snellius
User/Group: scur2440/scur2440
State: COMPLETED (exit code 0)
Nodes: 1
Cores per node: 18
CPU Utilized: 02:39:23
CPU Efficiency: 5.59% of 1-23:30:00 core-walltime
Job Wall-clock time: 02:38:20
Memory Utilized: 3.08 GB
Memory Efficiency: 2.57% of 120.00 GB
