***************************************************************************************************** 
* WARNING: The 2022 software stack is deprecated. Please consider switching to
the latest 2024 * 
* software stack, or the older 2023 software stack. * 
* * 
* If you have any question, please contact us via
http://servicedesk.surfsara.nl. * 
***************************************************************************************************** 

Configuration:
description: LED
results_root_dir: results
dataset: kitti
dimensions: 6
past_frames: 15
future_frames: 24
min_past_frames: 15
min_future_frames: 24
k_preds: 24
traj_mean: [14, 7.5]
traj_scale: 5
pretrained_core_denoising_model: ./results/checkpoints/base_diffusion_model.p
debug: False
diffusion: {'steps': 150, 'beta_start': 0.0001, 'beta_end': 0.05, 'beta_schedule': 'linear'}
lr: 0.001
train_batch_size: 32
test_batch_size: 32
num_epochs: 60
test_interval: 1
lr_scheduler: step
decay_step: 8
decay_gamma: 0.5

[INFO] Loading 6D Translation and Rotation (Lie Algebra) Data
KITTI dataset (1 agent).
[INFO] Kitti dataset - skip subtracting mean from absolute positions.
[INFO] Training from scratch - without pretrained models (Not NBA with frame standard configs)

[Core Denoising Model] Trainable/Total: 6627120/6627120
[Initialization Model] Trainable/Total: 7427753/7427753

[STATS] Test set average distance first and last future pose (last or 20th): Total 16.2728, Std 5.8204.
[2025-02-18 00:09:33] Epoch: 0		Loss: 66.564167	Loss Translation.: 0.471283	Loss Rotation.: 0.147216	Combined Loss Dist.: 32.041638	Loss Uncertainty: 34.522528
--ADE (5 time steps): 0.8498	--FDE (5 time steps): 0.9071
--ADE (10 time steps): 1.2184	--FDE (10 time steps): 1.8237
--ADE (15 time steps): 1.6630	--FDE (15 time steps): 2.7396
--ADE (20 time steps): 2.1632	--FDE (20 time steps): 3.6207
[2025-02-18 00:11:38] Epoch: 1		Loss: 21.286635	Loss Translation.: 0.266271	Loss Rotation.: 0.091117	Combined Loss Dist.: 19.029608	Loss Uncertainty: 2.257028
--ADE (5 time steps): 0.7576	--FDE (5 time steps): 0.8264
--ADE (10 time steps): 1.0718	--FDE (10 time steps): 1.5131
--ADE (15 time steps): 1.4688	--FDE (15 time steps): 2.1872
--ADE (20 time steps): 1.9129	--FDE (20 time steps): 3.0734
[2025-02-18 00:13:43] Epoch: 2		Loss: 17.380384	Loss Translation.: 0.216184	Loss Rotation.: 0.069801	Combined Loss Dist.: 15.354995	Loss Uncertainty: 2.025389
--ADE (5 time steps): 0.7640	--FDE (5 time steps): 0.8035
--ADE (10 time steps): 1.0666	--FDE (10 time steps): 1.4971
--ADE (15 time steps): 1.4236	--FDE (15 time steps): 2.1725
--ADE (20 time steps): 1.8245	--FDE (20 time steps): 2.8698
[2025-02-18 00:15:49] Epoch: 3		Loss: 16.181550	Loss Translation.: 0.202367	Loss Rotation.: 0.064028	Combined Loss Dist.: 14.385809	Loss Uncertainty: 1.795741
--ADE (5 time steps): 0.7006	--FDE (5 time steps): 0.7683
--ADE (10 time steps): 0.9866	--FDE (10 time steps): 1.3503
--ADE (15 time steps): 1.3058	--FDE (15 time steps): 2.0727
--ADE (20 time steps): 1.6737	--FDE (20 time steps): 2.9271
[2025-02-18 00:17:54] Epoch: 4		Loss: 15.202578	Loss Translation.: 0.192947	Loss Rotation.: 0.058814	Combined Loss Dist.: 13.620127	Loss Uncertainty: 1.582451
--ADE (5 time steps): 0.7313	--FDE (5 time steps): 0.7969
--ADE (10 time steps): 1.0231	--FDE (10 time steps): 1.3345
--ADE (15 time steps): 1.3628	--FDE (15 time steps): 2.2545
--ADE (20 time steps): 1.7665	--FDE (20 time steps): 3.2052
[2025-02-18 00:19:59] Epoch: 5		Loss: 14.046802	Loss Translation.: 0.179048	Loss Rotation.: 0.054985	Combined Loss Dist.: 12.634863	Loss Uncertainty: 1.411939
--ADE (5 time steps): 0.7361	--FDE (5 time steps): 0.7425
--ADE (10 time steps): 0.9698	--FDE (10 time steps): 1.3025
--ADE (15 time steps): 1.2745	--FDE (15 time steps): 2.0715
--ADE (20 time steps): 1.6442	--FDE (20 time steps): 2.9668
[2025-02-18 00:22:04] Epoch: 6		Loss: 13.586148	Loss Translation.: 0.174264	Loss Rotation.: 0.052021	Combined Loss Dist.: 12.256933	Loss Uncertainty: 1.329215
--ADE (5 time steps): 0.8008	--FDE (5 time steps): 0.8505
--ADE (10 time steps): 1.0677	--FDE (10 time steps): 1.5069
--ADE (15 time steps): 1.3957	--FDE (15 time steps): 2.2622
--ADE (20 time steps): 1.7687	--FDE (20 time steps): 3.0659
[2025-02-18 00:24:09] Epoch: 7		Loss: 12.373480	Loss Translation.: 0.157957	Loss Rotation.: 0.047666	Combined Loss Dist.: 11.134694	Loss Uncertainty: 1.238786
--ADE (5 time steps): 0.8074	--FDE (5 time steps): 0.8628
--ADE (10 time steps): 1.0412	--FDE (10 time steps): 1.4431
--ADE (15 time steps): 1.3939	--FDE (15 time steps): 2.3906
--ADE (20 time steps): 1.8226	--FDE (20 time steps): 3.4279
[2025-02-18 00:26:15] Epoch: 8		Loss: 9.200654	Loss Translation.: 0.116970	Loss Rotation.: 0.033608	Combined Loss Dist.: 8.088504	Loss Uncertainty: 1.112150
--ADE (5 time steps): 0.7406	--FDE (5 time steps): 0.8306
--ADE (10 time steps): 0.9816	--FDE (10 time steps): 1.3835
--ADE (15 time steps): 1.3208	--FDE (15 time steps): 2.2822
--ADE (20 time steps): 1.7290	--FDE (20 time steps): 3.2547
[2025-02-18 00:28:20] Epoch: 9		Loss: 8.583870	Loss Translation.: 0.108517	Loss Rotation.: 0.032051	Combined Loss Dist.: 7.523477	Loss Uncertainty: 1.060393
--ADE (5 time steps): 0.7716	--FDE (5 time steps): 0.8231
--ADE (10 time steps): 1.0001	--FDE (10 time steps): 1.4318
--ADE (15 time steps): 1.3368	--FDE (15 time steps): 2.2517
--ADE (20 time steps): 1.7337	--FDE (20 time steps): 3.1882
[2025-02-18 00:30:25] Epoch: 10		Loss: 8.410855	Loss Translation.: 0.105992	Loss Rotation.: 0.031369	Combined Loss Dist.: 7.387581	Loss Uncertainty: 1.023274
--ADE (5 time steps): 0.7760	--FDE (5 time steps): 0.8346
--ADE (10 time steps): 1.0118	--FDE (10 time steps): 1.4422
--ADE (15 time steps): 1.3488	--FDE (15 time steps): 2.2743
--ADE (20 time steps): 1.7475	--FDE (20 time steps): 3.2090
[2025-02-18 00:32:30] Epoch: 11		Loss: 8.259881	Loss Translation.: 0.104261	Loss Rotation.: 0.030769	Combined Loss Dist.: 7.267229	Loss Uncertainty: 0.992652
--ADE (5 time steps): 0.7794	--FDE (5 time steps): 0.8784
--ADE (10 time steps): 1.0409	--FDE (10 time steps): 1.5244
--ADE (15 time steps): 1.3922	--FDE (15 time steps): 2.3402
--ADE (20 time steps): 1.8095	--FDE (20 time steps): 3.3820
[2025-02-18 00:34:36] Epoch: 12		Loss: 8.015789	Loss Translation.: 0.100088	Loss Rotation.: 0.030795	Combined Loss Dist.: 7.062489	Loss Uncertainty: 0.953301
--ADE (5 time steps): 0.8104	--FDE (5 time steps): 0.8825
--ADE (10 time steps): 1.0342	--FDE (10 time steps): 1.4661
--ADE (15 time steps): 1.3653	--FDE (15 time steps): 2.2962
--ADE (20 time steps): 1.7669	--FDE (20 time steps): 3.2625
[2025-02-18 00:36:41] Epoch: 13		Loss: 7.744721	Loss Translation.: 0.096632	Loss Rotation.: 0.030008	Combined Loss Dist.: 6.825389	Loss Uncertainty: 0.919332
--ADE (5 time steps): 0.7425	--FDE (5 time steps): 0.8601
--ADE (10 time steps): 0.9994	--FDE (10 time steps): 1.4929
--ADE (15 time steps): 1.3500	--FDE (15 time steps): 2.3184
--ADE (20 time steps): 1.7581	--FDE (20 time steps): 3.2477
[2025-02-18 00:38:46] Epoch: 14		Loss: 7.566796	Loss Translation.: 0.094154	Loss Rotation.: 0.029498	Combined Loss Dist.: 6.675441	Loss Uncertainty: 0.891354
--ADE (5 time steps): 0.8186	--FDE (5 time steps): 0.9405
--ADE (10 time steps): 1.1009	--FDE (10 time steps): 1.6350
--ADE (15 time steps): 1.4828	--FDE (15 time steps): 2.5530
--ADE (20 time steps): 1.9247	--FDE (20 time steps): 3.5532
[2025-02-18 00:40:51] Epoch: 15		Loss: 7.398596	Loss Translation.: 0.091882	Loss Rotation.: 0.028974	Combined Loss Dist.: 6.536010	Loss Uncertainty: 0.862585
--ADE (5 time steps): 0.8096	--FDE (5 time steps): 0.9142
--ADE (10 time steps): 1.0853	--FDE (10 time steps): 1.5975
--ADE (15 time steps): 1.4609	--FDE (15 time steps): 2.5208
--ADE (20 time steps): 1.9072	--FDE (20 time steps): 3.5885
[2025-02-18 00:42:57] Epoch: 16		Loss: 5.891199	Loss Translation.: 0.071739	Loss Rotation.: 0.023226	Combined Loss Dist.: 5.087793	Loss Uncertainty: 0.803407
--ADE (5 time steps): 0.7854	--FDE (5 time steps): 0.8665
--ADE (10 time steps): 1.0002	--FDE (10 time steps): 1.3995
--ADE (15 time steps): 1.3095	--FDE (15 time steps): 2.1964
--ADE (20 time steps): 1.6876	--FDE (20 time steps): 3.1113
[2025-02-18 00:45:02] Epoch: 17		Loss: 5.580700	Loss Translation.: 0.067009	Loss Rotation.: 0.022723	Combined Loss Dist.: 4.801629	Loss Uncertainty: 0.779071
--ADE (5 time steps): 0.7432	--FDE (5 time steps): 0.8343
--ADE (10 time steps): 0.9809	--FDE (10 time steps): 1.4356
--ADE (15 time steps): 1.3246	--FDE (15 time steps): 2.3052
--ADE (20 time steps): 1.7418	--FDE (20 time steps): 3.3190
[2025-02-18 00:47:08] Epoch: 18		Loss: 5.486825	Loss Translation.: 0.065830	Loss Rotation.: 0.022539	Combined Loss Dist.: 4.723647	Loss Uncertainty: 0.763178
--ADE (5 time steps): 0.7623	--FDE (5 time steps): 0.8648
--ADE (10 time steps): 1.0241	--FDE (10 time steps): 1.5266
--ADE (15 time steps): 1.3883	--FDE (15 time steps): 2.4323
--ADE (20 time steps): 1.8239	--FDE (20 time steps): 3.4818
[2025-02-18 00:49:13] Epoch: 19		Loss: 5.370093	Loss Translation.: 0.064098	Loss Rotation.: 0.022211	Combined Loss Dist.: 4.623750	Loss Uncertainty: 0.746343
--ADE (5 time steps): 0.7736	--FDE (5 time steps): 0.9086
--ADE (10 time steps): 1.0664	--FDE (10 time steps): 1.6029
--ADE (15 time steps): 1.4491	--FDE (15 time steps): 2.5585
--ADE (20 time steps): 1.9072	--FDE (20 time steps): 3.6449
[2025-02-18 00:51:18] Epoch: 20		Loss: 5.299620	Loss Translation.: 0.063004	Loss Rotation.: 0.022255	Combined Loss Dist.: 4.564538	Loss Uncertainty: 0.735082
--ADE (5 time steps): 0.7831	--FDE (5 time steps): 0.8879
--ADE (10 time steps): 1.0489	--FDE (10 time steps): 1.5624
--ADE (15 time steps): 1.4225	--FDE (15 time steps): 2.5089
--ADE (20 time steps): 1.8730	--FDE (20 time steps): 3.5818
[2025-02-18 00:53:23] Epoch: 21		Loss: 5.181641	Loss Translation.: 0.061383	Loss Rotation.: 0.021898	Combined Loss Dist.: 4.459201	Loss Uncertainty: 0.722439
--ADE (5 time steps): 0.7540	--FDE (5 time steps): 0.8684
--ADE (10 time steps): 1.0209	--FDE (10 time steps): 1.5231
--ADE (15 time steps): 1.3854	--FDE (15 time steps): 2.4539
--ADE (20 time steps): 1.8313	--FDE (20 time steps): 3.5491
[2025-02-18 00:55:29] Epoch: 22		Loss: 5.115798	Loss Translation.: 0.060475	Loss Rotation.: 0.021781	Combined Loss Dist.: 4.401466	Loss Uncertainty: 0.714332
--ADE (5 time steps): 0.7996	--FDE (5 time steps): 0.9352
--ADE (10 time steps): 1.0912	--FDE (10 time steps): 1.6375
--ADE (15 time steps): 1.4806	--FDE (15 time steps): 2.6200
--ADE (20 time steps): 1.9531	--FDE (20 time steps): 3.7605
[2025-02-18 00:57:34] Epoch: 23		Loss: 5.115403	Loss Translation.: 0.060613	Loss Rotation.: 0.021755	Combined Loss Dist.: 4.408574	Loss Uncertainty: 0.706829
--ADE (5 time steps): 0.7583	--FDE (5 time steps): 0.8749
--ADE (10 time steps): 1.0453	--FDE (10 time steps): 1.5950
--ADE (15 time steps): 1.4434	--FDE (15 time steps): 2.6037
--ADE (20 time steps): 1.9265	--FDE (20 time steps): 3.7780
[2025-02-18 00:59:39] Epoch: 24		Loss: 4.361381	Loss Translation.: 0.049937	Loss Rotation.: 0.019159	Combined Loss Dist.: 3.681311	Loss Uncertainty: 0.680071
--ADE (5 time steps): 0.7711	--FDE (5 time steps): 0.8837
--ADE (10 time steps): 1.0303	--FDE (10 time steps): 1.5214
--ADE (15 time steps): 1.3885	--FDE (15 time steps): 2.4279
--ADE (20 time steps): 1.8254	--FDE (20 time steps): 3.4994
[2025-02-18 01:01:45] Epoch: 25		Loss: 4.219760	Loss Translation.: 0.047869	Loss Rotation.: 0.018893	Combined Loss Dist.: 3.550262	Loss Uncertainty: 0.669498
--ADE (5 time steps): 0.7629	--FDE (5 time steps): 0.8840
--ADE (10 time steps): 1.0359	--FDE (10 time steps): 1.5500
--ADE (15 time steps): 1.4088	--FDE (15 time steps): 2.4849
--ADE (20 time steps): 1.8606	--FDE (20 time steps): 3.5881
[2025-02-18 01:03:50] Epoch: 26		Loss: 4.154136	Loss Translation.: 0.047260	Loss Rotation.: 0.018464	Combined Loss Dist.: 3.490622	Loss Uncertainty: 0.663514
--ADE (5 time steps): 0.7680	--FDE (5 time steps): 0.8951
--ADE (10 time steps): 1.0483	--FDE (10 time steps): 1.5704
--ADE (15 time steps): 1.4273	--FDE (15 time steps): 2.5261
--ADE (20 time steps): 1.8875	--FDE (20 time steps): 3.6464
[2025-02-18 01:05:55] Epoch: 27		Loss: 4.081042	Loss Translation.: 0.045887	Loss Rotation.: 0.018508	Combined Loss Dist.: 3.424185	Loss Uncertainty: 0.656857
--ADE (5 time steps): 0.7665	--FDE (5 time steps): 0.8795
--ADE (10 time steps): 1.0251	--FDE (10 time steps): 1.5181
--ADE (15 time steps): 1.3836	--FDE (15 time steps): 2.4285
--ADE (20 time steps): 1.8222	--FDE (20 time steps): 3.5078
[2025-02-18 01:08:01] Epoch: 28		Loss: 4.043498	Loss Translation.: 0.045366	Loss Rotation.: 0.018474	Combined Loss Dist.: 3.392930	Loss Uncertainty: 0.650568
--ADE (5 time steps): 0.7675	--FDE (5 time steps): 0.8870
--ADE (10 time steps): 1.0375	--FDE (10 time steps): 1.5457
--ADE (15 time steps): 1.4071	--FDE (15 time steps): 2.4787
--ADE (20 time steps): 1.8582	--FDE (20 time steps): 3.5929
[2025-02-18 01:10:06] Epoch: 29		Loss: 4.007526	Loss Translation.: 0.044795	Loss Rotation.: 0.018419	Combined Loss Dist.: 3.362306	Loss Uncertainty: 0.645221
--ADE (5 time steps): 0.7551	--FDE (5 time steps): 0.8745
--ADE (10 time steps): 1.0242	--FDE (10 time steps): 1.5260
--ADE (15 time steps): 1.3924	--FDE (15 time steps): 2.4639
--ADE (20 time steps): 1.8431	--FDE (20 time steps): 3.5778
[2025-02-18 01:12:11] Epoch: 30		Loss: 3.966142	Loss Translation.: 0.044209	Loss Rotation.: 0.018329	Combined Loss Dist.: 3.325045	Loss Uncertainty: 0.641097
--ADE (5 time steps): 0.7673	--FDE (5 time steps): 0.8817
--ADE (10 time steps): 1.0368	--FDE (10 time steps): 1.5426
--ADE (15 time steps): 1.4054	--FDE (15 time steps): 2.4707
--ADE (20 time steps): 1.8545	--FDE (20 time steps): 3.5745
[2025-02-18 01:14:17] Epoch: 31		Loss: 3.935837	Loss Translation.: 0.043858	Loss Rotation.: 0.018179	Combined Loss Dist.: 3.300265	Loss Uncertainty: 0.635573
--ADE (5 time steps): 0.7731	--FDE (5 time steps): 0.8947
--ADE (10 time steps): 1.0446	--FDE (10 time steps): 1.5498
--ADE (15 time steps): 1.4142	--FDE (15 time steps): 2.4833
--ADE (20 time steps): 1.8631	--FDE (20 time steps): 3.5857
[2025-02-18 01:16:22] Epoch: 32		Loss: 3.605226	Loss Translation.: 0.039034	Loss Rotation.: 0.017271	Combined Loss Dist.: 2.982082	Loss Uncertainty: 0.623144
--ADE (5 time steps): 0.7728	--FDE (5 time steps): 0.8965
--ADE (10 time steps): 1.0466	--FDE (10 time steps): 1.5625
--ADE (15 time steps): 1.4221	--FDE (15 time steps): 2.5114
--ADE (20 time steps): 1.8800	--FDE (20 time steps): 3.6328
[2025-02-18 01:18:27] Epoch: 33		Loss: 3.514942	Loss Translation.: 0.037616	Loss Rotation.: 0.017035	Combined Loss Dist.: 2.897086	Loss Uncertainty: 0.617856
--ADE (5 time steps): 0.7638	--FDE (5 time steps): 0.8874
--ADE (10 time steps): 1.0380	--FDE (10 time steps): 1.5517
--ADE (15 time steps): 1.4133	--FDE (15 time steps): 2.4978
--ADE (20 time steps): 1.8702	--FDE (20 time steps): 3.6161
[2025-02-18 01:20:33] Epoch: 34		Loss: 3.494266	Loss Translation.: 0.037468	Loss Rotation.: 0.016930	Combined Loss Dist.: 2.879247	Loss Uncertainty: 0.615019
--ADE (5 time steps): 0.7726	--FDE (5 time steps): 0.9016
--ADE (10 time steps): 1.0526	--FDE (10 time steps): 1.5741
--ADE (15 time steps): 1.4299	--FDE (15 time steps): 2.5226
--ADE (20 time steps): 1.8889	--FDE (20 time steps): 3.6435
[2025-02-18 01:22:38] Epoch: 35		Loss: 3.453059	Loss Translation.: 0.036834	Loss Rotation.: 0.016872	Combined Loss Dist.: 2.842144	Loss Uncertainty: 0.610915
--ADE (5 time steps): 0.7741	--FDE (5 time steps): 0.9124
--ADE (10 time steps): 1.0643	--FDE (10 time steps): 1.6062
--ADE (15 time steps): 1.4526	--FDE (15 time steps): 2.5731
--ADE (20 time steps): 1.9205	--FDE (20 time steps): 3.7140
[2025-02-18 01:24:44] Epoch: 36		Loss: 3.423868	Loss Translation.: 0.036325	Loss Rotation.: 0.016899	Combined Loss Dist.: 2.816912	Loss Uncertainty: 0.606956
--ADE (5 time steps): 0.7638	--FDE (5 time steps): 0.8930
--ADE (10 time steps): 1.0446	--FDE (10 time steps): 1.5697
--ADE (15 time steps): 1.4237	--FDE (15 time steps): 2.5203
--ADE (20 time steps): 1.8842	--FDE (20 time steps): 3.6453
[2025-02-18 01:26:49] Epoch: 37		Loss: 3.413189	Loss Translation.: 0.036266	Loss Rotation.: 0.016818	Combined Loss Dist.: 2.809099	Loss Uncertainty: 0.604090
--ADE (5 time steps): 0.7687	--FDE (5 time steps): 0.8995
--ADE (10 time steps): 1.0488	--FDE (10 time steps): 1.5758
--ADE (15 time steps): 1.4286	--FDE (15 time steps): 2.5261
--ADE (20 time steps): 1.8888	--FDE (20 time steps): 3.6469
[2025-02-18 01:28:54] Epoch: 38		Loss: 3.376133	Loss Translation.: 0.035627	Loss Rotation.: 0.016805	Combined Loss Dist.: 2.775282	Loss Uncertainty: 0.600851
--ADE (5 time steps): 0.7622	--FDE (5 time steps): 0.8930
--ADE (10 time steps): 1.0436	--FDE (10 time steps): 1.5677
--ADE (15 time steps): 1.4245	--FDE (15 time steps): 2.5242
--ADE (20 time steps): 1.8863	--FDE (20 time steps): 3.6502
[2025-02-18 01:31:00] Epoch: 39		Loss: 3.359182	Loss Translation.: 0.035367	Loss Rotation.: 0.016772	Combined Loss Dist.: 2.761400	Loss Uncertainty: 0.597782
--ADE (5 time steps): 0.7632	--FDE (5 time steps): 0.8926
--ADE (10 time steps): 1.0425	--FDE (10 time steps): 1.5632
--ADE (15 time steps): 1.4205	--FDE (15 time steps): 2.5126
--ADE (20 time steps): 1.8783	--FDE (20 time steps): 3.6263
[2025-02-18 01:33:05] Epoch: 40		Loss: 3.214749	Loss Translation.: 0.033330	Loss Rotation.: 0.016291	Combined Loss Dist.: 2.622381	Loss Uncertainty: 0.592368
--ADE (5 time steps): 0.7644	--FDE (5 time steps): 0.8945
--ADE (10 time steps): 1.0461	--FDE (10 time steps): 1.5735
--ADE (15 time steps): 1.4269	--FDE (15 time steps): 2.5286
--ADE (20 time steps): 1.8880	--FDE (20 time steps): 3.6490
[2025-02-18 01:35:10] Epoch: 41		Loss: 3.183360	Loss Translation.: 0.032851	Loss Rotation.: 0.016217	Combined Loss Dist.: 2.592981	Loss Uncertainty: 0.590379
--ADE (5 time steps): 0.7679	--FDE (5 time steps): 0.8996
--ADE (10 time steps): 1.0512	--FDE (10 time steps): 1.5802
--ADE (15 time steps): 1.4333	--FDE (15 time steps): 2.5373
--ADE (20 time steps): 1.8956	--FDE (20 time steps): 3.6607
[2025-02-18 01:37:15] Epoch: 42		Loss: 3.166295	Loss Translation.: 0.032632	Loss Rotation.: 0.016176	Combined Loss Dist.: 2.577738	Loss Uncertainty: 0.588556
--ADE (5 time steps): 0.7706	--FDE (5 time steps): 0.9033
--ADE (10 time steps): 1.0553	--FDE (10 time steps): 1.5893
--ADE (15 time steps): 1.4396	--FDE (15 time steps): 2.5478
--ADE (20 time steps): 1.9033	--FDE (20 time steps): 3.6752
[2025-02-18 01:39:21] Epoch: 43		Loss: 3.148683	Loss Translation.: 0.032369	Loss Rotation.: 0.016141	Combined Loss Dist.: 2.562105	Loss Uncertainty: 0.586577
--ADE (5 time steps): 0.7659	--FDE (5 time steps): 0.8981
--ADE (10 time steps): 1.0510	--FDE (10 time steps): 1.5846
--ADE (15 time steps): 1.4357	--FDE (15 time steps): 2.5484
--ADE (20 time steps): 1.9010	--FDE (20 time steps): 3.6795
[2025-02-18 01:41:26] Epoch: 44		Loss: 3.132147	Loss Translation.: 0.032144	Loss Rotation.: 0.016109	Combined Loss Dist.: 2.547413	Loss Uncertainty: 0.584734
--ADE (5 time steps): 0.7678	--FDE (5 time steps): 0.9014
--ADE (10 time steps): 1.0542	--FDE (10 time steps): 1.5896
--ADE (15 time steps): 1.4393	--FDE (15 time steps): 2.5511
--ADE (20 time steps): 1.9037	--FDE (20 time steps): 3.6788
[2025-02-18 01:43:31] Epoch: 45		Loss: 3.120118	Loss Translation.: 0.031954	Loss Rotation.: 0.016087	Combined Loss Dist.: 2.537122	Loss Uncertainty: 0.582996
--ADE (5 time steps): 0.7681	--FDE (5 time steps): 0.9002
--ADE (10 time steps): 1.0525	--FDE (10 time steps): 1.5854
--ADE (15 time steps): 1.4366	--FDE (15 time steps): 2.5457
--ADE (20 time steps): 1.9002	--FDE (20 time steps): 3.6723
[2025-02-18 01:45:36] Epoch: 46		Loss: 3.100050	Loss Translation.: 0.031662	Loss Rotation.: 0.016054	Combined Loss Dist.: 2.519136	Loss Uncertainty: 0.580915
--ADE (5 time steps): 0.7677	--FDE (5 time steps): 0.8995
--ADE (10 time steps): 1.0511	--FDE (10 time steps): 1.5802
--ADE (15 time steps): 1.4332	--FDE (15 time steps): 2.5351
--ADE (20 time steps): 1.8948	--FDE (20 time steps): 3.6570
[2025-02-18 01:47:42] Epoch: 47		Loss: 3.089358	Loss Translation.: 0.031498	Loss Rotation.: 0.016052	Combined Loss Dist.: 2.509911	Loss Uncertainty: 0.579447
--ADE (5 time steps): 0.7692	--FDE (5 time steps): 0.9040
--ADE (10 time steps): 1.0558	--FDE (10 time steps): 1.5900
--ADE (15 time steps): 1.4403	--FDE (15 time steps): 2.5499
--ADE (20 time steps): 1.9038	--FDE (20 time steps): 3.6781
[2025-02-18 01:49:47] Epoch: 48		Loss: 3.021501	Loss Translation.: 0.030581	Loss Rotation.: 0.015757	Combined Loss Dist.: 2.444600	Loss Uncertainty: 0.576901
--ADE (5 time steps): 0.7688	--FDE (5 time steps): 0.9020
--ADE (10 time steps): 1.0546	--FDE (10 time steps): 1.5881
--ADE (15 time steps): 1.4385	--FDE (15 time steps): 2.5439
--ADE (20 time steps): 1.9007	--FDE (20 time steps): 3.6672
[2025-02-18 01:51:52] Epoch: 49		Loss: 3.003136	Loss Translation.: 0.030286	Loss Rotation.: 0.015744	Combined Loss Dist.: 2.427372	Loss Uncertainty: 0.575764
--ADE (5 time steps): 0.7679	--FDE (5 time steps): 0.9006
--ADE (10 time steps): 1.0534	--FDE (10 time steps): 1.5868
--ADE (15 time steps): 1.4374	--FDE (15 time steps): 2.5447
--ADE (20 time steps): 1.9002	--FDE (20 time steps): 3.6684
[2025-02-18 01:53:57] Epoch: 50		Loss: 2.992870	Loss Translation.: 0.030159	Loss Rotation.: 0.015714	Combined Loss Dist.: 2.418057	Loss Uncertainty: 0.574813
--ADE (5 time steps): 0.7673	--FDE (5 time steps): 0.9014
--ADE (10 time steps): 1.0544	--FDE (10 time steps): 1.5900
--ADE (15 time steps): 1.4397	--FDE (15 time steps): 2.5504
--ADE (20 time steps): 1.9036	--FDE (20 time steps): 3.6771
[2025-02-18 01:56:02] Epoch: 51		Loss: 2.985479	Loss Translation.: 0.030042	Loss Rotation.: 0.015703	Combined Loss Dist.: 2.411583	Loss Uncertainty: 0.573896
--ADE (5 time steps): 0.7678	--FDE (5 time steps): 0.9015
--ADE (10 time steps): 1.0543	--FDE (10 time steps): 1.5884
--ADE (15 time steps): 1.4387	--FDE (15 time steps): 2.5471
--ADE (20 time steps): 1.9019	--FDE (20 time steps): 3.6715
[2025-02-18 01:58:07] Epoch: 52		Loss: 2.976790	Loss Translation.: 0.029907	Loss Rotation.: 0.015702	Combined Loss Dist.: 2.403879	Loss Uncertainty: 0.572911
--ADE (5 time steps): 0.7680	--FDE (5 time steps): 0.9013
--ADE (10 time steps): 1.0544	--FDE (10 time steps): 1.5896
--ADE (15 time steps): 1.4393	--FDE (15 time steps): 2.5500
--ADE (20 time steps): 1.9032	--FDE (20 time steps): 3.6761
[2025-02-18 02:00:13] Epoch: 53		Loss: 2.969252	Loss Translation.: 0.029796	Loss Rotation.: 0.015687	Combined Loss Dist.: 2.397315	Loss Uncertainty: 0.571937
--ADE (5 time steps): 0.7683	--FDE (5 time steps): 0.9024
--ADE (10 time steps): 1.0552	--FDE (10 time steps): 1.5906
--ADE (15 time steps): 1.4402	--FDE (15 time steps): 2.5507
--ADE (20 time steps): 1.9041	--FDE (20 time steps): 3.6770
[2025-02-18 02:02:18] Epoch: 54		Loss: 2.960404	Loss Translation.: 0.029659	Loss Rotation.: 0.015678	Combined Loss Dist.: 2.389350	Loss Uncertainty: 0.571054
--ADE (5 time steps): 0.7660	--FDE (5 time steps): 0.9006
--ADE (10 time steps): 1.0537	--FDE (10 time steps): 1.5901
--ADE (15 time steps): 1.4394	--FDE (15 time steps): 2.5521
--ADE (20 time steps): 1.9038	--FDE (20 time steps): 3.6797
[2025-02-18 02:04:23] Epoch: 55		Loss: 2.954116	Loss Translation.: 0.029561	Loss Rotation.: 0.015669	Combined Loss Dist.: 2.384017	Loss Uncertainty: 0.570100
--ADE (5 time steps): 0.7668	--FDE (5 time steps): 0.9008
--ADE (10 time steps): 1.0539	--FDE (10 time steps): 1.5892
--ADE (15 time steps): 1.4387	--FDE (15 time steps): 2.5495
--ADE (20 time steps): 1.9027	--FDE (20 time steps): 3.6759
[2025-02-18 02:06:28] Epoch: 56		Loss: 2.918300	Loss Translation.: 0.029057	Loss Rotation.: 0.015534	Combined Loss Dist.: 2.349406	Loss Uncertainty: 0.568894
--ADE (5 time steps): 0.7666	--FDE (5 time steps): 0.9023
--ADE (10 time steps): 1.0552	--FDE (10 time steps): 1.5931
--ADE (15 time steps): 1.4411	--FDE (15 time steps): 2.5539
--ADE (20 time steps): 1.9056	--FDE (20 time steps): 3.6808
[2025-02-18 02:08:33] Epoch: 57		Loss: 2.908996	Loss Translation.: 0.028922	Loss Rotation.: 0.015513	Combined Loss Dist.: 2.340721	Loss Uncertainty: 0.568275
--ADE (5 time steps): 0.7668	--FDE (5 time steps): 0.9029
--ADE (10 time steps): 1.0558	--FDE (10 time steps): 1.5945
--ADE (15 time steps): 1.4423	--FDE (15 time steps): 2.5567
--ADE (20 time steps): 1.9073	--FDE (20 time steps): 3.6844
[2025-02-18 02:10:38] Epoch: 58		Loss: 2.902829	Loss Translation.: 0.028822	Loss Rotation.: 0.015509	Combined Loss Dist.: 2.335106	Loss Uncertainty: 0.567723
--ADE (5 time steps): 0.7666	--FDE (5 time steps): 0.9028
--ADE (10 time steps): 1.0557	--FDE (10 time steps): 1.5946
--ADE (15 time steps): 1.4422	--FDE (15 time steps): 2.5566
--ADE (20 time steps): 1.9072	--FDE (20 time steps): 3.6846
[2025-02-18 02:12:43] Epoch: 59		Loss: 2.897326	Loss Translation.: 0.028740	Loss Rotation.: 0.015498	Combined Loss Dist.: 2.330086	Loss Uncertainty: 0.567241
--ADE (5 time steps): 0.7666	--FDE (5 time steps): 0.9029
--ADE (10 time steps): 1.0558	--FDE (10 time steps): 1.5945
--ADE (15 time steps): 1.4421	--FDE (15 time steps): 2.5565
--ADE (20 time steps): 1.9070	--FDE (20 time steps): 3.6840

JOB STATISTICS
==============
Job ID: 10036007
Cluster: snellius
User/Group: scur2440/scur2440
State: COMPLETED (exit code 0)
Nodes: 1
Cores per node: 18
CPU Utilized: 02:06:42
CPU Efficiency: 5.60% of 1-13:41:42 core-walltime
Job Wall-clock time: 02:05:39
Memory Utilized: 3.13 GB
Memory Efficiency: 2.61% of 120.00 GB
