***************************************************************************************************** 
* WARNING: The 2022 software stack is deprecated. Please consider switching to
the latest 2024 * 
* software stack, or the older 2023 software stack. * 
* * 
* If you have any question, please contact us via
http://servicedesk.surfsara.nl. * 
***************************************************************************************************** 

Configuration:
description: LED
results_root_dir: results
dataset: kitti
dimensions: 6
past_frames: 15
future_frames: 24
min_past_frames: 15
min_future_frames: 24
k_preds: 24
traj_mean: [14, 7.5]
traj_scale: 5
pretrained_core_denoising_model: ./results/checkpoints/base_diffusion_model.p
debug: False
diffusion: {'steps': 150, 'beta_start': 0.0001, 'beta_end': 0.05, 'beta_schedule': 'linear'}
lr: 0.001
train_batch_size: 32
test_batch_size: 32
num_epochs: 60
test_interval: 1
lr_scheduler: step
decay_step: 8
decay_gamma: 0.5

[INFO] Loading 6D Translation and Rotation (Lie Algebra) Data
KITTI dataset (1 agent).
[INFO] Kitti dataset - skip subtracting mean from absolute positions.
[INFO] Training from scratch - without pretrained models (Not NBA with frame standard configs)

[Core Denoising Model] Trainable/Total: 6627120/6627120
[Initialization Model] Trainable/Total: 7427753/7427753

[STATS] Test set average distance first and last future pose (last or 20th): Total 16.2728, Std 5.8204.
[2025-02-18 00:09:12] Epoch: 0		Loss: 1620.842384	Loss Translation.: 0.446973	Loss Rotation.: 0.141595	Combined Loss Dist.: 30.623120	Loss Uncertainty: 1590.219213
--ADE (5 time steps): 0.7212	--FDE (5 time steps): 0.8399
--ADE (10 time steps): 1.1401	--FDE (10 time steps): 1.7259
--ADE (15 time steps): 1.6086	--FDE (15 time steps): 2.6020
--ADE (20 time steps): 2.1051	--FDE (20 time steps): 3.6752
[2025-02-18 00:11:17] Epoch: 1		Loss: 20.692019	Loss Translation.: 0.263190	Loss Rotation.: 0.086668	Combined Loss Dist.: 18.533317	Loss Uncertainty: 2.158702
--ADE (5 time steps): 0.7870	--FDE (5 time steps): 1.0142
--ADE (10 time steps): 1.2045	--FDE (10 time steps): 1.8111
--ADE (15 time steps): 1.6697	--FDE (15 time steps): 2.7973
--ADE (20 time steps): 2.1905	--FDE (20 time steps): 3.7589
[2025-02-18 00:13:22] Epoch: 2		Loss: 17.425112	Loss Translation.: 0.222519	Loss Rotation.: 0.064925	Combined Loss Dist.: 15.526106	Loss Uncertainty: 1.899006
--ADE (5 time steps): 0.6662	--FDE (5 time steps): 0.6303
--ADE (10 time steps): 0.9392	--FDE (10 time steps): 1.3600
--ADE (15 time steps): 1.3241	--FDE (15 time steps): 2.3886
--ADE (20 time steps): 1.7717	--FDE (20 time steps): 3.3288
[2025-02-18 00:15:28] Epoch: 3		Loss: 15.832000	Loss Translation.: 0.203740	Loss Rotation.: 0.057685	Combined Loss Dist.: 14.206435	Loss Uncertainty: 1.625565
--ADE (5 time steps): 0.5206	--FDE (5 time steps): 0.5902
--ADE (10 time steps): 0.7971	--FDE (10 time steps): 1.3006
--ADE (15 time steps): 1.1543	--FDE (15 time steps): 2.1111
--ADE (20 time steps): 1.5570	--FDE (20 time steps): 3.0108
[2025-02-18 00:17:33] Epoch: 4		Loss: 14.103923	Loss Translation.: 0.183656	Loss Rotation.: 0.049595	Combined Loss Dist.: 12.689018	Loss Uncertainty: 1.414905
--ADE (5 time steps): 0.4982	--FDE (5 time steps): 0.5495
--ADE (10 time steps): 0.7387	--FDE (10 time steps): 1.1461
--ADE (15 time steps): 1.0438	--FDE (15 time steps): 1.8882
--ADE (20 time steps): 1.3989	--FDE (20 time steps): 2.6865
[2025-02-18 00:19:38] Epoch: 5		Loss: 13.420888	Loss Translation.: 0.176734	Loss Rotation.: 0.046243	Combined Loss Dist.: 12.101188	Loss Uncertainty: 1.319700
--ADE (5 time steps): 0.6927	--FDE (5 time steps): 0.8114
--ADE (10 time steps): 0.9868	--FDE (10 time steps): 1.4665
--ADE (15 time steps): 1.3284	--FDE (15 time steps): 2.1990
--ADE (20 time steps): 1.7078	--FDE (20 time steps): 3.0220
[2025-02-18 00:21:43] Epoch: 6		Loss: 12.663985	Loss Translation.: 0.166984	Loss Rotation.: 0.042965	Combined Loss Dist.: 11.423088	Loss Uncertainty: 1.240897
--ADE (5 time steps): 0.5932	--FDE (5 time steps): 0.6600
--ADE (10 time steps): 0.8221	--FDE (10 time steps): 1.2133
--ADE (15 time steps): 1.1098	--FDE (15 time steps): 1.8872
--ADE (20 time steps): 1.4408	--FDE (20 time steps): 2.6526
[2025-02-18 00:23:48] Epoch: 7		Loss: 11.995934	Loss Translation.: 0.156710	Loss Rotation.: 0.041476	Combined Loss Dist.: 10.837290	Loss Uncertainty: 1.158644
--ADE (5 time steps): 0.5301	--FDE (5 time steps): 0.6165
--ADE (10 time steps): 0.7964	--FDE (10 time steps): 1.2357
--ADE (15 time steps): 1.1218	--FDE (15 time steps): 1.9805
--ADE (20 time steps): 1.4863	--FDE (20 time steps): 2.7975
[2025-02-18 00:25:53] Epoch: 8		Loss: 9.129243	Loss Translation.: 0.118787	Loss Rotation.: 0.030433	Combined Loss Dist.: 8.092986	Loss Uncertainty: 1.036257
--ADE (5 time steps): 0.5381	--FDE (5 time steps): 0.6419
--ADE (10 time steps): 0.7983	--FDE (10 time steps): 1.2648
--ADE (15 time steps): 1.1298	--FDE (15 time steps): 2.0055
--ADE (20 time steps): 1.5012	--FDE (20 time steps): 2.8361
[2025-02-18 00:27:59] Epoch: 9		Loss: 8.329384	Loss Translation.: 0.106216	Loss Rotation.: 0.029117	Combined Loss Dist.: 7.356577	Loss Uncertainty: 0.972806
--ADE (5 time steps): 0.4875	--FDE (5 time steps): 0.5818
--ADE (10 time steps): 0.7342	--FDE (10 time steps): 1.1542
--ADE (15 time steps): 1.0458	--FDE (15 time steps): 1.9112
--ADE (20 time steps): 1.4126	--FDE (20 time steps): 2.7415
[2025-02-18 00:30:04] Epoch: 10		Loss: 7.925102	Loss Translation.: 0.100424	Loss Rotation.: 0.027711	Combined Loss Dist.: 6.982318	Loss Uncertainty: 0.942784
--ADE (5 time steps): 0.5276	--FDE (5 time steps): 0.6031
--ADE (10 time steps): 0.7377	--FDE (10 time steps): 1.1189
--ADE (15 time steps): 1.0270	--FDE (15 time steps): 1.7996
--ADE (20 time steps): 1.3719	--FDE (20 time steps): 2.6253
[2025-02-18 00:32:10] Epoch: 11		Loss: 7.747933	Loss Translation.: 0.097156	Loss Rotation.: 0.027773	Combined Loss Dist.: 6.833676	Loss Uncertainty: 0.914257
--ADE (5 time steps): 0.4887	--FDE (5 time steps): 0.5702
--ADE (10 time steps): 0.7299	--FDE (10 time steps): 1.1578
--ADE (15 time steps): 1.0428	--FDE (15 time steps): 1.9124
--ADE (20 time steps): 1.4096	--FDE (20 time steps): 2.7826
[2025-02-18 00:34:15] Epoch: 12		Loss: 7.520733	Loss Translation.: 0.093749	Loss Rotation.: 0.027266	Combined Loss Dist.: 6.632904	Loss Uncertainty: 0.887829
--ADE (5 time steps): 0.5336	--FDE (5 time steps): 0.5972
--ADE (10 time steps): 0.7442	--FDE (10 time steps): 1.1274
--ADE (15 time steps): 1.0363	--FDE (15 time steps): 1.7972
--ADE (20 time steps): 1.3968	--FDE (20 time steps): 2.7462
[2025-02-18 00:36:20] Epoch: 13		Loss: 7.187080	Loss Translation.: 0.089646	Loss Rotation.: 0.026237	Combined Loss Dist.: 6.333994	Loss Uncertainty: 0.853087
--ADE (5 time steps): 0.5857	--FDE (5 time steps): 0.6659
--ADE (10 time steps): 0.8037	--FDE (10 time steps): 1.2096
--ADE (15 time steps): 1.1070	--FDE (15 time steps): 1.8699
--ADE (20 time steps): 1.4635	--FDE (20 time steps): 2.7743
[2025-02-18 00:38:25] Epoch: 14		Loss: 7.188770	Loss Translation.: 0.089414	Loss Rotation.: 0.026483	Combined Loss Dist.: 6.352923	Loss Uncertainty: 0.835848
--ADE (5 time steps): 0.5200	--FDE (5 time steps): 0.6212
--ADE (10 time steps): 0.7749	--FDE (10 time steps): 1.2198
--ADE (15 time steps): 1.0945	--FDE (15 time steps): 1.9542
--ADE (20 time steps): 1.4652	--FDE (20 time steps): 2.8423
[2025-02-18 00:40:31] Epoch: 15		Loss: 7.009173	Loss Translation.: 0.087198	Loss Rotation.: 0.025808	Combined Loss Dist.: 6.193954	Loss Uncertainty: 0.815218
--ADE (5 time steps): 0.5275	--FDE (5 time steps): 0.6116
--ADE (10 time steps): 0.7526	--FDE (10 time steps): 1.1600
--ADE (15 time steps): 1.0494	--FDE (15 time steps): 1.8754
--ADE (20 time steps): 1.4014	--FDE (20 time steps): 2.7116
[2025-02-18 00:42:36] Epoch: 16		Loss: 5.750734	Loss Translation.: 0.069826	Loss Rotation.: 0.021896	Combined Loss Dist.: 4.996045	Loss Uncertainty: 0.754689
--ADE (5 time steps): 0.5501	--FDE (5 time steps): 0.6338
--ADE (10 time steps): 0.7672	--FDE (10 time steps): 1.1670
--ADE (15 time steps): 1.0572	--FDE (15 time steps): 1.8580
--ADE (20 time steps): 1.4016	--FDE (20 time steps): 2.6954
[2025-02-18 00:44:42] Epoch: 17		Loss: 5.378527	Loss Translation.: 0.064064	Loss Rotation.: 0.021347	Combined Loss Dist.: 4.651865	Loss Uncertainty: 0.726662
--ADE (5 time steps): 0.5071	--FDE (5 time steps): 0.5964
--ADE (10 time steps): 0.7399	--FDE (10 time steps): 1.1711
--ADE (15 time steps): 1.0507	--FDE (15 time steps): 1.9212
--ADE (20 time steps): 1.4189	--FDE (20 time steps): 2.8042
[2025-02-18 00:46:47] Epoch: 18		Loss: 5.237184	Loss Translation.: 0.062019	Loss Rotation.: 0.021035	Combined Loss Dist.: 4.523053	Loss Uncertainty: 0.714131
--ADE (5 time steps): 0.5308	--FDE (5 time steps): 0.6322
--ADE (10 time steps): 0.7761	--FDE (10 time steps): 1.2358
--ADE (15 time steps): 1.1051	--FDE (15 time steps): 2.0341
--ADE (20 time steps): 1.4952	--FDE (20 time steps): 2.9770
[2025-02-18 00:48:52] Epoch: 19		Loss: 5.141463	Loss Translation.: 0.060634	Loss Rotation.: 0.020773	Combined Loss Dist.: 4.438582	Loss Uncertainty: 0.702880
--ADE (5 time steps): 0.5279	--FDE (5 time steps): 0.6192
--ADE (10 time steps): 0.7464	--FDE (10 time steps): 1.1564
--ADE (15 time steps): 1.0459	--FDE (15 time steps): 1.9017
--ADE (20 time steps): 1.4117	--FDE (20 time steps): 2.7893
[2025-02-18 00:50:57] Epoch: 20		Loss: 5.121729	Loss Translation.: 0.060208	Loss Rotation.: 0.020860	Combined Loss Dist.: 4.422785	Loss Uncertainty: 0.698943
--ADE (5 time steps): 0.5348	--FDE (5 time steps): 0.6367
--ADE (10 time steps): 0.7753	--FDE (10 time steps): 1.2183
--ADE (15 time steps): 1.0924	--FDE (15 time steps): 1.9924
--ADE (20 time steps): 1.4689	--FDE (20 time steps): 2.8849
[2025-02-18 00:53:03] Epoch: 21		Loss: 4.975195	Loss Translation.: 0.057846	Loss Rotation.: 0.020837	Combined Loss Dist.: 4.294028	Loss Uncertainty: 0.681168
--ADE (5 time steps): 0.5859	--FDE (5 time steps): 0.6949
--ADE (10 time steps): 0.8179	--FDE (10 time steps): 1.2505
--ADE (15 time steps): 1.1247	--FDE (15 time steps): 1.9842
--ADE (20 time steps): 1.4890	--FDE (20 time steps): 2.8602
[2025-02-18 00:55:08] Epoch: 22		Loss: 4.952438	Loss Translation.: 0.058004	Loss Rotation.: 0.020440	Combined Loss Dist.: 4.279132	Loss Uncertainty: 0.673306
--ADE (5 time steps): 0.5384	--FDE (5 time steps): 0.6471
--ADE (10 time steps): 0.7874	--FDE (10 time steps): 1.2512
--ADE (15 time steps): 1.1148	--FDE (15 time steps): 2.0534
--ADE (20 time steps): 1.5070	--FDE (20 time steps): 2.9900
[2025-02-18 00:57:13] Epoch: 23		Loss: 4.873620	Loss Translation.: 0.056578	Loss Rotation.: 0.020426	Combined Loss Dist.: 4.207397	Loss Uncertainty: 0.666223
--ADE (5 time steps): 0.5212	--FDE (5 time steps): 0.6153
--ADE (10 time steps): 0.7520	--FDE (10 time steps): 1.1776
--ADE (15 time steps): 1.0584	--FDE (15 time steps): 1.9227
--ADE (20 time steps): 1.4258	--FDE (20 time steps): 2.8172
[2025-02-18 00:59:18] Epoch: 24		Loss: 4.245479	Loss Translation.: 0.047721	Loss Rotation.: 0.018656	Combined Loss Dist.: 3.607459	Loss Uncertainty: 0.638021
--ADE (5 time steps): 0.5652	--FDE (5 time steps): 0.6700
--ADE (10 time steps): 0.8069	--FDE (10 time steps): 1.2501
--ADE (15 time steps): 1.1254	--FDE (15 time steps): 2.0300
--ADE (20 time steps): 1.5100	--FDE (20 time steps): 2.9725
[2025-02-18 01:01:24] Epoch: 25		Loss: 4.096807	Loss Translation.: 0.045578	Loss Rotation.: 0.018447	Combined Loss Dist.: 3.474279	Loss Uncertainty: 0.622528
--ADE (5 time steps): 0.5685	--FDE (5 time steps): 0.6860
--ADE (10 time steps): 0.8226	--FDE (10 time steps): 1.2892
--ADE (15 time steps): 1.1490	--FDE (15 time steps): 2.0770
--ADE (20 time steps): 1.5382	--FDE (20 time steps): 3.0189
[2025-02-18 01:03:29] Epoch: 26		Loss: 3.987057	Loss Translation.: 0.043853	Loss Rotation.: 0.018344	Combined Loss Dist.: 3.372823	Loss Uncertainty: 0.614234
--ADE (5 time steps): 0.5869	--FDE (5 time steps): 0.7048
--ADE (10 time steps): 0.8343	--FDE (10 time steps): 1.2887
--ADE (15 time steps): 1.1531	--FDE (15 time steps): 2.0596
--ADE (20 time steps): 1.5355	--FDE (20 time steps): 2.9955
[2025-02-18 01:05:34] Epoch: 27		Loss: 3.942295	Loss Translation.: 0.043111	Loss Rotation.: 0.018290	Combined Loss Dist.: 3.334665	Loss Uncertainty: 0.607629
--ADE (5 time steps): 0.5723	--FDE (5 time steps): 0.6943
--ADE (10 time steps): 0.8364	--FDE (10 time steps): 1.3179
--ADE (15 time steps): 1.1755	--FDE (15 time steps): 2.1400
--ADE (20 time steps): 1.5793	--FDE (20 time steps): 3.1290
[2025-02-18 01:07:39] Epoch: 28		Loss: 3.908753	Loss Translation.: 0.042603	Loss Rotation.: 0.018249	Combined Loss Dist.: 3.307901	Loss Uncertainty: 0.600852
--ADE (5 time steps): 0.5702	--FDE (5 time steps): 0.6854
--ADE (10 time steps): 0.8286	--FDE (10 time steps): 1.3050
--ADE (15 time steps): 1.1651	--FDE (15 time steps): 2.1214
--ADE (20 time steps): 1.5680	--FDE (20 time steps): 3.1125
[2025-02-18 01:09:44] Epoch: 29		Loss: 3.874696	Loss Translation.: 0.042287	Loss Rotation.: 0.018095	Combined Loss Dist.: 3.280039	Loss Uncertainty: 0.594657
--ADE (5 time steps): 0.5791	--FDE (5 time steps): 0.6898
--ADE (10 time steps): 0.8290	--FDE (10 time steps): 1.2930
--ADE (15 time steps): 1.1611	--FDE (15 time steps): 2.1069
--ADE (20 time steps): 1.5615	--FDE (20 time steps): 3.0979
[2025-02-18 01:11:50] Epoch: 30		Loss: 3.848209	Loss Translation.: 0.041891	Loss Rotation.: 0.018059	Combined Loss Dist.: 3.260262	Loss Uncertainty: 0.587947
--ADE (5 time steps): 0.5609	--FDE (5 time steps): 0.6648
--ADE (10 time steps): 0.8082	--FDE (10 time steps): 1.2718
--ADE (15 time steps): 1.1405	--FDE (15 time steps): 2.0811
--ADE (20 time steps): 1.5382	--FDE (20 time steps): 3.0559
[2025-02-18 01:13:55] Epoch: 31		Loss: 3.784875	Loss Translation.: 0.040924	Loss Rotation.: 0.017969	Combined Loss Dist.: 3.202971	Loss Uncertainty: 0.581904
--ADE (5 time steps): 0.5671	--FDE (5 time steps): 0.6674
--ADE (10 time steps): 0.8098	--FDE (10 time steps): 1.2621
--ADE (15 time steps): 1.1374	--FDE (15 time steps): 2.0714
--ADE (20 time steps): 1.5345	--FDE (20 time steps): 3.0600
[2025-02-18 01:16:01] Epoch: 32		Loss: 3.465907	Loss Translation.: 0.036352	Loss Rotation.: 0.017150	Combined Loss Dist.: 2.900326	Loss Uncertainty: 0.565581
--ADE (5 time steps): 0.5817	--FDE (5 time steps): 0.6980
--ADE (10 time steps): 0.8347	--FDE (10 time steps): 1.3049
--ADE (15 time steps): 1.1682	--FDE (15 time steps): 2.1155
--ADE (20 time steps): 1.5688	--FDE (20 time steps): 3.1026
[2025-02-18 01:18:06] Epoch: 33		Loss: 3.405037	Loss Translation.: 0.035448	Loss Rotation.: 0.017080	Combined Loss Dist.: 2.844988	Loss Uncertainty: 0.560049
--ADE (5 time steps): 0.5850	--FDE (5 time steps): 0.7001
--ADE (10 time steps): 0.8363	--FDE (10 time steps): 1.3016
--ADE (15 time steps): 1.1666	--FDE (15 time steps): 2.1029
--ADE (20 time steps): 1.5637	--FDE (20 time steps): 3.0788
[2025-02-18 01:20:12] Epoch: 34		Loss: 3.376478	Loss Translation.: 0.035138	Loss Rotation.: 0.016957	Combined Loss Dist.: 2.820369	Loss Uncertainty: 0.556109
--ADE (5 time steps): 0.5731	--FDE (5 time steps): 0.6874
--ADE (10 time steps): 0.8255	--FDE (10 time steps): 1.2913
--ADE (15 time steps): 1.1574	--FDE (15 time steps): 2.0983
--ADE (20 time steps): 1.5567	--FDE (20 time steps): 3.0900
[2025-02-18 01:22:18] Epoch: 35		Loss: 3.357595	Loss Translation.: 0.034911	Loss Rotation.: 0.016928	Combined Loss Dist.: 2.805833	Loss Uncertainty: 0.551762
--ADE (5 time steps): 0.5798	--FDE (5 time steps): 0.6940
--ADE (10 time steps): 0.8340	--FDE (10 time steps): 1.3017
--ADE (15 time steps): 1.1671	--FDE (15 time steps): 2.1097
--ADE (20 time steps): 1.5670	--FDE (20 time steps): 3.0987
[2025-02-18 01:24:23] Epoch: 36		Loss: 3.311785	Loss Translation.: 0.034215	Loss Rotation.: 0.016822	Combined Loss Dist.: 2.764631	Loss Uncertainty: 0.547155
--ADE (5 time steps): 0.5774	--FDE (5 time steps): 0.6924
--ADE (10 time steps): 0.8317	--FDE (10 time steps): 1.3027
--ADE (15 time steps): 1.1676	--FDE (15 time steps): 2.1232
--ADE (20 time steps): 1.5722	--FDE (20 time steps): 3.1232
[2025-02-18 01:26:29] Epoch: 37		Loss: 3.286417	Loss Translation.: 0.033855	Loss Rotation.: 0.016798	Combined Loss Dist.: 2.742867	Loss Uncertainty: 0.543549
--ADE (5 time steps): 0.5800	--FDE (5 time steps): 0.6947
--ADE (10 time steps): 0.8363	--FDE (10 time steps): 1.3087
--ADE (15 time steps): 1.1758	--FDE (15 time steps): 2.1449
--ADE (20 time steps): 1.5860	--FDE (20 time steps): 3.1676
[2025-02-18 01:28:34] Epoch: 38		Loss: 3.254315	Loss Translation.: 0.033426	Loss Rotation.: 0.016731	Combined Loss Dist.: 2.715553	Loss Uncertainty: 0.538762
--ADE (5 time steps): 0.5759	--FDE (5 time steps): 0.6881
--ADE (10 time steps): 0.8295	--FDE (10 time steps): 1.2905
--ADE (15 time steps): 1.1646	--FDE (15 time steps): 2.1157
--ADE (20 time steps): 1.5676	--FDE (20 time steps): 3.1171
[2025-02-18 01:30:40] Epoch: 39		Loss: 3.237011	Loss Translation.: 0.033187	Loss Rotation.: 0.016677	Combined Loss Dist.: 2.701410	Loss Uncertainty: 0.535601
--ADE (5 time steps): 0.5719	--FDE (5 time steps): 0.6798
--ADE (10 time steps): 0.8219	--FDE (10 time steps): 1.2734
--ADE (15 time steps): 1.1552	--FDE (15 time steps): 2.0985
--ADE (20 time steps): 1.5555	--FDE (20 time steps): 3.1006
[2025-02-18 01:32:45] Epoch: 40		Loss: 3.099873	Loss Translation.: 0.031175	Loss Rotation.: 0.016321	Combined Loss Dist.: 2.570214	Loss Uncertainty: 0.529659
--ADE (5 time steps): 0.5728	--FDE (5 time steps): 0.6830
--ADE (10 time steps): 0.8273	--FDE (10 time steps): 1.2851
--ADE (15 time steps): 1.1650	--FDE (15 time steps): 2.1307
--ADE (20 time steps): 1.5723	--FDE (20 time steps): 3.1412
[2025-02-18 01:34:51] Epoch: 41		Loss: 3.065942	Loss Translation.: 0.030767	Loss Rotation.: 0.016234	Combined Loss Dist.: 2.538412	Loss Uncertainty: 0.527530
--ADE (5 time steps): 0.5728	--FDE (5 time steps): 0.6837
--ADE (10 time steps): 0.8272	--FDE (10 time steps): 1.2823
--ADE (15 time steps): 1.1648	--FDE (15 time steps): 2.1270
--ADE (20 time steps): 1.5717	--FDE (20 time steps): 3.1388
[2025-02-18 01:36:56] Epoch: 42		Loss: 3.040857	Loss Translation.: 0.030375	Loss Rotation.: 0.016203	Combined Loss Dist.: 2.516282	Loss Uncertainty: 0.524575
--ADE (5 time steps): 0.5754	--FDE (5 time steps): 0.6863
--ADE (10 time steps): 0.8328	--FDE (10 time steps): 1.2933
--ADE (15 time steps): 1.1736	--FDE (15 time steps): 2.1485
--ADE (20 time steps): 1.5851	--FDE (20 time steps): 3.1743
[2025-02-18 01:39:02] Epoch: 43		Loss: 3.022108	Loss Translation.: 0.030100	Loss Rotation.: 0.016155	Combined Loss Dist.: 2.498757	Loss Uncertainty: 0.523351
--ADE (5 time steps): 0.5801	--FDE (5 time steps): 0.6917
--ADE (10 time steps): 0.8337	--FDE (10 time steps): 1.2877
--ADE (15 time steps): 1.1700	--FDE (15 time steps): 2.1293
--ADE (20 time steps): 1.5762	--FDE (20 time steps): 3.1416
[2025-02-18 01:41:07] Epoch: 44		Loss: 3.000269	Loss Translation.: 0.029798	Loss Rotation.: 0.016078	Combined Loss Dist.: 2.478614	Loss Uncertainty: 0.521654
--ADE (5 time steps): 0.5734	--FDE (5 time steps): 0.6835
--ADE (10 time steps): 0.8290	--FDE (10 time steps): 1.2876
--ADE (15 time steps): 1.1680	--FDE (15 time steps): 2.1367
--ADE (20 time steps): 1.5774	--FDE (20 time steps): 3.1575
[2025-02-18 01:43:12] Epoch: 45		Loss: 2.984141	Loss Translation.: 0.029562	Loss Rotation.: 0.016051	Combined Loss Dist.: 2.464589	Loss Uncertainty: 0.519552
--ADE (5 time steps): 0.5693	--FDE (5 time steps): 0.6804
--ADE (10 time steps): 0.8269	--FDE (10 time steps): 1.2899
--ADE (15 time steps): 1.1676	--FDE (15 time steps): 2.1424
--ADE (20 time steps): 1.5794	--FDE (20 time steps): 3.1695
[2025-02-18 01:45:18] Epoch: 46		Loss: 2.977297	Loss Translation.: 0.029524	Loss Rotation.: 0.015990	Combined Loss Dist.: 2.458965	Loss Uncertainty: 0.518333
--ADE (5 time steps): 0.5735	--FDE (5 time steps): 0.6834
--ADE (10 time steps): 0.8307	--FDE (10 time steps): 1.2942
--ADE (15 time steps): 1.1713	--FDE (15 time steps): 2.1463
--ADE (20 time steps): 1.5831	--FDE (20 time steps): 3.1726
[2025-02-18 01:47:23] Epoch: 47		Loss: 2.961715	Loss Translation.: 0.029296	Loss Rotation.: 0.015961	Combined Loss Dist.: 2.444518	Loss Uncertainty: 0.517197
--ADE (5 time steps): 0.5727	--FDE (5 time steps): 0.6835
--ADE (10 time steps): 0.8301	--FDE (10 time steps): 1.2948
--ADE (15 time steps): 1.1716	--FDE (15 time steps): 2.1489
--ADE (20 time steps): 1.5846	--FDE (20 time steps): 3.1784
[2025-02-18 01:49:28] Epoch: 48		Loss: 2.901494	Loss Translation.: 0.028430	Loss Rotation.: 0.015754	Combined Loss Dist.: 2.386817	Loss Uncertainty: 0.514677
--ADE (5 time steps): 0.5786	--FDE (5 time steps): 0.6902
--ADE (10 time steps): 0.8357	--FDE (10 time steps): 1.2981
--ADE (15 time steps): 1.1757	--FDE (15 time steps): 2.1483
--ADE (20 time steps): 1.5876	--FDE (20 time steps): 3.1777
[2025-02-18 01:51:34] Epoch: 49		Loss: 2.883012	Loss Translation.: 0.028150	Loss Rotation.: 0.015712	Combined Loss Dist.: 2.369534	Loss Uncertainty: 0.513478
--ADE (5 time steps): 0.5777	--FDE (5 time steps): 0.6893
--ADE (10 time steps): 0.8353	--FDE (10 time steps): 1.2988
--ADE (15 time steps): 1.1757	--FDE (15 time steps): 2.1507
--ADE (20 time steps): 1.5887	--FDE (20 time steps): 3.1834
[2025-02-18 01:53:39] Epoch: 50		Loss: 2.872641	Loss Translation.: 0.028029	Loss Rotation.: 0.015684	Combined Loss Dist.: 2.359854	Loss Uncertainty: 0.512788
--ADE (5 time steps): 0.5743	--FDE (5 time steps): 0.6865
--ADE (10 time steps): 0.8326	--FDE (10 time steps): 1.2977
--ADE (15 time steps): 1.1734	--FDE (15 time steps): 2.1485
--ADE (20 time steps): 1.5861	--FDE (20 time steps): 3.1774
[2025-02-18 01:55:44] Epoch: 51		Loss: 2.861869	Loss Translation.: 0.027872	Loss Rotation.: 0.015660	Combined Loss Dist.: 2.349851	Loss Uncertainty: 0.512018
--ADE (5 time steps): 0.5751	--FDE (5 time steps): 0.6871
--ADE (10 time steps): 0.8335	--FDE (10 time steps): 1.2988
--ADE (15 time steps): 1.1745	--FDE (15 time steps): 2.1498
--ADE (20 time steps): 1.5874	--FDE (20 time steps): 3.1807
[2025-02-18 01:57:49] Epoch: 52		Loss: 2.855175	Loss Translation.: 0.027790	Loss Rotation.: 0.015633	Combined Loss Dist.: 2.343863	Loss Uncertainty: 0.511312
--ADE (5 time steps): 0.5763	--FDE (5 time steps): 0.6881
--ADE (10 time steps): 0.8342	--FDE (10 time steps): 1.2985
--ADE (15 time steps): 1.1749	--FDE (15 time steps): 2.1493
--ADE (20 time steps): 1.5875	--FDE (20 time steps): 3.1790
[2025-02-18 01:59:55] Epoch: 53		Loss: 2.845473	Loss Translation.: 0.027676	Loss Rotation.: 0.015605	Combined Loss Dist.: 2.335174	Loss Uncertainty: 0.510299
--ADE (5 time steps): 0.5777	--FDE (5 time steps): 0.6892
--ADE (10 time steps): 0.8354	--FDE (10 time steps): 1.2994
--ADE (15 time steps): 1.1757	--FDE (15 time steps): 2.1485
--ADE (20 time steps): 1.5878	--FDE (20 time steps): 3.1778
[2025-02-18 02:02:00] Epoch: 54		Loss: 2.836595	Loss Translation.: 0.027538	Loss Rotation.: 0.015584	Combined Loss Dist.: 2.327121	Loss Uncertainty: 0.509474
--ADE (5 time steps): 0.5762	--FDE (5 time steps): 0.6877
--ADE (10 time steps): 0.8349	--FDE (10 time steps): 1.3013
--ADE (15 time steps): 1.1765	--FDE (15 time steps): 2.1535
--ADE (20 time steps): 1.5903	--FDE (20 time steps): 3.1875
[2025-02-18 02:04:05] Epoch: 55		Loss: 2.828266	Loss Translation.: 0.027432	Loss Rotation.: 0.015556	Combined Loss Dist.: 2.319256	Loss Uncertainty: 0.509010
--ADE (5 time steps): 0.5749	--FDE (5 time steps): 0.6859
--ADE (10 time steps): 0.8334	--FDE (10 time steps): 1.2998
--ADE (15 time steps): 1.1750	--FDE (15 time steps): 2.1523
--ADE (20 time steps): 1.5888	--FDE (20 time steps): 3.1863
[2025-02-18 02:06:11] Epoch: 56		Loss: 2.796911	Loss Translation.: 0.026994	Loss Rotation.: 0.015445	Combined Loss Dist.: 2.289188	Loss Uncertainty: 0.507723
--ADE (5 time steps): 0.5740	--FDE (5 time steps): 0.6845
--ADE (10 time steps): 0.8318	--FDE (10 time steps): 1.2965
--ADE (15 time steps): 1.1732	--FDE (15 time steps): 2.1498
--ADE (20 time steps): 1.5868	--FDE (20 time steps): 3.1825
[2025-02-18 02:08:16] Epoch: 57		Loss: 2.787734	Loss Translation.: 0.026874	Loss Rotation.: 0.015423	Combined Loss Dist.: 2.280516	Loss Uncertainty: 0.507218
--ADE (5 time steps): 0.5743	--FDE (5 time steps): 0.6848
--ADE (10 time steps): 0.8325	--FDE (10 time steps): 1.2982
--ADE (15 time steps): 1.1744	--FDE (15 time steps): 2.1527
--ADE (20 time steps): 1.5887	--FDE (20 time steps): 3.1872
[2025-02-18 02:10:21] Epoch: 58		Loss: 2.782174	Loss Translation.: 0.026793	Loss Rotation.: 0.015409	Combined Loss Dist.: 2.275297	Loss Uncertainty: 0.506877
--ADE (5 time steps): 0.5742	--FDE (5 time steps): 0.6844
--ADE (10 time steps): 0.8321	--FDE (10 time steps): 1.2974
--ADE (15 time steps): 1.1738	--FDE (15 time steps): 2.1515
--ADE (20 time steps): 1.5879	--FDE (20 time steps): 3.1859
[2025-02-18 02:12:26] Epoch: 59		Loss: 2.778068	Loss Translation.: 0.026743	Loss Rotation.: 0.015394	Combined Loss Dist.: 2.271513	Loss Uncertainty: 0.506556
--ADE (5 time steps): 0.5742	--FDE (5 time steps): 0.6842
--ADE (10 time steps): 0.8321	--FDE (10 time steps): 1.2977
--ADE (15 time steps): 1.1740	--FDE (15 time steps): 2.1524
--ADE (20 time steps): 1.5884	--FDE (20 time steps): 3.1878

JOB STATISTICS
==============
Job ID: 10036006
Cluster: snellius
User/Group: scur2440/scur2440
State: COMPLETED (exit code 0)
Nodes: 1
Cores per node: 18
CPU Utilized: 02:06:53
CPU Efficiency: 5.61% of 1-13:42:54 core-walltime
Job Wall-clock time: 02:05:43
Memory Utilized: 3.11 GB
Memory Efficiency: 2.59% of 120.00 GB
