***************************************************************************************************** 
* WARNING: The 2022 software stack is deprecated. Please consider switching to
the latest 2024 * 
* software stack, or the older 2023 software stack. * 
* * 
* If you have any question, please contact us via
http://servicedesk.surfsara.nl. * 
***************************************************************************************************** 

Configuration:
description: LED
results_root_dir: results
dataset: kitti
dimensions: 6
past_frames: 15
future_frames: 24
min_past_frames: 15
min_future_frames: 24
k_preds: 24
traj_mean: [14, 7.5]
traj_scale: 5
relative: False
normalised: False
pretrained_core_denoising_model: ./results/checkpoints/base_diffusion_model.p
debug: False
diffusion: {'steps': 150, 'beta_start': 0.0001, 'beta_end': 0.05, 'beta_schedule': 'linear'}
lr: 0.005
train_batch_size: 32
test_batch_size: 32
num_epochs: 80
test_interval: 1
lr_scheduler: step
decay_step: 8
decay_gamma: 0.5

[INFO] Loading 6D Translation and Rotation (Lie Algebra) Data
[INFO] KITTI dataset (1 agent).
[INFO] Now using random trajectory shuffling.

Train dataset:
Total x, y and z distances travelled: 12.81286, 0.81051, 13.54245
Euclidean dist diff avg: 22.03840
Still need to implement rotation statistics

Test dataset:
Total x, y and z distances travelled: 12.71776, 0.81852, 13.71293
Euclidean dist diff avg: 22.13537
Still need to implement rotation statistics

[INFO] Kitti dataset - skip subtracting mean from absolute positions.
[INFO] Training from scratch - without pretrained models (Not NBA with frame standard configs)

[Core Denoising Model] Trainable/Total: 6627120/6627120
[Initialization Model] Trainable/Total: 7427753/7427753
[2025-02-23 15:47:10] Epoch: 0		Loss: nan	Loss Translation.: nan	Loss Rotation.: nan	Combined Loss Dist.: nan	Loss Uncertainty: nan
--ADE (5 time steps): nan	--FDE (5 time steps): nan
--ADE (10 time steps): nan	--FDE (10 time steps): nan
--ADE (15 time steps): nan	--FDE (15 time steps): nan
--ADE (20 time steps): nan	--FDE (20 time steps): nan
[2025-02-23 15:49:28] Epoch: 1		Loss: nan	Loss Translation.: nan	Loss Rotation.: nan	Combined Loss Dist.: nan	Loss Uncertainty: nan
--ADE (5 time steps): nan	--FDE (5 time steps): nan
--ADE (10 time steps): nan	--FDE (10 time steps): nan
--ADE (15 time steps): nan	--FDE (15 time steps): nan
--ADE (20 time steps): nan	--FDE (20 time steps): nan
[2025-02-23 15:51:47] Epoch: 2		Loss: nan	Loss Translation.: nan	Loss Rotation.: nan	Combined Loss Dist.: nan	Loss Uncertainty: nan
--ADE (5 time steps): nan	--FDE (5 time steps): nan
--ADE (10 time steps): nan	--FDE (10 time steps): nan
--ADE (15 time steps): nan	--FDE (15 time steps): nan
--ADE (20 time steps): nan	--FDE (20 time steps): nan
[2025-02-23 15:54:05] Epoch: 3		Loss: nan	Loss Translation.: nan	Loss Rotation.: nan	Combined Loss Dist.: nan	Loss Uncertainty: nan
--ADE (5 time steps): nan	--FDE (5 time steps): nan
--ADE (10 time steps): nan	--FDE (10 time steps): nan
--ADE (15 time steps): nan	--FDE (15 time steps): nan
--ADE (20 time steps): nan	--FDE (20 time steps): nan
[2025-02-23 15:56:24] Epoch: 4		Loss: nan	Loss Translation.: nan	Loss Rotation.: nan	Combined Loss Dist.: nan	Loss Uncertainty: nan
--ADE (5 time steps): nan	--FDE (5 time steps): nan
--ADE (10 time steps): nan	--FDE (10 time steps): nan
--ADE (15 time steps): nan	--FDE (15 time steps): nan
--ADE (20 time steps): nan	--FDE (20 time steps): nan
[2025-02-23 15:58:42] Epoch: 5		Loss: nan	Loss Translation.: nan	Loss Rotation.: nan	Combined Loss Dist.: nan	Loss Uncertainty: nan
--ADE (5 time steps): nan	--FDE (5 time steps): nan
--ADE (10 time steps): nan	--FDE (10 time steps): nan
--ADE (15 time steps): nan	--FDE (15 time steps): nan
--ADE (20 time steps): nan	--FDE (20 time steps): nan
[2025-02-23 16:01:01] Epoch: 6		Loss: nan	Loss Translation.: nan	Loss Rotation.: nan	Combined Loss Dist.: nan	Loss Uncertainty: nan
--ADE (5 time steps): nan	--FDE (5 time steps): nan
--ADE (10 time steps): nan	--FDE (10 time steps): nan
--ADE (15 time steps): nan	--FDE (15 time steps): nan
--ADE (20 time steps): nan	--FDE (20 time steps): nan
[2025-02-23 16:03:20] Epoch: 7		Loss: nan	Loss Translation.: nan	Loss Rotation.: nan	Combined Loss Dist.: nan	Loss Uncertainty: nan
--ADE (5 time steps): nan	--FDE (5 time steps): nan
--ADE (10 time steps): nan	--FDE (10 time steps): nan
--ADE (15 time steps): nan	--FDE (15 time steps): nan
--ADE (20 time steps): nan	--FDE (20 time steps): nan
[2025-02-23 16:05:38] Epoch: 8		Loss: nan	Loss Translation.: nan	Loss Rotation.: nan	Combined Loss Dist.: nan	Loss Uncertainty: nan
--ADE (5 time steps): nan	--FDE (5 time steps): nan
--ADE (10 time steps): nan	--FDE (10 time steps): nan
--ADE (15 time steps): nan	--FDE (15 time steps): nan
--ADE (20 time steps): nan	--FDE (20 time steps): nan
[2025-02-23 16:07:57] Epoch: 9		Loss: nan	Loss Translation.: nan	Loss Rotation.: nan	Combined Loss Dist.: nan	Loss Uncertainty: nan
--ADE (5 time steps): nan	--FDE (5 time steps): nan
--ADE (10 time steps): nan	--FDE (10 time steps): nan
--ADE (15 time steps): nan	--FDE (15 time steps): nan
--ADE (20 time steps): nan	--FDE (20 time steps): nan
[2025-02-23 16:10:16] Epoch: 10		Loss: nan	Loss Translation.: nan	Loss Rotation.: nan	Combined Loss Dist.: nan	Loss Uncertainty: nan
--ADE (5 time steps): nan	--FDE (5 time steps): nan
--ADE (10 time steps): nan	--FDE (10 time steps): nan
--ADE (15 time steps): nan	--FDE (15 time steps): nan
--ADE (20 time steps): nan	--FDE (20 time steps): nan
[2025-02-23 16:12:34] Epoch: 11		Loss: nan	Loss Translation.: nan	Loss Rotation.: nan	Combined Loss Dist.: nan	Loss Uncertainty: nan
--ADE (5 time steps): nan	--FDE (5 time steps): nan
--ADE (10 time steps): nan	--FDE (10 time steps): nan
--ADE (15 time steps): nan	--FDE (15 time steps): nan
--ADE (20 time steps): nan	--FDE (20 time steps): nan
[2025-02-23 16:14:53] Epoch: 12		Loss: nan	Loss Translation.: nan	Loss Rotation.: nan	Combined Loss Dist.: nan	Loss Uncertainty: nan
--ADE (5 time steps): nan	--FDE (5 time steps): nan
--ADE (10 time steps): nan	--FDE (10 time steps): nan
--ADE (15 time steps): nan	--FDE (15 time steps): nan
--ADE (20 time steps): nan	--FDE (20 time steps): nan
[2025-02-23 16:17:11] Epoch: 13		Loss: nan	Loss Translation.: nan	Loss Rotation.: nan	Combined Loss Dist.: nan	Loss Uncertainty: nan
--ADE (5 time steps): nan	--FDE (5 time steps): nan
--ADE (10 time steps): nan	--FDE (10 time steps): nan
--ADE (15 time steps): nan	--FDE (15 time steps): nan
--ADE (20 time steps): nan	--FDE (20 time steps): nan
[2025-02-23 16:19:30] Epoch: 14		Loss: nan	Loss Translation.: nan	Loss Rotation.: nan	Combined Loss Dist.: nan	Loss Uncertainty: nan
--ADE (5 time steps): nan	--FDE (5 time steps): nan
--ADE (10 time steps): nan	--FDE (10 time steps): nan
--ADE (15 time steps): nan	--FDE (15 time steps): nan
--ADE (20 time steps): nan	--FDE (20 time steps): nan
[2025-02-23 16:21:48] Epoch: 15		Loss: nan	Loss Translation.: nan	Loss Rotation.: nan	Combined Loss Dist.: nan	Loss Uncertainty: nan
--ADE (5 time steps): nan	--FDE (5 time steps): nan
--ADE (10 time steps): nan	--FDE (10 time steps): nan
--ADE (15 time steps): nan	--FDE (15 time steps): nan
--ADE (20 time steps): nan	--FDE (20 time steps): nan
[2025-02-23 16:24:07] Epoch: 16		Loss: nan	Loss Translation.: nan	Loss Rotation.: nan	Combined Loss Dist.: nan	Loss Uncertainty: nan
--ADE (5 time steps): nan	--FDE (5 time steps): nan
--ADE (10 time steps): nan	--FDE (10 time steps): nan
--ADE (15 time steps): nan	--FDE (15 time steps): nan
--ADE (20 time steps): nan	--FDE (20 time steps): nan
[2025-02-23 16:26:25] Epoch: 17		Loss: nan	Loss Translation.: nan	Loss Rotation.: nan	Combined Loss Dist.: nan	Loss Uncertainty: nan
--ADE (5 time steps): nan	--FDE (5 time steps): nan
--ADE (10 time steps): nan	--FDE (10 time steps): nan
--ADE (15 time steps): nan	--FDE (15 time steps): nan
--ADE (20 time steps): nan	--FDE (20 time steps): nan
[2025-02-23 16:28:44] Epoch: 18		Loss: nan	Loss Translation.: nan	Loss Rotation.: nan	Combined Loss Dist.: nan	Loss Uncertainty: nan
--ADE (5 time steps): nan	--FDE (5 time steps): nan
--ADE (10 time steps): nan	--FDE (10 time steps): nan
--ADE (15 time steps): nan	--FDE (15 time steps): nan
--ADE (20 time steps): nan	--FDE (20 time steps): nan
[2025-02-23 16:31:03] Epoch: 19		Loss: nan	Loss Translation.: nan	Loss Rotation.: nan	Combined Loss Dist.: nan	Loss Uncertainty: nan
--ADE (5 time steps): nan	--FDE (5 time steps): nan
--ADE (10 time steps): nan	--FDE (10 time steps): nan
--ADE (15 time steps): nan	--FDE (15 time steps): nan
--ADE (20 time steps): nan	--FDE (20 time steps): nan
[2025-02-23 16:33:21] Epoch: 20		Loss: nan	Loss Translation.: nan	Loss Rotation.: nan	Combined Loss Dist.: nan	Loss Uncertainty: nan
--ADE (5 time steps): nan	--FDE (5 time steps): nan
--ADE (10 time steps): nan	--FDE (10 time steps): nan
--ADE (15 time steps): nan	--FDE (15 time steps): nan
--ADE (20 time steps): nan	--FDE (20 time steps): nan
[2025-02-23 16:35:40] Epoch: 21		Loss: nan	Loss Translation.: nan	Loss Rotation.: nan	Combined Loss Dist.: nan	Loss Uncertainty: nan
--ADE (5 time steps): nan	--FDE (5 time steps): nan
--ADE (10 time steps): nan	--FDE (10 time steps): nan
--ADE (15 time steps): nan	--FDE (15 time steps): nan
--ADE (20 time steps): nan	--FDE (20 time steps): nan
[2025-02-23 16:37:58] Epoch: 22		Loss: nan	Loss Translation.: nan	Loss Rotation.: nan	Combined Loss Dist.: nan	Loss Uncertainty: nan
--ADE (5 time steps): nan	--FDE (5 time steps): nan
--ADE (10 time steps): nan	--FDE (10 time steps): nan
--ADE (15 time steps): nan	--FDE (15 time steps): nan
--ADE (20 time steps): nan	--FDE (20 time steps): nan
[2025-02-23 16:40:17] Epoch: 23		Loss: nan	Loss Translation.: nan	Loss Rotation.: nan	Combined Loss Dist.: nan	Loss Uncertainty: nan
--ADE (5 time steps): nan	--FDE (5 time steps): nan
--ADE (10 time steps): nan	--FDE (10 time steps): nan
--ADE (15 time steps): nan	--FDE (15 time steps): nan
--ADE (20 time steps): nan	--FDE (20 time steps): nan
[2025-02-23 16:42:35] Epoch: 24		Loss: nan	Loss Translation.: nan	Loss Rotation.: nan	Combined Loss Dist.: nan	Loss Uncertainty: nan
--ADE (5 time steps): nan	--FDE (5 time steps): nan
--ADE (10 time steps): nan	--FDE (10 time steps): nan
--ADE (15 time steps): nan	--FDE (15 time steps): nan
--ADE (20 time steps): nan	--FDE (20 time steps): nan
[2025-02-23 16:44:54] Epoch: 25		Loss: nan	Loss Translation.: nan	Loss Rotation.: nan	Combined Loss Dist.: nan	Loss Uncertainty: nan
--ADE (5 time steps): nan	--FDE (5 time steps): nan
--ADE (10 time steps): nan	--FDE (10 time steps): nan
--ADE (15 time steps): nan	--FDE (15 time steps): nan
--ADE (20 time steps): nan	--FDE (20 time steps): nan
[2025-02-23 16:47:13] Epoch: 26		Loss: nan	Loss Translation.: nan	Loss Rotation.: nan	Combined Loss Dist.: nan	Loss Uncertainty: nan
--ADE (5 time steps): nan	--FDE (5 time steps): nan
--ADE (10 time steps): nan	--FDE (10 time steps): nan
--ADE (15 time steps): nan	--FDE (15 time steps): nan
--ADE (20 time steps): nan	--FDE (20 time steps): nan
[2025-02-23 16:49:31] Epoch: 27		Loss: nan	Loss Translation.: nan	Loss Rotation.: nan	Combined Loss Dist.: nan	Loss Uncertainty: nan
--ADE (5 time steps): nan	--FDE (5 time steps): nan
--ADE (10 time steps): nan	--FDE (10 time steps): nan
--ADE (15 time steps): nan	--FDE (15 time steps): nan
--ADE (20 time steps): nan	--FDE (20 time steps): nan
[2025-02-23 16:51:50] Epoch: 28		Loss: nan	Loss Translation.: nan	Loss Rotation.: nan	Combined Loss Dist.: nan	Loss Uncertainty: nan
--ADE (5 time steps): nan	--FDE (5 time steps): nan
--ADE (10 time steps): nan	--FDE (10 time steps): nan
--ADE (15 time steps): nan	--FDE (15 time steps): nan
--ADE (20 time steps): nan	--FDE (20 time steps): nan
[2025-02-23 16:54:08] Epoch: 29		Loss: nan	Loss Translation.: nan	Loss Rotation.: nan	Combined Loss Dist.: nan	Loss Uncertainty: nan
--ADE (5 time steps): nan	--FDE (5 time steps): nan
--ADE (10 time steps): nan	--FDE (10 time steps): nan
--ADE (15 time steps): nan	--FDE (15 time steps): nan
--ADE (20 time steps): nan	--FDE (20 time steps): nan
[2025-02-23 16:56:27] Epoch: 30		Loss: nan	Loss Translation.: nan	Loss Rotation.: nan	Combined Loss Dist.: nan	Loss Uncertainty: nan
--ADE (5 time steps): nan	--FDE (5 time steps): nan
--ADE (10 time steps): nan	--FDE (10 time steps): nan
--ADE (15 time steps): nan	--FDE (15 time steps): nan
--ADE (20 time steps): nan	--FDE (20 time steps): nan
[2025-02-23 16:58:46] Epoch: 31		Loss: nan	Loss Translation.: nan	Loss Rotation.: nan	Combined Loss Dist.: nan	Loss Uncertainty: nan
--ADE (5 time steps): nan	--FDE (5 time steps): nan
--ADE (10 time steps): nan	--FDE (10 time steps): nan
--ADE (15 time steps): nan	--FDE (15 time steps): nan
--ADE (20 time steps): nan	--FDE (20 time steps): nan
[2025-02-23 17:01:05] Epoch: 32		Loss: nan	Loss Translation.: nan	Loss Rotation.: nan	Combined Loss Dist.: nan	Loss Uncertainty: nan
--ADE (5 time steps): nan	--FDE (5 time steps): nan
--ADE (10 time steps): nan	--FDE (10 time steps): nan
--ADE (15 time steps): nan	--FDE (15 time steps): nan
--ADE (20 time steps): nan	--FDE (20 time steps): nan
[2025-02-23 17:03:23] Epoch: 33		Loss: nan	Loss Translation.: nan	Loss Rotation.: nan	Combined Loss Dist.: nan	Loss Uncertainty: nan
--ADE (5 time steps): nan	--FDE (5 time steps): nan
--ADE (10 time steps): nan	--FDE (10 time steps): nan
--ADE (15 time steps): nan	--FDE (15 time steps): nan
--ADE (20 time steps): nan	--FDE (20 time steps): nan
[2025-02-23 17:05:42] Epoch: 34		Loss: nan	Loss Translation.: nan	Loss Rotation.: nan	Combined Loss Dist.: nan	Loss Uncertainty: nan
--ADE (5 time steps): nan	--FDE (5 time steps): nan
--ADE (10 time steps): nan	--FDE (10 time steps): nan
--ADE (15 time steps): nan	--FDE (15 time steps): nan
--ADE (20 time steps): nan	--FDE (20 time steps): nan
[2025-02-23 17:08:01] Epoch: 35		Loss: nan	Loss Translation.: nan	Loss Rotation.: nan	Combined Loss Dist.: nan	Loss Uncertainty: nan
--ADE (5 time steps): nan	--FDE (5 time steps): nan
--ADE (10 time steps): nan	--FDE (10 time steps): nan
--ADE (15 time steps): nan	--FDE (15 time steps): nan
--ADE (20 time steps): nan	--FDE (20 time steps): nan
[2025-02-23 17:10:20] Epoch: 36		Loss: nan	Loss Translation.: nan	Loss Rotation.: nan	Combined Loss Dist.: nan	Loss Uncertainty: nan
--ADE (5 time steps): nan	--FDE (5 time steps): nan
--ADE (10 time steps): nan	--FDE (10 time steps): nan
--ADE (15 time steps): nan	--FDE (15 time steps): nan
--ADE (20 time steps): nan	--FDE (20 time steps): nan
[2025-02-23 17:12:39] Epoch: 37		Loss: nan	Loss Translation.: nan	Loss Rotation.: nan	Combined Loss Dist.: nan	Loss Uncertainty: nan
--ADE (5 time steps): nan	--FDE (5 time steps): nan
--ADE (10 time steps): nan	--FDE (10 time steps): nan
--ADE (15 time steps): nan	--FDE (15 time steps): nan
--ADE (20 time steps): nan	--FDE (20 time steps): nan
[2025-02-23 17:14:57] Epoch: 38		Loss: nan	Loss Translation.: nan	Loss Rotation.: nan	Combined Loss Dist.: nan	Loss Uncertainty: nan
--ADE (5 time steps): nan	--FDE (5 time steps): nan
--ADE (10 time steps): nan	--FDE (10 time steps): nan
--ADE (15 time steps): nan	--FDE (15 time steps): nan
--ADE (20 time steps): nan	--FDE (20 time steps): nan
[2025-02-23 17:17:16] Epoch: 39		Loss: nan	Loss Translation.: nan	Loss Rotation.: nan	Combined Loss Dist.: nan	Loss Uncertainty: nan
--ADE (5 time steps): nan	--FDE (5 time steps): nan
--ADE (10 time steps): nan	--FDE (10 time steps): nan
--ADE (15 time steps): nan	--FDE (15 time steps): nan
--ADE (20 time steps): nan	--FDE (20 time steps): nan
[2025-02-23 17:19:34] Epoch: 40		Loss: nan	Loss Translation.: nan	Loss Rotation.: nan	Combined Loss Dist.: nan	Loss Uncertainty: nan
--ADE (5 time steps): nan	--FDE (5 time steps): nan
--ADE (10 time steps): nan	--FDE (10 time steps): nan
--ADE (15 time steps): nan	--FDE (15 time steps): nan
--ADE (20 time steps): nan	--FDE (20 time steps): nan
[2025-02-23 17:21:53] Epoch: 41		Loss: nan	Loss Translation.: nan	Loss Rotation.: nan	Combined Loss Dist.: nan	Loss Uncertainty: nan
--ADE (5 time steps): nan	--FDE (5 time steps): nan
--ADE (10 time steps): nan	--FDE (10 time steps): nan
--ADE (15 time steps): nan	--FDE (15 time steps): nan
--ADE (20 time steps): nan	--FDE (20 time steps): nan
[2025-02-23 17:24:11] Epoch: 42		Loss: nan	Loss Translation.: nan	Loss Rotation.: nan	Combined Loss Dist.: nan	Loss Uncertainty: nan
--ADE (5 time steps): nan	--FDE (5 time steps): nan
--ADE (10 time steps): nan	--FDE (10 time steps): nan
--ADE (15 time steps): nan	--FDE (15 time steps): nan
--ADE (20 time steps): nan	--FDE (20 time steps): nan
[2025-02-23 17:26:30] Epoch: 43		Loss: nan	Loss Translation.: nan	Loss Rotation.: nan	Combined Loss Dist.: nan	Loss Uncertainty: nan
--ADE (5 time steps): nan	--FDE (5 time steps): nan
--ADE (10 time steps): nan	--FDE (10 time steps): nan
--ADE (15 time steps): nan	--FDE (15 time steps): nan
--ADE (20 time steps): nan	--FDE (20 time steps): nan
[2025-02-23 17:28:48] Epoch: 44		Loss: nan	Loss Translation.: nan	Loss Rotation.: nan	Combined Loss Dist.: nan	Loss Uncertainty: nan
--ADE (5 time steps): nan	--FDE (5 time steps): nan
--ADE (10 time steps): nan	--FDE (10 time steps): nan
--ADE (15 time steps): nan	--FDE (15 time steps): nan
--ADE (20 time steps): nan	--FDE (20 time steps): nan
[2025-02-23 17:31:07] Epoch: 45		Loss: nan	Loss Translation.: nan	Loss Rotation.: nan	Combined Loss Dist.: nan	Loss Uncertainty: nan
--ADE (5 time steps): nan	--FDE (5 time steps): nan
--ADE (10 time steps): nan	--FDE (10 time steps): nan
--ADE (15 time steps): nan	--FDE (15 time steps): nan
--ADE (20 time steps): nan	--FDE (20 time steps): nan
[2025-02-23 17:33:25] Epoch: 46		Loss: nan	Loss Translation.: nan	Loss Rotation.: nan	Combined Loss Dist.: nan	Loss Uncertainty: nan
--ADE (5 time steps): nan	--FDE (5 time steps): nan
--ADE (10 time steps): nan	--FDE (10 time steps): nan
--ADE (15 time steps): nan	--FDE (15 time steps): nan
--ADE (20 time steps): nan	--FDE (20 time steps): nan
[2025-02-23 17:35:44] Epoch: 47		Loss: nan	Loss Translation.: nan	Loss Rotation.: nan	Combined Loss Dist.: nan	Loss Uncertainty: nan
--ADE (5 time steps): nan	--FDE (5 time steps): nan
--ADE (10 time steps): nan	--FDE (10 time steps): nan
--ADE (15 time steps): nan	--FDE (15 time steps): nan
--ADE (20 time steps): nan	--FDE (20 time steps): nan
[2025-02-23 17:38:02] Epoch: 48		Loss: nan	Loss Translation.: nan	Loss Rotation.: nan	Combined Loss Dist.: nan	Loss Uncertainty: nan
--ADE (5 time steps): nan	--FDE (5 time steps): nan
--ADE (10 time steps): nan	--FDE (10 time steps): nan
--ADE (15 time steps): nan	--FDE (15 time steps): nan
--ADE (20 time steps): nan	--FDE (20 time steps): nan
[2025-02-23 17:40:21] Epoch: 49		Loss: nan	Loss Translation.: nan	Loss Rotation.: nan	Combined Loss Dist.: nan	Loss Uncertainty: nan
--ADE (5 time steps): nan	--FDE (5 time steps): nan
--ADE (10 time steps): nan	--FDE (10 time steps): nan
--ADE (15 time steps): nan	--FDE (15 time steps): nan
--ADE (20 time steps): nan	--FDE (20 time steps): nan
[2025-02-23 17:42:39] Epoch: 50		Loss: nan	Loss Translation.: nan	Loss Rotation.: nan	Combined Loss Dist.: nan	Loss Uncertainty: nan
--ADE (5 time steps): nan	--FDE (5 time steps): nan
--ADE (10 time steps): nan	--FDE (10 time steps): nan
--ADE (15 time steps): nan	--FDE (15 time steps): nan
--ADE (20 time steps): nan	--FDE (20 time steps): nan
[2025-02-23 17:44:58] Epoch: 51		Loss: nan	Loss Translation.: nan	Loss Rotation.: nan	Combined Loss Dist.: nan	Loss Uncertainty: nan
--ADE (5 time steps): nan	--FDE (5 time steps): nan
--ADE (10 time steps): nan	--FDE (10 time steps): nan
--ADE (15 time steps): nan	--FDE (15 time steps): nan
--ADE (20 time steps): nan	--FDE (20 time steps): nan
[2025-02-23 17:47:16] Epoch: 52		Loss: nan	Loss Translation.: nan	Loss Rotation.: nan	Combined Loss Dist.: nan	Loss Uncertainty: nan
--ADE (5 time steps): nan	--FDE (5 time steps): nan
--ADE (10 time steps): nan	--FDE (10 time steps): nan
--ADE (15 time steps): nan	--FDE (15 time steps): nan
--ADE (20 time steps): nan	--FDE (20 time steps): nan
[2025-02-23 17:49:35] Epoch: 53		Loss: nan	Loss Translation.: nan	Loss Rotation.: nan	Combined Loss Dist.: nan	Loss Uncertainty: nan
--ADE (5 time steps): nan	--FDE (5 time steps): nan
--ADE (10 time steps): nan	--FDE (10 time steps): nan
--ADE (15 time steps): nan	--FDE (15 time steps): nan
--ADE (20 time steps): nan	--FDE (20 time steps): nan
[2025-02-23 17:51:53] Epoch: 54		Loss: nan	Loss Translation.: nan	Loss Rotation.: nan	Combined Loss Dist.: nan	Loss Uncertainty: nan
--ADE (5 time steps): nan	--FDE (5 time steps): nan
--ADE (10 time steps): nan	--FDE (10 time steps): nan
--ADE (15 time steps): nan	--FDE (15 time steps): nan
--ADE (20 time steps): nan	--FDE (20 time steps): nan
[2025-02-23 17:54:12] Epoch: 55		Loss: nan	Loss Translation.: nan	Loss Rotation.: nan	Combined Loss Dist.: nan	Loss Uncertainty: nan
--ADE (5 time steps): nan	--FDE (5 time steps): nan
--ADE (10 time steps): nan	--FDE (10 time steps): nan
--ADE (15 time steps): nan	--FDE (15 time steps): nan
--ADE (20 time steps): nan	--FDE (20 time steps): nan
slurmstepd: error: *** JOB 10136758 ON gcn23 CANCELLED AT 2025-02-23T17:55:03 DUE TO TIME LIMIT ***

JOB STATISTICS
==============
Job ID: 10136758
Cluster: snellius
User/Group: scur2440/scur2440
State: TIMEOUT (exit code 0)
Nodes: 1
Cores per node: 18
CPU Utilized: 00:00:01
CPU Efficiency: 0.00% of 1-15:08:06 core-walltime
Job Wall-clock time: 02:10:27
Memory Utilized: 3.09 GB
Memory Efficiency: 2.58% of 120.00 GB
