***************************************************************************************************** 
* WARNING: The 2022 software stack is deprecated. Please consider switching to
the latest 2024 * 
* software stack, or the older 2023 software stack. * 
* * 
* If you have any question, please contact us via
http://servicedesk.surfsara.nl. * 
***************************************************************************************************** 

Configuration:
description: LED
results_root_dir: results
dataset: kitti
dimensions: 6
past_frames: 15
future_frames: 24
min_past_frames: 15
min_future_frames: 24
k_preds: 24
traj_mean: [14, 7.5]
traj_scale: 5
relative: False
normalised: False
pretrained_core_denoising_model: ./results/checkpoints/base_diffusion_model.p
debug: False
diffusion: {'steps': 150, 'beta_start': 0.0001, 'beta_end': 0.05, 'beta_schedule': 'linear'}
lr: 0.005
train_batch_size: 32
test_batch_size: 32
num_epochs: 40
test_interval: 1
lr_scheduler: step
decay_step: 8
decay_gamma: 0.5

[INFO] Loading 6D Translation and Rotation (Lie Algebra) Data
[INFO] KITTI dataset (1 agent).
[INFO] Now using random trajectory shuffling.

Train dataset:
Total x, y and z distances travelled: 12.81286, 0.81051, 13.54245
Euclidean dist diff avg: 22.03840
Still need to implement rotation statistics

Test dataset:
Total x, y and z distances travelled: 12.71776, 0.81852, 13.71293
Euclidean dist diff avg: 22.13537
Still need to implement rotation statistics

[INFO] Kitti dataset - skip subtracting mean from absolute positions.
[INFO] Training from scratch - without pretrained models (Not NBA with frame standard configs)

[Core Denoising Model] Trainable/Total: 6627120/6627120
[Initialization Model] Trainable/Total: 7427753/7427753
[2025-02-18 18:04:41] Epoch: 0		Loss: 66.947265	Loss Translation.: 0.438192	Loss Rotation.: 0.143825	Combined Loss Dist.: 30.497572	Loss Uncertainty: 36.449692
--ADE (5 time steps): 0.5882	--FDE (5 time steps): 0.8175
--ADE (10 time steps): 0.9177	--FDE (10 time steps): 1.4511
--ADE (15 time steps): 1.2811	--FDE (15 time steps): 2.2524
--ADE (20 time steps): 1.6859	--FDE (20 time steps): 3.0232
[2025-02-18 18:07:00] Epoch: 1		Loss: 20.356033	Loss Translation.: 0.245564	Loss Rotation.: 0.094714	Combined Loss Dist.: 18.135263	Loss Uncertainty: 2.220770
--ADE (5 time steps): 0.5147	--FDE (5 time steps): 0.7292
--ADE (10 time steps): 0.8867	--FDE (10 time steps): 1.4463
--ADE (15 time steps): 1.2352	--FDE (15 time steps): 2.1011
--ADE (20 time steps): 1.6002	--FDE (20 time steps): 2.8582
[2025-02-18 18:09:19] Epoch: 2		Loss: 17.934185	Loss Translation.: 0.215547	Loss Rotation.: 0.080261	Combined Loss Dist.: 15.935206	Loss Uncertainty: 1.998978
--ADE (5 time steps): 0.3786	--FDE (5 time steps): 0.3898
--ADE (10 time steps): 0.5778	--FDE (10 time steps): 0.8645
--ADE (15 time steps): 0.8177	--FDE (15 time steps): 1.3172
--ADE (20 time steps): 1.0582	--FDE (20 time steps): 1.8162
[2025-02-18 18:11:38] Epoch: 3		Loss: 16.241194	Loss Translation.: 0.196510	Loss Rotation.: 0.070294	Combined Loss Dist.: 14.477209	Loss Uncertainty: 1.763985
--ADE (5 time steps): 0.3624	--FDE (5 time steps): 0.4267
--ADE (10 time steps): 0.5556	--FDE (10 time steps): 0.8587
--ADE (15 time steps): 0.7755	--FDE (15 time steps): 1.3342
--ADE (20 time steps): 1.0334	--FDE (20 time steps): 1.8815
[2025-02-18 18:13:58] Epoch: 4		Loss: 15.300484	Loss Translation.: 0.187353	Loss Rotation.: 0.066063	Combined Loss Dist.: 13.760218	Loss Uncertainty: 1.540266
--ADE (5 time steps): 0.3616	--FDE (5 time steps): 0.4758
--ADE (10 time steps): 0.5458	--FDE (10 time steps): 0.8024
--ADE (15 time steps): 0.7396	--FDE (15 time steps): 1.1786
--ADE (20 time steps): 0.9564	--FDE (20 time steps): 1.6727
[2025-02-18 18:16:17] Epoch: 5		Loss: 14.292488	Loss Translation.: 0.176693	Loss Rotation.: 0.060682	Combined Loss Dist.: 12.920420	Loss Uncertainty: 1.372069
--ADE (5 time steps): 0.2868	--FDE (5 time steps): 0.3582
--ADE (10 time steps): 0.4493	--FDE (10 time steps): 0.6899
--ADE (15 time steps): 0.6499	--FDE (15 time steps): 1.1139
--ADE (20 time steps): 0.8825	--FDE (20 time steps): 1.6243
[2025-02-18 18:18:36] Epoch: 6		Loss: 13.440234	Loss Translation.: 0.165769	Loss Rotation.: 0.057543	Combined Loss Dist.: 12.181935	Loss Uncertainty: 1.258298
--ADE (5 time steps): 0.3560	--FDE (5 time steps): 0.4363
--ADE (10 time steps): 0.5500	--FDE (10 time steps): 0.8190
--ADE (15 time steps): 0.7419	--FDE (15 time steps): 1.2104
--ADE (20 time steps): 0.9646	--FDE (20 time steps): 1.6960
[2025-02-18 18:20:55] Epoch: 7		Loss: 12.654562	Loss Translation.: 0.154880	Loss Rotation.: 0.055582	Combined Loss Dist.: 11.488336	Loss Uncertainty: 1.166226
--ADE (5 time steps): 0.4067	--FDE (5 time steps): 0.4585
--ADE (10 time steps): 0.5667	--FDE (10 time steps): 0.8043
--ADE (15 time steps): 0.7558	--FDE (15 time steps): 1.2498
--ADE (20 time steps): 0.9917	--FDE (20 time steps): 1.7838
[2025-02-18 18:23:15] Epoch: 8		Loss: 9.843092	Loss Translation.: 0.120378	Loss Rotation.: 0.042303	Combined Loss Dist.: 8.801646	Loss Uncertainty: 1.041446
--ADE (5 time steps): 0.1835	--FDE (5 time steps): 0.2306
--ADE (10 time steps): 0.2990	--FDE (10 time steps): 0.4830
--ADE (15 time steps): 0.4414	--FDE (15 time steps): 0.7910
--ADE (20 time steps): 0.6103	--FDE (20 time steps): 1.1602
[2025-02-18 18:25:34] Epoch: 9		Loss: 9.063817	Loss Translation.: 0.108561	Loss Rotation.: 0.040113	Combined Loss Dist.: 8.082808	Loss Uncertainty: 0.981009
--ADE (5 time steps): 0.1760	--FDE (5 time steps): 0.2252
--ADE (10 time steps): 0.2874	--FDE (10 time steps): 0.4575
--ADE (15 time steps): 0.4198	--FDE (15 time steps): 0.7631
--ADE (20 time steps): 0.5824	--FDE (20 time steps): 1.1218
[2025-02-18 18:27:53] Epoch: 10		Loss: 8.829811	Loss Translation.: 0.105040	Loss Rotation.: 0.040105	Combined Loss Dist.: 7.882075	Loss Uncertainty: 0.947736
--ADE (5 time steps): 0.1748	--FDE (5 time steps): 0.2112
--ADE (10 time steps): 0.2701	--FDE (10 time steps): 0.4121
--ADE (15 time steps): 0.3857	--FDE (15 time steps): 0.6720
--ADE (20 time steps): 0.5334	--FDE (20 time steps): 1.0020
[2025-02-18 18:30:13] Epoch: 11		Loss: 8.487667	Loss Translation.: 0.100742	Loss Rotation.: 0.038756	Combined Loss Dist.: 7.571897	Loss Uncertainty: 0.915770
--ADE (5 time steps): 0.1838	--FDE (5 time steps): 0.2004
--ADE (10 time steps): 0.2716	--FDE (10 time steps): 0.4218
--ADE (15 time steps): 0.3834	--FDE (15 time steps): 0.6743
--ADE (20 time steps): 0.5282	--FDE (20 time steps): 1.0067
[2025-02-18 18:32:32] Epoch: 12		Loss: 8.356361	Loss Translation.: 0.098626	Loss Rotation.: 0.038273	Combined Loss Dist.: 7.463795	Loss Uncertainty: 0.892565
--ADE (5 time steps): 0.1758	--FDE (5 time steps): 0.2267
--ADE (10 time steps): 0.2815	--FDE (10 time steps): 0.4461
--ADE (15 time steps): 0.3994	--FDE (15 time steps): 0.6875
--ADE (20 time steps): 0.5403	--FDE (20 time steps): 0.9707
[2025-02-18 18:34:51] Epoch: 13		Loss: 8.171075	Loss Translation.: 0.096359	Loss Rotation.: 0.037494	Combined Loss Dist.: 7.308152	Loss Uncertainty: 0.862923
--ADE (5 time steps): 0.1545	--FDE (5 time steps): 0.1923
--ADE (10 time steps): 0.2433	--FDE (10 time steps): 0.3883
--ADE (15 time steps): 0.3567	--FDE (15 time steps): 0.6582
--ADE (20 time steps): 0.5006	--FDE (20 time steps): 0.9524
[2025-02-18 18:37:10] Epoch: 14		Loss: 8.022815	Loss Translation.: 0.094098	Loss Rotation.: 0.036553	Combined Loss Dist.: 7.186253	Loss Uncertainty: 0.836562
--ADE (5 time steps): 0.1520	--FDE (5 time steps): 0.2000
--ADE (10 time steps): 0.2575	--FDE (10 time steps): 0.4333
--ADE (15 time steps): 0.3759	--FDE (15 time steps): 0.6655
--ADE (20 time steps): 0.5100	--FDE (20 time steps): 0.9382
[2025-02-18 18:39:30] Epoch: 15		Loss: 7.606438	Loss Translation.: 0.089666	Loss Rotation.: 0.032511	Combined Loss Dist.: 6.790913	Loss Uncertainty: 0.815525
--ADE (5 time steps): 0.1350	--FDE (5 time steps): 0.1692
--ADE (10 time steps): 0.2187	--FDE (10 time steps): 0.3523
--ADE (15 time steps): 0.3211	--FDE (15 time steps): 0.5838
--ADE (20 time steps): 0.4455	--FDE (20 time steps): 0.8413
[2025-02-18 18:41:49] Epoch: 16		Loss: 6.230998	Loss Translation.: 0.072959	Loss Rotation.: 0.026269	Combined Loss Dist.: 5.472052	Loss Uncertainty: 0.758946
--ADE (5 time steps): 0.1120	--FDE (5 time steps): 0.1435
--ADE (10 time steps): 0.1807	--FDE (10 time steps): 0.2899
--ADE (15 time steps): 0.2639	--FDE (15 time steps): 0.4704
--ADE (20 time steps): 0.3663	--FDE (20 time steps): 0.6815
[2025-02-18 18:44:08] Epoch: 17		Loss: 5.821386	Loss Translation.: 0.067113	Loss Rotation.: 0.025477	Combined Loss Dist.: 5.090659	Loss Uncertainty: 0.730726
--ADE (5 time steps): 0.1303	--FDE (5 time steps): 0.1657
--ADE (10 time steps): 0.2059	--FDE (10 time steps): 0.3240
--ADE (15 time steps): 0.2926	--FDE (15 time steps): 0.5019
--ADE (20 time steps): 0.3957	--FDE (20 time steps): 0.7219
[2025-02-18 18:46:28] Epoch: 18		Loss: 5.742960	Loss Translation.: 0.066361	Loss Rotation.: 0.024959	Combined Loss Dist.: 5.019853	Loss Uncertainty: 0.723107
--ADE (5 time steps): 0.1101	--FDE (5 time steps): 0.1419
--ADE (10 time steps): 0.1769	--FDE (10 time steps): 0.2804
--ADE (15 time steps): 0.2589	--FDE (15 time steps): 0.4547
--ADE (20 time steps): 0.3574	--FDE (20 time steps): 0.6693
[2025-02-18 18:48:47] Epoch: 19		Loss: 5.625272	Loss Translation.: 0.064497	Loss Rotation.: 0.024964	Combined Loss Dist.: 4.915013	Loss Uncertainty: 0.710259
--ADE (5 time steps): 0.1096	--FDE (5 time steps): 0.1365
--ADE (10 time steps): 0.1704	--FDE (10 time steps): 0.2681
--ADE (15 time steps): 0.2475	--FDE (15 time steps): 0.4378
--ADE (20 time steps): 0.3419	--FDE (20 time steps): 0.6388
[2025-02-18 18:51:06] Epoch: 20		Loss: 5.510472	Loss Translation.: 0.063050	Loss Rotation.: 0.024551	Combined Loss Dist.: 4.815492	Loss Uncertainty: 0.694980
--ADE (5 time steps): 0.1077	--FDE (5 time steps): 0.1274
--ADE (10 time steps): 0.1636	--FDE (10 time steps): 0.2483
--ADE (15 time steps): 0.2337	--FDE (15 time steps): 0.4038
--ADE (20 time steps): 0.3203	--FDE (20 time steps): 0.5922
[2025-02-18 18:53:26] Epoch: 21		Loss: 5.395960	Loss Translation.: 0.061534	Loss Rotation.: 0.024349	Combined Loss Dist.: 4.712887	Loss Uncertainty: 0.683073
--ADE (5 time steps): 0.1042	--FDE (5 time steps): 0.1258
--ADE (10 time steps): 0.1645	--FDE (10 time steps): 0.2579
--ADE (15 time steps): 0.2388	--FDE (15 time steps): 0.4241
--ADE (20 time steps): 0.3304	--FDE (20 time steps): 0.6154
[2025-02-18 18:55:45] Epoch: 22		Loss: 5.338489	Loss Translation.: 0.060648	Loss Rotation.: 0.024234	Combined Loss Dist.: 4.667351	Loss Uncertainty: 0.671138
--ADE (5 time steps): 0.1253	--FDE (5 time steps): 0.1508
--ADE (10 time steps): 0.1883	--FDE (10 time steps): 0.2860
--ADE (15 time steps): 0.2661	--FDE (15 time steps): 0.4577
--ADE (20 time steps): 0.3596	--FDE (20 time steps): 0.6582
[2025-02-18 18:58:04] Epoch: 23		Loss: 5.214035	Loss Translation.: 0.059346	Loss Rotation.: 0.023637	Combined Loss Dist.: 4.555636	Loss Uncertainty: 0.658399
--ADE (5 time steps): 0.1322	--FDE (5 time steps): 0.1684
--ADE (10 time steps): 0.2034	--FDE (10 time steps): 0.3079
--ADE (15 time steps): 0.2818	--FDE (15 time steps): 0.4675
--ADE (20 time steps): 0.3732	--FDE (20 time steps): 0.6582
[2025-02-18 19:00:23] Epoch: 24		Loss: 4.568466	Loss Translation.: 0.050625	Loss Rotation.: 0.021262	Combined Loss Dist.: 3.937973	Loss Uncertainty: 0.630493
--ADE (5 time steps): 0.0845	--FDE (5 time steps): 0.1045
--ADE (10 time steps): 0.1320	--FDE (10 time steps): 0.2087
--ADE (15 time steps): 0.1931	--FDE (15 time steps): 0.3478
--ADE (20 time steps): 0.2706	--FDE (20 time steps): 0.5143
[2025-02-18 19:02:43] Epoch: 25		Loss: 4.415397	Loss Translation.: 0.048784	Loss Rotation.: 0.020792	Combined Loss Dist.: 3.795215	Loss Uncertainty: 0.620182
--ADE (5 time steps): 0.0828	--FDE (5 time steps): 0.1036
--ADE (10 time steps): 0.1311	--FDE (10 time steps): 0.2058
--ADE (15 time steps): 0.1899	--FDE (15 time steps): 0.3374
--ADE (20 time steps): 0.2646	--FDE (20 time steps): 0.5004
[2025-02-18 19:05:02] Epoch: 26		Loss: 4.312410	Loss Translation.: 0.047028	Loss Rotation.: 0.020624	Combined Loss Dist.: 3.700034	Loss Uncertainty: 0.612376
--ADE (5 time steps): 0.0825	--FDE (5 time steps): 0.1021
--ADE (10 time steps): 0.1281	--FDE (10 time steps): 0.1957
--ADE (15 time steps): 0.1834	--FDE (15 time steps): 0.3209
--ADE (20 time steps): 0.2542	--FDE (20 time steps): 0.4807
[2025-02-18 19:07:21] Epoch: 27		Loss: 4.259381	Loss Translation.: 0.046457	Loss Rotation.: 0.020379	Combined Loss Dist.: 3.654547	Loss Uncertainty: 0.604834
--ADE (5 time steps): 0.0810	--FDE (5 time steps): 0.1014
--ADE (10 time steps): 0.1290	--FDE (10 time steps): 0.2051
--ADE (15 time steps): 0.1876	--FDE (15 time steps): 0.3353
--ADE (20 time steps): 0.2617	--FDE (20 time steps): 0.4923
[2025-02-18 19:09:41] Epoch: 28		Loss: 4.199266	Loss Translation.: 0.045684	Loss Rotation.: 0.020185	Combined Loss Dist.: 3.602427	Loss Uncertainty: 0.596839
--ADE (5 time steps): 0.0768	--FDE (5 time steps): 0.0959
--ADE (10 time steps): 0.1216	--FDE (10 time steps): 0.1914
--ADE (15 time steps): 0.1762	--FDE (15 time steps): 0.3123
--ADE (20 time steps): 0.2455	--FDE (20 time steps): 0.4626
[2025-02-18 19:12:00] Epoch: 29		Loss: 4.151987	Loss Translation.: 0.045102	Loss Rotation.: 0.019987	Combined Loss Dist.: 3.559494	Loss Uncertainty: 0.592494
--ADE (5 time steps): 0.0830	--FDE (5 time steps): 0.1007
--ADE (10 time steps): 0.1269	--FDE (10 time steps): 0.1934
--ADE (15 time steps): 0.1803	--FDE (15 time steps): 0.3123
--ADE (20 time steps): 0.2481	--FDE (20 time steps): 0.4606
[2025-02-18 19:14:19] Epoch: 30		Loss: 4.108226	Loss Translation.: 0.044530	Loss Rotation.: 0.019782	Combined Loss Dist.: 3.522956	Loss Uncertainty: 0.585270
--ADE (5 time steps): 0.0902	--FDE (5 time steps): 0.1113
--ADE (10 time steps): 0.1387	--FDE (10 time steps): 0.2090
--ADE (15 time steps): 0.1951	--FDE (15 time steps): 0.3279
--ADE (20 time steps): 0.2637	--FDE (20 time steps): 0.4733
[2025-02-18 19:16:38] Epoch: 31		Loss: 4.072201	Loss Translation.: 0.044171	Loss Rotation.: 0.019622	Combined Loss Dist.: 3.493500	Loss Uncertainty: 0.578701
--ADE (5 time steps): 0.0774	--FDE (5 time steps): 0.0968
--ADE (10 time steps): 0.1203	--FDE (10 time steps): 0.1839
--ADE (15 time steps): 0.1725	--FDE (15 time steps): 0.2969
--ADE (20 time steps): 0.2386	--FDE (20 time steps): 0.4404
[2025-02-18 19:18:58] Epoch: 32		Loss: 3.748064	Loss Translation.: 0.039804	Loss Rotation.: 0.018500	Combined Loss Dist.: 3.181570	Loss Uncertainty: 0.566494
--ADE (5 time steps): 0.0735	--FDE (5 time steps): 0.0879
--ADE (10 time steps): 0.1116	--FDE (10 time steps): 0.1685
--ADE (15 time steps): 0.1590	--FDE (15 time steps): 0.2737
--ADE (20 time steps): 0.2196	--FDE (20 time steps): 0.4072
[2025-02-18 19:21:17] Epoch: 33		Loss: 3.688111	Loss Translation.: 0.038944	Loss Rotation.: 0.018389	Combined Loss Dist.: 3.126849	Loss Uncertainty: 0.561263
--ADE (5 time steps): 0.0738	--FDE (5 time steps): 0.0877
--ADE (10 time steps): 0.1115	--FDE (10 time steps): 0.1668
--ADE (15 time steps): 0.1581	--FDE (15 time steps): 0.2708
--ADE (20 time steps): 0.2178	--FDE (20 time steps): 0.4019
[2025-02-18 19:23:39] Epoch: 34		Loss: 3.632006	Loss Translation.: 0.038109	Loss Rotation.: 0.018300	Combined Loss Dist.: 3.074771	Loss Uncertainty: 0.557235
--ADE (5 time steps): 0.0752	--FDE (5 time steps): 0.0909
--ADE (10 time steps): 0.1147	--FDE (10 time steps): 0.1736
--ADE (15 time steps): 0.1630	--FDE (15 time steps): 0.2807
--ADE (20 time steps): 0.2243	--FDE (20 time steps): 0.4131
[2025-02-18 19:25:58] Epoch: 35		Loss: 3.617288	Loss Translation.: 0.037929	Loss Rotation.: 0.018214	Combined Loss Dist.: 3.062299	Loss Uncertainty: 0.554989
--ADE (5 time steps): 0.0706	--FDE (5 time steps): 0.0865
--ADE (10 time steps): 0.1087	--FDE (10 time steps): 0.1675
--ADE (15 time steps): 0.1559	--FDE (15 time steps): 0.2706
--ADE (20 time steps): 0.2154	--FDE (20 time steps): 0.3973
[2025-02-18 19:28:17] Epoch: 36		Loss: 3.589953	Loss Translation.: 0.037618	Loss Rotation.: 0.018140	Combined Loss Dist.: 3.039429	Loss Uncertainty: 0.550524
--ADE (5 time steps): 0.0735	--FDE (5 time steps): 0.0877
--ADE (10 time steps): 0.1102	--FDE (10 time steps): 0.1632
--ADE (15 time steps): 0.1554	--FDE (15 time steps): 0.2653
--ADE (20 time steps): 0.2140	--FDE (20 time steps): 0.3919
[2025-02-18 19:30:37] Epoch: 37		Loss: 3.561157	Loss Translation.: 0.037239	Loss Rotation.: 0.018046	Combined Loss Dist.: 3.012476	Loss Uncertainty: 0.548681
--ADE (5 time steps): 0.0732	--FDE (5 time steps): 0.0878
--ADE (10 time steps): 0.1111	--FDE (10 time steps): 0.1642
--ADE (15 time steps): 0.1566	--FDE (15 time steps): 0.2665
--ADE (20 time steps): 0.2149	--FDE (20 time steps): 0.3924
[2025-02-18 19:32:56] Epoch: 38		Loss: 3.533029	Loss Translation.: 0.036852	Loss Rotation.: 0.018005	Combined Loss Dist.: 2.987744	Loss Uncertainty: 0.545285
--ADE (5 time steps): 0.0761	--FDE (5 time steps): 0.0889
--ADE (10 time steps): 0.1119	--FDE (10 time steps): 0.1643
--ADE (15 time steps): 0.1567	--FDE (15 time steps): 0.2664
--ADE (20 time steps): 0.2153	--FDE (20 time steps): 0.3943
[2025-02-18 19:35:15] Epoch: 39		Loss: 3.508864	Loss Translation.: 0.036496	Loss Rotation.: 0.017953	Combined Loss Dist.: 2.965700	Loss Uncertainty: 0.543164
--ADE (5 time steps): 0.0692	--FDE (5 time steps): 0.0842
--ADE (10 time steps): 0.1054	--FDE (10 time steps): 0.1595
--ADE (15 time steps): 0.1507	--FDE (15 time steps): 0.2616
--ADE (20 time steps): 0.2090	--FDE (20 time steps): 0.3829

JOB STATISTICS
==============
Job ID: 10055694
Cluster: snellius
User/Group: scur2440/scur2440
State: COMPLETED (exit code 0)
Nodes: 1
Cores per node: 18
CPU Utilized: 01:33:53
CPU Efficiency: 5.59% of 1-04:00:00 core-walltime
Job Wall-clock time: 01:33:20
Memory Utilized: 3.12 GB
Memory Efficiency: 2.60% of 120.00 GB
