***************************************************************************************************** 
* WARNING: The 2022 software stack is deprecated. Please consider switching to
the latest 2024 * 
* software stack, or the older 2023 software stack. * 
* * 
* If you have any question, please contact us via
http://servicedesk.surfsara.nl. * 
***************************************************************************************************** 

Configuration:
description: LED
results_root_dir: results
dataset: kitti
dimensions: 6
past_frames: 15
future_frames: 24
min_past_frames: 15
min_future_frames: 24
k_preds: 24
traj_mean: [14, 7.5]
traj_scale: 5
relative: False
normalised: False
pretrained_core_denoising_model: ./results/checkpoints/base_diffusion_model.p
debug: False
diffusion: {'steps': 150, 'beta_start': 0.0001, 'beta_end': 0.05, 'beta_schedule': 'linear'}
lr: 0.005
train_batch_size: 32
test_batch_size: 32
num_epochs: 70
test_interval: 1
lr_scheduler: step
decay_step: 8
decay_gamma: 0.5

[INFO] KITTI dataset (1 agent).
[INFO] Now using random trajectory shuffling.

Train dataset:
Total x, y and z distances travelled: 12.81286, 0.81051, 13.54245
Euclidean dist diff avg: 22.03840
Still need to implement rotation statistics

Test dataset:
Total x, y and z distances travelled: 12.71776, 0.81852, 13.71293
Euclidean dist diff avg: 22.13537
Still need to implement rotation statistics

[INFO] Kitti dataset - skip subtracting mean from absolute positions.
[INFO] Training from scratch - without pretrained models (Not NBA with frame standard configs)

[Core Denoising Model] Trainable/Total: 6627120/6627120
[Initialization Model] Trainable/Total: 7427753/7427753
[2025-02-24 11:26:46] Epoch: 0		Loss: 2658.465368	Loss Translation.: 0.449557	Loss Rotation.: 0.150867	Combined Loss Dist.: 31.447874	Loss Uncertainty: 2627.017585
--ADE (5 time steps): 0.5703	--FDE (5 time steps): 0.6937
--ADE (10 time steps): 0.8634	--FDE (10 time steps): 1.3302
--ADE (15 time steps): 1.2108	--FDE (15 time steps): 2.0669
--ADE (20 time steps): 1.5864	--FDE (20 time steps): 2.8883
[2025-02-24 11:29:05] Epoch: 1		Loss: 20.812497	Loss Translation.: 0.255256	Loss Rotation.: 0.090757	Combined Loss Dist.: 18.658444	Loss Uncertainty: 2.154052
--ADE (5 time steps): 0.5505	--FDE (5 time steps): 0.5978
--ADE (10 time steps): 0.7911	--FDE (10 time steps): 1.0599
--ADE (15 time steps): 1.0317	--FDE (15 time steps): 1.5531
--ADE (20 time steps): 1.3093	--FDE (20 time steps): 2.1907
[2025-02-24 11:31:24] Epoch: 2		Loss: 18.276338	Loss Translation.: 0.225240	Loss Rotation.: 0.075850	Combined Loss Dist.: 16.407878	Loss Uncertainty: 1.868459
--ADE (5 time steps): 0.3730	--FDE (5 time steps): 0.3895
--ADE (10 time steps): 0.5461	--FDE (10 time steps): 0.7175
--ADE (15 time steps): 0.7547	--FDE (15 time steps): 1.1800
--ADE (20 time steps): 0.9942	--FDE (20 time steps): 1.7210
[2025-02-24 11:33:43] Epoch: 3		Loss: 16.429328	Loss Translation.: 0.203452	Loss Rotation.: 0.066746	Combined Loss Dist.: 14.826020	Loss Uncertainty: 1.603308
--ADE (5 time steps): 0.3272	--FDE (5 time steps): 0.3814
--ADE (10 time steps): 0.5070	--FDE (10 time steps): 0.7149
--ADE (15 time steps): 0.7012	--FDE (15 time steps): 1.0810
--ADE (20 time steps): 0.9245	--FDE (20 time steps): 1.5754
[2025-02-24 11:36:02] Epoch: 4		Loss: 15.062635	Loss Translation.: 0.187644	Loss Rotation.: 0.060060	Combined Loss Dist.: 13.661166	Loss Uncertainty: 1.401470
--ADE (5 time steps): 0.4012	--FDE (5 time steps): 0.4514
--ADE (10 time steps): 0.5676	--FDE (10 time steps): 0.7966
--ADE (15 time steps): 0.7895	--FDE (15 time steps): 1.2629
--ADE (20 time steps): 1.0155	--FDE (20 time steps): 1.6920
[2025-02-24 11:38:21] Epoch: 5		Loss: 14.332259	Loss Translation.: 0.180010	Loss Rotation.: 0.056663	Combined Loss Dist.: 13.058533	Loss Uncertainty: 1.273726
--ADE (5 time steps): 0.3457	--FDE (5 time steps): 0.4232
--ADE (10 time steps): 0.5250	--FDE (10 time steps): 0.8110
--ADE (15 time steps): 0.7319	--FDE (15 time steps): 1.2055
--ADE (20 time steps): 0.9529	--FDE (20 time steps): 1.6400
[2025-02-24 11:40:41] Epoch: 6		Loss: 13.386067	Loss Translation.: 0.168170	Loss Rotation.: 0.052785	Combined Loss Dist.: 12.216981	Loss Uncertainty: 1.169086
--ADE (5 time steps): 0.4927	--FDE (5 time steps): 0.4980
--ADE (10 time steps): 0.6287	--FDE (10 time steps): 0.7800
--ADE (15 time steps): 0.8107	--FDE (15 time steps): 1.2137
--ADE (20 time steps): 1.0313	--FDE (20 time steps): 1.7289
[2025-02-24 11:43:00] Epoch: 7		Loss: 12.933501	Loss Translation.: 0.163373	Loss Rotation.: 0.050390	Combined Loss Dist.: 11.815498	Loss Uncertainty: 1.118004
--ADE (5 time steps): 0.4309	--FDE (5 time steps): 0.5050
--ADE (10 time steps): 0.5961	--FDE (10 time steps): 0.8250
--ADE (15 time steps): 0.7757	--FDE (15 time steps): 1.2082
--ADE (20 time steps): 0.9891	--FDE (20 time steps): 1.6729
[2025-02-24 11:45:19] Epoch: 8		Loss: 9.733072	Loss Translation.: 0.122382	Loss Rotation.: 0.037087	Combined Loss Dist.: 8.726314	Loss Uncertainty: 1.006758
--ADE (5 time steps): 0.2015	--FDE (5 time steps): 0.2298
--ADE (10 time steps): 0.2931	--FDE (10 time steps): 0.4319
--ADE (15 time steps): 0.4143	--FDE (15 time steps): 0.7016
--ADE (20 time steps): 0.5668	--FDE (20 time steps): 1.0473
[2025-02-24 11:47:38] Epoch: 9		Loss: 8.955830	Loss Translation.: 0.111688	Loss Rotation.: 0.034251	Combined Loss Dist.: 7.996463	Loss Uncertainty: 0.959367
--ADE (5 time steps): 0.2000	--FDE (5 time steps): 0.2531
--ADE (10 time steps): 0.3061	--FDE (10 time steps): 0.4523
--ADE (15 time steps): 0.4296	--FDE (15 time steps): 0.7169
--ADE (20 time steps): 0.5751	--FDE (20 time steps): 1.0368
[2025-02-24 11:49:57] Epoch: 10		Loss: 8.797815	Loss Translation.: 0.107922	Loss Rotation.: 0.034580	Combined Loss Dist.: 7.864223	Loss Uncertainty: 0.933592
--ADE (5 time steps): 0.1676	--FDE (5 time steps): 0.2100
--ADE (10 time steps): 0.2835	--FDE (10 time steps): 0.4656
--ADE (15 time steps): 0.4149	--FDE (15 time steps): 0.7125
--ADE (20 time steps): 0.5599	--FDE (20 time steps): 1.0141
[2025-02-24 11:52:16] Epoch: 11		Loss: 8.482061	Loss Translation.: 0.104025	Loss Rotation.: 0.033060	Combined Loss Dist.: 7.574499	Loss Uncertainty: 0.907562
--ADE (5 time steps): 0.2614	--FDE (5 time steps): 0.2673
--ADE (10 time steps): 0.3513	--FDE (10 time steps): 0.4737
--ADE (15 time steps): 0.4619	--FDE (15 time steps): 0.7218
--ADE (20 time steps): 0.5926	--FDE (20 time steps): 1.0416
[2025-02-24 11:54:35] Epoch: 12		Loss: 8.116500	Loss Translation.: 0.099158	Loss Rotation.: 0.031791	Combined Loss Dist.: 7.229334	Loss Uncertainty: 0.887167
--ADE (5 time steps): 0.2001	--FDE (5 time steps): 0.2425
--ADE (10 time steps): 0.3162	--FDE (10 time steps): 0.5161
--ADE (15 time steps): 0.4619	--FDE (15 time steps): 0.8085
--ADE (20 time steps): 0.6190	--FDE (20 time steps): 1.1183
[2025-02-24 11:56:55] Epoch: 13		Loss: 7.951552	Loss Translation.: 0.096717	Loss Rotation.: 0.031362	Combined Loss Dist.: 7.082282	Loss Uncertainty: 0.869270
--ADE (5 time steps): 0.1660	--FDE (5 time steps): 0.2000
--ADE (10 time steps): 0.2592	--FDE (10 time steps): 0.3825
--ADE (15 time steps): 0.3680	--FDE (15 time steps): 0.5969
--ADE (20 time steps): 0.4888	--FDE (20 time steps): 0.8587
[2025-02-24 11:59:14] Epoch: 14		Loss: 7.688749	Loss Translation.: 0.093136	Loss Rotation.: 0.030392	Combined Loss Dist.: 6.833821	Loss Uncertainty: 0.854927
--ADE (5 time steps): 0.1622	--FDE (5 time steps): 0.1930
--ADE (10 time steps): 0.2438	--FDE (10 time steps): 0.3701
--ADE (15 time steps): 0.3498	--FDE (15 time steps): 0.5967
--ADE (20 time steps): 0.4708	--FDE (20 time steps): 0.8510
[2025-02-24 12:01:33] Epoch: 15		Loss: 7.772631	Loss Translation.: 0.094423	Loss Rotation.: 0.030403	Combined Loss Dist.: 6.918138	Loss Uncertainty: 0.854493
--ADE (5 time steps): 0.1986	--FDE (5 time steps): 0.2405
--ADE (10 time steps): 0.2985	--FDE (10 time steps): 0.4456
--ADE (15 time steps): 0.4102	--FDE (15 time steps): 0.6621
--ADE (20 time steps): 0.5322	--FDE (20 time steps): 0.9222
[2025-02-24 12:03:52] Epoch: 16		Loss: 6.226734	Loss Translation.: 0.074283	Loss Rotation.: 0.024925	Combined Loss Dist.: 5.428228	Loss Uncertainty: 0.798506
--ADE (5 time steps): 0.1236	--FDE (5 time steps): 0.1499
--ADE (10 time steps): 0.1916	--FDE (10 time steps): 0.2949
--ADE (15 time steps): 0.2792	--FDE (15 time steps): 0.4799
--ADE (20 time steps): 0.3790	--FDE (20 time steps): 0.7014
[2025-02-24 12:06:11] Epoch: 17		Loss: 5.960471	Loss Translation.: 0.070234	Loss Rotation.: 0.024416	Combined Loss Dist.: 5.180443	Loss Uncertainty: 0.780028
--ADE (5 time steps): 0.1151	--FDE (5 time steps): 0.1343
--ADE (10 time steps): 0.1763	--FDE (10 time steps): 0.2709
--ADE (15 time steps): 0.2597	--FDE (15 time steps): 0.4548
--ADE (20 time steps): 0.3579	--FDE (20 time steps): 0.6748
[2025-02-24 12:08:30] Epoch: 18		Loss: 5.714599	Loss Translation.: 0.066950	Loss Rotation.: 0.023816	Combined Loss Dist.: 4.949668	Loss Uncertainty: 0.764931
--ADE (5 time steps): 0.1090	--FDE (5 time steps): 0.1331
--ADE (10 time steps): 0.1703	--FDE (10 time steps): 0.2644
--ADE (15 time steps): 0.2480	--FDE (15 time steps): 0.4303
--ADE (20 time steps): 0.3411	--FDE (20 time steps): 0.6412
[2025-02-24 12:10:49] Epoch: 19		Loss: 5.573712	Loss Translation.: 0.064770	Loss Rotation.: 0.023641	Combined Loss Dist.: 4.819204	Loss Uncertainty: 0.754507
--ADE (5 time steps): 0.1275	--FDE (5 time steps): 0.1446
--ADE (10 time steps): 0.1904	--FDE (10 time steps): 0.2998
--ADE (15 time steps): 0.2769	--FDE (15 time steps): 0.4831
--ADE (20 time steps): 0.3765	--FDE (20 time steps): 0.7034
[2025-02-24 12:13:08] Epoch: 20		Loss: 5.592782	Loss Translation.: 0.065268	Loss Rotation.: 0.023580	Combined Loss Dist.: 4.844177	Loss Uncertainty: 0.748605
--ADE (5 time steps): 0.1328	--FDE (5 time steps): 0.1561
--ADE (10 time steps): 0.1927	--FDE (10 time steps): 0.2705
--ADE (15 time steps): 0.2620	--FDE (15 time steps): 0.4060
--ADE (20 time steps): 0.3413	--FDE (20 time steps): 0.5897
[2025-02-24 12:15:28] Epoch: 21		Loss: 5.527998	Loss Translation.: 0.064380	Loss Rotation.: 0.023343	Combined Loss Dist.: 4.785109	Loss Uncertainty: 0.742889
--ADE (5 time steps): 0.1362	--FDE (5 time steps): 0.1571
--ADE (10 time steps): 0.1998	--FDE (10 time steps): 0.2935
--ADE (15 time steps): 0.2737	--FDE (15 time steps): 0.4441
--ADE (20 time steps): 0.3606	--FDE (20 time steps): 0.6437
[2025-02-24 12:17:47] Epoch: 22		Loss: 5.403213	Loss Translation.: 0.062695	Loss Rotation.: 0.023022	Combined Loss Dist.: 4.668066	Loss Uncertainty: 0.735147
--ADE (5 time steps): 0.1168	--FDE (5 time steps): 0.1398
--ADE (10 time steps): 0.1758	--FDE (10 time steps): 0.2609
--ADE (15 time steps): 0.2480	--FDE (15 time steps): 0.4008
--ADE (20 time steps): 0.3299	--FDE (20 time steps): 0.5928
[2025-02-24 12:20:06] Epoch: 23		Loss: 5.325154	Loss Translation.: 0.061144	Loss Rotation.: 0.023178	Combined Loss Dist.: 4.595862	Loss Uncertainty: 0.729292
--ADE (5 time steps): 0.1181	--FDE (5 time steps): 0.1431
--ADE (10 time steps): 0.1790	--FDE (10 time steps): 0.2661
--ADE (15 time steps): 0.2520	--FDE (15 time steps): 0.4088
--ADE (20 time steps): 0.3336	--FDE (20 time steps): 0.5886
[2025-02-24 12:22:25] Epoch: 24		Loss: 4.658406	Loss Translation.: 0.052405	Loss Rotation.: 0.020654	Combined Loss Dist.: 3.953087	Loss Uncertainty: 0.705318
--ADE (5 time steps): 0.0940	--FDE (5 time steps): 0.1146
--ADE (10 time steps): 0.1448	--FDE (10 time steps): 0.2195
--ADE (15 time steps): 0.2087	--FDE (15 time steps): 0.3550
--ADE (20 time steps): 0.2835	--FDE (20 time steps): 0.5231
[2025-02-24 12:24:44] Epoch: 25		Loss: 4.517055	Loss Translation.: 0.050523	Loss Rotation.: 0.020297	Combined Loss Dist.: 3.820210	Loss Uncertainty: 0.696845
--ADE (5 time steps): 0.0856	--FDE (5 time steps): 0.1047
--ADE (10 time steps): 0.1368	--FDE (10 time steps): 0.2139
--ADE (15 time steps): 0.2004	--FDE (15 time steps): 0.3497
--ADE (20 time steps): 0.2750	--FDE (20 time steps): 0.5180
[2025-02-24 12:27:03] Epoch: 26		Loss: 4.456936	Loss Translation.: 0.049531	Loss Rotation.: 0.020288	Combined Loss Dist.: 3.764623	Loss Uncertainty: 0.692313
--ADE (5 time steps): 0.0896	--FDE (5 time steps): 0.1073
--ADE (10 time steps): 0.1380	--FDE (10 time steps): 0.2120
--ADE (15 time steps): 0.1998	--FDE (15 time steps): 0.3405
--ADE (20 time steps): 0.2721	--FDE (20 time steps): 0.5031
[2025-02-24 12:29:23] Epoch: 27		Loss: 4.338483	Loss Translation.: 0.047751	Loss Rotation.: 0.020100	Combined Loss Dist.: 3.652696	Loss Uncertainty: 0.685787
--ADE (5 time steps): 0.1015	--FDE (5 time steps): 0.1169
--ADE (10 time steps): 0.1466	--FDE (10 time steps): 0.2125
--ADE (15 time steps): 0.2037	--FDE (15 time steps): 0.3343
--ADE (20 time steps): 0.2717	--FDE (20 time steps): 0.4879
[2025-02-24 12:31:42] Epoch: 28		Loss: 4.332769	Loss Translation.: 0.047637	Loss Rotation.: 0.020082	Combined Loss Dist.: 3.650333	Loss Uncertainty: 0.682436
--ADE (5 time steps): 0.0859	--FDE (5 time steps): 0.1038
--ADE (10 time steps): 0.1309	--FDE (10 time steps): 0.1979
--ADE (15 time steps): 0.1883	--FDE (15 time steps): 0.3201
--ADE (20 time steps): 0.2572	--FDE (20 time steps): 0.4722
[2025-02-24 12:34:01] Epoch: 29		Loss: 4.299232	Loss Translation.: 0.047329	Loss Rotation.: 0.019859	Combined Loss Dist.: 3.620075	Loss Uncertainty: 0.679157
--ADE (5 time steps): 0.0935	--FDE (5 time steps): 0.1101
--ADE (10 time steps): 0.1401	--FDE (10 time steps): 0.2096
--ADE (15 time steps): 0.1983	--FDE (15 time steps): 0.3309
--ADE (20 time steps): 0.2656	--FDE (20 time steps): 0.4801
[2025-02-24 12:36:20] Epoch: 30		Loss: 4.239022	Loss Translation.: 0.046192	Loss Rotation.: 0.019893	Combined Loss Dist.: 3.563115	Loss Uncertainty: 0.675907
--ADE (5 time steps): 0.0865	--FDE (5 time steps): 0.1028
--ADE (10 time steps): 0.1325	--FDE (10 time steps): 0.2026
--ADE (15 time steps): 0.1899	--FDE (15 time steps): 0.3225
--ADE (20 time steps): 0.2572	--FDE (20 time steps): 0.4709
[2025-02-24 12:38:39] Epoch: 31		Loss: 4.217843	Loss Translation.: 0.045902	Loss Rotation.: 0.019833	Combined Loss Dist.: 3.545786	Loss Uncertainty: 0.672057
--ADE (5 time steps): 0.0814	--FDE (5 time steps): 0.0992
--ADE (10 time steps): 0.1248	--FDE (10 time steps): 0.1876
--ADE (15 time steps): 0.1788	--FDE (15 time steps): 0.3013
--ADE (20 time steps): 0.2430	--FDE (20 time steps): 0.4487
[2025-02-24 12:40:58] Epoch: 32		Loss: 3.887812	Loss Translation.: 0.041476	Loss Rotation.: 0.018734	Combined Loss Dist.: 3.224614	Loss Uncertainty: 0.663198
--ADE (5 time steps): 0.0742	--FDE (5 time steps): 0.0894
--ADE (10 time steps): 0.1148	--FDE (10 time steps): 0.1765
--ADE (15 time steps): 0.1678	--FDE (15 time steps): 0.2877
--ADE (20 time steps): 0.2299	--FDE (20 time steps): 0.4284
[2025-02-24 12:43:18] Epoch: 33		Loss: 3.820735	Loss Translation.: 0.040502	Loss Rotation.: 0.018574	Combined Loss Dist.: 3.160490	Loss Uncertainty: 0.660245
--ADE (5 time steps): 0.0791	--FDE (5 time steps): 0.0966
--ADE (10 time steps): 0.1205	--FDE (10 time steps): 0.1804
--ADE (15 time steps): 0.1721	--FDE (15 time steps): 0.2874
--ADE (20 time steps): 0.2326	--FDE (20 time steps): 0.4212
[2025-02-24 12:45:37] Epoch: 34		Loss: 3.788233	Loss Translation.: 0.040034	Loss Rotation.: 0.018519	Combined Loss Dist.: 3.130121	Loss Uncertainty: 0.658113
--ADE (5 time steps): 0.0746	--FDE (5 time steps): 0.0908
--ADE (10 time steps): 0.1158	--FDE (10 time steps): 0.1769
--ADE (15 time steps): 0.1684	--FDE (15 time steps): 0.2870
--ADE (20 time steps): 0.2296	--FDE (20 time steps): 0.4232
[2025-02-24 12:47:56] Epoch: 35		Loss: 3.768502	Loss Translation.: 0.039765	Loss Rotation.: 0.018496	Combined Loss Dist.: 3.113009	Loss Uncertainty: 0.655493
--ADE (5 time steps): 0.0776	--FDE (5 time steps): 0.0945
--ADE (10 time steps): 0.1198	--FDE (10 time steps): 0.1807
--ADE (15 time steps): 0.1724	--FDE (15 time steps): 0.2928
--ADE (20 time steps): 0.2333	--FDE (20 time steps): 0.4290
[2025-02-24 12:50:15] Epoch: 36		Loss: 3.738190	Loss Translation.: 0.039367	Loss Rotation.: 0.018419	Combined Loss Dist.: 3.084212	Loss Uncertainty: 0.653979
--ADE (5 time steps): 0.0723	--FDE (5 time steps): 0.0866
--ADE (10 time steps): 0.1107	--FDE (10 time steps): 0.1670
--ADE (15 time steps): 0.1598	--FDE (15 time steps): 0.2723
--ADE (20 time steps): 0.2178	--FDE (20 time steps): 0.4024
[2025-02-24 12:52:34] Epoch: 37		Loss: 3.694368	Loss Translation.: 0.038596	Loss Rotation.: 0.018406	Combined Loss Dist.: 3.043084	Loss Uncertainty: 0.651284
--ADE (5 time steps): 0.0773	--FDE (5 time steps): 0.0910
--ADE (10 time steps): 0.1154	--FDE (10 time steps): 0.1717
--ADE (15 time steps): 0.1646	--FDE (15 time steps): 0.2777
--ADE (20 time steps): 0.2230	--FDE (20 time steps): 0.4069
[2025-02-24 12:54:53] Epoch: 38		Loss: 3.681919	Loss Translation.: 0.038378	Loss Rotation.: 0.018384	Combined Loss Dist.: 3.031826	Loss Uncertainty: 0.650093
--ADE (5 time steps): 0.0754	--FDE (5 time steps): 0.0899
--ADE (10 time steps): 0.1136	--FDE (10 time steps): 0.1683
--ADE (15 time steps): 0.1620	--FDE (15 time steps): 0.2714
--ADE (20 time steps): 0.2193	--FDE (20 time steps): 0.3982
[2025-02-24 12:57:12] Epoch: 39		Loss: 3.656639	Loss Translation.: 0.037996	Loss Rotation.: 0.018332	Combined Loss Dist.: 3.008714	Loss Uncertainty: 0.647925
--ADE (5 time steps): 0.0744	--FDE (5 time steps): 0.0889
--ADE (10 time steps): 0.1115	--FDE (10 time steps): 0.1650
--ADE (15 time steps): 0.1591	--FDE (15 time steps): 0.2659
--ADE (20 time steps): 0.2154	--FDE (20 time steps): 0.3917
[2025-02-24 12:59:31] Epoch: 40		Loss: 3.530001	Loss Translation.: 0.036334	Loss Rotation.: 0.017869	Combined Loss Dist.: 2.885475	Loss Uncertainty: 0.644526
--ADE (5 time steps): 0.0713	--FDE (5 time steps): 0.0840
--ADE (10 time steps): 0.1072	--FDE (10 time steps): 0.1608
--ADE (15 time steps): 0.1537	--FDE (15 time steps): 0.2600
--ADE (20 time steps): 0.2093	--FDE (20 time steps): 0.3843
[2025-02-24 13:01:51] Epoch: 41		Loss: 3.491025	Loss Translation.: 0.035774	Loss Rotation.: 0.017753	Combined Loss Dist.: 2.848168	Loss Uncertainty: 0.642857
--ADE (5 time steps): 0.0698	--FDE (5 time steps): 0.0827
--ADE (10 time steps): 0.1057	--FDE (10 time steps): 0.1599
--ADE (15 time steps): 0.1522	--FDE (15 time steps): 0.2575
--ADE (20 time steps): 0.2072	--FDE (20 time steps): 0.3795
[2025-02-24 13:04:10] Epoch: 42		Loss: 3.465114	Loss Translation.: 0.035324	Loss Rotation.: 0.017715	Combined Loss Dist.: 2.823476	Loss Uncertainty: 0.641638
--ADE (5 time steps): 0.0695	--FDE (5 time steps): 0.0825
--ADE (10 time steps): 0.1053	--FDE (10 time steps): 0.1584
--ADE (15 time steps): 0.1515	--FDE (15 time steps): 0.2575
--ADE (20 time steps): 0.2068	--FDE (20 time steps): 0.3801
[2025-02-24 13:06:29] Epoch: 43		Loss: 3.450019	Loss Translation.: 0.035133	Loss Rotation.: 0.017691	Combined Loss Dist.: 2.809496	Loss Uncertainty: 0.640523
--ADE (5 time steps): 0.0708	--FDE (5 time steps): 0.0840
--ADE (10 time steps): 0.1067	--FDE (10 time steps): 0.1604
--ADE (15 time steps): 0.1530	--FDE (15 time steps): 0.2584
--ADE (20 time steps): 0.2077	--FDE (20 time steps): 0.3797
[2025-02-24 13:08:48] Epoch: 44		Loss: 3.430179	Loss Translation.: 0.034839	Loss Rotation.: 0.017663	Combined Loss Dist.: 2.790397	Loss Uncertainty: 0.639782
--ADE (5 time steps): 0.0693	--FDE (5 time steps): 0.0818
--ADE (10 time steps): 0.1043	--FDE (10 time steps): 0.1566
--ADE (15 time steps): 0.1499	--FDE (15 time steps): 0.2542
--ADE (20 time steps): 0.2041	--FDE (20 time steps): 0.3748
[2025-02-24 13:11:07] Epoch: 45		Loss: 3.416780	Loss Translation.: 0.034662	Loss Rotation.: 0.017623	Combined Loss Dist.: 2.778084	Loss Uncertainty: 0.638696
--ADE (5 time steps): 0.0688	--FDE (5 time steps): 0.0808
--ADE (10 time steps): 0.1034	--FDE (10 time steps): 0.1550
--ADE (15 time steps): 0.1487	--FDE (15 time steps): 0.2520
--ADE (20 time steps): 0.2027	--FDE (20 time steps): 0.3728
[2025-02-24 13:13:26] Epoch: 46		Loss: 3.405509	Loss Translation.: 0.034451	Loss Rotation.: 0.017617	Combined Loss Dist.: 2.767706	Loss Uncertainty: 0.637802
--ADE (5 time steps): 0.0699	--FDE (5 time steps): 0.0823
--ADE (10 time steps): 0.1048	--FDE (10 time steps): 0.1563
--ADE (15 time steps): 0.1502	--FDE (15 time steps): 0.2535
--ADE (20 time steps): 0.2038	--FDE (20 time steps): 0.3730
[2025-02-24 13:15:45] Epoch: 47		Loss: 3.388951	Loss Translation.: 0.034243	Loss Rotation.: 0.017567	Combined Loss Dist.: 2.752281	Loss Uncertainty: 0.636670
--ADE (5 time steps): 0.0690	--FDE (5 time steps): 0.0813
--ADE (10 time steps): 0.1039	--FDE (10 time steps): 0.1552
--ADE (15 time steps): 0.1491	--FDE (15 time steps): 0.2518
--ADE (20 time steps): 0.2026	--FDE (20 time steps): 0.3713
[2025-02-24 13:18:04] Epoch: 48		Loss: 3.332286	Loss Translation.: 0.033473	Loss Rotation.: 0.017335	Combined Loss Dist.: 2.697461	Loss Uncertainty: 0.634825
--ADE (5 time steps): 0.0666	--FDE (5 time steps): 0.0786
--ADE (10 time steps): 0.1004	--FDE (10 time steps): 0.1504
--ADE (15 time steps): 0.1446	--FDE (15 time steps): 0.2433
--ADE (20 time steps): 0.1967	--FDE (20 time steps): 0.3617
[2025-02-24 13:20:23] Epoch: 49		Loss: 3.315645	Loss Translation.: 0.033222	Loss Rotation.: 0.017298	Combined Loss Dist.: 2.681477	Loss Uncertainty: 0.634168
--ADE (5 time steps): 0.0666	--FDE (5 time steps): 0.0785
--ADE (10 time steps): 0.1002	--FDE (10 time steps): 0.1500
--ADE (15 time steps): 0.1442	--FDE (15 time steps): 0.2433
--ADE (20 time steps): 0.1965	--FDE (20 time steps): 0.3629
[2025-02-24 13:22:43] Epoch: 50		Loss: 3.303908	Loss Translation.: 0.033048	Loss Rotation.: 0.017278	Combined Loss Dist.: 2.670230	Loss Uncertainty: 0.633678
--ADE (5 time steps): 0.0663	--FDE (5 time steps): 0.0784
--ADE (10 time steps): 0.1000	--FDE (10 time steps): 0.1499
--ADE (15 time steps): 0.1440	--FDE (15 time steps): 0.2431
--ADE (20 time steps): 0.1963	--FDE (20 time steps): 0.3624
[2025-02-24 13:25:02] Epoch: 51		Loss: 3.290634	Loss Translation.: 0.032844	Loss Rotation.: 0.017265	Combined Loss Dist.: 2.657541	Loss Uncertainty: 0.633094
--ADE (5 time steps): 0.0663	--FDE (5 time steps): 0.0782
--ADE (10 time steps): 0.0999	--FDE (10 time steps): 0.1498
--ADE (15 time steps): 0.1439	--FDE (15 time steps): 0.2431
--ADE (20 time steps): 0.1963	--FDE (20 time steps): 0.3621
[2025-02-24 13:27:21] Epoch: 52		Loss: 3.282510	Loss Translation.: 0.032724	Loss Rotation.: 0.017246	Combined Loss Dist.: 2.649833	Loss Uncertainty: 0.632677
--ADE (5 time steps): 0.0662	--FDE (5 time steps): 0.0780
--ADE (10 time steps): 0.0996	--FDE (10 time steps): 0.1492
--ADE (15 time steps): 0.1434	--FDE (15 time steps): 0.2421
--ADE (20 time steps): 0.1955	--FDE (20 time steps): 0.3605
[2025-02-24 13:29:40] Epoch: 53		Loss: 3.272875	Loss Translation.: 0.032591	Loss Rotation.: 0.017230	Combined Loss Dist.: 2.640776	Loss Uncertainty: 0.632099
--ADE (5 time steps): 0.0663	--FDE (5 time steps): 0.0780
--ADE (10 time steps): 0.0996	--FDE (10 time steps): 0.1488
--ADE (15 time steps): 0.1432	--FDE (15 time steps): 0.2414
--ADE (20 time steps): 0.1950	--FDE (20 time steps): 0.3599
[2025-02-24 13:31:59] Epoch: 54		Loss: 3.267461	Loss Translation.: 0.032514	Loss Rotation.: 0.017214	Combined Loss Dist.: 2.635833	Loss Uncertainty: 0.631628
--ADE (5 time steps): 0.0663	--FDE (5 time steps): 0.0782
--ADE (10 time steps): 0.0997	--FDE (10 time steps): 0.1491
--ADE (15 time steps): 0.1435	--FDE (15 time steps): 0.2417
--ADE (20 time steps): 0.1954	--FDE (20 time steps): 0.3597
[2025-02-24 13:34:18] Epoch: 55		Loss: 3.261424	Loss Translation.: 0.032412	Loss Rotation.: 0.017206	Combined Loss Dist.: 2.630263	Loss Uncertainty: 0.631162
--ADE (5 time steps): 0.0663	--FDE (5 time steps): 0.0779
--ADE (10 time steps): 0.0994	--FDE (10 time steps): 0.1484
--ADE (15 time steps): 0.1430	--FDE (15 time steps): 0.2408
--ADE (20 time steps): 0.1947	--FDE (20 time steps): 0.3587
[2025-02-24 13:36:37] Epoch: 56		Loss: 3.222159	Loss Translation.: 0.031854	Loss Rotation.: 0.017081	Combined Loss Dist.: 2.592083	Loss Uncertainty: 0.630077
--ADE (5 time steps): 0.0660	--FDE (5 time steps): 0.0780
--ADE (10 time steps): 0.0993	--FDE (10 time steps): 0.1487
--ADE (15 time steps): 0.1432	--FDE (15 time steps): 0.2415
--ADE (20 time steps): 0.1950	--FDE (20 time steps): 0.3594
[2025-02-24 13:38:57] Epoch: 57		Loss: 3.212493	Loss Translation.: 0.031718	Loss Rotation.: 0.017058	Combined Loss Dist.: 2.582725	Loss Uncertainty: 0.629768
--ADE (5 time steps): 0.0659	--FDE (5 time steps): 0.0778
--ADE (10 time steps): 0.0991	--FDE (10 time steps): 0.1482
--ADE (15 time steps): 0.1427	--FDE (15 time steps): 0.2407
--ADE (20 time steps): 0.1944	--FDE (20 time steps): 0.3583
[2025-02-24 13:41:16] Epoch: 58		Loss: 3.207671	Loss Translation.: 0.031646	Loss Rotation.: 0.017052	Combined Loss Dist.: 2.578179	Loss Uncertainty: 0.629491
--ADE (5 time steps): 0.0658	--FDE (5 time steps): 0.0777
--ADE (10 time steps): 0.0989	--FDE (10 time steps): 0.1480
--ADE (15 time steps): 0.1425	--FDE (15 time steps): 0.2401
--ADE (20 time steps): 0.1941	--FDE (20 time steps): 0.3575
[2025-02-24 13:43:35] Epoch: 59		Loss: 3.202744	Loss Translation.: 0.031574	Loss Rotation.: 0.017043	Combined Loss Dist.: 2.573499	Loss Uncertainty: 0.629245
--ADE (5 time steps): 0.0658	--FDE (5 time steps): 0.0776
--ADE (10 time steps): 0.0989	--FDE (10 time steps): 0.1478
--ADE (15 time steps): 0.1424	--FDE (15 time steps): 0.2399
--ADE (20 time steps): 0.1939	--FDE (20 time steps): 0.3573
[2025-02-24 13:45:54] Epoch: 60		Loss: 3.198812	Loss Translation.: 0.031512	Loss Rotation.: 0.017038	Combined Loss Dist.: 2.569812	Loss Uncertainty: 0.629000
--ADE (5 time steps): 0.0658	--FDE (5 time steps): 0.0776
--ADE (10 time steps): 0.0988	--FDE (10 time steps): 0.1476
--ADE (15 time steps): 0.1423	--FDE (15 time steps): 0.2397
--ADE (20 time steps): 0.1937	--FDE (20 time steps): 0.3567
[2025-02-24 13:48:14] Epoch: 61		Loss: 3.194933	Loss Translation.: 0.031454	Loss Rotation.: 0.017033	Combined Loss Dist.: 2.566181	Loss Uncertainty: 0.628751
--ADE (5 time steps): 0.0658	--FDE (5 time steps): 0.0776
--ADE (10 time steps): 0.0987	--FDE (10 time steps): 0.1475
--ADE (15 time steps): 0.1422	--FDE (15 time steps): 0.2396
--ADE (20 time steps): 0.1936	--FDE (20 time steps): 0.3565
[2025-02-24 13:50:33] Epoch: 62		Loss: 3.191222	Loss Translation.: 0.031397	Loss Rotation.: 0.017028	Combined Loss Dist.: 2.562703	Loss Uncertainty: 0.628519
--ADE (5 time steps): 0.0657	--FDE (5 time steps): 0.0774
--ADE (10 time steps): 0.0985	--FDE (10 time steps): 0.1471
--ADE (15 time steps): 0.1418	--FDE (15 time steps): 0.2390
--ADE (20 time steps): 0.1932	--FDE (20 time steps): 0.3560
[2025-02-24 13:52:52] Epoch: 63		Loss: 3.187338	Loss Translation.: 0.031339	Loss Rotation.: 0.017021	Combined Loss Dist.: 2.559053	Loss Uncertainty: 0.628285
--ADE (5 time steps): 0.0657	--FDE (5 time steps): 0.0773
--ADE (10 time steps): 0.0985	--FDE (10 time steps): 0.1470
--ADE (15 time steps): 0.1418	--FDE (15 time steps): 0.2389
--ADE (20 time steps): 0.1930	--FDE (20 time steps): 0.3558
[2025-02-24 13:55:11] Epoch: 64		Loss: 3.168529	Loss Translation.: 0.031053	Loss Rotation.: 0.016960	Combined Loss Dist.: 2.540723	Loss Uncertainty: 0.627806
--ADE (5 time steps): 0.0653	--FDE (5 time steps): 0.0767
--ADE (10 time steps): 0.0975	--FDE (10 time steps): 0.1451
--ADE (15 time steps): 0.1401	--FDE (15 time steps): 0.2354
--ADE (20 time steps): 0.1906	--FDE (20 time steps): 0.3512
[2025-02-24 13:57:31] Epoch: 65		Loss: 3.163672	Loss Translation.: 0.030981	Loss Rotation.: 0.016949	Combined Loss Dist.: 2.536048	Loss Uncertainty: 0.627625
--ADE (5 time steps): 0.0653	--FDE (5 time steps): 0.0767
--ADE (10 time steps): 0.0974	--FDE (10 time steps): 0.1450
--ADE (15 time steps): 0.1400	--FDE (15 time steps): 0.2352
--ADE (20 time steps): 0.1904	--FDE (20 time steps): 0.3509
[2025-02-24 13:59:50] Epoch: 66		Loss: 3.160869	Loss Translation.: 0.030940	Loss Rotation.: 0.016945	Combined Loss Dist.: 2.533374	Loss Uncertainty: 0.627495
--ADE (5 time steps): 0.0653	--FDE (5 time steps): 0.0767
--ADE (10 time steps): 0.0974	--FDE (10 time steps): 0.1449
--ADE (15 time steps): 0.1399	--FDE (15 time steps): 0.2350
--ADE (20 time steps): 0.1903	--FDE (20 time steps): 0.3507
[2025-02-24 14:02:09] Epoch: 67		Loss: 3.158410	Loss Translation.: 0.030903	Loss Rotation.: 0.016940	Combined Loss Dist.: 2.531052	Loss Uncertainty: 0.627358
--ADE (5 time steps): 0.0653	--FDE (5 time steps): 0.0767
--ADE (10 time steps): 0.0974	--FDE (10 time steps): 0.1448
--ADE (15 time steps): 0.1398	--FDE (15 time steps): 0.2348
--ADE (20 time steps): 0.1902	--FDE (20 time steps): 0.3505
[2025-02-24 14:04:28] Epoch: 68		Loss: 3.156199	Loss Translation.: 0.030870	Loss Rotation.: 0.016937	Combined Loss Dist.: 2.528968	Loss Uncertainty: 0.627232
--ADE (5 time steps): 0.0653	--FDE (5 time steps): 0.0767
--ADE (10 time steps): 0.0973	--FDE (10 time steps): 0.1447
--ADE (15 time steps): 0.1397	--FDE (15 time steps): 0.2346
--ADE (20 time steps): 0.1901	--FDE (20 time steps): 0.3502
[2025-02-24 14:06:48] Epoch: 69		Loss: 3.154282	Loss Translation.: 0.030841	Loss Rotation.: 0.016934	Combined Loss Dist.: 2.527177	Loss Uncertainty: 0.627105
--ADE (5 time steps): 0.0653	--FDE (5 time steps): 0.0767
--ADE (10 time steps): 0.0973	--FDE (10 time steps): 0.1446
--ADE (15 time steps): 0.1397	--FDE (15 time steps): 0.2345
--ADE (20 time steps): 0.1900	--FDE (20 time steps): 0.3500

JOB STATISTICS
==============
Job ID: 10148044
Cluster: snellius
User/Group: scur2440/scur2440
State: COMPLETED (exit code 0)
Nodes: 1
Cores per node: 18
CPU Utilized: 02:43:58
CPU Efficiency: 5.60% of 2-00:49:48 core-walltime
Job Wall-clock time: 02:42:46
Memory Utilized: 3.13 GB
Memory Efficiency: 2.61% of 120.00 GB
