***************************************************************************************************** 
* WARNING: The 2022 software stack is deprecated. Please consider switching to
the latest 2024 * 
* software stack, or the older 2023 software stack. * 
* * 
* If you have any question, please contact us via
http://servicedesk.surfsara.nl. * 
***************************************************************************************************** 

Configuration:
description: LED
results_root_dir: results
dataset: kitti
dimensions: 6
past_frames: 15
future_frames: 24
min_past_frames: 15
min_future_frames: 24
k_preds: 24
traj_mean: [14, 7.5]
traj_scale: 5
relative: True
normalised: False
pretrained_core_denoising_model: ./results/checkpoints/base_diffusion_model.p
debug: False
diffusion: {'steps': 150, 'beta_start': 0.0001, 'beta_end': 0.05, 'beta_schedule': 'linear'}
lr: 0.005
train_batch_size: 32
test_batch_size: 32
num_epochs: 80
test_interval: 1
lr_scheduler: step
decay_step: 8
decay_gamma: 0.5

[INFO] Loading 6D Translation and Rotation (Lie Algebra) Data
[INFO] KITTI dataset (1 agent).
[INFO] Now using random trajectory shuffling.

Train dataset:
Total x, y and z distances travelled: 12.81286, 0.81051, 13.54245
Euclidean dist diff avg: 22.03840
Still need to implement rotation statistics

Test dataset:
Total x, y and z distances travelled: 12.71776, 0.81852, 13.71293
Euclidean dist diff avg: 22.13537
Still need to implement rotation statistics

[INFO] Kitti dataset - skip subtracting mean from absolute positions.
[INFO] Training from scratch - without pretrained models (Not NBA with frame standard configs)

[Core Denoising Model] Trainable/Total: 6627120/6627120
[Initialization Model] Trainable/Total: 7427753/7427753
[2025-02-23 15:47:28] Epoch: 0		Loss: 16.635130	Loss Translation.: 0.223711	Loss Rotation.: 0.056386	Combined Loss Dist.: 14.312766	Loss Uncertainty: 2.322364
--ADE (5 time steps): 0.2804	--FDE (5 time steps): 0.3022
--ADE (10 time steps): 0.4048	--FDE (10 time steps): 0.6181
--ADE (15 time steps): 0.5688	--FDE (15 time steps): 0.9379
--ADE (20 time steps): 0.7831	--FDE (20 time steps): 1.4735
[2025-02-23 15:49:47] Epoch: 1		Loss: 9.637515	Loss Translation.: 0.128598	Loss Rotation.: 0.032542	Combined Loss Dist.: 8.367675	Loss Uncertainty: 1.269841
--ADE (5 time steps): 0.2145	--FDE (5 time steps): 0.2782
--ADE (10 time steps): 0.3458	--FDE (10 time steps): 0.5591
--ADE (15 time steps): 0.4972	--FDE (15 time steps): 0.9187
--ADE (20 time steps): 0.6878	--FDE (20 time steps): 1.3802
[2025-02-23 15:52:06] Epoch: 2		Loss: 7.889272	Loss Translation.: 0.107443	Loss Rotation.: 0.026655	Combined Loss Dist.: 7.016359	Loss Uncertainty: 0.872913
--ADE (5 time steps): 0.1745	--FDE (5 time steps): 0.2467
--ADE (10 time steps): 0.3230	--FDE (10 time steps): 0.6072
--ADE (15 time steps): 0.5046	--FDE (15 time steps): 1.0057
--ADE (20 time steps): 0.7103	--FDE (20 time steps): 1.4536
[2025-02-23 15:54:25] Epoch: 3		Loss: 7.089434	Loss Translation.: 0.097856	Loss Rotation.: 0.024014	Combined Loss Dist.: 6.406622	Loss Uncertainty: 0.682812
--ADE (5 time steps): 0.1600	--FDE (5 time steps): 0.2145
--ADE (10 time steps): 0.2559	--FDE (10 time steps): 0.4090
--ADE (15 time steps): 0.3734	--FDE (15 time steps): 0.6722
--ADE (20 time steps): 0.5164	--FDE (20 time steps): 1.0167
[2025-02-23 15:56:44] Epoch: 4		Loss: 6.286061	Loss Translation.: 0.086689	Loss Rotation.: 0.021102	Combined Loss Dist.: 5.744649	Loss Uncertainty: 0.541412
--ADE (5 time steps): 0.1269	--FDE (5 time steps): 0.1487
--ADE (10 time steps): 0.1994	--FDE (10 time steps): 0.3091
--ADE (15 time steps): 0.2949	--FDE (15 time steps): 0.5289
--ADE (20 time steps): 0.4221	--FDE (20 time steps): 0.8460
[2025-02-23 15:59:03] Epoch: 5		Loss: 5.618148	Loss Translation.: 0.076106	Loss Rotation.: 0.019044	Combined Loss Dist.: 5.117703	Loss Uncertainty: 0.500445
--ADE (5 time steps): 0.1105	--FDE (5 time steps): 0.1319
--ADE (10 time steps): 0.1774	--FDE (10 time steps): 0.2821
--ADE (15 time steps): 0.2644	--FDE (15 time steps): 0.4883
--ADE (20 time steps): 0.3779	--FDE (20 time steps): 0.7621
[2025-02-23 16:01:21] Epoch: 6		Loss: 5.317971	Loss Translation.: 0.071538	Loss Rotation.: 0.018115	Combined Loss Dist.: 4.846252	Loss Uncertainty: 0.471718
--ADE (5 time steps): 0.1329	--FDE (5 time steps): 0.1606
--ADE (10 time steps): 0.2049	--FDE (10 time steps): 0.3237
--ADE (15 time steps): 0.2980	--FDE (15 time steps): 0.5166
--ADE (20 time steps): 0.4141	--FDE (20 time steps): 0.8246
[2025-02-23 16:03:40] Epoch: 7		Loss: 5.207241	Loss Translation.: 0.070629	Loss Rotation.: 0.017038	Combined Loss Dist.: 4.737829	Loss Uncertainty: 0.469412
--ADE (5 time steps): 0.1238	--FDE (5 time steps): 0.1933
--ADE (10 time steps): 0.2176	--FDE (10 time steps): 0.3751
--ADE (15 time steps): 0.3281	--FDE (15 time steps): 0.6195
--ADE (20 time steps): 0.4574	--FDE (20 time steps): 0.9108
[2025-02-23 16:05:59] Epoch: 8		Loss: 3.995084	Loss Translation.: 0.054175	Loss Rotation.: 0.013058	Combined Loss Dist.: 3.656016	Loss Uncertainty: 0.339067
--ADE (5 time steps): 0.0745	--FDE (5 time steps): 0.0884
--ADE (10 time steps): 0.1237	--FDE (10 time steps): 0.2019
--ADE (15 time steps): 0.1920	--FDE (15 time steps): 0.3681
--ADE (20 time steps): 0.2835	--FDE (20 time steps): 0.6084
[2025-02-23 16:08:18] Epoch: 9		Loss: 3.787607	Loss Translation.: 0.051317	Loss Rotation.: 0.012662	Combined Loss Dist.: 3.485860	Loss Uncertainty: 0.301747
--ADE (5 time steps): 0.0738	--FDE (5 time steps): 0.0880
--ADE (10 time steps): 0.1218	--FDE (10 time steps): 0.2024
--ADE (15 time steps): 0.1936	--FDE (15 time steps): 0.3729
--ADE (20 time steps): 0.2842	--FDE (20 time steps): 0.6041
[2025-02-23 16:10:37] Epoch: 10		Loss: 3.701944	Loss Translation.: 0.050251	Loss Rotation.: 0.012395	Combined Loss Dist.: 3.411239	Loss Uncertainty: 0.290704
--ADE (5 time steps): 0.0810	--FDE (5 time steps): 0.1024
--ADE (10 time steps): 0.1296	--FDE (10 time steps): 0.2050
--ADE (15 time steps): 0.1993	--FDE (15 time steps): 0.3660
--ADE (20 time steps): 0.2863	--FDE (20 time steps): 0.5881
[2025-02-23 16:12:56] Epoch: 11		Loss: 3.640951	Loss Translation.: 0.049387	Loss Rotation.: 0.012223	Combined Loss Dist.: 3.358386	Loss Uncertainty: 0.282565
--ADE (5 time steps): 0.0800	--FDE (5 time steps): 0.1002
--ADE (10 time steps): 0.1233	--FDE (10 time steps): 0.1813
--ADE (15 time steps): 0.1812	--FDE (15 time steps): 0.3281
--ADE (20 time steps): 0.2623	--FDE (20 time steps): 0.5399
[2025-02-23 16:15:15] Epoch: 12		Loss: 3.642556	Loss Translation.: 0.049520	Loss Rotation.: 0.012061	Combined Loss Dist.: 3.360292	Loss Uncertainty: 0.282264
--ADE (5 time steps): 0.0792	--FDE (5 time steps): 0.1038
--ADE (10 time steps): 0.1288	--FDE (10 time steps): 0.2010
--ADE (15 time steps): 0.1909	--FDE (15 time steps): 0.3469
--ADE (20 time steps): 0.2734	--FDE (20 time steps): 0.5592
[2025-02-23 16:17:34] Epoch: 13		Loss: 3.496136	Loss Translation.: 0.047349	Loss Rotation.: 0.011841	Combined Loss Dist.: 3.233763	Loss Uncertainty: 0.262372
--ADE (5 time steps): 0.0767	--FDE (5 time steps): 0.0894
--ADE (10 time steps): 0.1175	--FDE (10 time steps): 0.1767
--ADE (15 time steps): 0.1752	--FDE (15 time steps): 0.3239
--ADE (20 time steps): 0.2547	--FDE (20 time steps): 0.5289
[2025-02-23 16:19:53] Epoch: 14		Loss: 3.511783	Loss Translation.: 0.047672	Loss Rotation.: 0.011831	Combined Loss Dist.: 3.249857	Loss Uncertainty: 0.261926
--ADE (5 time steps): 0.0654	--FDE (5 time steps): 0.0724
--ADE (10 time steps): 0.1049	--FDE (10 time steps): 0.1659
--ADE (15 time steps): 0.1613	--FDE (15 time steps): 0.3022
--ADE (20 time steps): 0.2383	--FDE (20 time steps): 0.5056
[2025-02-23 16:22:12] Epoch: 15		Loss: 3.474533	Loss Translation.: 0.047173	Loss Rotation.: 0.011731	Combined Loss Dist.: 3.218114	Loss Uncertainty: 0.256420
--ADE (5 time steps): 0.0714	--FDE (5 time steps): 0.0922
--ADE (10 time steps): 0.1214	--FDE (10 time steps): 0.2001
--ADE (15 time steps): 0.1890	--FDE (15 time steps): 0.3591
--ADE (20 time steps): 0.2756	--FDE (20 time steps): 0.5797
[2025-02-23 16:24:31] Epoch: 16		Loss: 2.937087	Loss Translation.: 0.040067	Loss Rotation.: 0.010366	Combined Loss Dist.: 2.756515	Loss Uncertainty: 0.180572
--ADE (5 time steps): 0.0592	--FDE (5 time steps): 0.0717
--ADE (10 time steps): 0.0981	--FDE (10 time steps): 0.1589
--ADE (15 time steps): 0.1542	--FDE (15 time steps): 0.2904
--ADE (20 time steps): 0.2276	--FDE (20 time steps): 0.4824
[2025-02-23 16:26:50] Epoch: 17		Loss: 2.852253	Loss Translation.: 0.038954	Loss Rotation.: 0.010189	Combined Loss Dist.: 2.686965	Loss Uncertainty: 0.165288
--ADE (5 time steps): 0.0571	--FDE (5 time steps): 0.0673
--ADE (10 time steps): 0.0952	--FDE (10 time steps): 0.1495
--ADE (15 time steps): 0.1467	--FDE (15 time steps): 0.2745
--ADE (20 time steps): 0.2155	--FDE (20 time steps): 0.4580
[2025-02-23 16:29:08] Epoch: 18		Loss: 2.799792	Loss Translation.: 0.038333	Loss Rotation.: 0.010101	Combined Loss Dist.: 2.645461	Loss Uncertainty: 0.154331
--ADE (5 time steps): 0.0578	--FDE (5 time steps): 0.0663
--ADE (10 time steps): 0.0935	--FDE (10 time steps): 0.1444
--ADE (15 time steps): 0.1421	--FDE (15 time steps): 0.2635
--ADE (20 time steps): 0.2085	--FDE (20 time steps): 0.4402
[2025-02-23 16:31:27] Epoch: 19		Loss: 2.767350	Loss Translation.: 0.037867	Loss Rotation.: 0.009998	Combined Loss Dist.: 2.617192	Loss Uncertainty: 0.150158
--ADE (5 time steps): 0.0635	--FDE (5 time steps): 0.0749
--ADE (10 time steps): 0.1009	--FDE (10 time steps): 0.1580
--ADE (15 time steps): 0.1538	--FDE (15 time steps): 0.2884
--ADE (20 time steps): 0.2251	--FDE (20 time steps): 0.4758
[2025-02-23 16:33:46] Epoch: 20		Loss: 2.707934	Loss Translation.: 0.037064	Loss Rotation.: 0.009954	Combined Loss Dist.: 2.568071	Loss Uncertainty: 0.139862
--ADE (5 time steps): 0.0581	--FDE (5 time steps): 0.0682
--ADE (10 time steps): 0.0929	--FDE (10 time steps): 0.1416
--ADE (15 time steps): 0.1409	--FDE (15 time steps): 0.2588
--ADE (20 time steps): 0.2046	--FDE (20 time steps): 0.4282
[2025-02-23 16:36:05] Epoch: 21		Loss: 2.710398	Loss Translation.: 0.037072	Loss Rotation.: 0.009957	Combined Loss Dist.: 2.570386	Loss Uncertainty: 0.140012
--ADE (5 time steps): 0.0613	--FDE (5 time steps): 0.0701
--ADE (10 time steps): 0.0941	--FDE (10 time steps): 0.1383
--ADE (15 time steps): 0.1401	--FDE (15 time steps): 0.2515
--ADE (20 time steps): 0.2027	--FDE (20 time steps): 0.4168
[2025-02-23 16:38:24] Epoch: 22		Loss: 2.690400	Loss Translation.: 0.036837	Loss Rotation.: 0.009883	Combined Loss Dist.: 2.554535	Loss Uncertainty: 0.135864
--ADE (5 time steps): 0.0530	--FDE (5 time steps): 0.0599
--ADE (10 time steps): 0.0847	--FDE (10 time steps): 0.1257
--ADE (15 time steps): 0.1283	--FDE (15 time steps): 0.2302
--ADE (20 time steps): 0.1859	--FDE (20 time steps): 0.3878
[2025-02-23 16:40:43] Epoch: 23		Loss: 2.635522	Loss Translation.: 0.036040	Loss Rotation.: 0.009778	Combined Loss Dist.: 2.508539	Loss Uncertainty: 0.126983
--ADE (5 time steps): 0.0650	--FDE (5 time steps): 0.0765
--ADE (10 time steps): 0.0979	--FDE (10 time steps): 0.1462
--ADE (15 time steps): 0.1446	--FDE (15 time steps): 0.2642
--ADE (20 time steps): 0.2085	--FDE (20 time steps): 0.4319
[2025-02-23 16:43:02] Epoch: 24		Loss: 2.378580	Loss Translation.: 0.032791	Loss Rotation.: 0.009217	Combined Loss Dist.: 2.290235	Loss Uncertainty: 0.088345
--ADE (5 time steps): 0.0503	--FDE (5 time steps): 0.0557
--ADE (10 time steps): 0.0798	--FDE (10 time steps): 0.1223
--ADE (15 time steps): 0.1225	--FDE (15 time steps): 0.2282
--ADE (20 time steps): 0.1800	--FDE (20 time steps): 0.3842
[2025-02-23 16:45:21] Epoch: 25		Loss: 2.325694	Loss Translation.: 0.032047	Loss Rotation.: 0.009178	Combined Loss Dist.: 2.248049	Loss Uncertainty: 0.077646
--ADE (5 time steps): 0.0500	--FDE (5 time steps): 0.0560
--ADE (10 time steps): 0.0798	--FDE (10 time steps): 0.1210
--ADE (15 time steps): 0.1216	--FDE (15 time steps): 0.2247
--ADE (20 time steps): 0.1780	--FDE (20 time steps): 0.3790
[2025-02-23 16:47:39] Epoch: 26		Loss: 2.292992	Loss Translation.: 0.031619	Loss Rotation.: 0.009109	Combined Loss Dist.: 2.220334	Loss Uncertainty: 0.072657
--ADE (5 time steps): 0.0522	--FDE (5 time steps): 0.0596
--ADE (10 time steps): 0.0824	--FDE (10 time steps): 0.1233
--ADE (15 time steps): 0.1245	--FDE (15 time steps): 0.2238
--ADE (20 time steps): 0.1798	--FDE (20 time steps): 0.3697
[2025-02-23 16:49:58] Epoch: 27		Loss: 2.263223	Loss Translation.: 0.031252	Loss Rotation.: 0.009032	Combined Loss Dist.: 2.196414	Loss Uncertainty: 0.066809
--ADE (5 time steps): 0.0520	--FDE (5 time steps): 0.0598
--ADE (10 time steps): 0.0808	--FDE (10 time steps): 0.1200
--ADE (15 time steps): 0.1220	--FDE (15 time steps): 0.2186
--ADE (20 time steps): 0.1762	--FDE (20 time steps): 0.3623
[2025-02-23 16:52:17] Epoch: 28		Loss: 2.247600	Loss Translation.: 0.031035	Loss Rotation.: 0.009037	Combined Loss Dist.: 2.184666	Loss Uncertainty: 0.062934
--ADE (5 time steps): 0.0509	--FDE (5 time steps): 0.0574
--ADE (10 time steps): 0.0806	--FDE (10 time steps): 0.1209
--ADE (15 time steps): 0.1231	--FDE (15 time steps): 0.2265
--ADE (20 time steps): 0.1788	--FDE (20 time steps): 0.3747
[2025-02-23 16:54:36] Epoch: 29		Loss: 2.230594	Loss Translation.: 0.030804	Loss Rotation.: 0.008997	Combined Loss Dist.: 2.169816	Loss Uncertainty: 0.060778
--ADE (5 time steps): 0.0536	--FDE (5 time steps): 0.0612
--ADE (10 time steps): 0.0830	--FDE (10 time steps): 0.1236
--ADE (15 time steps): 0.1244	--FDE (15 time steps): 0.2253
--ADE (20 time steps): 0.1801	--FDE (20 time steps): 0.3740
[2025-02-23 16:56:54] Epoch: 30		Loss: 2.198913	Loss Translation.: 0.030346	Loss Rotation.: 0.008975	Combined Loss Dist.: 2.143259	Loss Uncertainty: 0.055654
--ADE (5 time steps): 0.0528	--FDE (5 time steps): 0.0605
--ADE (10 time steps): 0.0826	--FDE (10 time steps): 0.1239
--ADE (15 time steps): 0.1236	--FDE (15 time steps): 0.2226
--ADE (20 time steps): 0.1776	--FDE (20 time steps): 0.3657
[2025-02-23 16:59:13] Epoch: 31		Loss: 2.177518	Loss Translation.: 0.030112	Loss Rotation.: 0.008923	Combined Loss Dist.: 2.126479	Loss Uncertainty: 0.051039
--ADE (5 time steps): 0.0512	--FDE (5 time steps): 0.0584
--ADE (10 time steps): 0.0795	--FDE (10 time steps): 0.1191
--ADE (15 time steps): 0.1197	--FDE (15 time steps): 0.2193
--ADE (20 time steps): 0.1739	--FDE (20 time steps): 0.3654
[2025-02-23 17:01:32] Epoch: 32		Loss: 2.048367	Loss Translation.: 0.028407	Loss Rotation.: 0.008631	Combined Loss Dist.: 2.014605	Loss Uncertainty: 0.033761
--ADE (5 time steps): 0.0479	--FDE (5 time steps): 0.0529
--ADE (10 time steps): 0.0740	--FDE (10 time steps): 0.1083
--ADE (15 time steps): 0.1108	--FDE (15 time steps): 0.1989
--ADE (20 time steps): 0.1609	--FDE (20 time steps): 0.3363
[2025-02-23 17:03:51] Epoch: 33		Loss: 2.030818	Loss Translation.: 0.028195	Loss Rotation.: 0.008592	Combined Loss Dist.: 2.000288	Loss Uncertainty: 0.030530
--ADE (5 time steps): 0.0478	--FDE (5 time steps): 0.0527
--ADE (10 time steps): 0.0735	--FDE (10 time steps): 0.1077
--ADE (15 time steps): 0.1103	--FDE (15 time steps): 0.1984
--ADE (20 time steps): 0.1602	--FDE (20 time steps): 0.3347
[2025-02-23 17:06:09] Epoch: 34		Loss: 2.004230	Loss Translation.: 0.027802	Loss Rotation.: 0.008577	Combined Loss Dist.: 1.977429	Loss Uncertainty: 0.026801
--ADE (5 time steps): 0.0482	--FDE (5 time steps): 0.0537
--ADE (10 time steps): 0.0744	--FDE (10 time steps): 0.1096
--ADE (15 time steps): 0.1116	--FDE (15 time steps): 0.1993
--ADE (20 time steps): 0.1610	--FDE (20 time steps): 0.3335
[2025-02-23 17:08:28] Epoch: 35		Loss: 1.987185	Loss Translation.: 0.027572	Loss Rotation.: 0.008538	Combined Loss Dist.: 1.962064	Loss Uncertainty: 0.025121
--ADE (5 time steps): 0.0486	--FDE (5 time steps): 0.0552
--ADE (10 time steps): 0.0756	--FDE (10 time steps): 0.1113
--ADE (15 time steps): 0.1126	--FDE (15 time steps): 0.2032
--ADE (20 time steps): 0.1632	--FDE (20 time steps): 0.3415
[2025-02-23 17:10:47] Epoch: 36		Loss: 1.976011	Loss Translation.: 0.027417	Loss Rotation.: 0.008498	Combined Loss Dist.: 1.952491	Loss Uncertainty: 0.023520
--ADE (5 time steps): 0.0491	--FDE (5 time steps): 0.0555
--ADE (10 time steps): 0.0749	--FDE (10 time steps): 0.1083
--ADE (15 time steps): 0.1109	--FDE (15 time steps): 0.1964
--ADE (20 time steps): 0.1597	--FDE (20 time steps): 0.3287
[2025-02-23 17:13:06] Epoch: 37		Loss: 1.954146	Loss Translation.: 0.027129	Loss Rotation.: 0.008484	Combined Loss Dist.: 1.934755	Loss Uncertainty: 0.019391
--ADE (5 time steps): 0.0481	--FDE (5 time steps): 0.0533
--ADE (10 time steps): 0.0733	--FDE (10 time steps): 0.1049
--ADE (15 time steps): 0.1086	--FDE (15 time steps): 0.1911
--ADE (20 time steps): 0.1562	--FDE (20 time steps): 0.3221
[2025-02-23 17:15:25] Epoch: 38		Loss: 1.949536	Loss Translation.: 0.027077	Loss Rotation.: 0.008459	Combined Loss Dist.: 1.931093	Loss Uncertainty: 0.018443
--ADE (5 time steps): 0.0483	--FDE (5 time steps): 0.0537
--ADE (10 time steps): 0.0737	--FDE (10 time steps): 0.1069
--ADE (15 time steps): 0.1098	--FDE (15 time steps): 0.1960
--ADE (20 time steps): 0.1588	--FDE (20 time steps): 0.3300
[2025-02-23 17:17:43] Epoch: 39		Loss: 1.930978	Loss Translation.: 0.026839	Loss Rotation.: 0.008424	Combined Loss Dist.: 1.915526	Loss Uncertainty: 0.015452
--ADE (5 time steps): 0.0474	--FDE (5 time steps): 0.0518
--ADE (10 time steps): 0.0720	--FDE (10 time steps): 0.1032
--ADE (15 time steps): 0.1071	--FDE (15 time steps): 0.1896
--ADE (20 time steps): 0.1547	--FDE (20 time steps): 0.3193
[2025-02-23 17:20:02] Epoch: 40		Loss: 1.866048	Loss Translation.: 0.025937	Loss Rotation.: 0.008293	Combined Loss Dist.: 1.859502	Loss Uncertainty: 0.006546
--ADE (5 time steps): 0.0473	--FDE (5 time steps): 0.0524
--ADE (10 time steps): 0.0721	--FDE (10 time steps): 0.1052
--ADE (15 time steps): 0.1075	--FDE (15 time steps): 0.1918
--ADE (20 time steps): 0.1554	--FDE (20 time steps): 0.3232
[2025-02-23 17:22:21] Epoch: 41		Loss: 1.849621	Loss Translation.: 0.025738	Loss Rotation.: 0.008263	Combined Loss Dist.: 1.845142	Loss Uncertainty: 0.004479
--ADE (5 time steps): 0.0464	--FDE (5 time steps): 0.0510
--ADE (10 time steps): 0.0710	--FDE (10 time steps): 0.1035
--ADE (15 time steps): 0.1060	--FDE (15 time steps): 0.1885
--ADE (20 time steps): 0.1529	--FDE (20 time steps): 0.3145
[2025-02-23 17:24:40] Epoch: 42		Loss: 1.834173	Loss Translation.: 0.025503	Loss Rotation.: 0.008238	Combined Loss Dist.: 1.831438	Loss Uncertainty: 0.002735
--ADE (5 time steps): 0.0466	--FDE (5 time steps): 0.0512
--ADE (10 time steps): 0.0709	--FDE (10 time steps): 0.1021
--ADE (15 time steps): 0.1054	--FDE (15 time steps): 0.1873
--ADE (20 time steps): 0.1521	--FDE (20 time steps): 0.3155
[2025-02-23 17:26:58] Epoch: 43		Loss: 1.822674	Loss Translation.: 0.025359	Loss Rotation.: 0.008214	Combined Loss Dist.: 1.821865	Loss Uncertainty: 0.000809
--ADE (5 time steps): 0.0465	--FDE (5 time steps): 0.0512
--ADE (10 time steps): 0.0709	--FDE (10 time steps): 0.1023
--ADE (15 time steps): 0.1056	--FDE (15 time steps): 0.1878
--ADE (20 time steps): 0.1523	--FDE (20 time steps): 0.3148
[2025-02-23 17:29:17] Epoch: 44		Loss: 1.816055	Loss Translation.: 0.025281	Loss Rotation.: 0.008194	Combined Loss Dist.: 1.816213	Loss Uncertainty: -0.000158
--ADE (5 time steps): 0.0464	--FDE (5 time steps): 0.0509
--ADE (10 time steps): 0.0706	--FDE (10 time steps): 0.1019
--ADE (15 time steps): 0.1050	--FDE (15 time steps): 0.1862
--ADE (20 time steps): 0.1512	--FDE (20 time steps): 0.3106
[2025-02-23 17:31:36] Epoch: 45		Loss: 1.804869	Loss Translation.: 0.025125	Loss Rotation.: 0.008174	Combined Loss Dist.: 1.805853	Loss Uncertainty: -0.000984
--ADE (5 time steps): 0.0468	--FDE (5 time steps): 0.0516
--ADE (10 time steps): 0.0712	--FDE (10 time steps): 0.1026
--ADE (15 time steps): 0.1056	--FDE (15 time steps): 0.1877
--ADE (20 time steps): 0.1522	--FDE (20 time steps): 0.3133
[2025-02-23 17:33:54] Epoch: 46		Loss: 1.796704	Loss Translation.: 0.024984	Loss Rotation.: 0.008160	Combined Loss Dist.: 1.798926	Loss Uncertainty: -0.002222
--ADE (5 time steps): 0.0468	--FDE (5 time steps): 0.0516
--ADE (10 time steps): 0.0712	--FDE (10 time steps): 0.1026
--ADE (15 time steps): 0.1057	--FDE (15 time steps): 0.1883
--ADE (20 time steps): 0.1525	--FDE (20 time steps): 0.3150
[2025-02-23 17:36:13] Epoch: 47		Loss: 1.787287	Loss Translation.: 0.024851	Loss Rotation.: 0.008147	Combined Loss Dist.: 1.790918	Loss Uncertainty: -0.003630
--ADE (5 time steps): 0.0469	--FDE (5 time steps): 0.0516
--ADE (10 time steps): 0.0712	--FDE (10 time steps): 0.1028
--ADE (15 time steps): 0.1057	--FDE (15 time steps): 0.1876
--ADE (20 time steps): 0.1522	--FDE (20 time steps): 0.3134
[2025-02-23 17:38:32] Epoch: 48		Loss: 1.764446	Loss Translation.: 0.024577	Loss Rotation.: 0.008083	Combined Loss Dist.: 1.771864	Loss Uncertainty: -0.007418
--ADE (5 time steps): 0.0465	--FDE (5 time steps): 0.0509
--ADE (10 time steps): 0.0705	--FDE (10 time steps): 0.1003
--ADE (15 time steps): 0.1041	--FDE (15 time steps): 0.1847
--ADE (20 time steps): 0.1502	--FDE (20 time steps): 0.3079
[2025-02-23 17:40:51] Epoch: 49		Loss: 1.754589	Loss Translation.: 0.024439	Loss Rotation.: 0.008073	Combined Loss Dist.: 1.763166	Loss Uncertainty: -0.008577
--ADE (5 time steps): 0.0465	--FDE (5 time steps): 0.0511
--ADE (10 time steps): 0.0705	--FDE (10 time steps): 0.1002
--ADE (15 time steps): 0.1042	--FDE (15 time steps): 0.1849
--ADE (20 time steps): 0.1503	--FDE (20 time steps): 0.3078
[2025-02-23 17:43:09] Epoch: 50		Loss: 1.746458	Loss Translation.: 0.024317	Loss Rotation.: 0.008063	Combined Loss Dist.: 1.755879	Loss Uncertainty: -0.009421
--ADE (5 time steps): 0.0466	--FDE (5 time steps): 0.0512
--ADE (10 time steps): 0.0705	--FDE (10 time steps): 0.1003
--ADE (15 time steps): 0.1042	--FDE (15 time steps): 0.1850
--ADE (20 time steps): 0.1503	--FDE (20 time steps): 0.3085
slurmstepd: error: *** JOB 10136761 ON gcn27 CANCELLED AT 2025-02-23T17:44:57 DUE TO TIME LIMIT ***

JOB STATISTICS
==============
Job ID: 10136761
Cluster: snellius
User/Group: scur2440/scur2440
State: TIMEOUT (exit code 0)
Nodes: 1
Cores per node: 18
CPU Utilized: 00:00:00
CPU Efficiency: 0.00% of 1-12:01:12 core-walltime
Job Wall-clock time: 02:00:04
Memory Utilized: 3.15 GB
Memory Efficiency: 2.63% of 120.00 GB
