***************************************************************************************************** 
* WARNING: The 2022 software stack is deprecated. Please consider switching to
the latest 2024 * 
* software stack, or the older 2023 software stack. * 
* * 
* If you have any question, please contact us via
http://servicedesk.surfsara.nl. * 
***************************************************************************************************** 

Configuration:
description: LED
results_root_dir: results
dataset: spires
dimensions: 9
past_frames: 10
future_frames: 24
min_past_frames: 10
min_future_frames: 24
k_preds: 24
traj_mean: [14, 7.5]
traj_scale: 5
relative: True
normalised: False
overfitting: False
selected_trajectories: False
pretrained_core_denoising_model: ./results/checkpoints/base_diffusion_model.p
debug: False
diffusion: {'steps': 150, 'beta_start': 0.0001, 'beta_end': 0.05, 'beta_schedule': 'linear'}
lr: 0.001
train_batch_size: 32
test_batch_size: 32
num_epochs: 100
test_interval: 1
lr_scheduler: step
decay_step: 8
decay_gamma: 0.5

[INFO] SPIRES dataset (1 agent).
Overfitting: False
file name & length /home/scur2440/MoTric/Spires/2024-03-13-observatory-quarter-01/gt-tum.txt 218
file name & length /home/scur2440/MoTric/Spires/2024-03-13-observatory-quarter-02/gt-tum.txt 204
file name & length /home/scur2440/MoTric/Spires/2024-05-20-bodleian-library-02/gt-tum.txt 246
Time diff avg (fut): 1.34132
Len dataset: 534
Overfitting: False
file name & length /home/scur2440/MoTric/Spires/2024-03-13-observatory-quarter-01/gt-tum.txt 218
file name & length /home/scur2440/MoTric/Spires/2024-03-13-observatory-quarter-02/gt-tum.txt 204
file name & length /home/scur2440/MoTric/Spires/2024-05-20-bodleian-library-02/gt-tum.txt 246
Time diff avg (fut): 1.34132
Len dataset: 668
[INFO] Now using random trajectory shuffling.

Train dataset:
Length: 534
Total x, y and z distances travelled: 0.80580, 1.02401, 0.14420
Euclidean dist diff avg: 1.52018
Still need to implement rotation statistics

Validation dataset:
Length: 668
Total x, y and z distances travelled: 0.80504, 1.00267, 0.14226
Euclidean dist diff avg: 1.49878
Still need to implement rotation statistics

[INFO] SPIRES dataset - skip subtracting mean from absolute positions.
[INFO] Training from scratch - without pretrained models (Not NBA with frame standard configs)

[Core Denoising Model] Trainable/Total: 6630600/6630600
[Initialization Model] Trainable/Total: 9210833/9210833
[2025-03-24 18:37:57] Epoch: 0		Loss: 95.047277	Loss Translation.: 0.250950	Loss Rotation.: 1.511399	Combined Loss Dist.: 91.007362	Loss Uncertainty: 4.039914
--ADE (5 time steps): 0.2250	--FDE (5 time steps): 0.1556
--ADE (10 time steps): 0.2827	--FDE (10 time steps): 0.2604
--ADE (15 time steps): 0.3279	--FDE (15 time steps): 0.2945
--ADE (20 time steps): 0.3826	--FDE (20 time steps): 0.5156
[INFO] Checkpoint saved to ./results/5_13_Spires_9D_Baseline/5_13_Spires_9D_Baseline/models/checkpoint_epoch_1.pth
[2025-03-24 18:38:02] Epoch: 1		Loss: 69.889335	Loss Translation.: 0.063036	Loss Rotation.: 1.257323	Combined Loss Dist.: 67.007148	Loss Uncertainty: 2.882187
--ADE (5 time steps): 0.1728	--FDE (5 time steps): 0.1308
--ADE (10 time steps): 0.1948	--FDE (10 time steps): 0.1566
--ADE (15 time steps): 0.2247	--FDE (15 time steps): 0.2592
--ADE (20 time steps): 0.2530	--FDE (20 time steps): 0.2690
[INFO] Checkpoint saved to ./results/5_13_Spires_9D_Baseline/5_13_Spires_9D_Baseline/models/checkpoint_epoch_2.pth
[2025-03-24 18:38:07] Epoch: 2		Loss: 64.917842	Loss Translation.: 0.049712	Loss Rotation.: 1.176137	Combined Loss Dist.: 62.177978	Loss Uncertainty: 2.739864
--ADE (5 time steps): 0.1424	--FDE (5 time steps): 0.1195
--ADE (10 time steps): 0.1751	--FDE (10 time steps): 0.1519
--ADE (15 time steps): 0.2104	--FDE (15 time steps): 0.2489
--ADE (20 time steps): 0.2411	--FDE (20 time steps): 0.2956
[INFO] Checkpoint saved to ./results/5_13_Spires_9D_Baseline/5_13_Spires_9D_Baseline/models/checkpoint_epoch_3.pth
[2025-03-24 18:38:13] Epoch: 3		Loss: 61.581649	Loss Translation.: 0.046411	Loss Rotation.: 1.113269	Combined Loss Dist.: 58.977911	Loss Uncertainty: 2.603737
--ADE (5 time steps): 0.1299	--FDE (5 time steps): 0.1175
--ADE (10 time steps): 0.1611	--FDE (10 time steps): 0.1652
--ADE (15 time steps): 0.1974	--FDE (15 time steps): 0.2294
--ADE (20 time steps): 0.2302	--FDE (20 time steps): 0.2928
[INFO] Checkpoint saved to ./results/5_13_Spires_9D_Baseline/5_13_Spires_9D_Baseline/models/checkpoint_epoch_4.pth
[2025-03-24 18:38:18] Epoch: 4		Loss: 59.569558	Loss Translation.: 0.043143	Loss Rotation.: 1.080544	Combined Loss Dist.: 57.078430	Loss Uncertainty: 2.491129
--ADE (5 time steps): 0.1071	--FDE (5 time steps): 0.0941
--ADE (10 time steps): 0.1309	--FDE (10 time steps): 0.1383
--ADE (15 time steps): 0.1569	--FDE (15 time steps): 0.1868
--ADE (20 time steps): 0.1818	--FDE (20 time steps): 0.2272
[INFO] Checkpoint saved to ./results/5_13_Spires_9D_Baseline/5_13_Spires_9D_Baseline/models/checkpoint_epoch_5.pth
[2025-03-24 18:38:23] Epoch: 5		Loss: 58.238509	Loss Translation.: 0.037495	Loss Rotation.: 1.063757	Combined Loss Dist.: 55.802709	Loss Uncertainty: 2.435800
--ADE (5 time steps): 0.1124	--FDE (5 time steps): 0.0963
--ADE (10 time steps): 0.1373	--FDE (10 time steps): 0.1528
--ADE (15 time steps): 0.1658	--FDE (15 time steps): 0.2053
--ADE (20 time steps): 0.1948	--FDE (20 time steps): 0.2460
[INFO] Checkpoint saved to ./results/5_13_Spires_9D_Baseline/5_13_Spires_9D_Baseline/models/checkpoint_epoch_6.pth
[2025-03-24 18:38:29] Epoch: 6		Loss: 57.186626	Loss Translation.: 0.037785	Loss Rotation.: 1.042441	Combined Loss Dist.: 54.794636	Loss Uncertainty: 2.391991
--ADE (5 time steps): 0.1146	--FDE (5 time steps): 0.1013
--ADE (10 time steps): 0.1410	--FDE (10 time steps): 0.1585
--ADE (15 time steps): 0.1704	--FDE (15 time steps): 0.2007
--ADE (20 time steps): 0.2033	--FDE (20 time steps): 0.2800
[INFO] Checkpoint saved to ./results/5_13_Spires_9D_Baseline/5_13_Spires_9D_Baseline/models/checkpoint_epoch_7.pth
[2025-03-24 18:38:34] Epoch: 7		Loss: 56.806031	Loss Translation.: 0.039897	Loss Rotation.: 1.033838	Combined Loss Dist.: 54.470743	Loss Uncertainty: 2.335288
--ADE (5 time steps): 0.1115	--FDE (5 time steps): 0.0942
--ADE (10 time steps): 0.1323	--FDE (10 time steps): 0.1151
--ADE (15 time steps): 0.1539	--FDE (15 time steps): 0.1752
--ADE (20 time steps): 0.1852	--FDE (20 time steps): 0.2483
[INFO] Checkpoint saved to ./results/5_13_Spires_9D_Baseline/5_13_Spires_9D_Baseline/models/checkpoint_epoch_8.pth
[2025-03-24 18:38:39] Epoch: 8		Loss: 55.190668	Loss Translation.: 0.032390	Loss Rotation.: 1.013804	Combined Loss Dist.: 52.884963	Loss Uncertainty: 2.305704
--ADE (5 time steps): 0.0941	--FDE (5 time steps): 0.0901
--ADE (10 time steps): 0.1151	--FDE (10 time steps): 0.1179
--ADE (15 time steps): 0.1332	--FDE (15 time steps): 0.1560
--ADE (20 time steps): 0.1542	--FDE (20 time steps): 0.2091
[INFO] Checkpoint saved to ./results/5_13_Spires_9D_Baseline/5_13_Spires_9D_Baseline/models/checkpoint_epoch_9.pth
[2025-03-24 18:38:44] Epoch: 9		Loss: 54.362919	Loss Translation.: 0.029570	Loss Rotation.: 1.001872	Combined Loss Dist.: 52.079028	Loss Uncertainty: 2.283891
--ADE (5 time steps): 0.0795	--FDE (5 time steps): 0.0722
--ADE (10 time steps): 0.0973	--FDE (10 time steps): 0.1054
--ADE (15 time steps): 0.1132	--FDE (15 time steps): 0.1274
--ADE (20 time steps): 0.1309	--FDE (20 time steps): 0.1792
[INFO] Checkpoint saved to ./results/5_13_Spires_9D_Baseline/5_13_Spires_9D_Baseline/models/checkpoint_epoch_10.pth
[2025-03-24 18:38:50] Epoch: 10		Loss: 53.543969	Loss Translation.: 0.025784	Loss Rotation.: 0.991011	Combined Loss Dist.: 51.278605	Loss Uncertainty: 2.265364
--ADE (5 time steps): 0.0858	--FDE (5 time steps): 0.0766
--ADE (10 time steps): 0.1039	--FDE (10 time steps): 0.1085
--ADE (15 time steps): 0.1192	--FDE (15 time steps): 0.1330
--ADE (20 time steps): 0.1365	--FDE (20 time steps): 0.1797
[INFO] Checkpoint saved to ./results/5_13_Spires_9D_Baseline/5_13_Spires_9D_Baseline/models/checkpoint_epoch_11.pth
[2025-03-24 18:38:55] Epoch: 11		Loss: 52.737823	Loss Translation.: 0.025895	Loss Rotation.: 0.975438	Combined Loss Dist.: 50.491083	Loss Uncertainty: 2.246740
--ADE (5 time steps): 0.0766	--FDE (5 time steps): 0.0724
--ADE (10 time steps): 0.0935	--FDE (10 time steps): 0.0934
--ADE (15 time steps): 0.1071	--FDE (15 time steps): 0.1200
--ADE (20 time steps): 0.1233	--FDE (20 time steps): 0.1649
[INFO] Checkpoint saved to ./results/5_13_Spires_9D_Baseline/5_13_Spires_9D_Baseline/models/checkpoint_epoch_12.pth
[2025-03-24 18:39:00] Epoch: 12		Loss: 52.333418	Loss Translation.: 0.026452	Loss Rotation.: 0.967562	Combined Loss Dist.: 50.110292	Loss Uncertainty: 2.223126
--ADE (5 time steps): 0.0766	--FDE (5 time steps): 0.0670
--ADE (10 time steps): 0.0946	--FDE (10 time steps): 0.1006
--ADE (15 time steps): 0.1145	--FDE (15 time steps): 0.1426
--ADE (20 time steps): 0.1345	--FDE (20 time steps): 0.1802
[INFO] Checkpoint saved to ./results/5_13_Spires_9D_Baseline/5_13_Spires_9D_Baseline/models/checkpoint_epoch_13.pth
[2025-03-24 18:39:06] Epoch: 13		Loss: 52.299556	Loss Translation.: 0.027966	Loss Rotation.: 0.965376	Combined Loss Dist.: 50.092704	Loss Uncertainty: 2.206852
--ADE (5 time steps): 0.0841	--FDE (5 time steps): 0.0743
--ADE (10 time steps): 0.1095	--FDE (10 time steps): 0.1468
--ADE (15 time steps): 0.1341	--FDE (15 time steps): 0.1816
--ADE (20 time steps): 0.1542	--FDE (20 time steps): 0.2196
[INFO] Checkpoint saved to ./results/5_13_Spires_9D_Baseline/5_13_Spires_9D_Baseline/models/checkpoint_epoch_14.pth
[2025-03-24 18:39:11] Epoch: 14		Loss: 51.945611	Loss Translation.: 0.025145	Loss Rotation.: 0.960816	Combined Loss Dist.: 49.754153	Loss Uncertainty: 2.191459
--ADE (5 time steps): 0.0828	--FDE (5 time steps): 0.0727
--ADE (10 time steps): 0.0992	--FDE (10 time steps): 0.1005
--ADE (15 time steps): 0.1148	--FDE (15 time steps): 0.1413
--ADE (20 time steps): 0.1331	--FDE (20 time steps): 0.1831
[INFO] Checkpoint saved to ./results/5_13_Spires_9D_Baseline/5_13_Spires_9D_Baseline/models/checkpoint_epoch_15.pth
[2025-03-24 18:39:16] Epoch: 15		Loss: 51.164396	Loss Translation.: 0.026111	Loss Rotation.: 0.944773	Combined Loss Dist.: 48.988339	Loss Uncertainty: 2.176057
--ADE (5 time steps): 0.0770	--FDE (5 time steps): 0.0754
--ADE (10 time steps): 0.0960	--FDE (10 time steps): 0.1049
--ADE (15 time steps): 0.1153	--FDE (15 time steps): 0.1374
--ADE (20 time steps): 0.1361	--FDE (20 time steps): 0.1846
[INFO] Checkpoint saved to ./results/5_13_Spires_9D_Baseline/5_13_Spires_9D_Baseline/models/checkpoint_epoch_16.pth
[2025-03-24 18:39:22] Epoch: 16		Loss: 50.314065	Loss Translation.: 0.023766	Loss Rotation.: 0.932506	Combined Loss Dist.: 48.149842	Loss Uncertainty: 2.164223
--ADE (5 time steps): 0.0751	--FDE (5 time steps): 0.0687
--ADE (10 time steps): 0.0906	--FDE (10 time steps): 0.0964
--ADE (15 time steps): 0.1076	--FDE (15 time steps): 0.1325
--ADE (20 time steps): 0.1255	--FDE (20 time steps): 0.1671
[INFO] Checkpoint saved to ./results/5_13_Spires_9D_Baseline/5_13_Spires_9D_Baseline/models/checkpoint_epoch_17.pth
[2025-03-24 18:39:27] Epoch: 17		Loss: 49.922077	Loss Translation.: 0.023602	Loss Rotation.: 0.925795	Combined Loss Dist.: 47.768834	Loss Uncertainty: 2.153244
--ADE (5 time steps): 0.0759	--FDE (5 time steps): 0.0760
--ADE (10 time steps): 0.0968	--FDE (10 time steps): 0.1140
--ADE (15 time steps): 0.1176	--FDE (15 time steps): 0.1544
--ADE (20 time steps): 0.1401	--FDE (20 time steps): 0.1972
[INFO] Checkpoint saved to ./results/5_13_Spires_9D_Baseline/5_13_Spires_9D_Baseline/models/checkpoint_epoch_18.pth
[2025-03-24 18:39:32] Epoch: 18		Loss: 49.663742	Loss Translation.: 0.024257	Loss Rotation.: 0.920046	Combined Loss Dist.: 47.521305	Loss Uncertainty: 2.142437
--ADE (5 time steps): 0.0800	--FDE (5 time steps): 0.0796
--ADE (10 time steps): 0.1025	--FDE (10 time steps): 0.1215
--ADE (15 time steps): 0.1277	--FDE (15 time steps): 0.1774
--ADE (20 time steps): 0.1531	--FDE (20 time steps): 0.2251
[INFO] Checkpoint saved to ./results/5_13_Spires_9D_Baseline/5_13_Spires_9D_Baseline/models/checkpoint_epoch_19.pth
[2025-03-24 18:39:38] Epoch: 19		Loss: 49.469910	Loss Translation.: 0.025830	Loss Rotation.: 0.914256	Combined Loss Dist.: 47.337709	Loss Uncertainty: 2.132202
--ADE (5 time steps): 0.0750	--FDE (5 time steps): 0.0718
--ADE (10 time steps): 0.0935	--FDE (10 time steps): 0.1026
--ADE (15 time steps): 0.1129	--FDE (15 time steps): 0.1281
--ADE (20 time steps): 0.1305	--FDE (20 time steps): 0.1630
[INFO] Checkpoint saved to ./results/5_13_Spires_9D_Baseline/5_13_Spires_9D_Baseline/models/checkpoint_epoch_20.pth
[2025-03-24 18:39:43] Epoch: 20		Loss: 49.002357	Loss Translation.: 0.025551	Loss Rotation.: 0.904911	Combined Loss Dist.: 46.877363	Loss Uncertainty: 2.124994
--ADE (5 time steps): 0.0800	--FDE (5 time steps): 0.0742
--ADE (10 time steps): 0.0988	--FDE (10 time steps): 0.1050
--ADE (15 time steps): 0.1178	--FDE (15 time steps): 0.1439
--ADE (20 time steps): 0.1369	--FDE (20 time steps): 0.1723
[INFO] Checkpoint saved to ./results/5_13_Spires_9D_Baseline/5_13_Spires_9D_Baseline/models/checkpoint_epoch_21.pth
[2025-03-24 18:39:48] Epoch: 21		Loss: 48.594736	Loss Translation.: 0.025198	Loss Rotation.: 0.897563	Combined Loss Dist.: 46.479429	Loss Uncertainty: 2.115307
--ADE (5 time steps): 0.0726	--FDE (5 time steps): 0.0681
--ADE (10 time steps): 0.0895	--FDE (10 time steps): 0.0945
--ADE (15 time steps): 0.1046	--FDE (15 time steps): 0.1262
--ADE (20 time steps): 0.1199	--FDE (20 time steps): 0.1533
[INFO] Checkpoint saved to ./results/5_13_Spires_9D_Baseline/5_13_Spires_9D_Baseline/models/checkpoint_epoch_22.pth
[2025-03-24 18:39:54] Epoch: 22		Loss: 48.294950	Loss Translation.: 0.024910	Loss Rotation.: 0.892195	Combined Loss Dist.: 46.184062	Loss Uncertainty: 2.110888
--ADE (5 time steps): 0.0730	--FDE (5 time steps): 0.0675
--ADE (10 time steps): 0.0900	--FDE (10 time steps): 0.0914
--ADE (15 time steps): 0.1071	--FDE (15 time steps): 0.1238
--ADE (20 time steps): 0.1236	--FDE (20 time steps): 0.1485
[INFO] Checkpoint saved to ./results/5_13_Spires_9D_Baseline/5_13_Spires_9D_Baseline/models/checkpoint_epoch_23.pth
[2025-03-24 18:39:59] Epoch: 23		Loss: 48.064150	Loss Translation.: 0.024035	Loss Rotation.: 0.889317	Combined Loss Dist.: 45.957785	Loss Uncertainty: 2.106365
--ADE (5 time steps): 0.0764	--FDE (5 time steps): 0.0757
--ADE (10 time steps): 0.0976	--FDE (10 time steps): 0.1112
--ADE (15 time steps): 0.1193	--FDE (15 time steps): 0.1525
--ADE (20 time steps): 0.1406	--FDE (20 time steps): 0.1716
[INFO] Checkpoint saved to ./results/5_13_Spires_9D_Baseline/5_13_Spires_9D_Baseline/models/checkpoint_epoch_24.pth
[2025-03-24 18:40:04] Epoch: 24		Loss: 47.451573	Loss Translation.: 0.023618	Loss Rotation.: 0.877953	Combined Loss Dist.: 45.353318	Loss Uncertainty: 2.098255
--ADE (5 time steps): 0.0689	--FDE (5 time steps): 0.0631
--ADE (10 time steps): 0.0837	--FDE (10 time steps): 0.0859
--ADE (15 time steps): 0.0985	--FDE (15 time steps): 0.1153
--ADE (20 time steps): 0.1143	--FDE (20 time steps): 0.1448
[INFO] Checkpoint saved to ./results/5_13_Spires_9D_Baseline/5_13_Spires_9D_Baseline/models/checkpoint_epoch_25.pth
[2025-03-24 18:40:09] Epoch: 25		Loss: 46.558939	Loss Translation.: 0.021287	Loss Rotation.: 0.863328	Combined Loss Dist.: 44.465234	Loss Uncertainty: 2.093705
--ADE (5 time steps): 0.0660	--FDE (5 time steps): 0.0612
--ADE (10 time steps): 0.0814	--FDE (10 time steps): 0.0842
--ADE (15 time steps): 0.0962	--FDE (15 time steps): 0.1150
--ADE (20 time steps): 0.1115	--FDE (20 time steps): 0.1411
[INFO] Checkpoint saved to ./results/5_13_Spires_9D_Baseline/5_13_Spires_9D_Baseline/models/checkpoint_epoch_26.pth
[2025-03-24 18:40:15] Epoch: 26		Loss: 46.061968	Loss Translation.: 0.021210	Loss Rotation.: 0.853763	Combined Loss Dist.: 43.972877	Loss Uncertainty: 2.089090
--ADE (5 time steps): 0.0668	--FDE (5 time steps): 0.0630
--ADE (10 time steps): 0.0813	--FDE (10 time steps): 0.0863
--ADE (15 time steps): 0.0964	--FDE (15 time steps): 0.1165
--ADE (20 time steps): 0.1119	--FDE (20 time steps): 0.1422
[INFO] Checkpoint saved to ./results/5_13_Spires_9D_Baseline/5_13_Spires_9D_Baseline/models/checkpoint_epoch_27.pth
[2025-03-24 18:40:20] Epoch: 27		Loss: 45.487570	Loss Translation.: 0.020783	Loss Rotation.: 0.843313	Combined Loss Dist.: 43.402875	Loss Uncertainty: 2.084695
--ADE (5 time steps): 0.0668	--FDE (5 time steps): 0.0636
--ADE (10 time steps): 0.0825	--FDE (10 time steps): 0.0896
--ADE (15 time steps): 0.0989	--FDE (15 time steps): 0.1209
--ADE (20 time steps): 0.1153	--FDE (20 time steps): 0.1499
[INFO] Checkpoint saved to ./results/5_13_Spires_9D_Baseline/5_13_Spires_9D_Baseline/models/checkpoint_epoch_28.pth
[2025-03-24 18:40:25] Epoch: 28		Loss: 45.009442	Loss Translation.: 0.020386	Loss Rotation.: 0.834655	Combined Loss Dist.: 42.931869	Loss Uncertainty: 2.077573
--ADE (5 time steps): 0.0661	--FDE (5 time steps): 0.0611
--ADE (10 time steps): 0.0810	--FDE (10 time steps): 0.0868
--ADE (15 time steps): 0.0970	--FDE (15 time steps): 0.1185
--ADE (20 time steps): 0.1129	--FDE (20 time steps): 0.1458
[INFO] Checkpoint saved to ./results/5_13_Spires_9D_Baseline/5_13_Spires_9D_Baseline/models/checkpoint_epoch_29.pth
[2025-03-24 18:40:31] Epoch: 29		Loss: 44.639862	Loss Translation.: 0.020392	Loss Rotation.: 0.827472	Combined Loss Dist.: 42.570451	Loss Uncertainty: 2.069410
--ADE (5 time steps): 0.0654	--FDE (5 time steps): 0.0608
--ADE (10 time steps): 0.0805	--FDE (10 time steps): 0.0859
--ADE (15 time steps): 0.0965	--FDE (15 time steps): 0.1169
--ADE (20 time steps): 0.1124	--FDE (20 time steps): 0.1457
[INFO] Checkpoint saved to ./results/5_13_Spires_9D_Baseline/5_13_Spires_9D_Baseline/models/checkpoint_epoch_30.pth
[2025-03-24 18:40:36] Epoch: 30		Loss: 44.287176	Loss Translation.: 0.020192	Loss Rotation.: 0.820985	Combined Loss Dist.: 42.225910	Loss Uncertainty: 2.061266
--ADE (5 time steps): 0.0679	--FDE (5 time steps): 0.0612
--ADE (10 time steps): 0.0827	--FDE (10 time steps): 0.0860
--ADE (15 time steps): 0.0988	--FDE (15 time steps): 0.1180
--ADE (20 time steps): 0.1153	--FDE (20 time steps): 0.1430
[INFO] Checkpoint saved to ./results/5_13_Spires_9D_Baseline/5_13_Spires_9D_Baseline/models/checkpoint_epoch_31.pth
[2025-03-24 18:40:41] Epoch: 31		Loss: 44.132087	Loss Translation.: 0.020185	Loss Rotation.: 0.817931	Combined Loss Dist.: 42.078444	Loss Uncertainty: 2.053643
--ADE (5 time steps): 0.0669	--FDE (5 time steps): 0.0606
--ADE (10 time steps): 0.0825	--FDE (10 time steps): 0.0845
--ADE (15 time steps): 0.0986	--FDE (15 time steps): 0.1163
--ADE (20 time steps): 0.1150	--FDE (20 time steps): 0.1420
[INFO] Checkpoint saved to ./results/5_13_Spires_9D_Baseline/5_13_Spires_9D_Baseline/models/checkpoint_epoch_32.pth
[2025-03-24 18:40:47] Epoch: 32		Loss: 44.195328	Loss Translation.: 0.019979	Loss Rotation.: 0.819743	Combined Loss Dist.: 42.146563	Loss Uncertainty: 2.048765
--ADE (5 time steps): 0.0660	--FDE (5 time steps): 0.0596
--ADE (10 time steps): 0.0810	--FDE (10 time steps): 0.0857
--ADE (15 time steps): 0.0970	--FDE (15 time steps): 0.1184
--ADE (20 time steps): 0.1133	--FDE (20 time steps): 0.1409
[INFO] Checkpoint saved to ./results/5_13_Spires_9D_Baseline/5_13_Spires_9D_Baseline/models/checkpoint_epoch_33.pth
[2025-03-24 18:40:52] Epoch: 33		Loss: 43.527085	Loss Translation.: 0.019695	Loss Rotation.: 0.807027	Combined Loss Dist.: 41.481592	Loss Uncertainty: 2.045492
--ADE (5 time steps): 0.0654	--FDE (5 time steps): 0.0588
--ADE (10 time steps): 0.0802	--FDE (10 time steps): 0.0848
--ADE (15 time steps): 0.0961	--FDE (15 time steps): 0.1178
--ADE (20 time steps): 0.1123	--FDE (20 time steps): 0.1412
[INFO] Checkpoint saved to ./results/5_13_Spires_9D_Baseline/5_13_Spires_9D_Baseline/models/checkpoint_epoch_34.pth
[2025-03-24 18:40:57] Epoch: 34		Loss: 43.087122	Loss Translation.: 0.019428	Loss Rotation.: 0.798545	Combined Loss Dist.: 41.043478	Loss Uncertainty: 2.043643
--ADE (5 time steps): 0.0653	--FDE (5 time steps): 0.0586
--ADE (10 time steps): 0.0803	--FDE (10 time steps): 0.0846
--ADE (15 time steps): 0.0962	--FDE (15 time steps): 0.1167
--ADE (20 time steps): 0.1122	--FDE (20 time steps): 0.1397
[INFO] Checkpoint saved to ./results/5_13_Spires_9D_Baseline/5_13_Spires_9D_Baseline/models/checkpoint_epoch_35.pth
[2025-03-24 18:41:02] Epoch: 35		Loss: 42.803973	Loss Translation.: 0.019401	Loss Rotation.: 0.792961	Combined Loss Dist.: 40.763779	Loss Uncertainty: 2.040194
--ADE (5 time steps): 0.0657	--FDE (5 time steps): 0.0593
--ADE (10 time steps): 0.0809	--FDE (10 time steps): 0.0847
--ADE (15 time steps): 0.0969	--FDE (15 time steps): 0.1179
--ADE (20 time steps): 0.1132	--FDE (20 time steps): 0.1392
[INFO] Checkpoint saved to ./results/5_13_Spires_9D_Baseline/5_13_Spires_9D_Baseline/models/checkpoint_epoch_36.pth
[2025-03-24 18:41:08] Epoch: 36		Loss: 42.604333	Loss Translation.: 0.019424	Loss Rotation.: 0.789112	Combined Loss Dist.: 40.567752	Loss Uncertainty: 2.036581
--ADE (5 time steps): 0.0658	--FDE (5 time steps): 0.0589
--ADE (10 time steps): 0.0812	--FDE (10 time steps): 0.0858
--ADE (15 time steps): 0.0973	--FDE (15 time steps): 0.1174
--ADE (20 time steps): 0.1136	--FDE (20 time steps): 0.1375
[INFO] Checkpoint saved to ./results/5_13_Spires_9D_Baseline/5_13_Spires_9D_Baseline/models/checkpoint_epoch_37.pth
[2025-03-24 18:41:13] Epoch: 37		Loss: 42.398698	Loss Translation.: 0.019415	Loss Rotation.: 0.785192	Combined Loss Dist.: 40.365760	Loss Uncertainty: 2.032938
--ADE (5 time steps): 0.0662	--FDE (5 time steps): 0.0593
--ADE (10 time steps): 0.0814	--FDE (10 time steps): 0.0856
--ADE (15 time steps): 0.0973	--FDE (15 time steps): 0.1170
--ADE (20 time steps): 0.1133	--FDE (20 time steps): 0.1382
[INFO] Checkpoint saved to ./results/5_13_Spires_9D_Baseline/5_13_Spires_9D_Baseline/models/checkpoint_epoch_38.pth
[2025-03-24 18:41:18] Epoch: 38		Loss: 42.228352	Loss Translation.: 0.019323	Loss Rotation.: 0.782033	Combined Loss Dist.: 40.198625	Loss Uncertainty: 2.029728
--ADE (5 time steps): 0.0662	--FDE (5 time steps): 0.0594
--ADE (10 time steps): 0.0816	--FDE (10 time steps): 0.0854
--ADE (15 time steps): 0.0977	--FDE (15 time steps): 0.1170
--ADE (20 time steps): 0.1138	--FDE (20 time steps): 0.1421
[INFO] Checkpoint saved to ./results/5_13_Spires_9D_Baseline/5_13_Spires_9D_Baseline/models/checkpoint_epoch_39.pth
[2025-03-24 18:41:24] Epoch: 39		Loss: 42.140936	Loss Translation.: 0.019247	Loss Rotation.: 0.780408	Combined Loss Dist.: 40.116675	Loss Uncertainty: 2.024260
--ADE (5 time steps): 0.0665	--FDE (5 time steps): 0.0607
--ADE (10 time steps): 0.0823	--FDE (10 time steps): 0.0873
--ADE (15 time steps): 0.0993	--FDE (15 time steps): 0.1207
--ADE (20 time steps): 0.1160	--FDE (20 time steps): 0.1469
[INFO] Checkpoint saved to ./results/5_13_Spires_9D_Baseline/5_13_Spires_9D_Baseline/models/checkpoint_epoch_40.pth
[2025-03-24 18:41:29] Epoch: 40		Loss: 41.978890	Loss Translation.: 0.019365	Loss Rotation.: 0.777235	Combined Loss Dist.: 39.957101	Loss Uncertainty: 2.021788
--ADE (5 time steps): 0.0658	--FDE (5 time steps): 0.0590
--ADE (10 time steps): 0.0811	--FDE (10 time steps): 0.0853
--ADE (15 time steps): 0.0970	--FDE (15 time steps): 0.1154
--ADE (20 time steps): 0.1129	--FDE (20 time steps): 0.1390
[INFO] Checkpoint saved to ./results/5_13_Spires_9D_Baseline/5_13_Spires_9D_Baseline/models/checkpoint_epoch_41.pth
[2025-03-24 18:41:34] Epoch: 41		Loss: 41.601934	Loss Translation.: 0.019043	Loss Rotation.: 0.770031	Combined Loss Dist.: 39.581546	Loss Uncertainty: 2.020388
--ADE (5 time steps): 0.0658	--FDE (5 time steps): 0.0589
--ADE (10 time steps): 0.0811	--FDE (10 time steps): 0.0855
--ADE (15 time steps): 0.0971	--FDE (15 time steps): 0.1162
--ADE (20 time steps): 0.1131	--FDE (20 time steps): 0.1390
[INFO] Checkpoint saved to ./results/5_13_Spires_9D_Baseline/5_13_Spires_9D_Baseline/models/checkpoint_epoch_42.pth
[2025-03-24 18:41:39] Epoch: 42		Loss: 41.381407	Loss Translation.: 0.018925	Loss Rotation.: 0.765884	Combined Loss Dist.: 39.362812	Loss Uncertainty: 2.018595
--ADE (5 time steps): 0.0660	--FDE (5 time steps): 0.0591
--ADE (10 time steps): 0.0813	--FDE (10 time steps): 0.0854
--ADE (15 time steps): 0.0975	--FDE (15 time steps): 0.1166
--ADE (20 time steps): 0.1135	--FDE (20 time steps): 0.1404
[INFO] Checkpoint saved to ./results/5_13_Spires_9D_Baseline/5_13_Spires_9D_Baseline/models/checkpoint_epoch_43.pth
[2025-03-24 18:41:45] Epoch: 43		Loss: 41.270895	Loss Translation.: 0.018976	Loss Rotation.: 0.763701	Combined Loss Dist.: 39.254691	Loss Uncertainty: 2.016204
--ADE (5 time steps): 0.0662	--FDE (5 time steps): 0.0592
--ADE (10 time steps): 0.0815	--FDE (10 time steps): 0.0856
--ADE (15 time steps): 0.0978	--FDE (15 time steps): 0.1166
--ADE (20 time steps): 0.1138	--FDE (20 time steps): 0.1421
[INFO] Checkpoint saved to ./results/5_13_Spires_9D_Baseline/5_13_Spires_9D_Baseline/models/checkpoint_epoch_44.pth
[2025-03-24 18:41:50] Epoch: 44		Loss: 41.171864	Loss Translation.: 0.018962	Loss Rotation.: 0.761757	Combined Loss Dist.: 39.158584	Loss Uncertainty: 2.013280
--ADE (5 time steps): 0.0661	--FDE (5 time steps): 0.0584
--ADE (10 time steps): 0.0813	--FDE (10 time steps): 0.0854
--ADE (15 time steps): 0.0975	--FDE (15 time steps): 0.1160
--ADE (20 time steps): 0.1135	--FDE (20 time steps): 0.1416
[INFO] Checkpoint saved to ./results/5_13_Spires_9D_Baseline/5_13_Spires_9D_Baseline/models/checkpoint_epoch_45.pth
[2025-03-24 18:41:55] Epoch: 45		Loss: 41.040557	Loss Translation.: 0.018899	Loss Rotation.: 0.759187	Combined Loss Dist.: 39.028895	Loss Uncertainty: 2.011662
--ADE (5 time steps): 0.0662	--FDE (5 time steps): 0.0581
--ADE (10 time steps): 0.0815	--FDE (10 time steps): 0.0860
--ADE (15 time steps): 0.0975	--FDE (15 time steps): 0.1159
--ADE (20 time steps): 0.1134	--FDE (20 time steps): 0.1397
[INFO] Checkpoint saved to ./results/5_13_Spires_9D_Baseline/5_13_Spires_9D_Baseline/models/checkpoint_epoch_46.pth
[2025-03-24 18:42:01] Epoch: 46		Loss: 40.944614	Loss Translation.: 0.018854	Loss Rotation.: 0.757400	Combined Loss Dist.: 38.935347	Loss Uncertainty: 2.009267
--ADE (5 time steps): 0.0665	--FDE (5 time steps): 0.0584
--ADE (10 time steps): 0.0817	--FDE (10 time steps): 0.0869
--ADE (15 time steps): 0.0979	--FDE (15 time steps): 0.1167
--ADE (20 time steps): 0.1139	--FDE (20 time steps): 0.1409
[INFO] Checkpoint saved to ./results/5_13_Spires_9D_Baseline/5_13_Spires_9D_Baseline/models/checkpoint_epoch_47.pth
[2025-03-24 18:42:06] Epoch: 47		Loss: 40.844362	Loss Translation.: 0.018900	Loss Rotation.: 0.755461	Combined Loss Dist.: 38.836571	Loss Uncertainty: 2.007791
--ADE (5 time steps): 0.0666	--FDE (5 time steps): 0.0589
--ADE (10 time steps): 0.0817	--FDE (10 time steps): 0.0857
--ADE (15 time steps): 0.0979	--FDE (15 time steps): 0.1156
--ADE (20 time steps): 0.1140	--FDE (20 time steps): 0.1424
[INFO] Checkpoint saved to ./results/5_13_Spires_9D_Baseline/5_13_Spires_9D_Baseline/models/checkpoint_epoch_48.pth
[2025-03-24 18:42:11] Epoch: 48		Loss: 40.739790	Loss Translation.: 0.018794	Loss Rotation.: 0.753492	Combined Loss Dist.: 38.733771	Loss Uncertainty: 2.006019
--ADE (5 time steps): 0.0664	--FDE (5 time steps): 0.0581
--ADE (10 time steps): 0.0816	--FDE (10 time steps): 0.0864
--ADE (15 time steps): 0.0979	--FDE (15 time steps): 0.1166
--ADE (20 time steps): 0.1139	--FDE (20 time steps): 0.1431
[INFO] Checkpoint saved to ./results/5_13_Spires_9D_Baseline/5_13_Spires_9D_Baseline/models/checkpoint_epoch_49.pth
[2025-03-24 18:42:17] Epoch: 49		Loss: 40.583214	Loss Translation.: 0.018722	Loss Rotation.: 0.750472	Combined Loss Dist.: 38.578867	Loss Uncertainty: 2.004348
--ADE (5 time steps): 0.0664	--FDE (5 time steps): 0.0583
--ADE (10 time steps): 0.0817	--FDE (10 time steps): 0.0866
--ADE (15 time steps): 0.0979	--FDE (15 time steps): 0.1164
--ADE (20 time steps): 0.1139	--FDE (20 time steps): 0.1429
[INFO] Checkpoint saved to ./results/5_13_Spires_9D_Baseline/5_13_Spires_9D_Baseline/models/checkpoint_epoch_50.pth
[2025-03-24 18:42:22] Epoch: 50		Loss: 40.491736	Loss Translation.: 0.018690	Loss Rotation.: 0.748716	Combined Loss Dist.: 38.488381	Loss Uncertainty: 2.003355
--ADE (5 time steps): 0.0665	--FDE (5 time steps): 0.0585
--ADE (10 time steps): 0.0818	--FDE (10 time steps): 0.0865
--ADE (15 time steps): 0.0979	--FDE (15 time steps): 0.1163
--ADE (20 time steps): 0.1138	--FDE (20 time steps): 0.1428
[INFO] Checkpoint saved to ./results/5_13_Spires_9D_Baseline/5_13_Spires_9D_Baseline/models/checkpoint_epoch_51.pth
[2025-03-24 18:42:27] Epoch: 51		Loss: 40.432857	Loss Translation.: 0.018693	Loss Rotation.: 0.747570	Combined Loss Dist.: 38.430859	Loss Uncertainty: 2.001998
--ADE (5 time steps): 0.0664	--FDE (5 time steps): 0.0583
--ADE (10 time steps): 0.0817	--FDE (10 time steps): 0.0863
--ADE (15 time steps): 0.0979	--FDE (15 time steps): 0.1160
--ADE (20 time steps): 0.1138	--FDE (20 time steps): 0.1427
[INFO] Checkpoint saved to ./results/5_13_Spires_9D_Baseline/5_13_Spires_9D_Baseline/models/checkpoint_epoch_52.pth
[2025-03-24 18:42:32] Epoch: 52		Loss: 40.388837	Loss Translation.: 0.018684	Loss Rotation.: 0.746723	Combined Loss Dist.: 38.388309	Loss Uncertainty: 2.000529
--ADE (5 time steps): 0.0666	--FDE (5 time steps): 0.0584
--ADE (10 time steps): 0.0818	--FDE (10 time steps): 0.0868
--ADE (15 time steps): 0.0981	--FDE (15 time steps): 0.1164
--ADE (20 time steps): 0.1142	--FDE (20 time steps): 0.1440
[INFO] Checkpoint saved to ./results/5_13_Spires_9D_Baseline/5_13_Spires_9D_Baseline/models/checkpoint_epoch_53.pth
[2025-03-24 18:42:38] Epoch: 53		Loss: 40.325265	Loss Translation.: 0.018662	Loss Rotation.: 0.745478	Combined Loss Dist.: 38.325750	Loss Uncertainty: 1.999515
--ADE (5 time steps): 0.0666	--FDE (5 time steps): 0.0584
--ADE (10 time steps): 0.0819	--FDE (10 time steps): 0.0871
--ADE (15 time steps): 0.0982	--FDE (15 time steps): 0.1169
--ADE (20 time steps): 0.1143	--FDE (20 time steps): 0.1442
[INFO] Checkpoint saved to ./results/5_13_Spires_9D_Baseline/5_13_Spires_9D_Baseline/models/checkpoint_epoch_54.pth
[2025-03-24 18:42:43] Epoch: 54		Loss: 40.260564	Loss Translation.: 0.018644	Loss Rotation.: 0.744249	Combined Loss Dist.: 38.262382	Loss Uncertainty: 1.998182
--ADE (5 time steps): 0.0666	--FDE (5 time steps): 0.0584
--ADE (10 time steps): 0.0818	--FDE (10 time steps): 0.0868
--ADE (15 time steps): 0.0980	--FDE (15 time steps): 0.1163
--ADE (20 time steps): 0.1140	--FDE (20 time steps): 0.1435
[INFO] Checkpoint saved to ./results/5_13_Spires_9D_Baseline/5_13_Spires_9D_Baseline/models/checkpoint_epoch_55.pth
[2025-03-24 18:42:48] Epoch: 55		Loss: 40.213643	Loss Translation.: 0.018637	Loss Rotation.: 0.743356	Combined Loss Dist.: 38.216767	Loss Uncertainty: 1.996875
--ADE (5 time steps): 0.0667	--FDE (5 time steps): 0.0584
--ADE (10 time steps): 0.0819	--FDE (10 time steps): 0.0868
--ADE (15 time steps): 0.0982	--FDE (15 time steps): 0.1162
--ADE (20 time steps): 0.1141	--FDE (20 time steps): 0.1436
[INFO] Checkpoint saved to ./results/5_13_Spires_9D_Baseline/5_13_Spires_9D_Baseline/models/checkpoint_epoch_56.pth
[2025-03-24 18:42:54] Epoch: 56		Loss: 40.144991	Loss Translation.: 0.018614	Loss Rotation.: 0.742024	Combined Loss Dist.: 38.148762	Loss Uncertainty: 1.996229
--ADE (5 time steps): 0.0666	--FDE (5 time steps): 0.0583
--ADE (10 time steps): 0.0820	--FDE (10 time steps): 0.0871
--ADE (15 time steps): 0.0983	--FDE (15 time steps): 0.1169
--ADE (20 time steps): 0.1144	--FDE (20 time steps): 0.1445
[INFO] Checkpoint saved to ./results/5_13_Spires_9D_Baseline/5_13_Spires_9D_Baseline/models/checkpoint_epoch_57.pth
[2025-03-24 18:42:59] Epoch: 57		Loss: 40.077533	Loss Translation.: 0.018571	Loss Rotation.: 0.740732	Combined Loss Dist.: 38.082199	Loss Uncertainty: 1.995334
--ADE (5 time steps): 0.0667	--FDE (5 time steps): 0.0584
--ADE (10 time steps): 0.0820	--FDE (10 time steps): 0.0870
--ADE (15 time steps): 0.0983	--FDE (15 time steps): 0.1165
--ADE (20 time steps): 0.1143	--FDE (20 time steps): 0.1440
[INFO] Checkpoint saved to ./results/5_13_Spires_9D_Baseline/5_13_Spires_9D_Baseline/models/checkpoint_epoch_58.pth
[2025-03-24 18:43:04] Epoch: 58		Loss: 40.040048	Loss Translation.: 0.018574	Loss Rotation.: 0.740008	Combined Loss Dist.: 38.045209	Loss Uncertainty: 1.994839
--ADE (5 time steps): 0.0667	--FDE (5 time steps): 0.0583
--ADE (10 time steps): 0.0820	--FDE (10 time steps): 0.0870
--ADE (15 time steps): 0.0983	--FDE (15 time steps): 0.1165
--ADE (20 time steps): 0.1144	--FDE (20 time steps): 0.1443
[INFO] Checkpoint saved to ./results/5_13_Spires_9D_Baseline/5_13_Spires_9D_Baseline/models/checkpoint_epoch_59.pth
[2025-03-24 18:43:09] Epoch: 59		Loss: 40.007717	Loss Translation.: 0.018557	Loss Rotation.: 0.739389	Combined Loss Dist.: 38.013775	Loss Uncertainty: 1.993942
--ADE (5 time steps): 0.0667	--FDE (5 time steps): 0.0582
--ADE (10 time steps): 0.0820	--FDE (10 time steps): 0.0871
--ADE (15 time steps): 0.0983	--FDE (15 time steps): 0.1167
--ADE (20 time steps): 0.1144	--FDE (20 time steps): 0.1445
[INFO] Checkpoint saved to ./results/5_13_Spires_9D_Baseline/5_13_Spires_9D_Baseline/models/checkpoint_epoch_60.pth
[2025-03-24 18:43:15] Epoch: 60		Loss: 39.976849	Loss Translation.: 0.018545	Loss Rotation.: 0.738789	Combined Loss Dist.: 37.983590	Loss Uncertainty: 1.993260
--ADE (5 time steps): 0.0667	--FDE (5 time steps): 0.0583
--ADE (10 time steps): 0.0821	--FDE (10 time steps): 0.0872
--ADE (15 time steps): 0.0984	--FDE (15 time steps): 0.1167
--ADE (20 time steps): 0.1145	--FDE (20 time steps): 0.1443
[INFO] Checkpoint saved to ./results/5_13_Spires_9D_Baseline/5_13_Spires_9D_Baseline/models/checkpoint_epoch_61.pth
[2025-03-24 18:43:20] Epoch: 61		Loss: 39.945990	Loss Translation.: 0.018544	Loss Rotation.: 0.738201	Combined Loss Dist.: 37.953371	Loss Uncertainty: 1.992619
--ADE (5 time steps): 0.0667	--FDE (5 time steps): 0.0583
--ADE (10 time steps): 0.0820	--FDE (10 time steps): 0.0870
--ADE (15 time steps): 0.0983	--FDE (15 time steps): 0.1164
--ADE (20 time steps): 0.1144	--FDE (20 time steps): 0.1443
[INFO] Checkpoint saved to ./results/5_13_Spires_9D_Baseline/5_13_Spires_9D_Baseline/models/checkpoint_epoch_62.pth
[2025-03-24 18:43:25] Epoch: 62		Loss: 39.920644	Loss Translation.: 0.018522	Loss Rotation.: 0.737715	Combined Loss Dist.: 37.928648	Loss Uncertainty: 1.991995
--ADE (5 time steps): 0.0668	--FDE (5 time steps): 0.0583
--ADE (10 time steps): 0.0821	--FDE (10 time steps): 0.0874
--ADE (15 time steps): 0.0985	--FDE (15 time steps): 0.1169
--ADE (20 time steps): 0.1146	--FDE (20 time steps): 0.1447
[INFO] Checkpoint saved to ./results/5_13_Spires_9D_Baseline/5_13_Spires_9D_Baseline/models/checkpoint_epoch_63.pth
[2025-03-24 18:43:31] Epoch: 63		Loss: 39.895604	Loss Translation.: 0.018536	Loss Rotation.: 0.737216	Combined Loss Dist.: 37.904354	Loss Uncertainty: 1.991249
--ADE (5 time steps): 0.0668	--FDE (5 time steps): 0.0583
--ADE (10 time steps): 0.0821	--FDE (10 time steps): 0.0873
--ADE (15 time steps): 0.0985	--FDE (15 time steps): 0.1167
--ADE (20 time steps): 0.1146	--FDE (20 time steps): 0.1445
[INFO] Checkpoint saved to ./results/5_13_Spires_9D_Baseline/5_13_Spires_9D_Baseline/models/checkpoint_epoch_64.pth
[2025-03-24 18:43:36] Epoch: 64		Loss: 39.852879	Loss Translation.: 0.018498	Loss Rotation.: 0.736425	Combined Loss Dist.: 37.861943	Loss Uncertainty: 1.990937
--ADE (5 time steps): 0.0668	--FDE (5 time steps): 0.0583
--ADE (10 time steps): 0.0821	--FDE (10 time steps): 0.0872
--ADE (15 time steps): 0.0985	--FDE (15 time steps): 0.1167
--ADE (20 time steps): 0.1146	--FDE (20 time steps): 0.1446
[INFO] Checkpoint saved to ./results/5_13_Spires_9D_Baseline/5_13_Spires_9D_Baseline/models/checkpoint_epoch_65.pth
[2025-03-24 18:43:41] Epoch: 65		Loss: 39.830105	Loss Translation.: 0.018494	Loss Rotation.: 0.735971	Combined Loss Dist.: 37.839717	Loss Uncertainty: 1.990388
--ADE (5 time steps): 0.0668	--FDE (5 time steps): 0.0583
--ADE (10 time steps): 0.0821	--FDE (10 time steps): 0.0872
--ADE (15 time steps): 0.0985	--FDE (15 time steps): 0.1167
--ADE (20 time steps): 0.1146	--FDE (20 time steps): 0.1445
[INFO] Checkpoint saved to ./results/5_13_Spires_9D_Baseline/5_13_Spires_9D_Baseline/models/checkpoint_epoch_66.pth
[2025-03-24 18:43:46] Epoch: 66		Loss: 39.812016	Loss Translation.: 0.018484	Loss Rotation.: 0.735632	Combined Loss Dist.: 37.821937	Loss Uncertainty: 1.990079
--ADE (5 time steps): 0.0668	--FDE (5 time steps): 0.0584
--ADE (10 time steps): 0.0821	--FDE (10 time steps): 0.0873
--ADE (15 time steps): 0.0985	--FDE (15 time steps): 0.1167
--ADE (20 time steps): 0.1146	--FDE (20 time steps): 0.1446
[INFO] Checkpoint saved to ./results/5_13_Spires_9D_Baseline/5_13_Spires_9D_Baseline/models/checkpoint_epoch_67.pth
[2025-03-24 18:43:52] Epoch: 67		Loss: 39.797106	Loss Translation.: 0.018484	Loss Rotation.: 0.735343	Combined Loss Dist.: 37.807356	Loss Uncertainty: 1.989750
--ADE (5 time steps): 0.0668	--FDE (5 time steps): 0.0584
--ADE (10 time steps): 0.0821	--FDE (10 time steps): 0.0872
--ADE (15 time steps): 0.0985	--FDE (15 time steps): 0.1166
--ADE (20 time steps): 0.1146	--FDE (20 time steps): 0.1446
[INFO] Checkpoint saved to ./results/5_13_Spires_9D_Baseline/5_13_Spires_9D_Baseline/models/checkpoint_epoch_68.pth
[2025-03-24 18:43:57] Epoch: 68		Loss: 39.781627	Loss Translation.: 0.018474	Loss Rotation.: 0.735047	Combined Loss Dist.: 37.792282	Loss Uncertainty: 1.989344
--ADE (5 time steps): 0.0668	--FDE (5 time steps): 0.0583
--ADE (10 time steps): 0.0822	--FDE (10 time steps): 0.0873
--ADE (15 time steps): 0.0985	--FDE (15 time steps): 0.1167
--ADE (20 time steps): 0.1147	--FDE (20 time steps): 0.1446
[INFO] Checkpoint saved to ./results/5_13_Spires_9D_Baseline/5_13_Spires_9D_Baseline/models/checkpoint_epoch_69.pth
[2025-03-24 18:44:02] Epoch: 69		Loss: 39.766729	Loss Translation.: 0.018473	Loss Rotation.: 0.734762	Combined Loss Dist.: 37.777709	Loss Uncertainty: 1.989020
--ADE (5 time steps): 0.0668	--FDE (5 time steps): 0.0584
--ADE (10 time steps): 0.0821	--FDE (10 time steps): 0.0872
--ADE (15 time steps): 0.0985	--FDE (15 time steps): 0.1166
--ADE (20 time steps): 0.1147	--FDE (20 time steps): 0.1447
[INFO] Checkpoint saved to ./results/5_13_Spires_9D_Baseline/5_13_Spires_9D_Baseline/models/checkpoint_epoch_70.pth
[2025-03-24 18:44:08] Epoch: 70		Loss: 39.749210	Loss Translation.: 0.018466	Loss Rotation.: 0.734418	Combined Loss Dist.: 37.760592	Loss Uncertainty: 1.988619
--ADE (5 time steps): 0.0668	--FDE (5 time steps): 0.0583
--ADE (10 time steps): 0.0822	--FDE (10 time steps): 0.0873
--ADE (15 time steps): 0.0986	--FDE (15 time steps): 0.1166
--ADE (20 time steps): 0.1147	--FDE (20 time steps): 0.1446
[INFO] Checkpoint saved to ./results/5_13_Spires_9D_Baseline/5_13_Spires_9D_Baseline/models/checkpoint_epoch_71.pth
[2025-03-24 18:44:13] Epoch: 71		Loss: 39.736830	Loss Translation.: 0.018463	Loss Rotation.: 0.734189	Combined Loss Dist.: 37.748514	Loss Uncertainty: 1.988316
--ADE (5 time steps): 0.0668	--FDE (5 time steps): 0.0584
--ADE (10 time steps): 0.0822	--FDE (10 time steps): 0.0872
--ADE (15 time steps): 0.0986	--FDE (15 time steps): 0.1166
--ADE (20 time steps): 0.1147	--FDE (20 time steps): 0.1448
[INFO] Checkpoint saved to ./results/5_13_Spires_9D_Baseline/5_13_Spires_9D_Baseline/models/checkpoint_epoch_72.pth
[2025-03-24 18:44:18] Epoch: 72		Loss: 39.717467	Loss Translation.: 0.018452	Loss Rotation.: 0.733818	Combined Loss Dist.: 37.729501	Loss Uncertainty: 1.987966
--ADE (5 time steps): 0.0668	--FDE (5 time steps): 0.0584
--ADE (10 time steps): 0.0822	--FDE (10 time steps): 0.0873
--ADE (15 time steps): 0.0986	--FDE (15 time steps): 0.1166
--ADE (20 time steps): 0.1147	--FDE (20 time steps): 0.1447
[INFO] Checkpoint saved to ./results/5_13_Spires_9D_Baseline/5_13_Spires_9D_Baseline/models/checkpoint_epoch_73.pth
[2025-03-24 18:44:24] Epoch: 73		Loss: 39.706932	Loss Translation.: 0.018447	Loss Rotation.: 0.733618	Combined Loss Dist.: 37.719098	Loss Uncertainty: 1.987834
--ADE (5 time steps): 0.0668	--FDE (5 time steps): 0.0584
--ADE (10 time steps): 0.0822	--FDE (10 time steps): 0.0873
--ADE (15 time steps): 0.0986	--FDE (15 time steps): 0.1166
--ADE (20 time steps): 0.1147	--FDE (20 time steps): 0.1447
[INFO] Checkpoint saved to ./results/5_13_Spires_9D_Baseline/5_13_Spires_9D_Baseline/models/checkpoint_epoch_74.pth
[2025-03-24 18:44:29] Epoch: 74		Loss: 39.700436	Loss Translation.: 0.018443	Loss Rotation.: 0.733493	Combined Loss Dist.: 37.712795	Loss Uncertainty: 1.987641
--ADE (5 time steps): 0.0668	--FDE (5 time steps): 0.0584
--ADE (10 time steps): 0.0822	--FDE (10 time steps): 0.0873
--ADE (15 time steps): 0.0986	--FDE (15 time steps): 0.1166
--ADE (20 time steps): 0.1147	--FDE (20 time steps): 0.1447
[INFO] Checkpoint saved to ./results/5_13_Spires_9D_Baseline/5_13_Spires_9D_Baseline/models/checkpoint_epoch_75.pth
[2025-03-24 18:44:34] Epoch: 75		Loss: 39.690869	Loss Translation.: 0.018442	Loss Rotation.: 0.733309	Combined Loss Dist.: 37.703406	Loss Uncertainty: 1.987462
--ADE (5 time steps): 0.0668	--FDE (5 time steps): 0.0584
--ADE (10 time steps): 0.0822	--FDE (10 time steps): 0.0872
--ADE (15 time steps): 0.0986	--FDE (15 time steps): 0.1166
--ADE (20 time steps): 0.1147	--FDE (20 time steps): 0.1448
[INFO] Checkpoint saved to ./results/5_13_Spires_9D_Baseline/5_13_Spires_9D_Baseline/models/checkpoint_epoch_76.pth
[2025-03-24 18:44:39] Epoch: 76		Loss: 39.683621	Loss Translation.: 0.018437	Loss Rotation.: 0.733169	Combined Loss Dist.: 37.696364	Loss Uncertainty: 1.987257
--ADE (5 time steps): 0.0668	--FDE (5 time steps): 0.0584
--ADE (10 time steps): 0.0822	--FDE (10 time steps): 0.0873
--ADE (15 time steps): 0.0986	--FDE (15 time steps): 0.1167
--ADE (20 time steps): 0.1147	--FDE (20 time steps): 0.1448
[INFO] Checkpoint saved to ./results/5_13_Spires_9D_Baseline/5_13_Spires_9D_Baseline/models/checkpoint_epoch_77.pth
[2025-03-24 18:44:45] Epoch: 77		Loss: 39.676117	Loss Translation.: 0.018437	Loss Rotation.: 0.733026	Combined Loss Dist.: 37.689010	Loss Uncertainty: 1.987108
--ADE (5 time steps): 0.0668	--FDE (5 time steps): 0.0584
--ADE (10 time steps): 0.0822	--FDE (10 time steps): 0.0872
--ADE (15 time steps): 0.0986	--FDE (15 time steps): 0.1166
--ADE (20 time steps): 0.1147	--FDE (20 time steps): 0.1448
[INFO] Checkpoint saved to ./results/5_13_Spires_9D_Baseline/5_13_Spires_9D_Baseline/models/checkpoint_epoch_78.pth
[2025-03-24 18:44:50] Epoch: 78		Loss: 39.668513	Loss Translation.: 0.018432	Loss Rotation.: 0.732880	Combined Loss Dist.: 37.681644	Loss Uncertainty: 1.986869
--ADE (5 time steps): 0.0668	--FDE (5 time steps): 0.0584
--ADE (10 time steps): 0.0822	--FDE (10 time steps): 0.0873
--ADE (15 time steps): 0.0986	--FDE (15 time steps): 0.1167
--ADE (20 time steps): 0.1148	--FDE (20 time steps): 0.1448
[INFO] Checkpoint saved to ./results/5_13_Spires_9D_Baseline/5_13_Spires_9D_Baseline/models/checkpoint_epoch_79.pth
[2025-03-24 18:44:55] Epoch: 79		Loss: 39.662568	Loss Translation.: 0.018432	Loss Rotation.: 0.732767	Combined Loss Dist.: 37.675860	Loss Uncertainty: 1.986707
--ADE (5 time steps): 0.0668	--FDE (5 time steps): 0.0583
--ADE (10 time steps): 0.0822	--FDE (10 time steps): 0.0872
--ADE (15 time steps): 0.0986	--FDE (15 time steps): 0.1166
--ADE (20 time steps): 0.1148	--FDE (20 time steps): 0.1448
[INFO] Checkpoint saved to ./results/5_13_Spires_9D_Baseline/5_13_Spires_9D_Baseline/models/checkpoint_epoch_80.pth
[2025-03-24 18:45:01] Epoch: 80		Loss: 39.652290	Loss Translation.: 0.018423	Loss Rotation.: 0.732572	Combined Loss Dist.: 37.665727	Loss Uncertainty: 1.986563
--ADE (5 time steps): 0.0668	--FDE (5 time steps): 0.0584
--ADE (10 time steps): 0.0822	--FDE (10 time steps): 0.0872
--ADE (15 time steps): 0.0986	--FDE (15 time steps): 0.1166
--ADE (20 time steps): 0.1148	--FDE (20 time steps): 0.1448
[INFO] Checkpoint saved to ./results/5_13_Spires_9D_Baseline/5_13_Spires_9D_Baseline/models/checkpoint_epoch_81.pth
[2025-03-24 18:45:06] Epoch: 81		Loss: 39.646392	Loss Translation.: 0.018422	Loss Rotation.: 0.732457	Combined Loss Dist.: 37.659947	Loss Uncertainty: 1.986445
--ADE (5 time steps): 0.0668	--FDE (5 time steps): 0.0584
--ADE (10 time steps): 0.0822	--FDE (10 time steps): 0.0872
--ADE (15 time steps): 0.0986	--FDE (15 time steps): 0.1166
--ADE (20 time steps): 0.1148	--FDE (20 time steps): 0.1448
[INFO] Checkpoint saved to ./results/5_13_Spires_9D_Baseline/5_13_Spires_9D_Baseline/models/checkpoint_epoch_82.pth
[2025-03-24 18:45:11] Epoch: 82		Loss: 39.642020	Loss Translation.: 0.018420	Loss Rotation.: 0.732374	Combined Loss Dist.: 37.655668	Loss Uncertainty: 1.986351
--ADE (5 time steps): 0.0668	--FDE (5 time steps): 0.0584
--ADE (10 time steps): 0.0822	--FDE (10 time steps): 0.0872
--ADE (15 time steps): 0.0986	--FDE (15 time steps): 0.1166
--ADE (20 time steps): 0.1148	--FDE (20 time steps): 0.1448
[INFO] Checkpoint saved to ./results/5_13_Spires_9D_Baseline/5_13_Spires_9D_Baseline/models/checkpoint_epoch_83.pth
[2025-03-24 18:45:17] Epoch: 83		Loss: 39.638145	Loss Translation.: 0.018418	Loss Rotation.: 0.732300	Combined Loss Dist.: 37.651891	Loss Uncertainty: 1.986254
--ADE (5 time steps): 0.0668	--FDE (5 time steps): 0.0584
--ADE (10 time steps): 0.0822	--FDE (10 time steps): 0.0872
--ADE (15 time steps): 0.0986	--FDE (15 time steps): 0.1166
--ADE (20 time steps): 0.1148	--FDE (20 time steps): 0.1449
[INFO] Checkpoint saved to ./results/5_13_Spires_9D_Baseline/5_13_Spires_9D_Baseline/models/checkpoint_epoch_84.pth
[2025-03-24 18:45:22] Epoch: 84		Loss: 39.634736	Loss Translation.: 0.018417	Loss Rotation.: 0.732234	Combined Loss Dist.: 37.648589	Loss Uncertainty: 1.986147
--ADE (5 time steps): 0.0668	--FDE (5 time steps): 0.0584
--ADE (10 time steps): 0.0822	--FDE (10 time steps): 0.0873
--ADE (15 time steps): 0.0986	--FDE (15 time steps): 0.1166
--ADE (20 time steps): 0.1148	--FDE (20 time steps): 0.1449
[INFO] Checkpoint saved to ./results/5_13_Spires_9D_Baseline/5_13_Spires_9D_Baseline/models/checkpoint_epoch_85.pth
[2025-03-24 18:45:27] Epoch: 85		Loss: 39.630835	Loss Translation.: 0.018416	Loss Rotation.: 0.732160	Combined Loss Dist.: 37.644769	Loss Uncertainty: 1.986066
--ADE (5 time steps): 0.0668	--FDE (5 time steps): 0.0584
--ADE (10 time steps): 0.0822	--FDE (10 time steps): 0.0872
--ADE (15 time steps): 0.0986	--FDE (15 time steps): 0.1166
--ADE (20 time steps): 0.1148	--FDE (20 time steps): 0.1448
[INFO] Checkpoint saved to ./results/5_13_Spires_9D_Baseline/5_13_Spires_9D_Baseline/models/checkpoint_epoch_86.pth
[2025-03-24 18:45:32] Epoch: 86		Loss: 39.627284	Loss Translation.: 0.018414	Loss Rotation.: 0.732091	Combined Loss Dist.: 37.641328	Loss Uncertainty: 1.985957
--ADE (5 time steps): 0.0668	--FDE (5 time steps): 0.0583
--ADE (10 time steps): 0.0822	--FDE (10 time steps): 0.0873
--ADE (15 time steps): 0.0986	--FDE (15 time steps): 0.1166
--ADE (20 time steps): 0.1148	--FDE (20 time steps): 0.1449
[INFO] Checkpoint saved to ./results/5_13_Spires_9D_Baseline/5_13_Spires_9D_Baseline/models/checkpoint_epoch_87.pth
[2025-03-24 18:45:38] Epoch: 87		Loss: 39.623056	Loss Translation.: 0.018413	Loss Rotation.: 0.732011	Combined Loss Dist.: 37.637188	Loss Uncertainty: 1.985868
--ADE (5 time steps): 0.0668	--FDE (5 time steps): 0.0583
--ADE (10 time steps): 0.0822	--FDE (10 time steps): 0.0872
--ADE (15 time steps): 0.0986	--FDE (15 time steps): 0.1166
--ADE (20 time steps): 0.1148	--FDE (20 time steps): 0.1449
[INFO] Checkpoint saved to ./results/5_13_Spires_9D_Baseline/5_13_Spires_9D_Baseline/models/checkpoint_epoch_88.pth
[2025-03-24 18:45:43] Epoch: 88		Loss: 39.618252	Loss Translation.: 0.018409	Loss Rotation.: 0.731920	Combined Loss Dist.: 37.632453	Loss Uncertainty: 1.985800
--ADE (5 time steps): 0.0668	--FDE (5 time steps): 0.0583
--ADE (10 time steps): 0.0822	--FDE (10 time steps): 0.0872
--ADE (15 time steps): 0.0986	--FDE (15 time steps): 0.1166
--ADE (20 time steps): 0.1148	--FDE (20 time steps): 0.1449
[INFO] Checkpoint saved to ./results/5_13_Spires_9D_Baseline/5_13_Spires_9D_Baseline/models/checkpoint_epoch_89.pth
[2025-03-24 18:45:48] Epoch: 89		Loss: 39.615509	Loss Translation.: 0.018408	Loss Rotation.: 0.731867	Combined Loss Dist.: 37.629773	Loss Uncertainty: 1.985736
--ADE (5 time steps): 0.0668	--FDE (5 time steps): 0.0583
--ADE (10 time steps): 0.0822	--FDE (10 time steps): 0.0872
--ADE (15 time steps): 0.0986	--FDE (15 time steps): 0.1166
--ADE (20 time steps): 0.1148	--FDE (20 time steps): 0.1449
[INFO] Checkpoint saved to ./results/5_13_Spires_9D_Baseline/5_13_Spires_9D_Baseline/models/checkpoint_epoch_90.pth
[2025-03-24 18:45:54] Epoch: 90		Loss: 39.613232	Loss Translation.: 0.018407	Loss Rotation.: 0.731824	Combined Loss Dist.: 37.627545	Loss Uncertainty: 1.985687
--ADE (5 time steps): 0.0668	--FDE (5 time steps): 0.0583
--ADE (10 time steps): 0.0822	--FDE (10 time steps): 0.0872
--ADE (15 time steps): 0.0986	--FDE (15 time steps): 0.1166
--ADE (20 time steps): 0.1148	--FDE (20 time steps): 0.1449
[INFO] Checkpoint saved to ./results/5_13_Spires_9D_Baseline/5_13_Spires_9D_Baseline/models/checkpoint_epoch_91.pth
[2025-03-24 18:45:59] Epoch: 91		Loss: 39.611314	Loss Translation.: 0.018407	Loss Rotation.: 0.731787	Combined Loss Dist.: 37.625688	Loss Uncertainty: 1.985625
--ADE (5 time steps): 0.0668	--FDE (5 time steps): 0.0583
--ADE (10 time steps): 0.0822	--FDE (10 time steps): 0.0872
--ADE (15 time steps): 0.0987	--FDE (15 time steps): 0.1166
--ADE (20 time steps): 0.1148	--FDE (20 time steps): 0.1449
[INFO] Checkpoint saved to ./results/5_13_Spires_9D_Baseline/5_13_Spires_9D_Baseline/models/checkpoint_epoch_92.pth
[2025-03-24 18:46:04] Epoch: 92		Loss: 39.609751	Loss Translation.: 0.018406	Loss Rotation.: 0.731757	Combined Loss Dist.: 37.624163	Loss Uncertainty: 1.985587
--ADE (5 time steps): 0.0668	--FDE (5 time steps): 0.0583
--ADE (10 time steps): 0.0822	--FDE (10 time steps): 0.0872
--ADE (15 time steps): 0.0987	--FDE (15 time steps): 0.1166
--ADE (20 time steps): 0.1148	--FDE (20 time steps): 0.1449
[INFO] Checkpoint saved to ./results/5_13_Spires_9D_Baseline/5_13_Spires_9D_Baseline/models/checkpoint_epoch_93.pth
[2025-03-24 18:46:09] Epoch: 93		Loss: 39.607472	Loss Translation.: 0.018405	Loss Rotation.: 0.731714	Combined Loss Dist.: 37.621951	Loss Uncertainty: 1.985521
--ADE (5 time steps): 0.0668	--FDE (5 time steps): 0.0583
--ADE (10 time steps): 0.0822	--FDE (10 time steps): 0.0872
--ADE (15 time steps): 0.0987	--FDE (15 time steps): 0.1166
--ADE (20 time steps): 0.1148	--FDE (20 time steps): 0.1449
[INFO] Checkpoint saved to ./results/5_13_Spires_9D_Baseline/5_13_Spires_9D_Baseline/models/checkpoint_epoch_94.pth
[2025-03-24 18:46:15] Epoch: 94		Loss: 39.606053	Loss Translation.: 0.018404	Loss Rotation.: 0.731686	Combined Loss Dist.: 37.620568	Loss Uncertainty: 1.985484
--ADE (5 time steps): 0.0668	--FDE (5 time steps): 0.0583
--ADE (10 time steps): 0.0822	--FDE (10 time steps): 0.0872
--ADE (15 time steps): 0.0987	--FDE (15 time steps): 0.1166
--ADE (20 time steps): 0.1148	--FDE (20 time steps): 0.1449
[INFO] Checkpoint saved to ./results/5_13_Spires_9D_Baseline/5_13_Spires_9D_Baseline/models/checkpoint_epoch_95.pth
[2025-03-24 18:46:20] Epoch: 95		Loss: 39.603624	Loss Translation.: 0.018404	Loss Rotation.: 0.731640	Combined Loss Dist.: 37.618202	Loss Uncertainty: 1.985423
--ADE (5 time steps): 0.0668	--FDE (5 time steps): 0.0583
--ADE (10 time steps): 0.0822	--FDE (10 time steps): 0.0872
--ADE (15 time steps): 0.0987	--FDE (15 time steps): 0.1166
--ADE (20 time steps): 0.1148	--FDE (20 time steps): 0.1449
[INFO] Checkpoint saved to ./results/5_13_Spires_9D_Baseline/5_13_Spires_9D_Baseline/models/checkpoint_epoch_96.pth
[2025-03-24 18:46:25] Epoch: 96		Loss: 39.601302	Loss Translation.: 0.018402	Loss Rotation.: 0.731596	Combined Loss Dist.: 37.615909	Loss Uncertainty: 1.985393
--ADE (5 time steps): 0.0668	--FDE (5 time steps): 0.0583
--ADE (10 time steps): 0.0822	--FDE (10 time steps): 0.0872
--ADE (15 time steps): 0.0987	--FDE (15 time steps): 0.1166
--ADE (20 time steps): 0.1148	--FDE (20 time steps): 0.1449
[INFO] Checkpoint saved to ./results/5_13_Spires_9D_Baseline/5_13_Spires_9D_Baseline/models/checkpoint_epoch_97.pth
[2025-03-24 18:46:31] Epoch: 97		Loss: 39.600020	Loss Translation.: 0.018402	Loss Rotation.: 0.731571	Combined Loss Dist.: 37.614660	Loss Uncertainty: 1.985360
--ADE (5 time steps): 0.0668	--FDE (5 time steps): 0.0583
--ADE (10 time steps): 0.0822	--FDE (10 time steps): 0.0872
--ADE (15 time steps): 0.0987	--FDE (15 time steps): 0.1166
--ADE (20 time steps): 0.1148	--FDE (20 time steps): 0.1449
[INFO] Checkpoint saved to ./results/5_13_Spires_9D_Baseline/5_13_Spires_9D_Baseline/models/checkpoint_epoch_98.pth
[2025-03-24 18:46:36] Epoch: 98		Loss: 39.598806	Loss Translation.: 0.018401	Loss Rotation.: 0.731548	Combined Loss Dist.: 37.613470	Loss Uncertainty: 1.985336
--ADE (5 time steps): 0.0668	--FDE (5 time steps): 0.0583
--ADE (10 time steps): 0.0822	--FDE (10 time steps): 0.0872
--ADE (15 time steps): 0.0987	--FDE (15 time steps): 0.1166
--ADE (20 time steps): 0.1148	--FDE (20 time steps): 0.1449
[INFO] Checkpoint saved to ./results/5_13_Spires_9D_Baseline/5_13_Spires_9D_Baseline/models/checkpoint_epoch_99.pth
[2025-03-24 18:46:41] Epoch: 99		Loss: 39.597744	Loss Translation.: 0.018401	Loss Rotation.: 0.731528	Combined Loss Dist.: 37.612436	Loss Uncertainty: 1.985309
--ADE (5 time steps): 0.0668	--FDE (5 time steps): 0.0583
--ADE (10 time steps): 0.0822	--FDE (10 time steps): 0.0872
--ADE (15 time steps): 0.0987	--FDE (15 time steps): 0.1166
--ADE (20 time steps): 0.1148	--FDE (20 time steps): 0.1449
[INFO] Checkpoint saved to ./results/5_13_Spires_9D_Baseline/5_13_Spires_9D_Baseline/models/checkpoint_epoch_100.pth

JOB STATISTICS
==============
Job ID: 10746153
Cluster: snellius
User/Group: scur2440/scur2440
State: RUNNING
Nodes: 1
Cores per node: 18
CPU Utilized: 00:00:00
CPU Efficiency: 0.00% of 02:45:36 core-walltime
Job Wall-clock time: 00:09:12
Memory Utilized: 0.00 MB (estimated maximum)
Memory Efficiency: 0.00% of 120.00 GB (120.00 GB/node)
WARNING: Efficiency statistics may be misleading for RUNNING jobs.
