***************************************************************************************************** 
* WARNING: The 2022 software stack is deprecated. Please consider switching to
the latest 2024 * 
* software stack, or the older 2023 software stack. * 
* * 
* If you have any question, please contact us via
http://servicedesk.surfsara.nl. * 
***************************************************************************************************** 

Configuration:
description: LED
results_root_dir: results
dataset: kitti
dimensions: 9
past_frames: 10
future_frames: 24
min_past_frames: 10
min_future_frames: 24
k_preds: 24
traj_mean: [14, 7.5]
traj_scale: 5
relative: True
normalised: False
overfitting: False
selected_trajectories: False
pretrained_core_denoising_model: ./results/checkpoints/base_diffusion_model.p
debug: False
diffusion: {'steps': 150, 'beta_start': 0.0001, 'beta_end': 0.05, 'beta_schedule': 'linear'}
lr: 0.001
train_batch_size: 32
test_batch_size: 32
num_epochs: 100
test_interval: 1
lr_scheduler: step
decay_step: 8
decay_gamma: 0.5

[INFO] KITTI dataset (1 agent).
Overfitting: False
file name & length 00 133
file name & length 01 32
file name & length 02 137
file name & length 03 23
file name & length 04 7
file name & length 05 81
file name & length 06 32
file name & length 07 32
file name & length 08 119
file name & length 09 46
file name & length 10 35
Time diff avg (fut): 2.38758
Len dataset: 541
Overfitting: False
file name & length 00 133
file name & length 01 32
file name & length 02 137
file name & length 03 23
file name & length 04 7
file name & length 05 81
file name & length 06 32
file name & length 07 32
file name & length 08 119
file name & length 09 46
file name & length 10 35
Time diff avg (fut): 2.38758
Len dataset: 677
[INFO] Now using random trajectory shuffling.

Train dataset:
Length: 541
Total x, y and z distances travelled: 12.66642, 0.78881, 13.58829
Euclidean dist diff avg: 22.01495
Still need to implement rotation statistics

Validation dataset:
Length: 677
Total x, y and z distances travelled: 12.70852, 0.80649, 13.59639
Euclidean dist diff avg: 22.01541
Still need to implement rotation statistics

[INFO] KITTI dataset - skip subtracting mean from absolute positions.
[INFO] Training from scratch - without pretrained models (Not NBA with frame standard configs)

[Core Denoising Model] Trainable/Total: 6630600/6630600
[Initialization Model] Trainable/Total: 9210833/9210833
[2025-03-24 18:37:52] Epoch: 0		Loss: 130.917820	Loss Translation.: 0.921615	Loss Rotation.: 1.372288	Combined Loss Dist.: 126.524251	Loss Uncertainty: 4.393568
--ADE (5 time steps): 0.9336	--FDE (5 time steps): 0.9885
--ADE (10 time steps): 1.4340	--FDE (10 time steps): 2.1071
--ADE (15 time steps): 2.0003	--FDE (15 time steps): 3.3851
--ADE (20 time steps): 2.7251	--FDE (20 time steps): 5.0038
[INFO] Checkpoint saved to ./results/5_14_Kitti_9D_Baseline_SelectedTrajs/5_14_Kitti_9D_Baseline_SelectedTrajs/models/checkpoint_epoch_1.pth
[2025-03-24 18:37:57] Epoch: 1		Loss: 91.273301	Loss Translation.: 0.448639	Loss Rotation.: 1.157347	Combined Loss Dist.: 88.020806	Loss Uncertainty: 3.252494
--ADE (5 time steps): 0.8146	--FDE (5 time steps): 1.0118
--ADE (10 time steps): 1.1937	--FDE (10 time steps): 1.6734
--ADE (15 time steps): 1.6610	--FDE (15 time steps): 2.6057
--ADE (20 time steps): 2.1924	--FDE (20 time steps): 4.0241
[INFO] Checkpoint saved to ./results/5_14_Kitti_9D_Baseline_SelectedTrajs/5_14_Kitti_9D_Baseline_SelectedTrajs/models/checkpoint_epoch_2.pth
[2025-03-24 18:38:02] Epoch: 2		Loss: 80.909755	Loss Translation.: 0.325889	Loss Rotation.: 1.114000	Combined Loss Dist.: 77.816298	Loss Uncertainty: 3.093456
--ADE (5 time steps): 0.5780	--FDE (5 time steps): 0.5820
--ADE (10 time steps): 0.7812	--FDE (10 time steps): 0.9956
--ADE (15 time steps): 1.0137	--FDE (15 time steps): 1.5505
--ADE (20 time steps): 1.3017	--FDE (20 time steps): 2.3621
[INFO] Checkpoint saved to ./results/5_14_Kitti_9D_Baseline_SelectedTrajs/5_14_Kitti_9D_Baseline_SelectedTrajs/models/checkpoint_epoch_3.pth
[2025-03-24 18:38:08] Epoch: 3		Loss: 74.473089	Loss Translation.: 0.249077	Loss Rotation.: 1.078759	Combined Loss Dist.: 71.545166	Loss Uncertainty: 2.927922
--ADE (5 time steps): 0.4303	--FDE (5 time steps): 0.4156
--ADE (10 time steps): 0.6261	--FDE (10 time steps): 0.9282
--ADE (15 time steps): 0.8595	--FDE (15 time steps): 1.3893
--ADE (20 time steps): 1.1442	--FDE (20 time steps): 2.1022
[INFO] Checkpoint saved to ./results/5_14_Kitti_9D_Baseline_SelectedTrajs/5_14_Kitti_9D_Baseline_SelectedTrajs/models/checkpoint_epoch_4.pth
[2025-03-24 18:38:13] Epoch: 4		Loss: 70.269888	Loss Translation.: 0.223697	Loss Rotation.: 1.039479	Combined Loss Dist.: 67.378699	Loss Uncertainty: 2.891188
--ADE (5 time steps): 0.4124	--FDE (5 time steps): 0.4090
--ADE (10 time steps): 0.5856	--FDE (10 time steps): 0.8727
--ADE (15 time steps): 0.8055	--FDE (15 time steps): 1.3648
--ADE (20 time steps): 1.0846	--FDE (20 time steps): 2.0468
[INFO] Checkpoint saved to ./results/5_14_Kitti_9D_Baseline_SelectedTrajs/5_14_Kitti_9D_Baseline_SelectedTrajs/models/checkpoint_epoch_5.pth
[2025-03-24 18:38:18] Epoch: 5		Loss: 68.259774	Loss Translation.: 0.212792	Loss Rotation.: 1.008241	Combined Loss Dist.: 65.412690	Loss Uncertainty: 2.847084
--ADE (5 time steps): 0.3981	--FDE (5 time steps): 0.4308
--ADE (10 time steps): 0.5768	--FDE (10 time steps): 0.8222
--ADE (15 time steps): 0.8066	--FDE (15 time steps): 1.3698
--ADE (20 time steps): 1.0951	--FDE (20 time steps): 2.0539
[INFO] Checkpoint saved to ./results/5_14_Kitti_9D_Baseline_SelectedTrajs/5_14_Kitti_9D_Baseline_SelectedTrajs/models/checkpoint_epoch_6.pth
[2025-03-24 18:38:24] Epoch: 6		Loss: 64.191955	Loss Translation.: 0.189163	Loss Rotation.: 0.975958	Combined Loss Dist.: 61.407473	Loss Uncertainty: 2.784482
--ADE (5 time steps): 0.3393	--FDE (5 time steps): 0.3333
--ADE (10 time steps): 0.5108	--FDE (10 time steps): 0.7111
--ADE (15 time steps): 0.7222	--FDE (15 time steps): 1.2209
--ADE (20 time steps): 0.9984	--FDE (20 time steps): 1.9778
[INFO] Checkpoint saved to ./results/5_14_Kitti_9D_Baseline_SelectedTrajs/5_14_Kitti_9D_Baseline_SelectedTrajs/models/checkpoint_epoch_7.pth
[2025-03-24 18:38:29] Epoch: 7		Loss: 61.725236	Loss Translation.: 0.179532	Loss Rotation.: 0.940847	Combined Loss Dist.: 58.985272	Loss Uncertainty: 2.739964
--ADE (5 time steps): 0.3232	--FDE (5 time steps): 0.3597
--ADE (10 time steps): 0.5086	--FDE (10 time steps): 0.7236
--ADE (15 time steps): 0.7239	--FDE (15 time steps): 1.1700
--ADE (20 time steps): 0.9861	--FDE (20 time steps): 1.8959
[INFO] Checkpoint saved to ./results/5_14_Kitti_9D_Baseline_SelectedTrajs/5_14_Kitti_9D_Baseline_SelectedTrajs/models/checkpoint_epoch_8.pth
[2025-03-24 18:38:34] Epoch: 8		Loss: 58.539744	Loss Translation.: 0.161491	Loss Rotation.: 0.908077	Combined Loss Dist.: 55.839737	Loss Uncertainty: 2.700007
--ADE (5 time steps): 0.2880	--FDE (5 time steps): 0.3152
--ADE (10 time steps): 0.4642	--FDE (10 time steps): 0.6644
--ADE (15 time steps): 0.6833	--FDE (15 time steps): 1.2016
--ADE (20 time steps): 0.9461	--FDE (20 time steps): 1.8784
[INFO] Checkpoint saved to ./results/5_14_Kitti_9D_Baseline_SelectedTrajs/5_14_Kitti_9D_Baseline_SelectedTrajs/models/checkpoint_epoch_9.pth
[2025-03-24 18:38:40] Epoch: 9		Loss: 56.396413	Loss Translation.: 0.145658	Loss Rotation.: 0.886542	Combined Loss Dist.: 53.727217	Loss Uncertainty: 2.669196
--ADE (5 time steps): 0.2687	--FDE (5 time steps): 0.3211
--ADE (10 time steps): 0.4583	--FDE (10 time steps): 0.6974
--ADE (15 time steps): 0.6690	--FDE (15 time steps): 1.2067
--ADE (20 time steps): 0.9327	--FDE (20 time steps): 1.8981
[INFO] Checkpoint saved to ./results/5_14_Kitti_9D_Baseline_SelectedTrajs/5_14_Kitti_9D_Baseline_SelectedTrajs/models/checkpoint_epoch_10.pth
[2025-03-24 18:38:45] Epoch: 10		Loss: 55.424185	Loss Translation.: 0.144879	Loss Rotation.: 0.871997	Combined Loss Dist.: 52.781085	Loss Uncertainty: 2.643100
--ADE (5 time steps): 0.2553	--FDE (5 time steps): 0.3124
--ADE (10 time steps): 0.4231	--FDE (10 time steps): 0.6639
--ADE (15 time steps): 0.6473	--FDE (15 time steps): 1.1616
--ADE (20 time steps): 0.9231	--FDE (20 time steps): 1.8900
[INFO] Checkpoint saved to ./results/5_14_Kitti_9D_Baseline_SelectedTrajs/5_14_Kitti_9D_Baseline_SelectedTrajs/models/checkpoint_epoch_11.pth
[2025-03-24 18:38:51] Epoch: 11		Loss: 54.453285	Loss Translation.: 0.142858	Loss Rotation.: 0.854052	Combined Loss Dist.: 51.837488	Loss Uncertainty: 2.615798
--ADE (5 time steps): 0.2893	--FDE (5 time steps): 0.3808
--ADE (10 time steps): 0.5100	--FDE (10 time steps): 0.8471
--ADE (15 time steps): 0.7622	--FDE (15 time steps): 1.3431
--ADE (20 time steps): 1.0547	--FDE (20 time steps): 2.0367
[INFO] Checkpoint saved to ./results/5_14_Kitti_9D_Baseline_SelectedTrajs/5_14_Kitti_9D_Baseline_SelectedTrajs/models/checkpoint_epoch_12.pth
[2025-03-24 18:38:56] Epoch: 12		Loss: 54.124539	Loss Translation.: 0.147395	Loss Rotation.: 0.846718	Combined Loss Dist.: 51.535583	Loss Uncertainty: 2.588955
--ADE (5 time steps): 0.3127	--FDE (5 time steps): 0.4521
--ADE (10 time steps): 0.5546	--FDE (10 time steps): 0.9046
--ADE (15 time steps): 0.8209	--FDE (15 time steps): 1.3539
--ADE (20 time steps): 1.1334	--FDE (20 time steps): 2.1726
[INFO] Checkpoint saved to ./results/5_14_Kitti_9D_Baseline_SelectedTrajs/5_14_Kitti_9D_Baseline_SelectedTrajs/models/checkpoint_epoch_13.pth
[2025-03-24 18:39:01] Epoch: 13		Loss: 53.957537	Loss Translation.: 0.149465	Loss Rotation.: 0.838207	Combined Loss Dist.: 51.393363	Loss Uncertainty: 2.564173
--ADE (5 time steps): 0.3241	--FDE (5 time steps): 0.4549
--ADE (10 time steps): 0.5566	--FDE (10 time steps): 0.8696
--ADE (15 time steps): 0.7929	--FDE (15 time steps): 1.3204
--ADE (20 time steps): 1.0765	--FDE (20 time steps): 2.0297
[INFO] Checkpoint saved to ./results/5_14_Kitti_9D_Baseline_SelectedTrajs/5_14_Kitti_9D_Baseline_SelectedTrajs/models/checkpoint_epoch_14.pth
[2025-03-24 18:39:07] Epoch: 14		Loss: 54.637631	Loss Translation.: 0.166482	Loss Rotation.: 0.826250	Combined Loss Dist.: 52.090819	Loss Uncertainty: 2.546811
--ADE (5 time steps): 0.2703	--FDE (5 time steps): 0.3636
--ADE (10 time steps): 0.4509	--FDE (10 time steps): 0.7254
--ADE (15 time steps): 0.6720	--FDE (15 time steps): 1.1890
--ADE (20 time steps): 0.9495	--FDE (20 time steps): 1.8538
[INFO] Checkpoint saved to ./results/5_14_Kitti_9D_Baseline_SelectedTrajs/5_14_Kitti_9D_Baseline_SelectedTrajs/models/checkpoint_epoch_15.pth
[2025-03-24 18:39:12] Epoch: 15		Loss: 53.520325	Loss Translation.: 0.155992	Loss Rotation.: 0.819208	Combined Loss Dist.: 50.991062	Loss Uncertainty: 2.529263
--ADE (5 time steps): 0.2770	--FDE (5 time steps): 0.3601
--ADE (10 time steps): 0.4774	--FDE (10 time steps): 0.8271
--ADE (15 time steps): 0.7144	--FDE (15 time steps): 1.3527
--ADE (20 time steps): 0.9981	--FDE (20 time steps): 1.8423
[INFO] Checkpoint saved to ./results/5_14_Kitti_9D_Baseline_SelectedTrajs/5_14_Kitti_9D_Baseline_SelectedTrajs/models/checkpoint_epoch_16.pth
[2025-03-24 18:39:17] Epoch: 16		Loss: 51.300152	Loss Translation.: 0.136028	Loss Rotation.: 0.803326	Combined Loss Dist.: 48.790752	Loss Uncertainty: 2.509399
--ADE (5 time steps): 0.2649	--FDE (5 time steps): 0.3499
--ADE (10 time steps): 0.4493	--FDE (10 time steps): 0.7704
--ADE (15 time steps): 0.6814	--FDE (15 time steps): 1.2067
--ADE (20 time steps): 0.9644	--FDE (20 time steps): 1.9232
[INFO] Checkpoint saved to ./results/5_14_Kitti_9D_Baseline_SelectedTrajs/5_14_Kitti_9D_Baseline_SelectedTrajs/models/checkpoint_epoch_17.pth
[2025-03-24 18:39:23] Epoch: 17		Loss: 49.957597	Loss Translation.: 0.122488	Loss Rotation.: 0.799022	Combined Loss Dist.: 47.463623	Loss Uncertainty: 2.493975
--ADE (5 time steps): 0.2373	--FDE (5 time steps): 0.3291
--ADE (10 time steps): 0.4136	--FDE (10 time steps): 0.7020
--ADE (15 time steps): 0.6299	--FDE (15 time steps): 1.1852
--ADE (20 time steps): 0.8976	--FDE (20 time steps): 1.7506
[INFO] Checkpoint saved to ./results/5_14_Kitti_9D_Baseline_SelectedTrajs/5_14_Kitti_9D_Baseline_SelectedTrajs/models/checkpoint_epoch_18.pth
[2025-03-24 18:39:28] Epoch: 18		Loss: 49.384153	Loss Translation.: 0.119516	Loss Rotation.: 0.792226	Combined Loss Dist.: 46.903963	Loss Uncertainty: 2.480190
--ADE (5 time steps): 0.2324	--FDE (5 time steps): 0.3240
--ADE (10 time steps): 0.4101	--FDE (10 time steps): 0.7006
--ADE (15 time steps): 0.6246	--FDE (15 time steps): 1.1527
--ADE (20 time steps): 0.8880	--FDE (20 time steps): 1.7775
[INFO] Checkpoint saved to ./results/5_14_Kitti_9D_Baseline_SelectedTrajs/5_14_Kitti_9D_Baseline_SelectedTrajs/models/checkpoint_epoch_19.pth
[2025-03-24 18:39:33] Epoch: 19		Loss: 48.426510	Loss Translation.: 0.108734	Loss Rotation.: 0.786886	Combined Loss Dist.: 45.960728	Loss Uncertainty: 2.465782
--ADE (5 time steps): 0.2228	--FDE (5 time steps): 0.3036
--ADE (10 time steps): 0.3949	--FDE (10 time steps): 0.6718
--ADE (15 time steps): 0.6025	--FDE (15 time steps): 1.1225
--ADE (20 time steps): 0.8534	--FDE (20 time steps): 1.7161
[INFO] Checkpoint saved to ./results/5_14_Kitti_9D_Baseline_SelectedTrajs/5_14_Kitti_9D_Baseline_SelectedTrajs/models/checkpoint_epoch_20.pth
[2025-03-24 18:39:39] Epoch: 20		Loss: 47.627721	Loss Translation.: 0.102802	Loss Rotation.: 0.781608	Combined Loss Dist.: 45.178449	Loss Uncertainty: 2.449272
--ADE (5 time steps): 0.2111	--FDE (5 time steps): 0.2953
--ADE (10 time steps): 0.3830	--FDE (10 time steps): 0.6455
--ADE (15 time steps): 0.5880	--FDE (15 time steps): 1.1167
--ADE (20 time steps): 0.8421	--FDE (20 time steps): 1.7082
[INFO] Checkpoint saved to ./results/5_14_Kitti_9D_Baseline_SelectedTrajs/5_14_Kitti_9D_Baseline_SelectedTrajs/models/checkpoint_epoch_21.pth
[2025-03-24 18:39:44] Epoch: 21		Loss: 47.185768	Loss Translation.: 0.100928	Loss Rotation.: 0.775685	Combined Loss Dist.: 44.751666	Loss Uncertainty: 2.434103
--ADE (5 time steps): 0.2135	--FDE (5 time steps): 0.2855
--ADE (10 time steps): 0.3883	--FDE (10 time steps): 0.6674
--ADE (15 time steps): 0.5987	--FDE (15 time steps): 1.1556
--ADE (20 time steps): 0.8561	--FDE (20 time steps): 1.7424
[INFO] Checkpoint saved to ./results/5_14_Kitti_9D_Baseline_SelectedTrajs/5_14_Kitti_9D_Baseline_SelectedTrajs/models/checkpoint_epoch_22.pth
[2025-03-24 18:39:50] Epoch: 22		Loss: 47.100589	Loss Translation.: 0.104088	Loss Rotation.: 0.769553	Combined Loss Dist.: 44.680020	Loss Uncertainty: 2.420570
--ADE (5 time steps): 0.2639	--FDE (5 time steps): 0.3455
--ADE (10 time steps): 0.4519	--FDE (10 time steps): 0.7419
--ADE (15 time steps): 0.6644	--FDE (15 time steps): 1.2250
--ADE (20 time steps): 0.9215	--FDE (20 time steps): 1.8217
[INFO] Checkpoint saved to ./results/5_14_Kitti_9D_Baseline_SelectedTrajs/5_14_Kitti_9D_Baseline_SelectedTrajs/models/checkpoint_epoch_23.pth
[2025-03-24 18:39:55] Epoch: 23		Loss: 48.612953	Loss Translation.: 0.124896	Loss Rotation.: 0.767393	Combined Loss Dist.: 46.199166	Loss Uncertainty: 2.413787
--ADE (5 time steps): 0.2646	--FDE (5 time steps): 0.3546
--ADE (10 time steps): 0.4653	--FDE (10 time steps): 0.7825
--ADE (15 time steps): 0.6942	--FDE (15 time steps): 1.2804
--ADE (20 time steps): 0.9649	--FDE (20 time steps): 1.9376
[INFO] Checkpoint saved to ./results/5_14_Kitti_9D_Baseline_SelectedTrajs/5_14_Kitti_9D_Baseline_SelectedTrajs/models/checkpoint_epoch_24.pth
[2025-03-24 18:40:00] Epoch: 24		Loss: 47.591443	Loss Translation.: 0.113083	Loss Rotation.: 0.763302	Combined Loss Dist.: 45.188335	Loss Uncertainty: 2.403107
--ADE (5 time steps): 0.2363	--FDE (5 time steps): 0.3231
--ADE (10 time steps): 0.4245	--FDE (10 time steps): 0.7382
--ADE (15 time steps): 0.6445	--FDE (15 time steps): 1.2133
--ADE (20 time steps): 0.9066	--FDE (20 time steps): 1.8331
[INFO] Checkpoint saved to ./results/5_14_Kitti_9D_Baseline_SelectedTrajs/5_14_Kitti_9D_Baseline_SelectedTrajs/models/checkpoint_epoch_25.pth
[2025-03-24 18:40:06] Epoch: 25		Loss: 47.365764	Loss Translation.: 0.115934	Loss Rotation.: 0.757372	Combined Loss Dist.: 44.968546	Loss Uncertainty: 2.397217
--ADE (5 time steps): 0.2090	--FDE (5 time steps): 0.2635
--ADE (10 time steps): 0.3729	--FDE (10 time steps): 0.6372
--ADE (15 time steps): 0.5758	--FDE (15 time steps): 1.1057
--ADE (20 time steps): 0.8267	--FDE (20 time steps): 1.7087
[INFO] Checkpoint saved to ./results/5_14_Kitti_9D_Baseline_SelectedTrajs/5_14_Kitti_9D_Baseline_SelectedTrajs/models/checkpoint_epoch_26.pth
[2025-03-24 18:40:11] Epoch: 26		Loss: 47.354894	Loss Translation.: 0.117532	Loss Rotation.: 0.754350	Combined Loss Dist.: 44.961697	Loss Uncertainty: 2.393198
--ADE (5 time steps): 0.2070	--FDE (5 time steps): 0.2691
--ADE (10 time steps): 0.3732	--FDE (10 time steps): 0.6381
--ADE (15 time steps): 0.5776	--FDE (15 time steps): 1.1051
--ADE (20 time steps): 0.8311	--FDE (20 time steps): 1.7064
[INFO] Checkpoint saved to ./results/5_14_Kitti_9D_Baseline_SelectedTrajs/5_14_Kitti_9D_Baseline_SelectedTrajs/models/checkpoint_epoch_27.pth
[2025-03-24 18:40:16] Epoch: 27		Loss: 47.236458	Loss Translation.: 0.116755	Loss Rotation.: 0.752446	Combined Loss Dist.: 44.848287	Loss Uncertainty: 2.388171
--ADE (5 time steps): 0.2028	--FDE (5 time steps): 0.2688
--ADE (10 time steps): 0.3673	--FDE (10 time steps): 0.6324
--ADE (15 time steps): 0.5714	--FDE (15 time steps): 1.1040
--ADE (20 time steps): 0.8270	--FDE (20 time steps): 1.7164
[INFO] Checkpoint saved to ./results/5_14_Kitti_9D_Baseline_SelectedTrajs/5_14_Kitti_9D_Baseline_SelectedTrajs/models/checkpoint_epoch_28.pth
[2025-03-24 18:40:22] Epoch: 28		Loss: 46.734256	Loss Translation.: 0.110253	Loss Rotation.: 0.750917	Combined Loss Dist.: 44.353661	Loss Uncertainty: 2.380594
--ADE (5 time steps): 0.2000	--FDE (5 time steps): 0.2603
--ADE (10 time steps): 0.3640	--FDE (10 time steps): 0.6215
--ADE (15 time steps): 0.5687	--FDE (15 time steps): 1.1022
--ADE (20 time steps): 0.8245	--FDE (20 time steps): 1.7310
[INFO] Checkpoint saved to ./results/5_14_Kitti_9D_Baseline_SelectedTrajs/5_14_Kitti_9D_Baseline_SelectedTrajs/models/checkpoint_epoch_29.pth
[2025-03-24 18:40:27] Epoch: 29		Loss: 46.149440	Loss Translation.: 0.105880	Loss Rotation.: 0.747467	Combined Loss Dist.: 43.775985	Loss Uncertainty: 2.373455
--ADE (5 time steps): 0.1978	--FDE (5 time steps): 0.2555
--ADE (10 time steps): 0.3620	--FDE (10 time steps): 0.6219
--ADE (15 time steps): 0.5665	--FDE (15 time steps): 1.0980
--ADE (20 time steps): 0.8228	--FDE (20 time steps): 1.7309
[INFO] Checkpoint saved to ./results/5_14_Kitti_9D_Baseline_SelectedTrajs/5_14_Kitti_9D_Baseline_SelectedTrajs/models/checkpoint_epoch_30.pth
[2025-03-24 18:40:32] Epoch: 30		Loss: 45.591606	Loss Translation.: 0.100409	Loss Rotation.: 0.744551	Combined Loss Dist.: 43.225410	Loss Uncertainty: 2.366196
--ADE (5 time steps): 0.1882	--FDE (5 time steps): 0.2450
--ADE (10 time steps): 0.3496	--FDE (10 time steps): 0.6055
--ADE (15 time steps): 0.5514	--FDE (15 time steps): 1.0722
--ADE (20 time steps): 0.8048	--FDE (20 time steps): 1.7014
[INFO] Checkpoint saved to ./results/5_14_Kitti_9D_Baseline_SelectedTrajs/5_14_Kitti_9D_Baseline_SelectedTrajs/models/checkpoint_epoch_31.pth
[2025-03-24 18:40:38] Epoch: 31		Loss: 44.988358	Loss Translation.: 0.093365	Loss Rotation.: 0.742550	Combined Loss Dist.: 42.630436	Loss Uncertainty: 2.357922
--ADE (5 time steps): 0.1803	--FDE (5 time steps): 0.2358
--ADE (10 time steps): 0.3398	--FDE (10 time steps): 0.5893
--ADE (15 time steps): 0.5403	--FDE (15 time steps): 1.0569
--ADE (20 time steps): 0.7910	--FDE (20 time steps): 1.6803
[INFO] Checkpoint saved to ./results/5_14_Kitti_9D_Baseline_SelectedTrajs/5_14_Kitti_9D_Baseline_SelectedTrajs/models/checkpoint_epoch_32.pth
[2025-03-24 18:40:43] Epoch: 32		Loss: 44.477485	Loss Translation.: 0.090071	Loss Rotation.: 0.737805	Combined Loss Dist.: 42.126528	Loss Uncertainty: 2.350957
--ADE (5 time steps): 0.1957	--FDE (5 time steps): 0.2644
--ADE (10 time steps): 0.3671	--FDE (10 time steps): 0.6360
--ADE (15 time steps): 0.5788	--FDE (15 time steps): 1.1158
--ADE (20 time steps): 0.8333	--FDE (20 time steps): 1.7393
[INFO] Checkpoint saved to ./results/5_14_Kitti_9D_Baseline_SelectedTrajs/5_14_Kitti_9D_Baseline_SelectedTrajs/models/checkpoint_epoch_33.pth
[2025-03-24 18:40:48] Epoch: 33		Loss: 44.827104	Loss Translation.: 0.094624	Loss Rotation.: 0.738454	Combined Loss Dist.: 42.479826	Loss Uncertainty: 2.347278
--ADE (5 time steps): 0.2028	--FDE (5 time steps): 0.2793
--ADE (10 time steps): 0.3859	--FDE (10 time steps): 0.6651
--ADE (15 time steps): 0.6053	--FDE (15 time steps): 1.1716
--ADE (20 time steps): 0.8622	--FDE (20 time steps): 1.7753
[INFO] Checkpoint saved to ./results/5_14_Kitti_9D_Baseline_SelectedTrajs/5_14_Kitti_9D_Baseline_SelectedTrajs/models/checkpoint_epoch_34.pth
[2025-03-24 18:40:54] Epoch: 34		Loss: 44.603464	Loss Translation.: 0.093561	Loss Rotation.: 0.735913	Combined Loss Dist.: 42.258738	Loss Uncertainty: 2.344726
--ADE (5 time steps): 0.2034	--FDE (5 time steps): 0.2861
--ADE (10 time steps): 0.3884	--FDE (10 time steps): 0.6744
--ADE (15 time steps): 0.6103	--FDE (15 time steps): 1.1831
--ADE (20 time steps): 0.8707	--FDE (20 time steps): 1.7840
[INFO] Checkpoint saved to ./results/5_14_Kitti_9D_Baseline_SelectedTrajs/5_14_Kitti_9D_Baseline_SelectedTrajs/models/checkpoint_epoch_35.pth
[2025-03-24 18:40:59] Epoch: 35		Loss: 44.608891	Loss Translation.: 0.096136	Loss Rotation.: 0.732492	Combined Loss Dist.: 42.266361	Loss Uncertainty: 2.342530
--ADE (5 time steps): 0.1948	--FDE (5 time steps): 0.2637
--ADE (10 time steps): 0.3662	--FDE (10 time steps): 0.6375
--ADE (15 time steps): 0.5819	--FDE (15 time steps): 1.1403
--ADE (20 time steps): 0.8402	--FDE (20 time steps): 1.7416
[INFO] Checkpoint saved to ./results/5_14_Kitti_9D_Baseline_SelectedTrajs/5_14_Kitti_9D_Baseline_SelectedTrajs/models/checkpoint_epoch_36.pth
[2025-03-24 18:41:04] Epoch: 36		Loss: 44.645954	Loss Translation.: 0.098351	Loss Rotation.: 0.730855	Combined Loss Dist.: 42.305862	Loss Uncertainty: 2.340092
--ADE (5 time steps): 0.1727	--FDE (5 time steps): 0.2293
--ADE (10 time steps): 0.3329	--FDE (10 time steps): 0.5888
--ADE (15 time steps): 0.5402	--FDE (15 time steps): 1.0765
--ADE (20 time steps): 0.7920	--FDE (20 time steps): 1.6866
[INFO] Checkpoint saved to ./results/5_14_Kitti_9D_Baseline_SelectedTrajs/5_14_Kitti_9D_Baseline_SelectedTrajs/models/checkpoint_epoch_37.pth
[2025-03-24 18:41:10] Epoch: 37		Loss: 44.067245	Loss Translation.: 0.091069	Loss Rotation.: 0.728949	Combined Loss Dist.: 41.731510	Loss Uncertainty: 2.335736
--ADE (5 time steps): 0.1747	--FDE (5 time steps): 0.2332
--ADE (10 time steps): 0.3359	--FDE (10 time steps): 0.5943
--ADE (15 time steps): 0.5421	--FDE (15 time steps): 1.0802
--ADE (20 time steps): 0.7944	--FDE (20 time steps): 1.6877
[INFO] Checkpoint saved to ./results/5_14_Kitti_9D_Baseline_SelectedTrajs/5_14_Kitti_9D_Baseline_SelectedTrajs/models/checkpoint_epoch_38.pth
[2025-03-24 18:41:15] Epoch: 38		Loss: 43.668833	Loss Translation.: 0.087167	Loss Rotation.: 0.726688	Combined Loss Dist.: 41.336990	Loss Uncertainty: 2.331843
--ADE (5 time steps): 0.1768	--FDE (5 time steps): 0.2368
--ADE (10 time steps): 0.3400	--FDE (10 time steps): 0.5987
--ADE (15 time steps): 0.5489	--FDE (15 time steps): 1.0932
--ADE (20 time steps): 0.8032	--FDE (20 time steps): 1.6984
[INFO] Checkpoint saved to ./results/5_14_Kitti_9D_Baseline_SelectedTrajs/5_14_Kitti_9D_Baseline_SelectedTrajs/models/checkpoint_epoch_39.pth
[2025-03-24 18:41:20] Epoch: 39		Loss: 43.297817	Loss Translation.: 0.083459	Loss Rotation.: 0.724445	Combined Loss Dist.: 40.970070	Loss Uncertainty: 2.327748
--ADE (5 time steps): 0.1796	--FDE (5 time steps): 0.2439
--ADE (10 time steps): 0.3449	--FDE (10 time steps): 0.6050
--ADE (15 time steps): 0.5562	--FDE (15 time steps): 1.1069
--ADE (20 time steps): 0.8126	--FDE (20 time steps): 1.7133
[INFO] Checkpoint saved to ./results/5_14_Kitti_9D_Baseline_SelectedTrajs/5_14_Kitti_9D_Baseline_SelectedTrajs/models/checkpoint_epoch_40.pth
[2025-03-24 18:41:26] Epoch: 40		Loss: 43.080605	Loss Translation.: 0.082512	Loss Rotation.: 0.721753	Combined Loss Dist.: 40.756295	Loss Uncertainty: 2.324309
--ADE (5 time steps): 0.1747	--FDE (5 time steps): 0.2292
--ADE (10 time steps): 0.3328	--FDE (10 time steps): 0.5848
--ADE (15 time steps): 0.5368	--FDE (15 time steps): 1.0674
--ADE (20 time steps): 0.7881	--FDE (20 time steps): 1.6759
[INFO] Checkpoint saved to ./results/5_14_Kitti_9D_Baseline_SelectedTrajs/5_14_Kitti_9D_Baseline_SelectedTrajs/models/checkpoint_epoch_41.pth
[2025-03-24 18:41:31] Epoch: 41		Loss: 43.043950	Loss Translation.: 0.082868	Loss Rotation.: 0.720765	Combined Loss Dist.: 40.721427	Loss Uncertainty: 2.322523
--ADE (5 time steps): 0.1794	--FDE (5 time steps): 0.2334
--ADE (10 time steps): 0.3385	--FDE (10 time steps): 0.5908
--ADE (15 time steps): 0.5396	--FDE (15 time steps): 1.0669
--ADE (20 time steps): 0.7898	--FDE (20 time steps): 1.6812
[INFO] Checkpoint saved to ./results/5_14_Kitti_9D_Baseline_SelectedTrajs/5_14_Kitti_9D_Baseline_SelectedTrajs/models/checkpoint_epoch_42.pth
[2025-03-24 18:41:36] Epoch: 42		Loss: 42.865230	Loss Translation.: 0.081445	Loss Rotation.: 0.718941	Combined Loss Dist.: 40.544918	Loss Uncertainty: 2.320312
--ADE (5 time steps): 0.1756	--FDE (5 time steps): 0.2322
--ADE (10 time steps): 0.3332	--FDE (10 time steps): 0.5844
--ADE (15 time steps): 0.5345	--FDE (15 time steps): 1.0609
--ADE (20 time steps): 0.7849	--FDE (20 time steps): 1.6761
[INFO] Checkpoint saved to ./results/5_14_Kitti_9D_Baseline_SelectedTrajs/5_14_Kitti_9D_Baseline_SelectedTrajs/models/checkpoint_epoch_43.pth
[2025-03-24 18:41:42] Epoch: 43		Loss: 42.592992	Loss Translation.: 0.078884	Loss Rotation.: 0.717125	Combined Loss Dist.: 40.274688	Loss Uncertainty: 2.318304
--ADE (5 time steps): 0.1737	--FDE (5 time steps): 0.2301
--ADE (10 time steps): 0.3318	--FDE (10 time steps): 0.5808
--ADE (15 time steps): 0.5329	--FDE (15 time steps): 1.0579
--ADE (20 time steps): 0.7837	--FDE (20 time steps): 1.6747
[INFO] Checkpoint saved to ./results/5_14_Kitti_9D_Baseline_SelectedTrajs/5_14_Kitti_9D_Baseline_SelectedTrajs/models/checkpoint_epoch_44.pth
[2025-03-24 18:41:47] Epoch: 44		Loss: 42.383689	Loss Translation.: 0.077326	Loss Rotation.: 0.715224	Combined Loss Dist.: 40.067448	Loss Uncertainty: 2.316240
--ADE (5 time steps): 0.1735	--FDE (5 time steps): 0.2296
--ADE (10 time steps): 0.3317	--FDE (10 time steps): 0.5811
--ADE (15 time steps): 0.5335	--FDE (15 time steps): 1.0562
--ADE (20 time steps): 0.7835	--FDE (20 time steps): 1.6738
[INFO] Checkpoint saved to ./results/5_14_Kitti_9D_Baseline_SelectedTrajs/5_14_Kitti_9D_Baseline_SelectedTrajs/models/checkpoint_epoch_45.pth
[2025-03-24 18:41:52] Epoch: 45		Loss: 42.240135	Loss Translation.: 0.076628	Loss Rotation.: 0.713301	Combined Loss Dist.: 39.925846	Loss Uncertainty: 2.314288
--ADE (5 time steps): 0.1738	--FDE (5 time steps): 0.2295
--ADE (10 time steps): 0.3309	--FDE (10 time steps): 0.5800
--ADE (15 time steps): 0.5327	--FDE (15 time steps): 1.0534
--ADE (20 time steps): 0.7825	--FDE (20 time steps): 1.6715
[INFO] Checkpoint saved to ./results/5_14_Kitti_9D_Baseline_SelectedTrajs/5_14_Kitti_9D_Baseline_SelectedTrajs/models/checkpoint_epoch_46.pth
[2025-03-24 18:41:58] Epoch: 46		Loss: 42.089701	Loss Translation.: 0.076039	Loss Rotation.: 0.711231	Combined Loss Dist.: 39.777331	Loss Uncertainty: 2.312371
--ADE (5 time steps): 0.1736	--FDE (5 time steps): 0.2297
--ADE (10 time steps): 0.3302	--FDE (10 time steps): 0.5789
--ADE (15 time steps): 0.5320	--FDE (15 time steps): 1.0519
--ADE (20 time steps): 0.7813	--FDE (20 time steps): 1.6679
[INFO] Checkpoint saved to ./results/5_14_Kitti_9D_Baseline_SelectedTrajs/5_14_Kitti_9D_Baseline_SelectedTrajs/models/checkpoint_epoch_47.pth
[2025-03-24 18:42:03] Epoch: 47		Loss: 41.950238	Loss Translation.: 0.075392	Loss Rotation.: 0.709382	Combined Loss Dist.: 39.639891	Loss Uncertainty: 2.310346
--ADE (5 time steps): 0.1736	--FDE (5 time steps): 0.2303
--ADE (10 time steps): 0.3296	--FDE (10 time steps): 0.5776
--ADE (15 time steps): 0.5313	--FDE (15 time steps): 1.0513
--ADE (20 time steps): 0.7802	--FDE (20 time steps): 1.6661
[INFO] Checkpoint saved to ./results/5_14_Kitti_9D_Baseline_SelectedTrajs/5_14_Kitti_9D_Baseline_SelectedTrajs/models/checkpoint_epoch_48.pth
[2025-03-24 18:42:09] Epoch: 48		Loss: 41.744420	Loss Translation.: 0.074292	Loss Rotation.: 0.707208	Combined Loss Dist.: 39.436114	Loss Uncertainty: 2.308306
--ADE (5 time steps): 0.1735	--FDE (5 time steps): 0.2318
--ADE (10 time steps): 0.3301	--FDE (10 time steps): 0.5783
--ADE (15 time steps): 0.5308	--FDE (15 time steps): 1.0554
--ADE (20 time steps): 0.7803	--FDE (20 time steps): 1.6691
[INFO] Checkpoint saved to ./results/5_14_Kitti_9D_Baseline_SelectedTrajs/5_14_Kitti_9D_Baseline_SelectedTrajs/models/checkpoint_epoch_49.pth
[2025-03-24 18:42:14] Epoch: 49		Loss: 41.630397	Loss Translation.: 0.073001	Loss Rotation.: 0.706378	Combined Loss Dist.: 39.323358	Loss Uncertainty: 2.307039
--ADE (5 time steps): 0.1736	--FDE (5 time steps): 0.2333
--ADE (10 time steps): 0.3316	--FDE (10 time steps): 0.5798
--ADE (15 time steps): 0.5325	--FDE (15 time steps): 1.0591
--ADE (20 time steps): 0.7819	--FDE (20 time steps): 1.6715
[INFO] Checkpoint saved to ./results/5_14_Kitti_9D_Baseline_SelectedTrajs/5_14_Kitti_9D_Baseline_SelectedTrajs/models/checkpoint_epoch_50.pth
[2025-03-24 18:42:19] Epoch: 50		Loss: 41.504791	Loss Translation.: 0.071957	Loss Rotation.: 0.705287	Combined Loss Dist.: 39.199112	Loss Uncertainty: 2.305679
--ADE (5 time steps): 0.1733	--FDE (5 time steps): 0.2328
--ADE (10 time steps): 0.3312	--FDE (10 time steps): 0.5797
--ADE (15 time steps): 0.5320	--FDE (15 time steps): 1.0575
--ADE (20 time steps): 0.7813	--FDE (20 time steps): 1.6709
[INFO] Checkpoint saved to ./results/5_14_Kitti_9D_Baseline_SelectedTrajs/5_14_Kitti_9D_Baseline_SelectedTrajs/models/checkpoint_epoch_51.pth
[2025-03-24 18:42:25] Epoch: 51		Loss: 41.418626	Loss Translation.: 0.071475	Loss Rotation.: 0.704278	Combined Loss Dist.: 39.114346	Loss Uncertainty: 2.304280
--ADE (5 time steps): 0.1727	--FDE (5 time steps): 0.2321
--ADE (10 time steps): 0.3303	--FDE (10 time steps): 0.5791
--ADE (15 time steps): 0.5309	--FDE (15 time steps): 1.0559
--ADE (20 time steps): 0.7802	--FDE (20 time steps): 1.6692
[INFO] Checkpoint saved to ./results/5_14_Kitti_9D_Baseline_SelectedTrajs/5_14_Kitti_9D_Baseline_SelectedTrajs/models/checkpoint_epoch_52.pth
[2025-03-24 18:42:30] Epoch: 52		Loss: 41.341521	Loss Translation.: 0.070967	Loss Rotation.: 0.703413	Combined Loss Dist.: 39.038687	Loss Uncertainty: 2.302833
--ADE (5 time steps): 0.1727	--FDE (5 time steps): 0.2323
--ADE (10 time steps): 0.3301	--FDE (10 time steps): 0.5797
--ADE (15 time steps): 0.5306	--FDE (15 time steps): 1.0556
--ADE (20 time steps): 0.7798	--FDE (20 time steps): 1.6689
[INFO] Checkpoint saved to ./results/5_14_Kitti_9D_Baseline_SelectedTrajs/5_14_Kitti_9D_Baseline_SelectedTrajs/models/checkpoint_epoch_53.pth
[2025-03-24 18:42:35] Epoch: 53		Loss: 41.264392	Loss Translation.: 0.070474	Loss Rotation.: 0.702575	Combined Loss Dist.: 38.963058	Loss Uncertainty: 2.301335
--ADE (5 time steps): 0.1728	--FDE (5 time steps): 0.2323
--ADE (10 time steps): 0.3303	--FDE (10 time steps): 0.5802
--ADE (15 time steps): 0.5309	--FDE (15 time steps): 1.0549
--ADE (20 time steps): 0.7799	--FDE (20 time steps): 1.6677
[INFO] Checkpoint saved to ./results/5_14_Kitti_9D_Baseline_SelectedTrajs/5_14_Kitti_9D_Baseline_SelectedTrajs/models/checkpoint_epoch_54.pth
[2025-03-24 18:42:41] Epoch: 54		Loss: 41.194880	Loss Translation.: 0.070124	Loss Rotation.: 0.701706	Combined Loss Dist.: 38.895066	Loss Uncertainty: 2.299814
--ADE (5 time steps): 0.1727	--FDE (5 time steps): 0.2325
--ADE (10 time steps): 0.3304	--FDE (10 time steps): 0.5812
--ADE (15 time steps): 0.5312	--FDE (15 time steps): 1.0547
--ADE (20 time steps): 0.7800	--FDE (20 time steps): 1.6670
[INFO] Checkpoint saved to ./results/5_14_Kitti_9D_Baseline_SelectedTrajs/5_14_Kitti_9D_Baseline_SelectedTrajs/models/checkpoint_epoch_55.pth
[2025-03-24 18:42:46] Epoch: 55		Loss: 41.132483	Loss Translation.: 0.069833	Loss Rotation.: 0.700938	Combined Loss Dist.: 38.834209	Loss Uncertainty: 2.298275
--ADE (5 time steps): 0.1730	--FDE (5 time steps): 0.2330
--ADE (10 time steps): 0.3311	--FDE (10 time steps): 0.5825
--ADE (15 time steps): 0.5322	--FDE (15 time steps): 1.0565
--ADE (20 time steps): 0.7809	--FDE (20 time steps): 1.6681
[INFO] Checkpoint saved to ./results/5_14_Kitti_9D_Baseline_SelectedTrajs/5_14_Kitti_9D_Baseline_SelectedTrajs/models/checkpoint_epoch_56.pth
[2025-03-24 18:42:51] Epoch: 56		Loss: 41.024518	Loss Translation.: 0.069169	Loss Rotation.: 0.699693	Combined Loss Dist.: 38.727453	Loss Uncertainty: 2.297065
--ADE (5 time steps): 0.1730	--FDE (5 time steps): 0.2338
--ADE (10 time steps): 0.3314	--FDE (10 time steps): 0.5830
--ADE (15 time steps): 0.5323	--FDE (15 time steps): 1.0585
--ADE (20 time steps): 0.7810	--FDE (20 time steps): 1.6684
[INFO] Checkpoint saved to ./results/5_14_Kitti_9D_Baseline_SelectedTrajs/5_14_Kitti_9D_Baseline_SelectedTrajs/models/checkpoint_epoch_57.pth
[2025-03-24 18:42:57] Epoch: 57		Loss: 40.969299	Loss Translation.: 0.068740	Loss Rotation.: 0.699099	Combined Loss Dist.: 38.673039	Loss Uncertainty: 2.296260
--ADE (5 time steps): 0.1732	--FDE (5 time steps): 0.2335
--ADE (10 time steps): 0.3316	--FDE (10 time steps): 0.5830
--ADE (15 time steps): 0.5325	--FDE (15 time steps): 1.0572
--ADE (20 time steps): 0.7810	--FDE (20 time steps): 1.6670
[INFO] Checkpoint saved to ./results/5_14_Kitti_9D_Baseline_SelectedTrajs/5_14_Kitti_9D_Baseline_SelectedTrajs/models/checkpoint_epoch_58.pth
[2025-03-24 18:43:02] Epoch: 58		Loss: 40.924020	Loss Translation.: 0.068557	Loss Rotation.: 0.698510	Combined Loss Dist.: 38.628587	Loss Uncertainty: 2.295432
--ADE (5 time steps): 0.1732	--FDE (5 time steps): 0.2335
--ADE (10 time steps): 0.3318	--FDE (10 time steps): 0.5836
--ADE (15 time steps): 0.5328	--FDE (15 time steps): 1.0576
--ADE (20 time steps): 0.7815	--FDE (20 time steps): 1.6677
[INFO] Checkpoint saved to ./results/5_14_Kitti_9D_Baseline_SelectedTrajs/5_14_Kitti_9D_Baseline_SelectedTrajs/models/checkpoint_epoch_59.pth
[2025-03-24 18:43:07] Epoch: 59		Loss: 40.885150	Loss Translation.: 0.068382	Loss Rotation.: 0.698038	Combined Loss Dist.: 38.590535	Loss Uncertainty: 2.294616
--ADE (5 time steps): 0.1732	--FDE (5 time steps): 0.2336
--ADE (10 time steps): 0.3317	--FDE (10 time steps): 0.5840
--ADE (15 time steps): 0.5327	--FDE (15 time steps): 1.0575
--ADE (20 time steps): 0.7814	--FDE (20 time steps): 1.6675
[INFO] Checkpoint saved to ./results/5_14_Kitti_9D_Baseline_SelectedTrajs/5_14_Kitti_9D_Baseline_SelectedTrajs/models/checkpoint_epoch_60.pth
[2025-03-24 18:43:13] Epoch: 60		Loss: 40.849666	Loss Translation.: 0.068197	Loss Rotation.: 0.697575	Combined Loss Dist.: 38.555882	Loss Uncertainty: 2.293784
--ADE (5 time steps): 0.1732	--FDE (5 time steps): 0.2339
--ADE (10 time steps): 0.3319	--FDE (10 time steps): 0.5843
--ADE (15 time steps): 0.5330	--FDE (15 time steps): 1.0577
--ADE (20 time steps): 0.7814	--FDE (20 time steps): 1.6666
[INFO] Checkpoint saved to ./results/5_14_Kitti_9D_Baseline_SelectedTrajs/5_14_Kitti_9D_Baseline_SelectedTrajs/models/checkpoint_epoch_61.pth
[2025-03-24 18:43:18] Epoch: 61		Loss: 40.816471	Loss Translation.: 0.068034	Loss Rotation.: 0.697171	Combined Loss Dist.: 38.523536	Loss Uncertainty: 2.292934
--ADE (5 time steps): 0.1733	--FDE (5 time steps): 0.2338
--ADE (10 time steps): 0.3318	--FDE (10 time steps): 0.5839
--ADE (15 time steps): 0.5328	--FDE (15 time steps): 1.0567
--ADE (20 time steps): 0.7812	--FDE (20 time steps): 1.6658
[INFO] Checkpoint saved to ./results/5_14_Kitti_9D_Baseline_SelectedTrajs/5_14_Kitti_9D_Baseline_SelectedTrajs/models/checkpoint_epoch_62.pth
[2025-03-24 18:43:23] Epoch: 62		Loss: 40.782574	Loss Translation.: 0.067876	Loss Rotation.: 0.696741	Combined Loss Dist.: 38.490433	Loss Uncertainty: 2.292141
--ADE (5 time steps): 0.1734	--FDE (5 time steps): 0.2340
--ADE (10 time steps): 0.3320	--FDE (10 time steps): 0.5838
--ADE (15 time steps): 0.5330	--FDE (15 time steps): 1.0572
--ADE (20 time steps): 0.7815	--FDE (20 time steps): 1.6657
[INFO] Checkpoint saved to ./results/5_14_Kitti_9D_Baseline_SelectedTrajs/5_14_Kitti_9D_Baseline_SelectedTrajs/models/checkpoint_epoch_63.pth
[2025-03-24 18:43:29] Epoch: 63		Loss: 40.748983	Loss Translation.: 0.067696	Loss Rotation.: 0.696335	Combined Loss Dist.: 38.457685	Loss Uncertainty: 2.291298
--ADE (5 time steps): 0.1733	--FDE (5 time steps): 0.2339
--ADE (10 time steps): 0.3320	--FDE (10 time steps): 0.5841
--ADE (15 time steps): 0.5329	--FDE (15 time steps): 1.0562
--ADE (20 time steps): 0.7814	--FDE (20 time steps): 1.6653
[INFO] Checkpoint saved to ./results/5_14_Kitti_9D_Baseline_SelectedTrajs/5_14_Kitti_9D_Baseline_SelectedTrajs/models/checkpoint_epoch_64.pth
[2025-03-24 18:43:34] Epoch: 64		Loss: 40.697727	Loss Translation.: 0.067409	Loss Rotation.: 0.695724	Combined Loss Dist.: 38.407086	Loss Uncertainty: 2.290640
--ADE (5 time steps): 0.1735	--FDE (5 time steps): 0.2346
--ADE (10 time steps): 0.3324	--FDE (10 time steps): 0.5847
--ADE (15 time steps): 0.5335	--FDE (15 time steps): 1.0581
--ADE (20 time steps): 0.7820	--FDE (20 time steps): 1.6668
[INFO] Checkpoint saved to ./results/5_14_Kitti_9D_Baseline_SelectedTrajs/5_14_Kitti_9D_Baseline_SelectedTrajs/models/checkpoint_epoch_65.pth
[2025-03-24 18:43:40] Epoch: 65		Loss: 40.673146	Loss Translation.: 0.067274	Loss Rotation.: 0.695419	Combined Loss Dist.: 38.382903	Loss Uncertainty: 2.290242
--ADE (5 time steps): 0.1734	--FDE (5 time steps): 0.2343
--ADE (10 time steps): 0.3321	--FDE (10 time steps): 0.5844
--ADE (15 time steps): 0.5333	--FDE (15 time steps): 1.0572
--ADE (20 time steps): 0.7818	--FDE (20 time steps): 1.6660
[INFO] Checkpoint saved to ./results/5_14_Kitti_9D_Baseline_SelectedTrajs/5_14_Kitti_9D_Baseline_SelectedTrajs/models/checkpoint_epoch_66.pth
[2025-03-24 18:43:45] Epoch: 66		Loss: 40.655600	Loss Translation.: 0.067197	Loss Rotation.: 0.695192	Combined Loss Dist.: 38.365793	Loss Uncertainty: 2.289807
--ADE (5 time steps): 0.1735	--FDE (5 time steps): 0.2345
--ADE (10 time steps): 0.3324	--FDE (10 time steps): 0.5848
--ADE (15 time steps): 0.5335	--FDE (15 time steps): 1.0576
--ADE (20 time steps): 0.7820	--FDE (20 time steps): 1.6659
[INFO] Checkpoint saved to ./results/5_14_Kitti_9D_Baseline_SelectedTrajs/5_14_Kitti_9D_Baseline_SelectedTrajs/models/checkpoint_epoch_67.pth
[2025-03-24 18:43:50] Epoch: 67		Loss: 40.637133	Loss Translation.: 0.067085	Loss Rotation.: 0.694971	Combined Loss Dist.: 38.347751	Loss Uncertainty: 2.289382
--ADE (5 time steps): 0.1735	--FDE (5 time steps): 0.2344
--ADE (10 time steps): 0.3324	--FDE (10 time steps): 0.5846
--ADE (15 time steps): 0.5335	--FDE (15 time steps): 1.0574
--ADE (20 time steps): 0.7819	--FDE (20 time steps): 1.6656
[INFO] Checkpoint saved to ./results/5_14_Kitti_9D_Baseline_SelectedTrajs/5_14_Kitti_9D_Baseline_SelectedTrajs/models/checkpoint_epoch_68.pth
[2025-03-24 18:43:56] Epoch: 68		Loss: 40.619422	Loss Translation.: 0.067032	Loss Rotation.: 0.694732	Combined Loss Dist.: 38.330487	Loss Uncertainty: 2.288934
--ADE (5 time steps): 0.1734	--FDE (5 time steps): 0.2344
--ADE (10 time steps): 0.3321	--FDE (10 time steps): 0.5843
--ADE (15 time steps): 0.5333	--FDE (15 time steps): 1.0570
--ADE (20 time steps): 0.7818	--FDE (20 time steps): 1.6655
[INFO] Checkpoint saved to ./results/5_14_Kitti_9D_Baseline_SelectedTrajs/5_14_Kitti_9D_Baseline_SelectedTrajs/models/checkpoint_epoch_69.pth
[2025-03-24 18:44:01] Epoch: 69		Loss: 40.603567	Loss Translation.: 0.066924	Loss Rotation.: 0.694542	Combined Loss Dist.: 38.315060	Loss Uncertainty: 2.288507
--ADE (5 time steps): 0.1735	--FDE (5 time steps): 0.2344
--ADE (10 time steps): 0.3324	--FDE (10 time steps): 0.5848
--ADE (15 time steps): 0.5336	--FDE (15 time steps): 1.0573
--ADE (20 time steps): 0.7820	--FDE (20 time steps): 1.6655
[INFO] Checkpoint saved to ./results/5_14_Kitti_9D_Baseline_SelectedTrajs/5_14_Kitti_9D_Baseline_SelectedTrajs/models/checkpoint_epoch_70.pth
[2025-03-24 18:44:06] Epoch: 70		Loss: 40.585731	Loss Translation.: 0.066835	Loss Rotation.: 0.694324	Combined Loss Dist.: 38.297653	Loss Uncertainty: 2.288078
--ADE (5 time steps): 0.1735	--FDE (5 time steps): 0.2345
--ADE (10 time steps): 0.3324	--FDE (10 time steps): 0.5847
--ADE (15 time steps): 0.5336	--FDE (15 time steps): 1.0571
--ADE (20 time steps): 0.7820	--FDE (20 time steps): 1.6650
[INFO] Checkpoint saved to ./results/5_14_Kitti_9D_Baseline_SelectedTrajs/5_14_Kitti_9D_Baseline_SelectedTrajs/models/checkpoint_epoch_71.pth
[2025-03-24 18:44:12] Epoch: 71		Loss: 40.569758	Loss Translation.: 0.066762	Loss Rotation.: 0.694119	Combined Loss Dist.: 38.282102	Loss Uncertainty: 2.287657
--ADE (5 time steps): 0.1735	--FDE (5 time steps): 0.2344
--ADE (10 time steps): 0.3323	--FDE (10 time steps): 0.5845
--ADE (15 time steps): 0.5335	--FDE (15 time steps): 1.0568
--ADE (20 time steps): 0.7820	--FDE (20 time steps): 1.6649
[INFO] Checkpoint saved to ./results/5_14_Kitti_9D_Baseline_SelectedTrajs/5_14_Kitti_9D_Baseline_SelectedTrajs/models/checkpoint_epoch_72.pth
[2025-03-24 18:44:17] Epoch: 72		Loss: 40.544837	Loss Translation.: 0.066620	Loss Rotation.: 0.693817	Combined Loss Dist.: 38.257533	Loss Uncertainty: 2.287305
--ADE (5 time steps): 0.1735	--FDE (5 time steps): 0.2347
--ADE (10 time steps): 0.3325	--FDE (10 time steps): 0.5850
--ADE (15 time steps): 0.5338	--FDE (15 time steps): 1.0576
--ADE (20 time steps): 0.7823	--FDE (20 time steps): 1.6655
[INFO] Checkpoint saved to ./results/5_14_Kitti_9D_Baseline_SelectedTrajs/5_14_Kitti_9D_Baseline_SelectedTrajs/models/checkpoint_epoch_73.pth
[2025-03-24 18:44:22] Epoch: 73		Loss: 40.534246	Loss Translation.: 0.066553	Loss Rotation.: 0.693691	Combined Loss Dist.: 38.247156	Loss Uncertainty: 2.287090
--ADE (5 time steps): 0.1735	--FDE (5 time steps): 0.2346
--ADE (10 time steps): 0.3325	--FDE (10 time steps): 0.5849
--ADE (15 time steps): 0.5338	--FDE (15 time steps): 1.0573
--ADE (20 time steps): 0.7822	--FDE (20 time steps): 1.6652
[INFO] Checkpoint saved to ./results/5_14_Kitti_9D_Baseline_SelectedTrajs/5_14_Kitti_9D_Baseline_SelectedTrajs/models/checkpoint_epoch_74.pth
[2025-03-24 18:44:28] Epoch: 74		Loss: 40.525420	Loss Translation.: 0.066522	Loss Rotation.: 0.693573	Combined Loss Dist.: 38.238552	Loss Uncertainty: 2.286867
--ADE (5 time steps): 0.1735	--FDE (5 time steps): 0.2347
--ADE (10 time steps): 0.3325	--FDE (10 time steps): 0.5849
--ADE (15 time steps): 0.5338	--FDE (15 time steps): 1.0574
--ADE (20 time steps): 0.7823	--FDE (20 time steps): 1.6653
[INFO] Checkpoint saved to ./results/5_14_Kitti_9D_Baseline_SelectedTrajs/5_14_Kitti_9D_Baseline_SelectedTrajs/models/checkpoint_epoch_75.pth
[2025-03-24 18:44:33] Epoch: 75		Loss: 40.516321	Loss Translation.: 0.066473	Loss Rotation.: 0.693461	Combined Loss Dist.: 38.229684	Loss Uncertainty: 2.286637
--ADE (5 time steps): 0.1735	--FDE (5 time steps): 0.2346
--ADE (10 time steps): 0.3325	--FDE (10 time steps): 0.5848
--ADE (15 time steps): 0.5338	--FDE (15 time steps): 1.0571
--ADE (20 time steps): 0.7822	--FDE (20 time steps): 1.6651
[INFO] Checkpoint saved to ./results/5_14_Kitti_9D_Baseline_SelectedTrajs/5_14_Kitti_9D_Baseline_SelectedTrajs/models/checkpoint_epoch_76.pth
[2025-03-24 18:44:39] Epoch: 76		Loss: 40.507680	Loss Translation.: 0.066433	Loss Rotation.: 0.693352	Combined Loss Dist.: 38.221269	Loss Uncertainty: 2.286411
--ADE (5 time steps): 0.1735	--FDE (5 time steps): 0.2347
--ADE (10 time steps): 0.3326	--FDE (10 time steps): 0.5850
--ADE (15 time steps): 0.5339	--FDE (15 time steps): 1.0574
--ADE (20 time steps): 0.7824	--FDE (20 time steps): 1.6652
[INFO] Checkpoint saved to ./results/5_14_Kitti_9D_Baseline_SelectedTrajs/5_14_Kitti_9D_Baseline_SelectedTrajs/models/checkpoint_epoch_77.pth
[2025-03-24 18:44:44] Epoch: 77		Loss: 40.499137	Loss Translation.: 0.066388	Loss Rotation.: 0.693247	Combined Loss Dist.: 38.212953	Loss Uncertainty: 2.286185
--ADE (5 time steps): 0.1735	--FDE (5 time steps): 0.2346
--ADE (10 time steps): 0.3325	--FDE (10 time steps): 0.5849
--ADE (15 time steps): 0.5339	--FDE (15 time steps): 1.0571
--ADE (20 time steps): 0.7823	--FDE (20 time steps): 1.6650
[INFO] Checkpoint saved to ./results/5_14_Kitti_9D_Baseline_SelectedTrajs/5_14_Kitti_9D_Baseline_SelectedTrajs/models/checkpoint_epoch_78.pth
[2025-03-24 18:44:49] Epoch: 78		Loss: 40.490440	Loss Translation.: 0.066358	Loss Rotation.: 0.693133	Combined Loss Dist.: 38.204487	Loss Uncertainty: 2.285952
--ADE (5 time steps): 0.1735	--FDE (5 time steps): 0.2347
--ADE (10 time steps): 0.3325	--FDE (10 time steps): 0.5849
--ADE (15 time steps): 0.5338	--FDE (15 time steps): 1.0571
--ADE (20 time steps): 0.7822	--FDE (20 time steps): 1.6649
[INFO] Checkpoint saved to ./results/5_14_Kitti_9D_Baseline_SelectedTrajs/5_14_Kitti_9D_Baseline_SelectedTrajs/models/checkpoint_epoch_79.pth
[2025-03-24 18:44:55] Epoch: 79		Loss: 40.483254	Loss Translation.: 0.066286	Loss Rotation.: 0.693064	Combined Loss Dist.: 38.197523	Loss Uncertainty: 2.285732
--ADE (5 time steps): 0.1736	--FDE (5 time steps): 0.2348
--ADE (10 time steps): 0.3327	--FDE (10 time steps): 0.5852
--ADE (15 time steps): 0.5341	--FDE (15 time steps): 1.0574
--ADE (20 time steps): 0.7825	--FDE (20 time steps): 1.6651
[INFO] Checkpoint saved to ./results/5_14_Kitti_9D_Baseline_SelectedTrajs/5_14_Kitti_9D_Baseline_SelectedTrajs/models/checkpoint_epoch_80.pth
[2025-03-24 18:45:00] Epoch: 80		Loss: 40.470839	Loss Translation.: 0.066244	Loss Rotation.: 0.692901	Combined Loss Dist.: 38.185288	Loss Uncertainty: 2.285551
--ADE (5 time steps): 0.1735	--FDE (5 time steps): 0.2347
--ADE (10 time steps): 0.3325	--FDE (10 time steps): 0.5850
--ADE (15 time steps): 0.5339	--FDE (15 time steps): 1.0572
--ADE (20 time steps): 0.7824	--FDE (20 time steps): 1.6651
[INFO] Checkpoint saved to ./results/5_14_Kitti_9D_Baseline_SelectedTrajs/5_14_Kitti_9D_Baseline_SelectedTrajs/models/checkpoint_epoch_81.pth
[2025-03-24 18:45:05] Epoch: 81		Loss: 40.466146	Loss Translation.: 0.066204	Loss Rotation.: 0.692850	Combined Loss Dist.: 38.180710	Loss Uncertainty: 2.285436
--ADE (5 time steps): 0.1736	--FDE (5 time steps): 0.2348
--ADE (10 time steps): 0.3326	--FDE (10 time steps): 0.5852
--ADE (15 time steps): 0.5340	--FDE (15 time steps): 1.0574
--ADE (20 time steps): 0.7825	--FDE (20 time steps): 1.6652
[INFO] Checkpoint saved to ./results/5_14_Kitti_9D_Baseline_SelectedTrajs/5_14_Kitti_9D_Baseline_SelectedTrajs/models/checkpoint_epoch_82.pth
[2025-03-24 18:45:11] Epoch: 82		Loss: 40.461688	Loss Translation.: 0.066190	Loss Rotation.: 0.692788	Combined Loss Dist.: 38.176364	Loss Uncertainty: 2.285325
--ADE (5 time steps): 0.1735	--FDE (5 time steps): 0.2348
--ADE (10 time steps): 0.3326	--FDE (10 time steps): 0.5851
--ADE (15 time steps): 0.5340	--FDE (15 time steps): 1.0572
--ADE (20 time steps): 0.7824	--FDE (20 time steps): 1.6651
[INFO] Checkpoint saved to ./results/5_14_Kitti_9D_Baseline_SelectedTrajs/5_14_Kitti_9D_Baseline_SelectedTrajs/models/checkpoint_epoch_83.pth
[2025-03-24 18:45:17] Epoch: 83		Loss: 40.457266	Loss Translation.: 0.066167	Loss Rotation.: 0.692733	Combined Loss Dist.: 38.172059	Loss Uncertainty: 2.285207
--ADE (5 time steps): 0.1736	--FDE (5 time steps): 0.2348
--ADE (10 time steps): 0.3326	--FDE (10 time steps): 0.5852
--ADE (15 time steps): 0.5340	--FDE (15 time steps): 1.0573
--ADE (20 time steps): 0.7825	--FDE (20 time steps): 1.6651
[INFO] Checkpoint saved to ./results/5_14_Kitti_9D_Baseline_SelectedTrajs/5_14_Kitti_9D_Baseline_SelectedTrajs/models/checkpoint_epoch_84.pth
[2025-03-24 18:45:22] Epoch: 84		Loss: 40.452734	Loss Translation.: 0.066144	Loss Rotation.: 0.692678	Combined Loss Dist.: 38.167644	Loss Uncertainty: 2.285090
--ADE (5 time steps): 0.1735	--FDE (5 time steps): 0.2348
--ADE (10 time steps): 0.3326	--FDE (10 time steps): 0.5851
--ADE (15 time steps): 0.5340	--FDE (15 time steps): 1.0572
--ADE (20 time steps): 0.7825	--FDE (20 time steps): 1.6650
[INFO] Checkpoint saved to ./results/5_14_Kitti_9D_Baseline_SelectedTrajs/5_14_Kitti_9D_Baseline_SelectedTrajs/models/checkpoint_epoch_85.pth
[2025-03-24 18:45:27] Epoch: 85		Loss: 40.448550	Loss Translation.: 0.066123	Loss Rotation.: 0.692626	Combined Loss Dist.: 38.163580	Loss Uncertainty: 2.284970
--ADE (5 time steps): 0.1736	--FDE (5 time steps): 0.2348
--ADE (10 time steps): 0.3326	--FDE (10 time steps): 0.5852
--ADE (15 time steps): 0.5341	--FDE (15 time steps): 1.0572
--ADE (20 time steps): 0.7825	--FDE (20 time steps): 1.6650
[INFO] Checkpoint saved to ./results/5_14_Kitti_9D_Baseline_SelectedTrajs/5_14_Kitti_9D_Baseline_SelectedTrajs/models/checkpoint_epoch_86.pth
[2025-03-24 18:45:33] Epoch: 86		Loss: 40.444136	Loss Translation.: 0.066100	Loss Rotation.: 0.692573	Combined Loss Dist.: 38.159284	Loss Uncertainty: 2.284851
--ADE (5 time steps): 0.1736	--FDE (5 time steps): 0.2348
--ADE (10 time steps): 0.3326	--FDE (10 time steps): 0.5852
--ADE (15 time steps): 0.5340	--FDE (15 time steps): 1.0572
--ADE (20 time steps): 0.7825	--FDE (20 time steps): 1.6650
[INFO] Checkpoint saved to ./results/5_14_Kitti_9D_Baseline_SelectedTrajs/5_14_Kitti_9D_Baseline_SelectedTrajs/models/checkpoint_epoch_87.pth
[2025-03-24 18:45:38] Epoch: 87		Loss: 40.440278	Loss Translation.: 0.066080	Loss Rotation.: 0.692525	Combined Loss Dist.: 38.155543	Loss Uncertainty: 2.284735
--ADE (5 time steps): 0.1736	--FDE (5 time steps): 0.2348
--ADE (10 time steps): 0.3327	--FDE (10 time steps): 0.5853
--ADE (15 time steps): 0.5341	--FDE (15 time steps): 1.0573
--ADE (20 time steps): 0.7825	--FDE (20 time steps): 1.6651
[INFO] Checkpoint saved to ./results/5_14_Kitti_9D_Baseline_SelectedTrajs/5_14_Kitti_9D_Baseline_SelectedTrajs/models/checkpoint_epoch_88.pth
[2025-03-24 18:45:43] Epoch: 88		Loss: 40.434363	Loss Translation.: 0.066044	Loss Rotation.: 0.692457	Combined Loss Dist.: 38.149722	Loss Uncertainty: 2.284642
--ADE (5 time steps): 0.1736	--FDE (5 time steps): 0.2348
--ADE (10 time steps): 0.3326	--FDE (10 time steps): 0.5852
--ADE (15 time steps): 0.5341	--FDE (15 time steps): 1.0572
--ADE (20 time steps): 0.7825	--FDE (20 time steps): 1.6651
[INFO] Checkpoint saved to ./results/5_14_Kitti_9D_Baseline_SelectedTrajs/5_14_Kitti_9D_Baseline_SelectedTrajs/models/checkpoint_epoch_89.pth
[2025-03-24 18:45:49] Epoch: 89		Loss: 40.432166	Loss Translation.: 0.066033	Loss Rotation.: 0.692428	Combined Loss Dist.: 38.147586	Loss Uncertainty: 2.284581
--ADE (5 time steps): 0.1736	--FDE (5 time steps): 0.2348
--ADE (10 time steps): 0.3327	--FDE (10 time steps): 0.5853
--ADE (15 time steps): 0.5341	--FDE (15 time steps): 1.0573
--ADE (20 time steps): 0.7826	--FDE (20 time steps): 1.6651
[INFO] Checkpoint saved to ./results/5_14_Kitti_9D_Baseline_SelectedTrajs/5_14_Kitti_9D_Baseline_SelectedTrajs/models/checkpoint_epoch_90.pth
[2025-03-24 18:45:54] Epoch: 90		Loss: 40.429924	Loss Translation.: 0.066024	Loss Rotation.: 0.692400	Combined Loss Dist.: 38.145401	Loss Uncertainty: 2.284523
--ADE (5 time steps): 0.1736	--FDE (5 time steps): 0.2348
--ADE (10 time steps): 0.3327	--FDE (10 time steps): 0.5853
--ADE (15 time steps): 0.5341	--FDE (15 time steps): 1.0572
--ADE (20 time steps): 0.7825	--FDE (20 time steps): 1.6651
[INFO] Checkpoint saved to ./results/5_14_Kitti_9D_Baseline_SelectedTrajs/5_14_Kitti_9D_Baseline_SelectedTrajs/models/checkpoint_epoch_91.pth
[2025-03-24 18:45:59] Epoch: 91		Loss: 40.427785	Loss Translation.: 0.066011	Loss Rotation.: 0.692374	Combined Loss Dist.: 38.143322	Loss Uncertainty: 2.284462
--ADE (5 time steps): 0.1736	--FDE (5 time steps): 0.2348
--ADE (10 time steps): 0.3327	--FDE (10 time steps): 0.5853
--ADE (15 time steps): 0.5341	--FDE (15 time steps): 1.0572
--ADE (20 time steps): 0.7826	--FDE (20 time steps): 1.6651
[INFO] Checkpoint saved to ./results/5_14_Kitti_9D_Baseline_SelectedTrajs/5_14_Kitti_9D_Baseline_SelectedTrajs/models/checkpoint_epoch_92.pth
[2025-03-24 18:46:05] Epoch: 92		Loss: 40.425605	Loss Translation.: 0.066002	Loss Rotation.: 0.692346	Combined Loss Dist.: 38.141203	Loss Uncertainty: 2.284403
--ADE (5 time steps): 0.1736	--FDE (5 time steps): 0.2348
--ADE (10 time steps): 0.3327	--FDE (10 time steps): 0.5853
--ADE (15 time steps): 0.5341	--FDE (15 time steps): 1.0572
--ADE (20 time steps): 0.7825	--FDE (20 time steps): 1.6650
[INFO] Checkpoint saved to ./results/5_14_Kitti_9D_Baseline_SelectedTrajs/5_14_Kitti_9D_Baseline_SelectedTrajs/models/checkpoint_epoch_93.pth
[2025-03-24 18:46:10] Epoch: 93		Loss: 40.423472	Loss Translation.: 0.065989	Loss Rotation.: 0.692321	Combined Loss Dist.: 38.139133	Loss Uncertainty: 2.284340
--ADE (5 time steps): 0.1736	--FDE (5 time steps): 0.2348
--ADE (10 time steps): 0.3327	--FDE (10 time steps): 0.5853
--ADE (15 time steps): 0.5341	--FDE (15 time steps): 1.0572
--ADE (20 time steps): 0.7826	--FDE (20 time steps): 1.6650
[INFO] Checkpoint saved to ./results/5_14_Kitti_9D_Baseline_SelectedTrajs/5_14_Kitti_9D_Baseline_SelectedTrajs/models/checkpoint_epoch_94.pth
[2025-03-24 18:46:15] Epoch: 94		Loss: 40.421320	Loss Translation.: 0.065980	Loss Rotation.: 0.692293	Combined Loss Dist.: 38.137038	Loss Uncertainty: 2.284281
--ADE (5 time steps): 0.1736	--FDE (5 time steps): 0.2348
--ADE (10 time steps): 0.3327	--FDE (10 time steps): 0.5853
--ADE (15 time steps): 0.5341	--FDE (15 time steps): 1.0572
--ADE (20 time steps): 0.7826	--FDE (20 time steps): 1.6650
[INFO] Checkpoint saved to ./results/5_14_Kitti_9D_Baseline_SelectedTrajs/5_14_Kitti_9D_Baseline_SelectedTrajs/models/checkpoint_epoch_95.pth
[2025-03-24 18:46:21] Epoch: 95		Loss: 40.419301	Loss Translation.: 0.065968	Loss Rotation.: 0.692269	Combined Loss Dist.: 38.135082	Loss Uncertainty: 2.284219
--ADE (5 time steps): 0.1736	--FDE (5 time steps): 0.2348
--ADE (10 time steps): 0.3327	--FDE (10 time steps): 0.5853
--ADE (15 time steps): 0.5341	--FDE (15 time steps): 1.0571
--ADE (20 time steps): 0.7826	--FDE (20 time steps): 1.6650
[INFO] Checkpoint saved to ./results/5_14_Kitti_9D_Baseline_SelectedTrajs/5_14_Kitti_9D_Baseline_SelectedTrajs/models/checkpoint_epoch_96.pth
[2025-03-24 18:46:26] Epoch: 96		Loss: 40.416344	Loss Translation.: 0.065949	Loss Rotation.: 0.692234	Combined Loss Dist.: 38.132172	Loss Uncertainty: 2.284171
--ADE (5 time steps): 0.1736	--FDE (5 time steps): 0.2348
--ADE (10 time steps): 0.3327	--FDE (10 time steps): 0.5854
--ADE (15 time steps): 0.5342	--FDE (15 time steps): 1.0572
--ADE (20 time steps): 0.7826	--FDE (20 time steps): 1.6651
[INFO] Checkpoint saved to ./results/5_14_Kitti_9D_Baseline_SelectedTrajs/5_14_Kitti_9D_Baseline_SelectedTrajs/models/checkpoint_epoch_97.pth
[2025-03-24 18:46:31] Epoch: 97		Loss: 40.415274	Loss Translation.: 0.065945	Loss Rotation.: 0.692221	Combined Loss Dist.: 38.131133	Loss Uncertainty: 2.284141
--ADE (5 time steps): 0.1736	--FDE (5 time steps): 0.2348
--ADE (10 time steps): 0.3327	--FDE (10 time steps): 0.5854
--ADE (15 time steps): 0.5342	--FDE (15 time steps): 1.0572
--ADE (20 time steps): 0.7826	--FDE (20 time steps): 1.6650
[INFO] Checkpoint saved to ./results/5_14_Kitti_9D_Baseline_SelectedTrajs/5_14_Kitti_9D_Baseline_SelectedTrajs/models/checkpoint_epoch_98.pth
[2025-03-24 18:46:37] Epoch: 98		Loss: 40.414178	Loss Translation.: 0.065939	Loss Rotation.: 0.692208	Combined Loss Dist.: 38.130068	Loss Uncertainty: 2.284110
--ADE (5 time steps): 0.1736	--FDE (5 time steps): 0.2348
--ADE (10 time steps): 0.3327	--FDE (10 time steps): 0.5854
--ADE (15 time steps): 0.5342	--FDE (15 time steps): 1.0572
--ADE (20 time steps): 0.7826	--FDE (20 time steps): 1.6650
[INFO] Checkpoint saved to ./results/5_14_Kitti_9D_Baseline_SelectedTrajs/5_14_Kitti_9D_Baseline_SelectedTrajs/models/checkpoint_epoch_99.pth
[2025-03-24 18:46:42] Epoch: 99		Loss: 40.413102	Loss Translation.: 0.065934	Loss Rotation.: 0.692194	Combined Loss Dist.: 38.129022	Loss Uncertainty: 2.284079
--ADE (5 time steps): 0.1736	--FDE (5 time steps): 0.2348
--ADE (10 time steps): 0.3327	--FDE (10 time steps): 0.5854
--ADE (15 time steps): 0.5342	--FDE (15 time steps): 1.0572
--ADE (20 time steps): 0.7826	--FDE (20 time steps): 1.6650
[INFO] Checkpoint saved to ./results/5_14_Kitti_9D_Baseline_SelectedTrajs/5_14_Kitti_9D_Baseline_SelectedTrajs/models/checkpoint_epoch_100.pth

JOB STATISTICS
==============
Job ID: 10746154
Cluster: snellius
User/Group: scur2440/scur2440
State: RUNNING
Nodes: 1
Cores per node: 18
CPU Utilized: 00:00:00
CPU Efficiency: 0.00% of 02:45:54 core-walltime
Job Wall-clock time: 00:09:13
Memory Utilized: 0.00 MB (estimated maximum)
Memory Efficiency: 0.00% of 120.00 GB (120.00 GB/node)
WARNING: Efficiency statistics may be misleading for RUNNING jobs.
