***************************************************************************************************** 
* WARNING: The 2022 software stack is deprecated. Please consider switching to
the latest 2024 * 
* software stack, or the older 2023 software stack. * 
* * 
* If you have any question, please contact us via
http://servicedesk.surfsara.nl. * 
***************************************************************************************************** 

Configuration:
description: LED
results_root_dir: results
dataset: newer
dimensions: 3
past_frames: 10
future_frames: 24
min_past_frames: 10
min_future_frames: 24
k_preds: 24
traj_mean: [14, 7.5]
traj_scale: 5
relative: False
normalised: False
overfitting: False
pretrained_core_denoising_model: ./results/checkpoints/base_diffusion_model.p
debug: False
diffusion: {'steps': 100, 'beta_start': 0.0001, 'beta_end': 0.05, 'beta_schedule': 'linear'}
lr: 0.001
train_batch_size: 10
test_batch_size: 500
num_epochs: 100
test_interval: 1
lr_scheduler: step
decay_step: 8
decay_gamma: 0.5

[INFO] NEWER dataset (1 agent).
Overfitting: False
Time diff avg (fut): 2.26950
Overfitting: False
Time diff avg (fut): 2.26950
[INFO] Now using random trajectory shuffling.

Train dataset:
Length: 676
Total x, y and z distances travelled: 2.07619, 2.14890, 0.36376
Euclidean dist diff avg: 3.24609

Test dataset:
Length: 85
Total x, y and z distances travelled: 1.94352, 2.34813, 0.35760
Euclidean dist diff avg: 3.28638

[INFO] NEWER dataset - skip subtracting mean from absolute positions.
[INFO] Training from scratch - without pretrained models (Not NBA with frame standard configs)

[Core Denoising Model] Trainable/Total: 6577560/6577560
[Initialization Model] Trainable/Total: 5598593/5598593
[2025-03-03 23:20:02] Epoch: 0		Loss: 18.322640	Loss Translation.: 16.230804	Loss Uncertainty: 2.091835
--ADE (5 time steps): 0.4992	--FDE (5 time steps): 0.5267
--ADE (10 time steps): 0.6424	--FDE (10 time steps): 0.7303
--ADE (15 time steps): 0.7896	--FDE (15 time steps): 1.1987
--ADE (20 time steps): 0.9496	--FDE (20 time steps): 1.5425
[INFO] Checkpoint saved to ./results/5_3_MultiNewer_3D/5_3_MultiNewer_3D/models/checkpoint_epoch_1.pth
[2025-03-03 23:20:10] Epoch: 1		Loss: 11.552711	Loss Translation.: 9.877380	Loss Uncertainty: 1.675331
--ADE (5 time steps): 0.4109	--FDE (5 time steps): 0.3916
--ADE (10 time steps): 0.5298	--FDE (10 time steps): 0.7678
--ADE (15 time steps): 0.6705	--FDE (15 time steps): 0.8969
--ADE (20 time steps): 0.8290	--FDE (20 time steps): 1.4054
[INFO] Checkpoint saved to ./results/5_3_MultiNewer_3D/5_3_MultiNewer_3D/models/checkpoint_epoch_2.pth
[2025-03-03 23:20:18] Epoch: 2		Loss: 9.733124	Loss Translation.: 8.184303	Loss Uncertainty: 1.548821
--ADE (5 time steps): 0.3635	--FDE (5 time steps): 0.3348
--ADE (10 time steps): 0.4706	--FDE (10 time steps): 0.6410
--ADE (15 time steps): 0.5980	--FDE (15 time steps): 0.9277
--ADE (20 time steps): 0.7429	--FDE (20 time steps): 1.2965
[INFO] Checkpoint saved to ./results/5_3_MultiNewer_3D/5_3_MultiNewer_3D/models/checkpoint_epoch_3.pth
[2025-03-03 23:20:25] Epoch: 3		Loss: 8.566042	Loss Translation.: 7.131780	Loss Uncertainty: 1.434261
--ADE (5 time steps): 0.3808	--FDE (5 time steps): 0.3146
--ADE (10 time steps): 0.4521	--FDE (10 time steps): 0.4977
--ADE (15 time steps): 0.5309	--FDE (15 time steps): 0.7432
--ADE (20 time steps): 0.6441	--FDE (20 time steps): 1.0335
[INFO] Checkpoint saved to ./results/5_3_MultiNewer_3D/5_3_MultiNewer_3D/models/checkpoint_epoch_4.pth
[2025-03-03 23:20:33] Epoch: 4		Loss: 8.198041	Loss Translation.: 6.907766	Loss Uncertainty: 1.290275
--ADE (5 time steps): 0.4187	--FDE (5 time steps): 0.3467
--ADE (10 time steps): 0.4808	--FDE (10 time steps): 0.4946
--ADE (15 time steps): 0.5459	--FDE (15 time steps): 0.6340
--ADE (20 time steps): 0.6442	--FDE (20 time steps): 0.9360
[INFO] Checkpoint saved to ./results/5_3_MultiNewer_3D/5_3_MultiNewer_3D/models/checkpoint_epoch_5.pth
[2025-03-03 23:20:41] Epoch: 5		Loss: 7.656375	Loss Translation.: 6.506313	Loss Uncertainty: 1.150061
--ADE (5 time steps): 0.3394	--FDE (5 time steps): 0.2625
--ADE (10 time steps): 0.4081	--FDE (10 time steps): 0.4648
--ADE (15 time steps): 0.4781	--FDE (15 time steps): 0.6595
--ADE (20 time steps): 0.5663	--FDE (20 time steps): 0.8238
[INFO] Checkpoint saved to ./results/5_3_MultiNewer_3D/5_3_MultiNewer_3D/models/checkpoint_epoch_6.pth
[2025-03-03 23:20:49] Epoch: 6		Loss: 6.403833	Loss Translation.: 5.400952	Loss Uncertainty: 1.002881
--ADE (5 time steps): 0.3571	--FDE (5 time steps): 0.3359
--ADE (10 time steps): 0.4181	--FDE (10 time steps): 0.3916
--ADE (15 time steps): 0.4734	--FDE (15 time steps): 0.5090
--ADE (20 time steps): 0.5359	--FDE (20 time steps): 0.7646
[INFO] Checkpoint saved to ./results/5_3_MultiNewer_3D/5_3_MultiNewer_3D/models/checkpoint_epoch_7.pth
[2025-03-03 23:20:57] Epoch: 7		Loss: 6.082115	Loss Translation.: 5.210125	Loss Uncertainty: 0.871990
--ADE (5 time steps): 0.4890	--FDE (5 time steps): 0.4500
--ADE (10 time steps): 0.4817	--FDE (10 time steps): 0.4239
--ADE (15 time steps): 0.5034	--FDE (15 time steps): 0.5314
--ADE (20 time steps): 0.5494	--FDE (20 time steps): 0.6817
[INFO] Checkpoint saved to ./results/5_3_MultiNewer_3D/5_3_MultiNewer_3D/models/checkpoint_epoch_8.pth
[2025-03-03 23:21:04] Epoch: 8		Loss: 5.132622	Loss Translation.: 4.342844	Loss Uncertainty: 0.789777
--ADE (5 time steps): 0.1947	--FDE (5 time steps): 0.1940
--ADE (10 time steps): 0.2434	--FDE (10 time steps): 0.2863
--ADE (15 time steps): 0.3151	--FDE (15 time steps): 0.4359
--ADE (20 time steps): 0.3857	--FDE (20 time steps): 0.5718
[INFO] Checkpoint saved to ./results/5_3_MultiNewer_3D/5_3_MultiNewer_3D/models/checkpoint_epoch_9.pth
[2025-03-03 23:21:12] Epoch: 9		Loss: 4.265692	Loss Translation.: 3.556284	Loss Uncertainty: 0.709408
--ADE (5 time steps): 0.1906	--FDE (5 time steps): 0.1740
--ADE (10 time steps): 0.2270	--FDE (10 time steps): 0.2562
--ADE (15 time steps): 0.2749	--FDE (15 time steps): 0.3889
--ADE (20 time steps): 0.3354	--FDE (20 time steps): 0.4867
[INFO] Checkpoint saved to ./results/5_3_MultiNewer_3D/5_3_MultiNewer_3D/models/checkpoint_epoch_10.pth
[2025-03-03 23:21:21] Epoch: 10		Loss: 4.129412	Loss Translation.: 3.478905	Loss Uncertainty: 0.650507
--ADE (5 time steps): 0.1638	--FDE (5 time steps): 0.1713
--ADE (10 time steps): 0.2191	--FDE (10 time steps): 0.2740
--ADE (15 time steps): 0.2725	--FDE (15 time steps): 0.4100
--ADE (20 time steps): 0.3351	--FDE (20 time steps): 0.5269
[INFO] Checkpoint saved to ./results/5_3_MultiNewer_3D/5_3_MultiNewer_3D/models/checkpoint_epoch_11.pth
[2025-03-03 23:21:29] Epoch: 11		Loss: 3.950888	Loss Translation.: 3.364574	Loss Uncertainty: 0.586314
--ADE (5 time steps): 0.1575	--FDE (5 time steps): 0.1565
--ADE (10 time steps): 0.2126	--FDE (10 time steps): 0.2735
--ADE (15 time steps): 0.2775	--FDE (15 time steps): 0.4130
--ADE (20 time steps): 0.3431	--FDE (20 time steps): 0.5492
[INFO] Checkpoint saved to ./results/5_3_MultiNewer_3D/5_3_MultiNewer_3D/models/checkpoint_epoch_12.pth
[2025-03-03 23:21:37] Epoch: 12		Loss: 3.704034	Loss Translation.: 3.181817	Loss Uncertainty: 0.522217
--ADE (5 time steps): 0.1662	--FDE (5 time steps): 0.1483
--ADE (10 time steps): 0.2013	--FDE (10 time steps): 0.2235
--ADE (15 time steps): 0.2542	--FDE (15 time steps): 0.3749
--ADE (20 time steps): 0.3174	--FDE (20 time steps): 0.5115
[INFO] Checkpoint saved to ./results/5_3_MultiNewer_3D/5_3_MultiNewer_3D/models/checkpoint_epoch_13.pth
[2025-03-03 23:21:45] Epoch: 13		Loss: 3.680692	Loss Translation.: 3.206992	Loss Uncertainty: 0.473700
--ADE (5 time steps): 0.1647	--FDE (5 time steps): 0.1834
--ADE (10 time steps): 0.2071	--FDE (10 time steps): 0.2670
--ADE (15 time steps): 0.2649	--FDE (15 time steps): 0.3320
--ADE (20 time steps): 0.3222	--FDE (20 time steps): 0.4700
[INFO] Checkpoint saved to ./results/5_3_MultiNewer_3D/5_3_MultiNewer_3D/models/checkpoint_epoch_14.pth
[2025-03-03 23:21:53] Epoch: 14		Loss: 3.531301	Loss Translation.: 3.120278	Loss Uncertainty: 0.411023
--ADE (5 time steps): 0.1793	--FDE (5 time steps): 0.1892
--ADE (10 time steps): 0.2226	--FDE (10 time steps): 0.2775
--ADE (15 time steps): 0.2728	--FDE (15 time steps): 0.3518
--ADE (20 time steps): 0.3214	--FDE (20 time steps): 0.4583
[INFO] Checkpoint saved to ./results/5_3_MultiNewer_3D/5_3_MultiNewer_3D/models/checkpoint_epoch_15.pth
[2025-03-03 23:22:00] Epoch: 15		Loss: 3.264223	Loss Translation.: 2.940159	Loss Uncertainty: 0.324064
--ADE (5 time steps): 0.1500	--FDE (5 time steps): 0.1528
--ADE (10 time steps): 0.1866	--FDE (10 time steps): 0.2288
--ADE (15 time steps): 0.2275	--FDE (15 time steps): 0.2875
--ADE (20 time steps): 0.2798	--FDE (20 time steps): 0.4332
[INFO] Checkpoint saved to ./results/5_3_MultiNewer_3D/5_3_MultiNewer_3D/models/checkpoint_epoch_16.pth
[2025-03-03 23:22:08] Epoch: 16		Loss: 2.879965	Loss Translation.: 2.625536	Loss Uncertainty: 0.254429
--ADE (5 time steps): 0.1268	--FDE (5 time steps): 0.1272
--ADE (10 time steps): 0.1592	--FDE (10 time steps): 0.2071
--ADE (15 time steps): 0.2037	--FDE (15 time steps): 0.2985
--ADE (20 time steps): 0.2570	--FDE (20 time steps): 0.3967
[INFO] Checkpoint saved to ./results/5_3_MultiNewer_3D/5_3_MultiNewer_3D/models/checkpoint_epoch_17.pth
[2025-03-03 23:22:16] Epoch: 17		Loss: 2.556806	Loss Translation.: 2.374458	Loss Uncertainty: 0.182348
--ADE (5 time steps): 0.1461	--FDE (5 time steps): 0.1409
--ADE (10 time steps): 0.1702	--FDE (10 time steps): 0.2025
--ADE (15 time steps): 0.2104	--FDE (15 time steps): 0.2671
--ADE (20 time steps): 0.2542	--FDE (20 time steps): 0.3804
[INFO] Checkpoint saved to ./results/5_3_MultiNewer_3D/5_3_MultiNewer_3D/models/checkpoint_epoch_18.pth
[2025-03-03 23:22:24] Epoch: 18		Loss: 2.408967	Loss Translation.: 2.271447	Loss Uncertainty: 0.137520
--ADE (5 time steps): 0.1360	--FDE (5 time steps): 0.1310
--ADE (10 time steps): 0.1698	--FDE (10 time steps): 0.2063
--ADE (15 time steps): 0.2068	--FDE (15 time steps): 0.2714
--ADE (20 time steps): 0.2469	--FDE (20 time steps): 0.3558
[INFO] Checkpoint saved to ./results/5_3_MultiNewer_3D/5_3_MultiNewer_3D/models/checkpoint_epoch_19.pth
[2025-03-03 23:22:31] Epoch: 19		Loss: 2.493243	Loss Translation.: 2.370191	Loss Uncertainty: 0.123052
--ADE (5 time steps): 0.1260	--FDE (5 time steps): 0.1186
--ADE (10 time steps): 0.1570	--FDE (10 time steps): 0.1871
--ADE (15 time steps): 0.1947	--FDE (15 time steps): 0.2749
--ADE (20 time steps): 0.2402	--FDE (20 time steps): 0.3580
[INFO] Checkpoint saved to ./results/5_3_MultiNewer_3D/5_3_MultiNewer_3D/models/checkpoint_epoch_20.pth
[2025-03-03 23:22:39] Epoch: 20		Loss: 2.477927	Loss Translation.: 2.384829	Loss Uncertainty: 0.093098
--ADE (5 time steps): 0.1403	--FDE (5 time steps): 0.1520
--ADE (10 time steps): 0.1862	--FDE (10 time steps): 0.2434
--ADE (15 time steps): 0.2221	--FDE (15 time steps): 0.2950
--ADE (20 time steps): 0.2668	--FDE (20 time steps): 0.3976
[INFO] Checkpoint saved to ./results/5_3_MultiNewer_3D/5_3_MultiNewer_3D/models/checkpoint_epoch_21.pth
[2025-03-03 23:22:47] Epoch: 21		Loss: 2.435628	Loss Translation.: 2.361675	Loss Uncertainty: 0.073954
--ADE (5 time steps): 0.1352	--FDE (5 time steps): 0.1213
--ADE (10 time steps): 0.1622	--FDE (10 time steps): 0.1818
--ADE (15 time steps): 0.1983	--FDE (15 time steps): 0.2696
--ADE (20 time steps): 0.2451	--FDE (20 time steps): 0.3672
[INFO] Checkpoint saved to ./results/5_3_MultiNewer_3D/5_3_MultiNewer_3D/models/checkpoint_epoch_22.pth
[2025-03-03 23:22:55] Epoch: 22		Loss: 2.327339	Loss Translation.: 2.303147	Loss Uncertainty: 0.024192
--ADE (5 time steps): 0.1220	--FDE (5 time steps): 0.1364
--ADE (10 time steps): 0.1631	--FDE (10 time steps): 0.2218
--ADE (15 time steps): 0.2011	--FDE (15 time steps): 0.2726
--ADE (20 time steps): 0.2475	--FDE (20 time steps): 0.3614
[INFO] Checkpoint saved to ./results/5_3_MultiNewer_3D/5_3_MultiNewer_3D/models/checkpoint_epoch_23.pth
[2025-03-03 23:23:02] Epoch: 23		Loss: 2.208360	Loss Translation.: 2.197736	Loss Uncertainty: 0.010624
--ADE (5 time steps): 0.1124	--FDE (5 time steps): 0.1105
--ADE (10 time steps): 0.1449	--FDE (10 time steps): 0.1839
--ADE (15 time steps): 0.1874	--FDE (15 time steps): 0.2845
--ADE (20 time steps): 0.2408	--FDE (20 time steps): 0.3621
[INFO] Checkpoint saved to ./results/5_3_MultiNewer_3D/5_3_MultiNewer_3D/models/checkpoint_epoch_24.pth
[2025-03-03 23:23:10] Epoch: 24		Loss: 2.084527	Loss Translation.: 2.118324	Loss Uncertainty: -0.033797
--ADE (5 time steps): 0.1094	--FDE (5 time steps): 0.1117
--ADE (10 time steps): 0.1387	--FDE (10 time steps): 0.1687
--ADE (15 time steps): 0.1786	--FDE (15 time steps): 0.2449
--ADE (20 time steps): 0.2260	--FDE (20 time steps): 0.3092
[INFO] Checkpoint saved to ./results/5_3_MultiNewer_3D/5_3_MultiNewer_3D/models/checkpoint_epoch_25.pth
[2025-03-03 23:23:18] Epoch: 25		Loss: 1.768091	Loss Translation.: 1.856640	Loss Uncertainty: -0.088549
--ADE (5 time steps): 0.0988	--FDE (5 time steps): 0.1004
--ADE (10 time steps): 0.1343	--FDE (10 time steps): 0.1734
--ADE (15 time steps): 0.1744	--FDE (15 time steps): 0.2497
--ADE (20 time steps): 0.2189	--FDE (20 time steps): 0.3055
[INFO] Checkpoint saved to ./results/5_3_MultiNewer_3D/5_3_MultiNewer_3D/models/checkpoint_epoch_26.pth
[2025-03-03 23:23:26] Epoch: 26		Loss: 1.767028	Loss Translation.: 1.862842	Loss Uncertainty: -0.095813
--ADE (5 time steps): 0.0923	--FDE (5 time steps): 0.0999
--ADE (10 time steps): 0.1305	--FDE (10 time steps): 0.1837
--ADE (15 time steps): 0.1721	--FDE (15 time steps): 0.2580
--ADE (20 time steps): 0.2221	--FDE (20 time steps): 0.3168
[INFO] Checkpoint saved to ./results/5_3_MultiNewer_3D/5_3_MultiNewer_3D/models/checkpoint_epoch_27.pth
[2025-03-03 23:23:33] Epoch: 27		Loss: 1.623907	Loss Translation.: 1.740891	Loss Uncertainty: -0.116984
--ADE (5 time steps): 0.0960	--FDE (5 time steps): 0.0984
--ADE (10 time steps): 0.1258	--FDE (10 time steps): 0.1582
--ADE (15 time steps): 0.1597	--FDE (15 time steps): 0.2354
--ADE (20 time steps): 0.2026	--FDE (20 time steps): 0.2940
[INFO] Checkpoint saved to ./results/5_3_MultiNewer_3D/5_3_MultiNewer_3D/models/checkpoint_epoch_28.pth
[2025-03-03 23:23:41] Epoch: 28		Loss: 1.592769	Loss Translation.: 1.734966	Loss Uncertainty: -0.142196
--ADE (5 time steps): 0.0945	--FDE (5 time steps): 0.1007
--ADE (10 time steps): 0.1277	--FDE (10 time steps): 0.1670
--ADE (15 time steps): 0.1668	--FDE (15 time steps): 0.2444
--ADE (20 time steps): 0.2078	--FDE (20 time steps): 0.2977
[INFO] Checkpoint saved to ./results/5_3_MultiNewer_3D/5_3_MultiNewer_3D/models/checkpoint_epoch_29.pth
[2025-03-03 23:23:49] Epoch: 29		Loss: 1.603138	Loss Translation.: 1.748567	Loss Uncertainty: -0.145429
--ADE (5 time steps): 0.1002	--FDE (5 time steps): 0.1006
--ADE (10 time steps): 0.1273	--FDE (10 time steps): 0.1586
--ADE (15 time steps): 0.1623	--FDE (15 time steps): 0.2277
--ADE (20 time steps): 0.2031	--FDE (20 time steps): 0.3013
[INFO] Checkpoint saved to ./results/5_3_MultiNewer_3D/5_3_MultiNewer_3D/models/checkpoint_epoch_30.pth
[2025-03-03 23:23:57] Epoch: 30		Loss: 1.497200	Loss Translation.: 1.676483	Loss Uncertainty: -0.179283
--ADE (5 time steps): 0.1046	--FDE (5 time steps): 0.1106
--ADE (10 time steps): 0.1342	--FDE (10 time steps): 0.1723
--ADE (15 time steps): 0.1687	--FDE (15 time steps): 0.2368
--ADE (20 time steps): 0.2076	--FDE (20 time steps): 0.3100
[INFO] Checkpoint saved to ./results/5_3_MultiNewer_3D/5_3_MultiNewer_3D/models/checkpoint_epoch_31.pth
[2025-03-03 23:24:04] Epoch: 31		Loss: 1.479402	Loss Translation.: 1.664310	Loss Uncertainty: -0.184907
--ADE (5 time steps): 0.0973	--FDE (5 time steps): 0.1045
--ADE (10 time steps): 0.1282	--FDE (10 time steps): 0.1631
--ADE (15 time steps): 0.1621	--FDE (15 time steps): 0.2292
--ADE (20 time steps): 0.2013	--FDE (20 time steps): 0.3124
[INFO] Checkpoint saved to ./results/5_3_MultiNewer_3D/5_3_MultiNewer_3D/models/checkpoint_epoch_32.pth
[2025-03-03 23:24:12] Epoch: 32		Loss: 1.317201	Loss Translation.: 1.544340	Loss Uncertainty: -0.227139
--ADE (5 time steps): 0.1047	--FDE (5 time steps): 0.1140
--ADE (10 time steps): 0.1317	--FDE (10 time steps): 0.1659
--ADE (15 time steps): 0.1664	--FDE (15 time steps): 0.2438
--ADE (20 time steps): 0.2052	--FDE (20 time steps): 0.3182
[INFO] Checkpoint saved to ./results/5_3_MultiNewer_3D/5_3_MultiNewer_3D/models/checkpoint_epoch_33.pth
[2025-03-03 23:24:20] Epoch: 33		Loss: 1.327623	Loss Translation.: 1.564185	Loss Uncertainty: -0.236562
--ADE (5 time steps): 0.1011	--FDE (5 time steps): 0.1065
--ADE (10 time steps): 0.1292	--FDE (10 time steps): 0.1613
--ADE (15 time steps): 0.1613	--FDE (15 time steps): 0.2348
--ADE (20 time steps): 0.2002	--FDE (20 time steps): 0.3058
[INFO] Checkpoint saved to ./results/5_3_MultiNewer_3D/5_3_MultiNewer_3D/models/checkpoint_epoch_34.pth
[2025-03-03 23:24:28] Epoch: 34		Loss: 1.235427	Loss Translation.: 1.489375	Loss Uncertainty: -0.253947
--ADE (5 time steps): 0.0968	--FDE (5 time steps): 0.1036
--ADE (10 time steps): 0.1258	--FDE (10 time steps): 0.1587
--ADE (15 time steps): 0.1591	--FDE (15 time steps): 0.2292
--ADE (20 time steps): 0.1974	--FDE (20 time steps): 0.3021
[INFO] Checkpoint saved to ./results/5_3_MultiNewer_3D/5_3_MultiNewer_3D/models/checkpoint_epoch_35.pth
[2025-03-03 23:24:35] Epoch: 35		Loss: 1.226420	Loss Translation.: 1.486890	Loss Uncertainty: -0.260470
--ADE (5 time steps): 0.0973	--FDE (5 time steps): 0.1024
--ADE (10 time steps): 0.1247	--FDE (10 time steps): 0.1520
--ADE (15 time steps): 0.1556	--FDE (15 time steps): 0.2206
--ADE (20 time steps): 0.1915	--FDE (20 time steps): 0.2877
[INFO] Checkpoint saved to ./results/5_3_MultiNewer_3D/5_3_MultiNewer_3D/models/checkpoint_epoch_36.pth
[2025-03-03 23:24:43] Epoch: 36		Loss: 1.150899	Loss Translation.: 1.425186	Loss Uncertainty: -0.274287
--ADE (5 time steps): 0.0955	--FDE (5 time steps): 0.1032
--ADE (10 time steps): 0.1235	--FDE (10 time steps): 0.1543
--ADE (15 time steps): 0.1553	--FDE (15 time steps): 0.2202
--ADE (20 time steps): 0.1939	--FDE (20 time steps): 0.2927
[INFO] Checkpoint saved to ./results/5_3_MultiNewer_3D/5_3_MultiNewer_3D/models/checkpoint_epoch_37.pth
[2025-03-03 23:24:51] Epoch: 37		Loss: 1.128670	Loss Translation.: 1.413170	Loss Uncertainty: -0.284500
--ADE (5 time steps): 0.0995	--FDE (5 time steps): 0.1047
--ADE (10 time steps): 0.1292	--FDE (10 time steps): 0.1575
--ADE (15 time steps): 0.1594	--FDE (15 time steps): 0.2273
--ADE (20 time steps): 0.1956	--FDE (20 time steps): 0.3004
[INFO] Checkpoint saved to ./results/5_3_MultiNewer_3D/5_3_MultiNewer_3D/models/checkpoint_epoch_38.pth
[2025-03-03 23:24:59] Epoch: 38		Loss: 1.113393	Loss Translation.: 1.405695	Loss Uncertainty: -0.292303
--ADE (5 time steps): 0.1021	--FDE (5 time steps): 0.1086
--ADE (10 time steps): 0.1290	--FDE (10 time steps): 0.1598
--ADE (15 time steps): 0.1608	--FDE (15 time steps): 0.2272
--ADE (20 time steps): 0.1975	--FDE (20 time steps): 0.2959
[INFO] Checkpoint saved to ./results/5_3_MultiNewer_3D/5_3_MultiNewer_3D/models/checkpoint_epoch_39.pth
[2025-03-03 23:25:06] Epoch: 39		Loss: 1.059440	Loss Translation.: 1.365515	Loss Uncertainty: -0.306075
--ADE (5 time steps): 0.1017	--FDE (5 time steps): 0.1100
--ADE (10 time steps): 0.1289	--FDE (10 time steps): 0.1612
--ADE (15 time steps): 0.1603	--FDE (15 time steps): 0.2278
--ADE (20 time steps): 0.1949	--FDE (20 time steps): 0.2922
[INFO] Checkpoint saved to ./results/5_3_MultiNewer_3D/5_3_MultiNewer_3D/models/checkpoint_epoch_40.pth
[2025-03-03 23:25:14] Epoch: 40		Loss: 1.062159	Loss Translation.: 1.377581	Loss Uncertainty: -0.315422
--ADE (5 time steps): 0.0889	--FDE (5 time steps): 0.0971
--ADE (10 time steps): 0.1188	--FDE (10 time steps): 0.1550
--ADE (15 time steps): 0.1518	--FDE (15 time steps): 0.2266
--ADE (20 time steps): 0.1908	--FDE (20 time steps): 0.2951
[INFO] Checkpoint saved to ./results/5_3_MultiNewer_3D/5_3_MultiNewer_3D/models/checkpoint_epoch_41.pth
[2025-03-03 23:25:22] Epoch: 41		Loss: 1.039466	Loss Translation.: 1.359306	Loss Uncertainty: -0.319840
--ADE (5 time steps): 0.0871	--FDE (5 time steps): 0.0933
--ADE (10 time steps): 0.1174	--FDE (10 time steps): 0.1515
--ADE (15 time steps): 0.1506	--FDE (15 time steps): 0.2261
--ADE (20 time steps): 0.1901	--FDE (20 time steps): 0.2887
[INFO] Checkpoint saved to ./results/5_3_MultiNewer_3D/5_3_MultiNewer_3D/models/checkpoint_epoch_42.pth
[2025-03-03 23:25:30] Epoch: 42		Loss: 0.986753	Loss Translation.: 1.314116	Loss Uncertainty: -0.327363
--ADE (5 time steps): 0.0891	--FDE (5 time steps): 0.0961
--ADE (10 time steps): 0.1179	--FDE (10 time steps): 0.1493
--ADE (15 time steps): 0.1499	--FDE (15 time steps): 0.2234
--ADE (20 time steps): 0.1897	--FDE (20 time steps): 0.2930
[INFO] Checkpoint saved to ./results/5_3_MultiNewer_3D/5_3_MultiNewer_3D/models/checkpoint_epoch_43.pth
[2025-03-03 23:25:37] Epoch: 43		Loss: 0.955878	Loss Translation.: 1.290787	Loss Uncertainty: -0.334909
--ADE (5 time steps): 0.0893	--FDE (5 time steps): 0.0967
--ADE (10 time steps): 0.1185	--FDE (10 time steps): 0.1501
--ADE (15 time steps): 0.1512	--FDE (15 time steps): 0.2258
--ADE (20 time steps): 0.1913	--FDE (20 time steps): 0.2927
[INFO] Checkpoint saved to ./results/5_3_MultiNewer_3D/5_3_MultiNewer_3D/models/checkpoint_epoch_44.pth
[2025-03-03 23:25:45] Epoch: 44		Loss: 0.927565	Loss Translation.: 1.270720	Loss Uncertainty: -0.343156
--ADE (5 time steps): 0.0885	--FDE (5 time steps): 0.0949
--ADE (10 time steps): 0.1166	--FDE (10 time steps): 0.1466
--ADE (15 time steps): 0.1484	--FDE (15 time steps): 0.2222
--ADE (20 time steps): 0.1880	--FDE (20 time steps): 0.2885
[INFO] Checkpoint saved to ./results/5_3_MultiNewer_3D/5_3_MultiNewer_3D/models/checkpoint_epoch_45.pth
[2025-03-03 23:25:54] Epoch: 45		Loss: 0.893349	Loss Translation.: 1.242006	Loss Uncertainty: -0.348656
--ADE (5 time steps): 0.0881	--FDE (5 time steps): 0.0943
--ADE (10 time steps): 0.1164	--FDE (10 time steps): 0.1442
--ADE (15 time steps): 0.1481	--FDE (15 time steps): 0.2201
--ADE (20 time steps): 0.1880	--FDE (20 time steps): 0.2867
[INFO] Checkpoint saved to ./results/5_3_MultiNewer_3D/5_3_MultiNewer_3D/models/checkpoint_epoch_46.pth
[2025-03-03 23:26:01] Epoch: 46		Loss: 0.887300	Loss Translation.: 1.240709	Loss Uncertainty: -0.353409
--ADE (5 time steps): 0.0883	--FDE (5 time steps): 0.0944
--ADE (10 time steps): 0.1166	--FDE (10 time steps): 0.1436
--ADE (15 time steps): 0.1478	--FDE (15 time steps): 0.2198
--ADE (20 time steps): 0.1875	--FDE (20 time steps): 0.2870
[INFO] Checkpoint saved to ./results/5_3_MultiNewer_3D/5_3_MultiNewer_3D/models/checkpoint_epoch_47.pth
[2025-03-03 23:26:09] Epoch: 47		Loss: 0.864910	Loss Translation.: 1.223570	Loss Uncertainty: -0.358660
--ADE (5 time steps): 0.0880	--FDE (5 time steps): 0.0944
--ADE (10 time steps): 0.1167	--FDE (10 time steps): 0.1450
--ADE (15 time steps): 0.1488	--FDE (15 time steps): 0.2231
--ADE (20 time steps): 0.1894	--FDE (20 time steps): 0.2922
[INFO] Checkpoint saved to ./results/5_3_MultiNewer_3D/5_3_MultiNewer_3D/models/checkpoint_epoch_48.pth
[2025-03-03 23:26:17] Epoch: 48		Loss: 0.851326	Loss Translation.: 1.217458	Loss Uncertainty: -0.366132
--ADE (5 time steps): 0.0842	--FDE (5 time steps): 0.0892
--ADE (10 time steps): 0.1129	--FDE (10 time steps): 0.1446
--ADE (15 time steps): 0.1478	--FDE (15 time steps): 0.2241
--ADE (20 time steps): 0.1888	--FDE (20 time steps): 0.2928
[INFO] Checkpoint saved to ./results/5_3_MultiNewer_3D/5_3_MultiNewer_3D/models/checkpoint_epoch_49.pth
[2025-03-03 23:26:25] Epoch: 49		Loss: 0.849969	Loss Translation.: 1.218350	Loss Uncertainty: -0.368381
--ADE (5 time steps): 0.0845	--FDE (5 time steps): 0.0890
--ADE (10 time steps): 0.1127	--FDE (10 time steps): 0.1436
--ADE (15 time steps): 0.1471	--FDE (15 time steps): 0.2240
--ADE (20 time steps): 0.1881	--FDE (20 time steps): 0.2904
[INFO] Checkpoint saved to ./results/5_3_MultiNewer_3D/5_3_MultiNewer_3D/models/checkpoint_epoch_50.pth
[2025-03-03 23:26:32] Epoch: 50		Loss: 0.820652	Loss Translation.: 1.194582	Loss Uncertainty: -0.373930
--ADE (5 time steps): 0.0847	--FDE (5 time steps): 0.0891
--ADE (10 time steps): 0.1132	--FDE (10 time steps): 0.1426
--ADE (15 time steps): 0.1467	--FDE (15 time steps): 0.2232
--ADE (20 time steps): 0.1879	--FDE (20 time steps): 0.2918
[INFO] Checkpoint saved to ./results/5_3_MultiNewer_3D/5_3_MultiNewer_3D/models/checkpoint_epoch_51.pth
[2025-03-03 23:26:40] Epoch: 51		Loss: 0.799985	Loss Translation.: 1.177720	Loss Uncertainty: -0.377734
--ADE (5 time steps): 0.0848	--FDE (5 time steps): 0.0893
--ADE (10 time steps): 0.1134	--FDE (10 time steps): 0.1426
--ADE (15 time steps): 0.1467	--FDE (15 time steps): 0.2224
--ADE (20 time steps): 0.1881	--FDE (20 time steps): 0.2925
[INFO] Checkpoint saved to ./results/5_3_MultiNewer_3D/5_3_MultiNewer_3D/models/checkpoint_epoch_52.pth
[2025-03-03 23:26:48] Epoch: 52		Loss: 0.789130	Loss Translation.: 1.170104	Loss Uncertainty: -0.380974
--ADE (5 time steps): 0.0845	--FDE (5 time steps): 0.0892
--ADE (10 time steps): 0.1134	--FDE (10 time steps): 0.1436
--ADE (15 time steps): 0.1467	--FDE (15 time steps): 0.2222
--ADE (20 time steps): 0.1879	--FDE (20 time steps): 0.2937
[INFO] Checkpoint saved to ./results/5_3_MultiNewer_3D/5_3_MultiNewer_3D/models/checkpoint_epoch_53.pth
[2025-03-03 23:26:56] Epoch: 53		Loss: 0.777044	Loss Translation.: 1.160809	Loss Uncertainty: -0.383765
--ADE (5 time steps): 0.0841	--FDE (5 time steps): 0.0892
--ADE (10 time steps): 0.1136	--FDE (10 time steps): 0.1453
--ADE (15 time steps): 0.1466	--FDE (15 time steps): 0.2214
--ADE (20 time steps): 0.1881	--FDE (20 time steps): 0.2960
[INFO] Checkpoint saved to ./results/5_3_MultiNewer_3D/5_3_MultiNewer_3D/models/checkpoint_epoch_54.pth
[2025-03-03 23:27:03] Epoch: 54		Loss: 0.776942	Loss Translation.: 1.162725	Loss Uncertainty: -0.385783
--ADE (5 time steps): 0.0838	--FDE (5 time steps): 0.0883
--ADE (10 time steps): 0.1133	--FDE (10 time steps): 0.1461
--ADE (15 time steps): 0.1463	--FDE (15 time steps): 0.2207
--ADE (20 time steps): 0.1878	--FDE (20 time steps): 0.2970
[INFO] Checkpoint saved to ./results/5_3_MultiNewer_3D/5_3_MultiNewer_3D/models/checkpoint_epoch_55.pth
[2025-03-03 23:27:11] Epoch: 55		Loss: 0.763993	Loss Translation.: 1.152900	Loss Uncertainty: -0.388907
--ADE (5 time steps): 0.0841	--FDE (5 time steps): 0.0883
--ADE (10 time steps): 0.1134	--FDE (10 time steps): 0.1470
--ADE (15 time steps): 0.1468	--FDE (15 time steps): 0.2210
--ADE (20 time steps): 0.1883	--FDE (20 time steps): 0.2983
[INFO] Checkpoint saved to ./results/5_3_MultiNewer_3D/5_3_MultiNewer_3D/models/checkpoint_epoch_56.pth
[2025-03-03 23:27:19] Epoch: 56		Loss: 0.747358	Loss Translation.: 1.143100	Loss Uncertainty: -0.395742
--ADE (5 time steps): 0.0840	--FDE (5 time steps): 0.0887
--ADE (10 time steps): 0.1129	--FDE (10 time steps): 0.1448
--ADE (15 time steps): 0.1437	--FDE (15 time steps): 0.2177
--ADE (20 time steps): 0.1850	--FDE (20 time steps): 0.3031
[INFO] Checkpoint saved to ./results/5_3_MultiNewer_3D/5_3_MultiNewer_3D/models/checkpoint_epoch_57.pth
[2025-03-03 23:27:27] Epoch: 57		Loss: 0.729712	Loss Translation.: 1.128137	Loss Uncertainty: -0.398425
--ADE (5 time steps): 0.0839	--FDE (5 time steps): 0.0889
--ADE (10 time steps): 0.1128	--FDE (10 time steps): 0.1455
--ADE (15 time steps): 0.1436	--FDE (15 time steps): 0.2181
--ADE (20 time steps): 0.1851	--FDE (20 time steps): 0.3031
[INFO] Checkpoint saved to ./results/5_3_MultiNewer_3D/5_3_MultiNewer_3D/models/checkpoint_epoch_58.pth
[2025-03-03 23:27:34] Epoch: 58		Loss: 0.714928	Loss Translation.: 1.116185	Loss Uncertainty: -0.401257
--ADE (5 time steps): 0.0840	--FDE (5 time steps): 0.0892
--ADE (10 time steps): 0.1128	--FDE (10 time steps): 0.1456
--ADE (15 time steps): 0.1435	--FDE (15 time steps): 0.2186
--ADE (20 time steps): 0.1850	--FDE (20 time steps): 0.3021
[INFO] Checkpoint saved to ./results/5_3_MultiNewer_3D/5_3_MultiNewer_3D/models/checkpoint_epoch_59.pth
[2025-03-03 23:27:42] Epoch: 59		Loss: 0.704751	Loss Translation.: 1.108238	Loss Uncertainty: -0.403487
--ADE (5 time steps): 0.0844	--FDE (5 time steps): 0.0895
--ADE (10 time steps): 0.1129	--FDE (10 time steps): 0.1457
--ADE (15 time steps): 0.1436	--FDE (15 time steps): 0.2186
--ADE (20 time steps): 0.1850	--FDE (20 time steps): 0.3019
[INFO] Checkpoint saved to ./results/5_3_MultiNewer_3D/5_3_MultiNewer_3D/models/checkpoint_epoch_60.pth
[2025-03-03 23:27:50] Epoch: 60		Loss: 0.696509	Loss Translation.: 1.101628	Loss Uncertainty: -0.405119
--ADE (5 time steps): 0.0844	--FDE (5 time steps): 0.0893
--ADE (10 time steps): 0.1130	--FDE (10 time steps): 0.1458
--ADE (15 time steps): 0.1438	--FDE (15 time steps): 0.2188
--ADE (20 time steps): 0.1848	--FDE (20 time steps): 0.3011
[INFO] Checkpoint saved to ./results/5_3_MultiNewer_3D/5_3_MultiNewer_3D/models/checkpoint_epoch_61.pth
[2025-03-03 23:27:58] Epoch: 61		Loss: 0.689621	Loss Translation.: 1.096693	Loss Uncertainty: -0.407072
--ADE (5 time steps): 0.0845	--FDE (5 time steps): 0.0892
--ADE (10 time steps): 0.1130	--FDE (10 time steps): 0.1461
--ADE (15 time steps): 0.1439	--FDE (15 time steps): 0.2192
--ADE (20 time steps): 0.1847	--FDE (20 time steps): 0.3011
[INFO] Checkpoint saved to ./results/5_3_MultiNewer_3D/5_3_MultiNewer_3D/models/checkpoint_epoch_62.pth
[2025-03-03 23:28:05] Epoch: 62		Loss: 0.681586	Loss Translation.: 1.090376	Loss Uncertainty: -0.408790
--ADE (5 time steps): 0.0844	--FDE (5 time steps): 0.0891
--ADE (10 time steps): 0.1132	--FDE (10 time steps): 0.1464
--ADE (15 time steps): 0.1440	--FDE (15 time steps): 0.2192
--ADE (20 time steps): 0.1848	--FDE (20 time steps): 0.3011
[INFO] Checkpoint saved to ./results/5_3_MultiNewer_3D/5_3_MultiNewer_3D/models/checkpoint_epoch_63.pth
[2025-03-03 23:28:13] Epoch: 63		Loss: 0.673639	Loss Translation.: 1.084514	Loss Uncertainty: -0.410876
--ADE (5 time steps): 0.0845	--FDE (5 time steps): 0.0893
--ADE (10 time steps): 0.1132	--FDE (10 time steps): 0.1466
--ADE (15 time steps): 0.1442	--FDE (15 time steps): 0.2196
--ADE (20 time steps): 0.1848	--FDE (20 time steps): 0.3011
[INFO] Checkpoint saved to ./results/5_3_MultiNewer_3D/5_3_MultiNewer_3D/models/checkpoint_epoch_64.pth
[2025-03-03 23:28:21] Epoch: 64		Loss: 0.667051	Loss Translation.: 1.081784	Loss Uncertainty: -0.414733
--ADE (5 time steps): 0.0844	--FDE (5 time steps): 0.0892
--ADE (10 time steps): 0.1132	--FDE (10 time steps): 0.1481
--ADE (15 time steps): 0.1454	--FDE (15 time steps): 0.2187
--ADE (20 time steps): 0.1846	--FDE (20 time steps): 0.2979
[INFO] Checkpoint saved to ./results/5_3_MultiNewer_3D/5_3_MultiNewer_3D/models/checkpoint_epoch_65.pth
[2025-03-03 23:28:29] Epoch: 65		Loss: 0.658594	Loss Translation.: 1.075172	Loss Uncertainty: -0.416578
--ADE (5 time steps): 0.0846	--FDE (5 time steps): 0.0897
--ADE (10 time steps): 0.1133	--FDE (10 time steps): 0.1486
--ADE (15 time steps): 0.1456	--FDE (15 time steps): 0.2191
--ADE (20 time steps): 0.1848	--FDE (20 time steps): 0.2984
[INFO] Checkpoint saved to ./results/5_3_MultiNewer_3D/5_3_MultiNewer_3D/models/checkpoint_epoch_66.pth
[2025-03-03 23:28:37] Epoch: 66		Loss: 0.654373	Loss Translation.: 1.071763	Loss Uncertainty: -0.417391
--ADE (5 time steps): 0.0847	--FDE (5 time steps): 0.0901
--ADE (10 time steps): 0.1134	--FDE (10 time steps): 0.1490
--ADE (15 time steps): 0.1458	--FDE (15 time steps): 0.2195
--ADE (20 time steps): 0.1850	--FDE (20 time steps): 0.2986
[INFO] Checkpoint saved to ./results/5_3_MultiNewer_3D/5_3_MultiNewer_3D/models/checkpoint_epoch_67.pth
[2025-03-03 23:28:44] Epoch: 67		Loss: 0.649833	Loss Translation.: 1.068370	Loss Uncertainty: -0.418537
--ADE (5 time steps): 0.0848	--FDE (5 time steps): 0.0904
--ADE (10 time steps): 0.1134	--FDE (10 time steps): 0.1490
--ADE (15 time steps): 0.1460	--FDE (15 time steps): 0.2200
--ADE (20 time steps): 0.1853	--FDE (20 time steps): 0.2988
[INFO] Checkpoint saved to ./results/5_3_MultiNewer_3D/5_3_MultiNewer_3D/models/checkpoint_epoch_68.pth
[2025-03-03 23:28:52] Epoch: 68		Loss: 0.645364	Loss Translation.: 1.064906	Loss Uncertainty: -0.419542
--ADE (5 time steps): 0.0850	--FDE (5 time steps): 0.0908
--ADE (10 time steps): 0.1136	--FDE (10 time steps): 0.1492
--ADE (15 time steps): 0.1463	--FDE (15 time steps): 0.2203
--ADE (20 time steps): 0.1856	--FDE (20 time steps): 0.2992
[INFO] Checkpoint saved to ./results/5_3_MultiNewer_3D/5_3_MultiNewer_3D/models/checkpoint_epoch_69.pth
[2025-03-03 23:29:00] Epoch: 69		Loss: 0.641221	Loss Translation.: 1.061867	Loss Uncertainty: -0.420646
--ADE (5 time steps): 0.0851	--FDE (5 time steps): 0.0911
--ADE (10 time steps): 0.1136	--FDE (10 time steps): 0.1493
--ADE (15 time steps): 0.1464	--FDE (15 time steps): 0.2206
--ADE (20 time steps): 0.1858	--FDE (20 time steps): 0.2993
[INFO] Checkpoint saved to ./results/5_3_MultiNewer_3D/5_3_MultiNewer_3D/models/checkpoint_epoch_70.pth
[2025-03-03 23:29:08] Epoch: 70		Loss: 0.637124	Loss Translation.: 1.058758	Loss Uncertainty: -0.421634
--ADE (5 time steps): 0.0851	--FDE (5 time steps): 0.0913
--ADE (10 time steps): 0.1137	--FDE (10 time steps): 0.1492
--ADE (15 time steps): 0.1465	--FDE (15 time steps): 0.2207
--ADE (20 time steps): 0.1859	--FDE (20 time steps): 0.2995
[INFO] Checkpoint saved to ./results/5_3_MultiNewer_3D/5_3_MultiNewer_3D/models/checkpoint_epoch_71.pth
[2025-03-03 23:29:15] Epoch: 71		Loss: 0.633417	Loss Translation.: 1.056012	Loss Uncertainty: -0.422595
--ADE (5 time steps): 0.0852	--FDE (5 time steps): 0.0915
--ADE (10 time steps): 0.1137	--FDE (10 time steps): 0.1492
--ADE (15 time steps): 0.1466	--FDE (15 time steps): 0.2209
--ADE (20 time steps): 0.1860	--FDE (20 time steps): 0.2998
[INFO] Checkpoint saved to ./results/5_3_MultiNewer_3D/5_3_MultiNewer_3D/models/checkpoint_epoch_72.pth
[2025-03-03 23:29:23] Epoch: 72		Loss: 0.633431	Loss Translation.: 1.058165	Loss Uncertainty: -0.424734
--ADE (5 time steps): 0.0866	--FDE (5 time steps): 0.0920
--ADE (10 time steps): 0.1143	--FDE (10 time steps): 0.1497
--ADE (15 time steps): 0.1473	--FDE (15 time steps): 0.2217
--ADE (20 time steps): 0.1871	--FDE (20 time steps): 0.2986
[INFO] Checkpoint saved to ./results/5_3_MultiNewer_3D/5_3_MultiNewer_3D/models/checkpoint_epoch_73.pth
[2025-03-03 23:29:31] Epoch: 73		Loss: 0.639623	Loss Translation.: 1.063707	Loss Uncertainty: -0.424084
--ADE (5 time steps): 0.0866	--FDE (5 time steps): 0.0920
--ADE (10 time steps): 0.1141	--FDE (10 time steps): 0.1494
--ADE (15 time steps): 0.1472	--FDE (15 time steps): 0.2219
--ADE (20 time steps): 0.1868	--FDE (20 time steps): 0.2984
[INFO] Checkpoint saved to ./results/5_3_MultiNewer_3D/5_3_MultiNewer_3D/models/checkpoint_epoch_74.pth
[2025-03-03 23:29:39] Epoch: 74		Loss: 0.635834	Loss Translation.: 1.060568	Loss Uncertainty: -0.424733
--ADE (5 time steps): 0.0865	--FDE (5 time steps): 0.0921
--ADE (10 time steps): 0.1140	--FDE (10 time steps): 0.1492
--ADE (15 time steps): 0.1471	--FDE (15 time steps): 0.2220
--ADE (20 time steps): 0.1867	--FDE (20 time steps): 0.2985
[INFO] Checkpoint saved to ./results/5_3_MultiNewer_3D/5_3_MultiNewer_3D/models/checkpoint_epoch_75.pth
[2025-03-03 23:29:47] Epoch: 75		Loss: 0.632905	Loss Translation.: 1.058167	Loss Uncertainty: -0.425262
--ADE (5 time steps): 0.0865	--FDE (5 time steps): 0.0921
--ADE (10 time steps): 0.1141	--FDE (10 time steps): 0.1491
--ADE (15 time steps): 0.1472	--FDE (15 time steps): 0.2221
--ADE (20 time steps): 0.1867	--FDE (20 time steps): 0.2986
[INFO] Checkpoint saved to ./results/5_3_MultiNewer_3D/5_3_MultiNewer_3D/models/checkpoint_epoch_76.pth
[2025-03-03 23:29:54] Epoch: 76		Loss: 0.629696	Loss Translation.: 1.055507	Loss Uncertainty: -0.425812
--ADE (5 time steps): 0.0865	--FDE (5 time steps): 0.0922
--ADE (10 time steps): 0.1141	--FDE (10 time steps): 0.1490
--ADE (15 time steps): 0.1472	--FDE (15 time steps): 0.2222
--ADE (20 time steps): 0.1867	--FDE (20 time steps): 0.2987
[INFO] Checkpoint saved to ./results/5_3_MultiNewer_3D/5_3_MultiNewer_3D/models/checkpoint_epoch_77.pth
[2025-03-03 23:30:02] Epoch: 77		Loss: 0.627602	Loss Translation.: 1.053881	Loss Uncertainty: -0.426279
--ADE (5 time steps): 0.0865	--FDE (5 time steps): 0.0922
--ADE (10 time steps): 0.1141	--FDE (10 time steps): 0.1490
--ADE (15 time steps): 0.1472	--FDE (15 time steps): 0.2223
--ADE (20 time steps): 0.1867	--FDE (20 time steps): 0.2988
[INFO] Checkpoint saved to ./results/5_3_MultiNewer_3D/5_3_MultiNewer_3D/models/checkpoint_epoch_78.pth
[2025-03-03 23:30:10] Epoch: 78		Loss: 0.625280	Loss Translation.: 1.052009	Loss Uncertainty: -0.426729
--ADE (5 time steps): 0.0865	--FDE (5 time steps): 0.0923
--ADE (10 time steps): 0.1142	--FDE (10 time steps): 0.1489
--ADE (15 time steps): 0.1473	--FDE (15 time steps): 0.2224
--ADE (20 time steps): 0.1867	--FDE (20 time steps): 0.2989
[INFO] Checkpoint saved to ./results/5_3_MultiNewer_3D/5_3_MultiNewer_3D/models/checkpoint_epoch_79.pth
[2025-03-03 23:30:18] Epoch: 79		Loss: 0.623311	Loss Translation.: 1.050510	Loss Uncertainty: -0.427199
--ADE (5 time steps): 0.0865	--FDE (5 time steps): 0.0923
--ADE (10 time steps): 0.1142	--FDE (10 time steps): 0.1489
--ADE (15 time steps): 0.1473	--FDE (15 time steps): 0.2225
--ADE (20 time steps): 0.1868	--FDE (20 time steps): 0.2989
[INFO] Checkpoint saved to ./results/5_3_MultiNewer_3D/5_3_MultiNewer_3D/models/checkpoint_epoch_80.pth
[2025-03-03 23:30:25] Epoch: 80		Loss: 0.624543	Loss Translation.: 1.052357	Loss Uncertainty: -0.427814
--ADE (5 time steps): 0.0851	--FDE (5 time steps): 0.0914
--ADE (10 time steps): 0.1138	--FDE (10 time steps): 0.1489
--ADE (15 time steps): 0.1468	--FDE (15 time steps): 0.2220
--ADE (20 time steps): 0.1862	--FDE (20 time steps): 0.2977
[INFO] Checkpoint saved to ./results/5_3_MultiNewer_3D/5_3_MultiNewer_3D/models/checkpoint_epoch_81.pth
[2025-03-03 23:30:33] Epoch: 81		Loss: 0.614004	Loss Translation.: 1.043155	Loss Uncertainty: -0.429151
--ADE (5 time steps): 0.0851	--FDE (5 time steps): 0.0915
--ADE (10 time steps): 0.1138	--FDE (10 time steps): 0.1488
--ADE (15 time steps): 0.1468	--FDE (15 time steps): 0.2221
--ADE (20 time steps): 0.1862	--FDE (20 time steps): 0.2979
[INFO] Checkpoint saved to ./results/5_3_MultiNewer_3D/5_3_MultiNewer_3D/models/checkpoint_epoch_82.pth
[2025-03-03 23:30:41] Epoch: 82		Loss: 0.612566	Loss Translation.: 1.041937	Loss Uncertainty: -0.429370
--ADE (5 time steps): 0.0851	--FDE (5 time steps): 0.0915
--ADE (10 time steps): 0.1138	--FDE (10 time steps): 0.1487
--ADE (15 time steps): 0.1468	--FDE (15 time steps): 0.2222
--ADE (20 time steps): 0.1862	--FDE (20 time steps): 0.2980
[INFO] Checkpoint saved to ./results/5_3_MultiNewer_3D/5_3_MultiNewer_3D/models/checkpoint_epoch_83.pth
[2025-03-03 23:30:49] Epoch: 83		Loss: 0.611440	Loss Translation.: 1.041026	Loss Uncertainty: -0.429586
--ADE (5 time steps): 0.0851	--FDE (5 time steps): 0.0915
--ADE (10 time steps): 0.1139	--FDE (10 time steps): 0.1486
--ADE (15 time steps): 0.1468	--FDE (15 time steps): 0.2223
--ADE (20 time steps): 0.1862	--FDE (20 time steps): 0.2981
[INFO] Checkpoint saved to ./results/5_3_MultiNewer_3D/5_3_MultiNewer_3D/models/checkpoint_epoch_84.pth
[2025-03-03 23:30:56] Epoch: 84		Loss: 0.610079	Loss Translation.: 1.039897	Loss Uncertainty: -0.429819
--ADE (5 time steps): 0.0851	--FDE (5 time steps): 0.0915
--ADE (10 time steps): 0.1139	--FDE (10 time steps): 0.1486
--ADE (15 time steps): 0.1469	--FDE (15 time steps): 0.2224
--ADE (20 time steps): 0.1862	--FDE (20 time steps): 0.2982
[INFO] Checkpoint saved to ./results/5_3_MultiNewer_3D/5_3_MultiNewer_3D/models/checkpoint_epoch_85.pth
[2025-03-03 23:31:04] Epoch: 85		Loss: 0.609024	Loss Translation.: 1.039058	Loss Uncertainty: -0.430035
--ADE (5 time steps): 0.0852	--FDE (5 time steps): 0.0915
--ADE (10 time steps): 0.1139	--FDE (10 time steps): 0.1485
--ADE (15 time steps): 0.1469	--FDE (15 time steps): 0.2224
--ADE (20 time steps): 0.1863	--FDE (20 time steps): 0.2982
[INFO] Checkpoint saved to ./results/5_3_MultiNewer_3D/5_3_MultiNewer_3D/models/checkpoint_epoch_86.pth
[2025-03-03 23:31:12] Epoch: 86		Loss: 0.607809	Loss Translation.: 1.038075	Loss Uncertainty: -0.430266
--ADE (5 time steps): 0.0852	--FDE (5 time steps): 0.0915
--ADE (10 time steps): 0.1139	--FDE (10 time steps): 0.1485
--ADE (15 time steps): 0.1469	--FDE (15 time steps): 0.2225
--ADE (20 time steps): 0.1863	--FDE (20 time steps): 0.2983
[INFO] Checkpoint saved to ./results/5_3_MultiNewer_3D/5_3_MultiNewer_3D/models/checkpoint_epoch_87.pth
[2025-03-03 23:31:20] Epoch: 87		Loss: 0.606838	Loss Translation.: 1.037326	Loss Uncertainty: -0.430488
--ADE (5 time steps): 0.0852	--FDE (5 time steps): 0.0916
--ADE (10 time steps): 0.1140	--FDE (10 time steps): 0.1485
--ADE (15 time steps): 0.1469	--FDE (15 time steps): 0.2226
--ADE (20 time steps): 0.1863	--FDE (20 time steps): 0.2983
[INFO] Checkpoint saved to ./results/5_3_MultiNewer_3D/5_3_MultiNewer_3D/models/checkpoint_epoch_88.pth
[2025-03-03 23:31:27] Epoch: 88		Loss: 0.604678	Loss Translation.: 1.035588	Loss Uncertainty: -0.430910
--ADE (5 time steps): 0.0850	--FDE (5 time steps): 0.0914
--ADE (10 time steps): 0.1139	--FDE (10 time steps): 0.1487
--ADE (15 time steps): 0.1468	--FDE (15 time steps): 0.2225
--ADE (20 time steps): 0.1864	--FDE (20 time steps): 0.2984
[INFO] Checkpoint saved to ./results/5_3_MultiNewer_3D/5_3_MultiNewer_3D/models/checkpoint_epoch_89.pth
[2025-03-03 23:31:35] Epoch: 89		Loss: 0.602439	Loss Translation.: 1.033645	Loss Uncertainty: -0.431206
--ADE (5 time steps): 0.0849	--FDE (5 time steps): 0.0914
--ADE (10 time steps): 0.1139	--FDE (10 time steps): 0.1487
--ADE (15 time steps): 0.1468	--FDE (15 time steps): 0.2225
--ADE (20 time steps): 0.1864	--FDE (20 time steps): 0.2984
[INFO] Checkpoint saved to ./results/5_3_MultiNewer_3D/5_3_MultiNewer_3D/models/checkpoint_epoch_90.pth
[2025-03-03 23:31:43] Epoch: 90		Loss: 0.601814	Loss Translation.: 1.033161	Loss Uncertainty: -0.431347
--ADE (5 time steps): 0.0849	--FDE (5 time steps): 0.0914
--ADE (10 time steps): 0.1139	--FDE (10 time steps): 0.1487
--ADE (15 time steps): 0.1468	--FDE (15 time steps): 0.2225
--ADE (20 time steps): 0.1864	--FDE (20 time steps): 0.2984
[INFO] Checkpoint saved to ./results/5_3_MultiNewer_3D/5_3_MultiNewer_3D/models/checkpoint_epoch_91.pth
[2025-03-03 23:31:51] Epoch: 91		Loss: 0.600977	Loss Translation.: 1.032454	Loss Uncertainty: -0.431477
--ADE (5 time steps): 0.0850	--FDE (5 time steps): 0.0914
--ADE (10 time steps): 0.1139	--FDE (10 time steps): 0.1486
--ADE (15 time steps): 0.1468	--FDE (15 time steps): 0.2225
--ADE (20 time steps): 0.1864	--FDE (20 time steps): 0.2985
[INFO] Checkpoint saved to ./results/5_3_MultiNewer_3D/5_3_MultiNewer_3D/models/checkpoint_epoch_92.pth
[2025-03-03 23:31:58] Epoch: 92		Loss: 0.600541	Loss Translation.: 1.032116	Loss Uncertainty: -0.431576
--ADE (5 time steps): 0.0850	--FDE (5 time steps): 0.0914
--ADE (10 time steps): 0.1139	--FDE (10 time steps): 0.1486
--ADE (15 time steps): 0.1469	--FDE (15 time steps): 0.2225
--ADE (20 time steps): 0.1864	--FDE (20 time steps): 0.2985
[INFO] Checkpoint saved to ./results/5_3_MultiNewer_3D/5_3_MultiNewer_3D/models/checkpoint_epoch_93.pth
[2025-03-03 23:32:06] Epoch: 93		Loss: 0.600006	Loss Translation.: 1.031698	Loss Uncertainty: -0.431693
--ADE (5 time steps): 0.0850	--FDE (5 time steps): 0.0914
--ADE (10 time steps): 0.1139	--FDE (10 time steps): 0.1486
--ADE (15 time steps): 0.1469	--FDE (15 time steps): 0.2225
--ADE (20 time steps): 0.1865	--FDE (20 time steps): 0.2986
[INFO] Checkpoint saved to ./results/5_3_MultiNewer_3D/5_3_MultiNewer_3D/models/checkpoint_epoch_94.pth
[2025-03-03 23:32:14] Epoch: 94		Loss: 0.599444	Loss Translation.: 1.031256	Loss Uncertainty: -0.431812
--ADE (5 time steps): 0.0850	--FDE (5 time steps): 0.0914
--ADE (10 time steps): 0.1139	--FDE (10 time steps): 0.1486
--ADE (15 time steps): 0.1469	--FDE (15 time steps): 0.2226
--ADE (20 time steps): 0.1865	--FDE (20 time steps): 0.2987
[INFO] Checkpoint saved to ./results/5_3_MultiNewer_3D/5_3_MultiNewer_3D/models/checkpoint_epoch_95.pth
[2025-03-03 23:32:22] Epoch: 95		Loss: 0.598970	Loss Translation.: 1.030903	Loss Uncertainty: -0.431933
--ADE (5 time steps): 0.0850	--FDE (5 time steps): 0.0914
--ADE (10 time steps): 0.1139	--FDE (10 time steps): 0.1485
--ADE (15 time steps): 0.1469	--FDE (15 time steps): 0.2226
--ADE (20 time steps): 0.1865	--FDE (20 time steps): 0.2987
[INFO] Checkpoint saved to ./results/5_3_MultiNewer_3D/5_3_MultiNewer_3D/models/checkpoint_epoch_96.pth
[2025-03-03 23:32:29] Epoch: 96		Loss: 0.596964	Loss Translation.: 1.029163	Loss Uncertainty: -0.432200
--ADE (5 time steps): 0.0850	--FDE (5 time steps): 0.0914
--ADE (10 time steps): 0.1139	--FDE (10 time steps): 0.1485
--ADE (15 time steps): 0.1469	--FDE (15 time steps): 0.2226
--ADE (20 time steps): 0.1865	--FDE (20 time steps): 0.2987
[INFO] Checkpoint saved to ./results/5_3_MultiNewer_3D/5_3_MultiNewer_3D/models/checkpoint_epoch_97.pth
[2025-03-03 23:32:37] Epoch: 97		Loss: 0.596564	Loss Translation.: 1.028834	Loss Uncertainty: -0.432271
--ADE (5 time steps): 0.0850	--FDE (5 time steps): 0.0914
--ADE (10 time steps): 0.1139	--FDE (10 time steps): 0.1485
--ADE (15 time steps): 0.1469	--FDE (15 time steps): 0.2226
--ADE (20 time steps): 0.1865	--FDE (20 time steps): 0.2988
[INFO] Checkpoint saved to ./results/5_3_MultiNewer_3D/5_3_MultiNewer_3D/models/checkpoint_epoch_98.pth
[2025-03-03 23:32:45] Epoch: 98		Loss: 0.596241	Loss Translation.: 1.028576	Loss Uncertainty: -0.432336
--ADE (5 time steps): 0.0850	--FDE (5 time steps): 0.0914
--ADE (10 time steps): 0.1139	--FDE (10 time steps): 0.1485
--ADE (15 time steps): 0.1469	--FDE (15 time steps): 0.2227
--ADE (20 time steps): 0.1865	--FDE (20 time steps): 0.2988
[INFO] Checkpoint saved to ./results/5_3_MultiNewer_3D/5_3_MultiNewer_3D/models/checkpoint_epoch_99.pth
[2025-03-03 23:32:53] Epoch: 99		Loss: 0.595870	Loss Translation.: 1.028266	Loss Uncertainty: -0.432396
--ADE (5 time steps): 0.0850	--FDE (5 time steps): 0.0914
--ADE (10 time steps): 0.1139	--FDE (10 time steps): 0.1485
--ADE (15 time steps): 0.1469	--FDE (15 time steps): 0.2227
--ADE (20 time steps): 0.1865	--FDE (20 time steps): 0.2988
[INFO] Checkpoint saved to ./results/5_3_MultiNewer_3D/5_3_MultiNewer_3D/models/checkpoint_epoch_100.pth

JOB STATISTICS
==============
Job ID: 10284575
Cluster: snellius
User/Group: scur2440/scur2440
State: RUNNING
Nodes: 1
Cores per node: 18
CPU Utilized: 00:00:00
CPU Efficiency: 0.00% of 04:00:36 core-walltime
Job Wall-clock time: 00:13:22
Memory Utilized: 0.00 MB (estimated maximum)
Memory Efficiency: 0.00% of 120.00 GB (120.00 GB/node)
WARNING: Efficiency statistics may be misleading for RUNNING jobs.
