***************************************************************************************************** 
* WARNING: The 2022 software stack is deprecated. Please consider switching to
the latest 2024 * 
* software stack, or the older 2023 software stack. * 
* * 
* If you have any question, please contact us via
http://servicedesk.surfsara.nl. * 
***************************************************************************************************** 

Configuration:
description: LED
results_root_dir: results
dataset: spires
dimensions: 6
past_frames: 10
future_frames: 24
min_past_frames: 10
min_future_frames: 24
k_preds: 24
traj_mean: [14, 7.5]
traj_scale: 5
relative: False
normalised: False
overfitting: False
pretrained_core_denoising_model: ./results/checkpoints/base_diffusion_model.p
debug: False
diffusion: {'steps': 100, 'beta_start': 0.0001, 'beta_end': 0.05, 'beta_schedule': 'linear'}
lr: 0.001
train_batch_size: 10
test_batch_size: 500
num_epochs: 100
test_interval: 1
lr_scheduler: step
decay_step: 8
decay_gamma: 0.5

[INFO] SPIRES dataset (1 agent).
Overfitting: False
Time diff avg (fut): 1.34132
Overfitting: False
Time diff avg (fut): 1.34132
[INFO] Now using random trajectory shuffling.

Train dataset:
Length: 534
Total x, y and z distances travelled: 0.80580, 1.02401, 0.14420
Euclidean dist diff avg: 1.52018
Still need to implement rotation statistics

Test dataset:
Length: 67
Total x, y and z distances travelled: 0.84138, 0.94210, 0.14400
Euclidean dist diff avg: 1.46873
Still need to implement rotation statistics

[INFO] SPIRES dataset - skip subtracting mean from absolute positions.
[INFO] Training from scratch - without pretrained models (Not NBA with frame standard configs)

[Core Denoising Model] Trainable/Total: 6604080/6604080
[Initialization Model] Trainable/Total: 7404713/7404713
[2025-03-03 23:19:19] Epoch: 0		Loss: 26.068158	Loss Translation.: 0.250279	Loss Rotation.: 0.177946	Combined Loss Dist.: 21.662717	Loss Uncertainty: 4.405442
--ADE (5 time steps): 0.3734	--FDE (5 time steps): 0.3672
--ADE (10 time steps): 0.4452	--FDE (10 time steps): 0.5254
--ADE (15 time steps): 0.5264	--FDE (15 time steps): 0.7944
--ADE (20 time steps): 0.6325	--FDE (20 time steps): 0.9509
[INFO] Checkpoint saved to ./results/5_7_MultiSpires_6D/5_7_MultiSpires_6D/models/checkpoint_epoch_1.pth
[2025-03-03 23:19:26] Epoch: 1		Loss: 13.135802	Loss Translation.: 0.132136	Loss Rotation.: 0.078896	Combined Loss Dist.: 10.592912	Loss Uncertainty: 2.542890
--ADE (5 time steps): 0.5297	--FDE (5 time steps): 0.5555
--ADE (10 time steps): 0.5913	--FDE (10 time steps): 0.7269
--ADE (15 time steps): 0.6658	--FDE (15 time steps): 0.7991
--ADE (20 time steps): 0.7603	--FDE (20 time steps): 1.0674
[INFO] Checkpoint saved to ./results/5_7_MultiSpires_6D/5_7_MultiSpires_6D/models/checkpoint_epoch_2.pth
[2025-03-03 23:19:33] Epoch: 2		Loss: 12.263026	Loss Translation.: 0.127566	Loss Rotation.: 0.067682	Combined Loss Dist.: 9.864731	Loss Uncertainty: 2.398295
--ADE (5 time steps): 0.3480	--FDE (5 time steps): 0.3916
--ADE (10 time steps): 0.4773	--FDE (10 time steps): 0.5817
--ADE (15 time steps): 0.5891	--FDE (15 time steps): 0.8014
--ADE (20 time steps): 0.7050	--FDE (20 time steps): 1.1016
[INFO] Checkpoint saved to ./results/5_7_MultiSpires_6D/5_7_MultiSpires_6D/models/checkpoint_epoch_3.pth
[2025-03-03 23:19:40] Epoch: 3		Loss: 11.758544	Loss Translation.: 0.118266	Loss Rotation.: 0.069921	Combined Loss Dist.: 9.467712	Loss Uncertainty: 2.290832
--ADE (5 time steps): 0.2709	--FDE (5 time steps): 0.3099
--ADE (10 time steps): 0.3541	--FDE (10 time steps): 0.4965
--ADE (15 time steps): 0.4464	--FDE (15 time steps): 0.6500
--ADE (20 time steps): 0.5457	--FDE (20 time steps): 0.8516
[INFO] Checkpoint saved to ./results/5_7_MultiSpires_6D/5_7_MultiSpires_6D/models/checkpoint_epoch_4.pth
[2025-03-03 23:19:47] Epoch: 4		Loss: 10.240471	Loss Translation.: 0.101997	Loss Rotation.: 0.058073	Combined Loss Dist.: 8.030322	Loss Uncertainty: 2.210149
--ADE (5 time steps): 0.3033	--FDE (5 time steps): 0.2812
--ADE (10 time steps): 0.3678	--FDE (10 time steps): 0.4821
--ADE (15 time steps): 0.4539	--FDE (15 time steps): 0.6315
--ADE (20 time steps): 0.5388	--FDE (20 time steps): 0.7574
[INFO] Checkpoint saved to ./results/5_7_MultiSpires_6D/5_7_MultiSpires_6D/models/checkpoint_epoch_5.pth
[2025-03-03 23:19:53] Epoch: 5		Loss: 9.809137	Loss Translation.: 0.093968	Loss Rotation.: 0.059008	Combined Loss Dist.: 7.658821	Loss Uncertainty: 2.150316
--ADE (5 time steps): 0.2136	--FDE (5 time steps): 0.2202
--ADE (10 time steps): 0.2845	--FDE (10 time steps): 0.3956
--ADE (15 time steps): 0.3681	--FDE (15 time steps): 0.5802
--ADE (20 time steps): 0.4624	--FDE (20 time steps): 0.5961
[INFO] Checkpoint saved to ./results/5_7_MultiSpires_6D/5_7_MultiSpires_6D/models/checkpoint_epoch_6.pth
[2025-03-03 23:20:00] Epoch: 6		Loss: 8.902054	Loss Translation.: 0.086450	Loss Rotation.: 0.050110	Combined Loss Dist.: 6.835415	Loss Uncertainty: 2.066640
--ADE (5 time steps): 0.2140	--FDE (5 time steps): 0.2812
--ADE (10 time steps): 0.2843	--FDE (10 time steps): 0.4069
--ADE (15 time steps): 0.3679	--FDE (15 time steps): 0.5289
--ADE (20 time steps): 0.4576	--FDE (20 time steps): 0.6701
[INFO] Checkpoint saved to ./results/5_7_MultiSpires_6D/5_7_MultiSpires_6D/models/checkpoint_epoch_7.pth
[2025-03-03 23:20:07] Epoch: 7		Loss: 8.749779	Loss Translation.: 0.083390	Loss Rotation.: 0.051773	Combined Loss Dist.: 6.777096	Loss Uncertainty: 1.972683
--ADE (5 time steps): 0.2493	--FDE (5 time steps): 0.2360
--ADE (10 time steps): 0.3203	--FDE (10 time steps): 0.4020
--ADE (15 time steps): 0.4035	--FDE (15 time steps): 0.5677
--ADE (20 time steps): 0.4836	--FDE (20 time steps): 0.6492
[INFO] Checkpoint saved to ./results/5_7_MultiSpires_6D/5_7_MultiSpires_6D/models/checkpoint_epoch_8.pth
[2025-03-03 23:20:14] Epoch: 8		Loss: 7.788985	Loss Translation.: 0.072691	Loss Rotation.: 0.043941	Combined Loss Dist.: 5.891912	Loss Uncertainty: 1.897073
--ADE (5 time steps): 0.2797	--FDE (5 time steps): 0.2160
--ADE (10 time steps): 0.3239	--FDE (10 time steps): 0.3291
--ADE (15 time steps): 0.3869	--FDE (15 time steps): 0.4363
--ADE (20 time steps): 0.4528	--FDE (20 time steps): 0.5572
[INFO] Checkpoint saved to ./results/5_7_MultiSpires_6D/5_7_MultiSpires_6D/models/checkpoint_epoch_9.pth
[2025-03-03 23:20:21] Epoch: 9		Loss: 7.643243	Loss Translation.: 0.071639	Loss Rotation.: 0.044223	Combined Loss Dist.: 5.803637	Loss Uncertainty: 1.839606
--ADE (5 time steps): 0.1896	--FDE (5 time steps): 0.1835
--ADE (10 time steps): 0.2420	--FDE (10 time steps): 0.3076
--ADE (15 time steps): 0.3108	--FDE (15 time steps): 0.4242
--ADE (20 time steps): 0.3836	--FDE (20 time steps): 0.5488
[INFO] Checkpoint saved to ./results/5_7_MultiSpires_6D/5_7_MultiSpires_6D/models/checkpoint_epoch_10.pth
[2025-03-03 23:20:27] Epoch: 10		Loss: 7.445745	Loss Translation.: 0.069578	Loss Rotation.: 0.043106	Combined Loss Dist.: 5.658513	Loss Uncertainty: 1.787232
--ADE (5 time steps): 0.1673	--FDE (5 time steps): 0.1530
--ADE (10 time steps): 0.2327	--FDE (10 time steps): 0.3229
--ADE (15 time steps): 0.3126	--FDE (15 time steps): 0.4442
--ADE (20 time steps): 0.3940	--FDE (20 time steps): 0.5761
[INFO] Checkpoint saved to ./results/5_7_MultiSpires_6D/5_7_MultiSpires_6D/models/checkpoint_epoch_11.pth
[2025-03-03 23:20:34] Epoch: 11		Loss: 6.810634	Loss Translation.: 0.061284	Loss Rotation.: 0.040241	Combined Loss Dist.: 5.084891	Loss Uncertainty: 1.725743
--ADE (5 time steps): 0.1688	--FDE (5 time steps): 0.1430
--ADE (10 time steps): 0.2340	--FDE (10 time steps): 0.3180
--ADE (15 time steps): 0.3061	--FDE (15 time steps): 0.4092
--ADE (20 time steps): 0.3815	--FDE (20 time steps): 0.5174
[INFO] Checkpoint saved to ./results/5_7_MultiSpires_6D/5_7_MultiSpires_6D/models/checkpoint_epoch_12.pth
[2025-03-03 23:20:41] Epoch: 12		Loss: 6.862849	Loss Translation.: 0.062784	Loss Rotation.: 0.040796	Combined Loss Dist.: 5.191947	Loss Uncertainty: 1.670902
--ADE (5 time steps): 0.1582	--FDE (5 time steps): 0.1318
--ADE (10 time steps): 0.2217	--FDE (10 time steps): 0.2904
--ADE (15 time steps): 0.2978	--FDE (15 time steps): 0.4319
--ADE (20 time steps): 0.3734	--FDE (20 time steps): 0.5388
[INFO] Checkpoint saved to ./results/5_7_MultiSpires_6D/5_7_MultiSpires_6D/models/checkpoint_epoch_13.pth
[2025-03-03 23:20:48] Epoch: 13		Loss: 6.734871	Loss Translation.: 0.063332	Loss Rotation.: 0.038888	Combined Loss Dist.: 5.128893	Loss Uncertainty: 1.605978
--ADE (5 time steps): 0.2037	--FDE (5 time steps): 0.1630
--ADE (10 time steps): 0.2523	--FDE (10 time steps): 0.2673
--ADE (15 time steps): 0.3193	--FDE (15 time steps): 0.4223
--ADE (20 time steps): 0.3973	--FDE (20 time steps): 0.5158
[INFO] Checkpoint saved to ./results/5_7_MultiSpires_6D/5_7_MultiSpires_6D/models/checkpoint_epoch_14.pth
[2025-03-03 23:20:55] Epoch: 14		Loss: 6.869983	Loss Translation.: 0.063393	Loss Rotation.: 0.042473	Combined Loss Dist.: 5.321209	Loss Uncertainty: 1.548774
--ADE (5 time steps): 0.1762	--FDE (5 time steps): 0.1255
--ADE (10 time steps): 0.2270	--FDE (10 time steps): 0.2761
--ADE (15 time steps): 0.2939	--FDE (15 time steps): 0.3899
--ADE (20 time steps): 0.3636	--FDE (20 time steps): 0.4782
[INFO] Checkpoint saved to ./results/5_7_MultiSpires_6D/5_7_MultiSpires_6D/models/checkpoint_epoch_15.pth
[2025-03-03 23:21:01] Epoch: 15		Loss: 7.203180	Loss Translation.: 0.068743	Loss Rotation.: 0.044593	Combined Loss Dist.: 5.702116	Loss Uncertainty: 1.501064
--ADE (5 time steps): 0.2208	--FDE (5 time steps): 0.1627
--ADE (10 time steps): 0.2880	--FDE (10 time steps): 0.2620
--ADE (15 time steps): 0.3364	--FDE (15 time steps): 0.3414
--ADE (20 time steps): 0.3907	--FDE (20 time steps): 0.4085
[INFO] Checkpoint saved to ./results/5_7_MultiSpires_6D/5_7_MultiSpires_6D/models/checkpoint_epoch_16.pth
[2025-03-03 23:21:08] Epoch: 16		Loss: 6.179394	Loss Translation.: 0.055890	Loss Rotation.: 0.037389	Combined Loss Dist.: 4.731714	Loss Uncertainty: 1.447680
--ADE (5 time steps): 0.1601	--FDE (5 time steps): 0.1408
--ADE (10 time steps): 0.1918	--FDE (10 time steps): 0.1928
--ADE (15 time steps): 0.2466	--FDE (15 time steps): 0.2942
--ADE (20 time steps): 0.3099	--FDE (20 time steps): 0.3742
[INFO] Checkpoint saved to ./results/5_7_MultiSpires_6D/5_7_MultiSpires_6D/models/checkpoint_epoch_17.pth
[2025-03-03 23:21:15] Epoch: 17		Loss: 5.701676	Loss Translation.: 0.048763	Loss Rotation.: 0.036353	Combined Loss Dist.: 4.293133	Loss Uncertainty: 1.408542
--ADE (5 time steps): 0.1475	--FDE (5 time steps): 0.1346
--ADE (10 time steps): 0.1854	--FDE (10 time steps): 0.1851
--ADE (15 time steps): 0.2313	--FDE (15 time steps): 0.2437
--ADE (20 time steps): 0.2836	--FDE (20 time steps): 0.3448
[INFO] Checkpoint saved to ./results/5_7_MultiSpires_6D/5_7_MultiSpires_6D/models/checkpoint_epoch_18.pth
[2025-03-03 23:21:22] Epoch: 18		Loss: 5.440784	Loss Translation.: 0.046405	Loss Rotation.: 0.034351	Combined Loss Dist.: 4.072348	Loss Uncertainty: 1.368436
--ADE (5 time steps): 0.1168	--FDE (5 time steps): 0.1105
--ADE (10 time steps): 0.1518	--FDE (10 time steps): 0.1691
--ADE (15 time steps): 0.1991	--FDE (15 time steps): 0.2349
--ADE (20 time steps): 0.2524	--FDE (20 time steps): 0.3287
[INFO] Checkpoint saved to ./results/5_7_MultiSpires_6D/5_7_MultiSpires_6D/models/checkpoint_epoch_19.pth
[2025-03-03 23:21:29] Epoch: 19		Loss: 5.333749	Loss Translation.: 0.045329	Loss Rotation.: 0.034047	Combined Loss Dist.: 4.005151	Loss Uncertainty: 1.328598
--ADE (5 time steps): 0.1265	--FDE (5 time steps): 0.1239
--ADE (10 time steps): 0.1667	--FDE (10 time steps): 0.1707
--ADE (15 time steps): 0.2152	--FDE (15 time steps): 0.2321
--ADE (20 time steps): 0.2663	--FDE (20 time steps): 0.3373
[INFO] Checkpoint saved to ./results/5_7_MultiSpires_6D/5_7_MultiSpires_6D/models/checkpoint_epoch_20.pth
[2025-03-03 23:21:35] Epoch: 20		Loss: 5.424400	Loss Translation.: 0.045896	Loss Rotation.: 0.035615	Combined Loss Dist.: 4.135473	Loss Uncertainty: 1.288927
--ADE (5 time steps): 0.2006	--FDE (5 time steps): 0.1800
--ADE (10 time steps): 0.2621	--FDE (10 time steps): 0.2094
--ADE (15 time steps): 0.3035	--FDE (15 time steps): 0.2792
--ADE (20 time steps): 0.3446	--FDE (20 time steps): 0.3696
[INFO] Checkpoint saved to ./results/5_7_MultiSpires_6D/5_7_MultiSpires_6D/models/checkpoint_epoch_21.pth
[2025-03-03 23:21:42] Epoch: 21		Loss: 5.360347	Loss Translation.: 0.046372	Loss Rotation.: 0.034576	Combined Loss Dist.: 4.106772	Loss Uncertainty: 1.253575
--ADE (5 time steps): 0.1282	--FDE (5 time steps): 0.1299
--ADE (10 time steps): 0.1691	--FDE (10 time steps): 0.1907
--ADE (15 time steps): 0.2167	--FDE (15 time steps): 0.2539
--ADE (20 time steps): 0.2686	--FDE (20 time steps): 0.3488
[INFO] Checkpoint saved to ./results/5_7_MultiSpires_6D/5_7_MultiSpires_6D/models/checkpoint_epoch_22.pth
[2025-03-03 23:21:49] Epoch: 22		Loss: 5.091067	Loss Translation.: 0.043333	Loss Rotation.: 0.033383	Combined Loss Dist.: 3.878213	Loss Uncertainty: 1.212854
--ADE (5 time steps): 0.1143	--FDE (5 time steps): 0.1224
--ADE (10 time steps): 0.1716	--FDE (10 time steps): 0.2109
--ADE (15 time steps): 0.2245	--FDE (15 time steps): 0.3064
--ADE (20 time steps): 0.2818	--FDE (20 time steps): 0.3934
[INFO] Checkpoint saved to ./results/5_7_MultiSpires_6D/5_7_MultiSpires_6D/models/checkpoint_epoch_23.pth
[2025-03-03 23:21:56] Epoch: 23		Loss: 5.049718	Loss Translation.: 0.042933	Loss Rotation.: 0.033653	Combined Loss Dist.: 3.882251	Loss Uncertainty: 1.167467
--ADE (5 time steps): 0.1528	--FDE (5 time steps): 0.1264
--ADE (10 time steps): 0.2000	--FDE (10 time steps): 0.1921
--ADE (15 time steps): 0.2393	--FDE (15 time steps): 0.2586
--ADE (20 time steps): 0.2823	--FDE (20 time steps): 0.3381
[INFO] Checkpoint saved to ./results/5_7_MultiSpires_6D/5_7_MultiSpires_6D/models/checkpoint_epoch_24.pth
[2025-03-03 23:22:03] Epoch: 24		Loss: 4.962824	Loss Translation.: 0.043955	Loss Rotation.: 0.031516	Combined Loss Dist.: 3.822477	Loss Uncertainty: 1.140347
--ADE (5 time steps): 0.1250	--FDE (5 time steps): 0.1126
--ADE (10 time steps): 0.1689	--FDE (10 time steps): 0.1904
--ADE (15 time steps): 0.2142	--FDE (15 time steps): 0.2429
--ADE (20 time steps): 0.2617	--FDE (20 time steps): 0.3336
[INFO] Checkpoint saved to ./results/5_7_MultiSpires_6D/5_7_MultiSpires_6D/models/checkpoint_epoch_25.pth
[2025-03-03 23:22:09] Epoch: 25		Loss: 4.658478	Loss Translation.: 0.039347	Loss Rotation.: 0.030508	Combined Loss Dist.: 3.541644	Loss Uncertainty: 1.116835
--ADE (5 time steps): 0.1241	--FDE (5 time steps): 0.1163
--ADE (10 time steps): 0.1674	--FDE (10 time steps): 0.1859
--ADE (15 time steps): 0.2105	--FDE (15 time steps): 0.2426
--ADE (20 time steps): 0.2570	--FDE (20 time steps): 0.3170
[INFO] Checkpoint saved to ./results/5_7_MultiSpires_6D/5_7_MultiSpires_6D/models/checkpoint_epoch_26.pth
[2025-03-03 23:22:16] Epoch: 26		Loss: 4.602203	Loss Translation.: 0.038319	Loss Rotation.: 0.030705	Combined Loss Dist.: 3.509528	Loss Uncertainty: 1.092674
--ADE (5 time steps): 0.1043	--FDE (5 time steps): 0.1011
--ADE (10 time steps): 0.1409	--FDE (10 time steps): 0.1661
--ADE (15 time steps): 0.1838	--FDE (15 time steps): 0.2386
--ADE (20 time steps): 0.2314	--FDE (20 time steps): 0.3019
[INFO] Checkpoint saved to ./results/5_7_MultiSpires_6D/5_7_MultiSpires_6D/models/checkpoint_epoch_27.pth
[2025-03-03 23:22:23] Epoch: 27		Loss: 4.535223	Loss Translation.: 0.038097	Loss Rotation.: 0.030247	Combined Loss Dist.: 3.469124	Loss Uncertainty: 1.066100
--ADE (5 time steps): 0.1339	--FDE (5 time steps): 0.1198
--ADE (10 time steps): 0.1727	--FDE (10 time steps): 0.1849
--ADE (15 time steps): 0.2122	--FDE (15 time steps): 0.2487
--ADE (20 time steps): 0.2566	--FDE (20 time steps): 0.3164
[INFO] Checkpoint saved to ./results/5_7_MultiSpires_6D/5_7_MultiSpires_6D/models/checkpoint_epoch_28.pth
[2025-03-03 23:22:30] Epoch: 28		Loss: 4.629446	Loss Translation.: 0.040068	Loss Rotation.: 0.030552	Combined Loss Dist.: 3.584195	Loss Uncertainty: 1.045250
--ADE (5 time steps): 0.1053	--FDE (5 time steps): 0.1003
--ADE (10 time steps): 0.1423	--FDE (10 time steps): 0.1715
--ADE (15 time steps): 0.1833	--FDE (15 time steps): 0.2432
--ADE (20 time steps): 0.2295	--FDE (20 time steps): 0.3096
[INFO] Checkpoint saved to ./results/5_7_MultiSpires_6D/5_7_MultiSpires_6D/models/checkpoint_epoch_29.pth
[2025-03-03 23:22:37] Epoch: 29		Loss: 4.424003	Loss Translation.: 0.037034	Loss Rotation.: 0.030277	Combined Loss Dist.: 3.399609	Loss Uncertainty: 1.024394
--ADE (5 time steps): 0.1257	--FDE (5 time steps): 0.1125
--ADE (10 time steps): 0.1622	--FDE (10 time steps): 0.1671
--ADE (15 time steps): 0.2024	--FDE (15 time steps): 0.2446
--ADE (20 time steps): 0.2473	--FDE (20 time steps): 0.2970
[INFO] Checkpoint saved to ./results/5_7_MultiSpires_6D/5_7_MultiSpires_6D/models/checkpoint_epoch_30.pth
[2025-03-03 23:22:43] Epoch: 30		Loss: 4.348100	Loss Translation.: 0.035913	Loss Rotation.: 0.030019	Combined Loss Dist.: 3.349556	Loss Uncertainty: 0.998544
--ADE (5 time steps): 0.1286	--FDE (5 time steps): 0.1147
--ADE (10 time steps): 0.1626	--FDE (10 time steps): 0.1648
--ADE (15 time steps): 0.2010	--FDE (15 time steps): 0.2600
--ADE (20 time steps): 0.2451	--FDE (20 time steps): 0.3022
[INFO] Checkpoint saved to ./results/5_7_MultiSpires_6D/5_7_MultiSpires_6D/models/checkpoint_epoch_31.pth
[2025-03-03 23:22:50] Epoch: 31		Loss: 4.358376	Loss Translation.: 0.036346	Loss Rotation.: 0.029785	Combined Loss Dist.: 3.381155	Loss Uncertainty: 0.977221
--ADE (5 time steps): 0.1195	--FDE (5 time steps): 0.1086
--ADE (10 time steps): 0.1519	--FDE (10 time steps): 0.1580
--ADE (15 time steps): 0.1906	--FDE (15 time steps): 0.2444
--ADE (20 time steps): 0.2353	--FDE (20 time steps): 0.3014
[INFO] Checkpoint saved to ./results/5_7_MultiSpires_6D/5_7_MultiSpires_6D/models/checkpoint_epoch_32.pth
[2025-03-03 23:22:57] Epoch: 32		Loss: 4.265370	Loss Translation.: 0.035786	Loss Rotation.: 0.028777	Combined Loss Dist.: 3.305314	Loss Uncertainty: 0.960056
--ADE (5 time steps): 0.0928	--FDE (5 time steps): 0.0929
--ADE (10 time steps): 0.1338	--FDE (10 time steps): 0.1721
--ADE (15 time steps): 0.1755	--FDE (15 time steps): 0.2553
--ADE (20 time steps): 0.2208	--FDE (20 time steps): 0.3129
[INFO] Checkpoint saved to ./results/5_7_MultiSpires_6D/5_7_MultiSpires_6D/models/checkpoint_epoch_33.pth
[2025-03-03 23:23:04] Epoch: 33		Loss: 4.099890	Loss Translation.: 0.033089	Loss Rotation.: 0.028089	Combined Loss Dist.: 3.151935	Loss Uncertainty: 0.947955
--ADE (5 time steps): 0.0915	--FDE (5 time steps): 0.0866
--ADE (10 time steps): 0.1300	--FDE (10 time steps): 0.1629
--ADE (15 time steps): 0.1700	--FDE (15 time steps): 0.2387
--ADE (20 time steps): 0.2130	--FDE (20 time steps): 0.3060
[INFO] Checkpoint saved to ./results/5_7_MultiSpires_6D/5_7_MultiSpires_6D/models/checkpoint_epoch_34.pth
[2025-03-03 23:23:11] Epoch: 34		Loss: 4.076022	Loss Translation.: 0.033243	Loss Rotation.: 0.027886	Combined Loss Dist.: 3.139039	Loss Uncertainty: 0.936983
--ADE (5 time steps): 0.0911	--FDE (5 time steps): 0.0856
--ADE (10 time steps): 0.1282	--FDE (10 time steps): 0.1651
--ADE (15 time steps): 0.1679	--FDE (15 time steps): 0.2422
--ADE (20 time steps): 0.2150	--FDE (20 time steps): 0.3130
[INFO] Checkpoint saved to ./results/5_7_MultiSpires_6D/5_7_MultiSpires_6D/models/checkpoint_epoch_35.pth
[2025-03-03 23:23:17] Epoch: 35		Loss: 4.028482	Loss Translation.: 0.032513	Loss Rotation.: 0.027813	Combined Loss Dist.: 3.103331	Loss Uncertainty: 0.925151
--ADE (5 time steps): 0.0908	--FDE (5 time steps): 0.0862
--ADE (10 time steps): 0.1294	--FDE (10 time steps): 0.1680
--ADE (15 time steps): 0.1693	--FDE (15 time steps): 0.2472
--ADE (20 time steps): 0.2149	--FDE (20 time steps): 0.3148
[INFO] Checkpoint saved to ./results/5_7_MultiSpires_6D/5_7_MultiSpires_6D/models/checkpoint_epoch_36.pth
[2025-03-03 23:23:24] Epoch: 36		Loss: 3.979718	Loss Translation.: 0.031920	Loss Rotation.: 0.027579	Combined Loss Dist.: 3.065788	Loss Uncertainty: 0.913931
--ADE (5 time steps): 0.0903	--FDE (5 time steps): 0.0862
--ADE (10 time steps): 0.1277	--FDE (10 time steps): 0.1648
--ADE (15 time steps): 0.1670	--FDE (15 time steps): 0.2434
--ADE (20 time steps): 0.2116	--FDE (20 time steps): 0.3131
[INFO] Checkpoint saved to ./results/5_7_MultiSpires_6D/5_7_MultiSpires_6D/models/checkpoint_epoch_37.pth
[2025-03-03 23:23:31] Epoch: 37		Loss: 3.947131	Loss Translation.: 0.031659	Loss Rotation.: 0.027495	Combined Loss Dist.: 3.044649	Loss Uncertainty: 0.902482
--ADE (5 time steps): 0.0906	--FDE (5 time steps): 0.0870
--ADE (10 time steps): 0.1282	--FDE (10 time steps): 0.1691
--ADE (15 time steps): 0.1670	--FDE (15 time steps): 0.2450
--ADE (20 time steps): 0.2124	--FDE (20 time steps): 0.3135
[INFO] Checkpoint saved to ./results/5_7_MultiSpires_6D/5_7_MultiSpires_6D/models/checkpoint_epoch_38.pth
[2025-03-03 23:23:38] Epoch: 38		Loss: 3.904976	Loss Translation.: 0.031083	Loss Rotation.: 0.027448	Combined Loss Dist.: 3.013724	Loss Uncertainty: 0.891252
--ADE (5 time steps): 0.0895	--FDE (5 time steps): 0.0865
--ADE (10 time steps): 0.1277	--FDE (10 time steps): 0.1664
--ADE (15 time steps): 0.1654	--FDE (15 time steps): 0.2390
--ADE (20 time steps): 0.2097	--FDE (20 time steps): 0.3123
[INFO] Checkpoint saved to ./results/5_7_MultiSpires_6D/5_7_MultiSpires_6D/models/checkpoint_epoch_39.pth
[2025-03-03 23:23:45] Epoch: 39		Loss: 3.856653	Loss Translation.: 0.030377	Loss Rotation.: 0.027362	Combined Loss Dist.: 2.977120	Loss Uncertainty: 0.879533
--ADE (5 time steps): 0.0888	--FDE (5 time steps): 0.0847
--ADE (10 time steps): 0.1265	--FDE (10 time steps): 0.1638
--ADE (15 time steps): 0.1631	--FDE (15 time steps): 0.2271
--ADE (20 time steps): 0.2058	--FDE (20 time steps): 0.3010
[INFO] Checkpoint saved to ./results/5_7_MultiSpires_6D/5_7_MultiSpires_6D/models/checkpoint_epoch_40.pth
[2025-03-03 23:23:51] Epoch: 40		Loss: 3.795499	Loss Translation.: 0.029857	Loss Rotation.: 0.026965	Combined Loss Dist.: 2.924203	Loss Uncertainty: 0.871296
--ADE (5 time steps): 0.0887	--FDE (5 time steps): 0.0816
--ADE (10 time steps): 0.1207	--FDE (10 time steps): 0.1511
--ADE (15 time steps): 0.1571	--FDE (15 time steps): 0.2232
--ADE (20 time steps): 0.1965	--FDE (20 time steps): 0.2896
[INFO] Checkpoint saved to ./results/5_7_MultiSpires_6D/5_7_MultiSpires_6D/models/checkpoint_epoch_41.pth
[2025-03-03 23:23:58] Epoch: 41		Loss: 3.711807	Loss Translation.: 0.028517	Loss Rotation.: 0.026778	Combined Loss Dist.: 2.847204	Loss Uncertainty: 0.864603
--ADE (5 time steps): 0.0864	--FDE (5 time steps): 0.0800
--ADE (10 time steps): 0.1180	--FDE (10 time steps): 0.1488
--ADE (15 time steps): 0.1540	--FDE (15 time steps): 0.2219
--ADE (20 time steps): 0.1938	--FDE (20 time steps): 0.2882
[INFO] Checkpoint saved to ./results/5_7_MultiSpires_6D/5_7_MultiSpires_6D/models/checkpoint_epoch_42.pth
[2025-03-03 23:24:05] Epoch: 42		Loss: 3.693321	Loss Translation.: 0.028230	Loss Rotation.: 0.026864	Combined Loss Dist.: 2.834791	Loss Uncertainty: 0.858530
--ADE (5 time steps): 0.0871	--FDE (5 time steps): 0.0793
--ADE (10 time steps): 0.1181	--FDE (10 time steps): 0.1474
--ADE (15 time steps): 0.1535	--FDE (15 time steps): 0.2214
--ADE (20 time steps): 0.1933	--FDE (20 time steps): 0.2892
[INFO] Checkpoint saved to ./results/5_7_MultiSpires_6D/5_7_MultiSpires_6D/models/checkpoint_epoch_43.pth
[2025-03-03 23:24:12] Epoch: 43		Loss: 3.679344	Loss Translation.: 0.028138	Loss Rotation.: 0.026777	Combined Loss Dist.: 2.826371	Loss Uncertainty: 0.852972
--ADE (5 time steps): 0.0869	--FDE (5 time steps): 0.0837
--ADE (10 time steps): 0.1211	--FDE (10 time steps): 0.1545
--ADE (15 time steps): 0.1574	--FDE (15 time steps): 0.2286
--ADE (20 time steps): 0.1974	--FDE (20 time steps): 0.2971
[INFO] Checkpoint saved to ./results/5_7_MultiSpires_6D/5_7_MultiSpires_6D/models/checkpoint_epoch_44.pth
[2025-03-03 23:24:19] Epoch: 44		Loss: 3.650241	Loss Translation.: 0.027766	Loss Rotation.: 0.026731	Combined Loss Dist.: 2.802778	Loss Uncertainty: 0.847464
--ADE (5 time steps): 0.0871	--FDE (5 time steps): 0.0842
--ADE (10 time steps): 0.1212	--FDE (10 time steps): 0.1539
--ADE (15 time steps): 0.1572	--FDE (15 time steps): 0.2282
--ADE (20 time steps): 0.1970	--FDE (20 time steps): 0.2976
[INFO] Checkpoint saved to ./results/5_7_MultiSpires_6D/5_7_MultiSpires_6D/models/checkpoint_epoch_45.pth
[2025-03-03 23:24:25] Epoch: 45		Loss: 3.655064	Loss Translation.: 0.027956	Loss Rotation.: 0.026766	Combined Loss Dist.: 2.812897	Loss Uncertainty: 0.842166
--ADE (5 time steps): 0.0901	--FDE (5 time steps): 0.0896
--ADE (10 time steps): 0.1253	--FDE (10 time steps): 0.1583
--ADE (15 time steps): 0.1622	--FDE (15 time steps): 0.2303
--ADE (20 time steps): 0.2001	--FDE (20 time steps): 0.2997
[INFO] Checkpoint saved to ./results/5_7_MultiSpires_6D/5_7_MultiSpires_6D/models/checkpoint_epoch_46.pth
[2025-03-03 23:24:32] Epoch: 46		Loss: 3.642885	Loss Translation.: 0.027665	Loss Rotation.: 0.026932	Combined Loss Dist.: 2.805614	Loss Uncertainty: 0.837271
--ADE (5 time steps): 0.0876	--FDE (5 time steps): 0.0855
--ADE (10 time steps): 0.1193	--FDE (10 time steps): 0.1495
--ADE (15 time steps): 0.1539	--FDE (15 time steps): 0.2183
--ADE (20 time steps): 0.1906	--FDE (20 time steps): 0.2892
[INFO] Checkpoint saved to ./results/5_7_MultiSpires_6D/5_7_MultiSpires_6D/models/checkpoint_epoch_47.pth
[2025-03-03 23:24:39] Epoch: 47		Loss: 3.580845	Loss Translation.: 0.027029	Loss Rotation.: 0.026550	Combined Loss Dist.: 2.749226	Loss Uncertainty: 0.831619
--ADE (5 time steps): 0.0868	--FDE (5 time steps): 0.0835
--ADE (10 time steps): 0.1201	--FDE (10 time steps): 0.1515
--ADE (15 time steps): 0.1555	--FDE (15 time steps): 0.2217
--ADE (20 time steps): 0.1935	--FDE (20 time steps): 0.2928
[INFO] Checkpoint saved to ./results/5_7_MultiSpires_6D/5_7_MultiSpires_6D/models/checkpoint_epoch_48.pth
[2025-03-03 23:24:46] Epoch: 48		Loss: 3.511423	Loss Translation.: 0.025978	Loss Rotation.: 0.026334	Combined Loss Dist.: 2.685536	Loss Uncertainty: 0.825887
--ADE (5 time steps): 0.0836	--FDE (5 time steps): 0.0794
--ADE (10 time steps): 0.1128	--FDE (10 time steps): 0.1368
--ADE (15 time steps): 0.1461	--FDE (15 time steps): 0.2038
--ADE (20 time steps): 0.1839	--FDE (20 time steps): 0.2787
[INFO] Checkpoint saved to ./results/5_7_MultiSpires_6D/5_7_MultiSpires_6D/models/checkpoint_epoch_49.pth
[2025-03-03 23:24:53] Epoch: 49		Loss: 3.474580	Loss Translation.: 0.025504	Loss Rotation.: 0.026230	Combined Loss Dist.: 2.652766	Loss Uncertainty: 0.821814
--ADE (5 time steps): 0.0830	--FDE (5 time steps): 0.0791
--ADE (10 time steps): 0.1127	--FDE (10 time steps): 0.1381
--ADE (15 time steps): 0.1461	--FDE (15 time steps): 0.2034
--ADE (20 time steps): 0.1839	--FDE (20 time steps): 0.2789
[INFO] Checkpoint saved to ./results/5_7_MultiSpires_6D/5_7_MultiSpires_6D/models/checkpoint_epoch_50.pth
[2025-03-03 23:24:59] Epoch: 50		Loss: 3.460220	Loss Translation.: 0.025334	Loss Rotation.: 0.026214	Combined Loss Dist.: 2.642041	Loss Uncertainty: 0.818179
--ADE (5 time steps): 0.0830	--FDE (5 time steps): 0.0795
--ADE (10 time steps): 0.1128	--FDE (10 time steps): 0.1385
--ADE (15 time steps): 0.1462	--FDE (15 time steps): 0.2034
--ADE (20 time steps): 0.1840	--FDE (20 time steps): 0.2793
[INFO] Checkpoint saved to ./results/5_7_MultiSpires_6D/5_7_MultiSpires_6D/models/checkpoint_epoch_51.pth
[2025-03-03 23:25:06] Epoch: 51		Loss: 3.446496	Loss Translation.: 0.025188	Loss Rotation.: 0.026178	Combined Loss Dist.: 2.632045	Loss Uncertainty: 0.814451
--ADE (5 time steps): 0.0831	--FDE (5 time steps): 0.0796
--ADE (10 time steps): 0.1129	--FDE (10 time steps): 0.1387
--ADE (15 time steps): 0.1461	--FDE (15 time steps): 0.2036
--ADE (20 time steps): 0.1837	--FDE (20 time steps): 0.2794
[INFO] Checkpoint saved to ./results/5_7_MultiSpires_6D/5_7_MultiSpires_6D/models/checkpoint_epoch_52.pth
[2025-03-03 23:25:13] Epoch: 52		Loss: 3.433211	Loss Translation.: 0.025040	Loss Rotation.: 0.026149	Combined Loss Dist.: 2.622571	Loss Uncertainty: 0.810640
--ADE (5 time steps): 0.0830	--FDE (5 time steps): 0.0796
--ADE (10 time steps): 0.1127	--FDE (10 time steps): 0.1387
--ADE (15 time steps): 0.1459	--FDE (15 time steps): 0.2033
--ADE (20 time steps): 0.1833	--FDE (20 time steps): 0.2795
[INFO] Checkpoint saved to ./results/5_7_MultiSpires_6D/5_7_MultiSpires_6D/models/checkpoint_epoch_53.pth
[2025-03-03 23:25:20] Epoch: 53		Loss: 3.418766	Loss Translation.: 0.024877	Loss Rotation.: 0.026112	Combined Loss Dist.: 2.611968	Loss Uncertainty: 0.806798
--ADE (5 time steps): 0.0831	--FDE (5 time steps): 0.0799
--ADE (10 time steps): 0.1128	--FDE (10 time steps): 0.1390
--ADE (15 time steps): 0.1460	--FDE (15 time steps): 0.2033
--ADE (20 time steps): 0.1832	--FDE (20 time steps): 0.2800
[INFO] Checkpoint saved to ./results/5_7_MultiSpires_6D/5_7_MultiSpires_6D/models/checkpoint_epoch_54.pth
[2025-03-03 23:25:27] Epoch: 54		Loss: 3.405587	Loss Translation.: 0.024728	Loss Rotation.: 0.026083	Combined Loss Dist.: 2.602743	Loss Uncertainty: 0.802843
--ADE (5 time steps): 0.0830	--FDE (5 time steps): 0.0798
--ADE (10 time steps): 0.1128	--FDE (10 time steps): 0.1386
--ADE (15 time steps): 0.1459	--FDE (15 time steps): 0.2027
--ADE (20 time steps): 0.1829	--FDE (20 time steps): 0.2799
[INFO] Checkpoint saved to ./results/5_7_MultiSpires_6D/5_7_MultiSpires_6D/models/checkpoint_epoch_55.pth
[2025-03-03 23:25:33] Epoch: 55		Loss: 3.393638	Loss Translation.: 0.024598	Loss Rotation.: 0.026060	Combined Loss Dist.: 2.594761	Loss Uncertainty: 0.798877
--ADE (5 time steps): 0.0830	--FDE (5 time steps): 0.0800
--ADE (10 time steps): 0.1128	--FDE (10 time steps): 0.1382
--ADE (15 time steps): 0.1457	--FDE (15 time steps): 0.2014
--ADE (20 time steps): 0.1825	--FDE (20 time steps): 0.2800
[INFO] Checkpoint saved to ./results/5_7_MultiSpires_6D/5_7_MultiSpires_6D/models/checkpoint_epoch_56.pth
[2025-03-03 23:25:40] Epoch: 56		Loss: 3.359090	Loss Translation.: 0.024165	Loss Rotation.: 0.025857	Combined Loss Dist.: 2.563310	Loss Uncertainty: 0.795780
--ADE (5 time steps): 0.0860	--FDE (5 time steps): 0.0814
--ADE (10 time steps): 0.1147	--FDE (10 time steps): 0.1359
--ADE (15 time steps): 0.1465	--FDE (15 time steps): 0.1985
--ADE (20 time steps): 0.1831	--FDE (20 time steps): 0.2795
[INFO] Checkpoint saved to ./results/5_7_MultiSpires_6D/5_7_MultiSpires_6D/models/checkpoint_epoch_57.pth
[2025-03-03 23:25:47] Epoch: 57		Loss: 3.352186	Loss Translation.: 0.024073	Loss Rotation.: 0.025863	Combined Loss Dist.: 2.558330	Loss Uncertainty: 0.793856
--ADE (5 time steps): 0.0857	--FDE (5 time steps): 0.0817
--ADE (10 time steps): 0.1143	--FDE (10 time steps): 0.1356
--ADE (15 time steps): 0.1460	--FDE (15 time steps): 0.1975
--ADE (20 time steps): 0.1826	--FDE (20 time steps): 0.2794
[INFO] Checkpoint saved to ./results/5_7_MultiSpires_6D/5_7_MultiSpires_6D/models/checkpoint_epoch_58.pth
[2025-03-03 23:25:54] Epoch: 58		Loss: 3.345455	Loss Translation.: 0.023980	Loss Rotation.: 0.025865	Combined Loss Dist.: 2.553531	Loss Uncertainty: 0.791924
--ADE (5 time steps): 0.0856	--FDE (5 time steps): 0.0818
--ADE (10 time steps): 0.1141	--FDE (10 time steps): 0.1355
--ADE (15 time steps): 0.1459	--FDE (15 time steps): 0.1973
--ADE (20 time steps): 0.1825	--FDE (20 time steps): 0.2798
[INFO] Checkpoint saved to ./results/5_7_MultiSpires_6D/5_7_MultiSpires_6D/models/checkpoint_epoch_59.pth
[2025-03-03 23:26:01] Epoch: 59		Loss: 3.338115	Loss Translation.: 0.023894	Loss Rotation.: 0.025857	Combined Loss Dist.: 2.548218	Loss Uncertainty: 0.789897
--ADE (5 time steps): 0.0855	--FDE (5 time steps): 0.0818
--ADE (10 time steps): 0.1139	--FDE (10 time steps): 0.1354
--ADE (15 time steps): 0.1457	--FDE (15 time steps): 0.1968
--ADE (20 time steps): 0.1823	--FDE (20 time steps): 0.2797
[INFO] Checkpoint saved to ./results/5_7_MultiSpires_6D/5_7_MultiSpires_6D/models/checkpoint_epoch_60.pth
[2025-03-03 23:26:08] Epoch: 60		Loss: 3.332395	Loss Translation.: 0.023824	Loss Rotation.: 0.025859	Combined Loss Dist.: 2.544538	Loss Uncertainty: 0.787858
--ADE (5 time steps): 0.0853	--FDE (5 time steps): 0.0816
--ADE (10 time steps): 0.1137	--FDE (10 time steps): 0.1354
--ADE (15 time steps): 0.1456	--FDE (15 time steps): 0.1965
--ADE (20 time steps): 0.1822	--FDE (20 time steps): 0.2799
[INFO] Checkpoint saved to ./results/5_7_MultiSpires_6D/5_7_MultiSpires_6D/models/checkpoint_epoch_61.pth
[2025-03-03 23:26:14] Epoch: 61		Loss: 3.325654	Loss Translation.: 0.023749	Loss Rotation.: 0.025848	Combined Loss Dist.: 2.539899	Loss Uncertainty: 0.785756
--ADE (5 time steps): 0.0852	--FDE (5 time steps): 0.0815
--ADE (10 time steps): 0.1137	--FDE (10 time steps): 0.1355
--ADE (15 time steps): 0.1456	--FDE (15 time steps): 0.1960
--ADE (20 time steps): 0.1821	--FDE (20 time steps): 0.2798
[INFO] Checkpoint saved to ./results/5_7_MultiSpires_6D/5_7_MultiSpires_6D/models/checkpoint_epoch_62.pth
[2025-03-03 23:26:21] Epoch: 62		Loss: 3.319766	Loss Translation.: 0.023679	Loss Rotation.: 0.025848	Combined Loss Dist.: 2.536116	Loss Uncertainty: 0.783650
--ADE (5 time steps): 0.0849	--FDE (5 time steps): 0.0812
--ADE (10 time steps): 0.1134	--FDE (10 time steps): 0.1355
--ADE (15 time steps): 0.1455	--FDE (15 time steps): 0.1959
--ADE (20 time steps): 0.1819	--FDE (20 time steps): 0.2800
[INFO] Checkpoint saved to ./results/5_7_MultiSpires_6D/5_7_MultiSpires_6D/models/checkpoint_epoch_63.pth
[2025-03-03 23:26:28] Epoch: 63		Loss: 3.313193	Loss Translation.: 0.023607	Loss Rotation.: 0.025835	Combined Loss Dist.: 2.531676	Loss Uncertainty: 0.781517
--ADE (5 time steps): 0.0849	--FDE (5 time steps): 0.0814
--ADE (10 time steps): 0.1134	--FDE (10 time steps): 0.1355
--ADE (15 time steps): 0.1454	--FDE (15 time steps): 0.1955
--ADE (20 time steps): 0.1818	--FDE (20 time steps): 0.2799
[INFO] Checkpoint saved to ./results/5_7_MultiSpires_6D/5_7_MultiSpires_6D/models/checkpoint_epoch_64.pth
[2025-03-03 23:26:35] Epoch: 64		Loss: 3.298956	Loss Translation.: 0.023397	Loss Rotation.: 0.025811	Combined Loss Dist.: 2.519154	Loss Uncertainty: 0.779802
--ADE (5 time steps): 0.0834	--FDE (5 time steps): 0.0809
--ADE (10 time steps): 0.1126	--FDE (10 time steps): 0.1371
--ADE (15 time steps): 0.1447	--FDE (15 time steps): 0.1968
--ADE (20 time steps): 0.1811	--FDE (20 time steps): 0.2807
[INFO] Checkpoint saved to ./results/5_7_MultiSpires_6D/5_7_MultiSpires_6D/models/checkpoint_epoch_65.pth
[2025-03-03 23:26:42] Epoch: 65		Loss: 3.288081	Loss Translation.: 0.023270	Loss Rotation.: 0.025777	Combined Loss Dist.: 2.509644	Loss Uncertainty: 0.778437
--ADE (5 time steps): 0.0834	--FDE (5 time steps): 0.0807
--ADE (10 time steps): 0.1125	--FDE (10 time steps): 0.1369
--ADE (15 time steps): 0.1445	--FDE (15 time steps): 0.1966
--ADE (20 time steps): 0.1809	--FDE (20 time steps): 0.2803
[INFO] Checkpoint saved to ./results/5_7_MultiSpires_6D/5_7_MultiSpires_6D/models/checkpoint_epoch_66.pth
[2025-03-03 23:26:48] Epoch: 66		Loss: 3.283835	Loss Translation.: 0.023238	Loss Rotation.: 0.025755	Combined Loss Dist.: 2.506577	Loss Uncertainty: 0.777257
--ADE (5 time steps): 0.0833	--FDE (5 time steps): 0.0806
--ADE (10 time steps): 0.1124	--FDE (10 time steps): 0.1370
--ADE (15 time steps): 0.1443	--FDE (15 time steps): 0.1967
--ADE (20 time steps): 0.1808	--FDE (20 time steps): 0.2800
[INFO] Checkpoint saved to ./results/5_7_MultiSpires_6D/5_7_MultiSpires_6D/models/checkpoint_epoch_67.pth
[2025-03-03 23:26:55] Epoch: 67		Loss: 3.279540	Loss Translation.: 0.023196	Loss Rotation.: 0.025739	Combined Loss Dist.: 2.503428	Loss Uncertainty: 0.776112
--ADE (5 time steps): 0.0832	--FDE (5 time steps): 0.0806
--ADE (10 time steps): 0.1123	--FDE (10 time steps): 0.1369
--ADE (15 time steps): 0.1442	--FDE (15 time steps): 0.1966
--ADE (20 time steps): 0.1806	--FDE (20 time steps): 0.2797
[INFO] Checkpoint saved to ./results/5_7_MultiSpires_6D/5_7_MultiSpires_6D/models/checkpoint_epoch_68.pth
[2025-03-03 23:27:02] Epoch: 68		Loss: 3.275630	Loss Translation.: 0.023157	Loss Rotation.: 0.025726	Combined Loss Dist.: 2.500653	Loss Uncertainty: 0.774977
--ADE (5 time steps): 0.0832	--FDE (5 time steps): 0.0806
--ADE (10 time steps): 0.1122	--FDE (10 time steps): 0.1369
--ADE (15 time steps): 0.1441	--FDE (15 time steps): 0.1965
--ADE (20 time steps): 0.1805	--FDE (20 time steps): 0.2795
[INFO] Checkpoint saved to ./results/5_7_MultiSpires_6D/5_7_MultiSpires_6D/models/checkpoint_epoch_69.pth
[2025-03-03 23:27:09] Epoch: 69		Loss: 3.271820	Loss Translation.: 0.023120	Loss Rotation.: 0.025712	Combined Loss Dist.: 2.497980	Loss Uncertainty: 0.773840
--ADE (5 time steps): 0.0831	--FDE (5 time steps): 0.0806
--ADE (10 time steps): 0.1122	--FDE (10 time steps): 0.1368
--ADE (15 time steps): 0.1441	--FDE (15 time steps): 0.1965
--ADE (20 time steps): 0.1804	--FDE (20 time steps): 0.2793
[INFO] Checkpoint saved to ./results/5_7_MultiSpires_6D/5_7_MultiSpires_6D/models/checkpoint_epoch_70.pth
[2025-03-03 23:27:16] Epoch: 70		Loss: 3.268233	Loss Translation.: 0.023086	Loss Rotation.: 0.025702	Combined Loss Dist.: 2.495518	Loss Uncertainty: 0.772715
--ADE (5 time steps): 0.0831	--FDE (5 time steps): 0.0805
--ADE (10 time steps): 0.1121	--FDE (10 time steps): 0.1368
--ADE (15 time steps): 0.1440	--FDE (15 time steps): 0.1964
--ADE (20 time steps): 0.1803	--FDE (20 time steps): 0.2791
[INFO] Checkpoint saved to ./results/5_7_MultiSpires_6D/5_7_MultiSpires_6D/models/checkpoint_epoch_71.pth
[2025-03-03 23:27:23] Epoch: 71		Loss: 3.264468	Loss Translation.: 0.023048	Loss Rotation.: 0.025690	Combined Loss Dist.: 2.492890	Loss Uncertainty: 0.771578
--ADE (5 time steps): 0.0830	--FDE (5 time steps): 0.0805
--ADE (10 time steps): 0.1121	--FDE (10 time steps): 0.1368
--ADE (15 time steps): 0.1440	--FDE (15 time steps): 0.1964
--ADE (20 time steps): 0.1802	--FDE (20 time steps): 0.2789
[INFO] Checkpoint saved to ./results/5_7_MultiSpires_6D/5_7_MultiSpires_6D/models/checkpoint_epoch_72.pth
[2025-03-03 23:27:29] Epoch: 72		Loss: 3.253689	Loss Translation.: 0.022930	Loss Rotation.: 0.025636	Combined Loss Dist.: 2.483192	Loss Uncertainty: 0.770497
--ADE (5 time steps): 0.0828	--FDE (5 time steps): 0.0801
--ADE (10 time steps): 0.1118	--FDE (10 time steps): 0.1362
--ADE (15 time steps): 0.1435	--FDE (15 time steps): 0.1962
--ADE (20 time steps): 0.1797	--FDE (20 time steps): 0.2784
[INFO] Checkpoint saved to ./results/5_7_MultiSpires_6D/5_7_MultiSpires_6D/models/checkpoint_epoch_73.pth
[2025-03-03 23:27:36] Epoch: 73		Loss: 3.251784	Loss Translation.: 0.022915	Loss Rotation.: 0.025617	Combined Loss Dist.: 2.481867	Loss Uncertainty: 0.769917
--ADE (5 time steps): 0.0828	--FDE (5 time steps): 0.0802
--ADE (10 time steps): 0.1117	--FDE (10 time steps): 0.1361
--ADE (15 time steps): 0.1435	--FDE (15 time steps): 0.1961
--ADE (20 time steps): 0.1796	--FDE (20 time steps): 0.2782
[INFO] Checkpoint saved to ./results/5_7_MultiSpires_6D/5_7_MultiSpires_6D/models/checkpoint_epoch_74.pth
[2025-03-03 23:27:43] Epoch: 74		Loss: 3.250075	Loss Translation.: 0.022897	Loss Rotation.: 0.025612	Combined Loss Dist.: 2.480721	Loss Uncertainty: 0.769354
--ADE (5 time steps): 0.0827	--FDE (5 time steps): 0.0801
--ADE (10 time steps): 0.1117	--FDE (10 time steps): 0.1361
--ADE (15 time steps): 0.1435	--FDE (15 time steps): 0.1961
--ADE (20 time steps): 0.1796	--FDE (20 time steps): 0.2782
[INFO] Checkpoint saved to ./results/5_7_MultiSpires_6D/5_7_MultiSpires_6D/models/checkpoint_epoch_75.pth
[2025-03-03 23:27:50] Epoch: 75		Loss: 3.248214	Loss Translation.: 0.022878	Loss Rotation.: 0.025606	Combined Loss Dist.: 2.479430	Loss Uncertainty: 0.768785
--ADE (5 time steps): 0.0827	--FDE (5 time steps): 0.0801
--ADE (10 time steps): 0.1117	--FDE (10 time steps): 0.1361
--ADE (15 time steps): 0.1435	--FDE (15 time steps): 0.1961
--ADE (20 time steps): 0.1795	--FDE (20 time steps): 0.2781
[INFO] Checkpoint saved to ./results/5_7_MultiSpires_6D/5_7_MultiSpires_6D/models/checkpoint_epoch_76.pth
[2025-03-03 23:27:57] Epoch: 76		Loss: 3.246605	Loss Translation.: 0.022862	Loss Rotation.: 0.025601	Combined Loss Dist.: 2.478380	Loss Uncertainty: 0.768225
--ADE (5 time steps): 0.0827	--FDE (5 time steps): 0.0801
--ADE (10 time steps): 0.1117	--FDE (10 time steps): 0.1361
--ADE (15 time steps): 0.1435	--FDE (15 time steps): 0.1961
--ADE (20 time steps): 0.1795	--FDE (20 time steps): 0.2781
[INFO] Checkpoint saved to ./results/5_7_MultiSpires_6D/5_7_MultiSpires_6D/models/checkpoint_epoch_77.pth
[2025-03-03 23:28:04] Epoch: 77		Loss: 3.244924	Loss Translation.: 0.022844	Loss Rotation.: 0.025597	Combined Loss Dist.: 2.477266	Loss Uncertainty: 0.767658
--ADE (5 time steps): 0.0827	--FDE (5 time steps): 0.0801
--ADE (10 time steps): 0.1117	--FDE (10 time steps): 0.1361
--ADE (15 time steps): 0.1434	--FDE (15 time steps): 0.1961
--ADE (20 time steps): 0.1794	--FDE (20 time steps): 0.2780
[INFO] Checkpoint saved to ./results/5_7_MultiSpires_6D/5_7_MultiSpires_6D/models/checkpoint_epoch_78.pth
[2025-03-03 23:28:10] Epoch: 78		Loss: 3.243151	Loss Translation.: 0.022827	Loss Rotation.: 0.025591	Combined Loss Dist.: 2.476057	Loss Uncertainty: 0.767095
--ADE (5 time steps): 0.0826	--FDE (5 time steps): 0.0801
--ADE (10 time steps): 0.1117	--FDE (10 time steps): 0.1361
--ADE (15 time steps): 0.1434	--FDE (15 time steps): 0.1962
--ADE (20 time steps): 0.1794	--FDE (20 time steps): 0.2780
[INFO] Checkpoint saved to ./results/5_7_MultiSpires_6D/5_7_MultiSpires_6D/models/checkpoint_epoch_79.pth
[2025-03-03 23:28:17] Epoch: 79		Loss: 3.241522	Loss Translation.: 0.022811	Loss Rotation.: 0.025586	Combined Loss Dist.: 2.474993	Loss Uncertainty: 0.766530
--ADE (5 time steps): 0.0826	--FDE (5 time steps): 0.0801
--ADE (10 time steps): 0.1117	--FDE (10 time steps): 0.1361
--ADE (15 time steps): 0.1434	--FDE (15 time steps): 0.1961
--ADE (20 time steps): 0.1794	--FDE (20 time steps): 0.2779
[INFO] Checkpoint saved to ./results/5_7_MultiSpires_6D/5_7_MultiSpires_6D/models/checkpoint_epoch_80.pth
[2025-03-03 23:28:24] Epoch: 80		Loss: 3.236332	Loss Translation.: 0.022762	Loss Rotation.: 0.025556	Combined Loss Dist.: 2.470334	Loss Uncertainty: 0.765998
--ADE (5 time steps): 0.0823	--FDE (5 time steps): 0.0803
--ADE (10 time steps): 0.1115	--FDE (10 time steps): 0.1364
--ADE (15 time steps): 0.1433	--FDE (15 time steps): 0.1966
--ADE (20 time steps): 0.1793	--FDE (20 time steps): 0.2782
[INFO] Checkpoint saved to ./results/5_7_MultiSpires_6D/5_7_MultiSpires_6D/models/checkpoint_epoch_81.pth
[2025-03-03 23:28:31] Epoch: 81		Loss: 3.234415	Loss Translation.: 0.022741	Loss Rotation.: 0.025546	Combined Loss Dist.: 2.468681	Loss Uncertainty: 0.765734
--ADE (5 time steps): 0.0823	--FDE (5 time steps): 0.0804
--ADE (10 time steps): 0.1115	--FDE (10 time steps): 0.1364
--ADE (15 time steps): 0.1433	--FDE (15 time steps): 0.1966
--ADE (20 time steps): 0.1793	--FDE (20 time steps): 0.2782
[INFO] Checkpoint saved to ./results/5_7_MultiSpires_6D/5_7_MultiSpires_6D/models/checkpoint_epoch_82.pth
[2025-03-03 23:28:38] Epoch: 82		Loss: 3.233460	Loss Translation.: 0.022731	Loss Rotation.: 0.025542	Combined Loss Dist.: 2.468009	Loss Uncertainty: 0.765451
--ADE (5 time steps): 0.0823	--FDE (5 time steps): 0.0804
--ADE (10 time steps): 0.1116	--FDE (10 time steps): 0.1364
--ADE (15 time steps): 0.1433	--FDE (15 time steps): 0.1966
--ADE (20 time steps): 0.1793	--FDE (20 time steps): 0.2782
[INFO] Checkpoint saved to ./results/5_7_MultiSpires_6D/5_7_MultiSpires_6D/models/checkpoint_epoch_83.pth
[2025-03-03 23:28:45] Epoch: 83		Loss: 3.232584	Loss Translation.: 0.022722	Loss Rotation.: 0.025539	Combined Loss Dist.: 2.467416	Loss Uncertainty: 0.765168
--ADE (5 time steps): 0.0823	--FDE (5 time steps): 0.0805
--ADE (10 time steps): 0.1116	--FDE (10 time steps): 0.1365
--ADE (15 time steps): 0.1433	--FDE (15 time steps): 0.1967
--ADE (20 time steps): 0.1793	--FDE (20 time steps): 0.2783
[INFO] Checkpoint saved to ./results/5_7_MultiSpires_6D/5_7_MultiSpires_6D/models/checkpoint_epoch_84.pth
[2025-03-03 23:28:51] Epoch: 84		Loss: 3.231694	Loss Translation.: 0.022712	Loss Rotation.: 0.025536	Combined Loss Dist.: 2.466813	Loss Uncertainty: 0.764881
--ADE (5 time steps): 0.0823	--FDE (5 time steps): 0.0805
--ADE (10 time steps): 0.1116	--FDE (10 time steps): 0.1365
--ADE (15 time steps): 0.1433	--FDE (15 time steps): 0.1967
--ADE (20 time steps): 0.1793	--FDE (20 time steps): 0.2782
[INFO] Checkpoint saved to ./results/5_7_MultiSpires_6D/5_7_MultiSpires_6D/models/checkpoint_epoch_85.pth
[2025-03-03 23:28:58] Epoch: 85		Loss: 3.230901	Loss Translation.: 0.022704	Loss Rotation.: 0.025534	Combined Loss Dist.: 2.466301	Loss Uncertainty: 0.764599
--ADE (5 time steps): 0.0823	--FDE (5 time steps): 0.0805
--ADE (10 time steps): 0.1116	--FDE (10 time steps): 0.1365
--ADE (15 time steps): 0.1433	--FDE (15 time steps): 0.1967
--ADE (20 time steps): 0.1793	--FDE (20 time steps): 0.2782
[INFO] Checkpoint saved to ./results/5_7_MultiSpires_6D/5_7_MultiSpires_6D/models/checkpoint_epoch_86.pth
[2025-03-03 23:29:05] Epoch: 86		Loss: 3.230055	Loss Translation.: 0.022696	Loss Rotation.: 0.025531	Combined Loss Dist.: 2.465744	Loss Uncertainty: 0.764312
--ADE (5 time steps): 0.0823	--FDE (5 time steps): 0.0805
--ADE (10 time steps): 0.1116	--FDE (10 time steps): 0.1365
--ADE (15 time steps): 0.1433	--FDE (15 time steps): 0.1967
--ADE (20 time steps): 0.1793	--FDE (20 time steps): 0.2782
[INFO] Checkpoint saved to ./results/5_7_MultiSpires_6D/5_7_MultiSpires_6D/models/checkpoint_epoch_87.pth
[2025-03-03 23:29:12] Epoch: 87		Loss: 3.229226	Loss Translation.: 0.022688	Loss Rotation.: 0.025529	Combined Loss Dist.: 2.465199	Loss Uncertainty: 0.764027
--ADE (5 time steps): 0.0823	--FDE (5 time steps): 0.0806
--ADE (10 time steps): 0.1116	--FDE (10 time steps): 0.1365
--ADE (15 time steps): 0.1433	--FDE (15 time steps): 0.1967
--ADE (20 time steps): 0.1793	--FDE (20 time steps): 0.2782
[INFO] Checkpoint saved to ./results/5_7_MultiSpires_6D/5_7_MultiSpires_6D/models/checkpoint_epoch_88.pth
[2025-03-03 23:29:19] Epoch: 88		Loss: 3.226609	Loss Translation.: 0.022660	Loss Rotation.: 0.025516	Combined Loss Dist.: 2.462854	Loss Uncertainty: 0.763755
--ADE (5 time steps): 0.0822	--FDE (5 time steps): 0.0806
--ADE (10 time steps): 0.1116	--FDE (10 time steps): 0.1367
--ADE (15 time steps): 0.1433	--FDE (15 time steps): 0.1970
--ADE (20 time steps): 0.1793	--FDE (20 time steps): 0.2784
[INFO] Checkpoint saved to ./results/5_7_MultiSpires_6D/5_7_MultiSpires_6D/models/checkpoint_epoch_89.pth
[2025-03-03 23:29:26] Epoch: 89		Loss: 3.225469	Loss Translation.: 0.022647	Loss Rotation.: 0.025510	Combined Loss Dist.: 2.461847	Loss Uncertainty: 0.763623
--ADE (5 time steps): 0.0822	--FDE (5 time steps): 0.0806
--ADE (10 time steps): 0.1115	--FDE (10 time steps): 0.1367
--ADE (15 time steps): 0.1433	--FDE (15 time steps): 0.1970
--ADE (20 time steps): 0.1793	--FDE (20 time steps): 0.2784
[INFO] Checkpoint saved to ./results/5_7_MultiSpires_6D/5_7_MultiSpires_6D/models/checkpoint_epoch_90.pth
[2025-03-03 23:29:32] Epoch: 90		Loss: 3.225002	Loss Translation.: 0.022643	Loss Rotation.: 0.025508	Combined Loss Dist.: 2.461523	Loss Uncertainty: 0.763479
--ADE (5 time steps): 0.0822	--FDE (5 time steps): 0.0807
--ADE (10 time steps): 0.1115	--FDE (10 time steps): 0.1367
--ADE (15 time steps): 0.1433	--FDE (15 time steps): 0.1970
--ADE (20 time steps): 0.1793	--FDE (20 time steps): 0.2783
[INFO] Checkpoint saved to ./results/5_7_MultiSpires_6D/5_7_MultiSpires_6D/models/checkpoint_epoch_91.pth
[2025-03-03 23:29:39] Epoch: 91		Loss: 3.224582	Loss Translation.: 0.022639	Loss Rotation.: 0.025506	Combined Loss Dist.: 2.461247	Loss Uncertainty: 0.763335
--ADE (5 time steps): 0.0822	--FDE (5 time steps): 0.0807
--ADE (10 time steps): 0.1116	--FDE (10 time steps): 0.1368
--ADE (15 time steps): 0.1433	--FDE (15 time steps): 0.1970
--ADE (20 time steps): 0.1793	--FDE (20 time steps): 0.2783
[INFO] Checkpoint saved to ./results/5_7_MultiSpires_6D/5_7_MultiSpires_6D/models/checkpoint_epoch_92.pth
[2025-03-03 23:29:46] Epoch: 92		Loss: 3.224125	Loss Translation.: 0.022634	Loss Rotation.: 0.025505	Combined Loss Dist.: 2.460935	Loss Uncertainty: 0.763190
--ADE (5 time steps): 0.0822	--FDE (5 time steps): 0.0807
--ADE (10 time steps): 0.1116	--FDE (10 time steps): 0.1367
--ADE (15 time steps): 0.1433	--FDE (15 time steps): 0.1970
--ADE (20 time steps): 0.1792	--FDE (20 time steps): 0.2783
[INFO] Checkpoint saved to ./results/5_7_MultiSpires_6D/5_7_MultiSpires_6D/models/checkpoint_epoch_93.pth
[2025-03-03 23:29:53] Epoch: 93		Loss: 3.223747	Loss Translation.: 0.022631	Loss Rotation.: 0.025503	Combined Loss Dist.: 2.460702	Loss Uncertainty: 0.763045
--ADE (5 time steps): 0.0822	--FDE (5 time steps): 0.0807
--ADE (10 time steps): 0.1116	--FDE (10 time steps): 0.1368
--ADE (15 time steps): 0.1433	--FDE (15 time steps): 0.1970
--ADE (20 time steps): 0.1793	--FDE (20 time steps): 0.2783
[INFO] Checkpoint saved to ./results/5_7_MultiSpires_6D/5_7_MultiSpires_6D/models/checkpoint_epoch_94.pth
[2025-03-03 23:30:00] Epoch: 94		Loss: 3.223300	Loss Translation.: 0.022626	Loss Rotation.: 0.025502	Combined Loss Dist.: 2.460399	Loss Uncertainty: 0.762901
--ADE (5 time steps): 0.0822	--FDE (5 time steps): 0.0807
--ADE (10 time steps): 0.1116	--FDE (10 time steps): 0.1368
--ADE (15 time steps): 0.1433	--FDE (15 time steps): 0.1970
--ADE (20 time steps): 0.1792	--FDE (20 time steps): 0.2783
[INFO] Checkpoint saved to ./results/5_7_MultiSpires_6D/5_7_MultiSpires_6D/models/checkpoint_epoch_95.pth
[2025-03-03 23:30:06] Epoch: 95		Loss: 3.222925	Loss Translation.: 0.022623	Loss Rotation.: 0.025501	Combined Loss Dist.: 2.460168	Loss Uncertainty: 0.762757
--ADE (5 time steps): 0.0822	--FDE (5 time steps): 0.0807
--ADE (10 time steps): 0.1116	--FDE (10 time steps): 0.1368
--ADE (15 time steps): 0.1433	--FDE (15 time steps): 0.1970
--ADE (20 time steps): 0.1793	--FDE (20 time steps): 0.2783
[INFO] Checkpoint saved to ./results/5_7_MultiSpires_6D/5_7_MultiSpires_6D/models/checkpoint_epoch_96.pth
[2025-03-03 23:30:14] Epoch: 96		Loss: 3.221451	Loss Translation.: 0.022606	Loss Rotation.: 0.025494	Combined Loss Dist.: 2.458835	Loss Uncertainty: 0.762616
--ADE (5 time steps): 0.0822	--FDE (5 time steps): 0.0807
--ADE (10 time steps): 0.1116	--FDE (10 time steps): 0.1368
--ADE (15 time steps): 0.1433	--FDE (15 time steps): 0.1971
--ADE (20 time steps): 0.1792	--FDE (20 time steps): 0.2783
[INFO] Checkpoint saved to ./results/5_7_MultiSpires_6D/5_7_MultiSpires_6D/models/checkpoint_epoch_97.pth
[2025-03-03 23:30:21] Epoch: 97		Loss: 3.221072	Loss Translation.: 0.022603	Loss Rotation.: 0.025491	Combined Loss Dist.: 2.458521	Loss Uncertainty: 0.762551
--ADE (5 time steps): 0.0822	--FDE (5 time steps): 0.0807
--ADE (10 time steps): 0.1116	--FDE (10 time steps): 0.1368
--ADE (15 time steps): 0.1433	--FDE (15 time steps): 0.1971
--ADE (20 time steps): 0.1792	--FDE (20 time steps): 0.2783
[INFO] Checkpoint saved to ./results/5_7_MultiSpires_6D/5_7_MultiSpires_6D/models/checkpoint_epoch_98.pth
[2025-03-03 23:30:27] Epoch: 98		Loss: 3.220812	Loss Translation.: 0.022600	Loss Rotation.: 0.025490	Combined Loss Dist.: 2.458333	Loss Uncertainty: 0.762479
--ADE (5 time steps): 0.0822	--FDE (5 time steps): 0.0807
--ADE (10 time steps): 0.1116	--FDE (10 time steps): 0.1368
--ADE (15 time steps): 0.1433	--FDE (15 time steps): 0.1971
--ADE (20 time steps): 0.1792	--FDE (20 time steps): 0.2783
[INFO] Checkpoint saved to ./results/5_7_MultiSpires_6D/5_7_MultiSpires_6D/models/checkpoint_epoch_99.pth
[2025-03-03 23:30:34] Epoch: 99		Loss: 3.220596	Loss Translation.: 0.022598	Loss Rotation.: 0.025489	Combined Loss Dist.: 2.458189	Loss Uncertainty: 0.762407
--ADE (5 time steps): 0.0822	--FDE (5 time steps): 0.0807
--ADE (10 time steps): 0.1116	--FDE (10 time steps): 0.1368
--ADE (15 time steps): 0.1433	--FDE (15 time steps): 0.1971
--ADE (20 time steps): 0.1792	--FDE (20 time steps): 0.2783
[INFO] Checkpoint saved to ./results/5_7_MultiSpires_6D/5_7_MultiSpires_6D/models/checkpoint_epoch_100.pth

JOB STATISTICS
==============
Job ID: 10284573
Cluster: snellius
User/Group: scur2440/scur2440
State: COMPLETED (exit code 0)
Nodes: 1
Cores per node: 18
CPU Utilized: 00:12:15
CPU Efficiency: 5.73% of 03:33:54 core-walltime
Job Wall-clock time: 00:11:53
Memory Utilized: 3.15 GB
Memory Efficiency: 2.62% of 120.00 GB
