***************************************************************************************************** 
* WARNING: The 2022 software stack is deprecated. Please consider switching to
the latest 2024 * 
* software stack, or the older 2023 software stack. * 
* * 
* If you have any question, please contact us via
http://servicedesk.surfsara.nl. * 
***************************************************************************************************** 

Configuration:
description: LED
results_root_dir: results
dataset: newer
dimensions: 2
past_frames: 10
future_frames: 24
min_past_frames: 10
min_future_frames: 24
k_preds: 24
traj_mean: [14, 7.5]
traj_scale: 5
relative: False
normalised: False
overfitting: True
pretrained_core_denoising_model: ./results/checkpoints/base_diffusion_model.p
debug: False
diffusion: {'steps': 150, 'beta_start': 0.0001, 'beta_end': 0.05, 'beta_schedule': 'linear'}
lr: 0.001
train_batch_size: 32
test_batch_size: 32
num_epochs: 100
test_interval: 1
lr_scheduler: step
decay_step: 8
decay_gamma: 0.5

[INFO] NEWER dataset (1 agent).
Overfitting: True
Time diff avg (fut): 2.26406
Overfitting: True
Time diff avg (fut): 2.26406
[INFO] Now using random trajectory shuffling.

Train dataset:
Length: 22885
Total x and y distances travelled: 2.06631, 2.19416
Euclidean dist diff avg: 3.23702

Test dataset:
Length: 2861
Total x and y distances travelled: 2.06437, 2.17979
Euclidean dist diff avg: 3.23494

[INFO] NEWER dataset - skip subtracting mean from absolute positions.
[INFO] Training from scratch - without pretrained models (Not NBA with frame standard configs)

[Core Denoising Model] Trainable/Total: 6568720/6568720
[Initialization Model] Trainable/Total: 4996553/4996553
[2025-03-03 23:28:56] Epoch: 0		Loss: 4.347811	Loss Translation.: 3.639962	Loss Uncertainty: 0.707849
--ADE (5 time steps): 0.1132	--FDE (5 time steps): 0.1114
--ADE (10 time steps): 0.1702	--FDE (10 time steps): 0.2283
--ADE (15 time steps): 0.2262	--FDE (15 time steps): 0.3313
--ADE (20 time steps): 0.2806	--FDE (20 time steps): 0.4364
[INFO] Checkpoint saved to ./results/5_8_Overfitting_Newer2D/5_8_Overfitting_Newer2D/models/checkpoint_epoch_1.pth
[2025-03-03 23:31:33] Epoch: 1		Loss: 1.618526	Loss Translation.: 1.981268	Loss Uncertainty: -0.362742
--ADE (5 time steps): 0.0856	--FDE (5 time steps): 0.0809
--ADE (10 time steps): 0.1262	--FDE (10 time steps): 0.1812
--ADE (15 time steps): 0.1677	--FDE (15 time steps): 0.2432
--ADE (20 time steps): 0.2135	--FDE (20 time steps): 0.3339
[INFO] Checkpoint saved to ./results/5_8_Overfitting_Newer2D/5_8_Overfitting_Newer2D/models/checkpoint_epoch_2.pth
[2025-03-03 23:34:10] Epoch: 2		Loss: 1.046059	Loss Translation.: 1.646263	Loss Uncertainty: -0.600203
--ADE (5 time steps): 0.0721	--FDE (5 time steps): 0.0607
--ADE (10 time steps): 0.0933	--FDE (10 time steps): 0.0981
--ADE (15 time steps): 0.1211	--FDE (15 time steps): 0.1507
--ADE (20 time steps): 0.1523	--FDE (20 time steps): 0.2190
[INFO] Checkpoint saved to ./results/5_8_Overfitting_Newer2D/5_8_Overfitting_Newer2D/models/checkpoint_epoch_3.pth
[2025-03-03 23:36:47] Epoch: 3		Loss: 0.893597	Loss Translation.: 1.535869	Loss Uncertainty: -0.642272
--ADE (5 time steps): 0.0913	--FDE (5 time steps): 0.0827
--ADE (10 time steps): 0.1159	--FDE (10 time steps): 0.1301
--ADE (15 time steps): 0.1424	--FDE (15 time steps): 0.1865
--ADE (20 time steps): 0.1735	--FDE (20 time steps): 0.2617
[INFO] Checkpoint saved to ./results/5_8_Overfitting_Newer2D/5_8_Overfitting_Newer2D/models/checkpoint_epoch_4.pth
[2025-03-03 23:39:24] Epoch: 4		Loss: 0.820004	Loss Translation.: 1.484000	Loss Uncertainty: -0.663995
--ADE (5 time steps): 0.0691	--FDE (5 time steps): 0.0647
--ADE (10 time steps): 0.0934	--FDE (10 time steps): 0.1048
--ADE (15 time steps): 0.1166	--FDE (15 time steps): 0.1572
--ADE (20 time steps): 0.1455	--FDE (20 time steps): 0.2202
[INFO] Checkpoint saved to ./results/5_8_Overfitting_Newer2D/5_8_Overfitting_Newer2D/models/checkpoint_epoch_5.pth
[2025-03-03 23:42:02] Epoch: 5		Loss: 0.730116	Loss Translation.: 1.419924	Loss Uncertainty: -0.689808
--ADE (5 time steps): 0.0877	--FDE (5 time steps): 0.0822
--ADE (10 time steps): 0.1062	--FDE (10 time steps): 0.1205
--ADE (15 time steps): 0.1293	--FDE (15 time steps): 0.1677
--ADE (20 time steps): 0.1561	--FDE (20 time steps): 0.2312
[INFO] Checkpoint saved to ./results/5_8_Overfitting_Newer2D/5_8_Overfitting_Newer2D/models/checkpoint_epoch_6.pth
[2025-03-03 23:44:39] Epoch: 6		Loss: 0.702314	Loss Translation.: 1.398903	Loss Uncertainty: -0.696588
--ADE (5 time steps): 0.0640	--FDE (5 time steps): 0.0597
--ADE (10 time steps): 0.0876	--FDE (10 time steps): 0.1008
--ADE (15 time steps): 0.1134	--FDE (15 time steps): 0.1520
--ADE (20 time steps): 0.1406	--FDE (20 time steps): 0.2105
[INFO] Checkpoint saved to ./results/5_8_Overfitting_Newer2D/5_8_Overfitting_Newer2D/models/checkpoint_epoch_7.pth
[2025-03-03 23:47:16] Epoch: 7		Loss: 0.629534	Loss Translation.: 1.339717	Loss Uncertainty: -0.710183
--ADE (5 time steps): 0.0543	--FDE (5 time steps): 0.0540
--ADE (10 time steps): 0.0749	--FDE (10 time steps): 0.0893
--ADE (15 time steps): 0.0959	--FDE (15 time steps): 0.1344
--ADE (20 time steps): 0.1228	--FDE (20 time steps): 0.1903
[INFO] Checkpoint saved to ./results/5_8_Overfitting_Newer2D/5_8_Overfitting_Newer2D/models/checkpoint_epoch_8.pth
[2025-03-03 23:49:53] Epoch: 8		Loss: 0.305595	Loss Translation.: 1.113398	Loss Uncertainty: -0.807803
--ADE (5 time steps): 0.0538	--FDE (5 time steps): 0.0538
--ADE (10 time steps): 0.0719	--FDE (10 time steps): 0.0830
--ADE (15 time steps): 0.0913	--FDE (15 time steps): 0.1277
--ADE (20 time steps): 0.1160	--FDE (20 time steps): 0.1766
[INFO] Checkpoint saved to ./results/5_8_Overfitting_Newer2D/5_8_Overfitting_Newer2D/models/checkpoint_epoch_9.pth
[2025-03-03 23:52:30] Epoch: 9		Loss: 0.253886	Loss Translation.: 1.082265	Loss Uncertainty: -0.828379
--ADE (5 time steps): 0.0432	--FDE (5 time steps): 0.0434
--ADE (10 time steps): 0.0636	--FDE (10 time steps): 0.0764
--ADE (15 time steps): 0.0825	--FDE (15 time steps): 0.1138
--ADE (20 time steps): 0.1061	--FDE (20 time steps): 0.1631
[INFO] Checkpoint saved to ./results/5_8_Overfitting_Newer2D/5_8_Overfitting_Newer2D/models/checkpoint_epoch_10.pth
[2025-03-03 23:55:07] Epoch: 10		Loss: 0.223116	Loss Translation.: 1.060330	Loss Uncertainty: -0.837214
--ADE (5 time steps): 0.0454	--FDE (5 time steps): 0.0441
--ADE (10 time steps): 0.0624	--FDE (10 time steps): 0.0710
--ADE (15 time steps): 0.0802	--FDE (15 time steps): 0.1075
--ADE (20 time steps): 0.1026	--FDE (20 time steps): 0.1565
[INFO] Checkpoint saved to ./results/5_8_Overfitting_Newer2D/5_8_Overfitting_Newer2D/models/checkpoint_epoch_11.pth
[2025-03-03 23:57:44] Epoch: 11		Loss: 0.190848	Loss Translation.: 1.035925	Loss Uncertainty: -0.845077
--ADE (5 time steps): 0.0477	--FDE (5 time steps): 0.0537
--ADE (10 time steps): 0.0681	--FDE (10 time steps): 0.0893
--ADE (15 time steps): 0.0907	--FDE (15 time steps): 0.1361
--ADE (20 time steps): 0.1162	--FDE (20 time steps): 0.1870
[INFO] Checkpoint saved to ./results/5_8_Overfitting_Newer2D/5_8_Overfitting_Newer2D/models/checkpoint_epoch_12.pth
[2025-03-04 00:00:21] Epoch: 12		Loss: 0.170883	Loss Translation.: 1.023832	Loss Uncertainty: -0.852950
--ADE (5 time steps): 0.0620	--FDE (5 time steps): 0.0666
--ADE (10 time steps): 0.0812	--FDE (10 time steps): 0.0951
--ADE (15 time steps): 0.1000	--FDE (15 time steps): 0.1317
--ADE (20 time steps): 0.1220	--FDE (20 time steps): 0.1768
[INFO] Checkpoint saved to ./results/5_8_Overfitting_Newer2D/5_8_Overfitting_Newer2D/models/checkpoint_epoch_13.pth
[2025-03-04 00:02:58] Epoch: 13		Loss: 0.134229	Loss Translation.: 0.999938	Loss Uncertainty: -0.865709
--ADE (5 time steps): 0.0484	--FDE (5 time steps): 0.0466
--ADE (10 time steps): 0.0658	--FDE (10 time steps): 0.0736
--ADE (15 time steps): 0.0840	--FDE (15 time steps): 0.1125
--ADE (20 time steps): 0.1061	--FDE (20 time steps): 0.1617
[INFO] Checkpoint saved to ./results/5_8_Overfitting_Newer2D/5_8_Overfitting_Newer2D/models/checkpoint_epoch_14.pth
[2025-03-04 00:05:35] Epoch: 14		Loss: 0.120559	Loss Translation.: 0.990182	Loss Uncertainty: -0.869623
--ADE (5 time steps): 0.0431	--FDE (5 time steps): 0.0415
--ADE (10 time steps): 0.0583	--FDE (10 time steps): 0.0658
--ADE (15 time steps): 0.0748	--FDE (15 time steps): 0.1002
--ADE (20 time steps): 0.0955	--FDE (20 time steps): 0.1454
[INFO] Checkpoint saved to ./results/5_8_Overfitting_Newer2D/5_8_Overfitting_Newer2D/models/checkpoint_epoch_15.pth
[2025-03-04 00:08:12] Epoch: 15		Loss: 0.088629	Loss Translation.: 0.968426	Loss Uncertainty: -0.879797
--ADE (5 time steps): 0.0445	--FDE (5 time steps): 0.0452
--ADE (10 time steps): 0.0605	--FDE (10 time steps): 0.0693
--ADE (15 time steps): 0.0770	--FDE (15 time steps): 0.1038
--ADE (20 time steps): 0.0979	--FDE (20 time steps): 0.1502
[INFO] Checkpoint saved to ./results/5_8_Overfitting_Newer2D/5_8_Overfitting_Newer2D/models/checkpoint_epoch_16.pth
[2025-03-04 00:10:50] Epoch: 16		Loss: -0.066229	Loss Translation.: 0.864407	Loss Uncertainty: -0.930636
--ADE (5 time steps): 0.0397	--FDE (5 time steps): 0.0407
--ADE (10 time steps): 0.0550	--FDE (10 time steps): 0.0645
--ADE (15 time steps): 0.0705	--FDE (15 time steps): 0.0951
--ADE (20 time steps): 0.0895	--FDE (20 time steps): 0.1383
[INFO] Checkpoint saved to ./results/5_8_Overfitting_Newer2D/5_8_Overfitting_Newer2D/models/checkpoint_epoch_17.pth
[2025-03-04 00:13:27] Epoch: 17		Loss: -0.104138	Loss Translation.: 0.839989	Loss Uncertainty: -0.944128
--ADE (5 time steps): 0.0385	--FDE (5 time steps): 0.0386
--ADE (10 time steps): 0.0544	--FDE (10 time steps): 0.0637
--ADE (15 time steps): 0.0700	--FDE (15 time steps): 0.0946
--ADE (20 time steps): 0.0888	--FDE (20 time steps): 0.1346
[INFO] Checkpoint saved to ./results/5_8_Overfitting_Newer2D/5_8_Overfitting_Newer2D/models/checkpoint_epoch_18.pth
[2025-03-04 00:16:05] Epoch: 18		Loss: -0.115029	Loss Translation.: 0.832789	Loss Uncertainty: -0.947818
--ADE (5 time steps): 0.0423	--FDE (5 time steps): 0.0423
--ADE (10 time steps): 0.0562	--FDE (10 time steps): 0.0632
--ADE (15 time steps): 0.0707	--FDE (15 time steps): 0.0899
--ADE (20 time steps): 0.0881	--FDE (20 time steps): 0.1263
[INFO] Checkpoint saved to ./results/5_8_Overfitting_Newer2D/5_8_Overfitting_Newer2D/models/checkpoint_epoch_19.pth
[2025-03-04 00:18:42] Epoch: 19		Loss: -0.133447	Loss Translation.: 0.822084	Loss Uncertainty: -0.955531
--ADE (5 time steps): 0.0368	--FDE (5 time steps): 0.0368
--ADE (10 time steps): 0.0516	--FDE (10 time steps): 0.0612
--ADE (15 time steps): 0.0668	--FDE (15 time steps): 0.0897
--ADE (20 time steps): 0.0849	--FDE (20 time steps): 0.1270
[INFO] Checkpoint saved to ./results/5_8_Overfitting_Newer2D/5_8_Overfitting_Newer2D/models/checkpoint_epoch_20.pth
[2025-03-04 00:21:19] Epoch: 20		Loss: -0.148375	Loss Translation.: 0.812586	Loss Uncertainty: -0.960960
--ADE (5 time steps): 0.0373	--FDE (5 time steps): 0.0373
--ADE (10 time steps): 0.0511	--FDE (10 time steps): 0.0571
--ADE (15 time steps): 0.0652	--FDE (15 time steps): 0.0860
--ADE (20 time steps): 0.0827	--FDE (20 time steps): 0.1218
[INFO] Checkpoint saved to ./results/5_8_Overfitting_Newer2D/5_8_Overfitting_Newer2D/models/checkpoint_epoch_21.pth
[2025-03-04 00:23:56] Epoch: 21		Loss: -0.166256	Loss Translation.: 0.802401	Loss Uncertainty: -0.968657
--ADE (5 time steps): 0.0385	--FDE (5 time steps): 0.0386
--ADE (10 time steps): 0.0522	--FDE (10 time steps): 0.0604
--ADE (15 time steps): 0.0665	--FDE (15 time steps): 0.0867
--ADE (20 time steps): 0.0837	--FDE (20 time steps): 0.1205
[INFO] Checkpoint saved to ./results/5_8_Overfitting_Newer2D/5_8_Overfitting_Newer2D/models/checkpoint_epoch_22.pth
[2025-03-04 00:26:34] Epoch: 22		Loss: -0.184681	Loss Translation.: 0.789708	Loss Uncertainty: -0.974389
--ADE (5 time steps): 0.0373	--FDE (5 time steps): 0.0366
--ADE (10 time steps): 0.0512	--FDE (10 time steps): 0.0568
--ADE (15 time steps): 0.0645	--FDE (15 time steps): 0.0832
--ADE (20 time steps): 0.0810	--FDE (20 time steps): 0.1154
[INFO] Checkpoint saved to ./results/5_8_Overfitting_Newer2D/5_8_Overfitting_Newer2D/models/checkpoint_epoch_23.pth
[2025-03-04 00:29:11] Epoch: 23		Loss: -0.204634	Loss Translation.: 0.776864	Loss Uncertainty: -0.981498
--ADE (5 time steps): 0.0384	--FDE (5 time steps): 0.0388
--ADE (10 time steps): 0.0530	--FDE (10 time steps): 0.0620
--ADE (15 time steps): 0.0674	--FDE (15 time steps): 0.0881
--ADE (20 time steps): 0.0848	--FDE (20 time steps): 0.1278
[INFO] Checkpoint saved to ./results/5_8_Overfitting_Newer2D/5_8_Overfitting_Newer2D/models/checkpoint_epoch_24.pth
[2025-03-04 00:31:48] Epoch: 24		Loss: -0.286332	Loss Translation.: 0.724406	Loss Uncertainty: -1.010738
--ADE (5 time steps): 0.0355	--FDE (5 time steps): 0.0349
--ADE (10 time steps): 0.0488	--FDE (10 time steps): 0.0539
--ADE (15 time steps): 0.0609	--FDE (15 time steps): 0.0768
--ADE (20 time steps): 0.0763	--FDE (20 time steps): 0.1103
[INFO] Checkpoint saved to ./results/5_8_Overfitting_Newer2D/5_8_Overfitting_Newer2D/models/checkpoint_epoch_25.pth
[2025-03-04 00:34:26] Epoch: 25		Loss: -0.305531	Loss Translation.: 0.711159	Loss Uncertainty: -1.016690
--ADE (5 time steps): 0.0372	--FDE (5 time steps): 0.0381
--ADE (10 time steps): 0.0513	--FDE (10 time steps): 0.0592
--ADE (15 time steps): 0.0636	--FDE (15 time steps): 0.0800
--ADE (20 time steps): 0.0787	--FDE (20 time steps): 0.1122
[INFO] Checkpoint saved to ./results/5_8_Overfitting_Newer2D/5_8_Overfitting_Newer2D/models/checkpoint_epoch_26.pth
[2025-03-04 00:37:03] Epoch: 26		Loss: -0.318757	Loss Translation.: 0.702769	Loss Uncertainty: -1.021526
--ADE (5 time steps): 0.0370	--FDE (5 time steps): 0.0376
--ADE (10 time steps): 0.0506	--FDE (10 time steps): 0.0578
--ADE (15 time steps): 0.0631	--FDE (15 time steps): 0.0800
--ADE (20 time steps): 0.0783	--FDE (20 time steps): 0.1118
[INFO] Checkpoint saved to ./results/5_8_Overfitting_Newer2D/5_8_Overfitting_Newer2D/models/checkpoint_epoch_27.pth
[2025-03-04 00:39:40] Epoch: 27		Loss: -0.331468	Loss Translation.: 0.694608	Loss Uncertainty: -1.026076
--ADE (5 time steps): 0.0357	--FDE (5 time steps): 0.0349
--ADE (10 time steps): 0.0477	--FDE (10 time steps): 0.0517
--ADE (15 time steps): 0.0590	--FDE (15 time steps): 0.0733
--ADE (20 time steps): 0.0732	--FDE (20 time steps): 0.1022
[INFO] Checkpoint saved to ./results/5_8_Overfitting_Newer2D/5_8_Overfitting_Newer2D/models/checkpoint_epoch_28.pth
[2025-03-04 00:42:17] Epoch: 28		Loss: -0.342740	Loss Translation.: 0.688532	Loss Uncertainty: -1.031272
--ADE (5 time steps): 0.0357	--FDE (5 time steps): 0.0354
--ADE (10 time steps): 0.0487	--FDE (10 time steps): 0.0537
--ADE (15 time steps): 0.0604	--FDE (15 time steps): 0.0756
--ADE (20 time steps): 0.0752	--FDE (20 time steps): 0.1063
[INFO] Checkpoint saved to ./results/5_8_Overfitting_Newer2D/5_8_Overfitting_Newer2D/models/checkpoint_epoch_29.pth
[2025-03-04 00:44:55] Epoch: 29		Loss: -0.355885	Loss Translation.: 0.679768	Loss Uncertainty: -1.035653
--ADE (5 time steps): 0.0362	--FDE (5 time steps): 0.0353
--ADE (10 time steps): 0.0484	--FDE (10 time steps): 0.0521
--ADE (15 time steps): 0.0598	--FDE (15 time steps): 0.0747
--ADE (20 time steps): 0.0744	--FDE (20 time steps): 0.1064
[INFO] Checkpoint saved to ./results/5_8_Overfitting_Newer2D/5_8_Overfitting_Newer2D/models/checkpoint_epoch_30.pth
[2025-03-04 00:47:32] Epoch: 30		Loss: -0.365573	Loss Translation.: 0.674847	Loss Uncertainty: -1.040420
--ADE (5 time steps): 0.0355	--FDE (5 time steps): 0.0339
--ADE (10 time steps): 0.0473	--FDE (10 time steps): 0.0500
--ADE (15 time steps): 0.0582	--FDE (15 time steps): 0.0711
--ADE (20 time steps): 0.0723	--FDE (20 time steps): 0.0999
[INFO] Checkpoint saved to ./results/5_8_Overfitting_Newer2D/5_8_Overfitting_Newer2D/models/checkpoint_epoch_31.pth
[2025-03-04 00:50:09] Epoch: 31		Loss: -0.375325	Loss Translation.: 0.668498	Loss Uncertainty: -1.043823
--ADE (5 time steps): 0.0372	--FDE (5 time steps): 0.0357
--ADE (10 time steps): 0.0485	--FDE (10 time steps): 0.0515
--ADE (15 time steps): 0.0597	--FDE (15 time steps): 0.0728
--ADE (20 time steps): 0.0737	--FDE (20 time steps): 0.1004
[INFO] Checkpoint saved to ./results/5_8_Overfitting_Newer2D/5_8_Overfitting_Newer2D/models/checkpoint_epoch_32.pth
[2025-03-04 00:52:46] Epoch: 32		Loss: -0.416013	Loss Translation.: 0.641942	Loss Uncertainty: -1.057956
--ADE (5 time steps): 0.0351	--FDE (5 time steps): 0.0341
--ADE (10 time steps): 0.0462	--FDE (10 time steps): 0.0491
--ADE (15 time steps): 0.0567	--FDE (15 time steps): 0.0692
--ADE (20 time steps): 0.0703	--FDE (20 time steps): 0.0959
[INFO] Checkpoint saved to ./results/5_8_Overfitting_Newer2D/5_8_Overfitting_Newer2D/models/checkpoint_epoch_33.pth
[2025-03-04 00:55:23] Epoch: 33		Loss: -0.428470	Loss Translation.: 0.633628	Loss Uncertainty: -1.062098
--ADE (5 time steps): 0.0349	--FDE (5 time steps): 0.0344
--ADE (10 time steps): 0.0463	--FDE (10 time steps): 0.0495
--ADE (15 time steps): 0.0571	--FDE (15 time steps): 0.0701
--ADE (20 time steps): 0.0707	--FDE (20 time steps): 0.0968
[INFO] Checkpoint saved to ./results/5_8_Overfitting_Newer2D/5_8_Overfitting_Newer2D/models/checkpoint_epoch_34.pth
[2025-03-04 00:58:00] Epoch: 34		Loss: -0.436069	Loss Translation.: 0.628440	Loss Uncertainty: -1.064508
--ADE (5 time steps): 0.0348	--FDE (5 time steps): 0.0340
--ADE (10 time steps): 0.0461	--FDE (10 time steps): 0.0486
--ADE (15 time steps): 0.0567	--FDE (15 time steps): 0.0691
--ADE (20 time steps): 0.0701	--FDE (20 time steps): 0.0947
[INFO] Checkpoint saved to ./results/5_8_Overfitting_Newer2D/5_8_Overfitting_Newer2D/models/checkpoint_epoch_35.pth
[2025-03-04 01:00:37] Epoch: 35		Loss: -0.446469	Loss Translation.: 0.621205	Loss Uncertainty: -1.067674
--ADE (5 time steps): 0.0345	--FDE (5 time steps): 0.0342
--ADE (10 time steps): 0.0460	--FDE (10 time steps): 0.0489
--ADE (15 time steps): 0.0566	--FDE (15 time steps): 0.0691
--ADE (20 time steps): 0.0700	--FDE (20 time steps): 0.0955
[INFO] Checkpoint saved to ./results/5_8_Overfitting_Newer2D/5_8_Overfitting_Newer2D/models/checkpoint_epoch_36.pth
[2025-03-04 01:03:13] Epoch: 36		Loss: -0.453808	Loss Translation.: 0.617151	Loss Uncertainty: -1.070960
--ADE (5 time steps): 0.0347	--FDE (5 time steps): 0.0344
--ADE (10 time steps): 0.0463	--FDE (10 time steps): 0.0492
--ADE (15 time steps): 0.0569	--FDE (15 time steps): 0.0693
--ADE (20 time steps): 0.0703	--FDE (20 time steps): 0.0961
[INFO] Checkpoint saved to ./results/5_8_Overfitting_Newer2D/5_8_Overfitting_Newer2D/models/checkpoint_epoch_37.pth
[2025-03-04 01:05:51] Epoch: 37		Loss: -0.460483	Loss Translation.: 0.612690	Loss Uncertainty: -1.073173
--ADE (5 time steps): 0.0354	--FDE (5 time steps): 0.0349
--ADE (10 time steps): 0.0467	--FDE (10 time steps): 0.0495
--ADE (15 time steps): 0.0573	--FDE (15 time steps): 0.0698
--ADE (20 time steps): 0.0706	--FDE (20 time steps): 0.0957
[INFO] Checkpoint saved to ./results/5_8_Overfitting_Newer2D/5_8_Overfitting_Newer2D/models/checkpoint_epoch_38.pth
[2025-03-04 01:08:28] Epoch: 38		Loss: -0.466426	Loss Translation.: 0.608967	Loss Uncertainty: -1.075393
--ADE (5 time steps): 0.0351	--FDE (5 time steps): 0.0345
--ADE (10 time steps): 0.0465	--FDE (10 time steps): 0.0491
--ADE (15 time steps): 0.0570	--FDE (15 time steps): 0.0688
--ADE (20 time steps): 0.0703	--FDE (20 time steps): 0.0944
[INFO] Checkpoint saved to ./results/5_8_Overfitting_Newer2D/5_8_Overfitting_Newer2D/models/checkpoint_epoch_39.pth
[2025-03-04 01:11:05] Epoch: 39		Loss: -0.471155	Loss Translation.: 0.606126	Loss Uncertainty: -1.077281
--ADE (5 time steps): 0.0345	--FDE (5 time steps): 0.0340
--ADE (10 time steps): 0.0459	--FDE (10 time steps): 0.0485
--ADE (15 time steps): 0.0565	--FDE (15 time steps): 0.0686
--ADE (20 time steps): 0.0697	--FDE (20 time steps): 0.0937
[INFO] Checkpoint saved to ./results/5_8_Overfitting_Newer2D/5_8_Overfitting_Newer2D/models/checkpoint_epoch_40.pth
[2025-03-04 01:13:42] Epoch: 40		Loss: -0.488846	Loss Translation.: 0.596289	Loss Uncertainty: -1.085135
--ADE (5 time steps): 0.0345	--FDE (5 time steps): 0.0341
--ADE (10 time steps): 0.0460	--FDE (10 time steps): 0.0484
--ADE (15 time steps): 0.0565	--FDE (15 time steps): 0.0686
--ADE (20 time steps): 0.0696	--FDE (20 time steps): 0.0939
[INFO] Checkpoint saved to ./results/5_8_Overfitting_Newer2D/5_8_Overfitting_Newer2D/models/checkpoint_epoch_41.pth
[2025-03-04 01:16:19] Epoch: 41		Loss: -0.494873	Loss Translation.: 0.592074	Loss Uncertainty: -1.086947
--ADE (5 time steps): 0.0345	--FDE (5 time steps): 0.0340
--ADE (10 time steps): 0.0459	--FDE (10 time steps): 0.0485
--ADE (15 time steps): 0.0564	--FDE (15 time steps): 0.0684
--ADE (20 time steps): 0.0695	--FDE (20 time steps): 0.0938
[INFO] Checkpoint saved to ./results/5_8_Overfitting_Newer2D/5_8_Overfitting_Newer2D/models/checkpoint_epoch_42.pth
[2025-03-04 01:18:56] Epoch: 42		Loss: -0.500527	Loss Translation.: 0.588087	Loss Uncertainty: -1.088613
--ADE (5 time steps): 0.0345	--FDE (5 time steps): 0.0339
--ADE (10 time steps): 0.0459	--FDE (10 time steps): 0.0484
--ADE (15 time steps): 0.0564	--FDE (15 time steps): 0.0681
--ADE (20 time steps): 0.0695	--FDE (20 time steps): 0.0935
[INFO] Checkpoint saved to ./results/5_8_Overfitting_Newer2D/5_8_Overfitting_Newer2D/models/checkpoint_epoch_43.pth
[2025-03-04 01:21:33] Epoch: 43		Loss: -0.504636	Loss Translation.: 0.585290	Loss Uncertainty: -1.089926
--ADE (5 time steps): 0.0346	--FDE (5 time steps): 0.0340
--ADE (10 time steps): 0.0459	--FDE (10 time steps): 0.0483
--ADE (15 time steps): 0.0564	--FDE (15 time steps): 0.0680
--ADE (20 time steps): 0.0695	--FDE (20 time steps): 0.0938
[INFO] Checkpoint saved to ./results/5_8_Overfitting_Newer2D/5_8_Overfitting_Newer2D/models/checkpoint_epoch_44.pth
[2025-03-04 01:24:10] Epoch: 44		Loss: -0.508457	Loss Translation.: 0.582872	Loss Uncertainty: -1.091329
--ADE (5 time steps): 0.0345	--FDE (5 time steps): 0.0339
--ADE (10 time steps): 0.0457	--FDE (10 time steps): 0.0482
--ADE (15 time steps): 0.0563	--FDE (15 time steps): 0.0677
--ADE (20 time steps): 0.0693	--FDE (20 time steps): 0.0933
[INFO] Checkpoint saved to ./results/5_8_Overfitting_Newer2D/5_8_Overfitting_Newer2D/models/checkpoint_epoch_45.pth
[2025-03-04 01:26:48] Epoch: 45		Loss: -0.513573	Loss Translation.: 0.579154	Loss Uncertainty: -1.092727
--ADE (5 time steps): 0.0343	--FDE (5 time steps): 0.0339
--ADE (10 time steps): 0.0458	--FDE (10 time steps): 0.0482
--ADE (15 time steps): 0.0563	--FDE (15 time steps): 0.0681
--ADE (20 time steps): 0.0695	--FDE (20 time steps): 0.0939
[INFO] Checkpoint saved to ./results/5_8_Overfitting_Newer2D/5_8_Overfitting_Newer2D/models/checkpoint_epoch_46.pth
[2025-03-04 01:29:25] Epoch: 46		Loss: -0.517551	Loss Translation.: 0.576631	Loss Uncertainty: -1.094182
--ADE (5 time steps): 0.0345	--FDE (5 time steps): 0.0339
--ADE (10 time steps): 0.0458	--FDE (10 time steps): 0.0482
--ADE (15 time steps): 0.0563	--FDE (15 time steps): 0.0678
--ADE (20 time steps): 0.0693	--FDE (20 time steps): 0.0931
[INFO] Checkpoint saved to ./results/5_8_Overfitting_Newer2D/5_8_Overfitting_Newer2D/models/checkpoint_epoch_47.pth
[2025-03-04 01:32:02] Epoch: 47		Loss: -0.522475	Loss Translation.: 0.573326	Loss Uncertainty: -1.095800
--ADE (5 time steps): 0.0346	--FDE (5 time steps): 0.0340
--ADE (10 time steps): 0.0459	--FDE (10 time steps): 0.0484
--ADE (15 time steps): 0.0563	--FDE (15 time steps): 0.0681
--ADE (20 time steps): 0.0693	--FDE (20 time steps): 0.0933
[INFO] Checkpoint saved to ./results/5_8_Overfitting_Newer2D/5_8_Overfitting_Newer2D/models/checkpoint_epoch_48.pth
[2025-03-04 01:34:39] Epoch: 48		Loss: -0.527337	Loss Translation.: 0.572702	Loss Uncertainty: -1.100039
--ADE (5 time steps): 0.0343	--FDE (5 time steps): 0.0338
--ADE (10 time steps): 0.0455	--FDE (10 time steps): 0.0480
--ADE (15 time steps): 0.0559	--FDE (15 time steps): 0.0674
--ADE (20 time steps): 0.0688	--FDE (20 time steps): 0.0930
[INFO] Checkpoint saved to ./results/5_8_Overfitting_Newer2D/5_8_Overfitting_Newer2D/models/checkpoint_epoch_49.pth
[2025-03-04 01:37:16] Epoch: 49		Loss: -0.531991	Loss Translation.: 0.569359	Loss Uncertainty: -1.101350
--ADE (5 time steps): 0.0344	--FDE (5 time steps): 0.0339
--ADE (10 time steps): 0.0455	--FDE (10 time steps): 0.0480
--ADE (15 time steps): 0.0558	--FDE (15 time steps): 0.0673
--ADE (20 time steps): 0.0687	--FDE (20 time steps): 0.0928
[INFO] Checkpoint saved to ./results/5_8_Overfitting_Newer2D/5_8_Overfitting_Newer2D/models/checkpoint_epoch_50.pth
[2025-03-04 01:39:53] Epoch: 50		Loss: -0.535291	Loss Translation.: 0.566925	Loss Uncertainty: -1.102216
--ADE (5 time steps): 0.0343	--FDE (5 time steps): 0.0339
--ADE (10 time steps): 0.0455	--FDE (10 time steps): 0.0480
--ADE (15 time steps): 0.0558	--FDE (15 time steps): 0.0673
--ADE (20 time steps): 0.0687	--FDE (20 time steps): 0.0927
[INFO] Checkpoint saved to ./results/5_8_Overfitting_Newer2D/5_8_Overfitting_Newer2D/models/checkpoint_epoch_51.pth
[2025-03-04 01:42:31] Epoch: 51		Loss: -0.538044	Loss Translation.: 0.564895	Loss Uncertainty: -1.102940
--ADE (5 time steps): 0.0343	--FDE (5 time steps): 0.0338
--ADE (10 time steps): 0.0455	--FDE (10 time steps): 0.0479
--ADE (15 time steps): 0.0558	--FDE (15 time steps): 0.0673
--ADE (20 time steps): 0.0686	--FDE (20 time steps): 0.0927
[INFO] Checkpoint saved to ./results/5_8_Overfitting_Newer2D/5_8_Overfitting_Newer2D/models/checkpoint_epoch_52.pth
[2025-03-04 01:45:08] Epoch: 52		Loss: -0.540506	Loss Translation.: 0.563245	Loss Uncertainty: -1.103751
--ADE (5 time steps): 0.0343	--FDE (5 time steps): 0.0338
--ADE (10 time steps): 0.0455	--FDE (10 time steps): 0.0479
--ADE (15 time steps): 0.0558	--FDE (15 time steps): 0.0673
--ADE (20 time steps): 0.0686	--FDE (20 time steps): 0.0927
[INFO] Checkpoint saved to ./results/5_8_Overfitting_Newer2D/5_8_Overfitting_Newer2D/models/checkpoint_epoch_53.pth
[2025-03-04 01:47:45] Epoch: 53		Loss: -0.542710	Loss Translation.: 0.561791	Loss Uncertainty: -1.104501
--ADE (5 time steps): 0.0343	--FDE (5 time steps): 0.0338
--ADE (10 time steps): 0.0455	--FDE (10 time steps): 0.0479
--ADE (15 time steps): 0.0558	--FDE (15 time steps): 0.0673
--ADE (20 time steps): 0.0686	--FDE (20 time steps): 0.0927
[INFO] Checkpoint saved to ./results/5_8_Overfitting_Newer2D/5_8_Overfitting_Newer2D/models/checkpoint_epoch_54.pth
[2025-03-04 01:50:22] Epoch: 54		Loss: -0.544925	Loss Translation.: 0.560313	Loss Uncertainty: -1.105238
--ADE (5 time steps): 0.0343	--FDE (5 time steps): 0.0338
--ADE (10 time steps): 0.0455	--FDE (10 time steps): 0.0479
--ADE (15 time steps): 0.0558	--FDE (15 time steps): 0.0673
--ADE (20 time steps): 0.0686	--FDE (20 time steps): 0.0927
[INFO] Checkpoint saved to ./results/5_8_Overfitting_Newer2D/5_8_Overfitting_Newer2D/models/checkpoint_epoch_55.pth
[2025-03-04 01:52:59] Epoch: 55		Loss: -0.547298	Loss Translation.: 0.558744	Loss Uncertainty: -1.106041
--ADE (5 time steps): 0.0343	--FDE (5 time steps): 0.0338
--ADE (10 time steps): 0.0455	--FDE (10 time steps): 0.0479
--ADE (15 time steps): 0.0558	--FDE (15 time steps): 0.0674
--ADE (20 time steps): 0.0687	--FDE (20 time steps): 0.0927
[INFO] Checkpoint saved to ./results/5_8_Overfitting_Newer2D/5_8_Overfitting_Newer2D/models/checkpoint_epoch_56.pth
[2025-03-04 01:55:36] Epoch: 56		Loss: -0.551063	Loss Translation.: 0.557477	Loss Uncertainty: -1.108541
--ADE (5 time steps): 0.0342	--FDE (5 time steps): 0.0338
--ADE (10 time steps): 0.0453	--FDE (10 time steps): 0.0479
--ADE (15 time steps): 0.0556	--FDE (15 time steps): 0.0671
--ADE (20 time steps): 0.0684	--FDE (20 time steps): 0.0923
[INFO] Checkpoint saved to ./results/5_8_Overfitting_Newer2D/5_8_Overfitting_Newer2D/models/checkpoint_epoch_57.pth
slurmstepd: error: *** JOB 10284619 ON gcn27 CANCELLED AT 2025-03-04T01:56:10 DUE TO TIME LIMIT ***

JOB STATISTICS
==============
Job ID: 10284619
Cluster: snellius
User/Group: scur2440/scur2440
State: TIMEOUT (exit code 0)
Nodes: 1
Cores per node: 18
CPU Utilized: 00:00:01
CPU Efficiency: 0.00% of 1-21:04:30 core-walltime
Job Wall-clock time: 02:30:15
Memory Utilized: 3.24 GB
Memory Efficiency: 2.70% of 120.00 GB
