***************************************************************************************************** 
* WARNING: The 2022 software stack is deprecated. Please consider switching to
the latest 2024 * 
* software stack, or the older 2023 software stack. * 
* * 
* If you have any question, please contact us via
http://servicedesk.surfsara.nl. * 
***************************************************************************************************** 

Configuration:
description: LED
results_root_dir: results
dataset: newer
dimensions: 3
past_frames: 10
future_frames: 24
min_past_frames: 10
min_future_frames: 24
k_preds: 24
traj_mean: [14, 7.5]
traj_scale: 5
relative: False
normalised: False
overfitting: True
pretrained_core_denoising_model: ./results/checkpoints/base_diffusion_model.p
debug: False
diffusion: {'steps': 150, 'beta_start': 0.0001, 'beta_end': 0.05, 'beta_schedule': 'linear'}
lr: 0.001
train_batch_size: 32
test_batch_size: 32
num_epochs: 100
test_interval: 1
lr_scheduler: step
decay_step: 8
decay_gamma: 0.5

[INFO] NEWER dataset (1 agent).
Overfitting: True
Time diff avg (fut): 2.26406
Overfitting: True
Time diff avg (fut): 2.26406
[INFO] Now using random trajectory shuffling.

Train dataset:
Length: 22885
Total x, y and z distances travelled: 2.06631, 2.19416, 0.36336
Euclidean dist diff avg: 3.27108

Test dataset:
Length: 2861
Total x, y and z distances travelled: 2.06437, 2.17979, 0.36581
Euclidean dist diff avg: 3.26978

[INFO] NEWER dataset - skip subtracting mean from absolute positions.
[INFO] Training from scratch - without pretrained models (Not NBA with frame standard configs)

[Core Denoising Model] Trainable/Total: 6577560/6577560
[Initialization Model] Trainable/Total: 5598593/5598593
[2025-03-03 23:37:27] Epoch: 0		Loss: 4.669166	Loss Translation.: 3.742078	Loss Uncertainty: 0.927089
--ADE (5 time steps): 0.1331	--FDE (5 time steps): 0.1428
--ADE (10 time steps): 0.1684	--FDE (10 time steps): 0.2166
--ADE (15 time steps): 0.2169	--FDE (15 time steps): 0.3361
--ADE (20 time steps): 0.2724	--FDE (20 time steps): 0.4731
[INFO] Checkpoint saved to ./results/5_9_Overfitting_Newer3D/5_9_Overfitting_Newer3D/models/checkpoint_epoch_1.pth
[2025-03-03 23:40:06] Epoch: 1		Loss: 1.806866	Loss Translation.: 2.061766	Loss Uncertainty: -0.254900
--ADE (5 time steps): 0.1065	--FDE (5 time steps): 0.1166
--ADE (10 time steps): 0.1335	--FDE (10 time steps): 0.1625
--ADE (15 time steps): 0.1655	--FDE (15 time steps): 0.2353
--ADE (20 time steps): 0.2025	--FDE (20 time steps): 0.3139
[INFO] Checkpoint saved to ./results/5_9_Overfitting_Newer3D/5_9_Overfitting_Newer3D/models/checkpoint_epoch_2.pth
[2025-03-03 23:42:45] Epoch: 2		Loss: 1.358817	Loss Translation.: 1.801171	Loss Uncertainty: -0.442355
--ADE (5 time steps): 0.0851	--FDE (5 time steps): 0.0885
--ADE (10 time steps): 0.1107	--FDE (10 time steps): 0.1398
--ADE (15 time steps): 0.1405	--FDE (15 time steps): 0.1964
--ADE (20 time steps): 0.1751	--FDE (20 time steps): 0.2662
[INFO] Checkpoint saved to ./results/5_9_Overfitting_Newer3D/5_9_Overfitting_Newer3D/models/checkpoint_epoch_3.pth
[2025-03-03 23:45:24] Epoch: 3		Loss: 1.286961	Loss Translation.: 1.735541	Loss Uncertainty: -0.448580
--ADE (5 time steps): 0.0837	--FDE (5 time steps): 0.0928
--ADE (10 time steps): 0.1120	--FDE (10 time steps): 0.1451
--ADE (15 time steps): 0.1408	--FDE (15 time steps): 0.2033
--ADE (20 time steps): 0.1733	--FDE (20 time steps): 0.2803
[INFO] Checkpoint saved to ./results/5_9_Overfitting_Newer3D/5_9_Overfitting_Newer3D/models/checkpoint_epoch_4.pth
[2025-03-03 23:48:03] Epoch: 4		Loss: 1.153721	Loss Translation.: 1.639004	Loss Uncertainty: -0.485283
--ADE (5 time steps): 0.0708	--FDE (5 time steps): 0.0797
--ADE (10 time steps): 0.0958	--FDE (10 time steps): 0.1210
--ADE (15 time steps): 0.1226	--FDE (15 time steps): 0.1743
--ADE (20 time steps): 0.1524	--FDE (20 time steps): 0.2395
[INFO] Checkpoint saved to ./results/5_9_Overfitting_Newer3D/5_9_Overfitting_Newer3D/models/checkpoint_epoch_5.pth
[2025-03-03 23:50:42] Epoch: 5		Loss: 1.124910	Loss Translation.: 1.613277	Loss Uncertainty: -0.488367
--ADE (5 time steps): 0.0754	--FDE (5 time steps): 0.0832
--ADE (10 time steps): 0.1005	--FDE (10 time steps): 0.1270
--ADE (15 time steps): 0.1270	--FDE (15 time steps): 0.1863
--ADE (20 time steps): 0.1576	--FDE (20 time steps): 0.2508
[INFO] Checkpoint saved to ./results/5_9_Overfitting_Newer3D/5_9_Overfitting_Newer3D/models/checkpoint_epoch_6.pth
[2025-03-03 23:53:21] Epoch: 6		Loss: 1.023931	Loss Translation.: 1.535555	Loss Uncertainty: -0.511624
--ADE (5 time steps): 0.0761	--FDE (5 time steps): 0.0820
--ADE (10 time steps): 0.1017	--FDE (10 time steps): 0.1318
--ADE (15 time steps): 0.1283	--FDE (15 time steps): 0.1799
--ADE (20 time steps): 0.1584	--FDE (20 time steps): 0.2467
[INFO] Checkpoint saved to ./results/5_9_Overfitting_Newer3D/5_9_Overfitting_Newer3D/models/checkpoint_epoch_7.pth
[2025-03-03 23:56:00] Epoch: 7		Loss: 0.976735	Loss Translation.: 1.501425	Loss Uncertainty: -0.524689
--ADE (5 time steps): 0.0752	--FDE (5 time steps): 0.0770
--ADE (10 time steps): 0.0990	--FDE (10 time steps): 0.1232
--ADE (15 time steps): 0.1237	--FDE (15 time steps): 0.1690
--ADE (20 time steps): 0.1519	--FDE (20 time steps): 0.2310
[INFO] Checkpoint saved to ./results/5_9_Overfitting_Newer3D/5_9_Overfitting_Newer3D/models/checkpoint_epoch_8.pth
[2025-03-03 23:58:40] Epoch: 8		Loss: 0.669817	Loss Translation.: 1.272165	Loss Uncertainty: -0.602348
--ADE (5 time steps): 0.0629	--FDE (5 time steps): 0.0652
--ADE (10 time steps): 0.0828	--FDE (10 time steps): 0.1038
--ADE (15 time steps): 0.1044	--FDE (15 time steps): 0.1470
--ADE (20 time steps): 0.1286	--FDE (20 time steps): 0.1983
[INFO] Checkpoint saved to ./results/5_9_Overfitting_Newer3D/5_9_Overfitting_Newer3D/models/checkpoint_epoch_9.pth
[2025-03-04 00:01:22] Epoch: 9		Loss: 0.618115	Loss Translation.: 1.235172	Loss Uncertainty: -0.617057
--ADE (5 time steps): 0.0581	--FDE (5 time steps): 0.0615
--ADE (10 time steps): 0.0775	--FDE (10 time steps): 0.0958
--ADE (15 time steps): 0.0978	--FDE (15 time steps): 0.1366
--ADE (20 time steps): 0.1209	--FDE (20 time steps): 0.1839
[INFO] Checkpoint saved to ./results/5_9_Overfitting_Newer3D/5_9_Overfitting_Newer3D/models/checkpoint_epoch_10.pth
[2025-03-04 00:04:08] Epoch: 10		Loss: 0.583200	Loss Translation.: 1.206168	Loss Uncertainty: -0.622967
--ADE (5 time steps): 0.0603	--FDE (5 time steps): 0.0657
--ADE (10 time steps): 0.0820	--FDE (10 time steps): 0.1069
--ADE (15 time steps): 0.1048	--FDE (15 time steps): 0.1526
--ADE (20 time steps): 0.1300	--FDE (20 time steps): 0.2049
[INFO] Checkpoint saved to ./results/5_9_Overfitting_Newer3D/5_9_Overfitting_Newer3D/models/checkpoint_epoch_11.pth
[2025-03-04 00:06:46] Epoch: 11		Loss: 0.533693	Loss Translation.: 1.168859	Loss Uncertainty: -0.635166
--ADE (5 time steps): 0.0600	--FDE (5 time steps): 0.0621
--ADE (10 time steps): 0.0774	--FDE (10 time steps): 0.0935
--ADE (15 time steps): 0.0967	--FDE (15 time steps): 0.1330
--ADE (20 time steps): 0.1188	--FDE (20 time steps): 0.1787
[INFO] Checkpoint saved to ./results/5_9_Overfitting_Newer3D/5_9_Overfitting_Newer3D/models/checkpoint_epoch_12.pth
[2025-03-04 00:09:25] Epoch: 12		Loss: 0.531032	Loss Translation.: 1.166919	Loss Uncertainty: -0.635887
--ADE (5 time steps): 0.0627	--FDE (5 time steps): 0.0665
--ADE (10 time steps): 0.0830	--FDE (10 time steps): 0.1052
--ADE (15 time steps): 0.1057	--FDE (15 time steps): 0.1546
--ADE (20 time steps): 0.1315	--FDE (20 time steps): 0.2061
[INFO] Checkpoint saved to ./results/5_9_Overfitting_Newer3D/5_9_Overfitting_Newer3D/models/checkpoint_epoch_13.pth
[2025-03-04 00:12:04] Epoch: 13		Loss: 0.494295	Loss Translation.: 1.141511	Loss Uncertainty: -0.647216
--ADE (5 time steps): 0.0567	--FDE (5 time steps): 0.0598
--ADE (10 time steps): 0.0742	--FDE (10 time steps): 0.0906
--ADE (15 time steps): 0.0926	--FDE (15 time steps): 0.1261
--ADE (20 time steps): 0.1141	--FDE (20 time steps): 0.1710
[INFO] Checkpoint saved to ./results/5_9_Overfitting_Newer3D/5_9_Overfitting_Newer3D/models/checkpoint_epoch_14.pth
[2025-03-04 00:14:43] Epoch: 14		Loss: 0.462356	Loss Translation.: 1.120716	Loss Uncertainty: -0.658359
--ADE (5 time steps): 0.0548	--FDE (5 time steps): 0.0571
--ADE (10 time steps): 0.0722	--FDE (10 time steps): 0.0866
--ADE (15 time steps): 0.0901	--FDE (15 time steps): 0.1224
--ADE (20 time steps): 0.1102	--FDE (20 time steps): 0.1620
[INFO] Checkpoint saved to ./results/5_9_Overfitting_Newer3D/5_9_Overfitting_Newer3D/models/checkpoint_epoch_15.pth
[2025-03-04 00:17:23] Epoch: 15		Loss: 0.442428	Loss Translation.: 1.108834	Loss Uncertainty: -0.666406
--ADE (5 time steps): 0.0589	--FDE (5 time steps): 0.0618
--ADE (10 time steps): 0.0776	--FDE (10 time steps): 0.0961
--ADE (15 time steps): 0.0959	--FDE (15 time steps): 0.1297
--ADE (20 time steps): 0.1168	--FDE (20 time steps): 0.1749
[INFO] Checkpoint saved to ./results/5_9_Overfitting_Newer3D/5_9_Overfitting_Newer3D/models/checkpoint_epoch_16.pth
[2025-03-04 00:20:01] Epoch: 16		Loss: 0.286325	Loss Translation.: 0.997392	Loss Uncertainty: -0.711067
--ADE (5 time steps): 0.0527	--FDE (5 time steps): 0.0559
--ADE (10 time steps): 0.0672	--FDE (10 time steps): 0.0778
--ADE (15 time steps): 0.0822	--FDE (15 time steps): 0.1062
--ADE (20 time steps): 0.0990	--FDE (20 time steps): 0.1395
[INFO] Checkpoint saved to ./results/5_9_Overfitting_Newer3D/5_9_Overfitting_Newer3D/models/checkpoint_epoch_17.pth
[2025-03-04 00:22:40] Epoch: 17		Loss: 0.244949	Loss Translation.: 0.968678	Loss Uncertainty: -0.723730
--ADE (5 time steps): 0.0522	--FDE (5 time steps): 0.0539
--ADE (10 time steps): 0.0665	--FDE (10 time steps): 0.0770
--ADE (15 time steps): 0.0815	--FDE (15 time steps): 0.1040
--ADE (20 time steps): 0.0980	--FDE (20 time steps): 0.1375
[INFO] Checkpoint saved to ./results/5_9_Overfitting_Newer3D/5_9_Overfitting_Newer3D/models/checkpoint_epoch_18.pth
[2025-03-04 00:25:19] Epoch: 18		Loss: 0.219658	Loss Translation.: 0.951577	Loss Uncertainty: -0.731920
--ADE (5 time steps): 0.0521	--FDE (5 time steps): 0.0547
--ADE (10 time steps): 0.0669	--FDE (10 time steps): 0.0774
--ADE (15 time steps): 0.0814	--FDE (15 time steps): 0.1032
--ADE (20 time steps): 0.0979	--FDE (20 time steps): 0.1377
[INFO] Checkpoint saved to ./results/5_9_Overfitting_Newer3D/5_9_Overfitting_Newer3D/models/checkpoint_epoch_19.pth
[2025-03-04 00:27:58] Epoch: 19		Loss: 0.206743	Loss Translation.: 0.942832	Loss Uncertainty: -0.736089
--ADE (5 time steps): 0.0526	--FDE (5 time steps): 0.0524
--ADE (10 time steps): 0.0662	--FDE (10 time steps): 0.0743
--ADE (15 time steps): 0.0798	--FDE (15 time steps): 0.0992
--ADE (20 time steps): 0.0953	--FDE (20 time steps): 0.1311
[INFO] Checkpoint saved to ./results/5_9_Overfitting_Newer3D/5_9_Overfitting_Newer3D/models/checkpoint_epoch_20.pth
[2025-03-04 00:30:37] Epoch: 20		Loss: 0.186034	Loss Translation.: 0.930003	Loss Uncertainty: -0.743969
--ADE (5 time steps): 0.0520	--FDE (5 time steps): 0.0527
--ADE (10 time steps): 0.0658	--FDE (10 time steps): 0.0752
--ADE (15 time steps): 0.0791	--FDE (15 time steps): 0.0989
--ADE (20 time steps): 0.0949	--FDE (20 time steps): 0.1301
[INFO] Checkpoint saved to ./results/5_9_Overfitting_Newer3D/5_9_Overfitting_Newer3D/models/checkpoint_epoch_21.pth
[2025-03-04 00:33:16] Epoch: 21		Loss: 0.162696	Loss Translation.: 0.915046	Loss Uncertainty: -0.752350
--ADE (5 time steps): 0.0538	--FDE (5 time steps): 0.0560
--ADE (10 time steps): 0.0684	--FDE (10 time steps): 0.0797
--ADE (15 time steps): 0.0829	--FDE (15 time steps): 0.1059
--ADE (20 time steps): 0.0993	--FDE (20 time steps): 0.1393
[INFO] Checkpoint saved to ./results/5_9_Overfitting_Newer3D/5_9_Overfitting_Newer3D/models/checkpoint_epoch_22.pth
[2025-03-04 00:35:55] Epoch: 22		Loss: 0.151490	Loss Translation.: 0.909169	Loss Uncertainty: -0.757679
--ADE (5 time steps): 0.0513	--FDE (5 time steps): 0.0534
--ADE (10 time steps): 0.0663	--FDE (10 time steps): 0.0777
--ADE (15 time steps): 0.0805	--FDE (15 time steps): 0.1023
--ADE (20 time steps): 0.0962	--FDE (20 time steps): 0.1346
[INFO] Checkpoint saved to ./results/5_9_Overfitting_Newer3D/5_9_Overfitting_Newer3D/models/checkpoint_epoch_23.pth
[2025-03-04 00:38:34] Epoch: 23		Loss: 0.138191	Loss Translation.: 0.898952	Loss Uncertainty: -0.760762
--ADE (5 time steps): 0.0514	--FDE (5 time steps): 0.0528
--ADE (10 time steps): 0.0666	--FDE (10 time steps): 0.0772
--ADE (15 time steps): 0.0806	--FDE (15 time steps): 0.1015
--ADE (20 time steps): 0.0963	--FDE (20 time steps): 0.1344
[INFO] Checkpoint saved to ./results/5_9_Overfitting_Newer3D/5_9_Overfitting_Newer3D/models/checkpoint_epoch_24.pth
[2025-03-04 00:41:12] Epoch: 24		Loss: 0.056908	Loss Translation.: 0.842842	Loss Uncertainty: -0.785933
--ADE (5 time steps): 0.0492	--FDE (5 time steps): 0.0501
--ADE (10 time steps): 0.0619	--FDE (10 time steps): 0.0697
--ADE (15 time steps): 0.0747	--FDE (15 time steps): 0.0928
--ADE (20 time steps): 0.0891	--FDE (20 time steps): 0.1191
[INFO] Checkpoint saved to ./results/5_9_Overfitting_Newer3D/5_9_Overfitting_Newer3D/models/checkpoint_epoch_25.pth
[2025-03-04 00:43:51] Epoch: 25		Loss: 0.037576	Loss Translation.: 0.828983	Loss Uncertainty: -0.791407
--ADE (5 time steps): 0.0495	--FDE (5 time steps): 0.0504
--ADE (10 time steps): 0.0619	--FDE (10 time steps): 0.0688
--ADE (15 time steps): 0.0744	--FDE (15 time steps): 0.0916
--ADE (20 time steps): 0.0884	--FDE (20 time steps): 0.1176
[INFO] Checkpoint saved to ./results/5_9_Overfitting_Newer3D/5_9_Overfitting_Newer3D/models/checkpoint_epoch_26.pth
[2025-03-04 00:46:30] Epoch: 26		Loss: 0.022236	Loss Translation.: 0.819268	Loss Uncertainty: -0.797032
--ADE (5 time steps): 0.0495	--FDE (5 time steps): 0.0507
--ADE (10 time steps): 0.0620	--FDE (10 time steps): 0.0689
--ADE (15 time steps): 0.0745	--FDE (15 time steps): 0.0921
--ADE (20 time steps): 0.0883	--FDE (20 time steps): 0.1176
[INFO] Checkpoint saved to ./results/5_9_Overfitting_Newer3D/5_9_Overfitting_Newer3D/models/checkpoint_epoch_27.pth
[2025-03-04 00:49:09] Epoch: 27		Loss: 0.008289	Loss Translation.: 0.809877	Loss Uncertainty: -0.801588
--ADE (5 time steps): 0.0491	--FDE (5 time steps): 0.0499
--ADE (10 time steps): 0.0616	--FDE (10 time steps): 0.0686
--ADE (15 time steps): 0.0739	--FDE (15 time steps): 0.0911
--ADE (20 time steps): 0.0877	--FDE (20 time steps): 0.1157
[INFO] Checkpoint saved to ./results/5_9_Overfitting_Newer3D/5_9_Overfitting_Newer3D/models/checkpoint_epoch_28.pth
[2025-03-04 00:51:48] Epoch: 28		Loss: -0.003740	Loss Translation.: 0.801845	Loss Uncertainty: -0.805585
--ADE (5 time steps): 0.0508	--FDE (5 time steps): 0.0521
--ADE (10 time steps): 0.0631	--FDE (10 time steps): 0.0703
--ADE (15 time steps): 0.0752	--FDE (15 time steps): 0.0923
--ADE (20 time steps): 0.0889	--FDE (20 time steps): 0.1178
[INFO] Checkpoint saved to ./results/5_9_Overfitting_Newer3D/5_9_Overfitting_Newer3D/models/checkpoint_epoch_29.pth
[2025-03-04 00:54:27] Epoch: 29		Loss: -0.015326	Loss Translation.: 0.793471	Loss Uncertainty: -0.808797
--ADE (5 time steps): 0.0485	--FDE (5 time steps): 0.0490
--ADE (10 time steps): 0.0605	--FDE (10 time steps): 0.0671
--ADE (15 time steps): 0.0724	--FDE (15 time steps): 0.0890
--ADE (20 time steps): 0.0859	--FDE (20 time steps): 0.1119
[INFO] Checkpoint saved to ./results/5_9_Overfitting_Newer3D/5_9_Overfitting_Newer3D/models/checkpoint_epoch_30.pth
[2025-03-04 00:57:06] Epoch: 30		Loss: -0.023067	Loss Translation.: 0.788960	Loss Uncertainty: -0.812026
--ADE (5 time steps): 0.0487	--FDE (5 time steps): 0.0495
--ADE (10 time steps): 0.0610	--FDE (10 time steps): 0.0674
--ADE (15 time steps): 0.0727	--FDE (15 time steps): 0.0889
--ADE (20 time steps): 0.0858	--FDE (20 time steps): 0.1122
[INFO] Checkpoint saved to ./results/5_9_Overfitting_Newer3D/5_9_Overfitting_Newer3D/models/checkpoint_epoch_31.pth
[2025-03-04 00:59:45] Epoch: 31		Loss: -0.035111	Loss Translation.: 0.780670	Loss Uncertainty: -0.815781
--ADE (5 time steps): 0.0482	--FDE (5 time steps): 0.0485
--ADE (10 time steps): 0.0598	--FDE (10 time steps): 0.0652
--ADE (15 time steps): 0.0712	--FDE (15 time steps): 0.0863
--ADE (20 time steps): 0.0838	--FDE (20 time steps): 0.1079
[INFO] Checkpoint saved to ./results/5_9_Overfitting_Newer3D/5_9_Overfitting_Newer3D/models/checkpoint_epoch_32.pth
[2025-03-04 01:02:23] Epoch: 32		Loss: -0.066648	Loss Translation.: 0.760550	Loss Uncertainty: -0.827197
--ADE (5 time steps): 0.0480	--FDE (5 time steps): 0.0483
--ADE (10 time steps): 0.0599	--FDE (10 time steps): 0.0657
--ADE (15 time steps): 0.0712	--FDE (15 time steps): 0.0865
--ADE (20 time steps): 0.0843	--FDE (20 time steps): 0.1123
[INFO] Checkpoint saved to ./results/5_9_Overfitting_Newer3D/5_9_Overfitting_Newer3D/models/checkpoint_epoch_33.pth
[2025-03-04 01:05:02] Epoch: 33		Loss: -0.080752	Loss Translation.: 0.750253	Loss Uncertainty: -0.831005
--ADE (5 time steps): 0.0480	--FDE (5 time steps): 0.0482
--ADE (10 time steps): 0.0597	--FDE (10 time steps): 0.0650
--ADE (15 time steps): 0.0709	--FDE (15 time steps): 0.0861
--ADE (20 time steps): 0.0837	--FDE (20 time steps): 0.1101
[INFO] Checkpoint saved to ./results/5_9_Overfitting_Newer3D/5_9_Overfitting_Newer3D/models/checkpoint_epoch_34.pth
[2025-03-04 01:07:41] Epoch: 34		Loss: -0.092766	Loss Translation.: 0.741184	Loss Uncertainty: -0.833950
--ADE (5 time steps): 0.0484	--FDE (5 time steps): 0.0485
--ADE (10 time steps): 0.0600	--FDE (10 time steps): 0.0654
--ADE (15 time steps): 0.0712	--FDE (15 time steps): 0.0864
--ADE (20 time steps): 0.0843	--FDE (20 time steps): 0.1118
[INFO] Checkpoint saved to ./results/5_9_Overfitting_Newer3D/5_9_Overfitting_Newer3D/models/checkpoint_epoch_35.pth
[2025-03-04 01:10:20] Epoch: 35		Loss: -0.102695	Loss Translation.: 0.733952	Loss Uncertainty: -0.836647
--ADE (5 time steps): 0.0480	--FDE (5 time steps): 0.0481
--ADE (10 time steps): 0.0595	--FDE (10 time steps): 0.0645
--ADE (15 time steps): 0.0703	--FDE (15 time steps): 0.0849
--ADE (20 time steps): 0.0833	--FDE (20 time steps): 0.1097
[INFO] Checkpoint saved to ./results/5_9_Overfitting_Newer3D/5_9_Overfitting_Newer3D/models/checkpoint_epoch_36.pth
[2025-03-04 01:12:59] Epoch: 36		Loss: -0.110774	Loss Translation.: 0.727820	Loss Uncertainty: -0.838594
--ADE (5 time steps): 0.0478	--FDE (5 time steps): 0.0479
--ADE (10 time steps): 0.0593	--FDE (10 time steps): 0.0641
--ADE (15 time steps): 0.0702	--FDE (15 time steps): 0.0845
--ADE (20 time steps): 0.0831	--FDE (20 time steps): 0.1085
[INFO] Checkpoint saved to ./results/5_9_Overfitting_Newer3D/5_9_Overfitting_Newer3D/models/checkpoint_epoch_37.pth
[2025-03-04 01:15:37] Epoch: 37		Loss: -0.116551	Loss Translation.: 0.724076	Loss Uncertainty: -0.840627
--ADE (5 time steps): 0.0480	--FDE (5 time steps): 0.0481
--ADE (10 time steps): 0.0593	--FDE (10 time steps): 0.0638
--ADE (15 time steps): 0.0701	--FDE (15 time steps): 0.0841
--ADE (20 time steps): 0.0828	--FDE (20 time steps): 0.1078
[INFO] Checkpoint saved to ./results/5_9_Overfitting_Newer3D/5_9_Overfitting_Newer3D/models/checkpoint_epoch_38.pth
[2025-03-04 01:18:16] Epoch: 38		Loss: -0.124243	Loss Translation.: 0.718857	Loss Uncertainty: -0.843100
--ADE (5 time steps): 0.0476	--FDE (5 time steps): 0.0477
--ADE (10 time steps): 0.0589	--FDE (10 time steps): 0.0633
--ADE (15 time steps): 0.0695	--FDE (15 time steps): 0.0834
--ADE (20 time steps): 0.0821	--FDE (20 time steps): 0.1067
[INFO] Checkpoint saved to ./results/5_9_Overfitting_Newer3D/5_9_Overfitting_Newer3D/models/checkpoint_epoch_39.pth
[2025-03-04 01:20:55] Epoch: 39		Loss: -0.131953	Loss Translation.: 0.713320	Loss Uncertainty: -0.845273
--ADE (5 time steps): 0.0486	--FDE (5 time steps): 0.0487
--ADE (10 time steps): 0.0598	--FDE (10 time steps): 0.0643
--ADE (15 time steps): 0.0704	--FDE (15 time steps): 0.0846
--ADE (20 time steps): 0.0831	--FDE (20 time steps): 0.1087
[INFO] Checkpoint saved to ./results/5_9_Overfitting_Newer3D/5_9_Overfitting_Newer3D/models/checkpoint_epoch_40.pth
[2025-03-04 01:23:34] Epoch: 40		Loss: -0.146677	Loss Translation.: 0.705184	Loss Uncertainty: -0.851861
--ADE (5 time steps): 0.0473	--FDE (5 time steps): 0.0474
--ADE (10 time steps): 0.0584	--FDE (10 time steps): 0.0630
--ADE (15 time steps): 0.0690	--FDE (15 time steps): 0.0822
--ADE (20 time steps): 0.0812	--FDE (20 time steps): 0.1042
[INFO] Checkpoint saved to ./results/5_9_Overfitting_Newer3D/5_9_Overfitting_Newer3D/models/checkpoint_epoch_41.pth
[2025-03-04 01:26:13] Epoch: 41		Loss: -0.155189	Loss Translation.: 0.698773	Loss Uncertainty: -0.853961
--ADE (5 time steps): 0.0473	--FDE (5 time steps): 0.0473
--ADE (10 time steps): 0.0585	--FDE (10 time steps): 0.0630
--ADE (15 time steps): 0.0690	--FDE (15 time steps): 0.0820
--ADE (20 time steps): 0.0811	--FDE (20 time steps): 0.1038
[INFO] Checkpoint saved to ./results/5_9_Overfitting_Newer3D/5_9_Overfitting_Newer3D/models/checkpoint_epoch_42.pth
[2025-03-04 01:28:51] Epoch: 42		Loss: -0.161436	Loss Translation.: 0.694079	Loss Uncertainty: -0.855515
--ADE (5 time steps): 0.0473	--FDE (5 time steps): 0.0473
--ADE (10 time steps): 0.0585	--FDE (10 time steps): 0.0628
--ADE (15 time steps): 0.0690	--FDE (15 time steps): 0.0819
--ADE (20 time steps): 0.0811	--FDE (20 time steps): 0.1038
[INFO] Checkpoint saved to ./results/5_9_Overfitting_Newer3D/5_9_Overfitting_Newer3D/models/checkpoint_epoch_43.pth
[2025-03-04 01:31:30] Epoch: 43		Loss: -0.166308	Loss Translation.: 0.690688	Loss Uncertainty: -0.856996
--ADE (5 time steps): 0.0473	--FDE (5 time steps): 0.0473
--ADE (10 time steps): 0.0584	--FDE (10 time steps): 0.0628
--ADE (15 time steps): 0.0690	--FDE (15 time steps): 0.0820
--ADE (20 time steps): 0.0811	--FDE (20 time steps): 0.1038
[INFO] Checkpoint saved to ./results/5_9_Overfitting_Newer3D/5_9_Overfitting_Newer3D/models/checkpoint_epoch_44.pth
[2025-03-04 01:34:09] Epoch: 44		Loss: -0.171393	Loss Translation.: 0.687027	Loss Uncertainty: -0.858420
--ADE (5 time steps): 0.0474	--FDE (5 time steps): 0.0473
--ADE (10 time steps): 0.0585	--FDE (10 time steps): 0.0629
--ADE (15 time steps): 0.0690	--FDE (15 time steps): 0.0820
--ADE (20 time steps): 0.0811	--FDE (20 time steps): 0.1039
[INFO] Checkpoint saved to ./results/5_9_Overfitting_Newer3D/5_9_Overfitting_Newer3D/models/checkpoint_epoch_45.pth
[2025-03-04 01:36:47] Epoch: 45		Loss: -0.175758	Loss Translation.: 0.683927	Loss Uncertainty: -0.859685
--ADE (5 time steps): 0.0474	--FDE (5 time steps): 0.0473
--ADE (10 time steps): 0.0584	--FDE (10 time steps): 0.0628
--ADE (15 time steps): 0.0690	--FDE (15 time steps): 0.0819
--ADE (20 time steps): 0.0811	--FDE (20 time steps): 0.1039
[INFO] Checkpoint saved to ./results/5_9_Overfitting_Newer3D/5_9_Overfitting_Newer3D/models/checkpoint_epoch_46.pth
[2025-03-04 01:39:24] Epoch: 46		Loss: -0.178894	Loss Translation.: 0.681856	Loss Uncertainty: -0.860750
--ADE (5 time steps): 0.0472	--FDE (5 time steps): 0.0471
--ADE (10 time steps): 0.0583	--FDE (10 time steps): 0.0626
--ADE (15 time steps): 0.0688	--FDE (15 time steps): 0.0817
--ADE (20 time steps): 0.0808	--FDE (20 time steps): 0.1035
[INFO] Checkpoint saved to ./results/5_9_Overfitting_Newer3D/5_9_Overfitting_Newer3D/models/checkpoint_epoch_47.pth
[2025-03-04 01:42:01] Epoch: 47		Loss: -0.183725	Loss Translation.: 0.678414	Loss Uncertainty: -0.862139
--ADE (5 time steps): 0.0473	--FDE (5 time steps): 0.0473
--ADE (10 time steps): 0.0584	--FDE (10 time steps): 0.0627
--ADE (15 time steps): 0.0689	--FDE (15 time steps): 0.0817
--ADE (20 time steps): 0.0809	--FDE (20 time steps): 0.1036
[INFO] Checkpoint saved to ./results/5_9_Overfitting_Newer3D/5_9_Overfitting_Newer3D/models/checkpoint_epoch_48.pth
[2025-03-04 01:44:38] Epoch: 48		Loss: -0.189214	Loss Translation.: 0.676340	Loss Uncertainty: -0.865553
--ADE (5 time steps): 0.0471	--FDE (5 time steps): 0.0469
--ADE (10 time steps): 0.0579	--FDE (10 time steps): 0.0622
--ADE (15 time steps): 0.0684	--FDE (15 time steps): 0.0807
--ADE (20 time steps): 0.0800	--FDE (20 time steps): 0.1020
[INFO] Checkpoint saved to ./results/5_9_Overfitting_Newer3D/5_9_Overfitting_Newer3D/models/checkpoint_epoch_49.pth
[2025-03-04 01:47:15] Epoch: 49		Loss: -0.193528	Loss Translation.: 0.673147	Loss Uncertainty: -0.866675
--ADE (5 time steps): 0.0471	--FDE (5 time steps): 0.0469
--ADE (10 time steps): 0.0579	--FDE (10 time steps): 0.0622
--ADE (15 time steps): 0.0684	--FDE (15 time steps): 0.0807
--ADE (20 time steps): 0.0800	--FDE (20 time steps): 0.1019
[INFO] Checkpoint saved to ./results/5_9_Overfitting_Newer3D/5_9_Overfitting_Newer3D/models/checkpoint_epoch_50.pth
[2025-03-04 01:49:52] Epoch: 50		Loss: -0.196769	Loss Translation.: 0.670779	Loss Uncertainty: -0.867549
--ADE (5 time steps): 0.0471	--FDE (5 time steps): 0.0469
--ADE (10 time steps): 0.0579	--FDE (10 time steps): 0.0622
--ADE (15 time steps): 0.0684	--FDE (15 time steps): 0.0806
--ADE (20 time steps): 0.0800	--FDE (20 time steps): 0.1018
[INFO] Checkpoint saved to ./results/5_9_Overfitting_Newer3D/5_9_Overfitting_Newer3D/models/checkpoint_epoch_51.pth
[2025-03-04 01:52:30] Epoch: 51		Loss: -0.199360	Loss Translation.: 0.668867	Loss Uncertainty: -0.868227
--ADE (5 time steps): 0.0471	--FDE (5 time steps): 0.0468
--ADE (10 time steps): 0.0579	--FDE (10 time steps): 0.0622
--ADE (15 time steps): 0.0684	--FDE (15 time steps): 0.0805
--ADE (20 time steps): 0.0800	--FDE (20 time steps): 0.1017
[INFO] Checkpoint saved to ./results/5_9_Overfitting_Newer3D/5_9_Overfitting_Newer3D/models/checkpoint_epoch_52.pth
[2025-03-04 01:55:07] Epoch: 52		Loss: -0.201913	Loss Translation.: 0.667050	Loss Uncertainty: -0.868963
--ADE (5 time steps): 0.0471	--FDE (5 time steps): 0.0468
--ADE (10 time steps): 0.0579	--FDE (10 time steps): 0.0621
--ADE (15 time steps): 0.0683	--FDE (15 time steps): 0.0804
--ADE (20 time steps): 0.0799	--FDE (20 time steps): 0.1016
[INFO] Checkpoint saved to ./results/5_9_Overfitting_Newer3D/5_9_Overfitting_Newer3D/models/checkpoint_epoch_53.pth
[2025-03-04 01:57:44] Epoch: 53		Loss: -0.204479	Loss Translation.: 0.665205	Loss Uncertainty: -0.869684
--ADE (5 time steps): 0.0471	--FDE (5 time steps): 0.0468
--ADE (10 time steps): 0.0579	--FDE (10 time steps): 0.0621
--ADE (15 time steps): 0.0684	--FDE (15 time steps): 0.0805
--ADE (20 time steps): 0.0799	--FDE (20 time steps): 0.1016
[INFO] Checkpoint saved to ./results/5_9_Overfitting_Newer3D/5_9_Overfitting_Newer3D/models/checkpoint_epoch_54.pth
[2025-03-04 02:00:21] Epoch: 54		Loss: -0.206703	Loss Translation.: 0.663630	Loss Uncertainty: -0.870333
--ADE (5 time steps): 0.0471	--FDE (5 time steps): 0.0468
--ADE (10 time steps): 0.0579	--FDE (10 time steps): 0.0621
--ADE (15 time steps): 0.0683	--FDE (15 time steps): 0.0803
--ADE (20 time steps): 0.0799	--FDE (20 time steps): 0.1015
[INFO] Checkpoint saved to ./results/5_9_Overfitting_Newer3D/5_9_Overfitting_Newer3D/models/checkpoint_epoch_55.pth
[2025-03-04 02:02:58] Epoch: 55		Loss: -0.208908	Loss Translation.: 0.662083	Loss Uncertainty: -0.870991
--ADE (5 time steps): 0.0471	--FDE (5 time steps): 0.0468
--ADE (10 time steps): 0.0579	--FDE (10 time steps): 0.0621
--ADE (15 time steps): 0.0683	--FDE (15 time steps): 0.0803
--ADE (20 time steps): 0.0798	--FDE (20 time steps): 0.1015
[INFO] Checkpoint saved to ./results/5_9_Overfitting_Newer3D/5_9_Overfitting_Newer3D/models/checkpoint_epoch_56.pth
[2025-03-04 02:05:36] Epoch: 56		Loss: -0.213043	Loss Translation.: 0.660049	Loss Uncertainty: -0.873092
--ADE (5 time steps): 0.0470	--FDE (5 time steps): 0.0468
--ADE (10 time steps): 0.0579	--FDE (10 time steps): 0.0621
--ADE (15 time steps): 0.0682	--FDE (15 time steps): 0.0803
--ADE (20 time steps): 0.0797	--FDE (20 time steps): 0.1017
[INFO] Checkpoint saved to ./results/5_9_Overfitting_Newer3D/5_9_Overfitting_Newer3D/models/checkpoint_epoch_57.pth
[2025-03-04 02:08:13] Epoch: 57		Loss: -0.215114	Loss Translation.: 0.658579	Loss Uncertainty: -0.873693
--ADE (5 time steps): 0.0470	--FDE (5 time steps): 0.0468
--ADE (10 time steps): 0.0579	--FDE (10 time steps): 0.0621
--ADE (15 time steps): 0.0682	--FDE (15 time steps): 0.0803
--ADE (20 time steps): 0.0796	--FDE (20 time steps): 0.1017
[INFO] Checkpoint saved to ./results/5_9_Overfitting_Newer3D/5_9_Overfitting_Newer3D/models/checkpoint_epoch_58.pth
[2025-03-04 02:10:50] Epoch: 58		Loss: -0.216776	Loss Translation.: 0.657366	Loss Uncertainty: -0.874141
--ADE (5 time steps): 0.0470	--FDE (5 time steps): 0.0468
--ADE (10 time steps): 0.0579	--FDE (10 time steps): 0.0621
--ADE (15 time steps): 0.0682	--FDE (15 time steps): 0.0803
--ADE (20 time steps): 0.0796	--FDE (20 time steps): 0.1016
[INFO] Checkpoint saved to ./results/5_9_Overfitting_Newer3D/5_9_Overfitting_Newer3D/models/checkpoint_epoch_59.pth
[2025-03-04 02:13:27] Epoch: 59		Loss: -0.218274	Loss Translation.: 0.656265	Loss Uncertainty: -0.874539
--ADE (5 time steps): 0.0470	--FDE (5 time steps): 0.0468
--ADE (10 time steps): 0.0579	--FDE (10 time steps): 0.0621
--ADE (15 time steps): 0.0682	--FDE (15 time steps): 0.0802
--ADE (20 time steps): 0.0796	--FDE (20 time steps): 0.1016
[INFO] Checkpoint saved to ./results/5_9_Overfitting_Newer3D/5_9_Overfitting_Newer3D/models/checkpoint_epoch_60.pth
[2025-03-04 02:16:05] Epoch: 60		Loss: -0.219708	Loss Translation.: 0.655210	Loss Uncertainty: -0.874918
--ADE (5 time steps): 0.0470	--FDE (5 time steps): 0.0468
--ADE (10 time steps): 0.0579	--FDE (10 time steps): 0.0621
--ADE (15 time steps): 0.0682	--FDE (15 time steps): 0.0802
--ADE (20 time steps): 0.0796	--FDE (20 time steps): 0.1016
[INFO] Checkpoint saved to ./results/5_9_Overfitting_Newer3D/5_9_Overfitting_Newer3D/models/checkpoint_epoch_61.pth
[2025-03-04 02:18:42] Epoch: 61		Loss: -0.220968	Loss Translation.: 0.654292	Loss Uncertainty: -0.875261
--ADE (5 time steps): 0.0470	--FDE (5 time steps): 0.0468
--ADE (10 time steps): 0.0579	--FDE (10 time steps): 0.0621
--ADE (15 time steps): 0.0681	--FDE (15 time steps): 0.0802
--ADE (20 time steps): 0.0796	--FDE (20 time steps): 0.1016
[INFO] Checkpoint saved to ./results/5_9_Overfitting_Newer3D/5_9_Overfitting_Newer3D/models/checkpoint_epoch_62.pth
[2025-03-04 02:21:19] Epoch: 62		Loss: -0.222309	Loss Translation.: 0.653349	Loss Uncertainty: -0.875658
--ADE (5 time steps): 0.0470	--FDE (5 time steps): 0.0468
--ADE (10 time steps): 0.0579	--FDE (10 time steps): 0.0621
--ADE (15 time steps): 0.0682	--FDE (15 time steps): 0.0802
--ADE (20 time steps): 0.0796	--FDE (20 time steps): 0.1016
[INFO] Checkpoint saved to ./results/5_9_Overfitting_Newer3D/5_9_Overfitting_Newer3D/models/checkpoint_epoch_63.pth
[2025-03-04 02:23:57] Epoch: 63		Loss: -0.223570	Loss Translation.: 0.652444	Loss Uncertainty: -0.876014
--ADE (5 time steps): 0.0470	--FDE (5 time steps): 0.0468
--ADE (10 time steps): 0.0579	--FDE (10 time steps): 0.0621
--ADE (15 time steps): 0.0682	--FDE (15 time steps): 0.0802
--ADE (20 time steps): 0.0796	--FDE (20 time steps): 0.1016
[INFO] Checkpoint saved to ./results/5_9_Overfitting_Newer3D/5_9_Overfitting_Newer3D/models/checkpoint_epoch_64.pth
[2025-03-04 02:26:34] Epoch: 64		Loss: -0.225360	Loss Translation.: 0.651562	Loss Uncertainty: -0.876923
--ADE (5 time steps): 0.0469	--FDE (5 time steps): 0.0467
--ADE (10 time steps): 0.0578	--FDE (10 time steps): 0.0620
--ADE (15 time steps): 0.0680	--FDE (15 time steps): 0.0802
--ADE (20 time steps): 0.0795	--FDE (20 time steps): 0.1015
[INFO] Checkpoint saved to ./results/5_9_Overfitting_Newer3D/5_9_Overfitting_Newer3D/models/checkpoint_epoch_65.pth
[2025-03-04 02:29:11] Epoch: 65		Loss: -0.226706	Loss Translation.: 0.650555	Loss Uncertainty: -0.877261
--ADE (5 time steps): 0.0469	--FDE (5 time steps): 0.0467
--ADE (10 time steps): 0.0578	--FDE (10 time steps): 0.0620
--ADE (15 time steps): 0.0680	--FDE (15 time steps): 0.0802
--ADE (20 time steps): 0.0795	--FDE (20 time steps): 0.1015
[INFO] Checkpoint saved to ./results/5_9_Overfitting_Newer3D/5_9_Overfitting_Newer3D/models/checkpoint_epoch_66.pth
[2025-03-04 02:31:48] Epoch: 66		Loss: -0.227543	Loss Translation.: 0.649967	Loss Uncertainty: -0.877510
--ADE (5 time steps): 0.0469	--FDE (5 time steps): 0.0467
--ADE (10 time steps): 0.0578	--FDE (10 time steps): 0.0620
--ADE (15 time steps): 0.0680	--FDE (15 time steps): 0.0802
--ADE (20 time steps): 0.0795	--FDE (20 time steps): 0.1015
[INFO] Checkpoint saved to ./results/5_9_Overfitting_Newer3D/5_9_Overfitting_Newer3D/models/checkpoint_epoch_67.pth
[2025-03-04 02:34:26] Epoch: 67		Loss: -0.228333	Loss Translation.: 0.649395	Loss Uncertainty: -0.877728
--ADE (5 time steps): 0.0469	--FDE (5 time steps): 0.0467
--ADE (10 time steps): 0.0578	--FDE (10 time steps): 0.0620
--ADE (15 time steps): 0.0680	--FDE (15 time steps): 0.0802
--ADE (20 time steps): 0.0795	--FDE (20 time steps): 0.1015
[INFO] Checkpoint saved to ./results/5_9_Overfitting_Newer3D/5_9_Overfitting_Newer3D/models/checkpoint_epoch_68.pth
slurmstepd: error: *** JOB 10284633 ON gcn26 CANCELLED AT 2025-03-04T02:34:54 DUE TO TIME LIMIT ***

JOB STATISTICS
==============
Job ID: 10284633
Cluster: snellius
User/Group: scur2440/scur2440
State: TIMEOUT (exit code 0)
Nodes: 1
Cores per node: 18
CPU Utilized: 00:00:01
CPU Efficiency: 0.00% of 2-06:08:42 core-walltime
Job Wall-clock time: 03:00:29
Memory Utilized: 3.25 GB
Memory Efficiency: 2.71% of 120.00 GB (120.00 GB/node)
