***************************************************************************************************** 
* WARNING: The 2022 software stack is deprecated. Please consider switching to
the latest 2024 * 
* software stack, or the older 2023 software stack. * 
* * 
* If you have any question, please contact us via
http://servicedesk.surfsara.nl. * 
***************************************************************************************************** 

Configuration:
description: LED
results_root_dir: results
dataset: synthetic
dimensions: 7
past_frames: 10
future_frames: 22
min_past_frames: 10
min_future_frames: 22
k_preds: 30
synthetic_gt: straight
synthetic_noise: random_walk
traj_mean: [14, 7.5]
traj_scale: 1
relative: False
normalised: False
overfitting: False
selected_trajectories: False
pretrained_core_denoising_model: ./results/checkpoints/base_diffusion_model.p
debug: False
diffusion: {'steps': 150, 'beta_start': 0.0001, 'beta_end': 0.05, 'beta_schedule': 'linear'}
lr: 0.0001
train_batch_size: 128
test_batch_size: 128
num_epochs: 80
test_interval: 1
lr_scheduler: step
decay_step: 8
decay_gamma: 0.5

[INFO] SYNTHETIC dataset (1 agent).
Overfitting: False
[WARNING] Relativised / normalised loading not implemented for synthetic dataset. Poses are converted to relative within pipeline (data_preprocess).
Assumes homogenous-matrix from
Len dataset: 8000
Overfitting: False
[WARNING] Relativised / normalised loading not implemented for synthetic dataset. Poses are converted to relative within pipeline (data_preprocess).
Assumes homogenous-matrix from
Len dataset: 1000
[INFO] Now using random trajectory shuffling.


[INFO] SYNTHETIC dataset - skip subtracting mean from absolute positions.
[INFO] Training from scratch - without pretrained models (Not NBA with frame standard configs)

[Core Denoising Model] Trainable/Total: 6584760/6584760
[Initialization Model] Trainable/Total: 8576319/8576319
[2025-05-24 15:46:27] Epoch: 1		Loss: 25.433824	Loss Translation.: 0.380741	Loss Rotation.: 0.075442	Combined Loss Dist.: 22.809140	Loss Uncertainty: 2.624684
--ADE (5 time steps): 0.1402	--FDE (5 time steps): 0.1128
--ADE (10 time steps): 0.1601	--FDE (10 time steps): 0.1416
--ADE (15 time steps): 0.1744	--FDE (15 time steps): 0.1649
--ADE (20 time steps): 0.1903	--FDE (20 time steps): 0.2134
--ADE (22 time steps): 0.2301	--FDE (22 time steps): 0.5449
--ATE translation: 0.2929
[2025-05-24 15:47:17] Epoch: 2		Loss: 9.262504	Loss Translation.: 0.112829	Loss Rotation.: 0.030837	Combined Loss Dist.: 7.183261	Loss Uncertainty: 2.079243
--ADE (5 time steps): 0.0791	--FDE (5 time steps): 0.0457
--ADE (10 time steps): 0.0910	--FDE (10 time steps): 0.0622
--ADE (15 time steps): 0.0916	--FDE (15 time steps): 0.0596
--ADE (20 time steps): 0.0958	--FDE (20 time steps): 0.0823
--ADE (22 time steps): 0.1007	--FDE (22 time steps): 0.1245
--ATE translation: 0.1073
[INFO] New best model (ATE)! Checkpoint saved to ./results/6_3_Synthetic_Straight_Random_Walk/6_3_9D_Synthetic_Straight_Random_Walk/models/best_checkpoint_epoch_2.pth
[2025-05-24 15:48:07] Epoch: 3		Loss: 7.593897	Loss Translation.: 0.084417	Loss Rotation.: 0.030193	Combined Loss Dist.: 5.730481	Loss Uncertainty: 1.863415
--ADE (5 time steps): 0.0680	--FDE (5 time steps): 0.0612
--ADE (10 time steps): 0.0722	--FDE (10 time steps): 0.0657
--ADE (15 time steps): 0.0802	--FDE (15 time steps): 0.0795
--ADE (20 time steps): 0.0877	--FDE (20 time steps): 0.0877
--ADE (22 time steps): 0.0922	--FDE (22 time steps): 0.1247
--ATE translation: 0.0983
[INFO] New best model (ATE)! Checkpoint saved to ./results/6_3_Synthetic_Straight_Random_Walk/6_3_9D_Synthetic_Straight_Random_Walk/models/best_checkpoint_epoch_3.pth
[2025-05-24 15:48:58] Epoch: 4		Loss: 7.503036	Loss Translation.: 0.085895	Loss Rotation.: 0.030132	Combined Loss Dist.: 5.801330	Loss Uncertainty: 1.701706
--ADE (5 time steps): 0.1000	--FDE (5 time steps): 0.0794
--ADE (10 time steps): 0.1253	--FDE (10 time steps): 0.0735
--ADE (15 time steps): 0.1264	--FDE (15 time steps): 0.0705
--ADE (20 time steps): 0.1260	--FDE (20 time steps): 0.0729
--ADE (22 time steps): 0.1281	--FDE (22 time steps): 0.1177
--ATE translation: 0.1296
[2025-05-24 15:49:48] Epoch: 5		Loss: 7.269184	Loss Translation.: 0.083715	Loss Rotation.: 0.030207	Combined Loss Dist.: 5.696102	Loss Uncertainty: 1.573083
--ADE (5 time steps): 0.0413	--FDE (5 time steps): 0.0336
--ADE (10 time steps): 0.0465	--FDE (10 time steps): 0.0373
--ADE (15 time steps): 0.0503	--FDE (15 time steps): 0.0440
--ADE (20 time steps): 0.0525	--FDE (20 time steps): 0.0477
--ADE (22 time steps): 0.0544	--FDE (22 time steps): 0.0679
--ATE translation: 0.0566
[INFO] New best model (ATE)! Checkpoint saved to ./results/6_3_Synthetic_Straight_Random_Walk/6_3_9D_Synthetic_Straight_Random_Walk/models/best_checkpoint_epoch_5.pth
[2025-05-24 15:50:38] Epoch: 6		Loss: 5.892907	Loss Translation.: 0.058344	Loss Rotation.: 0.030006	Combined Loss Dist.: 4.417483	Loss Uncertainty: 1.475424
--ADE (5 time steps): 0.0447	--FDE (5 time steps): 0.0376
--ADE (10 time steps): 0.0564	--FDE (10 time steps): 0.0413
--ADE (15 time steps): 0.0598	--FDE (15 time steps): 0.0462
--ADE (20 time steps): 0.0627	--FDE (20 time steps): 0.0529
--ADE (22 time steps): 0.0654	--FDE (22 time steps): 0.0748
--ATE translation: 0.0674
[2025-05-24 15:51:29] Epoch: 7		Loss: 5.534916	Loss Translation.: 0.052685	Loss Rotation.: 0.029957	Combined Loss Dist.: 4.132075	Loss Uncertainty: 1.402841
--ADE (5 time steps): 0.0259	--FDE (5 time steps): 0.0208
--ADE (10 time steps): 0.0338	--FDE (10 time steps): 0.0202
--ADE (15 time steps): 0.0358	--FDE (15 time steps): 0.0226
--ADE (20 time steps): 0.0374	--FDE (20 time steps): 0.0264
--ADE (22 time steps): 0.0389	--FDE (22 time steps): 0.0485
--ATE translation: 0.0406
[INFO] New best model (ATE)! Checkpoint saved to ./results/6_3_Synthetic_Straight_Random_Walk/6_3_9D_Synthetic_Straight_Random_Walk/models/best_checkpoint_epoch_7.pth
[2025-05-24 15:52:19] Epoch: 8		Loss: 6.459720	Loss Translation.: 0.071837	Loss Rotation.: 0.030414	Combined Loss Dist.: 5.112545	Loss Uncertainty: 1.347175
--ADE (5 time steps): 0.0502	--FDE (5 time steps): 0.0460
--ADE (10 time steps): 0.0524	--FDE (10 time steps): 0.0412
--ADE (15 time steps): 0.0656	--FDE (15 time steps): 0.0391
--ADE (20 time steps): 0.0623	--FDE (20 time steps): 0.0432
--ADE (22 time steps): 0.0621	--FDE (22 time steps): 0.0555
--ATE translation: 0.0647
[2025-05-24 15:53:10] Epoch: 9		Loss: 4.487080	Loss Translation.: 0.033974	Loss Rotation.: 0.029744	Combined Loss Dist.: 3.185898	Loss Uncertainty: 1.301182
--ADE (5 time steps): 0.0215	--FDE (5 time steps): 0.0187
--ADE (10 time steps): 0.0250	--FDE (10 time steps): 0.0188
--ADE (15 time steps): 0.0293	--FDE (15 time steps): 0.0227
--ADE (20 time steps): 0.0311	--FDE (20 time steps): 0.0274
--ADE (22 time steps): 0.0381	--FDE (22 time steps): 0.0419
--ATE translation: 0.0500
[2025-05-24 15:54:00] Epoch: 10		Loss: 4.115387	Loss Translation.: 0.027795	Loss Rotation.: 0.029418	Combined Loss Dist.: 2.860666	Loss Uncertainty: 1.254721
--ADE (5 time steps): 0.0180	--FDE (5 time steps): 0.0137
--ADE (10 time steps): 0.0192	--FDE (10 time steps): 0.0129
--ADE (15 time steps): 0.0238	--FDE (15 time steps): 0.0148
--ADE (20 time steps): 0.0245	--FDE (20 time steps): 0.0162
--ADE (22 time steps): 0.0309	--FDE (22 time steps): 0.0286
--ATE translation: 0.0433
[2025-05-24 15:54:50] Epoch: 11		Loss: 4.046319	Loss Translation.: 0.027273	Loss Rotation.: 0.029289	Combined Loss Dist.: 2.828064	Loss Uncertainty: 1.218256
--ADE (5 time steps): 0.0193	--FDE (5 time steps): 0.0154
--ADE (10 time steps): 0.0204	--FDE (10 time steps): 0.0136
--ADE (15 time steps): 0.0249	--FDE (15 time steps): 0.0155
--ADE (20 time steps): 0.0257	--FDE (20 time steps): 0.0170
--ADE (22 time steps): 0.0299	--FDE (22 time steps): 0.0284
--ATE translation: 0.0369
[INFO] New best model (ATE)! Checkpoint saved to ./results/6_3_Synthetic_Straight_Random_Walk/6_3_9D_Synthetic_Straight_Random_Walk/models/best_checkpoint_epoch_11.pth
[2025-05-24 15:55:41] Epoch: 12		Loss: 3.964639	Loss Translation.: 0.026532	Loss Rotation.: 0.029081	Combined Loss Dist.: 2.780662	Loss Uncertainty: 1.183977
--ADE (5 time steps): 0.0171	--FDE (5 time steps): 0.0146
--ADE (10 time steps): 0.0192	--FDE (10 time steps): 0.0152
--ADE (15 time steps): 0.0237	--FDE (15 time steps): 0.0177
--ADE (20 time steps): 0.0244	--FDE (20 time steps): 0.0214
--ADE (22 time steps): 0.0261	--FDE (22 time steps): 0.0314
--ATE translation: 0.0277
[INFO] New best model (ATE)! Checkpoint saved to ./results/6_3_Synthetic_Straight_Random_Walk/6_3_9D_Synthetic_Straight_Random_Walk/models/best_checkpoint_epoch_12.pth
[2025-05-24 15:56:31] Epoch: 13		Loss: 4.108706	Loss Translation.: 0.030112	Loss Rotation.: 0.028940	Combined Loss Dist.: 2.952565	Loss Uncertainty: 1.156141
--ADE (5 time steps): 0.0207	--FDE (5 time steps): 0.0160
--ADE (10 time steps): 0.0222	--FDE (10 time steps): 0.0157
--ADE (15 time steps): 0.0267	--FDE (15 time steps): 0.0163
--ADE (20 time steps): 0.0279	--FDE (20 time steps): 0.0174
--ADE (22 time steps): 0.0286	--FDE (22 time steps): 0.0312
--ATE translation: 0.0294
[2025-05-24 15:57:21] Epoch: 14		Loss: 4.185736	Loss Translation.: 0.032781	Loss Rotation.: 0.028372	Combined Loss Dist.: 3.057685	Loss Uncertainty: 1.128051
--ADE (5 time steps): 0.0214	--FDE (5 time steps): 0.0179
--ADE (10 time steps): 0.0237	--FDE (10 time steps): 0.0201
--ADE (15 time steps): 0.0268	--FDE (15 time steps): 0.0200
--ADE (20 time steps): 0.0296	--FDE (20 time steps): 0.0245
--ADE (22 time steps): 0.0304	--FDE (22 time steps): 0.0317
--ATE translation: 0.0315
[2025-05-24 15:58:12] Epoch: 15		Loss: 4.150003	Loss Translation.: 0.033446	Loss Rotation.: 0.027464	Combined Loss Dist.: 3.045514	Loss Uncertainty: 1.104489
--ADE (5 time steps): 0.0207	--FDE (5 time steps): 0.0160
--ADE (10 time steps): 0.0223	--FDE (10 time steps): 0.0186
--ADE (15 time steps): 0.0240	--FDE (15 time steps): 0.0196
--ADE (20 time steps): 0.0316	--FDE (20 time steps): 0.0209
--ADE (22 time steps): 0.0322	--FDE (22 time steps): 0.0308
--ATE translation: 0.0329
[2025-05-24 15:59:02] Epoch: 16		Loss: 4.026208	Loss Translation.: 0.032134	Loss Rotation.: 0.026535	Combined Loss Dist.: 2.933465	Loss Uncertainty: 1.092743
--ADE (5 time steps): 0.0182	--FDE (5 time steps): 0.0152
--ADE (10 time steps): 0.0186	--FDE (10 time steps): 0.0136
--ADE (15 time steps): 0.0193	--FDE (15 time steps): 0.0135
--ADE (20 time steps): 0.0239	--FDE (20 time steps): 0.0153
--ADE (22 time steps): 0.0247	--FDE (22 time steps): 0.0272
--ATE translation: 0.0256
[INFO] New best model (ATE)! Checkpoint saved to ./results/6_3_Synthetic_Straight_Random_Walk/6_3_9D_Synthetic_Straight_Random_Walk/models/best_checkpoint_epoch_16.pth
[2025-05-24 15:59:52] Epoch: 17		Loss: 3.358186	Loss Translation.: 0.020084	Loss Rotation.: 0.025528	Combined Loss Dist.: 2.280589	Loss Uncertainty: 1.077597
--ADE (5 time steps): 0.0145	--FDE (5 time steps): 0.0115
--ADE (10 time steps): 0.0151	--FDE (10 time steps): 0.0109
--ADE (15 time steps): 0.0160	--FDE (15 time steps): 0.0121
--ADE (20 time steps): 0.0197	--FDE (20 time steps): 0.0137
--ADE (22 time steps): 0.0207	--FDE (22 time steps): 0.0256
--ATE translation: 0.0220
[INFO] New best model (ATE)! Checkpoint saved to ./results/6_3_Synthetic_Straight_Random_Walk/6_3_9D_Synthetic_Straight_Random_Walk/models/best_checkpoint_epoch_17.pth
[2025-05-24 16:00:43] Epoch: 18		Loss: 3.272565	Loss Translation.: 0.019366	Loss Rotation.: 0.024980	Combined Loss Dist.: 2.217278	Loss Uncertainty: 1.055287
--ADE (5 time steps): 0.0155	--FDE (5 time steps): 0.0120
--ADE (10 time steps): 0.0160	--FDE (10 time steps): 0.0119
--ADE (15 time steps): 0.0170	--FDE (15 time steps): 0.0131
--ADE (20 time steps): 0.0213	--FDE (20 time steps): 0.0142
--ADE (22 time steps): 0.0220	--FDE (22 time steps): 0.0245
--ATE translation: 0.0228
[2025-05-24 16:01:33] Epoch: 19		Loss: 3.278526	Loss Translation.: 0.020217	Loss Rotation.: 0.024588	Combined Loss Dist.: 2.240278	Loss Uncertainty: 1.038248
--ADE (5 time steps): 0.0144	--FDE (5 time steps): 0.0112
--ADE (10 time steps): 0.0150	--FDE (10 time steps): 0.0111
--ADE (15 time steps): 0.0161	--FDE (15 time steps): 0.0122
--ADE (20 time steps): 0.0199	--FDE (20 time steps): 0.0142
--ADE (22 time steps): 0.0207	--FDE (22 time steps): 0.0243
--ATE translation: 0.0217
[INFO] New best model (ATE)! Checkpoint saved to ./results/6_3_Synthetic_Straight_Random_Walk/6_3_9D_Synthetic_Straight_Random_Walk/models/best_checkpoint_epoch_19.pth
[2025-05-24 16:02:23] Epoch: 20		Loss: 3.164653	Loss Translation.: 0.018567	Loss Rotation.: 0.024152	Combined Loss Dist.: 2.135975	Loss Uncertainty: 1.028678
--ADE (5 time steps): 0.0141	--FDE (5 time steps): 0.0117
--ADE (10 time steps): 0.0150	--FDE (10 time steps): 0.0126
--ADE (15 time steps): 0.0161	--FDE (15 time steps): 0.0129
--ADE (20 time steps): 0.0174	--FDE (20 time steps): 0.0151
--ADE (22 time steps): 0.0183	--FDE (22 time steps): 0.0269
--ATE translation: 0.0195
[INFO] New best model (ATE)! Checkpoint saved to ./results/6_3_Synthetic_Straight_Random_Walk/6_3_9D_Synthetic_Straight_Random_Walk/models/best_checkpoint_epoch_20.pth
[2025-05-24 16:03:14] Epoch: 21		Loss: 3.095699	Loss Translation.: 0.017974	Loss Rotation.: 0.023793	Combined Loss Dist.: 2.088326	Loss Uncertainty: 1.007373
--ADE (5 time steps): 0.0147	--FDE (5 time steps): 0.0122
--ADE (10 time steps): 0.0156	--FDE (10 time steps): 0.0118
--ADE (15 time steps): 0.0166	--FDE (15 time steps): 0.0129
--ADE (20 time steps): 0.0176	--FDE (20 time steps): 0.0152
--ADE (22 time steps): 0.0185	--FDE (22 time steps): 0.0259
--ATE translation: 0.0196
[2025-05-24 16:04:04] Epoch: 22		Loss: 3.180510	Loss Translation.: 0.020398	Loss Rotation.: 0.023367	Combined Loss Dist.: 2.188248	Loss Uncertainty: 0.992262
--ADE (5 time steps): 0.0162	--FDE (5 time steps): 0.0126
--ADE (10 time steps): 0.0174	--FDE (10 time steps): 0.0110
--ADE (15 time steps): 0.0186	--FDE (15 time steps): 0.0135
--ADE (20 time steps): 0.0230	--FDE (20 time steps): 0.0201
--ADE (22 time steps): 0.0237	--FDE (22 time steps): 0.0281
--ATE translation: 0.0246
[2025-05-24 16:04:54] Epoch: 23		Loss: 3.239506	Loss Translation.: 0.022127	Loss Rotation.: 0.022619	Combined Loss Dist.: 2.237333	Loss Uncertainty: 1.002173
--ADE (5 time steps): 0.0206	--FDE (5 time steps): 0.0180
--ADE (10 time steps): 0.0213	--FDE (10 time steps): 0.0173
--ADE (15 time steps): 0.0224	--FDE (15 time steps): 0.0172
--ADE (20 time steps): 0.0278	--FDE (20 time steps): 0.0185
--ADE (22 time steps): 0.0284	--FDE (22 time steps): 0.0337
--ATE translation: 0.0290
[2025-05-24 16:05:44] Epoch: 24		Loss: 3.259184	Loss Translation.: 0.023835	Loss Rotation.: 0.021777	Combined Loss Dist.: 2.280611	Loss Uncertainty: 0.978573
--ADE (5 time steps): 0.0170	--FDE (5 time steps): 0.0142
--ADE (10 time steps): 0.0178	--FDE (10 time steps): 0.0135
--ADE (15 time steps): 0.0183	--FDE (15 time steps): 0.0147
--ADE (20 time steps): 0.0201	--FDE (20 time steps): 0.0147
--ADE (22 time steps): 0.0209	--FDE (22 time steps): 0.0307
--ATE translation: 0.0220
[2025-05-24 16:06:35] Epoch: 25		Loss: 2.826911	Loss Translation.: 0.017098	Loss Rotation.: 0.020438	Combined Loss Dist.: 1.876800	Loss Uncertainty: 0.950111
--ADE (5 time steps): 0.0161	--FDE (5 time steps): 0.0135
--ADE (10 time steps): 0.0163	--FDE (10 time steps): 0.0115
--ADE (15 time steps): 0.0169	--FDE (15 time steps): 0.0120
--ADE (20 time steps): 0.0201	--FDE (20 time steps): 0.0145
--ADE (22 time steps): 0.0209	--FDE (22 time steps): 0.0298
--ATE translation: 0.0220
[2025-05-24 16:07:25] Epoch: 26		Loss: 2.757007	Loss Translation.: 0.017167	Loss Rotation.: 0.019404	Combined Loss Dist.: 1.828530	Loss Uncertainty: 0.928477
--ADE (5 time steps): 0.0150	--FDE (5 time steps): 0.0108
--ADE (10 time steps): 0.0155	--FDE (10 time steps): 0.0121
--ADE (15 time steps): 0.0163	--FDE (15 time steps): 0.0124
--ADE (20 time steps): 0.0181	--FDE (20 time steps): 0.0139
--ADE (22 time steps): 0.0191	--FDE (22 time steps): 0.0331
--ATE translation: 0.0205
[2025-05-24 16:08:15] Epoch: 27		Loss: 2.729879	Loss Translation.: 0.016957	Loss Rotation.: 0.019484	Combined Loss Dist.: 1.822052	Loss Uncertainty: 0.907828
--ADE (5 time steps): 0.0154	--FDE (5 time steps): 0.0122
--ADE (10 time steps): 0.0160	--FDE (10 time steps): 0.0110
--ADE (15 time steps): 0.0165	--FDE (15 time steps): 0.0117
--ADE (20 time steps): 0.0184	--FDE (20 time steps): 0.0125
--ADE (22 time steps): 0.0194	--FDE (22 time steps): 0.0323
--ATE translation: 0.0207
[2025-05-24 16:09:05] Epoch: 28		Loss: 2.594082	Loss Translation.: 0.016080	Loss Rotation.: 0.018089	Combined Loss Dist.: 1.708464	Loss Uncertainty: 0.885618
--ADE (5 time steps): 0.0143	--FDE (5 time steps): 0.0111
--ADE (10 time steps): 0.0151	--FDE (10 time steps): 0.0119
--ADE (15 time steps): 0.0160	--FDE (15 time steps): 0.0129
--ADE (20 time steps): 0.0168	--FDE (20 time steps): 0.0138
--ADE (22 time steps): 0.0180	--FDE (22 time steps): 0.0344
--ATE translation: 0.0196
[2025-05-24 16:09:56] Epoch: 29		Loss: 2.525988	Loss Translation.: 0.016069	Loss Rotation.: 0.017083	Combined Loss Dist.: 1.657577	Loss Uncertainty: 0.868411
--ADE (5 time steps): 0.0136	--FDE (5 time steps): 0.0100
--ADE (10 time steps): 0.0141	--FDE (10 time steps): 0.0100
--ADE (15 time steps): 0.0166	--FDE (15 time steps): 0.0114
--ADE (20 time steps): 0.0173	--FDE (20 time steps): 0.0113
--ADE (22 time steps): 0.0184	--FDE (22 time steps): 0.0318
--ATE translation: 0.0199
[2025-05-24 16:10:46] Epoch: 30		Loss: 2.425909	Loss Translation.: 0.015634	Loss Rotation.: 0.016009	Combined Loss Dist.: 1.582121	Loss Uncertainty: 0.843787
--ADE (5 time steps): 0.0138	--FDE (5 time steps): 0.0112
--ADE (10 time steps): 0.0143	--FDE (10 time steps): 0.0100
--ADE (15 time steps): 0.0159	--FDE (15 time steps): 0.0118
--ADE (20 time steps): 0.0170	--FDE (20 time steps): 0.0107
--ADE (22 time steps): 0.0183	--FDE (22 time steps): 0.0336
--ATE translation: 0.0202
[2025-05-24 16:11:36] Epoch: 31		Loss: 2.363383	Loss Translation.: 0.015808	Loss Rotation.: 0.014921	Combined Loss Dist.: 1.536420	Loss Uncertainty: 0.826963
--ADE (5 time steps): 0.0143	--FDE (5 time steps): 0.0114
--ADE (10 time steps): 0.0148	--FDE (10 time steps): 0.0111
--ADE (15 time steps): 0.0155	--FDE (15 time steps): 0.0110
--ADE (20 time steps): 0.0155	--FDE (20 time steps): 0.0103
--ADE (22 time steps): 0.0169	--FDE (22 time steps): 0.0390
--ATE translation: 0.0192
[INFO] New best model (ATE)! Checkpoint saved to ./results/6_3_Synthetic_Straight_Random_Walk/6_3_9D_Synthetic_Straight_Random_Walk/models/best_checkpoint_epoch_31.pth
[2025-05-24 16:12:27] Epoch: 32		Loss: 2.354127	Loss Translation.: 0.016919	Loss Rotation.: 0.013878	Combined Loss Dist.: 1.539813	Loss Uncertainty: 0.814314
--ADE (5 time steps): 0.0133	--FDE (5 time steps): 0.0103
--ADE (10 time steps): 0.0140	--FDE (10 time steps): 0.0103
--ADE (15 time steps): 0.0152	--FDE (15 time steps): 0.0119
--ADE (20 time steps): 0.0158	--FDE (20 time steps): 0.0127
--ADE (22 time steps): 0.0172	--FDE (22 time steps): 0.0393
--ATE translation: 0.0194
[2025-05-24 16:13:17] Epoch: 33		Loss: 2.189331	Loss Translation.: 0.014260	Loss Rotation.: 0.013492	Combined Loss Dist.: 1.387604	Loss Uncertainty: 0.801727
--ADE (5 time steps): 0.0128	--FDE (5 time steps): 0.0096
--ADE (10 time steps): 0.0132	--FDE (10 time steps): 0.0092
--ADE (15 time steps): 0.0139	--FDE (15 time steps): 0.0095
--ADE (20 time steps): 0.0141	--FDE (20 time steps): 0.0091
--ADE (22 time steps): 0.0154	--FDE (22 time steps): 0.0355
--ATE translation: 0.0175
[INFO] New best model (ATE)! Checkpoint saved to ./results/6_3_Synthetic_Straight_Random_Walk/6_3_9D_Synthetic_Straight_Random_Walk/models/best_checkpoint_epoch_33.pth
[2025-05-24 16:14:07] Epoch: 34		Loss: 2.140134	Loss Translation.: 0.013621	Loss Rotation.: 0.013401	Combined Loss Dist.: 1.351102	Loss Uncertainty: 0.789032
--ADE (5 time steps): 0.0132	--FDE (5 time steps): 0.0103
--ADE (10 time steps): 0.0136	--FDE (10 time steps): 0.0091
--ADE (15 time steps): 0.0142	--FDE (15 time steps): 0.0100
--ADE (20 time steps): 0.0147	--FDE (20 time steps): 0.0099
--ADE (22 time steps): 0.0159	--FDE (22 time steps): 0.0332
--ATE translation: 0.0177
[2025-05-24 16:14:57] Epoch: 35		Loss: 2.102756	Loss Translation.: 0.013664	Loss Rotation.: 0.012778	Combined Loss Dist.: 1.322078	Loss Uncertainty: 0.780678
--ADE (5 time steps): 0.0130	--FDE (5 time steps): 0.0097
--ADE (10 time steps): 0.0135	--FDE (10 time steps): 0.0102
--ADE (15 time steps): 0.0142	--FDE (15 time steps): 0.0102
--ADE (20 time steps): 0.0147	--FDE (20 time steps): 0.0094
--ADE (22 time steps): 0.0158	--FDE (22 time steps): 0.0324
--ATE translation: 0.0175
[INFO] New best model (ATE)! Checkpoint saved to ./results/6_3_Synthetic_Straight_Random_Walk/6_3_9D_Synthetic_Straight_Random_Walk/models/best_checkpoint_epoch_35.pth
[2025-05-24 16:15:48] Epoch: 36		Loss: 2.068381	Loss Translation.: 0.013598	Loss Rotation.: 0.012463	Combined Loss Dist.: 1.303038	Loss Uncertainty: 0.765344
--ADE (5 time steps): 0.0131	--FDE (5 time steps): 0.0107
--ADE (10 time steps): 0.0136	--FDE (10 time steps): 0.0097
--ADE (15 time steps): 0.0143	--FDE (15 time steps): 0.0097
--ADE (20 time steps): 0.0152	--FDE (20 time steps): 0.0089
--ADE (22 time steps): 0.0162	--FDE (22 time steps): 0.0308
--ATE translation: 0.0178
[2025-05-24 16:16:38] Epoch: 37		Loss: 2.052704	Loss Translation.: 0.013534	Loss Rotation.: 0.012379	Combined Loss Dist.: 1.295655	Loss Uncertainty: 0.757049
--ADE (5 time steps): 0.0125	--FDE (5 time steps): 0.0096
--ADE (10 time steps): 0.0130	--FDE (10 time steps): 0.0095
--ADE (15 time steps): 0.0135	--FDE (15 time steps): 0.0099
--ADE (20 time steps): 0.0137	--FDE (20 time steps): 0.0099
--ADE (22 time steps): 0.0148	--FDE (22 time steps): 0.0308
--ATE translation: 0.0165
[INFO] New best model (ATE)! Checkpoint saved to ./results/6_3_Synthetic_Straight_Random_Walk/6_3_9D_Synthetic_Straight_Random_Walk/models/best_checkpoint_epoch_37.pth
[2025-05-24 16:17:28] Epoch: 38		Loss: 2.011823	Loss Translation.: 0.012863	Loss Rotation.: 0.012415	Combined Loss Dist.: 1.263899	Loss Uncertainty: 0.747924
--ADE (5 time steps): 0.0132	--FDE (5 time steps): 0.0103
--ADE (10 time steps): 0.0136	--FDE (10 time steps): 0.0091
--ADE (15 time steps): 0.0140	--FDE (15 time steps): 0.0095
--ADE (20 time steps): 0.0145	--FDE (20 time steps): 0.0099
--ADE (22 time steps): 0.0154	--FDE (22 time steps): 0.0287
--ATE translation: 0.0167
[2025-05-24 16:18:19] Epoch: 39		Loss: 1.991079	Loss Translation.: 0.013117	Loss Rotation.: 0.012010	Combined Loss Dist.: 1.256362	Loss Uncertainty: 0.734717
--ADE (5 time steps): 0.0124	--FDE (5 time steps): 0.0098
--ADE (10 time steps): 0.0128	--FDE (10 time steps): 0.0098
--ADE (15 time steps): 0.0133	--FDE (15 time steps): 0.0092
--ADE (20 time steps): 0.0136	--FDE (20 time steps): 0.0094
--ADE (22 time steps): 0.0146	--FDE (22 time steps): 0.0288
--ATE translation: 0.0159
[INFO] New best model (ATE)! Checkpoint saved to ./results/6_3_Synthetic_Straight_Random_Walk/6_3_9D_Synthetic_Straight_Random_Walk/models/best_checkpoint_epoch_39.pth
[2025-05-24 16:19:09] Epoch: 40		Loss: 1.966367	Loss Translation.: 0.012919	Loss Rotation.: 0.011905	Combined Loss Dist.: 1.241209	Loss Uncertainty: 0.725158
--ADE (5 time steps): 0.0124	--FDE (5 time steps): 0.0090
--ADE (10 time steps): 0.0128	--FDE (10 time steps): 0.0095
--ADE (15 time steps): 0.0132	--FDE (15 time steps): 0.0092
--ADE (20 time steps): 0.0136	--FDE (20 time steps): 0.0087
--ADE (22 time steps): 0.0144	--FDE (22 time steps): 0.0267
--ATE translation: 0.0158
[INFO] New best model (ATE)! Checkpoint saved to ./results/6_3_Synthetic_Straight_Random_Walk/6_3_9D_Synthetic_Straight_Random_Walk/models/best_checkpoint_epoch_40.pth
[2025-05-24 16:19:59] Epoch: 41		Loss: 1.902136	Loss Translation.: 0.012081	Loss Rotation.: 0.011695	Combined Loss Dist.: 1.188810	Loss Uncertainty: 0.713326
--ADE (5 time steps): 0.0121	--FDE (5 time steps): 0.0087
--ADE (10 time steps): 0.0124	--FDE (10 time steps): 0.0085
--ADE (15 time steps): 0.0126	--FDE (15 time steps): 0.0087
--ADE (20 time steps): 0.0128	--FDE (20 time steps): 0.0089
--ADE (22 time steps): 0.0137	--FDE (22 time steps): 0.0274
--ATE translation: 0.0154
[INFO] New best model (ATE)! Checkpoint saved to ./results/6_3_Synthetic_Straight_Random_Walk/6_3_9D_Synthetic_Straight_Random_Walk/models/best_checkpoint_epoch_41.pth
[2025-05-24 16:20:50] Epoch: 42		Loss: 1.839894	Loss Translation.: 0.011209	Loss Rotation.: 0.011485	Combined Loss Dist.: 1.134682	Loss Uncertainty: 0.705212
--ADE (5 time steps): 0.0113	--FDE (5 time steps): 0.0086
--ADE (10 time steps): 0.0118	--FDE (10 time steps): 0.0093
--ADE (15 time steps): 0.0123	--FDE (15 time steps): 0.0101
--ADE (20 time steps): 0.0125	--FDE (20 time steps): 0.0095
--ADE (22 time steps): 0.0134	--FDE (22 time steps): 0.0260
--ATE translation: 0.0147
[INFO] New best model (ATE)! Checkpoint saved to ./results/6_3_Synthetic_Straight_Random_Walk/6_3_9D_Synthetic_Straight_Random_Walk/models/best_checkpoint_epoch_42.pth
[2025-05-24 16:21:40] Epoch: 43		Loss: 1.812588	Loss Translation.: 0.010932	Loss Rotation.: 0.011378	Combined Loss Dist.: 1.115516	Loss Uncertainty: 0.697072
--ADE (5 time steps): 0.0110	--FDE (5 time steps): 0.0088
--ADE (10 time steps): 0.0112	--FDE (10 time steps): 0.0086
--ADE (15 time steps): 0.0113	--FDE (15 time steps): 0.0089
--ADE (20 time steps): 0.0116	--FDE (20 time steps): 0.0086
--ADE (22 time steps): 0.0124	--FDE (22 time steps): 0.0253
--ATE translation: 0.0137
[INFO] New best model (ATE)! Checkpoint saved to ./results/6_3_Synthetic_Straight_Random_Walk/6_3_9D_Synthetic_Straight_Random_Walk/models/best_checkpoint_epoch_43.pth
[2025-05-24 16:22:31] Epoch: 44		Loss: 1.766839	Loss Translation.: 0.010333	Loss Rotation.: 0.011227	Combined Loss Dist.: 1.077980	Loss Uncertainty: 0.688859
--ADE (5 time steps): 0.0109	--FDE (5 time steps): 0.0089
--ADE (10 time steps): 0.0110	--FDE (10 time steps): 0.0088
--ADE (15 time steps): 0.0112	--FDE (15 time steps): 0.0090
--ADE (20 time steps): 0.0113	--FDE (20 time steps): 0.0087
--ADE (22 time steps): 0.0121	--FDE (22 time steps): 0.0249
--ATE translation: 0.0135
[INFO] New best model (ATE)! Checkpoint saved to ./results/6_3_Synthetic_Straight_Random_Walk/6_3_9D_Synthetic_Straight_Random_Walk/models/best_checkpoint_epoch_44.pth
[2025-05-24 16:23:21] Epoch: 45		Loss: 1.757545	Loss Translation.: 0.010235	Loss Rotation.: 0.011280	Combined Loss Dist.: 1.075762	Loss Uncertainty: 0.681783
--ADE (5 time steps): 0.0113	--FDE (5 time steps): 0.0088
--ADE (10 time steps): 0.0113	--FDE (10 time steps): 0.0087
--ADE (15 time steps): 0.0115	--FDE (15 time steps): 0.0089
--ADE (20 time steps): 0.0119	--FDE (20 time steps): 0.0092
--ADE (22 time steps): 0.0128	--FDE (22 time steps): 0.0259
--ATE translation: 0.0141
[2025-05-24 16:24:11] Epoch: 46		Loss: 1.728639	Loss Translation.: 0.009881	Loss Rotation.: 0.011216	Combined Loss Dist.: 1.054841	Loss Uncertainty: 0.673797
--ADE (5 time steps): 0.0102	--FDE (5 time steps): 0.0085
--ADE (10 time steps): 0.0104	--FDE (10 time steps): 0.0081
--ADE (15 time steps): 0.0105	--FDE (15 time steps): 0.0083
--ADE (20 time steps): 0.0108	--FDE (20 time steps): 0.0089
--ADE (22 time steps): 0.0117	--FDE (22 time steps): 0.0243
--ATE translation: 0.0130
[INFO] New best model (ATE)! Checkpoint saved to ./results/6_3_Synthetic_Straight_Random_Walk/6_3_9D_Synthetic_Straight_Random_Walk/models/best_checkpoint_epoch_46.pth
[2025-05-24 16:25:02] Epoch: 47		Loss: 1.717007	Loss Translation.: 0.009886	Loss Rotation.: 0.011130	Combined Loss Dist.: 1.050810	Loss Uncertainty: 0.666197
--ADE (5 time steps): 0.0112	--FDE (5 time steps): 0.0089
--ADE (10 time steps): 0.0114	--FDE (10 time steps): 0.0096
--ADE (15 time steps): 0.0116	--FDE (15 time steps): 0.0096
--ADE (20 time steps): 0.0118	--FDE (20 time steps): 0.0097
--ADE (22 time steps): 0.0126	--FDE (22 time steps): 0.0239
--ATE translation: 0.0137
[2025-05-24 16:25:52] Epoch: 48		Loss: 1.705839	Loss Translation.: 0.009899	Loss Rotation.: 0.011047	Combined Loss Dist.: 1.047285	Loss Uncertainty: 0.658554
--ADE (5 time steps): 0.0106	--FDE (5 time steps): 0.0091
--ADE (10 time steps): 0.0109	--FDE (10 time steps): 0.0092
--ADE (15 time steps): 0.0112	--FDE (15 time steps): 0.0093
--ADE (20 time steps): 0.0116	--FDE (20 time steps): 0.0093
--ADE (22 time steps): 0.0125	--FDE (22 time steps): 0.0265
--ATE translation: 0.0138
[2025-05-24 16:26:43] Epoch: 49		Loss: 1.659626	Loss Translation.: 0.009325	Loss Rotation.: 0.010826	Combined Loss Dist.: 1.007549	Loss Uncertainty: 0.652077
--ADE (5 time steps): 0.0099	--FDE (5 time steps): 0.0085
--ADE (10 time steps): 0.0100	--FDE (10 time steps): 0.0088
--ADE (15 time steps): 0.0103	--FDE (15 time steps): 0.0089
--ADE (20 time steps): 0.0104	--FDE (20 time steps): 0.0088
--ADE (22 time steps): 0.0112	--FDE (22 time steps): 0.0235
--ATE translation: 0.0124
[INFO] New best model (ATE)! Checkpoint saved to ./results/6_3_Synthetic_Straight_Random_Walk/6_3_9D_Synthetic_Straight_Random_Walk/models/best_checkpoint_epoch_49.pth
[2025-05-24 16:27:33] Epoch: 50		Loss: 1.630272	Loss Translation.: 0.008874	Loss Rotation.: 0.010795	Combined Loss Dist.: 0.983466	Loss Uncertainty: 0.646807
--ADE (5 time steps): 0.0099	--FDE (5 time steps): 0.0084
--ADE (10 time steps): 0.0102	--FDE (10 time steps): 0.0086
--ADE (15 time steps): 0.0104	--FDE (15 time steps): 0.0089
--ADE (20 time steps): 0.0106	--FDE (20 time steps): 0.0091
--ADE (22 time steps): 0.0114	--FDE (22 time steps): 0.0232
--ATE translation: 0.0126
[2025-05-24 16:28:23] Epoch: 51		Loss: 1.612999	Loss Translation.: 0.008661	Loss Rotation.: 0.010774	Combined Loss Dist.: 0.971739	Loss Uncertainty: 0.641260
--ADE (5 time steps): 0.0094	--FDE (5 time steps): 0.0080
--ADE (10 time steps): 0.0096	--FDE (10 time steps): 0.0083
--ADE (15 time steps): 0.0097	--FDE (15 time steps): 0.0086
--ADE (20 time steps): 0.0099	--FDE (20 time steps): 0.0085
--ADE (22 time steps): 0.0108	--FDE (22 time steps): 0.0229
--ATE translation: 0.0120
[INFO] New best model (ATE)! Checkpoint saved to ./results/6_3_Synthetic_Straight_Random_Walk/6_3_9D_Synthetic_Straight_Random_Walk/models/best_checkpoint_epoch_51.pth
[2025-05-24 16:29:14] Epoch: 52		Loss: 1.597247	Loss Translation.: 0.008530	Loss Rotation.: 0.010689	Combined Loss Dist.: 0.960961	Loss Uncertainty: 0.636286
--ADE (5 time steps): 0.0089	--FDE (5 time steps): 0.0077
--ADE (10 time steps): 0.0091	--FDE (10 time steps): 0.0079
--ADE (15 time steps): 0.0093	--FDE (15 time steps): 0.0080
--ADE (20 time steps): 0.0095	--FDE (20 time steps): 0.0082
--ADE (22 time steps): 0.0103	--FDE (22 time steps): 0.0227
--ATE translation: 0.0116
[INFO] New best model (ATE)! Checkpoint saved to ./results/6_3_Synthetic_Straight_Random_Walk/6_3_9D_Synthetic_Straight_Random_Walk/models/best_checkpoint_epoch_52.pth
[2025-05-24 16:30:04] Epoch: 53		Loss: 1.585763	Loss Translation.: 0.008430	Loss Rotation.: 0.010650	Combined Loss Dist.: 0.953980	Loss Uncertainty: 0.631783
--ADE (5 time steps): 0.0091	--FDE (5 time steps): 0.0078
--ADE (10 time steps): 0.0092	--FDE (10 time steps): 0.0079
--ADE (15 time steps): 0.0094	--FDE (15 time steps): 0.0079
--ADE (20 time steps): 0.0095	--FDE (20 time steps): 0.0081
--ADE (22 time steps): 0.0104	--FDE (22 time steps): 0.0229
--ATE translation: 0.0116
[2025-05-24 16:30:55] Epoch: 54		Loss: 1.566110	Loss Translation.: 0.008198	Loss Rotation.: 0.010595	Combined Loss Dist.: 0.939634	Loss Uncertainty: 0.626476
--ADE (5 time steps): 0.0089	--FDE (5 time steps): 0.0080
--ADE (10 time steps): 0.0091	--FDE (10 time steps): 0.0081
--ADE (15 time steps): 0.0093	--FDE (15 time steps): 0.0083
--ADE (20 time steps): 0.0094	--FDE (20 time steps): 0.0085
--ADE (22 time steps): 0.0103	--FDE (22 time steps): 0.0231
--ATE translation: 0.0115
[INFO] New best model (ATE)! Checkpoint saved to ./results/6_3_Synthetic_Straight_Random_Walk/6_3_9D_Synthetic_Straight_Random_Walk/models/best_checkpoint_epoch_54.pth
[2025-05-24 16:31:45] Epoch: 55		Loss: 1.555561	Loss Translation.: 0.008110	Loss Rotation.: 0.010564	Combined Loss Dist.: 0.933702	Loss Uncertainty: 0.621860
--ADE (5 time steps): 0.0088	--FDE (5 time steps): 0.0079
--ADE (10 time steps): 0.0089	--FDE (10 time steps): 0.0079
--ADE (15 time steps): 0.0091	--FDE (15 time steps): 0.0080
--ADE (20 time steps): 0.0092	--FDE (20 time steps): 0.0080
--ADE (22 time steps): 0.0100	--FDE (22 time steps): 0.0225
--ATE translation: 0.0112
[INFO] New best model (ATE)! Checkpoint saved to ./results/6_3_Synthetic_Straight_Random_Walk/6_3_9D_Synthetic_Straight_Random_Walk/models/best_checkpoint_epoch_55.pth
[2025-05-24 16:32:35] Epoch: 56		Loss: 1.542569	Loss Translation.: 0.008001	Loss Rotation.: 0.010512	Combined Loss Dist.: 0.925649	Loss Uncertainty: 0.616920
--ADE (5 time steps): 0.0087	--FDE (5 time steps): 0.0077
--ADE (10 time steps): 0.0089	--FDE (10 time steps): 0.0080
--ADE (15 time steps): 0.0090	--FDE (15 time steps): 0.0080
--ADE (20 time steps): 0.0092	--FDE (20 time steps): 0.0082
--ADE (22 time steps): 0.0100	--FDE (22 time steps): 0.0230
--ATE translation: 0.0113
[2025-05-24 16:33:26] Epoch: 57		Loss: 1.520760	Loss Translation.: 0.007740	Loss Rotation.: 0.010412	Combined Loss Dist.: 0.907585	Loss Uncertainty: 0.613175
--ADE (5 time steps): 0.0085	--FDE (5 time steps): 0.0076
--ADE (10 time steps): 0.0087	--FDE (10 time steps): 0.0077
--ADE (15 time steps): 0.0088	--FDE (15 time steps): 0.0078
--ADE (20 time steps): 0.0089	--FDE (20 time steps): 0.0079
--ADE (22 time steps): 0.0097	--FDE (22 time steps): 0.0222
--ATE translation: 0.0110
[INFO] New best model (ATE)! Checkpoint saved to ./results/6_3_Synthetic_Straight_Random_Walk/6_3_9D_Synthetic_Straight_Random_Walk/models/best_checkpoint_epoch_57.pth
[2025-05-24 16:34:16] Epoch: 58		Loss: 1.510523	Loss Translation.: 0.007637	Loss Rotation.: 0.010364	Combined Loss Dist.: 0.900037	Loss Uncertainty: 0.610486
--ADE (5 time steps): 0.0085	--FDE (5 time steps): 0.0077
--ADE (10 time steps): 0.0087	--FDE (10 time steps): 0.0078
--ADE (15 time steps): 0.0088	--FDE (15 time steps): 0.0078
--ADE (20 time steps): 0.0090	--FDE (20 time steps): 0.0080
--ADE (22 time steps): 0.0098	--FDE (22 time steps): 0.0224
--ATE translation: 0.0111
[2025-05-24 16:35:06] Epoch: 59		Loss: 1.506135	Loss Translation.: 0.007633	Loss Rotation.: 0.010332	Combined Loss Dist.: 0.898272	Loss Uncertainty: 0.607863
--ADE (5 time steps): 0.0085	--FDE (5 time steps): 0.0076
--ADE (10 time steps): 0.0086	--FDE (10 time steps): 0.0078
--ADE (15 time steps): 0.0088	--FDE (15 time steps): 0.0079
--ADE (20 time steps): 0.0090	--FDE (20 time steps): 0.0081
--ADE (22 time steps): 0.0098	--FDE (22 time steps): 0.0228
--ATE translation: 0.0111
[2025-05-24 16:35:56] Epoch: 60		Loss: 1.500867	Loss Translation.: 0.007581	Loss Rotation.: 0.010333	Combined Loss Dist.: 0.895726	Loss Uncertainty: 0.605141
--ADE (5 time steps): 0.0085	--FDE (5 time steps): 0.0076
--ADE (10 time steps): 0.0086	--FDE (10 time steps): 0.0077
--ADE (15 time steps): 0.0088	--FDE (15 time steps): 0.0078
--ADE (20 time steps): 0.0089	--FDE (20 time steps): 0.0079
--ADE (22 time steps): 0.0097	--FDE (22 time steps): 0.0225
--ATE translation: 0.0110
[2025-05-24 16:36:47] Epoch: 61		Loss: 1.493527	Loss Translation.: 0.007522	Loss Rotation.: 0.010302	Combined Loss Dist.: 0.891194	Loss Uncertainty: 0.602333
--ADE (5 time steps): 0.0084	--FDE (5 time steps): 0.0075
--ADE (10 time steps): 0.0085	--FDE (10 time steps): 0.0076
--ADE (15 time steps): 0.0087	--FDE (15 time steps): 0.0078
--ADE (20 time steps): 0.0088	--FDE (20 time steps): 0.0078
--ADE (22 time steps): 0.0096	--FDE (22 time steps): 0.0221
--ATE translation: 0.0109
[INFO] New best model (ATE)! Checkpoint saved to ./results/6_3_Synthetic_Straight_Random_Walk/6_3_9D_Synthetic_Straight_Random_Walk/models/best_checkpoint_epoch_61.pth
[2025-05-24 16:37:37] Epoch: 62		Loss: 1.488044	Loss Translation.: 0.007484	Loss Rotation.: 0.010286	Combined Loss Dist.: 0.888473	Loss Uncertainty: 0.599571
--ADE (5 time steps): 0.0085	--FDE (5 time steps): 0.0076
--ADE (10 time steps): 0.0086	--FDE (10 time steps): 0.0077
--ADE (15 time steps): 0.0088	--FDE (15 time steps): 0.0079
--ADE (20 time steps): 0.0089	--FDE (20 time steps): 0.0079
--ADE (22 time steps): 0.0097	--FDE (22 time steps): 0.0223
--ATE translation: 0.0110
[2025-05-24 16:38:27] Epoch: 63		Loss: 1.480839	Loss Translation.: 0.007434	Loss Rotation.: 0.010248	Combined Loss Dist.: 0.884130	Loss Uncertainty: 0.596710
--ADE (5 time steps): 0.0084	--FDE (5 time steps): 0.0075
--ADE (10 time steps): 0.0085	--FDE (10 time steps): 0.0077
--ADE (15 time steps): 0.0086	--FDE (15 time steps): 0.0078
--ADE (20 time steps): 0.0088	--FDE (20 time steps): 0.0078
--ADE (22 time steps): 0.0096	--FDE (22 time steps): 0.0225
--ATE translation: 0.0109
[2025-05-24 16:39:18] Epoch: 64		Loss: 1.478109	Loss Translation.: 0.007440	Loss Rotation.: 0.010237	Combined Loss Dist.: 0.883864	Loss Uncertainty: 0.594245
--ADE (5 time steps): 0.0083	--FDE (5 time steps): 0.0075
--ADE (10 time steps): 0.0085	--FDE (10 time steps): 0.0076
--ADE (15 time steps): 0.0086	--FDE (15 time steps): 0.0078
--ADE (20 time steps): 0.0088	--FDE (20 time steps): 0.0077
--ADE (22 time steps): 0.0096	--FDE (22 time steps): 0.0224
--ATE translation: 0.0109
[INFO] New best model (ATE)! Checkpoint saved to ./results/6_3_Synthetic_Straight_Random_Walk/6_3_9D_Synthetic_Straight_Random_Walk/models/best_checkpoint_epoch_64.pth
[2025-05-24 16:40:08] Epoch: 65		Loss: 1.467242	Loss Translation.: 0.007302	Loss Rotation.: 0.010199	Combined Loss Dist.: 0.875075	Loss Uncertainty: 0.592167
--ADE (5 time steps): 0.0084	--FDE (5 time steps): 0.0076
--ADE (10 time steps): 0.0085	--FDE (10 time steps): 0.0077
--ADE (15 time steps): 0.0086	--FDE (15 time steps): 0.0078
--ADE (20 time steps): 0.0087	--FDE (20 time steps): 0.0077
--ADE (22 time steps): 0.0095	--FDE (22 time steps): 0.0219
--ATE translation: 0.0108
[INFO] New best model (ATE)! Checkpoint saved to ./results/6_3_Synthetic_Straight_Random_Walk/6_3_9D_Synthetic_Straight_Random_Walk/models/best_checkpoint_epoch_65.pth
[2025-05-24 16:40:58] Epoch: 66		Loss: 1.463345	Loss Translation.: 0.007268	Loss Rotation.: 0.010186	Combined Loss Dist.: 0.872705	Loss Uncertainty: 0.590640
--ADE (5 time steps): 0.0083	--FDE (5 time steps): 0.0075
--ADE (10 time steps): 0.0085	--FDE (10 time steps): 0.0077
--ADE (15 time steps): 0.0086	--FDE (15 time steps): 0.0078
--ADE (20 time steps): 0.0087	--FDE (20 time steps): 0.0077
--ADE (22 time steps): 0.0095	--FDE (22 time steps): 0.0219
--ATE translation: 0.0107
[INFO] New best model (ATE)! Checkpoint saved to ./results/6_3_Synthetic_Straight_Random_Walk/6_3_9D_Synthetic_Straight_Random_Walk/models/best_checkpoint_epoch_66.pth
[2025-05-24 16:41:49] Epoch: 67		Loss: 1.460098	Loss Translation.: 0.007248	Loss Rotation.: 0.010172	Combined Loss Dist.: 0.870951	Loss Uncertainty: 0.589147
--ADE (5 time steps): 0.0084	--FDE (5 time steps): 0.0076
--ADE (10 time steps): 0.0085	--FDE (10 time steps): 0.0077
--ADE (15 time steps): 0.0086	--FDE (15 time steps): 0.0078
--ADE (20 time steps): 0.0087	--FDE (20 time steps): 0.0078
--ADE (22 time steps): 0.0095	--FDE (22 time steps): 0.0219
--ATE translation: 0.0108
[2025-05-24 16:42:39] Epoch: 68		Loss: 1.457385	Loss Translation.: 0.007238	Loss Rotation.: 0.010157	Combined Loss Dist.: 0.869767	Loss Uncertainty: 0.587618
--ADE (5 time steps): 0.0084	--FDE (5 time steps): 0.0076
--ADE (10 time steps): 0.0085	--FDE (10 time steps): 0.0077
--ADE (15 time steps): 0.0086	--FDE (15 time steps): 0.0078
--ADE (20 time steps): 0.0087	--FDE (20 time steps): 0.0077
--ADE (22 time steps): 0.0095	--FDE (22 time steps): 0.0218
--ATE translation: 0.0107
[2025-05-24 16:43:29] Epoch: 69		Loss: 1.454481	Loss Translation.: 0.007221	Loss Rotation.: 0.010146	Combined Loss Dist.: 0.868358	Loss Uncertainty: 0.586123
--ADE (5 time steps): 0.0084	--FDE (5 time steps): 0.0076
--ADE (10 time steps): 0.0085	--FDE (10 time steps): 0.0077
--ADE (15 time steps): 0.0086	--FDE (15 time steps): 0.0078
--ADE (20 time steps): 0.0087	--FDE (20 time steps): 0.0077
--ADE (22 time steps): 0.0095	--FDE (22 time steps): 0.0218
--ATE translation: 0.0107
[INFO] New best model (ATE)! Checkpoint saved to ./results/6_3_Synthetic_Straight_Random_Walk/6_3_9D_Synthetic_Straight_Random_Walk/models/best_checkpoint_epoch_69.pth
[2025-05-24 16:44:20] Epoch: 70		Loss: 1.451545	Loss Translation.: 0.007197	Loss Rotation.: 0.010141	Combined Loss Dist.: 0.866915	Loss Uncertainty: 0.584630
--ADE (5 time steps): 0.0083	--FDE (5 time steps): 0.0075
--ADE (10 time steps): 0.0084	--FDE (10 time steps): 0.0077
--ADE (15 time steps): 0.0086	--FDE (15 time steps): 0.0078
--ADE (20 time steps): 0.0087	--FDE (20 time steps): 0.0077
--ADE (22 time steps): 0.0095	--FDE (22 time steps): 0.0218
--ATE translation: 0.0107
[INFO] New best model (ATE)! Checkpoint saved to ./results/6_3_Synthetic_Straight_Random_Walk/6_3_9D_Synthetic_Straight_Random_Walk/models/best_checkpoint_epoch_70.pth
[2025-05-24 16:45:10] Epoch: 71		Loss: 1.448707	Loss Translation.: 0.007180	Loss Rotation.: 0.010132	Combined Loss Dist.: 0.865559	Loss Uncertainty: 0.583148
--ADE (5 time steps): 0.0084	--FDE (5 time steps): 0.0076
--ADE (10 time steps): 0.0085	--FDE (10 time steps): 0.0077
--ADE (15 time steps): 0.0086	--FDE (15 time steps): 0.0078
--ADE (20 time steps): 0.0087	--FDE (20 time steps): 0.0077
--ADE (22 time steps): 0.0095	--FDE (22 time steps): 0.0218
--ATE translation: 0.0107
[2025-05-24 16:46:00] Epoch: 72		Loss: 1.446539	Loss Translation.: 0.007174	Loss Rotation.: 0.010123	Combined Loss Dist.: 0.864842	Loss Uncertainty: 0.581697
--ADE (5 time steps): 0.0083	--FDE (5 time steps): 0.0076
--ADE (10 time steps): 0.0085	--FDE (10 time steps): 0.0077
--ADE (15 time steps): 0.0086	--FDE (15 time steps): 0.0078
--ADE (20 time steps): 0.0087	--FDE (20 time steps): 0.0077
--ADE (22 time steps): 0.0095	--FDE (22 time steps): 0.0219
--ATE translation: 0.0107
[2025-05-24 16:46:51] Epoch: 73		Loss: 1.441231	Loss Translation.: 0.007117	Loss Rotation.: 0.010097	Combined Loss Dist.: 0.860725	Loss Uncertainty: 0.580507
--ADE (5 time steps): 0.0083	--FDE (5 time steps): 0.0075
--ADE (10 time steps): 0.0084	--FDE (10 time steps): 0.0076
--ADE (15 time steps): 0.0085	--FDE (15 time steps): 0.0077
--ADE (20 time steps): 0.0086	--FDE (20 time steps): 0.0076
--ADE (22 time steps): 0.0094	--FDE (22 time steps): 0.0219
--ATE translation: 0.0107
[INFO] New best model (ATE)! Checkpoint saved to ./results/6_3_Synthetic_Straight_Random_Walk/6_3_9D_Synthetic_Straight_Random_Walk/models/best_checkpoint_epoch_73.pth
[2025-05-24 16:47:41] Epoch: 74		Loss: 1.438967	Loss Translation.: 0.007097	Loss Rotation.: 0.010088	Combined Loss Dist.: 0.859264	Loss Uncertainty: 0.579703
--ADE (5 time steps): 0.0083	--FDE (5 time steps): 0.0075
--ADE (10 time steps): 0.0084	--FDE (10 time steps): 0.0076
--ADE (15 time steps): 0.0085	--FDE (15 time steps): 0.0078
--ADE (20 time steps): 0.0086	--FDE (20 time steps): 0.0076
--ADE (22 time steps): 0.0094	--FDE (22 time steps): 0.0219
--ATE translation: 0.0107
[2025-05-24 16:48:31] Epoch: 75		Loss: 1.437370	Loss Translation.: 0.007087	Loss Rotation.: 0.010084	Combined Loss Dist.: 0.858513	Loss Uncertainty: 0.578857
--ADE (5 time steps): 0.0083	--FDE (5 time steps): 0.0075
--ADE (10 time steps): 0.0084	--FDE (10 time steps): 0.0076
--ADE (15 time steps): 0.0085	--FDE (15 time steps): 0.0077
--ADE (20 time steps): 0.0086	--FDE (20 time steps): 0.0076
--ADE (22 time steps): 0.0094	--FDE (22 time steps): 0.0220
--ATE translation: 0.0107
[2025-05-24 16:49:21] Epoch: 76		Loss: 1.435655	Loss Translation.: 0.007075	Loss Rotation.: 0.010079	Combined Loss Dist.: 0.857653	Loss Uncertainty: 0.578002
--ADE (5 time steps): 0.0083	--FDE (5 time steps): 0.0075
--ADE (10 time steps): 0.0084	--FDE (10 time steps): 0.0076
--ADE (15 time steps): 0.0085	--FDE (15 time steps): 0.0077
--ADE (20 time steps): 0.0086	--FDE (20 time steps): 0.0076
--ADE (22 time steps): 0.0094	--FDE (22 time steps): 0.0220
--ATE translation: 0.0107
[INFO] New best model (ATE)! Checkpoint saved to ./results/6_3_Synthetic_Straight_Random_Walk/6_3_9D_Synthetic_Straight_Random_Walk/models/best_checkpoint_epoch_76.pth
[2025-05-24 16:50:12] Epoch: 77		Loss: 1.434131	Loss Translation.: 0.007067	Loss Rotation.: 0.010073	Combined Loss Dist.: 0.856999	Loss Uncertainty: 0.577132
--ADE (5 time steps): 0.0083	--FDE (5 time steps): 0.0075
--ADE (10 time steps): 0.0084	--FDE (10 time steps): 0.0076
--ADE (15 time steps): 0.0085	--FDE (15 time steps): 0.0077
--ADE (20 time steps): 0.0086	--FDE (20 time steps): 0.0076
--ADE (22 time steps): 0.0094	--FDE (22 time steps): 0.0220
--ATE translation: 0.0107
[2025-05-24 16:51:02] Epoch: 78		Loss: 1.432548	Loss Translation.: 0.007057	Loss Rotation.: 0.010069	Combined Loss Dist.: 0.856279	Loss Uncertainty: 0.576269
--ADE (5 time steps): 0.0083	--FDE (5 time steps): 0.0075
--ADE (10 time steps): 0.0084	--FDE (10 time steps): 0.0076
--ADE (15 time steps): 0.0085	--FDE (15 time steps): 0.0078
--ADE (20 time steps): 0.0086	--FDE (20 time steps): 0.0076
--ADE (22 time steps): 0.0094	--FDE (22 time steps): 0.0220
--ATE translation: 0.0107
[2025-05-24 16:51:52] Epoch: 79		Loss: 1.431043	Loss Translation.: 0.007048	Loss Rotation.: 0.010064	Combined Loss Dist.: 0.855620	Loss Uncertainty: 0.575423
--ADE (5 time steps): 0.0083	--FDE (5 time steps): 0.0075
--ADE (10 time steps): 0.0084	--FDE (10 time steps): 0.0076
--ADE (15 time steps): 0.0085	--FDE (15 time steps): 0.0077
--ADE (20 time steps): 0.0086	--FDE (20 time steps): 0.0076
--ADE (22 time steps): 0.0094	--FDE (22 time steps): 0.0220
--ATE translation: 0.0107
[INFO] New best model (ATE)! Checkpoint saved to ./results/6_3_Synthetic_Straight_Random_Walk/6_3_9D_Synthetic_Straight_Random_Walk/models/best_checkpoint_epoch_79.pth
[2025-05-24 16:52:43] Epoch: 80		Loss: 1.429518	Loss Translation.: 0.007040	Loss Rotation.: 0.010058	Combined Loss Dist.: 0.854928	Loss Uncertainty: 0.574590
--ADE (5 time steps): 0.0083	--FDE (5 time steps): 0.0075
--ADE (10 time steps): 0.0084	--FDE (10 time steps): 0.0076
--ADE (15 time steps): 0.0085	--FDE (15 time steps): 0.0078
--ADE (20 time steps): 0.0086	--FDE (20 time steps): 0.0076
--ADE (22 time steps): 0.0094	--FDE (22 time steps): 0.0220
--ATE translation: 0.0106
[INFO] New best model (ATE)! Checkpoint saved to ./results/6_3_Synthetic_Straight_Random_Walk/6_3_9D_Synthetic_Straight_Random_Walk/models/best_checkpoint_epoch_80.pth

JOB STATISTICS
==============
Job ID: 12012306
Cluster: snellius
User/Group: scur2440/scur2440
State: COMPLETED (exit code 0)
Nodes: 1
Cores per node: 18
CPU Utilized: 01:08:09
CPU Efficiency: 5.58% of 20:21:36 core-walltime
Job Wall-clock time: 01:07:52
Memory Utilized: 3.19 GB
Memory Efficiency: 2.66% of 120.00 GB (120.00 GB/node)
