***************************************************************************************************** 
* WARNING: The 2022 software stack is deprecated. Please consider switching to
the latest 2024 * 
* software stack, or the older 2023 software stack. * 
* * 
* If you have any question, please contact us via
http://servicedesk.surfsara.nl. * 
***************************************************************************************************** 

Configuration:
description: LED
results_root_dir: results
dataset: synthetic
dimensions: 7
past_frames: 10
future_frames: 22
min_past_frames: 10
min_future_frames: 22
k_preds: 30
synthetic_gt: straight
synthetic_noise: random_independent
traj_mean: [14, 7.5]
traj_scale: 1
relative: False
normalised: False
overfitting: False
selected_trajectories: False
pretrained_core_denoising_model: ./results/checkpoints/base_diffusion_model.p
debug: False
diffusion: {'steps': 150, 'beta_start': 0.0001, 'beta_end': 0.05, 'beta_schedule': 'linear'}
lr: 0.0001
train_batch_size: 128
test_batch_size: 128
num_epochs: 80
test_interval: 1
lr_scheduler: step
decay_step: 8
decay_gamma: 0.5

[INFO] SYNTHETIC dataset (1 agent).
Overfitting: False
[WARNING] Relativised / normalised loading not implemented for synthetic dataset. Poses are converted to relative within pipeline (data_preprocess).
Assumes homogenous-matrix from
Len dataset: 8000
Overfitting: False
[WARNING] Relativised / normalised loading not implemented for synthetic dataset. Poses are converted to relative within pipeline (data_preprocess).
Assumes homogenous-matrix from
Len dataset: 1000
[INFO] Now using random trajectory shuffling.


[INFO] SYNTHETIC dataset - skip subtracting mean from absolute positions.
[INFO] Training from scratch - without pretrained models (Not NBA with frame standard configs)

[Core Denoising Model] Trainable/Total: 6584760/6584760
[Initialization Model] Trainable/Total: 8576319/8576319
[2025-05-24 15:46:16] Epoch: 1		Loss: 20.722900	Loss Translation.: 0.284005	Loss Rotation.: 0.072375	Combined Loss Dist.: 17.819000	Loss Uncertainty: 2.903900
--ADE (5 time steps): 0.0968	--FDE (5 time steps): 0.0761
--ADE (10 time steps): 0.0961	--FDE (10 time steps): 0.0883
--ADE (15 time steps): 0.0954	--FDE (15 time steps): 0.0931
--ADE (20 time steps): 0.0988	--FDE (20 time steps): 0.1263
--ADE (22 time steps): 0.1999	--FDE (22 time steps): 0.7459
--ATE translation: 0.4951
[2025-05-24 15:47:06] Epoch: 2		Loss: 7.162548	Loss Translation.: 0.084654	Loss Rotation.: 0.016535	Combined Loss Dist.: 5.059468	Loss Uncertainty: 2.103080
--ADE (5 time steps): 0.0584	--FDE (5 time steps): 0.0477
--ADE (10 time steps): 0.0671	--FDE (10 time steps): 0.0505
--ADE (15 time steps): 0.0676	--FDE (15 time steps): 0.0476
--ADE (20 time steps): 0.0701	--FDE (20 time steps): 0.0525
--ADE (22 time steps): 0.1302	--FDE (22 time steps): 0.1125
--ATE translation: 0.3046
[INFO] New best model (ATE)! Checkpoint saved to ./results/6_3_Synthetic_Straight_Random_Independent/6_3_9D_Synthetic_Straight_Random_Independent/models/best_checkpoint_epoch_2.pth
[2025-05-24 15:47:57] Epoch: 3		Loss: 6.185017	Loss Translation.: 0.071965	Loss Rotation.: 0.015719	Combined Loss Dist.: 4.384199	Loss Uncertainty: 1.800817
--ADE (5 time steps): 0.0466	--FDE (5 time steps): 0.0403
--ADE (10 time steps): 0.0495	--FDE (10 time steps): 0.0377
--ADE (15 time steps): 0.0505	--FDE (15 time steps): 0.0433
--ADE (20 time steps): 0.0519	--FDE (20 time steps): 0.0497
--ADE (22 time steps): 0.0578	--FDE (22 time steps): 0.1388
--ATE translation: 0.0672
[INFO] New best model (ATE)! Checkpoint saved to ./results/6_3_Synthetic_Straight_Random_Independent/6_3_9D_Synthetic_Straight_Random_Independent/models/best_checkpoint_epoch_3.pth
[2025-05-24 15:48:47] Epoch: 4		Loss: 5.750699	Loss Translation.: 0.067204	Loss Rotation.: 0.015675	Combined Loss Dist.: 4.143939	Loss Uncertainty: 1.606760
--ADE (5 time steps): 0.0442	--FDE (5 time steps): 0.0405
--ADE (10 time steps): 0.0497	--FDE (10 time steps): 0.0374
--ADE (15 time steps): 0.0660	--FDE (15 time steps): 0.0380
--ADE (20 time steps): 0.0699	--FDE (20 time steps): 0.0410
--ADE (22 time steps): 0.0724	--FDE (22 time steps): 0.0904
--ATE translation: 0.0761
[2025-05-24 15:49:38] Epoch: 5		Loss: 5.097223	Loss Translation.: 0.056856	Loss Rotation.: 0.015272	Combined Loss Dist.: 3.606415	Loss Uncertainty: 1.490808
--ADE (5 time steps): 0.0386	--FDE (5 time steps): 0.0335
--ADE (10 time steps): 0.0431	--FDE (10 time steps): 0.0307
--ADE (15 time steps): 0.0602	--FDE (15 time steps): 0.0333
--ADE (20 time steps): 0.0628	--FDE (20 time steps): 0.0383
--ADE (22 time steps): 0.0644	--FDE (22 time steps): 0.0738
--ATE translation: 0.0668
[INFO] New best model (ATE)! Checkpoint saved to ./results/6_3_Synthetic_Straight_Random_Independent/6_3_9D_Synthetic_Straight_Random_Independent/models/best_checkpoint_epoch_5.pth
[2025-05-24 15:50:29] Epoch: 6		Loss: 4.758779	Loss Translation.: 0.051520	Loss Rotation.: 0.015368	Combined Loss Dist.: 3.344359	Loss Uncertainty: 1.414421
--ADE (5 time steps): 0.0283	--FDE (5 time steps): 0.0263
--ADE (10 time steps): 0.0318	--FDE (10 time steps): 0.0281
--ADE (15 time steps): 0.0459	--FDE (15 time steps): 0.0322
--ADE (20 time steps): 0.0485	--FDE (20 time steps): 0.0324
--ADE (22 time steps): 0.0498	--FDE (22 time steps): 0.0558
--ATE translation: 0.0513
[INFO] New best model (ATE)! Checkpoint saved to ./results/6_3_Synthetic_Straight_Random_Independent/6_3_9D_Synthetic_Straight_Random_Independent/models/best_checkpoint_epoch_6.pth
[2025-05-24 15:51:19] Epoch: 7		Loss: 4.579781	Loss Translation.: 0.049882	Loss Rotation.: 0.015215	Combined Loss Dist.: 3.254823	Loss Uncertainty: 1.324958
--ADE (5 time steps): 0.0409	--FDE (5 time steps): 0.0408
--ADE (10 time steps): 0.0434	--FDE (10 time steps): 0.0366
--ADE (15 time steps): 0.0486	--FDE (15 time steps): 0.0412
--ADE (20 time steps): 0.0646	--FDE (20 time steps): 0.0411
--ADE (22 time steps): 0.0646	--FDE (22 time steps): 0.0474
--ATE translation: 0.0653
[2025-05-24 15:52:10] Epoch: 8		Loss: 4.541383	Loss Translation.: 0.050708	Loss Rotation.: 0.015085	Combined Loss Dist.: 3.289639	Loss Uncertainty: 1.251744
--ADE (5 time steps): 0.0250	--FDE (5 time steps): 0.0231
--ADE (10 time steps): 0.0273	--FDE (10 time steps): 0.0210
--ADE (15 time steps): 0.0295	--FDE (15 time steps): 0.0209
--ADE (20 time steps): 0.0356	--FDE (20 time steps): 0.0225
--ADE (22 time steps): 0.0355	--FDE (22 time steps): 0.0307
--ATE translation: 0.0369
[INFO] New best model (ATE)! Checkpoint saved to ./results/6_3_Synthetic_Straight_Random_Independent/6_3_9D_Synthetic_Straight_Random_Independent/models/best_checkpoint_epoch_8.pth
[2025-05-24 15:53:00] Epoch: 9		Loss: 3.473353	Loss Translation.: 0.030606	Loss Rotation.: 0.014949	Combined Loss Dist.: 2.277761	Loss Uncertainty: 1.195592
--ADE (5 time steps): 0.0222	--FDE (5 time steps): 0.0199
--ADE (10 time steps): 0.0231	--FDE (10 time steps): 0.0195
--ADE (15 time steps): 0.0244	--FDE (15 time steps): 0.0190
--ADE (20 time steps): 0.0298	--FDE (20 time steps): 0.0196
--ADE (22 time steps): 0.0300	--FDE (22 time steps): 0.0279
--ATE translation: 0.0304
[INFO] New best model (ATE)! Checkpoint saved to ./results/6_3_Synthetic_Straight_Random_Independent/6_3_9D_Synthetic_Straight_Random_Independent/models/best_checkpoint_epoch_9.pth
[2025-05-24 15:53:51] Epoch: 10		Loss: 3.244196	Loss Translation.: 0.026685	Loss Rotation.: 0.014806	Combined Loss Dist.: 2.074533	Loss Uncertainty: 1.169663
--ADE (5 time steps): 0.0202	--FDE (5 time steps): 0.0176
--ADE (10 time steps): 0.0211	--FDE (10 time steps): 0.0161
--ADE (15 time steps): 0.0217	--FDE (15 time steps): 0.0175
--ADE (20 time steps): 0.0294	--FDE (20 time steps): 0.0196
--ADE (22 time steps): 0.0301	--FDE (22 time steps): 0.0240
--ATE translation: 0.0311
[2025-05-24 15:54:41] Epoch: 11		Loss: 3.167619	Loss Translation.: 0.025854	Loss Rotation.: 0.014770	Combined Loss Dist.: 2.031171	Loss Uncertainty: 1.136448
--ADE (5 time steps): 0.0172	--FDE (5 time steps): 0.0143
--ADE (10 time steps): 0.0182	--FDE (10 time steps): 0.0152
--ADE (15 time steps): 0.0193	--FDE (15 time steps): 0.0172
--ADE (20 time steps): 0.0237	--FDE (20 time steps): 0.0199
--ADE (22 time steps): 0.0241	--FDE (22 time steps): 0.0244
--ATE translation: 0.0247
[INFO] New best model (ATE)! Checkpoint saved to ./results/6_3_Synthetic_Straight_Random_Independent/6_3_9D_Synthetic_Straight_Random_Independent/models/best_checkpoint_epoch_11.pth
[2025-05-24 15:55:32] Epoch: 12		Loss: 3.090588	Loss Translation.: 0.024485	Loss Rotation.: 0.014666	Combined Loss Dist.: 1.957568	Loss Uncertainty: 1.133020
--ADE (5 time steps): 0.0185	--FDE (5 time steps): 0.0151
--ADE (10 time steps): 0.0197	--FDE (10 time steps): 0.0156
--ADE (15 time steps): 0.0206	--FDE (15 time steps): 0.0189
--ADE (20 time steps): 0.0245	--FDE (20 time steps): 0.0221
--ADE (22 time steps): 0.0249	--FDE (22 time steps): 0.0255
--ATE translation: 0.0254
[2025-05-24 15:56:22] Epoch: 13		Loss: 3.064336	Loss Translation.: 0.024097	Loss Rotation.: 0.014636	Combined Loss Dist.: 1.936636	Loss Uncertainty: 1.127700
--ADE (5 time steps): 0.0157	--FDE (5 time steps): 0.0132
--ADE (10 time steps): 0.0164	--FDE (10 time steps): 0.0132
--ADE (15 time steps): 0.0167	--FDE (15 time steps): 0.0131
--ADE (20 time steps): 0.0188	--FDE (20 time steps): 0.0141
--ADE (22 time steps): 0.0193	--FDE (22 time steps): 0.0205
--ATE translation: 0.0199
[INFO] New best model (ATE)! Checkpoint saved to ./results/6_3_Synthetic_Straight_Random_Independent/6_3_9D_Synthetic_Straight_Random_Independent/models/best_checkpoint_epoch_13.pth
[2025-05-24 15:57:13] Epoch: 14		Loss: 3.034514	Loss Translation.: 0.024169	Loss Rotation.: 0.014566	Combined Loss Dist.: 1.936773	Loss Uncertainty: 1.097740
--ADE (5 time steps): 0.0172	--FDE (5 time steps): 0.0157
--ADE (10 time steps): 0.0185	--FDE (10 time steps): 0.0153
--ADE (15 time steps): 0.0198	--FDE (15 time steps): 0.0166
--ADE (20 time steps): 0.0278	--FDE (20 time steps): 0.0218
--ADE (22 time steps): 0.0285	--FDE (22 time steps): 0.0272
--ATE translation: 0.0294
[2025-05-24 15:58:03] Epoch: 15		Loss: 3.001043	Loss Translation.: 0.024099	Loss Rotation.: 0.014498	Combined Loss Dist.: 1.929826	Loss Uncertainty: 1.071217
--ADE (5 time steps): 0.0167	--FDE (5 time steps): 0.0141
--ADE (10 time steps): 0.0180	--FDE (10 time steps): 0.0150
--ADE (15 time steps): 0.0189	--FDE (15 time steps): 0.0165
--ADE (20 time steps): 0.0239	--FDE (20 time steps): 0.0192
--ADE (22 time steps): 0.0242	--FDE (22 time steps): 0.0230
--ATE translation: 0.0248
[2025-05-24 15:58:54] Epoch: 16		Loss: 2.996546	Loss Translation.: 0.023683	Loss Rotation.: 0.014428	Combined Loss Dist.: 1.905529	Loss Uncertainty: 1.091017
--ADE (5 time steps): 0.0195	--FDE (5 time steps): 0.0178
--ADE (10 time steps): 0.0204	--FDE (10 time steps): 0.0172
--ADE (15 time steps): 0.0212	--FDE (15 time steps): 0.0197
--ADE (20 time steps): 0.0304	--FDE (20 time steps): 0.0204
--ADE (22 time steps): 0.0310	--FDE (22 time steps): 0.0303
--ATE translation: 0.0320
[2025-05-24 15:59:44] Epoch: 17		Loss: 2.794305	Loss Translation.: 0.019994	Loss Rotation.: 0.014346	Combined Loss Dist.: 1.716986	Loss Uncertainty: 1.077319
--ADE (5 time steps): 0.0137	--FDE (5 time steps): 0.0113
--ADE (10 time steps): 0.0145	--FDE (10 time steps): 0.0115
--ADE (15 time steps): 0.0153	--FDE (15 time steps): 0.0103
--ADE (20 time steps): 0.0164	--FDE (20 time steps): 0.0139
--ADE (22 time steps): 0.0168	--FDE (22 time steps): 0.0200
--ATE translation: 0.0174
[INFO] New best model (ATE)! Checkpoint saved to ./results/6_3_Synthetic_Straight_Random_Independent/6_3_9D_Synthetic_Straight_Random_Independent/models/best_checkpoint_epoch_17.pth
[2025-05-24 16:00:35] Epoch: 18		Loss: 2.584321	Loss Translation.: 0.016341	Loss Rotation.: 0.014196	Combined Loss Dist.: 1.526879	Loss Uncertainty: 1.057443
--ADE (5 time steps): 0.0146	--FDE (5 time steps): 0.0126
--ADE (10 time steps): 0.0159	--FDE (10 time steps): 0.0151
--ADE (15 time steps): 0.0168	--FDE (15 time steps): 0.0154
--ADE (20 time steps): 0.0191	--FDE (20 time steps): 0.0136
--ADE (22 time steps): 0.0194	--FDE (22 time steps): 0.0230
--ATE translation: 0.0199
[2025-05-24 16:01:25] Epoch: 19		Loss: 2.556235	Loss Translation.: 0.016354	Loss Rotation.: 0.014052	Combined Loss Dist.: 1.520309	Loss Uncertainty: 1.035926
--ADE (5 time steps): 0.0127	--FDE (5 time steps): 0.0101
--ADE (10 time steps): 0.0131	--FDE (10 time steps): 0.0106
--ADE (15 time steps): 0.0133	--FDE (15 time steps): 0.0101
--ADE (20 time steps): 0.0146	--FDE (20 time steps): 0.0112
--ADE (22 time steps): 0.0151	--FDE (22 time steps): 0.0181
--ATE translation: 0.0158
[INFO] New best model (ATE)! Checkpoint saved to ./results/6_3_Synthetic_Straight_Random_Independent/6_3_9D_Synthetic_Straight_Random_Independent/models/best_checkpoint_epoch_19.pth
[2025-05-24 16:02:16] Epoch: 20		Loss: 2.600280	Loss Translation.: 0.017881	Loss Rotation.: 0.013996	Combined Loss Dist.: 1.593857	Loss Uncertainty: 1.006423
--ADE (5 time steps): 0.0181	--FDE (5 time steps): 0.0159
--ADE (10 time steps): 0.0193	--FDE (10 time steps): 0.0169
--ADE (15 time steps): 0.0205	--FDE (15 time steps): 0.0208
--ADE (20 time steps): 0.0286	--FDE (20 time steps): 0.0256
--ADE (22 time steps): 0.0297	--FDE (22 time steps): 0.0402
--ATE translation: 0.0309
[2025-05-24 16:03:07] Epoch: 21		Loss: 2.751654	Loss Translation.: 0.021440	Loss Rotation.: 0.013852	Combined Loss Dist.: 1.764627	Loss Uncertainty: 0.987027
--ADE (5 time steps): 0.0121	--FDE (5 time steps): 0.0105
--ADE (10 time steps): 0.0137	--FDE (10 time steps): 0.0131
--ADE (15 time steps): 0.0146	--FDE (15 time steps): 0.0134
--ADE (20 time steps): 0.0189	--FDE (20 time steps): 0.0162
--ADE (22 time steps): 0.0194	--FDE (22 time steps): 0.0245
--ATE translation: 0.0202
[2025-05-24 16:03:57] Epoch: 22		Loss: 2.733789	Loss Translation.: 0.021562	Loss Rotation.: 0.013559	Combined Loss Dist.: 1.756040	Loss Uncertainty: 0.977749
--ADE (5 time steps): 0.0156	--FDE (5 time steps): 0.0151
--ADE (10 time steps): 0.0164	--FDE (10 time steps): 0.0122
--ADE (15 time steps): 0.0168	--FDE (15 time steps): 0.0131
--ADE (20 time steps): 0.0201	--FDE (20 time steps): 0.0151
--ADE (22 time steps): 0.0205	--FDE (22 time steps): 0.0237
--ATE translation: 0.0210
[2025-05-24 16:04:47] Epoch: 23		Loss: 2.679329	Loss Translation.: 0.020960	Loss Rotation.: 0.013397	Combined Loss Dist.: 1.717886	Loss Uncertainty: 0.961443
--ADE (5 time steps): 0.0146	--FDE (5 time steps): 0.0130
--ADE (10 time steps): 0.0152	--FDE (10 time steps): 0.0134
--ADE (15 time steps): 0.0158	--FDE (15 time steps): 0.0133
--ADE (20 time steps): 0.0178	--FDE (20 time steps): 0.0153
--ADE (22 time steps): 0.0183	--FDE (22 time steps): 0.0237
--ATE translation: 0.0188
[2025-05-24 16:05:38] Epoch: 24		Loss: 2.501762	Loss Translation.: 0.017884	Loss Rotation.: 0.013315	Combined Loss Dist.: 1.559965	Loss Uncertainty: 0.941797
--ADE (5 time steps): 0.0131	--FDE (5 time steps): 0.0102
--ADE (10 time steps): 0.0136	--FDE (10 time steps): 0.0112
--ADE (15 time steps): 0.0137	--FDE (15 time steps): 0.0111
--ADE (20 time steps): 0.0144	--FDE (20 time steps): 0.0110
--ADE (22 time steps): 0.0149	--FDE (22 time steps): 0.0198
--ATE translation: 0.0155
[INFO] New best model (ATE)! Checkpoint saved to ./results/6_3_Synthetic_Straight_Random_Independent/6_3_9D_Synthetic_Straight_Random_Independent/models/best_checkpoint_epoch_24.pth
[2025-05-24 16:06:29] Epoch: 25		Loss: 2.240482	Loss Translation.: 0.013298	Loss Rotation.: 0.013052	Combined Loss Dist.: 1.317507	Loss Uncertainty: 0.922975
--ADE (5 time steps): 0.0117	--FDE (5 time steps): 0.0103
--ADE (10 time steps): 0.0122	--FDE (10 time steps): 0.0105
--ADE (15 time steps): 0.0124	--FDE (15 time steps): 0.0100
--ADE (20 time steps): 0.0132	--FDE (20 time steps): 0.0103
--ADE (22 time steps): 0.0137	--FDE (22 time steps): 0.0190
--ATE translation: 0.0144
[INFO] New best model (ATE)! Checkpoint saved to ./results/6_3_Synthetic_Straight_Random_Independent/6_3_9D_Synthetic_Straight_Random_Independent/models/best_checkpoint_epoch_25.pth
[2025-05-24 16:07:19] Epoch: 26		Loss: 2.212886	Loss Translation.: 0.013569	Loss Rotation.: 0.012746	Combined Loss Dist.: 1.315727	Loss Uncertainty: 0.897159
--ADE (5 time steps): 0.0144	--FDE (5 time steps): 0.0130
--ADE (10 time steps): 0.0149	--FDE (10 time steps): 0.0117
--ADE (15 time steps): 0.0154	--FDE (15 time steps): 0.0127
--ADE (20 time steps): 0.0173	--FDE (20 time steps): 0.0132
--ADE (22 time steps): 0.0177	--FDE (22 time steps): 0.0216
--ATE translation: 0.0182
[2025-05-24 16:08:10] Epoch: 27		Loss: 2.176039	Loss Translation.: 0.013381	Loss Rotation.: 0.012494	Combined Loss Dist.: 1.293768	Loss Uncertainty: 0.882271
--ADE (5 time steps): 0.0117	--FDE (5 time steps): 0.0103
--ADE (10 time steps): 0.0120	--FDE (10 time steps): 0.0099
--ADE (15 time steps): 0.0122	--FDE (15 time steps): 0.0097
--ADE (20 time steps): 0.0127	--FDE (20 time steps): 0.0093
--ADE (22 time steps): 0.0132	--FDE (22 time steps): 0.0204
--ATE translation: 0.0139
[INFO] New best model (ATE)! Checkpoint saved to ./results/6_3_Synthetic_Straight_Random_Independent/6_3_9D_Synthetic_Straight_Random_Independent/models/best_checkpoint_epoch_27.pth
[2025-05-24 16:09:00] Epoch: 28		Loss: 2.154894	Loss Translation.: 0.013587	Loss Rotation.: 0.012321	Combined Loss Dist.: 1.295386	Loss Uncertainty: 0.859508
--ADE (5 time steps): 0.0143	--FDE (5 time steps): 0.0115
--ADE (10 time steps): 0.0147	--FDE (10 time steps): 0.0118
--ADE (15 time steps): 0.0149	--FDE (15 time steps): 0.0119
--ADE (20 time steps): 0.0161	--FDE (20 time steps): 0.0120
--ADE (22 time steps): 0.0165	--FDE (22 time steps): 0.0210
--ATE translation: 0.0176
[2025-05-24 16:09:51] Epoch: 29		Loss: 2.098845	Loss Translation.: 0.013284	Loss Rotation.: 0.011941	Combined Loss Dist.: 1.261244	Loss Uncertainty: 0.837601
--ADE (5 time steps): 0.0133	--FDE (5 time steps): 0.0101
--ADE (10 time steps): 0.0133	--FDE (10 time steps): 0.0103
--ADE (15 time steps): 0.0133	--FDE (15 time steps): 0.0099
--ADE (20 time steps): 0.0141	--FDE (20 time steps): 0.0100
--ADE (22 time steps): 0.0146	--FDE (22 time steps): 0.0223
--ATE translation: 0.0155
[2025-05-24 16:10:41] Epoch: 30		Loss: 2.062765	Loss Translation.: 0.013117	Loss Rotation.: 0.011578	Combined Loss Dist.: 1.234761	Loss Uncertainty: 0.828004
--ADE (5 time steps): 0.0123	--FDE (5 time steps): 0.0097
--ADE (10 time steps): 0.0127	--FDE (10 time steps): 0.0100
--ADE (15 time steps): 0.0130	--FDE (15 time steps): 0.0099
--ADE (20 time steps): 0.0140	--FDE (20 time steps): 0.0102
--ADE (22 time steps): 0.0145	--FDE (22 time steps): 0.0227
--ATE translation: 0.0154
[2025-05-24 16:11:32] Epoch: 31		Loss: 2.037921	Loss Translation.: 0.013632	Loss Rotation.: 0.011065	Combined Loss Dist.: 1.234861	Loss Uncertainty: 0.803060
--ADE (5 time steps): 0.0129	--FDE (5 time steps): 0.0105
--ADE (10 time steps): 0.0134	--FDE (10 time steps): 0.0102
--ADE (15 time steps): 0.0146	--FDE (15 time steps): 0.0116
--ADE (20 time steps): 0.0155	--FDE (20 time steps): 0.0122
--ADE (22 time steps): 0.0161	--FDE (22 time steps): 0.0255
--ATE translation: 0.0172
[2025-05-24 16:12:22] Epoch: 32		Loss: 1.963263	Loss Translation.: 0.012951	Loss Rotation.: 0.010201	Combined Loss Dist.: 1.157580	Loss Uncertainty: 0.805683
--ADE (5 time steps): 0.0122	--FDE (5 time steps): 0.0102
--ADE (10 time steps): 0.0128	--FDE (10 time steps): 0.0118
--ADE (15 time steps): 0.0134	--FDE (15 time steps): 0.0115
--ADE (20 time steps): 0.0136	--FDE (20 time steps): 0.0104
--ADE (22 time steps): 0.0147	--FDE (22 time steps): 0.0309
--ATE translation: 0.0161
[2025-05-24 16:13:13] Epoch: 33		Loss: 1.848290	Loss Translation.: 0.012019	Loss Rotation.: 0.009340	Combined Loss Dist.: 1.067983	Loss Uncertainty: 0.780308
--ADE (5 time steps): 0.0118	--FDE (5 time steps): 0.0095
--ADE (10 time steps): 0.0122	--FDE (10 time steps): 0.0101
--ADE (15 time steps): 0.0127	--FDE (15 time steps): 0.0103
--ADE (20 time steps): 0.0131	--FDE (20 time steps): 0.0106
--ADE (22 time steps): 0.0141	--FDE (22 time steps): 0.0298
--ATE translation: 0.0156
[2025-05-24 16:14:03] Epoch: 34		Loss: 1.792790	Loss Translation.: 0.011768	Loss Rotation.: 0.008920	Combined Loss Dist.: 1.034385	Loss Uncertainty: 0.758405
--ADE (5 time steps): 0.0122	--FDE (5 time steps): 0.0091
--ADE (10 time steps): 0.0126	--FDE (10 time steps): 0.0094
--ADE (15 time steps): 0.0133	--FDE (15 time steps): 0.0107
--ADE (20 time steps): 0.0137	--FDE (20 time steps): 0.0114
--ADE (22 time steps): 0.0147	--FDE (22 time steps): 0.0285
--ATE translation: 0.0161
[2025-05-24 16:14:54] Epoch: 35		Loss: 1.746247	Loss Translation.: 0.011893	Loss Rotation.: 0.008301	Combined Loss Dist.: 1.009693	Loss Uncertainty: 0.736555
--ADE (5 time steps): 0.0121	--FDE (5 time steps): 0.0089
--ADE (10 time steps): 0.0126	--FDE (10 time steps): 0.0106
--ADE (15 time steps): 0.0129	--FDE (15 time steps): 0.0098
--ADE (20 time steps): 0.0131	--FDE (20 time steps): 0.0114
--ADE (22 time steps): 0.0141	--FDE (22 time steps): 0.0290
--ATE translation: 0.0155
[2025-05-24 16:15:44] Epoch: 36		Loss: 1.689025	Loss Translation.: 0.011335	Loss Rotation.: 0.007979	Combined Loss Dist.: 0.965719	Loss Uncertainty: 0.723306
--ADE (5 time steps): 0.0115	--FDE (5 time steps): 0.0089
--ADE (10 time steps): 0.0119	--FDE (10 time steps): 0.0089
--ADE (15 time steps): 0.0123	--FDE (15 time steps): 0.0089
--ADE (20 time steps): 0.0126	--FDE (20 time steps): 0.0097
--ADE (22 time steps): 0.0134	--FDE (22 time steps): 0.0258
--ATE translation: 0.0147
[2025-05-24 16:16:34] Epoch: 37		Loss: 1.653871	Loss Translation.: 0.011169	Loss Rotation.: 0.007747	Combined Loss Dist.: 0.945771	Loss Uncertainty: 0.708099
--ADE (5 time steps): 0.0118	--FDE (5 time steps): 0.0087
--ADE (10 time steps): 0.0122	--FDE (10 time steps): 0.0092
--ADE (15 time steps): 0.0127	--FDE (15 time steps): 0.0094
--ADE (20 time steps): 0.0129	--FDE (20 time steps): 0.0101
--ADE (22 time steps): 0.0137	--FDE (22 time steps): 0.0251
--ATE translation: 0.0149
[2025-05-24 16:17:25] Epoch: 38		Loss: 1.631463	Loss Translation.: 0.011279	Loss Rotation.: 0.007493	Combined Loss Dist.: 0.938594	Loss Uncertainty: 0.692869
--ADE (5 time steps): 0.0115	--FDE (5 time steps): 0.0093
--ADE (10 time steps): 0.0119	--FDE (10 time steps): 0.0097
--ADE (15 time steps): 0.0123	--FDE (15 time steps): 0.0095
--ADE (20 time steps): 0.0125	--FDE (20 time steps): 0.0093
--ADE (22 time steps): 0.0133	--FDE (22 time steps): 0.0245
--ATE translation: 0.0144
[2025-05-24 16:18:15] Epoch: 39		Loss: 1.599420	Loss Translation.: 0.011084	Loss Rotation.: 0.007340	Combined Loss Dist.: 0.921173	Loss Uncertainty: 0.678247
--ADE (5 time steps): 0.0117	--FDE (5 time steps): 0.0088
--ADE (10 time steps): 0.0122	--FDE (10 time steps): 0.0092
--ADE (15 time steps): 0.0125	--FDE (15 time steps): 0.0095
--ADE (20 time steps): 0.0127	--FDE (20 time steps): 0.0092
--ADE (22 time steps): 0.0133	--FDE (22 time steps): 0.0226
--ATE translation: 0.0143
[2025-05-24 16:19:06] Epoch: 40		Loss: 1.612994	Loss Translation.: 0.011407	Loss Rotation.: 0.007429	Combined Loss Dist.: 0.941820	Loss Uncertainty: 0.671174
--ADE (5 time steps): 0.0125	--FDE (5 time steps): 0.0104
--ADE (10 time steps): 0.0131	--FDE (10 time steps): 0.0102
--ADE (15 time steps): 0.0139	--FDE (15 time steps): 0.0107
--ADE (20 time steps): 0.0145	--FDE (20 time steps): 0.0110
--ADE (22 time steps): 0.0152	--FDE (22 time steps): 0.0228
--ATE translation: 0.0160
[2025-05-24 16:19:56] Epoch: 41		Loss: 1.522535	Loss Translation.: 0.010149	Loss Rotation.: 0.007100	Combined Loss Dist.: 0.862409	Loss Uncertainty: 0.660125
--ADE (5 time steps): 0.0104	--FDE (5 time steps): 0.0083
--ADE (10 time steps): 0.0107	--FDE (10 time steps): 0.0084
--ADE (15 time steps): 0.0110	--FDE (15 time steps): 0.0084
--ADE (20 time steps): 0.0113	--FDE (20 time steps): 0.0094
--ADE (22 time steps): 0.0120	--FDE (22 time steps): 0.0211
--ATE translation: 0.0130
[INFO] New best model (ATE)! Checkpoint saved to ./results/6_3_Synthetic_Straight_Random_Independent/6_3_9D_Synthetic_Straight_Random_Independent/models/best_checkpoint_epoch_41.pth
[2025-05-24 16:20:47] Epoch: 42		Loss: 1.476828	Loss Translation.: 0.009556	Loss Rotation.: 0.007044	Combined Loss Dist.: 0.829984	Loss Uncertainty: 0.646845
--ADE (5 time steps): 0.0107	--FDE (5 time steps): 0.0086
--ADE (10 time steps): 0.0108	--FDE (10 time steps): 0.0084
--ADE (15 time steps): 0.0110	--FDE (15 time steps): 0.0087
--ADE (20 time steps): 0.0112	--FDE (20 time steps): 0.0088
--ADE (22 time steps): 0.0119	--FDE (22 time steps): 0.0201
--ATE translation: 0.0128
[INFO] New best model (ATE)! Checkpoint saved to ./results/6_3_Synthetic_Straight_Random_Independent/6_3_9D_Synthetic_Straight_Random_Independent/models/best_checkpoint_epoch_42.pth
[2025-05-24 16:21:38] Epoch: 43		Loss: 1.458855	Loss Translation.: 0.009480	Loss Rotation.: 0.006963	Combined Loss Dist.: 0.822101	Loss Uncertainty: 0.636753
--ADE (5 time steps): 0.0102	--FDE (5 time steps): 0.0082
--ADE (10 time steps): 0.0105	--FDE (10 time steps): 0.0085
--ADE (15 time steps): 0.0106	--FDE (15 time steps): 0.0087
--ADE (20 time steps): 0.0109	--FDE (20 time steps): 0.0106
--ADE (22 time steps): 0.0116	--FDE (22 time steps): 0.0205
--ATE translation: 0.0126
[INFO] New best model (ATE)! Checkpoint saved to ./results/6_3_Synthetic_Straight_Random_Independent/6_3_9D_Synthetic_Straight_Random_Independent/models/best_checkpoint_epoch_43.pth
[2025-05-24 16:22:28] Epoch: 44		Loss: 1.443480	Loss Translation.: 0.009337	Loss Rotation.: 0.006975	Combined Loss Dist.: 0.815599	Loss Uncertainty: 0.627880
--ADE (5 time steps): 0.0104	--FDE (5 time steps): 0.0088
--ADE (10 time steps): 0.0106	--FDE (10 time steps): 0.0085
--ADE (15 time steps): 0.0108	--FDE (15 time steps): 0.0083
--ADE (20 time steps): 0.0110	--FDE (20 time steps): 0.0089
--ADE (22 time steps): 0.0115	--FDE (22 time steps): 0.0190
--ATE translation: 0.0124
[INFO] New best model (ATE)! Checkpoint saved to ./results/6_3_Synthetic_Straight_Random_Independent/6_3_9D_Synthetic_Straight_Random_Independent/models/best_checkpoint_epoch_44.pth
[2025-05-24 16:23:19] Epoch: 45		Loss: 1.420406	Loss Translation.: 0.009131	Loss Rotation.: 0.006883	Combined Loss Dist.: 0.800712	Loss Uncertainty: 0.619694
--ADE (5 time steps): 0.0109	--FDE (5 time steps): 0.0083
--ADE (10 time steps): 0.0110	--FDE (10 time steps): 0.0089
--ADE (15 time steps): 0.0112	--FDE (15 time steps): 0.0091
--ADE (20 time steps): 0.0112	--FDE (20 time steps): 0.0089
--ADE (22 time steps): 0.0118	--FDE (22 time steps): 0.0190
--ATE translation: 0.0126
[2025-05-24 16:24:09] Epoch: 46		Loss: 1.396154	Loss Translation.: 0.008833	Loss Rotation.: 0.006866	Combined Loss Dist.: 0.784974	Loss Uncertainty: 0.611180
--ADE (5 time steps): 0.0104	--FDE (5 time steps): 0.0085
--ADE (10 time steps): 0.0106	--FDE (10 time steps): 0.0090
--ADE (15 time steps): 0.0108	--FDE (15 time steps): 0.0092
--ADE (20 time steps): 0.0110	--FDE (20 time steps): 0.0092
--ADE (22 time steps): 0.0116	--FDE (22 time steps): 0.0189
--ATE translation: 0.0124
[INFO] New best model (ATE)! Checkpoint saved to ./results/6_3_Synthetic_Straight_Random_Independent/6_3_9D_Synthetic_Straight_Random_Independent/models/best_checkpoint_epoch_46.pth
[2025-05-24 16:25:00] Epoch: 47		Loss: 1.371627	Loss Translation.: 0.008562	Loss Rotation.: 0.006846	Combined Loss Dist.: 0.770385	Loss Uncertainty: 0.601242
--ADE (5 time steps): 0.0100	--FDE (5 time steps): 0.0079
--ADE (10 time steps): 0.0099	--FDE (10 time steps): 0.0078
--ADE (15 time steps): 0.0101	--FDE (15 time steps): 0.0086
--ADE (20 time steps): 0.0103	--FDE (20 time steps): 0.0089
--ADE (22 time steps): 0.0109	--FDE (22 time steps): 0.0187
--ATE translation: 0.0118
[INFO] New best model (ATE)! Checkpoint saved to ./results/6_3_Synthetic_Straight_Random_Independent/6_3_9D_Synthetic_Straight_Random_Independent/models/best_checkpoint_epoch_47.pth
[2025-05-24 16:25:51] Epoch: 48		Loss: 1.363982	Loss Translation.: 0.008616	Loss Rotation.: 0.006825	Combined Loss Dist.: 0.772056	Loss Uncertainty: 0.591926
--ADE (5 time steps): 0.0104	--FDE (5 time steps): 0.0087
--ADE (10 time steps): 0.0105	--FDE (10 time steps): 0.0083
--ADE (15 time steps): 0.0106	--FDE (15 time steps): 0.0086
--ADE (20 time steps): 0.0107	--FDE (20 time steps): 0.0094
--ADE (22 time steps): 0.0113	--FDE (22 time steps): 0.0185
--ATE translation: 0.0121
[2025-05-24 16:26:41] Epoch: 49		Loss: 1.313850	Loss Translation.: 0.007884	Loss Rotation.: 0.006711	Combined Loss Dist.: 0.729763	Loss Uncertainty: 0.584086
--ADE (5 time steps): 0.0089	--FDE (5 time steps): 0.0078
--ADE (10 time steps): 0.0090	--FDE (10 time steps): 0.0079
--ADE (15 time steps): 0.0091	--FDE (15 time steps): 0.0079
--ADE (20 time steps): 0.0093	--FDE (20 time steps): 0.0082
--ADE (22 time steps): 0.0099	--FDE (22 time steps): 0.0175
--ATE translation: 0.0108
[INFO] New best model (ATE)! Checkpoint saved to ./results/6_3_Synthetic_Straight_Random_Independent/6_3_9D_Synthetic_Straight_Random_Independent/models/best_checkpoint_epoch_49.pth
[2025-05-24 16:27:32] Epoch: 50		Loss: 1.293394	Loss Translation.: 0.007640	Loss Rotation.: 0.006692	Combined Loss Dist.: 0.716574	Loss Uncertainty: 0.576820
--ADE (5 time steps): 0.0084	--FDE (5 time steps): 0.0071
--ADE (10 time steps): 0.0086	--FDE (10 time steps): 0.0069
--ADE (15 time steps): 0.0086	--FDE (15 time steps): 0.0071
--ADE (20 time steps): 0.0088	--FDE (20 time steps): 0.0077
--ADE (22 time steps): 0.0094	--FDE (22 time steps): 0.0163
--ATE translation: 0.0103
[INFO] New best model (ATE)! Checkpoint saved to ./results/6_3_Synthetic_Straight_Random_Independent/6_3_9D_Synthetic_Straight_Random_Independent/models/best_checkpoint_epoch_50.pth
[2025-05-24 16:28:22] Epoch: 51		Loss: 1.269482	Loss Translation.: 0.007332	Loss Rotation.: 0.006664	Combined Loss Dist.: 0.699781	Loss Uncertainty: 0.569701
--ADE (5 time steps): 0.0084	--FDE (5 time steps): 0.0072
--ADE (10 time steps): 0.0085	--FDE (10 time steps): 0.0076
--ADE (15 time steps): 0.0086	--FDE (15 time steps): 0.0076
--ADE (20 time steps): 0.0087	--FDE (20 time steps): 0.0077
--ADE (22 time steps): 0.0093	--FDE (22 time steps): 0.0164
--ATE translation: 0.0102
[INFO] New best model (ATE)! Checkpoint saved to ./results/6_3_Synthetic_Straight_Random_Independent/6_3_9D_Synthetic_Straight_Random_Independent/models/best_checkpoint_epoch_51.pth
[2025-05-24 16:29:13] Epoch: 52		Loss: 1.248576	Loss Translation.: 0.007084	Loss Rotation.: 0.006635	Combined Loss Dist.: 0.685966	Loss Uncertainty: 0.562610
--ADE (5 time steps): 0.0080	--FDE (5 time steps): 0.0069
--ADE (10 time steps): 0.0081	--FDE (10 time steps): 0.0070
--ADE (15 time steps): 0.0082	--FDE (15 time steps): 0.0073
--ADE (20 time steps): 0.0084	--FDE (20 time steps): 0.0076
--ADE (22 time steps): 0.0090	--FDE (22 time steps): 0.0159
--ATE translation: 0.0098
[INFO] New best model (ATE)! Checkpoint saved to ./results/6_3_Synthetic_Straight_Random_Independent/6_3_9D_Synthetic_Straight_Random_Independent/models/best_checkpoint_epoch_52.pth
[2025-05-24 16:30:04] Epoch: 53		Loss: 1.231989	Loss Translation.: 0.006901	Loss Rotation.: 0.006619	Combined Loss Dist.: 0.676028	Loss Uncertainty: 0.555961
--ADE (5 time steps): 0.0077	--FDE (5 time steps): 0.0068
--ADE (10 time steps): 0.0079	--FDE (10 time steps): 0.0068
--ADE (15 time steps): 0.0080	--FDE (15 time steps): 0.0072
--ADE (20 time steps): 0.0081	--FDE (20 time steps): 0.0071
--ADE (22 time steps): 0.0087	--FDE (22 time steps): 0.0161
--ATE translation: 0.0097
[INFO] New best model (ATE)! Checkpoint saved to ./results/6_3_Synthetic_Straight_Random_Independent/6_3_9D_Synthetic_Straight_Random_Independent/models/best_checkpoint_epoch_53.pth
[2025-05-24 16:30:54] Epoch: 54		Loss: 1.223617	Loss Translation.: 0.006876	Loss Rotation.: 0.006614	Combined Loss Dist.: 0.674499	Loss Uncertainty: 0.549118
--ADE (5 time steps): 0.0079	--FDE (5 time steps): 0.0070
--ADE (10 time steps): 0.0080	--FDE (10 time steps): 0.0071
--ADE (15 time steps): 0.0081	--FDE (15 time steps): 0.0071
--ADE (20 time steps): 0.0082	--FDE (20 time steps): 0.0074
--ADE (22 time steps): 0.0087	--FDE (22 time steps): 0.0157
--ATE translation: 0.0096
[INFO] New best model (ATE)! Checkpoint saved to ./results/6_3_Synthetic_Straight_Random_Independent/6_3_9D_Synthetic_Straight_Random_Independent/models/best_checkpoint_epoch_54.pth
[2025-05-24 16:31:45] Epoch: 55		Loss: 1.204875	Loss Translation.: 0.006673	Loss Rotation.: 0.006586	Combined Loss Dist.: 0.662933	Loss Uncertainty: 0.541942
--ADE (5 time steps): 0.0076	--FDE (5 time steps): 0.0068
--ADE (10 time steps): 0.0077	--FDE (10 time steps): 0.0069
--ADE (15 time steps): 0.0078	--FDE (15 time steps): 0.0072
--ADE (20 time steps): 0.0080	--FDE (20 time steps): 0.0072
--ADE (22 time steps): 0.0085	--FDE (22 time steps): 0.0156
--ATE translation: 0.0094
[INFO] New best model (ATE)! Checkpoint saved to ./results/6_3_Synthetic_Straight_Random_Independent/6_3_9D_Synthetic_Straight_Random_Independent/models/best_checkpoint_epoch_55.pth
[2025-05-24 16:32:35] Epoch: 56		Loss: 1.192801	Loss Translation.: 0.006570	Loss Rotation.: 0.006582	Combined Loss Dist.: 0.657571	Loss Uncertainty: 0.535230
--ADE (5 time steps): 0.0078	--FDE (5 time steps): 0.0071
--ADE (10 time steps): 0.0078	--FDE (10 time steps): 0.0070
--ADE (15 time steps): 0.0079	--FDE (15 time steps): 0.0072
--ADE (20 time steps): 0.0081	--FDE (20 time steps): 0.0073
--ADE (22 time steps): 0.0086	--FDE (22 time steps): 0.0159
--ATE translation: 0.0094
[2025-05-24 16:33:26] Epoch: 57		Loss: 1.175821	Loss Translation.: 0.006395	Loss Rotation.: 0.006534	Combined Loss Dist.: 0.646428	Loss Uncertainty: 0.529393
--ADE (5 time steps): 0.0073	--FDE (5 time steps): 0.0067
--ADE (10 time steps): 0.0075	--FDE (10 time steps): 0.0070
--ADE (15 time steps): 0.0076	--FDE (15 time steps): 0.0070
--ADE (20 time steps): 0.0077	--FDE (20 time steps): 0.0073
--ADE (22 time steps): 0.0083	--FDE (22 time steps): 0.0155
--ATE translation: 0.0091
[INFO] New best model (ATE)! Checkpoint saved to ./results/6_3_Synthetic_Straight_Random_Independent/6_3_9D_Synthetic_Straight_Random_Independent/models/best_checkpoint_epoch_57.pth
[2025-05-24 16:34:16] Epoch: 58		Loss: 1.164195	Loss Translation.: 0.006247	Loss Rotation.: 0.006525	Combined Loss Dist.: 0.638575	Loss Uncertainty: 0.525620
--ADE (5 time steps): 0.0073	--FDE (5 time steps): 0.0067
--ADE (10 time steps): 0.0074	--FDE (10 time steps): 0.0068
--ADE (15 time steps): 0.0075	--FDE (15 time steps): 0.0068
--ADE (20 time steps): 0.0076	--FDE (20 time steps): 0.0070
--ADE (22 time steps): 0.0082	--FDE (22 time steps): 0.0153
--ATE translation: 0.0090
[INFO] New best model (ATE)! Checkpoint saved to ./results/6_3_Synthetic_Straight_Random_Independent/6_3_9D_Synthetic_Straight_Random_Independent/models/best_checkpoint_epoch_58.pth
[2025-05-24 16:35:07] Epoch: 59		Loss: 1.156856	Loss Translation.: 0.006185	Loss Rotation.: 0.006513	Combined Loss Dist.: 0.634903	Loss Uncertainty: 0.521953
--ADE (5 time steps): 0.0071	--FDE (5 time steps): 0.0065
--ADE (10 time steps): 0.0072	--FDE (10 time steps): 0.0067
--ADE (15 time steps): 0.0073	--FDE (15 time steps): 0.0067
--ADE (20 time steps): 0.0075	--FDE (20 time steps): 0.0069
--ADE (22 time steps): 0.0081	--FDE (22 time steps): 0.0153
--ATE translation: 0.0089
[INFO] New best model (ATE)! Checkpoint saved to ./results/6_3_Synthetic_Straight_Random_Independent/6_3_9D_Synthetic_Straight_Random_Independent/models/best_checkpoint_epoch_59.pth
[2025-05-24 16:35:58] Epoch: 60		Loss: 1.148566	Loss Translation.: 0.006100	Loss Rotation.: 0.006511	Combined Loss Dist.: 0.630535	Loss Uncertainty: 0.518031
--ADE (5 time steps): 0.0073	--FDE (5 time steps): 0.0068
--ADE (10 time steps): 0.0074	--FDE (10 time steps): 0.0069
--ADE (15 time steps): 0.0075	--FDE (15 time steps): 0.0068
--ADE (20 time steps): 0.0076	--FDE (20 time steps): 0.0070
--ADE (22 time steps): 0.0081	--FDE (22 time steps): 0.0152
--ATE translation: 0.0089
[2025-05-24 16:36:48] Epoch: 61		Loss: 1.142388	Loss Translation.: 0.006062	Loss Rotation.: 0.006507	Combined Loss Dist.: 0.628441	Loss Uncertainty: 0.513947
--ADE (5 time steps): 0.0073	--FDE (5 time steps): 0.0068
--ADE (10 time steps): 0.0074	--FDE (10 time steps): 0.0070
--ADE (15 time steps): 0.0075	--FDE (15 time steps): 0.0069
--ADE (20 time steps): 0.0076	--FDE (20 time steps): 0.0072
--ADE (22 time steps): 0.0082	--FDE (22 time steps): 0.0156
--ATE translation: 0.0090
[2025-05-24 16:37:39] Epoch: 62		Loss: 1.137091	Loss Translation.: 0.006042	Loss Rotation.: 0.006495	Combined Loss Dist.: 0.626870	Loss Uncertainty: 0.510221
--ADE (5 time steps): 0.0072	--FDE (5 time steps): 0.0068
--ADE (10 time steps): 0.0073	--FDE (10 time steps): 0.0069
--ADE (15 time steps): 0.0074	--FDE (15 time steps): 0.0069
--ADE (20 time steps): 0.0075	--FDE (20 time steps): 0.0070
--ADE (22 time steps): 0.0080	--FDE (22 time steps): 0.0154
--ATE translation: 0.0088
[INFO] New best model (ATE)! Checkpoint saved to ./results/6_3_Synthetic_Straight_Random_Independent/6_3_9D_Synthetic_Straight_Random_Independent/models/best_checkpoint_epoch_62.pth
[2025-05-24 16:38:29] Epoch: 63		Loss: 1.131279	Loss Translation.: 0.006006	Loss Rotation.: 0.006487	Combined Loss Dist.: 0.624650	Loss Uncertainty: 0.506629
--ADE (5 time steps): 0.0073	--FDE (5 time steps): 0.0068
--ADE (10 time steps): 0.0074	--FDE (10 time steps): 0.0070
--ADE (15 time steps): 0.0075	--FDE (15 time steps): 0.0070
--ADE (20 time steps): 0.0076	--FDE (20 time steps): 0.0072
--ADE (22 time steps): 0.0081	--FDE (22 time steps): 0.0154
--ATE translation: 0.0089
[2025-05-24 16:39:20] Epoch: 64		Loss: 1.122898	Loss Translation.: 0.005921	Loss Rotation.: 0.006480	Combined Loss Dist.: 0.620061	Loss Uncertainty: 0.502837
--ADE (5 time steps): 0.0072	--FDE (5 time steps): 0.0068
--ADE (10 time steps): 0.0073	--FDE (10 time steps): 0.0069
--ADE (15 time steps): 0.0074	--FDE (15 time steps): 0.0068
--ADE (20 time steps): 0.0075	--FDE (20 time steps): 0.0070
--ADE (22 time steps): 0.0080	--FDE (22 time steps): 0.0154
--ATE translation: 0.0088
[INFO] New best model (ATE)! Checkpoint saved to ./results/6_3_Synthetic_Straight_Random_Independent/6_3_9D_Synthetic_Straight_Random_Independent/models/best_checkpoint_epoch_64.pth
[2025-05-24 16:40:11] Epoch: 65		Loss: 1.115293	Loss Translation.: 0.005836	Loss Rotation.: 0.006472	Combined Loss Dist.: 0.615395	Loss Uncertainty: 0.499898
--ADE (5 time steps): 0.0071	--FDE (5 time steps): 0.0066
--ADE (10 time steps): 0.0072	--FDE (10 time steps): 0.0068
--ADE (15 time steps): 0.0072	--FDE (15 time steps): 0.0067
--ADE (20 time steps): 0.0074	--FDE (20 time steps): 0.0070
--ADE (22 time steps): 0.0079	--FDE (22 time steps): 0.0152
--ATE translation: 0.0087
[INFO] New best model (ATE)! Checkpoint saved to ./results/6_3_Synthetic_Straight_Random_Independent/6_3_9D_Synthetic_Straight_Random_Independent/models/best_checkpoint_epoch_65.pth
[2025-05-24 16:41:01] Epoch: 66		Loss: 1.109695	Loss Translation.: 0.005769	Loss Rotation.: 0.006465	Combined Loss Dist.: 0.611738	Loss Uncertainty: 0.497957
--ADE (5 time steps): 0.0071	--FDE (5 time steps): 0.0066
--ADE (10 time steps): 0.0072	--FDE (10 time steps): 0.0067
--ADE (15 time steps): 0.0072	--FDE (15 time steps): 0.0067
--ADE (20 time steps): 0.0073	--FDE (20 time steps): 0.0067
--ADE (22 time steps): 0.0079	--FDE (22 time steps): 0.0151
--ATE translation: 0.0087
[INFO] New best model (ATE)! Checkpoint saved to ./results/6_3_Synthetic_Straight_Random_Independent/6_3_9D_Synthetic_Straight_Random_Independent/models/best_checkpoint_epoch_66.pth
[2025-05-24 16:41:52] Epoch: 67		Loss: 1.107231	Loss Translation.: 0.005762	Loss Rotation.: 0.006463	Combined Loss Dist.: 0.611257	Loss Uncertainty: 0.495974
--ADE (5 time steps): 0.0071	--FDE (5 time steps): 0.0066
--ADE (10 time steps): 0.0072	--FDE (10 time steps): 0.0068
--ADE (15 time steps): 0.0072	--FDE (15 time steps): 0.0067
--ADE (20 time steps): 0.0073	--FDE (20 time steps): 0.0068
--ADE (22 time steps): 0.0079	--FDE (22 time steps): 0.0150
--ATE translation: 0.0087
[INFO] New best model (ATE)! Checkpoint saved to ./results/6_3_Synthetic_Straight_Random_Independent/6_3_9D_Synthetic_Straight_Random_Independent/models/best_checkpoint_epoch_67.pth
[2025-05-24 16:42:43] Epoch: 68		Loss: 1.103791	Loss Translation.: 0.005732	Loss Rotation.: 0.006460	Combined Loss Dist.: 0.609594	Loss Uncertainty: 0.494197
--ADE (5 time steps): 0.0071	--FDE (5 time steps): 0.0067
--ADE (10 time steps): 0.0072	--FDE (10 time steps): 0.0068
--ADE (15 time steps): 0.0073	--FDE (15 time steps): 0.0067
--ADE (20 time steps): 0.0073	--FDE (20 time steps): 0.0068
--ADE (22 time steps): 0.0079	--FDE (22 time steps): 0.0150
--ATE translation: 0.0087
[2025-05-24 16:43:33] Epoch: 69		Loss: 1.100196	Loss Translation.: 0.005701	Loss Rotation.: 0.006455	Combined Loss Dist.: 0.607769	Loss Uncertainty: 0.492427
--ADE (5 time steps): 0.0071	--FDE (5 time steps): 0.0066
--ADE (10 time steps): 0.0071	--FDE (10 time steps): 0.0067
--ADE (15 time steps): 0.0072	--FDE (15 time steps): 0.0067
--ADE (20 time steps): 0.0073	--FDE (20 time steps): 0.0068
--ADE (22 time steps): 0.0079	--FDE (22 time steps): 0.0151
--ATE translation: 0.0086
[INFO] New best model (ATE)! Checkpoint saved to ./results/6_3_Synthetic_Straight_Random_Independent/6_3_9D_Synthetic_Straight_Random_Independent/models/best_checkpoint_epoch_69.pth
[2025-05-24 16:44:24] Epoch: 70		Loss: 1.097839	Loss Translation.: 0.005690	Loss Rotation.: 0.006454	Combined Loss Dist.: 0.607201	Loss Uncertainty: 0.490638
--ADE (5 time steps): 0.0071	--FDE (5 time steps): 0.0066
--ADE (10 time steps): 0.0072	--FDE (10 time steps): 0.0068
--ADE (15 time steps): 0.0072	--FDE (15 time steps): 0.0067
--ADE (20 time steps): 0.0073	--FDE (20 time steps): 0.0068
--ADE (22 time steps): 0.0079	--FDE (22 time steps): 0.0150
--ATE translation: 0.0086
[INFO] New best model (ATE)! Checkpoint saved to ./results/6_3_Synthetic_Straight_Random_Independent/6_3_9D_Synthetic_Straight_Random_Independent/models/best_checkpoint_epoch_70.pth
[2025-05-24 16:45:14] Epoch: 71		Loss: 1.095070	Loss Translation.: 0.005678	Loss Rotation.: 0.006447	Combined Loss Dist.: 0.606267	Loss Uncertainty: 0.488803
--ADE (5 time steps): 0.0070	--FDE (5 time steps): 0.0066
--ADE (10 time steps): 0.0071	--FDE (10 time steps): 0.0068
--ADE (15 time steps): 0.0072	--FDE (15 time steps): 0.0067
--ADE (20 time steps): 0.0073	--FDE (20 time steps): 0.0068
--ADE (22 time steps): 0.0078	--FDE (22 time steps): 0.0150
--ATE translation: 0.0086
[INFO] New best model (ATE)! Checkpoint saved to ./results/6_3_Synthetic_Straight_Random_Independent/6_3_9D_Synthetic_Straight_Random_Independent/models/best_checkpoint_epoch_71.pth
[2025-05-24 16:46:05] Epoch: 72		Loss: 1.091834	Loss Translation.: 0.005649	Loss Rotation.: 0.006445	Combined Loss Dist.: 0.604702	Loss Uncertainty: 0.487132
--ADE (5 time steps): 0.0071	--FDE (5 time steps): 0.0066
--ADE (10 time steps): 0.0072	--FDE (10 time steps): 0.0068
--ADE (15 time steps): 0.0072	--FDE (15 time steps): 0.0067
--ADE (20 time steps): 0.0073	--FDE (20 time steps): 0.0068
--ADE (22 time steps): 0.0079	--FDE (22 time steps): 0.0150
--ATE translation: 0.0086
[2025-05-24 16:46:55] Epoch: 73		Loss: 1.088428	Loss Translation.: 0.005619	Loss Rotation.: 0.006436	Combined Loss Dist.: 0.602756	Loss Uncertainty: 0.485672
--ADE (5 time steps): 0.0071	--FDE (5 time steps): 0.0067
--ADE (10 time steps): 0.0071	--FDE (10 time steps): 0.0068
--ADE (15 time steps): 0.0072	--FDE (15 time steps): 0.0068
--ADE (20 time steps): 0.0073	--FDE (20 time steps): 0.0068
--ADE (22 time steps): 0.0079	--FDE (22 time steps): 0.0152
--ATE translation: 0.0086
[2025-05-24 16:47:46] Epoch: 74		Loss: 1.086075	Loss Translation.: 0.005594	Loss Rotation.: 0.006433	Combined Loss Dist.: 0.601306	Loss Uncertainty: 0.484768
--ADE (5 time steps): 0.0071	--FDE (5 time steps): 0.0066
--ADE (10 time steps): 0.0071	--FDE (10 time steps): 0.0067
--ADE (15 time steps): 0.0072	--FDE (15 time steps): 0.0067
--ADE (20 time steps): 0.0073	--FDE (20 time steps): 0.0068
--ADE (22 time steps): 0.0078	--FDE (22 time steps): 0.0151
--ATE translation: 0.0086
[INFO] New best model (ATE)! Checkpoint saved to ./results/6_3_Synthetic_Straight_Random_Independent/6_3_9D_Synthetic_Straight_Random_Independent/models/best_checkpoint_epoch_74.pth
[2025-05-24 16:48:36] Epoch: 75		Loss: 1.084645	Loss Translation.: 0.005585	Loss Rotation.: 0.006431	Combined Loss Dist.: 0.600786	Loss Uncertainty: 0.483859
--ADE (5 time steps): 0.0071	--FDE (5 time steps): 0.0066
--ADE (10 time steps): 0.0071	--FDE (10 time steps): 0.0067
--ADE (15 time steps): 0.0072	--FDE (15 time steps): 0.0067
--ADE (20 time steps): 0.0073	--FDE (20 time steps): 0.0068
--ADE (22 time steps): 0.0078	--FDE (22 time steps): 0.0151
--ATE translation: 0.0086
[INFO] New best model (ATE)! Checkpoint saved to ./results/6_3_Synthetic_Straight_Random_Independent/6_3_9D_Synthetic_Straight_Random_Independent/models/best_checkpoint_epoch_75.pth
[2025-05-24 16:49:27] Epoch: 76		Loss: 1.082794	Loss Translation.: 0.005567	Loss Rotation.: 0.006430	Combined Loss Dist.: 0.599872	Loss Uncertainty: 0.482922
--ADE (5 time steps): 0.0071	--FDE (5 time steps): 0.0067
--ADE (10 time steps): 0.0071	--FDE (10 time steps): 0.0067
--ADE (15 time steps): 0.0072	--FDE (15 time steps): 0.0067
--ADE (20 time steps): 0.0073	--FDE (20 time steps): 0.0068
--ADE (22 time steps): 0.0078	--FDE (22 time steps): 0.0151
--ATE translation: 0.0086
[2025-05-24 16:50:17] Epoch: 77		Loss: 1.081226	Loss Translation.: 0.005557	Loss Rotation.: 0.006428	Combined Loss Dist.: 0.599272	Loss Uncertainty: 0.481955
--ADE (5 time steps): 0.0071	--FDE (5 time steps): 0.0067
--ADE (10 time steps): 0.0071	--FDE (10 time steps): 0.0068
--ADE (15 time steps): 0.0072	--FDE (15 time steps): 0.0068
--ADE (20 time steps): 0.0073	--FDE (20 time steps): 0.0068
--ADE (22 time steps): 0.0078	--FDE (22 time steps): 0.0152
--ATE translation: 0.0086
[2025-05-24 16:51:08] Epoch: 78		Loss: 1.079669	Loss Translation.: 0.005547	Loss Rotation.: 0.006427	Combined Loss Dist.: 0.598717	Loss Uncertainty: 0.480952
--ADE (5 time steps): 0.0071	--FDE (5 time steps): 0.0067
--ADE (10 time steps): 0.0071	--FDE (10 time steps): 0.0068
--ADE (15 time steps): 0.0072	--FDE (15 time steps): 0.0068
--ADE (20 time steps): 0.0073	--FDE (20 time steps): 0.0068
--ADE (22 time steps): 0.0078	--FDE (22 time steps): 0.0151
--ATE translation: 0.0086
[2025-05-24 16:51:58] Epoch: 79		Loss: 1.078339	Loss Translation.: 0.005542	Loss Rotation.: 0.006426	Combined Loss Dist.: 0.598394	Loss Uncertainty: 0.479945
--ADE (5 time steps): 0.0071	--FDE (5 time steps): 0.0067
--ADE (10 time steps): 0.0071	--FDE (10 time steps): 0.0067
--ADE (15 time steps): 0.0072	--FDE (15 time steps): 0.0068
--ADE (20 time steps): 0.0073	--FDE (20 time steps): 0.0068
--ADE (22 time steps): 0.0078	--FDE (22 time steps): 0.0151
--ATE translation: 0.0086
[2025-05-24 16:52:49] Epoch: 80		Loss: 1.076832	Loss Translation.: 0.005533	Loss Rotation.: 0.006424	Combined Loss Dist.: 0.597857	Loss Uncertainty: 0.478974
--ADE (5 time steps): 0.0071	--FDE (5 time steps): 0.0067
--ADE (10 time steps): 0.0071	--FDE (10 time steps): 0.0068
--ADE (15 time steps): 0.0072	--FDE (15 time steps): 0.0067
--ADE (20 time steps): 0.0073	--FDE (20 time steps): 0.0068
--ADE (22 time steps): 0.0078	--FDE (22 time steps): 0.0152
--ATE translation: 0.0086

JOB STATISTICS
==============
Job ID: 12012304
Cluster: snellius
User/Group: scur2440/scur2440
State: COMPLETED (exit code 0)
Nodes: 1
Cores per node: 18
CPU Utilized: 01:08:20
CPU Efficiency: 5.59% of 20:23:24 core-walltime
Job Wall-clock time: 01:07:58
Memory Utilized: 3.26 GB
Memory Efficiency: 2.72% of 120.00 GB (120.00 GB/node)
