***************************************************************************************************** 
* WARNING: The 2022 software stack is deprecated. Please consider switching to
the latest 2024 * 
* software stack, or the older 2023 software stack. * 
* * 
* If you have any question, please contact us via
http://servicedesk.surfsara.nl. * 
***************************************************************************************************** 

Configuration:
description: LED
results_root_dir: results
dataset: synthetic
dimensions: 7
past_frames: 10
future_frames: 22
min_past_frames: 10
min_future_frames: 22
k_preds: 30
synthetic_gt: straight
synthetic_noise: right_bias
traj_mean: [14, 7.5]
traj_scale: 1
relative: False
normalised: False
overfitting: False
selected_trajectories: False
pretrained_core_denoising_model: ./results/checkpoints/base_diffusion_model.p
debug: False
diffusion: {'steps': 150, 'beta_start': 0.0001, 'beta_end': 0.05, 'beta_schedule': 'linear'}
lr: 0.0001
train_batch_size: 128
test_batch_size: 128
num_epochs: 80
test_interval: 1
lr_scheduler: step
decay_step: 8
decay_gamma: 0.5

[INFO] SYNTHETIC dataset (1 agent).
Overfitting: False
[WARNING] Relativised / normalised loading not implemented for synthetic dataset. Poses are converted to relative within pipeline (data_preprocess).
Assumes homogenous-matrix from
Len dataset: 8000
Overfitting: False
[WARNING] Relativised / normalised loading not implemented for synthetic dataset. Poses are converted to relative within pipeline (data_preprocess).
Assumes homogenous-matrix from
Len dataset: 1000
[INFO] Now using random trajectory shuffling.


[INFO] SYNTHETIC dataset - skip subtracting mean from absolute positions.
[INFO] Training from scratch - without pretrained models (Not NBA with frame standard configs)

[Core Denoising Model] Trainable/Total: 6584760/6584760
[Initialization Model] Trainable/Total: 8576319/8576319
[2025-05-24 15:46:28] Epoch: 1		Loss: 16.937482	Loss Translation.: 0.214521	Loss Rotation.: 0.068877	Combined Loss Dist.: 14.169891	Loss Uncertainty: 2.767591
--ADE (5 time steps): 0.0787	--FDE (5 time steps): 0.0547
--ADE (10 time steps): 0.0839	--FDE (10 time steps): 0.0834
--ADE (15 time steps): 0.0934	--FDE (15 time steps): 0.0955
--ADE (20 time steps): 0.0953	--FDE (20 time steps): 0.0943
--ADE (22 time steps): 0.1971	--FDE (22 time steps): 0.5318
--ATE translation: 0.4936
[2025-05-24 15:47:18] Epoch: 2		Loss: 7.009848	Loss Translation.: 0.082346	Loss Rotation.: 0.016268	Combined Loss Dist.: 4.930659	Loss Uncertainty: 2.079189
--ADE (5 time steps): 0.0612	--FDE (5 time steps): 0.0455
--ADE (10 time steps): 0.0689	--FDE (10 time steps): 0.0419
--ADE (15 time steps): 0.0697	--FDE (15 time steps): 0.0447
--ADE (20 time steps): 0.0728	--FDE (20 time steps): 0.0359
--ADE (22 time steps): 0.1971	--FDE (22 time steps): 0.0767
--ATE translation: 0.6001
[2025-05-24 15:48:08] Epoch: 3		Loss: 5.785898	Loss Translation.: 0.063457	Loss Rotation.: 0.015712	Combined Loss Dist.: 3.958451	Loss Uncertainty: 1.827447
--ADE (5 time steps): 0.0432	--FDE (5 time steps): 0.0308
--ADE (10 time steps): 0.0506	--FDE (10 time steps): 0.0307
--ADE (15 time steps): 0.0511	--FDE (15 time steps): 0.0363
--ADE (20 time steps): 0.0548	--FDE (20 time steps): 0.0318
--ADE (22 time steps): 0.1995	--FDE (22 time steps): 0.0462
--ATE translation: 0.6877
[2025-05-24 15:48:58] Epoch: 4		Loss: 5.163072	Loss Translation.: 0.054690	Loss Rotation.: 0.015416	Combined Loss Dist.: 3.505267	Loss Uncertainty: 1.657805
--ADE (5 time steps): 0.0383	--FDE (5 time steps): 0.0292
--ADE (10 time steps): 0.0455	--FDE (10 time steps): 0.0229
--ADE (15 time steps): 0.0476	--FDE (15 time steps): 0.0292
--ADE (20 time steps): 0.0493	--FDE (20 time steps): 0.0274
--ADE (22 time steps): 0.2044	--FDE (22 time steps): 0.0571
--ATE translation: 0.7286
[2025-05-24 15:49:49] Epoch: 5		Loss: 4.789779	Loss Translation.: 0.049672	Loss Rotation.: 0.015300	Combined Loss Dist.: 3.248624	Loss Uncertainty: 1.541155
--ADE (5 time steps): 0.0298	--FDE (5 time steps): 0.0228
--ADE (10 time steps): 0.0342	--FDE (10 time steps): 0.0239
--ADE (15 time steps): 0.0391	--FDE (15 time steps): 0.0264
--ADE (20 time steps): 0.0409	--FDE (20 time steps): 0.0277
--ADE (22 time steps): 0.1282	--FDE (22 time steps): 0.0608
--ATE translation: 0.4228
[INFO] New best model (ATE)! Checkpoint saved to ./results/6_3_Synthetic_Straight_Right_Bias/6_3_9D_Synthetic_Straight_Right_Bias/models/best_checkpoint_epoch_5.pth
[2025-05-24 15:50:39] Epoch: 6		Loss: 4.540643	Loss Translation.: 0.047026	Loss Rotation.: 0.014997	Combined Loss Dist.: 3.101127	Loss Uncertainty: 1.439516
--ADE (5 time steps): 0.0309	--FDE (5 time steps): 0.0180
--ADE (10 time steps): 0.0321	--FDE (10 time steps): 0.0198
--ADE (15 time steps): 0.0433	--FDE (15 time steps): 0.0261
--ADE (20 time steps): 0.0461	--FDE (20 time steps): 0.0302
--ADE (22 time steps): 0.1049	--FDE (22 time steps): 0.0570
--ATE translation: 0.3234
[INFO] New best model (ATE)! Checkpoint saved to ./results/6_3_Synthetic_Straight_Right_Bias/6_3_9D_Synthetic_Straight_Right_Bias/models/best_checkpoint_epoch_6.pth
[2025-05-24 15:51:29] Epoch: 7		Loss: 4.389761	Loss Translation.: 0.045571	Loss Rotation.: 0.014863	Combined Loss Dist.: 3.021692	Loss Uncertainty: 1.368069
--ADE (5 time steps): 0.0298	--FDE (5 time steps): 0.0182
--ADE (10 time steps): 0.0308	--FDE (10 time steps): 0.0205
--ADE (15 time steps): 0.0473	--FDE (15 time steps): 0.0269
--ADE (20 time steps): 0.0511	--FDE (20 time steps): 0.0324
--ADE (22 time steps): 0.0760	--FDE (22 time steps): 0.0602
--ATE translation: 0.1997
[INFO] New best model (ATE)! Checkpoint saved to ./results/6_3_Synthetic_Straight_Right_Bias/6_3_9D_Synthetic_Straight_Right_Bias/models/best_checkpoint_epoch_7.pth
[2025-05-24 15:52:20] Epoch: 8		Loss: 4.172690	Loss Translation.: 0.042420	Loss Rotation.: 0.014817	Combined Loss Dist.: 2.861872	Loss Uncertainty: 1.310818
--ADE (5 time steps): 0.0345	--FDE (5 time steps): 0.0245
--ADE (10 time steps): 0.0368	--FDE (10 time steps): 0.0327
--ADE (15 time steps): 0.0574	--FDE (15 time steps): 0.0427
--ADE (20 time steps): 0.0607	--FDE (20 time steps): 0.0470
--ADE (22 time steps): 0.1000	--FDE (22 time steps): 0.0449
--ATE translation: 0.1135
[INFO] New best model (ATE)! Checkpoint saved to ./results/6_3_Synthetic_Straight_Right_Bias/6_3_9D_Synthetic_Straight_Right_Bias/models/best_checkpoint_epoch_8.pth
[2025-05-24 15:53:10] Epoch: 9		Loss: 3.543304	Loss Translation.: 0.031673	Loss Rotation.: 0.013927	Combined Loss Dist.: 2.280004	Loss Uncertainty: 1.263300
--ADE (5 time steps): 0.0196	--FDE (5 time steps): 0.0141
--ADE (10 time steps): 0.0202	--FDE (10 time steps): 0.0153
--ADE (15 time steps): 0.0230	--FDE (15 time steps): 0.0161
--ADE (20 time steps): 0.0239	--FDE (20 time steps): 0.0171
--ADE (22 time steps): 0.0674	--FDE (22 time steps): 0.0270
--ATE translation: 0.0800
[INFO] New best model (ATE)! Checkpoint saved to ./results/6_3_Synthetic_Straight_Right_Bias/6_3_9D_Synthetic_Straight_Right_Bias/models/best_checkpoint_epoch_9.pth
[2025-05-24 15:54:00] Epoch: 10		Loss: 3.309143	Loss Translation.: 0.027618	Loss Rotation.: 0.013643	Combined Loss Dist.: 2.063051	Loss Uncertainty: 1.246091
--ADE (5 time steps): 0.0197	--FDE (5 time steps): 0.0146
--ADE (10 time steps): 0.0208	--FDE (10 time steps): 0.0154
--ADE (15 time steps): 0.0245	--FDE (15 time steps): 0.0154
--ADE (20 time steps): 0.0258	--FDE (20 time steps): 0.0141
--ADE (22 time steps): 0.1842	--FDE (22 time steps): 0.0262
--ATE translation: 0.7485
[2025-05-24 15:54:51] Epoch: 11		Loss: 3.157041	Loss Translation.: 0.026256	Loss Rotation.: 0.012601	Combined Loss Dist.: 1.942818	Loss Uncertainty: 1.214223
--ADE (5 time steps): 0.0192	--FDE (5 time steps): 0.0144
--ADE (10 time steps): 0.0191	--FDE (10 time steps): 0.0149
--ADE (15 time steps): 0.0206	--FDE (15 time steps): 0.0167
--ADE (20 time steps): 0.0243	--FDE (20 time steps): 0.0164
--ADE (22 time steps): 0.1840	--FDE (22 time steps): 0.0250
--ATE translation: 0.7532
[2025-05-24 15:55:41] Epoch: 12		Loss: 3.016856	Loss Translation.: 0.024773	Loss Rotation.: 0.011896	Combined Loss Dist.: 1.833492	Loss Uncertainty: 1.183364
--ADE (5 time steps): 0.0174	--FDE (5 time steps): 0.0142
--ADE (10 time steps): 0.0187	--FDE (10 time steps): 0.0160
--ADE (15 time steps): 0.0199	--FDE (15 time steps): 0.0150
--ADE (20 time steps): 0.0217	--FDE (20 time steps): 0.0155
--ADE (22 time steps): 0.0598	--FDE (22 time steps): 0.0213
--ATE translation: 0.0884
[2025-05-24 15:56:31] Epoch: 13		Loss: 2.970276	Loss Translation.: 0.025100	Loss Rotation.: 0.011289	Combined Loss Dist.: 1.819455	Loss Uncertainty: 1.150821
--ADE (5 time steps): 0.0176	--FDE (5 time steps): 0.0144
--ADE (10 time steps): 0.0183	--FDE (10 time steps): 0.0159
--ADE (15 time steps): 0.0191	--FDE (15 time steps): 0.0148
--ADE (20 time steps): 0.0209	--FDE (20 time steps): 0.0141
--ADE (22 time steps): 0.1312	--FDE (22 time steps): 0.0236
--ATE translation: 0.1574
[2025-05-24 15:57:21] Epoch: 14		Loss: 2.893073	Loss Translation.: 0.024589	Loss Rotation.: 0.010691	Combined Loss Dist.: 1.764004	Loss Uncertainty: 1.129069
--ADE (5 time steps): 0.0176	--FDE (5 time steps): 0.0125
--ADE (10 time steps): 0.0172	--FDE (10 time steps): 0.0130
--ADE (15 time steps): 0.0182	--FDE (15 time steps): 0.0154
--ADE (20 time steps): 0.0234	--FDE (20 time steps): 0.0162
--ADE (22 time steps): 0.0609	--FDE (22 time steps): 0.0272
--ATE translation: 0.0776
[INFO] New best model (ATE)! Checkpoint saved to ./results/6_3_Synthetic_Straight_Right_Bias/6_3_9D_Synthetic_Straight_Right_Bias/models/best_checkpoint_epoch_14.pth
[2025-05-24 15:58:12] Epoch: 15		Loss: 2.758329	Loss Translation.: 0.023320	Loss Rotation.: 0.009603	Combined Loss Dist.: 1.646146	Loss Uncertainty: 1.112183
--ADE (5 time steps): 0.0156	--FDE (5 time steps): 0.0119
--ADE (10 time steps): 0.0163	--FDE (10 time steps): 0.0127
--ADE (15 time steps): 0.0170	--FDE (15 time steps): 0.0126
--ADE (20 time steps): 0.0186	--FDE (20 time steps): 0.0131
--ADE (22 time steps): 0.1721	--FDE (22 time steps): 0.0246
--ATE translation: 0.5946
[2025-05-24 15:59:02] Epoch: 16		Loss: 2.719767	Loss Translation.: 0.022578	Loss Rotation.: 0.010189	Combined Loss Dist.: 1.638328	Loss Uncertainty: 1.081439
--ADE (5 time steps): 0.0164	--FDE (5 time steps): 0.0119
--ADE (10 time steps): 0.0167	--FDE (10 time steps): 0.0135
--ADE (15 time steps): 0.0179	--FDE (15 time steps): 0.0147
--ADE (20 time steps): 0.0230	--FDE (20 time steps): 0.0164
--ADE (22 time steps): 0.1539	--FDE (22 time steps): 0.0288
--ATE translation: 0.4536
[2025-05-24 15:59:52] Epoch: 17		Loss: 2.373979	Loss Translation.: 0.018468	Loss Rotation.: 0.007818	Combined Loss Dist.: 1.314271	Loss Uncertainty: 1.059708
--ADE (5 time steps): 0.0138	--FDE (5 time steps): 0.0108
--ADE (10 time steps): 0.0144	--FDE (10 time steps): 0.0111
--ADE (15 time steps): 0.0149	--FDE (15 time steps): 0.0107
--ADE (20 time steps): 0.0162	--FDE (20 time steps): 0.0117
--ADE (22 time steps): 0.0982	--FDE (22 time steps): 0.0258
--ATE translation: 0.1696
[2025-05-24 16:00:42] Epoch: 18		Loss: 2.259446	Loss Translation.: 0.017373	Loss Rotation.: 0.007115	Combined Loss Dist.: 1.224420	Loss Uncertainty: 1.035026
--ADE (5 time steps): 0.0134	--FDE (5 time steps): 0.0106
--ADE (10 time steps): 0.0141	--FDE (10 time steps): 0.0106
--ADE (15 time steps): 0.0144	--FDE (15 time steps): 0.0105
--ADE (20 time steps): 0.0152	--FDE (20 time steps): 0.0112
--ADE (22 time steps): 0.1182	--FDE (22 time steps): 0.0246
--ATE translation: 0.1767
[2025-05-24 16:01:33] Epoch: 19		Loss: 2.179938	Loss Translation.: 0.016755	Loss Rotation.: 0.006453	Combined Loss Dist.: 1.160368	Loss Uncertainty: 1.019570
--ADE (5 time steps): 0.0142	--FDE (5 time steps): 0.0116
--ADE (10 time steps): 0.0154	--FDE (10 time steps): 0.0131
--ADE (15 time steps): 0.0165	--FDE (15 time steps): 0.0143
--ADE (20 time steps): 0.0185	--FDE (20 time steps): 0.0160
--ADE (22 time steps): 0.1148	--FDE (22 time steps): 0.0270
--ATE translation: 0.3339
[2025-05-24 16:02:23] Epoch: 20		Loss: 2.245618	Loss Translation.: 0.017254	Loss Rotation.: 0.007481	Combined Loss Dist.: 1.236736	Loss Uncertainty: 1.008881
--ADE (5 time steps): 0.0144	--FDE (5 time steps): 0.0115
--ADE (10 time steps): 0.0154	--FDE (10 time steps): 0.0115
--ADE (15 time steps): 0.0164	--FDE (15 time steps): 0.0132
--ADE (20 time steps): 0.0182	--FDE (20 time steps): 0.0146
--ADE (22 time steps): 0.0441	--FDE (22 time steps): 0.0263
--ATE translation: 0.0663
[INFO] New best model (ATE)! Checkpoint saved to ./results/6_3_Synthetic_Straight_Right_Bias/6_3_9D_Synthetic_Straight_Right_Bias/models/best_checkpoint_epoch_20.pth
[2025-05-24 16:03:13] Epoch: 21		Loss: 2.115319	Loss Translation.: 0.016001	Loss Rotation.: 0.006460	Combined Loss Dist.: 1.123057	Loss Uncertainty: 0.992262
--ADE (5 time steps): 0.0132	--FDE (5 time steps): 0.0109
--ADE (10 time steps): 0.0145	--FDE (10 time steps): 0.0121
--ADE (15 time steps): 0.0156	--FDE (15 time steps): 0.0136
--ADE (20 time steps): 0.0177	--FDE (20 time steps): 0.0140
--ADE (22 time steps): 0.0693	--FDE (22 time steps): 0.0269
--ATE translation: 0.0789
[2025-05-24 16:04:03] Epoch: 22		Loss: 2.098635	Loss Translation.: 0.016110	Loss Rotation.: 0.006198	Combined Loss Dist.: 1.115411	Loss Uncertainty: 0.983224
--ADE (5 time steps): 0.0140	--FDE (5 time steps): 0.0117
--ADE (10 time steps): 0.0149	--FDE (10 time steps): 0.0109
--ADE (15 time steps): 0.0156	--FDE (15 time steps): 0.0113
--ADE (20 time steps): 0.0182	--FDE (20 time steps): 0.0115
--ADE (22 time steps): 0.0767	--FDE (22 time steps): 0.0242
--ATE translation: 0.2340
[2025-05-24 16:04:54] Epoch: 23		Loss: 2.379203	Loss Translation.: 0.021439	Loss Rotation.: 0.006297	Combined Loss Dist.: 1.386832	Loss Uncertainty: 0.992371
--ADE (5 time steps): 0.0126	--FDE (5 time steps): 0.0101
--ADE (10 time steps): 0.0129	--FDE (10 time steps): 0.0096
--ADE (15 time steps): 0.0132	--FDE (15 time steps): 0.0101
--ADE (20 time steps): 0.0142	--FDE (20 time steps): 0.0098
--ADE (22 time steps): 0.0657	--FDE (22 time steps): 0.0220
--ATE translation: 0.2139
[2025-05-24 16:05:44] Epoch: 24		Loss: 2.298538	Loss Translation.: 0.020294	Loss Rotation.: 0.006035	Combined Loss Dist.: 1.316434	Loss Uncertainty: 0.982104
--ADE (5 time steps): 0.0138	--FDE (5 time steps): 0.0114
--ADE (10 time steps): 0.0150	--FDE (10 time steps): 0.0125
--ADE (15 time steps): 0.0162	--FDE (15 time steps): 0.0128
--ADE (20 time steps): 0.0187	--FDE (20 time steps): 0.0154
--ADE (22 time steps): 0.0619	--FDE (22 time steps): 0.0281
--ATE translation: 0.1995
[2025-05-24 16:06:34] Epoch: 25		Loss: 2.085979	Loss Translation.: 0.016010	Loss Rotation.: 0.006355	Combined Loss Dist.: 1.118209	Loss Uncertainty: 0.967769
--ADE (5 time steps): 0.0136	--FDE (5 time steps): 0.0118
--ADE (10 time steps): 0.0143	--FDE (10 time steps): 0.0109
--ADE (15 time steps): 0.0148	--FDE (15 time steps): 0.0108
--ADE (20 time steps): 0.0160	--FDE (20 time steps): 0.0113
--ADE (22 time steps): 0.0567	--FDE (22 time steps): 0.0235
--ATE translation: 0.1879
[2025-05-24 16:07:24] Epoch: 26		Loss: 1.992274	Loss Translation.: 0.014590	Loss Rotation.: 0.006180	Combined Loss Dist.: 1.038510	Loss Uncertainty: 0.953764
--ADE (5 time steps): 0.0122	--FDE (5 time steps): 0.0097
--ADE (10 time steps): 0.0126	--FDE (10 time steps): 0.0091
--ADE (15 time steps): 0.0130	--FDE (15 time steps): 0.0090
--ADE (20 time steps): 0.0140	--FDE (20 time steps): 0.0097
--ADE (22 time steps): 0.0518	--FDE (22 time steps): 0.0218
--ATE translation: 0.1719
[2025-05-24 16:08:14] Epoch: 27		Loss: 2.027685	Loss Translation.: 0.015559	Loss Rotation.: 0.006120	Combined Loss Dist.: 1.083915	Loss Uncertainty: 0.943770
--ADE (5 time steps): 0.0128	--FDE (5 time steps): 0.0106
--ADE (10 time steps): 0.0137	--FDE (10 time steps): 0.0107
--ADE (15 time steps): 0.0148	--FDE (15 time steps): 0.0127
--ADE (20 time steps): 0.0170	--FDE (20 time steps): 0.0145
--ADE (22 time steps): 0.0512	--FDE (22 time steps): 0.0248
--ATE translation: 0.1603
[2025-05-24 16:09:05] Epoch: 28		Loss: 1.949579	Loss Translation.: 0.014156	Loss Rotation.: 0.006192	Combined Loss Dist.: 1.017404	Loss Uncertainty: 0.932174
--ADE (5 time steps): 0.0122	--FDE (5 time steps): 0.0101
--ADE (10 time steps): 0.0130	--FDE (10 time steps): 0.0099
--ADE (15 time steps): 0.0135	--FDE (15 time steps): 0.0105
--ADE (20 time steps): 0.0145	--FDE (20 time steps): 0.0111
--ADE (22 time steps): 0.0403	--FDE (22 time steps): 0.0222
--ATE translation: 0.0836
[2025-05-24 16:09:55] Epoch: 29		Loss: 1.895338	Loss Translation.: 0.013637	Loss Rotation.: 0.005902	Combined Loss Dist.: 0.976959	Loss Uncertainty: 0.918378
--ADE (5 time steps): 0.0118	--FDE (5 time steps): 0.0098
--ADE (10 time steps): 0.0122	--FDE (10 time steps): 0.0088
--ADE (15 time steps): 0.0124	--FDE (15 time steps): 0.0091
--ADE (20 time steps): 0.0129	--FDE (20 time steps): 0.0091
--ADE (22 time steps): 0.0407	--FDE (22 time steps): 0.0201
--ATE translation: 0.1244
[2025-05-24 16:10:45] Epoch: 30		Loss: 1.914998	Loss Translation.: 0.013984	Loss Rotation.: 0.006165	Combined Loss Dist.: 1.007461	Loss Uncertainty: 0.907537
--ADE (5 time steps): 0.0123	--FDE (5 time steps): 0.0099
--ADE (10 time steps): 0.0131	--FDE (10 time steps): 0.0107
--ADE (15 time steps): 0.0138	--FDE (15 time steps): 0.0106
--ADE (20 time steps): 0.0146	--FDE (20 time steps): 0.0113
--ADE (22 time steps): 0.0383	--FDE (22 time steps): 0.0251
--ATE translation: 0.1062
[2025-05-24 16:11:35] Epoch: 31		Loss: 1.906826	Loss Translation.: 0.013786	Loss Rotation.: 0.006428	Combined Loss Dist.: 1.010678	Loss Uncertainty: 0.896148
--ADE (5 time steps): 0.0119	--FDE (5 time steps): 0.0102
--ADE (10 time steps): 0.0126	--FDE (10 time steps): 0.0100
--ADE (15 time steps): 0.0130	--FDE (15 time steps): 0.0106
--ADE (20 time steps): 0.0135	--FDE (20 time steps): 0.0108
--ADE (22 time steps): 0.0331	--FDE (22 time steps): 0.0207
--ATE translation: 0.0886
[2025-05-24 16:12:26] Epoch: 32		Loss: 1.843401	Loss Translation.: 0.013277	Loss Rotation.: 0.005925	Combined Loss Dist.: 0.960098	Loss Uncertainty: 0.883303
--ADE (5 time steps): 0.0119	--FDE (5 time steps): 0.0099
--ADE (10 time steps): 0.0125	--FDE (10 time steps): 0.0093
--ADE (15 time steps): 0.0128	--FDE (15 time steps): 0.0096
--ADE (20 time steps): 0.0132	--FDE (20 time steps): 0.0095
--ADE (22 time steps): 0.0286	--FDE (22 time steps): 0.0192
--ATE translation: 0.0703
[2025-05-24 16:13:16] Epoch: 33		Loss: 1.778610	Loss Translation.: 0.012274	Loss Rotation.: 0.005856	Combined Loss Dist.: 0.906530	Loss Uncertainty: 0.872080
--ADE (5 time steps): 0.0114	--FDE (5 time steps): 0.0098
--ADE (10 time steps): 0.0119	--FDE (10 time steps): 0.0087
--ADE (15 time steps): 0.0122	--FDE (15 time steps): 0.0097
--ADE (20 time steps): 0.0128	--FDE (20 time steps): 0.0084
--ADE (22 time steps): 0.0246	--FDE (22 time steps): 0.0195
--ATE translation: 0.0539
[INFO] New best model (ATE)! Checkpoint saved to ./results/6_3_Synthetic_Straight_Right_Bias/6_3_9D_Synthetic_Straight_Right_Bias/models/best_checkpoint_epoch_33.pth
[2025-05-24 16:14:06] Epoch: 34		Loss: 1.771298	Loss Translation.: 0.012400	Loss Rotation.: 0.005746	Combined Loss Dist.: 0.907256	Loss Uncertainty: 0.864042
--ADE (5 time steps): 0.0119	--FDE (5 time steps): 0.0094
--ADE (10 time steps): 0.0120	--FDE (10 time steps): 0.0088
--ADE (15 time steps): 0.0123	--FDE (15 time steps): 0.0094
--ADE (20 time steps): 0.0133	--FDE (20 time steps): 0.0089
--ADE (22 time steps): 0.0225	--FDE (22 time steps): 0.0192
--ATE translation: 0.0446
[INFO] New best model (ATE)! Checkpoint saved to ./results/6_3_Synthetic_Straight_Right_Bias/6_3_9D_Synthetic_Straight_Right_Bias/models/best_checkpoint_epoch_34.pth
[2025-05-24 16:14:56] Epoch: 35		Loss: 1.756362	Loss Translation.: 0.012303	Loss Rotation.: 0.005705	Combined Loss Dist.: 0.900366	Loss Uncertainty: 0.855996
--ADE (5 time steps): 0.0116	--FDE (5 time steps): 0.0099
--ADE (10 time steps): 0.0123	--FDE (10 time steps): 0.0095
--ADE (15 time steps): 0.0130	--FDE (15 time steps): 0.0108
--ADE (20 time steps): 0.0141	--FDE (20 time steps): 0.0118
--ADE (22 time steps): 0.0208	--FDE (22 time steps): 0.0220
--ATE translation: 0.0340
[INFO] New best model (ATE)! Checkpoint saved to ./results/6_3_Synthetic_Straight_Right_Bias/6_3_9D_Synthetic_Straight_Right_Bias/models/best_checkpoint_epoch_35.pth
[2025-05-24 16:15:47] Epoch: 36		Loss: 1.736705	Loss Translation.: 0.012056	Loss Rotation.: 0.005758	Combined Loss Dist.: 0.890682	Loss Uncertainty: 0.846022
--ADE (5 time steps): 0.0115	--FDE (5 time steps): 0.0098
--ADE (10 time steps): 0.0121	--FDE (10 time steps): 0.0093
--ADE (15 time steps): 0.0124	--FDE (15 time steps): 0.0100
--ADE (20 time steps): 0.0127	--FDE (20 time steps): 0.0092
--ADE (22 time steps): 0.0313	--FDE (22 time steps): 0.0193
--ATE translation: 0.0788
[2025-05-24 16:16:37] Epoch: 37		Loss: 1.728387	Loss Translation.: 0.012029	Loss Rotation.: 0.005776	Combined Loss Dist.: 0.890217	Loss Uncertainty: 0.838170
--ADE (5 time steps): 0.0118	--FDE (5 time steps): 0.0101
--ADE (10 time steps): 0.0126	--FDE (10 time steps): 0.0100
--ADE (15 time steps): 0.0133	--FDE (15 time steps): 0.0109
--ADE (20 time steps): 0.0145	--FDE (20 time steps): 0.0123
--ADE (22 time steps): 0.0271	--FDE (22 time steps): 0.0224
--ATE translation: 0.0562
[2025-05-24 16:17:27] Epoch: 38		Loss: 1.714208	Loss Translation.: 0.012037	Loss Rotation.: 0.005700	Combined Loss Dist.: 0.886815	Loss Uncertainty: 0.827393
--ADE (5 time steps): 0.0115	--FDE (5 time steps): 0.0099
--ADE (10 time steps): 0.0121	--FDE (10 time steps): 0.0086
--ADE (15 time steps): 0.0125	--FDE (15 time steps): 0.0096
--ADE (20 time steps): 0.0132	--FDE (20 time steps): 0.0097
--ADE (22 time steps): 0.0249	--FDE (22 time steps): 0.0205
--ATE translation: 0.0325
[INFO] New best model (ATE)! Checkpoint saved to ./results/6_3_Synthetic_Straight_Right_Bias/6_3_9D_Synthetic_Straight_Right_Bias/models/best_checkpoint_epoch_38.pth
[2025-05-24 16:18:18] Epoch: 39		Loss: 1.725676	Loss Translation.: 0.012406	Loss Rotation.: 0.005668	Combined Loss Dist.: 0.903714	Loss Uncertainty: 0.821963
--ADE (5 time steps): 0.0121	--FDE (5 time steps): 0.0109
--ADE (10 time steps): 0.0129	--FDE (10 time steps): 0.0111
--ADE (15 time steps): 0.0136	--FDE (15 time steps): 0.0119
--ADE (20 time steps): 0.0145	--FDE (20 time steps): 0.0120
--ADE (22 time steps): 0.0826	--FDE (22 time steps): 0.0209
--ATE translation: 0.1296
[2025-05-24 16:19:08] Epoch: 40		Loss: 1.696108	Loss Translation.: 0.012029	Loss Rotation.: 0.005681	Combined Loss Dist.: 0.885482	Loss Uncertainty: 0.810626
--ADE (5 time steps): 0.0115	--FDE (5 time steps): 0.0095
--ADE (10 time steps): 0.0123	--FDE (10 time steps): 0.0094
--ADE (15 time steps): 0.0130	--FDE (15 time steps): 0.0109
--ADE (20 time steps): 0.0138	--FDE (20 time steps): 0.0116
--ADE (22 time steps): 0.0232	--FDE (22 time steps): 0.0203
--ATE translation: 0.0296
[INFO] New best model (ATE)! Checkpoint saved to ./results/6_3_Synthetic_Straight_Right_Bias/6_3_9D_Synthetic_Straight_Right_Bias/models/best_checkpoint_epoch_40.pth
[2025-05-24 16:19:58] Epoch: 41		Loss: 1.652564	Loss Translation.: 0.011280	Loss Rotation.: 0.005698	Combined Loss Dist.: 0.848871	Loss Uncertainty: 0.803692
--ADE (5 time steps): 0.0114	--FDE (5 time steps): 0.0096
--ADE (10 time steps): 0.0119	--FDE (10 time steps): 0.0091
--ADE (15 time steps): 0.0123	--FDE (15 time steps): 0.0101
--ADE (20 time steps): 0.0128	--FDE (20 time steps): 0.0097
--ADE (22 time steps): 0.0366	--FDE (22 time steps): 0.0193
--ATE translation: 0.0384
[2025-05-24 16:20:48] Epoch: 42		Loss: 1.634654	Loss Translation.: 0.011124	Loss Rotation.: 0.005674	Combined Loss Dist.: 0.839878	Loss Uncertainty: 0.794776
--ADE (5 time steps): 0.0112	--FDE (5 time steps): 0.0087
--ADE (10 time steps): 0.0116	--FDE (10 time steps): 0.0088
--ADE (15 time steps): 0.0118	--FDE (15 time steps): 0.0091
--ADE (20 time steps): 0.0120	--FDE (20 time steps): 0.0090
--ADE (22 time steps): 0.0249	--FDE (22 time steps): 0.0194
--ATE translation: 0.0303
[2025-05-24 16:21:39] Epoch: 43		Loss: 1.592463	Loss Translation.: 0.010559	Loss Rotation.: 0.005597	Combined Loss Dist.: 0.807802	Loss Uncertainty: 0.784661
--ADE (5 time steps): 0.0104	--FDE (5 time steps): 0.0089
--ADE (10 time steps): 0.0107	--FDE (10 time steps): 0.0088
--ADE (15 time steps): 0.0108	--FDE (15 time steps): 0.0091
--ADE (20 time steps): 0.0112	--FDE (20 time steps): 0.0084
--ADE (22 time steps): 0.0185	--FDE (22 time steps): 0.0196
--ATE translation: 0.0222
[INFO] New best model (ATE)! Checkpoint saved to ./results/6_3_Synthetic_Straight_Right_Bias/6_3_9D_Synthetic_Straight_Right_Bias/models/best_checkpoint_epoch_43.pth
[2025-05-24 16:22:29] Epoch: 44		Loss: 1.565142	Loss Translation.: 0.010196	Loss Rotation.: 0.005603	Combined Loss Dist.: 0.789907	Loss Uncertainty: 0.775235
--ADE (5 time steps): 0.0103	--FDE (5 time steps): 0.0089
--ADE (10 time steps): 0.0106	--FDE (10 time steps): 0.0084
--ADE (15 time steps): 0.0108	--FDE (15 time steps): 0.0090
--ADE (20 time steps): 0.0113	--FDE (20 time steps): 0.0088
--ADE (22 time steps): 0.0226	--FDE (22 time steps): 0.0191
--ATE translation: 0.0284
[2025-05-24 16:23:19] Epoch: 45		Loss: 1.554402	Loss Translation.: 0.010152	Loss Rotation.: 0.005607	Combined Loss Dist.: 0.787912	Loss Uncertainty: 0.766490
--ADE (5 time steps): 0.0099	--FDE (5 time steps): 0.0084
--ADE (10 time steps): 0.0101	--FDE (10 time steps): 0.0086
--ADE (15 time steps): 0.0103	--FDE (15 time steps): 0.0088
--ADE (20 time steps): 0.0107	--FDE (20 time steps): 0.0087
--ADE (22 time steps): 0.0231	--FDE (22 time steps): 0.0199
--ATE translation: 0.0242
[2025-05-24 16:24:09] Epoch: 46		Loss: 1.525671	Loss Translation.: 0.009752	Loss Rotation.: 0.005586	Combined Loss Dist.: 0.766899	Loss Uncertainty: 0.758771
--ADE (5 time steps): 0.0099	--FDE (5 time steps): 0.0088
--ADE (10 time steps): 0.0102	--FDE (10 time steps): 0.0087
--ADE (15 time steps): 0.0105	--FDE (15 time steps): 0.0093
--ADE (20 time steps): 0.0108	--FDE (20 time steps): 0.0091
--ADE (22 time steps): 0.0157	--FDE (22 time steps): 0.0196
--ATE translation: 0.0166
[INFO] New best model (ATE)! Checkpoint saved to ./results/6_3_Synthetic_Straight_Right_Bias/6_3_9D_Synthetic_Straight_Right_Bias/models/best_checkpoint_epoch_46.pth
[2025-05-24 16:25:00] Epoch: 47		Loss: 1.515522	Loss Translation.: 0.009665	Loss Rotation.: 0.005606	Combined Loss Dist.: 0.763576	Loss Uncertainty: 0.751946
--ADE (5 time steps): 0.0096	--FDE (5 time steps): 0.0089
--ADE (10 time steps): 0.0099	--FDE (10 time steps): 0.0086
--ADE (15 time steps): 0.0100	--FDE (15 time steps): 0.0092
--ADE (20 time steps): 0.0103	--FDE (20 time steps): 0.0089
--ADE (22 time steps): 0.0164	--FDE (22 time steps): 0.0192
--ATE translation: 0.0171
[2025-05-24 16:25:50] Epoch: 48		Loss: 1.503067	Loss Translation.: 0.009577	Loss Rotation.: 0.005590	Combined Loss Dist.: 0.758346	Loss Uncertainty: 0.744721
--ADE (5 time steps): 0.0101	--FDE (5 time steps): 0.0091
--ADE (10 time steps): 0.0104	--FDE (10 time steps): 0.0088
--ADE (15 time steps): 0.0106	--FDE (15 time steps): 0.0094
--ADE (20 time steps): 0.0109	--FDE (20 time steps): 0.0093
--ADE (22 time steps): 0.0246	--FDE (22 time steps): 0.0193
--ATE translation: 0.0301
[2025-05-24 16:26:40] Epoch: 49		Loss: 1.475461	Loss Translation.: 0.009205	Loss Rotation.: 0.005556	Combined Loss Dist.: 0.738085	Loss Uncertainty: 0.737376
--ADE (5 time steps): 0.0098	--FDE (5 time steps): 0.0088
--ADE (10 time steps): 0.0100	--FDE (10 time steps): 0.0089
--ADE (15 time steps): 0.0101	--FDE (15 time steps): 0.0095
--ADE (20 time steps): 0.0104	--FDE (20 time steps): 0.0098
--ADE (22 time steps): 0.0173	--FDE (22 time steps): 0.0202
--ATE translation: 0.0182
[2025-05-24 16:27:30] Epoch: 50		Loss: 1.443617	Loss Translation.: 0.008658	Loss Rotation.: 0.005586	Combined Loss Dist.: 0.712201	Loss Uncertainty: 0.731416
--ADE (5 time steps): 0.0092	--FDE (5 time steps): 0.0087
--ADE (10 time steps): 0.0094	--FDE (10 time steps): 0.0085
--ADE (15 time steps): 0.0095	--FDE (15 time steps): 0.0091
--ADE (20 time steps): 0.0098	--FDE (20 time steps): 0.0089
--ADE (22 time steps): 0.0128	--FDE (22 time steps): 0.0196
--ATE translation: 0.0135
[INFO] New best model (ATE)! Checkpoint saved to ./results/6_3_Synthetic_Straight_Right_Bias/6_3_9D_Synthetic_Straight_Right_Bias/models/best_checkpoint_epoch_50.pth
[2025-05-24 16:28:21] Epoch: 51		Loss: 1.415719	Loss Translation.: 0.008249	Loss Rotation.: 0.005572	Combined Loss Dist.: 0.691045	Loss Uncertainty: 0.724674
--ADE (5 time steps): 0.0089	--FDE (5 time steps): 0.0083
--ADE (10 time steps): 0.0090	--FDE (10 time steps): 0.0080
--ADE (15 time steps): 0.0091	--FDE (15 time steps): 0.0083
--ADE (20 time steps): 0.0094	--FDE (20 time steps): 0.0085
--ADE (22 time steps): 0.0123	--FDE (22 time steps): 0.0194
--ATE translation: 0.0130
[INFO] New best model (ATE)! Checkpoint saved to ./results/6_3_Synthetic_Straight_Right_Bias/6_3_9D_Synthetic_Straight_Right_Bias/models/best_checkpoint_epoch_51.pth
[2025-05-24 16:29:11] Epoch: 52		Loss: 1.404050	Loss Translation.: 0.008149	Loss Rotation.: 0.005566	Combined Loss Dist.: 0.685761	Loss Uncertainty: 0.718289
--ADE (5 time steps): 0.0088	--FDE (5 time steps): 0.0083
--ADE (10 time steps): 0.0089	--FDE (10 time steps): 0.0080
--ADE (15 time steps): 0.0090	--FDE (15 time steps): 0.0081
--ADE (20 time steps): 0.0093	--FDE (20 time steps): 0.0084
--ADE (22 time steps): 0.0124	--FDE (22 time steps): 0.0195
--ATE translation: 0.0130
[2025-05-24 16:30:01] Epoch: 53		Loss: 1.395010	Loss Translation.: 0.008108	Loss Rotation.: 0.005551	Combined Loss Dist.: 0.682929	Loss Uncertainty: 0.712080
--ADE (5 time steps): 0.0087	--FDE (5 time steps): 0.0081
--ADE (10 time steps): 0.0089	--FDE (10 time steps): 0.0078
--ADE (15 time steps): 0.0090	--FDE (15 time steps): 0.0083
--ADE (20 time steps): 0.0093	--FDE (20 time steps): 0.0087
--ADE (22 time steps): 0.0124	--FDE (22 time steps): 0.0196
--ATE translation: 0.0133
[2025-05-24 16:30:51] Epoch: 54		Loss: 1.377597	Loss Translation.: 0.007895	Loss Rotation.: 0.005544	Combined Loss Dist.: 0.671967	Loss Uncertainty: 0.705630
--ADE (5 time steps): 0.0086	--FDE (5 time steps): 0.0082
--ADE (10 time steps): 0.0088	--FDE (10 time steps): 0.0081
--ADE (15 time steps): 0.0089	--FDE (15 time steps): 0.0084
--ADE (20 time steps): 0.0091	--FDE (20 time steps): 0.0083
--ADE (22 time steps): 0.0112	--FDE (22 time steps): 0.0197
--ATE translation: 0.0120
[INFO] New best model (ATE)! Checkpoint saved to ./results/6_3_Synthetic_Straight_Right_Bias/6_3_9D_Synthetic_Straight_Right_Bias/models/best_checkpoint_epoch_54.pth
[2025-05-24 16:31:42] Epoch: 55		Loss: 1.358847	Loss Translation.: 0.007640	Loss Rotation.: 0.005557	Combined Loss Dist.: 0.659834	Loss Uncertainty: 0.699013
--ADE (5 time steps): 0.0086	--FDE (5 time steps): 0.0082
--ADE (10 time steps): 0.0087	--FDE (10 time steps): 0.0081
--ADE (15 time steps): 0.0088	--FDE (15 time steps): 0.0084
--ADE (20 time steps): 0.0090	--FDE (20 time steps): 0.0084
--ADE (22 time steps): 0.0111	--FDE (22 time steps): 0.0196
--ATE translation: 0.0118
[INFO] New best model (ATE)! Checkpoint saved to ./results/6_3_Synthetic_Straight_Right_Bias/6_3_9D_Synthetic_Straight_Right_Bias/models/best_checkpoint_epoch_55.pth
[2025-05-24 16:32:32] Epoch: 56		Loss: 1.349951	Loss Translation.: 0.007585	Loss Rotation.: 0.005569	Combined Loss Dist.: 0.657679	Loss Uncertainty: 0.692272
--ADE (5 time steps): 0.0085	--FDE (5 time steps): 0.0081
--ADE (10 time steps): 0.0086	--FDE (10 time steps): 0.0080
--ADE (15 time steps): 0.0087	--FDE (15 time steps): 0.0082
--ADE (20 time steps): 0.0089	--FDE (20 time steps): 0.0084
--ADE (22 time steps): 0.0113	--FDE (22 time steps): 0.0198
--ATE translation: 0.0120
[2025-05-24 16:33:22] Epoch: 57		Loss: 1.334578	Loss Translation.: 0.007421	Loss Rotation.: 0.005540	Combined Loss Dist.: 0.648061	Loss Uncertainty: 0.686517
--ADE (5 time steps): 0.0085	--FDE (5 time steps): 0.0081
--ADE (10 time steps): 0.0086	--FDE (10 time steps): 0.0079
--ADE (15 time steps): 0.0086	--FDE (15 time steps): 0.0082
--ADE (20 time steps): 0.0088	--FDE (20 time steps): 0.0083
--ADE (22 time steps): 0.0109	--FDE (22 time steps): 0.0198
--ATE translation: 0.0116
[INFO] New best model (ATE)! Checkpoint saved to ./results/6_3_Synthetic_Straight_Right_Bias/6_3_9D_Synthetic_Straight_Right_Bias/models/best_checkpoint_epoch_57.pth
[2025-05-24 16:34:13] Epoch: 58		Loss: 1.329324	Loss Translation.: 0.007399	Loss Rotation.: 0.005533	Combined Loss Dist.: 0.646626	Loss Uncertainty: 0.682698
--ADE (5 time steps): 0.0086	--FDE (5 time steps): 0.0082
--ADE (10 time steps): 0.0087	--FDE (10 time steps): 0.0080
--ADE (15 time steps): 0.0087	--FDE (15 time steps): 0.0082
--ADE (20 time steps): 0.0089	--FDE (20 time steps): 0.0086
--ADE (22 time steps): 0.0109	--FDE (22 time steps): 0.0200
--ATE translation: 0.0117
[2025-05-24 16:35:03] Epoch: 59		Loss: 1.323846	Loss Translation.: 0.007371	Loss Rotation.: 0.005522	Combined Loss Dist.: 0.644682	Loss Uncertainty: 0.679164
--ADE (5 time steps): 0.0084	--FDE (5 time steps): 0.0080
--ADE (10 time steps): 0.0085	--FDE (10 time steps): 0.0080
--ADE (15 time steps): 0.0086	--FDE (15 time steps): 0.0082
--ADE (20 time steps): 0.0088	--FDE (20 time steps): 0.0084
--ADE (22 time steps): 0.0109	--FDE (22 time steps): 0.0199
--ATE translation: 0.0117
[2025-05-24 16:35:53] Epoch: 60		Loss: 1.320417	Loss Translation.: 0.007363	Loss Rotation.: 0.005527	Combined Loss Dist.: 0.644501	Loss Uncertainty: 0.675916
--ADE (5 time steps): 0.0086	--FDE (5 time steps): 0.0082
--ADE (10 time steps): 0.0087	--FDE (10 time steps): 0.0081
--ADE (15 time steps): 0.0088	--FDE (15 time steps): 0.0083
--ADE (20 time steps): 0.0090	--FDE (20 time steps): 0.0086
--ADE (22 time steps): 0.0110	--FDE (22 time steps): 0.0200
--ATE translation: 0.0117
[2025-05-24 16:36:43] Epoch: 61		Loss: 1.312780	Loss Translation.: 0.007282	Loss Rotation.: 0.005525	Combined Loss Dist.: 0.640326	Loss Uncertainty: 0.672455
--ADE (5 time steps): 0.0085	--FDE (5 time steps): 0.0081
--ADE (10 time steps): 0.0086	--FDE (10 time steps): 0.0080
--ADE (15 time steps): 0.0086	--FDE (15 time steps): 0.0082
--ADE (20 time steps): 0.0088	--FDE (20 time steps): 0.0084
--ADE (22 time steps): 0.0110	--FDE (22 time steps): 0.0199
--ATE translation: 0.0117
[2025-05-24 16:37:34] Epoch: 62		Loss: 1.310781	Loss Translation.: 0.007296	Loss Rotation.: 0.005540	Combined Loss Dist.: 0.641815	Loss Uncertainty: 0.668966
--ADE (5 time steps): 0.0084	--FDE (5 time steps): 0.0080
--ADE (10 time steps): 0.0085	--FDE (10 time steps): 0.0080
--ADE (15 time steps): 0.0086	--FDE (15 time steps): 0.0083
--ADE (20 time steps): 0.0088	--FDE (20 time steps): 0.0085
--ADE (22 time steps): 0.0110	--FDE (22 time steps): 0.0200
--ATE translation: 0.0117
[2025-05-24 16:38:24] Epoch: 63		Loss: 1.305552	Loss Translation.: 0.007243	Loss Rotation.: 0.005552	Combined Loss Dist.: 0.639739	Loss Uncertainty: 0.665813
--ADE (5 time steps): 0.0085	--FDE (5 time steps): 0.0081
--ADE (10 time steps): 0.0086	--FDE (10 time steps): 0.0080
--ADE (15 time steps): 0.0087	--FDE (15 time steps): 0.0083
--ADE (20 time steps): 0.0089	--FDE (20 time steps): 0.0086
--ADE (22 time steps): 0.0111	--FDE (22 time steps): 0.0203
--ATE translation: 0.0118
[2025-05-24 16:39:14] Epoch: 64		Loss: 1.299623	Loss Translation.: 0.007203	Loss Rotation.: 0.005549	Combined Loss Dist.: 0.637603	Loss Uncertainty: 0.662020
--ADE (5 time steps): 0.0086	--FDE (5 time steps): 0.0082
--ADE (10 time steps): 0.0088	--FDE (10 time steps): 0.0082
--ADE (15 time steps): 0.0089	--FDE (15 time steps): 0.0085
--ADE (20 time steps): 0.0091	--FDE (20 time steps): 0.0088
--ADE (22 time steps): 0.0113	--FDE (22 time steps): 0.0203
--ATE translation: 0.0120
[2025-05-24 16:40:04] Epoch: 65		Loss: 1.290662	Loss Translation.: 0.007113	Loss Rotation.: 0.005519	Combined Loss Dist.: 0.631576	Loss Uncertainty: 0.659086
--ADE (5 time steps): 0.0085	--FDE (5 time steps): 0.0081
--ADE (10 time steps): 0.0086	--FDE (10 time steps): 0.0081
--ADE (15 time steps): 0.0087	--FDE (15 time steps): 0.0083
--ADE (20 time steps): 0.0089	--FDE (20 time steps): 0.0085
--ADE (22 time steps): 0.0110	--FDE (22 time steps): 0.0201
--ATE translation: 0.0117
[2025-05-24 16:40:54] Epoch: 66		Loss: 1.288519	Loss Translation.: 0.007110	Loss Rotation.: 0.005520	Combined Loss Dist.: 0.631545	Loss Uncertainty: 0.656974
--ADE (5 time steps): 0.0086	--FDE (5 time steps): 0.0081
--ADE (10 time steps): 0.0087	--FDE (10 time steps): 0.0081
--ADE (15 time steps): 0.0087	--FDE (15 time steps): 0.0083
--ADE (20 time steps): 0.0089	--FDE (20 time steps): 0.0085
--ADE (22 time steps): 0.0111	--FDE (22 time steps): 0.0202
--ATE translation: 0.0118
[2025-05-24 16:41:45] Epoch: 67		Loss: 1.284653	Loss Translation.: 0.007069	Loss Rotation.: 0.005522	Combined Loss Dist.: 0.629561	Loss Uncertainty: 0.655092
--ADE (5 time steps): 0.0085	--FDE (5 time steps): 0.0081
--ADE (10 time steps): 0.0086	--FDE (10 time steps): 0.0081
--ADE (15 time steps): 0.0087	--FDE (15 time steps): 0.0083
--ADE (20 time steps): 0.0089	--FDE (20 time steps): 0.0085
--ADE (22 time steps): 0.0110	--FDE (22 time steps): 0.0202
--ATE translation: 0.0117
[2025-05-24 16:42:35] Epoch: 68		Loss: 1.283611	Loss Translation.: 0.007090	Loss Rotation.: 0.005523	Combined Loss Dist.: 0.630622	Loss Uncertainty: 0.652989
--ADE (5 time steps): 0.0087	--FDE (5 time steps): 0.0082
--ADE (10 time steps): 0.0087	--FDE (10 time steps): 0.0082
--ADE (15 time steps): 0.0088	--FDE (15 time steps): 0.0084
--ADE (20 time steps): 0.0089	--FDE (20 time steps): 0.0085
--ADE (22 time steps): 0.0111	--FDE (22 time steps): 0.0202
--ATE translation: 0.0118
[2025-05-24 16:43:25] Epoch: 69		Loss: 1.278803	Loss Translation.: 0.007028	Loss Rotation.: 0.005523	Combined Loss Dist.: 0.627567	Loss Uncertainty: 0.651236
--ADE (5 time steps): 0.0085	--FDE (5 time steps): 0.0081
--ADE (10 time steps): 0.0086	--FDE (10 time steps): 0.0081
--ADE (15 time steps): 0.0087	--FDE (15 time steps): 0.0083
--ADE (20 time steps): 0.0089	--FDE (20 time steps): 0.0085
--ADE (22 time steps): 0.0110	--FDE (22 time steps): 0.0202
--ATE translation: 0.0117
[2025-05-24 16:44:15] Epoch: 70		Loss: 1.276394	Loss Translation.: 0.007026	Loss Rotation.: 0.005524	Combined Loss Dist.: 0.627484	Loss Uncertainty: 0.648910
--ADE (5 time steps): 0.0086	--FDE (5 time steps): 0.0082
--ADE (10 time steps): 0.0087	--FDE (10 time steps): 0.0082
--ADE (15 time steps): 0.0087	--FDE (15 time steps): 0.0084
--ADE (20 time steps): 0.0089	--FDE (20 time steps): 0.0085
--ADE (22 time steps): 0.0111	--FDE (22 time steps): 0.0203
--ATE translation: 0.0118
[2025-05-24 16:45:06] Epoch: 71		Loss: 1.273677	Loss Translation.: 0.007013	Loss Rotation.: 0.005526	Combined Loss Dist.: 0.626959	Loss Uncertainty: 0.646718
--ADE (5 time steps): 0.0086	--FDE (5 time steps): 0.0082
--ADE (10 time steps): 0.0087	--FDE (10 time steps): 0.0082
--ADE (15 time steps): 0.0088	--FDE (15 time steps): 0.0084
--ADE (20 time steps): 0.0090	--FDE (20 time steps): 0.0085
--ADE (22 time steps): 0.0111	--FDE (22 time steps): 0.0204
--ATE translation: 0.0118
[2025-05-24 16:45:56] Epoch: 72		Loss: 1.270847	Loss Translation.: 0.007003	Loss Rotation.: 0.005525	Combined Loss Dist.: 0.626398	Loss Uncertainty: 0.644449
--ADE (5 time steps): 0.0085	--FDE (5 time steps): 0.0081
--ADE (10 time steps): 0.0087	--FDE (10 time steps): 0.0081
--ADE (15 time steps): 0.0087	--FDE (15 time steps): 0.0084
--ADE (20 time steps): 0.0089	--FDE (20 time steps): 0.0085
--ADE (22 time steps): 0.0110	--FDE (22 time steps): 0.0203
--ATE translation: 0.0118
[2025-05-24 16:46:46] Epoch: 73		Loss: 1.267161	Loss Translation.: 0.006971	Loss Rotation.: 0.005516	Combined Loss Dist.: 0.624370	Loss Uncertainty: 0.642792
--ADE (5 time steps): 0.0085	--FDE (5 time steps): 0.0080
--ADE (10 time steps): 0.0086	--FDE (10 time steps): 0.0081
--ADE (15 time steps): 0.0086	--FDE (15 time steps): 0.0083
--ADE (20 time steps): 0.0089	--FDE (20 time steps): 0.0085
--ADE (22 time steps): 0.0110	--FDE (22 time steps): 0.0203
--ATE translation: 0.0117
[2025-05-24 16:47:36] Epoch: 74		Loss: 1.265159	Loss Translation.: 0.006954	Loss Rotation.: 0.005515	Combined Loss Dist.: 0.623429	Loss Uncertainty: 0.641731
--ADE (5 time steps): 0.0084	--FDE (5 time steps): 0.0080
--ADE (10 time steps): 0.0086	--FDE (10 time steps): 0.0081
--ADE (15 time steps): 0.0086	--FDE (15 time steps): 0.0083
--ADE (20 time steps): 0.0089	--FDE (20 time steps): 0.0085
--ADE (22 time steps): 0.0110	--FDE (22 time steps): 0.0203
--ATE translation: 0.0117
[2025-05-24 16:48:27] Epoch: 75		Loss: 1.263942	Loss Translation.: 0.006952	Loss Rotation.: 0.005515	Combined Loss Dist.: 0.623339	Loss Uncertainty: 0.640603
--ADE (5 time steps): 0.0084	--FDE (5 time steps): 0.0080
--ADE (10 time steps): 0.0085	--FDE (10 time steps): 0.0081
--ADE (15 time steps): 0.0086	--FDE (15 time steps): 0.0083
--ADE (20 time steps): 0.0089	--FDE (20 time steps): 0.0085
--ADE (22 time steps): 0.0110	--FDE (22 time steps): 0.0203
--ATE translation: 0.0117
[2025-05-24 16:49:17] Epoch: 76		Loss: 1.262561	Loss Translation.: 0.006947	Loss Rotation.: 0.005516	Combined Loss Dist.: 0.623110	Loss Uncertainty: 0.639451
--ADE (5 time steps): 0.0084	--FDE (5 time steps): 0.0081
--ADE (10 time steps): 0.0086	--FDE (10 time steps): 0.0081
--ADE (15 time steps): 0.0086	--FDE (15 time steps): 0.0083
--ADE (20 time steps): 0.0089	--FDE (20 time steps): 0.0085
--ADE (22 time steps): 0.0110	--FDE (22 time steps): 0.0203
--ATE translation: 0.0117
[2025-05-24 16:50:07] Epoch: 77		Loss: 1.261124	Loss Translation.: 0.006941	Loss Rotation.: 0.005516	Combined Loss Dist.: 0.622860	Loss Uncertainty: 0.638264
--ADE (5 time steps): 0.0085	--FDE (5 time steps): 0.0080
--ADE (10 time steps): 0.0086	--FDE (10 time steps): 0.0081
--ADE (15 time steps): 0.0086	--FDE (15 time steps): 0.0084
--ADE (20 time steps): 0.0089	--FDE (20 time steps): 0.0086
--ADE (22 time steps): 0.0110	--FDE (22 time steps): 0.0203
--ATE translation: 0.0117
[2025-05-24 16:50:57] Epoch: 78		Loss: 1.259562	Loss Translation.: 0.006933	Loss Rotation.: 0.005516	Combined Loss Dist.: 0.622484	Loss Uncertainty: 0.637078
--ADE (5 time steps): 0.0085	--FDE (5 time steps): 0.0081
--ADE (10 time steps): 0.0086	--FDE (10 time steps): 0.0081
--ADE (15 time steps): 0.0086	--FDE (15 time steps): 0.0083
--ADE (20 time steps): 0.0089	--FDE (20 time steps): 0.0085
--ADE (22 time steps): 0.0110	--FDE (22 time steps): 0.0203
--ATE translation: 0.0117
[2025-05-24 16:51:47] Epoch: 79		Loss: 1.257999	Loss Translation.: 0.006925	Loss Rotation.: 0.005517	Combined Loss Dist.: 0.622093	Loss Uncertainty: 0.635906
--ADE (5 time steps): 0.0085	--FDE (5 time steps): 0.0081
--ADE (10 time steps): 0.0086	--FDE (10 time steps): 0.0081
--ADE (15 time steps): 0.0086	--FDE (15 time steps): 0.0083
--ADE (20 time steps): 0.0089	--FDE (20 time steps): 0.0085
--ADE (22 time steps): 0.0110	--FDE (22 time steps): 0.0204
--ATE translation: 0.0117
[2025-05-24 16:52:38] Epoch: 80		Loss: 1.256246	Loss Translation.: 0.006913	Loss Rotation.: 0.005518	Combined Loss Dist.: 0.621550	Loss Uncertainty: 0.634696
--ADE (5 time steps): 0.0085	--FDE (5 time steps): 0.0081
--ADE (10 time steps): 0.0086	--FDE (10 time steps): 0.0081
--ADE (15 time steps): 0.0086	--FDE (15 time steps): 0.0083
--ADE (20 time steps): 0.0089	--FDE (20 time steps): 0.0085
--ADE (22 time steps): 0.0109	--FDE (22 time steps): 0.0204
--ATE translation: 0.0117

JOB STATISTICS
==============
Job ID: 12012307
Cluster: snellius
User/Group: scur2440/scur2440
State: RUNNING
Nodes: 1
Cores per node: 18
CPU Utilized: 00:00:00
CPU Efficiency: 0.00% of 20:18:54 core-walltime
Job Wall-clock time: 01:07:43
Memory Utilized: 0.00 MB
Memory Efficiency: 0.00% of 120.00 GB (120.00 GB/node)
WARNING: Efficiency statistics can only be obtained after the job has ended as seff tool is based on the accounting database data.
