***************************************************************************************************** 
* WARNING: The 2022 software stack is deprecated. Please consider switching to
the latest 2024 * 
* software stack, or the older 2023 software stack. * 
* * 
* If you have any question, please contact us via
http://servicedesk.surfsara.nl. * 
***************************************************************************************************** 

Configuration:
description: LED
results_root_dir: results
dataset: kitti
dimensions: 7
past_frames: 10
future_frames: 20
min_past_frames: 10
min_future_frames: 20
k_preds: 30
synthetic_gt: straight
synthetic_noise: random_independent
traj_mean: [14, 7.5]
traj_scale: 1
relative: False
normalised: False
overfitting: True
selected_trajectories: False
pretrained_core_denoising_model: ./results/checkpoints/base_diffusion_model.p
debug: False
diffusion: {'steps': 150, 'beta_start': 0.0001, 'beta_end': 0.05, 'beta_schedule': 'linear'}
lr: 0.001
train_batch_size: 64
test_batch_size: 64
num_epochs: 100
test_interval: 1
lr_scheduler: step
decay_step: 8
decay_gamma: 0.5

[INFO] KITTI dataset (1 agent).
Overfitting: True
file name & length /scratch-shared/scur_2440/kitti/poses/00.txt 4512
file name & length /scratch-shared/scur_2440/kitti/poses/01.txt 1072
file name & length /scratch-shared/scur_2440/kitti/poses/02.txt 4632
file name & length /scratch-shared/scur_2440/kitti/poses/03.txt 772
file name & length /scratch-shared/scur_2440/kitti/poses/04.txt 242
file name & length /scratch-shared/scur_2440/kitti/poses/05.txt 2732
file name & length /scratch-shared/scur_2440/kitti/poses/06.txt 1072
file name & length /scratch-shared/scur_2440/kitti/poses/07.txt 1072
file name & length /scratch-shared/scur_2440/kitti/poses/08.txt 4042
file name & length /scratch-shared/scur_2440/kitti/poses/09.txt 1562
file name & length /scratch-shared/scur_2440/kitti/poses/10.txt 1172
Time diff avg (fut): 1.97235
Assumes homogenous-matrix from
Len dataset: 18305
Overfitting: True
file name & length /scratch-shared/scur_2440/kitti/poses/00.txt 4512
file name & length /scratch-shared/scur_2440/kitti/poses/01.txt 1072
file name & length /scratch-shared/scur_2440/kitti/poses/02.txt 4632
file name & length /scratch-shared/scur_2440/kitti/poses/03.txt 772
file name & length /scratch-shared/scur_2440/kitti/poses/04.txt 242
file name & length /scratch-shared/scur_2440/kitti/poses/05.txt 2732
file name & length /scratch-shared/scur_2440/kitti/poses/06.txt 1072
file name & length /scratch-shared/scur_2440/kitti/poses/07.txt 1072
file name & length /scratch-shared/scur_2440/kitti/poses/08.txt 4042
file name & length /scratch-shared/scur_2440/kitti/poses/09.txt 1562
file name & length /scratch-shared/scur_2440/kitti/poses/10.txt 1172
Time diff avg (fut): 1.97235
Assumes homogenous-matrix from
Len dataset: 2288
[INFO] Now using random trajectory shuffling.


[INFO] KITTI dataset - skip subtracting mean from absolute positions.
[INFO] Training from scratch - without pretrained models (Not NBA with frame standard configs)

[Core Denoising Model] Trainable/Total: 6584760/6584760
[Initialization Model] Trainable/Total: 8144013/8144013
[2025-06-12 14:33:45] Epoch: 1		Loss: 38.751279	Loss Translation.: 0.639412	Loss Rotation.: 0.072676	Combined Loss Dist.: 35.604401	Loss Uncertainty: 3.146878
--ADE (5 time steps): 0.2135	--FDE (5 time steps): 0.2621
--ADE (10 time steps): 0.3561	--FDE (10 time steps): 0.5597
--ADE (15 time steps): 0.5149	--FDE (15 time steps): 0.8799
--ADE (20 time steps): 0.8608	--FDE (20 time steps): 1.8745
--ATE translation: 1.2703
[2025-06-12 14:35:38] Epoch: 2		Loss: 23.385742	Loss Translation.: 0.360474	Loss Rotation.: 0.056906	Combined Loss Dist.: 20.868998	Loss Uncertainty: 2.516745
--ADE (5 time steps): 0.1698	--FDE (5 time steps): 0.2341
--ADE (10 time steps): 0.2937	--FDE (10 time steps): 0.4362
--ADE (15 time steps): 0.4413	--FDE (15 time steps): 0.7832
--ADE (20 time steps): 0.7319	--FDE (20 time steps): 1.7926
--ATE translation: 1.0738
[INFO] New best model (ATE)! Checkpoint saved to ./results/7_1_KittiPrior_10in_20out_k30/7_1_KittiPrior_10in_20out_k30_Overfit/models/best_checkpoint_epoch_2.pth
[2025-06-12 14:37:31] Epoch: 3		Loss: 20.639497	Loss Translation.: 0.317356	Loss Rotation.: 0.051674	Combined Loss Dist.: 18.451512	Loss Uncertainty: 2.187986
--ADE (5 time steps): 0.2347	--FDE (5 time steps): 0.2969
--ADE (10 time steps): 0.3725	--FDE (10 time steps): 0.5263
--ADE (15 time steps): 0.5174	--FDE (15 time steps): 0.8131
--ADE (20 time steps): 0.8255	--FDE (20 time steps): 2.3553
--ATE translation: 1.1789
[2025-06-12 14:39:23] Epoch: 4		Loss: 17.935387	Loss Translation.: 0.280685	Loss Rotation.: 0.036982	Combined Loss Dist.: 15.883345	Loss Uncertainty: 2.052041
--ADE (5 time steps): 0.1431	--FDE (5 time steps): 0.1793
--ADE (10 time steps): 0.2231	--FDE (10 time steps): 0.3251
--ADE (15 time steps): 0.3343	--FDE (15 time steps): 0.5491
--ADE (20 time steps): 0.5456	--FDE (20 time steps): 1.7156
--ATE translation: 0.7817
[INFO] New best model (ATE)! Checkpoint saved to ./results/7_1_KittiPrior_10in_20out_k30/7_1_KittiPrior_10in_20out_k30_Overfit/models/best_checkpoint_epoch_4.pth
[2025-06-12 14:41:16] Epoch: 5		Loss: 16.728277	Loss Translation.: 0.263779	Loss Rotation.: 0.031186	Combined Loss Dist.: 14.748267	Loss Uncertainty: 1.980010
--ADE (5 time steps): 0.1294	--FDE (5 time steps): 0.1354
--ADE (10 time steps): 0.1860	--FDE (10 time steps): 0.2559
--ADE (15 time steps): 0.2804	--FDE (15 time steps): 0.4686
--ADE (20 time steps): 0.4657	--FDE (20 time steps): 1.4492
--ATE translation: 0.6685
[INFO] New best model (ATE)! Checkpoint saved to ./results/7_1_KittiPrior_10in_20out_k30/7_1_KittiPrior_10in_20out_k30_Overfit/models/best_checkpoint_epoch_5.pth
[2025-06-12 14:43:08] Epoch: 6		Loss: 15.024193	Loss Translation.: 0.233977	Loss Rotation.: 0.029074	Combined Loss Dist.: 13.152589	Loss Uncertainty: 1.871604
--ADE (5 time steps): 0.1302	--FDE (5 time steps): 0.1772
--ADE (10 time steps): 0.2214	--FDE (10 time steps): 0.3743
--ADE (15 time steps): 0.3404	--FDE (15 time steps): 0.6438
--ADE (20 time steps): 0.5409	--FDE (20 time steps): 1.8762
--ATE translation: 0.7447
[2025-06-12 14:45:01] Epoch: 7		Loss: 13.796471	Loss Translation.: 0.212672	Loss Rotation.: 0.027532	Combined Loss Dist.: 12.010217	Loss Uncertainty: 1.786254
--ADE (5 time steps): 0.1090	--FDE (5 time steps): 0.1445
--ADE (10 time steps): 0.1779	--FDE (10 time steps): 0.2761
--ADE (15 time steps): 0.2694	--FDE (15 time steps): 0.4876
--ADE (20 time steps): 0.4676	--FDE (20 time steps): 1.8195
--ATE translation: 0.7131
[2025-06-12 14:46:53] Epoch: 8		Loss: 13.795915	Loss Translation.: 0.215731	Loss Rotation.: 0.024972	Combined Loss Dist.: 12.035174	Loss Uncertainty: 1.760741
--ADE (5 time steps): 0.0932	--FDE (5 time steps): 0.1204
--ADE (10 time steps): 0.1697	--FDE (10 time steps): 0.2662
--ADE (15 time steps): 0.2665	--FDE (15 time steps): 0.4898
--ADE (20 time steps): 0.4520	--FDE (20 time steps): 1.6683
--ATE translation: 0.6644
[INFO] New best model (ATE)! Checkpoint saved to ./results/7_1_KittiPrior_10in_20out_k30/7_1_KittiPrior_10in_20out_k30_Overfit/models/best_checkpoint_epoch_8.pth
[2025-06-12 14:48:46] Epoch: 9		Loss: 11.041488	Loss Translation.: 0.167522	Loss Rotation.: 0.021472	Combined Loss Dist.: 9.449693	Loss Uncertainty: 1.591795
--ADE (5 time steps): 0.0661	--FDE (5 time steps): 0.0847
--ADE (10 time steps): 0.1166	--FDE (10 time steps): 0.1960
--ADE (15 time steps): 0.1893	--FDE (15 time steps): 0.3639
--ADE (20 time steps): 0.3457	--FDE (20 time steps): 1.5573
--ATE translation: 0.5370
[INFO] New best model (ATE)! Checkpoint saved to ./results/7_1_KittiPrior_10in_20out_k30/7_1_KittiPrior_10in_20out_k30_Overfit/models/best_checkpoint_epoch_9.pth
[2025-06-12 14:50:38] Epoch: 10		Loss: 10.309542	Loss Translation.: 0.154811	Loss Rotation.: 0.020775	Combined Loss Dist.: 8.779284	Loss Uncertainty: 1.530257
--ADE (5 time steps): 0.0630	--FDE (5 time steps): 0.0852
--ADE (10 time steps): 0.1180	--FDE (10 time steps): 0.2201
--ADE (15 time steps): 0.1966	--FDE (15 time steps): 0.3901
--ADE (20 time steps): 0.3567	--FDE (20 time steps): 1.3097
--ATE translation: 0.5506
[2025-06-12 14:52:30] Epoch: 11		Loss: 10.219304	Loss Translation.: 0.153870	Loss Rotation.: 0.019970	Combined Loss Dist.: 8.691984	Loss Uncertainty: 1.527320
--ADE (5 time steps): 0.0601	--FDE (5 time steps): 0.0754
--ADE (10 time steps): 0.1077	--FDE (10 time steps): 0.1706
--ADE (15 time steps): 0.1754	--FDE (15 time steps): 0.3288
--ADE (20 time steps): 0.3188	--FDE (20 time steps): 1.4705
--ATE translation: 0.4949
[INFO] New best model (ATE)! Checkpoint saved to ./results/7_1_KittiPrior_10in_20out_k30/7_1_KittiPrior_10in_20out_k30_Overfit/models/best_checkpoint_epoch_11.pth
[2025-06-12 14:54:23] Epoch: 12		Loss: 9.525966	Loss Translation.: 0.141847	Loss Rotation.: 0.019223	Combined Loss Dist.: 8.053485	Loss Uncertainty: 1.472481
--ADE (5 time steps): 0.0567	--FDE (5 time steps): 0.0633
--ADE (10 time steps): 0.0948	--FDE (10 time steps): 0.1527
--ADE (15 time steps): 0.1554	--FDE (15 time steps): 0.2953
--ADE (20 time steps): 0.2817	--FDE (20 time steps): 1.2583
--ATE translation: 0.4309
[INFO] New best model (ATE)! Checkpoint saved to ./results/7_1_KittiPrior_10in_20out_k30/7_1_KittiPrior_10in_20out_k30_Overfit/models/best_checkpoint_epoch_12.pth
[2025-06-12 14:56:15] Epoch: 13		Loss: 9.402286	Loss Translation.: 0.140332	Loss Rotation.: 0.018559	Combined Loss Dist.: 7.944552	Loss Uncertainty: 1.457733
--ADE (5 time steps): 0.0529	--FDE (5 time steps): 0.0616
--ADE (10 time steps): 0.0952	--FDE (10 time steps): 0.1558
--ADE (15 time steps): 0.1564	--FDE (15 time steps): 0.3091
--ADE (20 time steps): 0.2955	--FDE (20 time steps): 1.4347
--ATE translation: 0.4731
[2025-06-12 14:58:08] Epoch: 14		Loss: 9.258946	Loss Translation.: 0.138237	Loss Rotation.: 0.018167	Combined Loss Dist.: 7.820216	Loss Uncertainty: 1.438730
--ADE (5 time steps): 0.0496	--FDE (5 time steps): 0.0633
--ADE (10 time steps): 0.0921	--FDE (10 time steps): 0.1564
--ADE (15 time steps): 0.1563	--FDE (15 time steps): 0.3128
--ADE (20 time steps): 0.2924	--FDE (20 time steps): 1.4405
--ATE translation: 0.4569
[2025-06-12 15:00:00] Epoch: 15		Loss: 9.222981	Loss Translation.: 0.138058	Loss Rotation.: 0.017871	Combined Loss Dist.: 7.796412	Loss Uncertainty: 1.426569
--ADE (5 time steps): 0.0607	--FDE (5 time steps): 0.0794
--ADE (10 time steps): 0.1091	--FDE (10 time steps): 0.1883
--ADE (15 time steps): 0.1779	--FDE (15 time steps): 0.3389
--ADE (20 time steps): 0.3239	--FDE (20 time steps): 1.5653
--ATE translation: 0.4991
[2025-06-12 15:01:53] Epoch: 16		Loss: 9.116464	Loss Translation.: 0.136621	Loss Rotation.: 0.017460	Combined Loss Dist.: 7.704036	Loss Uncertainty: 1.412428
--ADE (5 time steps): 0.0503	--FDE (5 time steps): 0.0651
--ADE (10 time steps): 0.0944	--FDE (10 time steps): 0.1601
--ADE (15 time steps): 0.1572	--FDE (15 time steps): 0.3227
--ADE (20 time steps): 0.2976	--FDE (20 time steps): 1.3959
--ATE translation: 0.4714
[2025-06-12 15:03:45] Epoch: 17		Loss: 7.973583	Loss Translation.: 0.116988	Loss Rotation.: 0.015701	Combined Loss Dist.: 6.634461	Loss Uncertainty: 1.339122
--ADE (5 time steps): 0.0411	--FDE (5 time steps): 0.0542
--ADE (10 time steps): 0.0765	--FDE (10 time steps): 0.1341
--ADE (15 time steps): 0.1305	--FDE (15 time steps): 0.2648
--ADE (20 time steps): 0.2477	--FDE (20 time steps): 1.1698
--ATE translation: 0.3912
[INFO] New best model (ATE)! Checkpoint saved to ./results/7_1_KittiPrior_10in_20out_k30/7_1_KittiPrior_10in_20out_k30_Overfit/models/best_checkpoint_epoch_17.pth
[2025-06-12 15:05:38] Epoch: 18		Loss: 7.712470	Loss Translation.: 0.112751	Loss Rotation.: 0.015342	Combined Loss Dist.: 6.404643	Loss Uncertainty: 1.307827
--ADE (5 time steps): 0.0403	--FDE (5 time steps): 0.0533
--ADE (10 time steps): 0.0779	--FDE (10 time steps): 0.1405
--ADE (15 time steps): 0.1347	--FDE (15 time steps): 0.2749
--ADE (20 time steps): 0.2535	--FDE (20 time steps): 1.2505
--ATE translation: 0.3993
[2025-06-12 15:07:30] Epoch: 19		Loss: 7.527074	Loss Translation.: 0.109652	Loss Rotation.: 0.015064	Combined Loss Dist.: 6.235781	Loss Uncertainty: 1.291293
--ADE (5 time steps): 0.0413	--FDE (5 time steps): 0.0550
--ADE (10 time steps): 0.0763	--FDE (10 time steps): 0.1345
--ADE (15 time steps): 0.1321	--FDE (15 time steps): 0.2698
--ADE (20 time steps): 0.2518	--FDE (20 time steps): 1.2569
--ATE translation: 0.3997
[2025-06-12 15:09:22] Epoch: 20		Loss: 7.486318	Loss Translation.: 0.109135	Loss Rotation.: 0.014750	Combined Loss Dist.: 6.194273	Loss Uncertainty: 1.292045
--ADE (5 time steps): 0.0353	--FDE (5 time steps): 0.0481
--ADE (10 time steps): 0.0709	--FDE (10 time steps): 0.1250
--ADE (15 time steps): 0.1229	--FDE (15 time steps): 0.2566
--ADE (20 time steps): 0.2358	--FDE (20 time steps): 1.1730
--ATE translation: 0.3765
[INFO] New best model (ATE)! Checkpoint saved to ./results/7_1_KittiPrior_10in_20out_k30/7_1_KittiPrior_10in_20out_k30_Overfit/models/best_checkpoint_epoch_20.pth
[2025-06-12 15:11:14] Epoch: 21		Loss: 7.457930	Loss Translation.: 0.108891	Loss Rotation.: 0.014659	Combined Loss Dist.: 6.177468	Loss Uncertainty: 1.280462
--ADE (5 time steps): 0.0371	--FDE (5 time steps): 0.0536
--ADE (10 time steps): 0.0763	--FDE (10 time steps): 0.1359
--ADE (15 time steps): 0.1326	--FDE (15 time steps): 0.2598
--ADE (20 time steps): 0.2459	--FDE (20 time steps): 1.1903
--ATE translation: 0.3841
[2025-06-12 15:13:07] Epoch: 22		Loss: 7.321917	Loss Translation.: 0.106744	Loss Rotation.: 0.014440	Combined Loss Dist.: 6.059171	Loss Uncertainty: 1.262746
--ADE (5 time steps): 0.0396	--FDE (5 time steps): 0.0503
--ADE (10 time steps): 0.0739	--FDE (10 time steps): 0.1291
--ADE (15 time steps): 0.1282	--FDE (15 time steps): 0.2621
--ADE (20 time steps): 0.2440	--FDE (20 time steps): 1.2443
--ATE translation: 0.3884
[2025-06-12 15:14:59] Epoch: 23		Loss: 7.272099	Loss Translation.: 0.106050	Loss Rotation.: 0.014262	Combined Loss Dist.: 6.015611	Loss Uncertainty: 1.256489
--ADE (5 time steps): 0.0405	--FDE (5 time steps): 0.0546
--ADE (10 time steps): 0.0785	--FDE (10 time steps): 0.1352
--ADE (15 time steps): 0.1334	--FDE (15 time steps): 0.2669
--ADE (20 time steps): 0.2523	--FDE (20 time steps): 1.3052
--ATE translation: 0.4026
[2025-06-12 15:16:51] Epoch: 24		Loss: 7.152728	Loss Translation.: 0.104005	Loss Rotation.: 0.014037	Combined Loss Dist.: 5.902058	Loss Uncertainty: 1.250670
--ADE (5 time steps): 0.0353	--FDE (5 time steps): 0.0488
--ADE (10 time steps): 0.0720	--FDE (10 time steps): 0.1297
--ADE (15 time steps): 0.1236	--FDE (15 time steps): 0.2557
--ADE (20 time steps): 0.2383	--FDE (20 time steps): 1.2403
--ATE translation: 0.3862
[2025-06-12 15:18:43] Epoch: 25		Loss: 6.580321	Loss Translation.: 0.094369	Loss Rotation.: 0.013016	Combined Loss Dist.: 5.369245	Loss Uncertainty: 1.211076
--ADE (5 time steps): 0.0323	--FDE (5 time steps): 0.0430
--ADE (10 time steps): 0.0639	--FDE (10 time steps): 0.1165
--ADE (15 time steps): 0.1113	--FDE (15 time steps): 0.2328
--ADE (20 time steps): 0.2188	--FDE (20 time steps): 1.1708
--ATE translation: 0.3581
[INFO] New best model (ATE)! Checkpoint saved to ./results/7_1_KittiPrior_10in_20out_k30/7_1_KittiPrior_10in_20out_k30_Overfit/models/best_checkpoint_epoch_25.pth
[2025-06-12 15:20:36] Epoch: 26		Loss: 6.450205	Loss Translation.: 0.092307	Loss Rotation.: 0.012754	Combined Loss Dist.: 5.253040	Loss Uncertainty: 1.197165
--ADE (5 time steps): 0.0338	--FDE (5 time steps): 0.0459
--ADE (10 time steps): 0.0662	--FDE (10 time steps): 0.1197
--ADE (15 time steps): 0.1134	--FDE (15 time steps): 0.2334
--ADE (20 time steps): 0.2191	--FDE (20 time steps): 1.1388
--ATE translation: 0.3530
[INFO] New best model (ATE)! Checkpoint saved to ./results/7_1_KittiPrior_10in_20out_k30/7_1_KittiPrior_10in_20out_k30_Overfit/models/best_checkpoint_epoch_26.pth
[2025-06-12 15:22:28] Epoch: 27		Loss: 6.418619	Loss Translation.: 0.091861	Loss Rotation.: 0.012641	Combined Loss Dist.: 5.225108	Loss Uncertainty: 1.193511
--ADE (5 time steps): 0.0355	--FDE (5 time steps): 0.0489
--ADE (10 time steps): 0.0675	--FDE (10 time steps): 0.1202
--ADE (15 time steps): 0.1141	--FDE (15 time steps): 0.2312
--ADE (20 time steps): 0.2211	--FDE (20 time steps): 1.1657
--ATE translation: 0.3604
[2025-06-12 15:24:20] Epoch: 28		Loss: 6.299276	Loss Translation.: 0.089791	Loss Rotation.: 0.012488	Combined Loss Dist.: 5.113920	Loss Uncertainty: 1.185357
--ADE (5 time steps): 0.0333	--FDE (5 time steps): 0.0467
--ADE (10 time steps): 0.0647	--FDE (10 time steps): 0.1167
--ADE (15 time steps): 0.1108	--FDE (15 time steps): 0.2309
--ADE (20 time steps): 0.2149	--FDE (20 time steps): 1.1264
--ATE translation: 0.3457
[INFO] New best model (ATE)! Checkpoint saved to ./results/7_1_KittiPrior_10in_20out_k30/7_1_KittiPrior_10in_20out_k30_Overfit/models/best_checkpoint_epoch_28.pth
[2025-06-12 15:26:12] Epoch: 29		Loss: 6.197858	Loss Translation.: 0.088063	Loss Rotation.: 0.012383	Combined Loss Dist.: 5.022310	Loss Uncertainty: 1.175548
--ADE (5 time steps): 0.0304	--FDE (5 time steps): 0.0414
--ADE (10 time steps): 0.0605	--FDE (10 time steps): 0.1093
--ADE (15 time steps): 0.1054	--FDE (15 time steps): 0.2198
--ADE (20 time steps): 0.2075	--FDE (20 time steps): 1.1382
--ATE translation: 0.3407
[INFO] New best model (ATE)! Checkpoint saved to ./results/7_1_KittiPrior_10in_20out_k30/7_1_KittiPrior_10in_20out_k30_Overfit/models/best_checkpoint_epoch_29.pth
[2025-06-12 15:28:05] Epoch: 30		Loss: 6.138761	Loss Translation.: 0.087094	Loss Rotation.: 0.012287	Combined Loss Dist.: 4.969017	Loss Uncertainty: 1.169744
--ADE (5 time steps): 0.0330	--FDE (5 time steps): 0.0453
--ADE (10 time steps): 0.0632	--FDE (10 time steps): 0.1122
--ADE (15 time steps): 0.1090	--FDE (15 time steps): 0.2203
--ADE (20 time steps): 0.2098	--FDE (20 time steps): 1.1252
--ATE translation: 0.3390
[INFO] New best model (ATE)! Checkpoint saved to ./results/7_1_KittiPrior_10in_20out_k30/7_1_KittiPrior_10in_20out_k30_Overfit/models/best_checkpoint_epoch_30.pth
[2025-06-12 15:29:57] Epoch: 31		Loss: 6.117093	Loss Translation.: 0.086888	Loss Rotation.: 0.012145	Combined Loss Dist.: 4.951632	Loss Uncertainty: 1.165460
--ADE (5 time steps): 0.0321	--FDE (5 time steps): 0.0455
--ADE (10 time steps): 0.0632	--FDE (10 time steps): 0.1129
--ADE (15 time steps): 0.1079	--FDE (15 time steps): 0.2227
--ADE (20 time steps): 0.2102	--FDE (20 time steps): 1.1401
--ATE translation: 0.3432
[2025-06-12 15:31:49] Epoch: 32		Loss: 6.054621	Loss Translation.: 0.085879	Loss Rotation.: 0.012035	Combined Loss Dist.: 4.895705	Loss Uncertainty: 1.158915
--ADE (5 time steps): 0.0330	--FDE (5 time steps): 0.0437
--ADE (10 time steps): 0.0624	--FDE (10 time steps): 0.1103
--ADE (15 time steps): 0.1060	--FDE (15 time steps): 0.2168
--ADE (20 time steps): 0.2060	--FDE (20 time steps): 1.1134
--ATE translation: 0.3340
[INFO] New best model (ATE)! Checkpoint saved to ./results/7_1_KittiPrior_10in_20out_k30/7_1_KittiPrior_10in_20out_k30_Overfit/models/best_checkpoint_epoch_32.pth
[2025-06-12 15:33:41] Epoch: 33		Loss: 5.744159	Loss Translation.: 0.080597	Loss Rotation.: 0.011425	Combined Loss Dist.: 4.601092	Loss Uncertainty: 1.143067
--ADE (5 time steps): 0.0286	--FDE (5 time steps): 0.0400
--ADE (10 time steps): 0.0570	--FDE (10 time steps): 0.1040
--ADE (15 time steps): 0.0991	--FDE (15 time steps): 0.2061
--ADE (20 time steps): 0.1967	--FDE (20 time steps): 1.0988
--ATE translation: 0.3256
[INFO] New best model (ATE)! Checkpoint saved to ./results/7_1_KittiPrior_10in_20out_k30/7_1_KittiPrior_10in_20out_k30_Overfit/models/best_checkpoint_epoch_33.pth
[2025-06-12 15:35:34] Epoch: 34		Loss: 5.647486	Loss Translation.: 0.078945	Loss Rotation.: 0.011268	Combined Loss Dist.: 4.510648	Loss Uncertainty: 1.136839
--ADE (5 time steps): 0.0281	--FDE (5 time steps): 0.0399
--ADE (10 time steps): 0.0565	--FDE (10 time steps): 0.1055
--ADE (15 time steps): 0.0991	--FDE (15 time steps): 0.2083
--ADE (20 time steps): 0.1974	--FDE (20 time steps): 1.1055
--ATE translation: 0.3266
[2025-06-12 15:37:26] Epoch: 35		Loss: 5.582727	Loss Translation.: 0.077845	Loss Rotation.: 0.011157	Combined Loss Dist.: 4.450121	Loss Uncertainty: 1.132606
--ADE (5 time steps): 0.0288	--FDE (5 time steps): 0.0387
--ADE (10 time steps): 0.0561	--FDE (10 time steps): 0.1026
--ADE (15 time steps): 0.0974	--FDE (15 time steps): 0.2043
--ADE (20 time steps): 0.1942	--FDE (20 time steps): 1.0890
--ATE translation: 0.3230
[INFO] New best model (ATE)! Checkpoint saved to ./results/7_1_KittiPrior_10in_20out_k30/7_1_KittiPrior_10in_20out_k30_Overfit/models/best_checkpoint_epoch_35.pth
[2025-06-12 15:39:18] Epoch: 36		Loss: 5.567898	Loss Translation.: 0.077712	Loss Rotation.: 0.011067	Combined Loss Dist.: 4.438949	Loss Uncertainty: 1.128949
--ADE (5 time steps): 0.0285	--FDE (5 time steps): 0.0402
--ADE (10 time steps): 0.0565	--FDE (10 time steps): 0.1035
--ADE (15 time steps): 0.0983	--FDE (15 time steps): 0.2046
--ADE (20 time steps): 0.1954	--FDE (20 time steps): 1.0901
--ATE translation: 0.3230
[INFO] New best model (ATE)! Checkpoint saved to ./results/7_1_KittiPrior_10in_20out_k30/7_1_KittiPrior_10in_20out_k30_Overfit/models/best_checkpoint_epoch_36.pth
[2025-06-12 15:41:11] Epoch: 37		Loss: 5.508758	Loss Translation.: 0.076651	Loss Rotation.: 0.010981	Combined Loss Dist.: 4.381572	Loss Uncertainty: 1.127187
--ADE (5 time steps): 0.0279	--FDE (5 time steps): 0.0390
--ADE (10 time steps): 0.0554	--FDE (10 time steps): 0.1022
--ADE (15 time steps): 0.0972	--FDE (15 time steps): 0.2038
--ADE (20 time steps): 0.1938	--FDE (20 time steps): 1.0945
--ATE translation: 0.3218
[INFO] New best model (ATE)! Checkpoint saved to ./results/7_1_KittiPrior_10in_20out_k30/7_1_KittiPrior_10in_20out_k30_Overfit/models/best_checkpoint_epoch_37.pth
[2025-06-12 15:43:04] Epoch: 38		Loss: 5.470427	Loss Translation.: 0.075984	Loss Rotation.: 0.010949	Combined Loss Dist.: 4.346640	Loss Uncertainty: 1.123787
--ADE (5 time steps): 0.0287	--FDE (5 time steps): 0.0409
--ADE (10 time steps): 0.0577	--FDE (10 time steps): 0.1077
--ADE (15 time steps): 0.1009	--FDE (15 time steps): 0.2102
--ADE (20 time steps): 0.1993	--FDE (20 time steps): 1.1134
--ATE translation: 0.3289
[2025-06-12 15:44:57] Epoch: 39		Loss: 5.440212	Loss Translation.: 0.075554	Loss Rotation.: 0.010848	Combined Loss Dist.: 4.320114	Loss Uncertainty: 1.120098
--ADE (5 time steps): 0.0291	--FDE (5 time steps): 0.0400
--ADE (10 time steps): 0.0568	--FDE (10 time steps): 0.1030
--ADE (15 time steps): 0.0981	--FDE (15 time steps): 0.2031
--ADE (20 time steps): 0.1938	--FDE (20 time steps): 1.0858
--ATE translation: 0.3201
[INFO] New best model (ATE)! Checkpoint saved to ./results/7_1_KittiPrior_10in_20out_k30/7_1_KittiPrior_10in_20out_k30_Overfit/models/best_checkpoint_epoch_39.pth
[2025-06-12 15:46:50] Epoch: 40		Loss: 5.403893	Loss Translation.: 0.074956	Loss Rotation.: 0.010759	Combined Loss Dist.: 4.285743	Loss Uncertainty: 1.118150
--ADE (5 time steps): 0.0285	--FDE (5 time steps): 0.0394
--ADE (10 time steps): 0.0559	--FDE (10 time steps): 0.1026
--ADE (15 time steps): 0.0971	--FDE (15 time steps): 0.2019
--ADE (20 time steps): 0.1928	--FDE (20 time steps): 1.0848
--ATE translation: 0.3200
[INFO] New best model (ATE)! Checkpoint saved to ./results/7_1_KittiPrior_10in_20out_k30/7_1_KittiPrior_10in_20out_k30_Overfit/models/best_checkpoint_epoch_40.pth
[2025-06-12 15:48:44] Epoch: 41		Loss: 5.229132	Loss Translation.: 0.071922	Loss Rotation.: 0.010470	Combined Loss Dist.: 4.119623	Loss Uncertainty: 1.109510
--ADE (5 time steps): 0.0276	--FDE (5 time steps): 0.0387
--ADE (10 time steps): 0.0547	--FDE (10 time steps): 0.1003
--ADE (15 time steps): 0.0952	--FDE (15 time steps): 0.1980
--ADE (20 time steps): 0.1898	--FDE (20 time steps): 1.0802
--ATE translation: 0.3165
[INFO] New best model (ATE)! Checkpoint saved to ./results/7_1_KittiPrior_10in_20out_k30/7_1_KittiPrior_10in_20out_k30_Overfit/models/best_checkpoint_epoch_41.pth
[2025-06-12 15:50:37] Epoch: 42		Loss: 5.190866	Loss Translation.: 0.071308	Loss Rotation.: 0.010362	Combined Loss Dist.: 4.083455	Loss Uncertainty: 1.107411
--ADE (5 time steps): 0.0271	--FDE (5 time steps): 0.0384
--ADE (10 time steps): 0.0542	--FDE (10 time steps): 0.1004
--ADE (15 time steps): 0.0943	--FDE (15 time steps): 0.1970
--ADE (20 time steps): 0.1894	--FDE (20 time steps): 1.0876
--ATE translation: 0.3177
[2025-06-12 15:52:30] Epoch: 43		Loss: 5.138961	Loss Translation.: 0.070360	Loss Rotation.: 0.010310	Combined Loss Dist.: 4.033517	Loss Uncertainty: 1.105444
--ADE (5 time steps): 0.0268	--FDE (5 time steps): 0.0372
--ADE (10 time steps): 0.0532	--FDE (10 time steps): 0.0985
--ADE (15 time steps): 0.0929	--FDE (15 time steps): 0.1946
--ADE (20 time steps): 0.1870	--FDE (20 time steps): 1.0796
--ATE translation: 0.3144
[INFO] New best model (ATE)! Checkpoint saved to ./results/7_1_KittiPrior_10in_20out_k30/7_1_KittiPrior_10in_20out_k30_Overfit/models/best_checkpoint_epoch_43.pth
[2025-06-12 15:54:23] Epoch: 44		Loss: 5.112246	Loss Translation.: 0.069920	Loss Rotation.: 0.010253	Combined Loss Dist.: 4.008669	Loss Uncertainty: 1.103577
--ADE (5 time steps): 0.0267	--FDE (5 time steps): 0.0376
--ADE (10 time steps): 0.0534	--FDE (10 time steps): 0.0994
--ADE (15 time steps): 0.0933	--FDE (15 time steps): 0.1955
--ADE (20 time steps): 0.1876	--FDE (20 time steps): 1.0805
--ATE translation: 0.3156
[2025-06-12 15:56:16] Epoch: 45		Loss: 5.094429	Loss Translation.: 0.069618	Loss Rotation.: 0.010210	Combined Loss Dist.: 3.991430	Loss Uncertainty: 1.102998
--ADE (5 time steps): 0.0265	--FDE (5 time steps): 0.0374
--ADE (10 time steps): 0.0530	--FDE (10 time steps): 0.0984
--ADE (15 time steps): 0.0926	--FDE (15 time steps): 0.1940
--ADE (20 time steps): 0.1866	--FDE (20 time steps): 1.0801
--ATE translation: 0.3143
[INFO] New best model (ATE)! Checkpoint saved to ./results/7_1_KittiPrior_10in_20out_k30/7_1_KittiPrior_10in_20out_k30_Overfit/models/best_checkpoint_epoch_45.pth
[2025-06-12 15:58:09] Epoch: 46		Loss: 5.065721	Loss Translation.: 0.069108	Loss Rotation.: 0.010184	Combined Loss Dist.: 3.964616	Loss Uncertainty: 1.101105
--ADE (5 time steps): 0.0264	--FDE (5 time steps): 0.0374
--ADE (10 time steps): 0.0529	--FDE (10 time steps): 0.0982
--ADE (15 time steps): 0.0924	--FDE (15 time steps): 0.1928
--ADE (20 time steps): 0.1860	--FDE (20 time steps): 1.0819
--ATE translation: 0.3137
[INFO] New best model (ATE)! Checkpoint saved to ./results/7_1_KittiPrior_10in_20out_k30/7_1_KittiPrior_10in_20out_k30_Overfit/models/best_checkpoint_epoch_46.pth
[2025-06-12 16:00:03] Epoch: 47		Loss: 5.039466	Loss Translation.: 0.068651	Loss Rotation.: 0.010151	Combined Loss Dist.: 3.940115	Loss Uncertainty: 1.099352
--ADE (5 time steps): 0.0272	--FDE (5 time steps): 0.0386
--ADE (10 time steps): 0.0539	--FDE (10 time steps): 0.0992
--ADE (15 time steps): 0.0935	--FDE (15 time steps): 0.1945
--ADE (20 time steps): 0.1875	--FDE (20 time steps): 1.0784
--ATE translation: 0.3153
[2025-06-12 16:01:56] Epoch: 48		Loss: 5.018149	Loss Translation.: 0.068277	Loss Rotation.: 0.010112	Combined Loss Dist.: 3.919451	Loss Uncertainty: 1.098699
--ADE (5 time steps): 0.0265	--FDE (5 time steps): 0.0373
--ADE (10 time steps): 0.0530	--FDE (10 time steps): 0.0983
--ADE (15 time steps): 0.0924	--FDE (15 time steps): 0.1919
--ADE (20 time steps): 0.1854	--FDE (20 time steps): 1.0810
--ATE translation: 0.3130
[INFO] New best model (ATE)! Checkpoint saved to ./results/7_1_KittiPrior_10in_20out_k30/7_1_KittiPrior_10in_20out_k30_Overfit/models/best_checkpoint_epoch_48.pth
slurmstepd: error: *** JOB 12306497 ON gcn56 CANCELLED AT 2025-06-12T16:02:02 DUE TO TIME LIMIT ***

JOB STATISTICS
==============
Job ID: 12306497
Cluster: snellius
User/Group: scur2440/scur2440
State: TIMEOUT (exit code 0)
Nodes: 1
Cores per node: 18
CPU Utilized: 00:00:01
CPU Efficiency: 0.00% of 1-03:08:06 core-walltime
Job Wall-clock time: 01:30:27
Memory Utilized: 3.22 GB
Memory Efficiency: 2.68% of 120.00 GB (120.00 GB/node)
