***************************************************************************************************** 
* WARNING: The 2022 software stack is deprecated. Please consider switching to
the latest 2024 * 
* software stack, or the older 2023 software stack. * 
* * 
* If you have any question, please contact us via
http://servicedesk.surfsara.nl. * 
***************************************************************************************************** 

Configuration:
description: LED
results_root_dir: results
dataset: pedestrian_prior
dimensions: 7
past_frames: 10
future_frames: 10
min_past_frames: 10
min_future_frames: 10
k_preds: 30
synthetic_gt: straight
synthetic_noise: random_independent
traj_mean: [14, 7.5]
traj_scale: 1
relative: False
normalised: False
overfitting: False
selected_trajectories: False
pretrained_core_denoising_model: ./results/checkpoints/base_diffusion_model.p
debug: False
diffusion: {'steps': 150, 'beta_start': 0.0001, 'beta_end': 0.05, 'beta_schedule': 'linear'}
lr: 0.0001
train_batch_size: 128
test_batch_size: 128
num_epochs: 80
test_interval: 1
lr_scheduler: step
decay_step: 8
decay_gamma: 0.5

[INFO] PEDESTRIAN_PRIOR dataset (1 agent).
Overfitting: False
file name & length /home/scur2440/MoTric/Spires/2024-03-13-observatory-quarter-01/gt-tum.txt 371
file name & length /home/scur2440/MoTric/Spires/2024-03-13-observatory-quarter-02/gt-tum.txt 347
file name & length /home/scur2440/MoTric/Spires/2024-05-20-bodleian-library-02/gt-tum.txt 419
file name & length /home/scur2440/MoTric/NewerCollege/collection1/ground_truth/tum_format/gt-nc-quad-easy.csv 99
file name & length /home/scur2440/MoTric/NewerCollege/collection1/ground_truth/tum_format/gt-nc-quad-medium.csv 95
file name & length /home/scur2440/MoTric/NewerCollege/collection1/ground_truth/tum_format/gt-nc-quad-hard.csv 86
file name & length /home/scur2440/MoTric/NewerCollege/collection1/ground_truth/tum_format/gt-nc-stairs.csv 59
file name & length /home/scur2440/MoTric/NewerCollege/collection2/ground_truth/tum_format/gt-nc-park.csv 784
file name & length /home/scur2440/MoTric/NewerCollege/collection3_maths/ground_truth/tum_format/gt_math_easy.csv 108
file name & length /home/scur2440/MoTric/NewerCollege/collection3_maths/ground_truth/tum_format/gt_math_medium.csv 88
file name & length /home/scur2440/MoTric/NewerCollege/collection3_maths/ground_truth/tum_format/gt_math_hard.csv 121
Time diff avg (fut): 0.59604
Is 7d already
Len dataset: 2061
Overfitting: False
file name & length /home/scur2440/MoTric/Spires/2024-03-13-observatory-quarter-01/gt-tum.txt 371
file name & length /home/scur2440/MoTric/Spires/2024-03-13-observatory-quarter-02/gt-tum.txt 347
file name & length /home/scur2440/MoTric/Spires/2024-05-20-bodleian-library-02/gt-tum.txt 419
file name & length /home/scur2440/MoTric/NewerCollege/collection1/ground_truth/tum_format/gt-nc-quad-easy.csv 99
file name & length /home/scur2440/MoTric/NewerCollege/collection1/ground_truth/tum_format/gt-nc-quad-medium.csv 95
file name & length /home/scur2440/MoTric/NewerCollege/collection1/ground_truth/tum_format/gt-nc-quad-hard.csv 86
file name & length /home/scur2440/MoTric/NewerCollege/collection1/ground_truth/tum_format/gt-nc-stairs.csv 59
file name & length /home/scur2440/MoTric/NewerCollege/collection2/ground_truth/tum_format/gt-nc-park.csv 784
file name & length /home/scur2440/MoTric/NewerCollege/collection3_maths/ground_truth/tum_format/gt_math_easy.csv 108
file name & length /home/scur2440/MoTric/NewerCollege/collection3_maths/ground_truth/tum_format/gt_math_medium.csv 88
file name & length /home/scur2440/MoTric/NewerCollege/collection3_maths/ground_truth/tum_format/gt_math_hard.csv 121
Time diff avg (fut): 0.59604
Is 7d already
Len dataset: 258
[INFO] Now using random trajectory shuffling.

[Warning] Only 10 future timesteps available, ADE/FDE will be computed for up to 2 seconds instead of the full 4 seconds.

[INFO] PEDESTRIAN_PRIOR dataset - skip subtracting mean from absolute positions.
[INFO] Training from scratch - without pretrained models (Not NBA with frame standard configs)

[Core Denoising Model] Trainable/Total: 6584760/6584760
[Initialization Model] Trainable/Total: 5982483/5982483
[2025-05-24 18:14:35] Epoch: 1		Loss: 21.460207	Loss Translation.: 0.160643	Loss Rotation.: 0.200597	Combined Loss Dist.: 18.062004	Loss Uncertainty: 3.398203
--ADE (5 time steps): 0.1196	--FDE (5 time steps): 0.2006
--ADE (10 time steps): 0.4245	--FDE (10 time steps): 1.0060
--ATE translation: 0.7156
[2025-05-24 18:14:41] Epoch: 2		Loss: 7.782978	Loss Translation.: 0.056656	Loss Rotation.: 0.050569	Combined Loss Dist.: 5.361244	Loss Uncertainty: 2.421734
--ADE (5 time steps): 0.0927	--FDE (5 time steps): 0.1051
--ADE (10 time steps): 0.2807	--FDE (10 time steps): 0.5659
--ATE translation: 0.4759
[INFO] New best model (ATE)! Checkpoint saved to ./results/7_1_PedestrianPrior_10in_10out_k30/7_1_PedestrianPrior_10in_10out_k30/models/best_checkpoint_epoch_2.pth
[2025-05-24 18:14:49] Epoch: 3		Loss: 6.509933	Loss Translation.: 0.039591	Loss Rotation.: 0.047887	Combined Loss Dist.: 4.373872	Loss Uncertainty: 2.136061
--ADE (5 time steps): 0.0670	--FDE (5 time steps): 0.0717
--ADE (10 time steps): 0.1541	--FDE (10 time steps): 0.2234
--ATE translation: 0.1902
[INFO] New best model (ATE)! Checkpoint saved to ./results/7_1_PedestrianPrior_10in_10out_k30/7_1_PedestrianPrior_10in_10out_k30/models/best_checkpoint_epoch_3.pth
[2025-05-24 18:14:55] Epoch: 4		Loss: 5.865160	Loss Translation.: 0.033755	Loss Rotation.: 0.046929	Combined Loss Dist.: 4.034218	Loss Uncertainty: 1.830942
--ADE (5 time steps): 0.0556	--FDE (5 time steps): 0.0555
--ADE (10 time steps): 0.1072	--FDE (10 time steps): 0.1308
--ATE translation: 0.1264
[INFO] New best model (ATE)! Checkpoint saved to ./results/7_1_PedestrianPrior_10in_10out_k30/7_1_PedestrianPrior_10in_10out_k30/models/best_checkpoint_epoch_4.pth
[2025-05-24 18:15:01] Epoch: 5		Loss: 5.171705	Loss Translation.: 0.028287	Loss Rotation.: 0.043815	Combined Loss Dist.: 3.605111	Loss Uncertainty: 1.566594
--ADE (5 time steps): 0.0533	--FDE (5 time steps): 0.0521
--ADE (10 time steps): 0.0975	--FDE (10 time steps): 0.1590
--ATE translation: 0.1169
[INFO] New best model (ATE)! Checkpoint saved to ./results/7_1_PedestrianPrior_10in_10out_k30/7_1_PedestrianPrior_10in_10out_k30/models/best_checkpoint_epoch_5.pth
[2025-05-24 18:15:08] Epoch: 6		Loss: 4.804788	Loss Translation.: 0.027291	Loss Rotation.: 0.041622	Combined Loss Dist.: 3.445620	Loss Uncertainty: 1.359168
--ADE (5 time steps): 0.0582	--FDE (5 time steps): 0.0796
--ADE (10 time steps): 0.1030	--FDE (10 time steps): 0.2104
--ATE translation: 0.1248
[2025-05-24 18:15:14] Epoch: 7		Loss: 4.639733	Loss Translation.: 0.028124	Loss Rotation.: 0.040567	Combined Loss Dist.: 3.434576	Loss Uncertainty: 1.205157
--ADE (5 time steps): 0.0466	--FDE (5 time steps): 0.0453
--ADE (10 time steps): 0.0800	--FDE (10 time steps): 0.1285
--ATE translation: 0.0942
[INFO] New best model (ATE)! Checkpoint saved to ./results/7_1_PedestrianPrior_10in_10out_k30/7_1_PedestrianPrior_10in_10out_k30/models/best_checkpoint_epoch_7.pth
[2025-05-24 18:15:21] Epoch: 8		Loss: 4.250247	Loss Translation.: 0.024478	Loss Rotation.: 0.039803	Combined Loss Dist.: 3.214062	Loss Uncertainty: 1.036185
--ADE (5 time steps): 0.0457	--FDE (5 time steps): 0.0463
--ADE (10 time steps): 0.0757	--FDE (10 time steps): 0.1272
--ATE translation: 0.0871
[INFO] New best model (ATE)! Checkpoint saved to ./results/7_1_PedestrianPrior_10in_10out_k30/7_1_PedestrianPrior_10in_10out_k30/models/best_checkpoint_epoch_8.pth
[2025-05-24 18:15:27] Epoch: 9		Loss: 3.815205	Loss Translation.: 0.021617	Loss Rotation.: 0.036744	Combined Loss Dist.: 2.918068	Loss Uncertainty: 0.897138
--ADE (5 time steps): 0.0409	--FDE (5 time steps): 0.0444
--ADE (10 time steps): 0.0722	--FDE (10 time steps): 0.1551
--ATE translation: 0.0863
[INFO] New best model (ATE)! Checkpoint saved to ./results/7_1_PedestrianPrior_10in_10out_k30/7_1_PedestrianPrior_10in_10out_k30/models/best_checkpoint_epoch_9.pth
[2025-05-24 18:15:34] Epoch: 10		Loss: 3.575779	Loss Translation.: 0.020523	Loss Rotation.: 0.034644	Combined Loss Dist.: 2.758390	Loss Uncertainty: 0.817390
--ADE (5 time steps): 0.0410	--FDE (5 time steps): 0.0478
--ADE (10 time steps): 0.0708	--FDE (10 time steps): 0.1350
--ATE translation: 0.0822
[INFO] New best model (ATE)! Checkpoint saved to ./results/7_1_PedestrianPrior_10in_10out_k30/7_1_PedestrianPrior_10in_10out_k30/models/best_checkpoint_epoch_10.pth
[2025-05-24 18:15:40] Epoch: 11		Loss: 3.475310	Loss Translation.: 0.020387	Loss Rotation.: 0.033792	Combined Loss Dist.: 2.708975	Loss Uncertainty: 0.766335
--ADE (5 time steps): 0.0376	--FDE (5 time steps): 0.0419
--ADE (10 time steps): 0.0656	--FDE (10 time steps): 0.1322
--ATE translation: 0.0771
[INFO] New best model (ATE)! Checkpoint saved to ./results/7_1_PedestrianPrior_10in_10out_k30/7_1_PedestrianPrior_10in_10out_k30/models/best_checkpoint_epoch_11.pth
[2025-05-24 18:15:47] Epoch: 12		Loss: 3.298090	Loss Translation.: 0.019158	Loss Rotation.: 0.032903	Combined Loss Dist.: 2.603024	Loss Uncertainty: 0.695066
--ADE (5 time steps): 0.0374	--FDE (5 time steps): 0.0444
--ADE (10 time steps): 0.0656	--FDE (10 time steps): 0.1441
--ATE translation: 0.0779
[2025-05-24 18:15:53] Epoch: 13		Loss: 3.185080	Loss Translation.: 0.018635	Loss Rotation.: 0.032399	Combined Loss Dist.: 2.551723	Loss Uncertainty: 0.633358
--ADE (5 time steps): 0.0377	--FDE (5 time steps): 0.0451
--ADE (10 time steps): 0.0686	--FDE (10 time steps): 0.1457
--ATE translation: 0.0823
[2025-05-24 18:15:59] Epoch: 14		Loss: 3.122768	Loss Translation.: 0.018539	Loss Rotation.: 0.031996	Combined Loss Dist.: 2.526753	Loss Uncertainty: 0.596015
--ADE (5 time steps): 0.0368	--FDE (5 time steps): 0.0422
--ADE (10 time steps): 0.0651	--FDE (10 time steps): 0.1454
--ATE translation: 0.0774
[2025-05-24 18:16:06] Epoch: 15		Loss: 2.984445	Loss Translation.: 0.017659	Loss Rotation.: 0.031269	Combined Loss Dist.: 2.446400	Loss Uncertainty: 0.538045
--ADE (5 time steps): 0.0371	--FDE (5 time steps): 0.0448
--ADE (10 time steps): 0.0675	--FDE (10 time steps): 0.1536
--ATE translation: 0.0804
[2025-05-24 18:16:12] Epoch: 16		Loss: 2.933868	Loss Translation.: 0.017737	Loss Rotation.: 0.030846	Combined Loss Dist.: 2.429146	Loss Uncertainty: 0.504722
--ADE (5 time steps): 0.0371	--FDE (5 time steps): 0.0410
--ADE (10 time steps): 0.0665	--FDE (10 time steps): 0.1632
--ATE translation: 0.0807
[2025-05-24 18:16:18] Epoch: 17		Loss: 2.802986	Loss Translation.: 0.017019	Loss Rotation.: 0.029634	Combined Loss Dist.: 2.332666	Loss Uncertainty: 0.470320
--ADE (5 time steps): 0.0342	--FDE (5 time steps): 0.0395
--ADE (10 time steps): 0.0613	--FDE (10 time steps): 0.1434
--ATE translation: 0.0733
[INFO] New best model (ATE)! Checkpoint saved to ./results/7_1_PedestrianPrior_10in_10out_k30/7_1_PedestrianPrior_10in_10out_k30/models/best_checkpoint_epoch_17.pth
[2025-05-24 18:16:25] Epoch: 18		Loss: 2.666475	Loss Translation.: 0.016054	Loss Rotation.: 0.028613	Combined Loss Dist.: 2.233374	Loss Uncertainty: 0.433101
--ADE (5 time steps): 0.0336	--FDE (5 time steps): 0.0402
--ADE (10 time steps): 0.0607	--FDE (10 time steps): 0.1427
--ATE translation: 0.0727
[INFO] New best model (ATE)! Checkpoint saved to ./results/7_1_PedestrianPrior_10in_10out_k30/7_1_PedestrianPrior_10in_10out_k30/models/best_checkpoint_epoch_18.pth
[2025-05-24 18:16:31] Epoch: 19		Loss: 2.614863	Loss Translation.: 0.015880	Loss Rotation.: 0.028207	Combined Loss Dist.: 2.204337	Loss Uncertainty: 0.410526
--ADE (5 time steps): 0.0345	--FDE (5 time steps): 0.0405
--ADE (10 time steps): 0.0615	--FDE (10 time steps): 0.1440
--ATE translation: 0.0733
[2025-05-24 18:16:38] Epoch: 20		Loss: 2.565580	Loss Translation.: 0.015546	Loss Rotation.: 0.027970	Combined Loss Dist.: 2.175784	Loss Uncertainty: 0.389797
--ADE (5 time steps): 0.0329	--FDE (5 time steps): 0.0382
--ADE (10 time steps): 0.0597	--FDE (10 time steps): 0.1378
--ATE translation: 0.0712
[INFO] New best model (ATE)! Checkpoint saved to ./results/7_1_PedestrianPrior_10in_10out_k30/7_1_PedestrianPrior_10in_10out_k30/models/best_checkpoint_epoch_20.pth
[2025-05-24 18:16:44] Epoch: 21		Loss: 2.505931	Loss Translation.: 0.015446	Loss Rotation.: 0.027193	Combined Loss Dist.: 2.131950	Loss Uncertainty: 0.373980
--ADE (5 time steps): 0.0336	--FDE (5 time steps): 0.0397
--ADE (10 time steps): 0.0614	--FDE (10 time steps): 0.1454
--ATE translation: 0.0737
[2025-05-24 18:16:51] Epoch: 22		Loss: 2.479710	Loss Translation.: 0.015473	Loss Rotation.: 0.026942	Combined Loss Dist.: 2.120759	Loss Uncertainty: 0.358952
--ADE (5 time steps): 0.0333	--FDE (5 time steps): 0.0385
--ADE (10 time steps): 0.0596	--FDE (10 time steps): 0.1404
--ATE translation: 0.0715
[2025-05-24 18:16:57] Epoch: 23		Loss: 2.433918	Loss Translation.: 0.015186	Loss Rotation.: 0.026765	Combined Loss Dist.: 2.097521	Loss Uncertainty: 0.336397
--ADE (5 time steps): 0.0336	--FDE (5 time steps): 0.0396
--ADE (10 time steps): 0.0611	--FDE (10 time steps): 0.1418
--ATE translation: 0.0728
[2025-05-24 18:17:04] Epoch: 24		Loss: 2.399066	Loss Translation.: 0.015282	Loss Rotation.: 0.026163	Combined Loss Dist.: 2.072248	Loss Uncertainty: 0.326818
--ADE (5 time steps): 0.0339	--FDE (5 time steps): 0.0408
--ADE (10 time steps): 0.0604	--FDE (10 time steps): 0.1456
--ATE translation: 0.0727
[2025-05-24 18:17:10] Epoch: 25		Loss: 2.326062	Loss Translation.: 0.014752	Loss Rotation.: 0.025475	Combined Loss Dist.: 2.011385	Loss Uncertainty: 0.314677
--ADE (5 time steps): 0.0322	--FDE (5 time steps): 0.0380
--ADE (10 time steps): 0.0591	--FDE (10 time steps): 0.1409
--ATE translation: 0.0709
[INFO] New best model (ATE)! Checkpoint saved to ./results/7_1_PedestrianPrior_10in_10out_k30/7_1_PedestrianPrior_10in_10out_k30/models/best_checkpoint_epoch_25.pth
[2025-05-24 18:17:16] Epoch: 26		Loss: 2.290779	Loss Translation.: 0.014845	Loss Rotation.: 0.024881	Combined Loss Dist.: 1.986316	Loss Uncertainty: 0.304462
--ADE (5 time steps): 0.0316	--FDE (5 time steps): 0.0369
--ADE (10 time steps): 0.0578	--FDE (10 time steps): 0.1369
--ATE translation: 0.0696
[INFO] New best model (ATE)! Checkpoint saved to ./results/7_1_PedestrianPrior_10in_10out_k30/7_1_PedestrianPrior_10in_10out_k30/models/best_checkpoint_epoch_26.pth
[2025-05-24 18:17:23] Epoch: 27		Loss: 2.261919	Loss Translation.: 0.014635	Loss Rotation.: 0.024671	Combined Loss Dist.: 1.965316	Loss Uncertainty: 0.296603
--ADE (5 time steps): 0.0322	--FDE (5 time steps): 0.0383
--ADE (10 time steps): 0.0601	--FDE (10 time steps): 0.1415
--ATE translation: 0.0723
[2025-05-24 18:17:29] Epoch: 28		Loss: 2.258417	Loss Translation.: 0.014795	Loss Rotation.: 0.024479	Combined Loss Dist.: 1.963722	Loss Uncertainty: 0.294694
--ADE (5 time steps): 0.0319	--FDE (5 time steps): 0.0374
--ADE (10 time steps): 0.0586	--FDE (10 time steps): 0.1384
--ATE translation: 0.0703
[2025-05-24 18:17:36] Epoch: 29		Loss: 2.215405	Loss Translation.: 0.014366	Loss Rotation.: 0.024303	Combined Loss Dist.: 1.933461	Loss Uncertainty: 0.281944
--ADE (5 time steps): 0.0312	--FDE (5 time steps): 0.0368
--ADE (10 time steps): 0.0561	--FDE (10 time steps): 0.1312
--ATE translation: 0.0672
[INFO] New best model (ATE)! Checkpoint saved to ./results/7_1_PedestrianPrior_10in_10out_k30/7_1_PedestrianPrior_10in_10out_k30/models/best_checkpoint_epoch_29.pth
[2025-05-24 18:17:42] Epoch: 30		Loss: 2.178525	Loss Translation.: 0.014073	Loss Rotation.: 0.024065	Combined Loss Dist.: 1.906890	Loss Uncertainty: 0.271635
--ADE (5 time steps): 0.0319	--FDE (5 time steps): 0.0385
--ADE (10 time steps): 0.0584	--FDE (10 time steps): 0.1361
--ATE translation: 0.0697
[2025-05-24 18:17:48] Epoch: 31		Loss: 2.162640	Loss Translation.: 0.014024	Loss Rotation.: 0.023898	Combined Loss Dist.: 1.896074	Loss Uncertainty: 0.266566
--ADE (5 time steps): 0.0316	--FDE (5 time steps): 0.0372
--ADE (10 time steps): 0.0578	--FDE (10 time steps): 0.1360
--ATE translation: 0.0694
[2025-05-24 18:17:55] Epoch: 32		Loss: 2.137099	Loss Translation.: 0.013844	Loss Rotation.: 0.023697	Combined Loss Dist.: 1.877034	Loss Uncertainty: 0.260065
--ADE (5 time steps): 0.0321	--FDE (5 time steps): 0.0383
--ADE (10 time steps): 0.0595	--FDE (10 time steps): 0.1412
--ATE translation: 0.0714
[2025-05-24 18:18:01] Epoch: 33		Loss: 2.125463	Loss Translation.: 0.013909	Loss Rotation.: 0.023499	Combined Loss Dist.: 1.870375	Loss Uncertainty: 0.255088
--ADE (5 time steps): 0.0309	--FDE (5 time steps): 0.0357
--ADE (10 time steps): 0.0562	--FDE (10 time steps): 0.1347
--ATE translation: 0.0676
[2025-05-24 18:18:07] Epoch: 34		Loss: 2.109830	Loss Translation.: 0.013834	Loss Rotation.: 0.023421	Combined Loss Dist.: 1.862745	Loss Uncertainty: 0.247085
--ADE (5 time steps): 0.0315	--FDE (5 time steps): 0.0360
--ADE (10 time steps): 0.0574	--FDE (10 time steps): 0.1357
--ATE translation: 0.0688
[2025-05-24 18:18:14] Epoch: 35		Loss: 2.074266	Loss Translation.: 0.013588	Loss Rotation.: 0.023067	Combined Loss Dist.: 1.832741	Loss Uncertainty: 0.241525
--ADE (5 time steps): 0.0314	--FDE (5 time steps): 0.0365
--ADE (10 time steps): 0.0578	--FDE (10 time steps): 0.1365
--ATE translation: 0.0693
[2025-05-24 18:18:20] Epoch: 36		Loss: 2.050269	Loss Translation.: 0.013409	Loss Rotation.: 0.022859	Combined Loss Dist.: 1.813372	Loss Uncertainty: 0.236897
--ADE (5 time steps): 0.0313	--FDE (5 time steps): 0.0361
--ADE (10 time steps): 0.0577	--FDE (10 time steps): 0.1356
--ATE translation: 0.0691
[2025-05-24 18:18:27] Epoch: 37		Loss: 2.033147	Loss Translation.: 0.013260	Loss Rotation.: 0.022726	Combined Loss Dist.: 1.799313	Loss Uncertainty: 0.233834
--ADE (5 time steps): 0.0313	--FDE (5 time steps): 0.0360
--ADE (10 time steps): 0.0576	--FDE (10 time steps): 0.1351
--ATE translation: 0.0689
[2025-05-24 18:18:33] Epoch: 38		Loss: 2.021312	Loss Translation.: 0.013213	Loss Rotation.: 0.022575	Combined Loss Dist.: 1.789367	Loss Uncertainty: 0.231945
--ADE (5 time steps): 0.0314	--FDE (5 time steps): 0.0364
--ADE (10 time steps): 0.0576	--FDE (10 time steps): 0.1349
--ATE translation: 0.0689
[2025-05-24 18:18:39] Epoch: 39		Loss: 2.016398	Loss Translation.: 0.013219	Loss Rotation.: 0.022502	Combined Loss Dist.: 1.786043	Loss Uncertainty: 0.230355
--ADE (5 time steps): 0.0318	--FDE (5 time steps): 0.0372
--ADE (10 time steps): 0.0579	--FDE (10 time steps): 0.1351
--ATE translation: 0.0693
[2025-05-24 18:18:46] Epoch: 40		Loss: 2.021361	Loss Translation.: 0.013346	Loss Rotation.: 0.022463	Combined Loss Dist.: 1.790475	Loss Uncertainty: 0.230886
--ADE (5 time steps): 0.0328	--FDE (5 time steps): 0.0387
--ADE (10 time steps): 0.0596	--FDE (10 time steps): 0.1398
--ATE translation: 0.0714
[2025-05-24 18:18:52] Epoch: 41		Loss: 2.009456	Loss Translation.: 0.013385	Loss Rotation.: 0.022216	Combined Loss Dist.: 1.780072	Loss Uncertainty: 0.229384
--ADE (5 time steps): 0.0316	--FDE (5 time steps): 0.0381
--ADE (10 time steps): 0.0575	--FDE (10 time steps): 0.1340
--ATE translation: 0.0687
[2025-05-24 18:18:58] Epoch: 42		Loss: 1.982339	Loss Translation.: 0.013033	Loss Rotation.: 0.022115	Combined Loss Dist.: 1.757412	Loss Uncertainty: 0.224927
--ADE (5 time steps): 0.0314	--FDE (5 time steps): 0.0374
--ADE (10 time steps): 0.0567	--FDE (10 time steps): 0.1324
--ATE translation: 0.0678
[2025-05-24 18:19:05] Epoch: 43		Loss: 1.958283	Loss Translation.: 0.012754	Loss Rotation.: 0.021992	Combined Loss Dist.: 1.737305	Loss Uncertainty: 0.220978
--ADE (5 time steps): 0.0313	--FDE (5 time steps): 0.0371
--ADE (10 time steps): 0.0567	--FDE (10 time steps): 0.1320
--ATE translation: 0.0677
[2025-05-24 18:19:11] Epoch: 44		Loss: 1.944947	Loss Translation.: 0.012627	Loss Rotation.: 0.021893	Combined Loss Dist.: 1.725995	Loss Uncertainty: 0.218952
--ADE (5 time steps): 0.0313	--FDE (5 time steps): 0.0369
--ADE (10 time steps): 0.0567	--FDE (10 time steps): 0.1318
--ATE translation: 0.0677
[2025-05-24 18:19:17] Epoch: 45		Loss: 1.932717	Loss Translation.: 0.012499	Loss Rotation.: 0.021811	Combined Loss Dist.: 1.715525	Loss Uncertainty: 0.217192
--ADE (5 time steps): 0.0313	--FDE (5 time steps): 0.0367
--ADE (10 time steps): 0.0567	--FDE (10 time steps): 0.1318
--ATE translation: 0.0677
[2025-05-24 18:19:24] Epoch: 46		Loss: 1.922179	Loss Translation.: 0.012403	Loss Rotation.: 0.021727	Combined Loss Dist.: 1.706500	Loss Uncertainty: 0.215679
--ADE (5 time steps): 0.0313	--FDE (5 time steps): 0.0365
--ADE (10 time steps): 0.0566	--FDE (10 time steps): 0.1317
--ATE translation: 0.0677
[2025-05-24 18:19:30] Epoch: 47		Loss: 1.915618	Loss Translation.: 0.012351	Loss Rotation.: 0.021673	Combined Loss Dist.: 1.701170	Loss Uncertainty: 0.214448
--ADE (5 time steps): 0.0313	--FDE (5 time steps): 0.0366
--ADE (10 time steps): 0.0569	--FDE (10 time steps): 0.1322
--ATE translation: 0.0680
[2025-05-24 18:19:36] Epoch: 48		Loss: 1.908287	Loss Translation.: 0.012308	Loss Rotation.: 0.021588	Combined Loss Dist.: 1.694780	Loss Uncertainty: 0.213507
--ADE (5 time steps): 0.0314	--FDE (5 time steps): 0.0367
--ADE (10 time steps): 0.0570	--FDE (10 time steps): 0.1325
--ATE translation: 0.0681
[2025-05-24 18:19:43] Epoch: 49		Loss: 1.899327	Loss Translation.: 0.012249	Loss Rotation.: 0.021492	Combined Loss Dist.: 1.687058	Loss Uncertainty: 0.212269
--ADE (5 time steps): 0.0314	--FDE (5 time steps): 0.0370
--ADE (10 time steps): 0.0570	--FDE (10 time steps): 0.1326
--ATE translation: 0.0681
[2025-05-24 18:19:49] Epoch: 50		Loss: 1.899685	Loss Translation.: 0.012270	Loss Rotation.: 0.021491	Combined Loss Dist.: 1.688035	Loss Uncertainty: 0.211649
--ADE (5 time steps): 0.0315	--FDE (5 time steps): 0.0374
--ADE (10 time steps): 0.0574	--FDE (10 time steps): 0.1332
--ATE translation: 0.0685
[2025-05-24 18:19:56] Epoch: 51		Loss: 1.897251	Loss Translation.: 0.012289	Loss Rotation.: 0.021425	Combined Loss Dist.: 1.685705	Loss Uncertainty: 0.211546
--ADE (5 time steps): 0.0315	--FDE (5 time steps): 0.0372
--ADE (10 time steps): 0.0573	--FDE (10 time steps): 0.1331
--ATE translation: 0.0684
[2025-05-24 18:20:02] Epoch: 52		Loss: 1.895099	Loss Translation.: 0.012311	Loss Rotation.: 0.021365	Combined Loss Dist.: 1.683784	Loss Uncertainty: 0.211315
--ADE (5 time steps): 0.0315	--FDE (5 time steps): 0.0371
--ADE (10 time steps): 0.0572	--FDE (10 time steps): 0.1328
--ATE translation: 0.0683
[2025-05-24 18:20:08] Epoch: 53		Loss: 1.896073	Loss Translation.: 0.012368	Loss Rotation.: 0.021334	Combined Loss Dist.: 1.685089	Loss Uncertainty: 0.210984
--ADE (5 time steps): 0.0313	--FDE (5 time steps): 0.0371
--ADE (10 time steps): 0.0572	--FDE (10 time steps): 0.1325
--ATE translation: 0.0683
[2025-05-24 18:20:15] Epoch: 54		Loss: 1.897616	Loss Translation.: 0.012425	Loss Rotation.: 0.021311	Combined Loss Dist.: 1.686756	Loss Uncertainty: 0.210860
--ADE (5 time steps): 0.0311	--FDE (5 time steps): 0.0370
--ADE (10 time steps): 0.0572	--FDE (10 time steps): 0.1328
--ATE translation: 0.0683
[2025-05-24 18:20:21] Epoch: 55		Loss: 1.896292	Loss Translation.: 0.012432	Loss Rotation.: 0.021286	Combined Loss Dist.: 1.685910	Loss Uncertainty: 0.210382
--ADE (5 time steps): 0.0311	--FDE (5 time steps): 0.0369
--ADE (10 time steps): 0.0575	--FDE (10 time steps): 0.1340
--ATE translation: 0.0687
[2025-05-24 18:20:27] Epoch: 56		Loss: 1.887808	Loss Translation.: 0.012321	Loss Rotation.: 0.021252	Combined Loss Dist.: 1.678656	Loss Uncertainty: 0.209151
--ADE (5 time steps): 0.0311	--FDE (5 time steps): 0.0369
--ADE (10 time steps): 0.0575	--FDE (10 time steps): 0.1339
--ATE translation: 0.0687
[2025-05-24 18:20:34] Epoch: 57		Loss: 1.874640	Loss Translation.: 0.012175	Loss Rotation.: 0.021164	Combined Loss Dist.: 1.666949	Loss Uncertainty: 0.207691
--ADE (5 time steps): 0.0312	--FDE (5 time steps): 0.0370
--ADE (10 time steps): 0.0576	--FDE (10 time steps): 0.1343
--ATE translation: 0.0689
[2025-05-24 18:20:40] Epoch: 58		Loss: 1.871026	Loss Translation.: 0.012161	Loss Rotation.: 0.021114	Combined Loss Dist.: 1.663754	Loss Uncertainty: 0.207272
--ADE (5 time steps): 0.0312	--FDE (5 time steps): 0.0369
--ADE (10 time steps): 0.0575	--FDE (10 time steps): 0.1337
--ATE translation: 0.0687
[2025-05-24 18:20:46] Epoch: 59		Loss: 1.869498	Loss Translation.: 0.012152	Loss Rotation.: 0.021095	Combined Loss Dist.: 1.662392	Loss Uncertainty: 0.207106
--ADE (5 time steps): 0.0312	--FDE (5 time steps): 0.0370
--ADE (10 time steps): 0.0574	--FDE (10 time steps): 0.1333
--ATE translation: 0.0686
[2025-05-24 18:20:53] Epoch: 60		Loss: 1.865868	Loss Translation.: 0.012104	Loss Rotation.: 0.021079	Combined Loss Dist.: 1.659140	Loss Uncertainty: 0.206729
--ADE (5 time steps): 0.0312	--FDE (5 time steps): 0.0370
--ADE (10 time steps): 0.0575	--FDE (10 time steps): 0.1334
--ATE translation: 0.0687
[2025-05-24 18:20:59] Epoch: 61		Loss: 1.862391	Loss Translation.: 0.012060	Loss Rotation.: 0.021062	Combined Loss Dist.: 1.656108	Loss Uncertainty: 0.206282
--ADE (5 time steps): 0.0312	--FDE (5 time steps): 0.0370
--ADE (10 time steps): 0.0575	--FDE (10 time steps): 0.1334
--ATE translation: 0.0687
[2025-05-24 18:21:06] Epoch: 62		Loss: 1.859766	Loss Translation.: 0.012029	Loss Rotation.: 0.021048	Combined Loss Dist.: 1.653840	Loss Uncertainty: 0.205926
--ADE (5 time steps): 0.0312	--FDE (5 time steps): 0.0370
--ADE (10 time steps): 0.0575	--FDE (10 time steps): 0.1335
--ATE translation: 0.0687
[2025-05-24 18:21:12] Epoch: 63		Loss: 1.857219	Loss Translation.: 0.012001	Loss Rotation.: 0.021032	Combined Loss Dist.: 1.651618	Loss Uncertainty: 0.205601
--ADE (5 time steps): 0.0312	--FDE (5 time steps): 0.0371
--ADE (10 time steps): 0.0575	--FDE (10 time steps): 0.1335
--ATE translation: 0.0687
[2025-05-24 18:21:18] Epoch: 64		Loss: 1.854882	Loss Translation.: 0.011975	Loss Rotation.: 0.021018	Combined Loss Dist.: 1.649661	Loss Uncertainty: 0.205221
--ADE (5 time steps): 0.0312	--FDE (5 time steps): 0.0371
--ADE (10 time steps): 0.0576	--FDE (10 time steps): 0.1335
--ATE translation: 0.0688
[2025-05-24 18:21:25] Epoch: 65		Loss: 1.851231	Loss Translation.: 0.011947	Loss Rotation.: 0.020981	Combined Loss Dist.: 1.646382	Loss Uncertainty: 0.204849
--ADE (5 time steps): 0.0313	--FDE (5 time steps): 0.0372
--ADE (10 time steps): 0.0575	--FDE (10 time steps): 0.1331
--ATE translation: 0.0687
[2025-05-24 18:21:31] Epoch: 66		Loss: 1.847712	Loss Translation.: 0.011897	Loss Rotation.: 0.020969	Combined Loss Dist.: 1.643294	Loss Uncertainty: 0.204418
--ADE (5 time steps): 0.0312	--FDE (5 time steps): 0.0372
--ADE (10 time steps): 0.0575	--FDE (10 time steps): 0.1331
--ATE translation: 0.0687
[2025-05-24 18:21:37] Epoch: 67		Loss: 1.845540	Loss Translation.: 0.011868	Loss Rotation.: 0.020959	Combined Loss Dist.: 1.641343	Loss Uncertainty: 0.204196
--ADE (5 time steps): 0.0312	--FDE (5 time steps): 0.0372
--ADE (10 time steps): 0.0575	--FDE (10 time steps): 0.1332
--ATE translation: 0.0687
[2025-05-24 18:21:44] Epoch: 68		Loss: 1.844197	Loss Translation.: 0.011854	Loss Rotation.: 0.020949	Combined Loss Dist.: 1.640191	Loss Uncertainty: 0.204007
--ADE (5 time steps): 0.0312	--FDE (5 time steps): 0.0372
--ADE (10 time steps): 0.0575	--FDE (10 time steps): 0.1332
--ATE translation: 0.0687
[2025-05-24 18:21:50] Epoch: 69		Loss: 1.843025	Loss Translation.: 0.011844	Loss Rotation.: 0.020940	Combined Loss Dist.: 1.639196	Loss Uncertainty: 0.203829
--ADE (5 time steps): 0.0312	--FDE (5 time steps): 0.0372
--ADE (10 time steps): 0.0575	--FDE (10 time steps): 0.1331
--ATE translation: 0.0687
[2025-05-24 18:21:56] Epoch: 70		Loss: 1.841813	Loss Translation.: 0.011832	Loss Rotation.: 0.020930	Combined Loss Dist.: 1.638136	Loss Uncertainty: 0.203677
--ADE (5 time steps): 0.0312	--FDE (5 time steps): 0.0372
--ADE (10 time steps): 0.0575	--FDE (10 time steps): 0.1331
--ATE translation: 0.0687
[2025-05-24 18:22:03] Epoch: 71		Loss: 1.840653	Loss Translation.: 0.011822	Loss Rotation.: 0.020922	Combined Loss Dist.: 1.637169	Loss Uncertainty: 0.203484
--ADE (5 time steps): 0.0312	--FDE (5 time steps): 0.0372
--ADE (10 time steps): 0.0575	--FDE (10 time steps): 0.1331
--ATE translation: 0.0687
[2025-05-24 18:22:09] Epoch: 72		Loss: 1.839546	Loss Translation.: 0.011811	Loss Rotation.: 0.020913	Combined Loss Dist.: 1.636242	Loss Uncertainty: 0.203304
--ADE (5 time steps): 0.0312	--FDE (5 time steps): 0.0372
--ADE (10 time steps): 0.0575	--FDE (10 time steps): 0.1331
--ATE translation: 0.0687
[2025-05-24 18:22:15] Epoch: 73		Loss: 1.837297	Loss Translation.: 0.011792	Loss Rotation.: 0.020893	Combined Loss Dist.: 1.634229	Loss Uncertainty: 0.203068
--ADE (5 time steps): 0.0312	--FDE (5 time steps): 0.0372
--ADE (10 time steps): 0.0575	--FDE (10 time steps): 0.1330
--ATE translation: 0.0687
[2025-05-24 18:22:22] Epoch: 74		Loss: 1.836361	Loss Translation.: 0.011781	Loss Rotation.: 0.020888	Combined Loss Dist.: 1.633418	Loss Uncertainty: 0.202943
--ADE (5 time steps): 0.0312	--FDE (5 time steps): 0.0372
--ADE (10 time steps): 0.0575	--FDE (10 time steps): 0.1331
--ATE translation: 0.0687
[2025-05-24 18:22:28] Epoch: 75		Loss: 1.835806	Loss Translation.: 0.011776	Loss Rotation.: 0.020883	Combined Loss Dist.: 1.632946	Loss Uncertainty: 0.202860
--ADE (5 time steps): 0.0312	--FDE (5 time steps): 0.0372
--ADE (10 time steps): 0.0575	--FDE (10 time steps): 0.1331
--ATE translation: 0.0687
[2025-05-24 18:22:34] Epoch: 76		Loss: 1.835239	Loss Translation.: 0.011771	Loss Rotation.: 0.020878	Combined Loss Dist.: 1.632468	Loss Uncertainty: 0.202770
--ADE (5 time steps): 0.0312	--FDE (5 time steps): 0.0372
--ADE (10 time steps): 0.0575	--FDE (10 time steps): 0.1331
--ATE translation: 0.0687
[2025-05-24 18:22:41] Epoch: 77		Loss: 1.834644	Loss Translation.: 0.011766	Loss Rotation.: 0.020873	Combined Loss Dist.: 1.631964	Loss Uncertainty: 0.202681
--ADE (5 time steps): 0.0312	--FDE (5 time steps): 0.0372
--ADE (10 time steps): 0.0575	--FDE (10 time steps): 0.1331
--ATE translation: 0.0687
[2025-05-24 18:22:47] Epoch: 78		Loss: 1.834131	Loss Translation.: 0.011762	Loss Rotation.: 0.020869	Combined Loss Dist.: 1.631532	Loss Uncertainty: 0.202599
--ADE (5 time steps): 0.0312	--FDE (5 time steps): 0.0372
--ADE (10 time steps): 0.0575	--FDE (10 time steps): 0.1331
--ATE translation: 0.0687
[2025-05-24 18:22:54] Epoch: 79		Loss: 1.833602	Loss Translation.: 0.011757	Loss Rotation.: 0.020865	Combined Loss Dist.: 1.631099	Loss Uncertainty: 0.202503
--ADE (5 time steps): 0.0312	--FDE (5 time steps): 0.0372
--ADE (10 time steps): 0.0575	--FDE (10 time steps): 0.1331
--ATE translation: 0.0687
[2025-05-24 18:23:00] Epoch: 80		Loss: 1.832999	Loss Translation.: 0.011752	Loss Rotation.: 0.020860	Combined Loss Dist.: 1.630580	Loss Uncertainty: 0.202418
--ADE (5 time steps): 0.0312	--FDE (5 time steps): 0.0372
--ADE (10 time steps): 0.0575	--FDE (10 time steps): 0.1331
--ATE translation: 0.0687

JOB STATISTICS
==============
Job ID: 12013746
Cluster: snellius
User/Group: scur2440/scur2440
State: RUNNING
Nodes: 1
Cores per node: 18
CPU Utilized: 00:00:00
CPU Efficiency: 0.00% of 02:39:18 core-walltime
Job Wall-clock time: 00:08:51
Memory Utilized: 0.00 MB
Memory Efficiency: 0.00% of 120.00 GB (120.00 GB/node)
WARNING: Efficiency statistics can only be obtained after the job has ended as seff tool is based on the accounting database data.
