***************************************************************************************************** 
* WARNING: The 2022 software stack is deprecated. Please consider switching to
the latest 2024 * 
* software stack, or the older 2023 software stack. * 
* * 
* If you have any question, please contact us via
http://servicedesk.surfsara.nl. * 
***************************************************************************************************** 

Configuration:
description: LED
results_root_dir: results
dataset: kitti
dimensions: 7
past_frames: 10
future_frames: 20
min_past_frames: 10
min_future_frames: 20
k_preds: 30
synthetic_gt: straight
synthetic_noise: random_independent
traj_mean: [14, 7.5]
traj_scale: 1
relative: False
normalised: False
overfitting: False
selected_trajectories: False
pretrained_core_denoising_model: ./results/checkpoints/base_diffusion_model.p
debug: False
diffusion: {'steps': 150, 'beta_start': 0.0001, 'beta_end': 0.05, 'beta_schedule': 'linear'}
lr: 0.001
train_batch_size: 64
test_batch_size: 64
num_epochs: 100
test_interval: 1
lr_scheduler: step
decay_step: 8
decay_gamma: 0.5

[INFO] KITTI dataset (1 agent).
Overfitting: False
file name & length /scratch-shared/scur_2440/kitti/poses/00.txt 151
file name & length /scratch-shared/scur_2440/kitti/poses/01.txt 36
file name & length /scratch-shared/scur_2440/kitti/poses/02.txt 155
file name & length /scratch-shared/scur_2440/kitti/poses/03.txt 26
file name & length /scratch-shared/scur_2440/kitti/poses/05.txt 92
file name & length /scratch-shared/scur_2440/kitti/poses/06.txt 36
file name & length /scratch-shared/scur_2440/kitti/poses/07.txt 36
file name & length /scratch-shared/scur_2440/kitti/poses/08.txt 135
file name & length /scratch-shared/scur_2440/kitti/poses/09.txt 53
file name & length /scratch-shared/scur_2440/kitti/poses/10.txt 40
Time diff avg (fut): 1.97222
Assumes homogenous-matrix from
Len dataset: 608
Overfitting: False
file name & length /scratch-shared/scur_2440/kitti/poses/00.txt 151
file name & length /scratch-shared/scur_2440/kitti/poses/01.txt 36
file name & length /scratch-shared/scur_2440/kitti/poses/02.txt 155
file name & length /scratch-shared/scur_2440/kitti/poses/03.txt 26
file name & length /scratch-shared/scur_2440/kitti/poses/05.txt 92
file name & length /scratch-shared/scur_2440/kitti/poses/06.txt 36
file name & length /scratch-shared/scur_2440/kitti/poses/07.txt 36
file name & length /scratch-shared/scur_2440/kitti/poses/08.txt 135
file name & length /scratch-shared/scur_2440/kitti/poses/09.txt 53
file name & length /scratch-shared/scur_2440/kitti/poses/10.txt 40
Time diff avg (fut): 1.97222
Assumes homogenous-matrix from
Len dataset: 76
[INFO] Now using random trajectory shuffling.


[INFO] KITTI dataset - skip subtracting mean from absolute positions.
[INFO] Training from scratch - without pretrained models (Not NBA with frame standard configs)

[Core Denoising Model] Trainable/Total: 6584760/6584760
[Initialization Model] Trainable/Total: 8144013/8144013
[2025-06-12 14:03:48] Epoch: 1		Loss: 188.396375	Loss Translation.: 3.361135	Loss Rotation.: 0.309578	Combined Loss Dist.: 183.535648	Loss Uncertainty: 4.860726
--ADE (5 time steps): 1.0805	--FDE (5 time steps): 1.2628
--ADE (10 time steps): 1.5188	--FDE (10 time steps): 2.0948
--ADE (15 time steps): 2.0010	--FDE (15 time steps): 3.4282
--ADE (20 time steps): 3.5393	--FDE (20 time steps): 14.2302
--ATE translation: 5.2542
[2025-06-12 14:03:52] Epoch: 2		Loss: 93.576523	Loss Translation.: 1.710981	Loss Rotation.: 0.082092	Combined Loss Dist.: 89.653633	Loss Uncertainty: 3.922891
--ADE (5 time steps): 0.9101	--FDE (5 time steps): 1.0742
--ADE (10 time steps): 1.3186	--FDE (10 time steps): 1.9997
--ADE (15 time steps): 1.8704	--FDE (15 time steps): 3.2017
--ADE (20 time steps): 3.0354	--FDE (20 time steps): 13.0048
--ATE translation: 4.5413
[INFO] New best model (ATE)! Checkpoint saved to ./results/7_1_KittiPrior_10in_20out_k30/7_1_KittiPrior_10in_20out_k30_EXCL04/models/best_checkpoint_epoch_2.pth
[2025-06-12 14:03:57] Epoch: 3		Loss: 70.416801	Loss Translation.: 1.259592	Loss Rotation.: 0.069887	Combined Loss Dist.: 66.473954	Loss Uncertainty: 3.942847
--ADE (5 time steps): 0.6261	--FDE (5 time steps): 0.7108
--ADE (10 time steps): 0.9069	--FDE (10 time steps): 1.2818
--ADE (15 time steps): 1.2233	--FDE (15 time steps): 1.9580
--ADE (20 time steps): 2.1767	--FDE (20 time steps): 10.3944
--ATE translation: 3.5687
[INFO] New best model (ATE)! Checkpoint saved to ./results/7_1_KittiPrior_10in_20out_k30/7_1_KittiPrior_10in_20out_k30_EXCL04/models/best_checkpoint_epoch_3.pth
[2025-06-12 14:04:01] Epoch: 4		Loss: 52.735962	Loss Translation.: 0.909990	Loss Rotation.: 0.064074	Combined Loss Dist.: 48.703187	Loss Uncertainty: 4.032775
--ADE (5 time steps): 0.5261	--FDE (5 time steps): 0.5227
--ADE (10 time steps): 0.7455	--FDE (10 time steps): 1.0099
--ADE (15 time steps): 1.0838	--FDE (15 time steps): 1.7842
--ADE (20 time steps): 1.7581	--FDE (20 time steps): 6.6223
--ATE translation: 2.5636
[INFO] New best model (ATE)! Checkpoint saved to ./results/7_1_KittiPrior_10in_20out_k30/7_1_KittiPrior_10in_20out_k30_EXCL04/models/best_checkpoint_epoch_4.pth
[2025-06-12 14:04:06] Epoch: 5		Loss: 47.525419	Loss Translation.: 0.804642	Loss Rotation.: 0.065780	Combined Loss Dist.: 43.521075	Loss Uncertainty: 4.004344
--ADE (5 time steps): 0.4534	--FDE (5 time steps): 0.4855
--ADE (10 time steps): 0.6676	--FDE (10 time steps): 1.0318
--ADE (15 time steps): 0.9607	--FDE (15 time steps): 1.5990
--ADE (20 time steps): 1.4627	--FDE (20 time steps): 3.7451
--ATE translation: 1.9623
[INFO] New best model (ATE)! Checkpoint saved to ./results/7_1_KittiPrior_10in_20out_k30/7_1_KittiPrior_10in_20out_k30_EXCL04/models/best_checkpoint_epoch_5.pth
[2025-06-12 14:04:10] Epoch: 6		Loss: 40.515490	Loss Translation.: 0.671281	Loss Rotation.: 0.066644	Combined Loss Dist.: 36.896262	Loss Uncertainty: 3.619228
--ADE (5 time steps): 0.3430	--FDE (5 time steps): 0.3633
--ADE (10 time steps): 0.5385	--FDE (10 time steps): 0.7417
--ADE (15 time steps): 0.7325	--FDE (15 time steps): 1.2269
--ADE (20 time steps): 1.1430	--FDE (20 time steps): 2.4013
--ATE translation: 1.5523
[INFO] New best model (ATE)! Checkpoint saved to ./results/7_1_KittiPrior_10in_20out_k30/7_1_KittiPrior_10in_20out_k30_EXCL04/models/best_checkpoint_epoch_6.pth
[2025-06-12 14:04:14] Epoch: 7		Loss: 35.854009	Loss Translation.: 0.582591	Loss Rotation.: 0.065983	Combined Loss Dist.: 32.428701	Loss Uncertainty: 3.425308
--ADE (5 time steps): 0.2947	--FDE (5 time steps): 0.3235
--ADE (10 time steps): 0.4745	--FDE (10 time steps): 0.6736
--ADE (15 time steps): 0.6796	--FDE (15 time steps): 1.1426
--ADE (20 time steps): 1.0699	--FDE (20 time steps): 2.4949
--ATE translation: 1.5344
[INFO] New best model (ATE)! Checkpoint saved to ./results/7_1_KittiPrior_10in_20out_k30/7_1_KittiPrior_10in_20out_k30_EXCL04/models/best_checkpoint_epoch_7.pth
[2025-06-12 14:04:19] Epoch: 8		Loss: 35.228296	Loss Translation.: 0.572017	Loss Rotation.: 0.065747	Combined Loss Dist.: 31.888212	Loss Uncertainty: 3.340083
--ADE (5 time steps): 0.2803	--FDE (5 time steps): 0.3342
--ADE (10 time steps): 0.4652	--FDE (10 time steps): 0.7372
--ADE (15 time steps): 0.6902	--FDE (15 time steps): 1.1419
--ADE (20 time steps): 1.0756	--FDE (20 time steps): 2.8960
--ATE translation: 1.5135
[INFO] New best model (ATE)! Checkpoint saved to ./results/7_1_KittiPrior_10in_20out_k30/7_1_KittiPrior_10in_20out_k30_EXCL04/models/best_checkpoint_epoch_8.pth
[2025-06-12 14:04:23] Epoch: 9		Loss: 33.424418	Loss Translation.: 0.541349	Loss Rotation.: 0.063526	Combined Loss Dist.: 30.243784	Loss Uncertainty: 3.180633
--ADE (5 time steps): 0.2305	--FDE (5 time steps): 0.2877
--ADE (10 time steps): 0.3971	--FDE (10 time steps): 0.6205
--ADE (15 time steps): 0.5976	--FDE (15 time steps): 0.9959
--ADE (20 time steps): 1.0059	--FDE (20 time steps): 2.5908
--ATE translation: 1.4665
[INFO] New best model (ATE)! Checkpoint saved to ./results/7_1_KittiPrior_10in_20out_k30/7_1_KittiPrior_10in_20out_k30_EXCL04/models/best_checkpoint_epoch_9.pth
[2025-06-12 14:04:27] Epoch: 10		Loss: 29.760181	Loss Translation.: 0.470024	Loss Rotation.: 0.063120	Combined Loss Dist.: 26.657195	Loss Uncertainty: 3.102986
--ADE (5 time steps): 0.2158	--FDE (5 time steps): 0.2834
--ADE (10 time steps): 0.3697	--FDE (10 time steps): 0.5515
--ADE (15 time steps): 0.5516	--FDE (15 time steps): 1.0067
--ADE (20 time steps): 0.9101	--FDE (20 time steps): 2.3723
--ATE translation: 1.3218
[INFO] New best model (ATE)! Checkpoint saved to ./results/7_1_KittiPrior_10in_20out_k30/7_1_KittiPrior_10in_20out_k30_EXCL04/models/best_checkpoint_epoch_10.pth
[2025-06-12 14:04:32] Epoch: 11		Loss: 28.096307	Loss Translation.: 0.438224	Loss Rotation.: 0.061591	Combined Loss Dist.: 24.990771	Loss Uncertainty: 3.105537
--ADE (5 time steps): 0.2024	--FDE (5 time steps): 0.2655
--ADE (10 time steps): 0.3535	--FDE (10 time steps): 0.5607
--ADE (15 time steps): 0.5368	--FDE (15 time steps): 0.9468
--ADE (20 time steps): 0.8743	--FDE (20 time steps): 2.1841
--ATE translation: 1.2503
[INFO] New best model (ATE)! Checkpoint saved to ./results/7_1_KittiPrior_10in_20out_k30/7_1_KittiPrior_10in_20out_k30_EXCL04/models/best_checkpoint_epoch_11.pth
[2025-06-12 14:04:36] Epoch: 12		Loss: 26.092198	Loss Translation.: 0.401163	Loss Rotation.: 0.059664	Combined Loss Dist.: 23.041374	Loss Uncertainty: 3.050823
--ADE (5 time steps): 0.1911	--FDE (5 time steps): 0.2579
--ADE (10 time steps): 0.3329	--FDE (10 time steps): 0.5331
--ADE (15 time steps): 0.5125	--FDE (15 time steps): 0.9156
--ADE (20 time steps): 0.8449	--FDE (20 time steps): 2.1549
--ATE translation: 1.2256
[INFO] New best model (ATE)! Checkpoint saved to ./results/7_1_KittiPrior_10in_20out_k30/7_1_KittiPrior_10in_20out_k30_EXCL04/models/best_checkpoint_epoch_12.pth
[2025-06-12 14:04:40] Epoch: 13		Loss: 25.221373	Loss Translation.: 0.385335	Loss Rotation.: 0.059390	Combined Loss Dist.: 22.236241	Loss Uncertainty: 2.985131
--ADE (5 time steps): 0.1958	--FDE (5 time steps): 0.2433
--ADE (10 time steps): 0.3431	--FDE (10 time steps): 0.5619
--ADE (15 time steps): 0.5222	--FDE (15 time steps): 0.9492
--ADE (20 time steps): 0.8575	--FDE (20 time steps): 2.1993
--ATE translation: 1.2263
[2025-06-12 14:04:44] Epoch: 14		Loss: 25.219007	Loss Translation.: 0.386277	Loss Rotation.: 0.058802	Combined Loss Dist.: 22.253958	Loss Uncertainty: 2.965049
--ADE (5 time steps): 0.2019	--FDE (5 time steps): 0.2555
--ADE (10 time steps): 0.3436	--FDE (10 time steps): 0.5319
--ADE (15 time steps): 0.5171	--FDE (15 time steps): 0.9343
--ADE (20 time steps): 0.8457	--FDE (20 time steps): 2.0174
--ATE translation: 1.2225
[INFO] New best model (ATE)! Checkpoint saved to ./results/7_1_KittiPrior_10in_20out_k30/7_1_KittiPrior_10in_20out_k30_EXCL04/models/best_checkpoint_epoch_14.pth
[2025-06-12 14:04:49] Epoch: 15		Loss: 24.272488	Loss Translation.: 0.369339	Loss Rotation.: 0.057587	Combined Loss Dist.: 21.346281	Loss Uncertainty: 2.926207
--ADE (5 time steps): 0.1832	--FDE (5 time steps): 0.2453
--ADE (10 time steps): 0.3355	--FDE (10 time steps): 0.5754
--ADE (15 time steps): 0.5278	--FDE (15 time steps): 0.9726
--ADE (20 time steps): 0.8702	--FDE (20 time steps): 2.0820
--ATE translation: 1.2374
[2025-06-12 14:04:53] Epoch: 16		Loss: 24.839637	Loss Translation.: 0.382148	Loss Rotation.: 0.056839	Combined Loss Dist.: 21.949325	Loss Uncertainty: 2.890312
--ADE (5 time steps): 0.1873	--FDE (5 time steps): 0.2715
--ADE (10 time steps): 0.3308	--FDE (10 time steps): 0.5278
--ADE (15 time steps): 0.5101	--FDE (15 time steps): 0.8979
--ADE (20 time steps): 0.8356	--FDE (20 time steps): 2.0809
--ATE translation: 1.2024
[INFO] New best model (ATE)! Checkpoint saved to ./results/7_1_KittiPrior_10in_20out_k30/7_1_KittiPrior_10in_20out_k30_EXCL04/models/best_checkpoint_epoch_16.pth
[2025-06-12 14:04:57] Epoch: 17		Loss: 23.692584	Loss Translation.: 0.360711	Loss Rotation.: 0.055785	Combined Loss Dist.: 20.824834	Loss Uncertainty: 2.867750
--ADE (5 time steps): 0.1650	--FDE (5 time steps): 0.2477
--ADE (10 time steps): 0.3169	--FDE (10 time steps): 0.5458
--ADE (15 time steps): 0.5055	--FDE (15 time steps): 0.9557
--ADE (20 time steps): 0.8289	--FDE (20 time steps): 2.0352
--ATE translation: 1.1984
[INFO] New best model (ATE)! Checkpoint saved to ./results/7_1_KittiPrior_10in_20out_k30/7_1_KittiPrior_10in_20out_k30_EXCL04/models/best_checkpoint_epoch_17.pth
[2025-06-12 14:05:02] Epoch: 18		Loss: 22.279745	Loss Translation.: 0.333501	Loss Rotation.: 0.055061	Combined Loss Dist.: 19.428087	Loss Uncertainty: 2.851659
--ADE (5 time steps): 0.1613	--FDE (5 time steps): 0.2393
--ADE (10 time steps): 0.3158	--FDE (10 time steps): 0.5173
--ADE (15 time steps): 0.4954	--FDE (15 time steps): 0.9379
--ADE (20 time steps): 0.8302	--FDE (20 time steps): 2.0116
--ATE translation: 1.2189
[2025-06-12 14:05:06] Epoch: 19		Loss: 22.960882	Loss Translation.: 0.348040	Loss Rotation.: 0.054304	Combined Loss Dist.: 20.117229	Loss Uncertainty: 2.843653
--ADE (5 time steps): 0.1622	--FDE (5 time steps): 0.2358
--ADE (10 time steps): 0.3153	--FDE (10 time steps): 0.5218
--ADE (15 time steps): 0.5005	--FDE (15 time steps): 0.9172
--ADE (20 time steps): 0.8339	--FDE (20 time steps): 2.0295
--ATE translation: 1.2172
[2025-06-12 14:05:10] Epoch: 20		Loss: 22.693583	Loss Translation.: 0.343332	Loss Rotation.: 0.054188	Combined Loss Dist.: 19.875954	Loss Uncertainty: 2.817629
--ADE (5 time steps): 0.1680	--FDE (5 time steps): 0.2387
--ADE (10 time steps): 0.3146	--FDE (10 time steps): 0.5468
--ADE (15 time steps): 0.5001	--FDE (15 time steps): 0.9228
--ADE (20 time steps): 0.8308	--FDE (20 time steps): 2.0937
--ATE translation: 1.2028
[2025-06-12 14:05:14] Epoch: 21		Loss: 21.408933	Loss Translation.: 0.318496	Loss Rotation.: 0.053644	Combined Loss Dist.: 18.607005	Loss Uncertainty: 2.801928
--ADE (5 time steps): 0.1578	--FDE (5 time steps): 0.2439
--ADE (10 time steps): 0.3043	--FDE (10 time steps): 0.5299
--ADE (15 time steps): 0.4962	--FDE (15 time steps): 0.9599
--ADE (20 time steps): 0.8257	--FDE (20 time steps): 1.9976
--ATE translation: 1.1953
[INFO] New best model (ATE)! Checkpoint saved to ./results/7_1_KittiPrior_10in_20out_k30/7_1_KittiPrior_10in_20out_k30_EXCL04/models/best_checkpoint_epoch_21.pth
[2025-06-12 14:05:18] Epoch: 22		Loss: 20.746624	Loss Translation.: 0.305420	Loss Rotation.: 0.053511	Combined Loss Dist.: 17.946579	Loss Uncertainty: 2.800045
--ADE (5 time steps): 0.1612	--FDE (5 time steps): 0.2584
--ADE (10 time steps): 0.3078	--FDE (10 time steps): 0.5268
--ADE (15 time steps): 0.4893	--FDE (15 time steps): 0.9292
--ADE (20 time steps): 0.8214	--FDE (20 time steps): 2.0252
--ATE translation: 1.2016
[2025-06-12 14:05:23] Epoch: 23		Loss: 20.502535	Loss Translation.: 0.300515	Loss Rotation.: 0.053888	Combined Loss Dist.: 17.720149	Loss Uncertainty: 2.782387
--ADE (5 time steps): 0.1557	--FDE (5 time steps): 0.2389
--ADE (10 time steps): 0.3044	--FDE (10 time steps): 0.5201
--ADE (15 time steps): 0.4826	--FDE (15 time steps): 0.9017
--ADE (20 time steps): 0.8116	--FDE (20 time steps): 1.9703
--ATE translation: 1.2021
[2025-06-12 14:05:27] Epoch: 24		Loss: 20.213898	Loss Translation.: 0.295675	Loss Rotation.: 0.053369	Combined Loss Dist.: 17.452205	Loss Uncertainty: 2.761693
--ADE (5 time steps): 0.1586	--FDE (5 time steps): 0.2405
--ADE (10 time steps): 0.3017	--FDE (10 time steps): 0.5346
--ADE (15 time steps): 0.4843	--FDE (15 time steps): 0.9129
--ADE (20 time steps): 0.8078	--FDE (20 time steps): 1.9490
--ATE translation: 1.1835
[INFO] New best model (ATE)! Checkpoint saved to ./results/7_1_KittiPrior_10in_20out_k30/7_1_KittiPrior_10in_20out_k30_EXCL04/models/best_checkpoint_epoch_24.pth
[2025-06-12 14:05:31] Epoch: 25		Loss: 19.818167	Loss Translation.: 0.288880	Loss Rotation.: 0.052561	Combined Loss Dist.: 17.072055	Loss Uncertainty: 2.746112
--ADE (5 time steps): 0.1481	--FDE (5 time steps): 0.2290
--ADE (10 time steps): 0.2947	--FDE (10 time steps): 0.5245
--ADE (15 time steps): 0.4703	--FDE (15 time steps): 0.8938
--ADE (20 time steps): 0.7953	--FDE (20 time steps): 1.9162
--ATE translation: 1.1830
[INFO] New best model (ATE)! Checkpoint saved to ./results/7_1_KittiPrior_10in_20out_k30/7_1_KittiPrior_10in_20out_k30_EXCL04/models/best_checkpoint_epoch_25.pth
[2025-06-12 14:05:35] Epoch: 26		Loss: 19.809458	Loss Translation.: 0.289133	Loss Rotation.: 0.052252	Combined Loss Dist.: 17.069231	Loss Uncertainty: 2.740227
--ADE (5 time steps): 0.1454	--FDE (5 time steps): 0.2310
--ADE (10 time steps): 0.2948	--FDE (10 time steps): 0.5389
--ADE (15 time steps): 0.4860	--FDE (15 time steps): 0.9409
--ADE (20 time steps): 0.8222	--FDE (20 time steps): 1.9270
--ATE translation: 1.2063
[2025-06-12 14:05:40] Epoch: 27		Loss: 19.415615	Loss Translation.: 0.281607	Loss Rotation.: 0.051943	Combined Loss Dist.: 16.677523	Loss Uncertainty: 2.738093
--ADE (5 time steps): 0.1451	--FDE (5 time steps): 0.2188
--ADE (10 time steps): 0.2835	--FDE (10 time steps): 0.5006
--ADE (15 time steps): 0.4534	--FDE (15 time steps): 0.8601
--ADE (20 time steps): 0.7667	--FDE (20 time steps): 1.9261
--ATE translation: 1.1542
[INFO] New best model (ATE)! Checkpoint saved to ./results/7_1_KittiPrior_10in_20out_k30/7_1_KittiPrior_10in_20out_k30_EXCL04/models/best_checkpoint_epoch_27.pth
[2025-06-12 14:05:44] Epoch: 28		Loss: 18.779757	Loss Translation.: 0.269235	Loss Rotation.: 0.051788	Combined Loss Dist.: 16.051110	Loss Uncertainty: 2.728647
--ADE (5 time steps): 0.1383	--FDE (5 time steps): 0.2147
--ADE (10 time steps): 0.2807	--FDE (10 time steps): 0.5139
--ADE (15 time steps): 0.4565	--FDE (15 time steps): 0.8807
--ADE (20 time steps): 0.7783	--FDE (20 time steps): 1.8930
--ATE translation: 1.1622
[2025-06-12 14:05:48] Epoch: 29		Loss: 18.117305	Loss Translation.: 0.256253	Loss Rotation.: 0.051702	Combined Loss Dist.: 15.397755	Loss Uncertainty: 2.719551
--ADE (5 time steps): 0.1413	--FDE (5 time steps): 0.2139
--ADE (10 time steps): 0.2803	--FDE (10 time steps): 0.4964
--ADE (15 time steps): 0.4471	--FDE (15 time steps): 0.8495
--ADE (20 time steps): 0.7633	--FDE (20 time steps): 1.8947
--ATE translation: 1.1586
[2025-06-12 14:05:52] Epoch: 30		Loss: 17.947335	Loss Translation.: 0.252961	Loss Rotation.: 0.051730	Combined Loss Dist.: 15.234596	Loss Uncertainty: 2.712739
--ADE (5 time steps): 0.1418	--FDE (5 time steps): 0.2218
--ADE (10 time steps): 0.2862	--FDE (10 time steps): 0.5096
--ADE (15 time steps): 0.4624	--FDE (15 time steps): 0.8844
--ADE (20 time steps): 0.7868	--FDE (20 time steps): 1.8920
--ATE translation: 1.1810
[2025-06-12 14:05:56] Epoch: 31		Loss: 18.122846	Loss Translation.: 0.256602	Loss Rotation.: 0.051711	Combined Loss Dist.: 15.415634	Loss Uncertainty: 2.707213
--ADE (5 time steps): 0.1478	--FDE (5 time steps): 0.2261
--ADE (10 time steps): 0.2947	--FDE (10 time steps): 0.5215
--ADE (15 time steps): 0.4733	--FDE (15 time steps): 0.8855
--ADE (20 time steps): 0.7961	--FDE (20 time steps): 1.9248
--ATE translation: 1.1817
[2025-06-12 14:06:01] Epoch: 32		Loss: 18.718027	Loss Translation.: 0.268572	Loss Rotation.: 0.051607	Combined Loss Dist.: 16.008956	Loss Uncertainty: 2.709072
--ADE (5 time steps): 0.1498	--FDE (5 time steps): 0.2186
--ADE (10 time steps): 0.2849	--FDE (10 time steps): 0.5112
--ADE (15 time steps): 0.4511	--FDE (15 time steps): 0.8477
--ADE (20 time steps): 0.7742	--FDE (20 time steps): 1.9213
--ATE translation: 1.1708
[2025-06-12 14:06:05] Epoch: 33		Loss: 18.651155	Loss Translation.: 0.267729	Loss Rotation.: 0.051367	Combined Loss Dist.: 15.954806	Loss Uncertainty: 2.696349
--ADE (5 time steps): 0.1355	--FDE (5 time steps): 0.2080
--ADE (10 time steps): 0.2679	--FDE (10 time steps): 0.4853
--ADE (15 time steps): 0.4401	--FDE (15 time steps): 0.8668
--ADE (20 time steps): 0.7700	--FDE (20 time steps): 1.9428
--ATE translation: 1.1673
[2025-06-12 14:06:09] Epoch: 34		Loss: 17.393011	Loss Translation.: 0.242742	Loss Rotation.: 0.051245	Combined Loss Dist.: 14.699341	Loss Uncertainty: 2.693670
--ADE (5 time steps): 0.1294	--FDE (5 time steps): 0.2055
--ADE (10 time steps): 0.2652	--FDE (10 time steps): 0.4871
--ADE (15 time steps): 0.4356	--FDE (15 time steps): 0.8532
--ADE (20 time steps): 0.7592	--FDE (20 time steps): 1.9386
--ATE translation: 1.1552
[2025-06-12 14:06:13] Epoch: 35		Loss: 16.903698	Loss Translation.: 0.233194	Loss Rotation.: 0.051178	Combined Loss Dist.: 14.218576	Loss Uncertainty: 2.685122
--ADE (5 time steps): 0.1294	--FDE (5 time steps): 0.2049
--ADE (10 time steps): 0.2686	--FDE (10 time steps): 0.4932
--ADE (15 time steps): 0.4420	--FDE (15 time steps): 0.8610
--ADE (20 time steps): 0.7652	--FDE (20 time steps): 1.9257
--ATE translation: 1.1643
[2025-06-12 14:06:17] Epoch: 36		Loss: 16.996210	Loss Translation.: 0.235194	Loss Rotation.: 0.051085	Combined Loss Dist.: 14.313988	Loss Uncertainty: 2.682221
--ADE (5 time steps): 0.1296	--FDE (5 time steps): 0.2046
--ADE (10 time steps): 0.2686	--FDE (10 time steps): 0.4906
--ADE (15 time steps): 0.4361	--FDE (15 time steps): 0.8499
--ADE (20 time steps): 0.7567	--FDE (20 time steps): 1.9122
--ATE translation: 1.1585
[2025-06-12 14:06:22] Epoch: 37		Loss: 16.868584	Loss Translation.: 0.232742	Loss Rotation.: 0.050992	Combined Loss Dist.: 14.186717	Loss Uncertainty: 2.681867
--ADE (5 time steps): 0.1298	--FDE (5 time steps): 0.2065
--ADE (10 time steps): 0.2673	--FDE (10 time steps): 0.4907
--ADE (15 time steps): 0.4369	--FDE (15 time steps): 0.8547
--ADE (20 time steps): 0.7599	--FDE (20 time steps): 1.9262
--ATE translation: 1.1571
[2025-06-12 14:06:26] Epoch: 38		Loss: 16.680131	Loss Translation.: 0.229026	Loss Rotation.: 0.050991	Combined Loss Dist.: 14.000820	Loss Uncertainty: 2.679311
--ADE (5 time steps): 0.1292	--FDE (5 time steps): 0.1997
--ADE (10 time steps): 0.2646	--FDE (10 time steps): 0.4856
--ADE (15 time steps): 0.4350	--FDE (15 time steps): 0.8510
--ADE (20 time steps): 0.7598	--FDE (20 time steps): 1.9160
--ATE translation: 1.1641
[2025-06-12 14:06:30] Epoch: 39		Loss: 16.660040	Loss Translation.: 0.228735	Loss Rotation.: 0.050909	Combined Loss Dist.: 13.982187	Loss Uncertainty: 2.677853
--ADE (5 time steps): 0.1257	--FDE (5 time steps): 0.2033
--ADE (10 time steps): 0.2615	--FDE (10 time steps): 0.4850
--ADE (15 time steps): 0.4294	--FDE (15 time steps): 0.8471
--ADE (20 time steps): 0.7527	--FDE (20 time steps): 1.9209
--ATE translation: 1.1568
[2025-06-12 14:06:34] Epoch: 40		Loss: 16.458284	Loss Translation.: 0.224815	Loss Rotation.: 0.050871	Combined Loss Dist.: 13.784253	Loss Uncertainty: 2.674031
--ADE (5 time steps): 0.1250	--FDE (5 time steps): 0.2008
--ADE (10 time steps): 0.2588	--FDE (10 time steps): 0.4766
--ADE (15 time steps): 0.4226	--FDE (15 time steps): 0.8370
--ADE (20 time steps): 0.7451	--FDE (20 time steps): 1.9296
--ATE translation: 1.1524
[INFO] New best model (ATE)! Checkpoint saved to ./results/7_1_KittiPrior_10in_20out_k30/7_1_KittiPrior_10in_20out_k30_EXCL04/models/best_checkpoint_epoch_40.pth
[2025-06-12 14:06:38] Epoch: 41		Loss: 16.147760	Loss Translation.: 0.218713	Loss Rotation.: 0.050815	Combined Loss Dist.: 13.476418	Loss Uncertainty: 2.671342
--ADE (5 time steps): 0.1250	--FDE (5 time steps): 0.2019
--ADE (10 time steps): 0.2616	--FDE (10 time steps): 0.4865
--ADE (15 time steps): 0.4282	--FDE (15 time steps): 0.8414
--ADE (20 time steps): 0.7522	--FDE (20 time steps): 1.9169
--ATE translation: 1.1527
[2025-06-12 14:06:43] Epoch: 42		Loss: 15.956649	Loss Translation.: 0.214999	Loss Rotation.: 0.050792	Combined Loss Dist.: 13.289519	Loss Uncertainty: 2.667130
--ADE (5 time steps): 0.1237	--FDE (5 time steps): 0.1996
--ADE (10 time steps): 0.2610	--FDE (10 time steps): 0.4880
--ADE (15 time steps): 0.4269	--FDE (15 time steps): 0.8383
--ADE (20 time steps): 0.7486	--FDE (20 time steps): 1.8972
--ATE translation: 1.1522
[INFO] New best model (ATE)! Checkpoint saved to ./results/7_1_KittiPrior_10in_20out_k30/7_1_KittiPrior_10in_20out_k30_EXCL04/models/best_checkpoint_epoch_42.pth
[2025-06-12 14:06:47] Epoch: 43		Loss: 15.734444	Loss Translation.: 0.210585	Loss Rotation.: 0.050796	Combined Loss Dist.: 13.069040	Loss Uncertainty: 2.665405
--ADE (5 time steps): 0.1238	--FDE (5 time steps): 0.1999
--ADE (10 time steps): 0.2618	--FDE (10 time steps): 0.4853
--ADE (15 time steps): 0.4272	--FDE (15 time steps): 0.8364
--ADE (20 time steps): 0.7492	--FDE (20 time steps): 1.8973
--ATE translation: 1.1554
[2025-06-12 14:06:51] Epoch: 44		Loss: 15.654280	Loss Translation.: 0.209028	Loss Rotation.: 0.050775	Combined Loss Dist.: 12.990148	Loss Uncertainty: 2.664132
--ADE (5 time steps): 0.1229	--FDE (5 time steps): 0.1984
--ADE (10 time steps): 0.2614	--FDE (10 time steps): 0.4837
--ADE (15 time steps): 0.4252	--FDE (15 time steps): 0.8318
--ADE (20 time steps): 0.7468	--FDE (20 time steps): 1.8961
--ATE translation: 1.1555
[2025-06-12 14:06:55] Epoch: 45		Loss: 15.608106	Loss Translation.: 0.208154	Loss Rotation.: 0.050753	Combined Loss Dist.: 12.945367	Loss Uncertainty: 2.662739
--ADE (5 time steps): 0.1216	--FDE (5 time steps): 0.1972
--ADE (10 time steps): 0.2582	--FDE (10 time steps): 0.4800
--ADE (15 time steps): 0.4221	--FDE (15 time steps): 0.8308
--ADE (20 time steps): 0.7446	--FDE (20 time steps): 1.9013
--ATE translation: 1.1527
[2025-06-12 14:06:59] Epoch: 46		Loss: 15.488656	Loss Translation.: 0.205816	Loss Rotation.: 0.050742	Combined Loss Dist.: 12.827923	Loss Uncertainty: 2.660733
--ADE (5 time steps): 0.1214	--FDE (5 time steps): 0.1974
--ADE (10 time steps): 0.2576	--FDE (10 time steps): 0.4793
--ADE (15 time steps): 0.4216	--FDE (15 time steps): 0.8298
--ADE (20 time steps): 0.7441	--FDE (20 time steps): 1.9012
--ATE translation: 1.1506
[INFO] New best model (ATE)! Checkpoint saved to ./results/7_1_KittiPrior_10in_20out_k30/7_1_KittiPrior_10in_20out_k30_EXCL04/models/best_checkpoint_epoch_46.pth
[2025-06-12 14:07:04] Epoch: 47		Loss: 15.388624	Loss Translation.: 0.203868	Loss Rotation.: 0.050731	Combined Loss Dist.: 12.729965	Loss Uncertainty: 2.658658
--ADE (5 time steps): 0.1213	--FDE (5 time steps): 0.1973
--ADE (10 time steps): 0.2576	--FDE (10 time steps): 0.4798
--ADE (15 time steps): 0.4217	--FDE (15 time steps): 0.8288
--ADE (20 time steps): 0.7437	--FDE (20 time steps): 1.8992
--ATE translation: 1.1481
[INFO] New best model (ATE)! Checkpoint saved to ./results/7_1_KittiPrior_10in_20out_k30/7_1_KittiPrior_10in_20out_k30_EXCL04/models/best_checkpoint_epoch_47.pth
[2025-06-12 14:07:08] Epoch: 48		Loss: 15.284901	Loss Translation.: 0.201843	Loss Rotation.: 0.050726	Combined Loss Dist.: 12.628451	Loss Uncertainty: 2.656450
--ADE (5 time steps): 0.1211	--FDE (5 time steps): 0.1969
--ADE (10 time steps): 0.2576	--FDE (10 time steps): 0.4803
--ADE (15 time steps): 0.4214	--FDE (15 time steps): 0.8272
--ADE (20 time steps): 0.7428	--FDE (20 time steps): 1.8971
--ATE translation: 1.1478
[INFO] New best model (ATE)! Checkpoint saved to ./results/7_1_KittiPrior_10in_20out_k30/7_1_KittiPrior_10in_20out_k30_EXCL04/models/best_checkpoint_epoch_48.pth
[2025-06-12 14:07:12] Epoch: 49		Loss: 15.144000	Loss Translation.: 0.199115	Loss Rotation.: 0.050684	Combined Loss Dist.: 12.489918	Loss Uncertainty: 2.654082
--ADE (5 time steps): 0.1201	--FDE (5 time steps): 0.1955
--ADE (10 time steps): 0.2579	--FDE (10 time steps): 0.4820
--ADE (15 time steps): 0.4212	--FDE (15 time steps): 0.8281
--ADE (20 time steps): 0.7425	--FDE (20 time steps): 1.8933
--ATE translation: 1.1513
[2025-06-12 14:07:17] Epoch: 50		Loss: 15.052177	Loss Translation.: 0.197315	Loss Rotation.: 0.050674	Combined Loss Dist.: 12.399451	Loss Uncertainty: 2.652726
--ADE (5 time steps): 0.1207	--FDE (5 time steps): 0.1961
--ADE (10 time steps): 0.2587	--FDE (10 time steps): 0.4823
--ADE (15 time steps): 0.4216	--FDE (15 time steps): 0.8283
--ADE (20 time steps): 0.7435	--FDE (20 time steps): 1.8923
--ATE translation: 1.1516
[2025-06-12 14:07:21] Epoch: 51		Loss: 14.984366	Loss Translation.: 0.195974	Loss Rotation.: 0.050675	Combined Loss Dist.: 12.332470	Loss Uncertainty: 2.651896
--ADE (5 time steps): 0.1208	--FDE (5 time steps): 0.1964
--ADE (10 time steps): 0.2587	--FDE (10 time steps): 0.4817
--ADE (15 time steps): 0.4213	--FDE (15 time steps): 0.8275
--ADE (20 time steps): 0.7430	--FDE (20 time steps): 1.8913
--ATE translation: 1.1513
[2025-06-12 14:07:25] Epoch: 52		Loss: 14.936979	Loss Translation.: 0.195062	Loss Rotation.: 0.050668	Combined Loss Dist.: 12.286499	Loss Uncertainty: 2.650481
--ADE (5 time steps): 0.1207	--FDE (5 time steps): 0.1964
--ADE (10 time steps): 0.2582	--FDE (10 time steps): 0.4816
--ADE (15 time steps): 0.4208	--FDE (15 time steps): 0.8266
--ADE (20 time steps): 0.7427	--FDE (20 time steps): 1.8899
--ATE translation: 1.1510
[2025-06-12 14:07:29] Epoch: 53		Loss: 14.884496	Loss Translation.: 0.194060	Loss Rotation.: 0.050652	Combined Loss Dist.: 12.235601	Loss Uncertainty: 2.648894
--ADE (5 time steps): 0.1206	--FDE (5 time steps): 0.1964
--ADE (10 time steps): 0.2580	--FDE (10 time steps): 0.4814
--ADE (15 time steps): 0.4207	--FDE (15 time steps): 0.8263
--ADE (20 time steps): 0.7426	--FDE (20 time steps): 1.8892
--ATE translation: 1.1510
[2025-06-12 14:07:33] Epoch: 54		Loss: 14.824815	Loss Translation.: 0.192903	Loss Rotation.: 0.050645	Combined Loss Dist.: 12.177378	Loss Uncertainty: 2.647437
--ADE (5 time steps): 0.1203	--FDE (5 time steps): 0.1960
--ADE (10 time steps): 0.2577	--FDE (10 time steps): 0.4811
--ADE (15 time steps): 0.4202	--FDE (15 time steps): 0.8256
--ADE (20 time steps): 0.7418	--FDE (20 time steps): 1.8874
--ATE translation: 1.1504
[2025-06-12 14:07:38] Epoch: 55		Loss: 14.765681	Loss Translation.: 0.191760	Loss Rotation.: 0.050638	Combined Loss Dist.: 12.119908	Loss Uncertainty: 2.645773
--ADE (5 time steps): 0.1203	--FDE (5 time steps): 0.1959
--ADE (10 time steps): 0.2576	--FDE (10 time steps): 0.4811
--ADE (15 time steps): 0.4199	--FDE (15 time steps): 0.8250
--ADE (20 time steps): 0.7417	--FDE (20 time steps): 1.8860
--ATE translation: 1.1503
[2025-06-12 14:07:42] Epoch: 56		Loss: 14.707757	Loss Translation.: 0.190648	Loss Rotation.: 0.050625	Combined Loss Dist.: 12.063686	Loss Uncertainty: 2.644070
--ADE (5 time steps): 0.1205	--FDE (5 time steps): 0.1959
--ADE (10 time steps): 0.2580	--FDE (10 time steps): 0.4814
--ADE (15 time steps): 0.4198	--FDE (15 time steps): 0.8248
--ADE (20 time steps): 0.7418	--FDE (20 time steps): 1.8845
--ATE translation: 1.1514
[2025-06-12 14:07:46] Epoch: 57		Loss: 14.637633	Loss Translation.: 0.189303	Loss Rotation.: 0.050597	Combined Loss Dist.: 11.994994	Loss Uncertainty: 2.642639
--ADE (5 time steps): 0.1201	--FDE (5 time steps): 0.1950
--ADE (10 time steps): 0.2575	--FDE (10 time steps): 0.4817
--ADE (15 time steps): 0.4198	--FDE (15 time steps): 0.8257
--ADE (20 time steps): 0.7416	--FDE (20 time steps): 1.8837
--ATE translation: 1.1541
[2025-06-12 14:07:50] Epoch: 58		Loss: 14.597850	Loss Translation.: 0.188522	Loss Rotation.: 0.050595	Combined Loss Dist.: 11.955822	Loss Uncertainty: 2.642028
--ADE (5 time steps): 0.1204	--FDE (5 time steps): 0.1957
--ADE (10 time steps): 0.2577	--FDE (10 time steps): 0.4812
--ADE (15 time steps): 0.4198	--FDE (15 time steps): 0.8254
--ADE (20 time steps): 0.7417	--FDE (20 time steps): 1.8837
--ATE translation: 1.1540
[2025-06-12 14:07:54] Epoch: 59		Loss: 14.571107	Loss Translation.: 0.188000	Loss Rotation.: 0.050591	Combined Loss Dist.: 11.929559	Loss Uncertainty: 2.641547
--ADE (5 time steps): 0.1202	--FDE (5 time steps): 0.1956
--ADE (10 time steps): 0.2575	--FDE (10 time steps): 0.4812
--ADE (15 time steps): 0.4194	--FDE (15 time steps): 0.8249
--ADE (20 time steps): 0.7413	--FDE (20 time steps): 1.8825
--ATE translation: 1.1504
[2025-06-12 14:07:58] Epoch: 60		Loss: 14.538184	Loss Translation.: 0.187374	Loss Rotation.: 0.050583	Combined Loss Dist.: 11.897810	Loss Uncertainty: 2.640374
--ADE (5 time steps): 0.1203	--FDE (5 time steps): 0.1955
--ADE (10 time steps): 0.2577	--FDE (10 time steps): 0.4812
--ADE (15 time steps): 0.4194	--FDE (15 time steps): 0.8246
--ADE (20 time steps): 0.7413	--FDE (20 time steps): 1.8820
--ATE translation: 1.1537
[2025-06-12 14:08:03] Epoch: 61		Loss: 14.507732	Loss Translation.: 0.186784	Loss Rotation.: 0.050579	Combined Loss Dist.: 11.868153	Loss Uncertainty: 2.639579
--ADE (5 time steps): 0.1203	--FDE (5 time steps): 0.1953
--ADE (10 time steps): 0.2575	--FDE (10 time steps): 0.4809
--ADE (15 time steps): 0.4192	--FDE (15 time steps): 0.8243
--ADE (20 time steps): 0.7410	--FDE (20 time steps): 1.8812
--ATE translation: 1.1537
[2025-06-12 14:08:07] Epoch: 62		Loss: 14.477981	Loss Translation.: 0.186206	Loss Rotation.: 0.050577	Combined Loss Dist.: 11.839178	Loss Uncertainty: 2.638803
--ADE (5 time steps): 0.1202	--FDE (5 time steps): 0.1955
--ADE (10 time steps): 0.2573	--FDE (10 time steps): 0.4809
--ADE (15 time steps): 0.4191	--FDE (15 time steps): 0.8244
--ADE (20 time steps): 0.7410	--FDE (20 time steps): 1.8813
--ATE translation: 1.1538
[2025-06-12 14:08:11] Epoch: 63		Loss: 14.450039	Loss Translation.: 0.185673	Loss Rotation.: 0.050570	Combined Loss Dist.: 11.812142	Loss Uncertainty: 2.637898
--ADE (5 time steps): 0.1202	--FDE (5 time steps): 0.1953
--ADE (10 time steps): 0.2573	--FDE (10 time steps): 0.4809
--ADE (15 time steps): 0.4189	--FDE (15 time steps): 0.8239
--ADE (20 time steps): 0.7407	--FDE (20 time steps): 1.8802
--ATE translation: 1.1554
[2025-06-12 14:08:15] Epoch: 64		Loss: 14.418683	Loss Translation.: 0.185069	Loss Rotation.: 0.050565	Combined Loss Dist.: 11.781705	Loss Uncertainty: 2.636978
--ADE (5 time steps): 0.1202	--FDE (5 time steps): 0.1953
--ADE (10 time steps): 0.2574	--FDE (10 time steps): 0.4808
--ADE (15 time steps): 0.4190	--FDE (15 time steps): 0.8241
--ADE (20 time steps): 0.7407	--FDE (20 time steps): 1.8795
--ATE translation: 1.1537
[2025-06-12 14:08:19] Epoch: 65		Loss: 14.382843	Loss Translation.: 0.184378	Loss Rotation.: 0.050551	Combined Loss Dist.: 11.746481	Loss Uncertainty: 2.636362
--ADE (5 time steps): 0.1202	--FDE (5 time steps): 0.1954
--ADE (10 time steps): 0.2574	--FDE (10 time steps): 0.4811
--ADE (15 time steps): 0.4190	--FDE (15 time steps): 0.8241
--ADE (20 time steps): 0.7406	--FDE (20 time steps): 1.8794
--ATE translation: 1.1536
[2025-06-12 14:08:23] Epoch: 66		Loss: 14.366412	Loss Translation.: 0.184064	Loss Rotation.: 0.050548	Combined Loss Dist.: 11.730613	Loss Uncertainty: 2.635799
--ADE (5 time steps): 0.1202	--FDE (5 time steps): 0.1953
--ADE (10 time steps): 0.2574	--FDE (10 time steps): 0.4810
--ADE (15 time steps): 0.4189	--FDE (15 time steps): 0.8241
--ADE (20 time steps): 0.7406	--FDE (20 time steps): 1.8788
--ATE translation: 1.1536
[2025-06-12 14:08:28] Epoch: 67		Loss: 14.351598	Loss Translation.: 0.183777	Loss Rotation.: 0.050545	Combined Loss Dist.: 11.716132	Loss Uncertainty: 2.635466
--ADE (5 time steps): 0.1202	--FDE (5 time steps): 0.1953
--ADE (10 time steps): 0.2573	--FDE (10 time steps): 0.4809
--ADE (15 time steps): 0.4188	--FDE (15 time steps): 0.8240
--ADE (20 time steps): 0.7405	--FDE (20 time steps): 1.8788
--ATE translation: 1.1555
[2025-06-12 14:08:32] Epoch: 68		Loss: 14.336677	Loss Translation.: 0.183494	Loss Rotation.: 0.050542	Combined Loss Dist.: 11.701830	Loss Uncertainty: 2.634848
--ADE (5 time steps): 0.1202	--FDE (5 time steps): 0.1953
--ADE (10 time steps): 0.2574	--FDE (10 time steps): 0.4810
--ADE (15 time steps): 0.4188	--FDE (15 time steps): 0.8239
--ADE (20 time steps): 0.7404	--FDE (20 time steps): 1.8779
--ATE translation: 1.1555
[2025-06-12 14:08:36] Epoch: 69		Loss: 14.321457	Loss Translation.: 0.183198	Loss Rotation.: 0.050541	Combined Loss Dist.: 11.686931	Loss Uncertainty: 2.634526
--ADE (5 time steps): 0.1202	--FDE (5 time steps): 0.1954
--ADE (10 time steps): 0.2573	--FDE (10 time steps): 0.4808
--ADE (15 time steps): 0.4187	--FDE (15 time steps): 0.8238
--ADE (20 time steps): 0.7404	--FDE (20 time steps): 1.8782
--ATE translation: 1.1555
[2025-06-12 14:08:40] Epoch: 70		Loss: 14.306875	Loss Translation.: 0.182921	Loss Rotation.: 0.050538	Combined Loss Dist.: 11.672939	Loss Uncertainty: 2.633935
--ADE (5 time steps): 0.1202	--FDE (5 time steps): 0.1952
--ADE (10 time steps): 0.2573	--FDE (10 time steps): 0.4809
--ADE (15 time steps): 0.4187	--FDE (15 time steps): 0.8238
--ADE (20 time steps): 0.7402	--FDE (20 time steps): 1.8772
--ATE translation: 1.1555
[2025-06-12 14:08:44] Epoch: 71		Loss: 14.292066	Loss Translation.: 0.182634	Loss Rotation.: 0.050536	Combined Loss Dist.: 11.658506	Loss Uncertainty: 2.633560
--ADE (5 time steps): 0.1202	--FDE (5 time steps): 0.1953
--ADE (10 time steps): 0.2572	--FDE (10 time steps): 0.4807
--ADE (15 time steps): 0.4186	--FDE (15 time steps): 0.8236
--ADE (20 time steps): 0.7401	--FDE (20 time steps): 1.8774
--ATE translation: 1.1554
[2025-06-12 14:08:49] Epoch: 72		Loss: 14.277503	Loss Translation.: 0.182357	Loss Rotation.: 0.050533	Combined Loss Dist.: 11.644508	Loss Uncertainty: 2.632996
--ADE (5 time steps): 0.1202	--FDE (5 time steps): 0.1952
--ADE (10 time steps): 0.2572	--FDE (10 time steps): 0.4808
--ADE (15 time steps): 0.4186	--FDE (15 time steps): 0.8237
--ADE (20 time steps): 0.7401	--FDE (20 time steps): 1.8766
--ATE translation: 1.1555
[2025-06-12 14:08:53] Epoch: 73		Loss: 14.259154	Loss Translation.: 0.182003	Loss Rotation.: 0.050526	Combined Loss Dist.: 11.626463	Loss Uncertainty: 2.632691
--ADE (5 time steps): 0.1203	--FDE (5 time steps): 0.1953
--ADE (10 time steps): 0.2573	--FDE (10 time steps): 0.4808
--ADE (15 time steps): 0.4186	--FDE (15 time steps): 0.8237
--ADE (20 time steps): 0.7401	--FDE (20 time steps): 1.8766
--ATE translation: 1.1554
[2025-06-12 14:08:57] Epoch: 74		Loss: 14.251638	Loss Translation.: 0.181860	Loss Rotation.: 0.050524	Combined Loss Dist.: 11.619233	Loss Uncertainty: 2.632405
--ADE (5 time steps): 0.1203	--FDE (5 time steps): 0.1953
--ADE (10 time steps): 0.2573	--FDE (10 time steps): 0.4808
--ADE (15 time steps): 0.4186	--FDE (15 time steps): 0.8237
--ADE (20 time steps): 0.7401	--FDE (20 time steps): 1.8764
--ATE translation: 1.1555
[2025-06-12 14:09:01] Epoch: 75		Loss: 14.244515	Loss Translation.: 0.181723	Loss Rotation.: 0.050523	Combined Loss Dist.: 11.612317	Loss Uncertainty: 2.632198
--ADE (5 time steps): 0.1203	--FDE (5 time steps): 0.1953
--ADE (10 time steps): 0.2573	--FDE (10 time steps): 0.4808
--ADE (15 time steps): 0.4186	--FDE (15 time steps): 0.8237
--ADE (20 time steps): 0.7401	--FDE (20 time steps): 1.8762
--ATE translation: 1.1555
[2025-06-12 14:09:05] Epoch: 76		Loss: 14.236875	Loss Translation.: 0.181577	Loss Rotation.: 0.050522	Combined Loss Dist.: 11.604958	Loss Uncertainty: 2.631918
--ADE (5 time steps): 0.1202	--FDE (5 time steps): 0.1953
--ADE (10 time steps): 0.2572	--FDE (10 time steps): 0.4807
--ADE (15 time steps): 0.4185	--FDE (15 time steps): 0.8235
--ADE (20 time steps): 0.7400	--FDE (20 time steps): 1.8760
--ATE translation: 1.1554
[2025-06-12 14:09:09] Epoch: 77		Loss: 14.229844	Loss Translation.: 0.181442	Loss Rotation.: 0.050521	Combined Loss Dist.: 11.598137	Loss Uncertainty: 2.631707
--ADE (5 time steps): 0.1203	--FDE (5 time steps): 0.1953
--ADE (10 time steps): 0.2573	--FDE (10 time steps): 0.4808
--ADE (15 time steps): 0.4186	--FDE (15 time steps): 0.8236
--ADE (20 time steps): 0.7400	--FDE (20 time steps): 1.8759
--ATE translation: 1.1555
[2025-06-12 14:09:14] Epoch: 78		Loss: 14.222408	Loss Translation.: 0.181300	Loss Rotation.: 0.050520	Combined Loss Dist.: 11.590964	Loss Uncertainty: 2.631444
--ADE (5 time steps): 0.1202	--FDE (5 time steps): 0.1953
--ADE (10 time steps): 0.2572	--FDE (10 time steps): 0.4807
--ADE (15 time steps): 0.4184	--FDE (15 time steps): 0.8234
--ADE (20 time steps): 0.7399	--FDE (20 time steps): 1.8757
--ATE translation: 1.1554
[2025-06-12 14:09:18] Epoch: 79		Loss: 14.215438	Loss Translation.: 0.181166	Loss Rotation.: 0.050519	Combined Loss Dist.: 11.584206	Loss Uncertainty: 2.631233
--ADE (5 time steps): 0.1203	--FDE (5 time steps): 0.1953
--ADE (10 time steps): 0.2572	--FDE (10 time steps): 0.4807
--ADE (15 time steps): 0.4185	--FDE (15 time steps): 0.8235
--ADE (20 time steps): 0.7399	--FDE (20 time steps): 1.8756
--ATE translation: 1.1555
[2025-06-12 14:09:22] Epoch: 80		Loss: 14.208086	Loss Translation.: 0.181025	Loss Rotation.: 0.050517	Combined Loss Dist.: 11.577125	Loss Uncertainty: 2.630961
--ADE (5 time steps): 0.1202	--FDE (5 time steps): 0.1952
--ADE (10 time steps): 0.2571	--FDE (10 time steps): 0.4806
--ADE (15 time steps): 0.4184	--FDE (15 time steps): 0.8234
--ADE (20 time steps): 0.7398	--FDE (20 time steps): 1.8753
--ATE translation: 1.1554
[2025-06-12 14:09:26] Epoch: 81		Loss: 14.199316	Loss Translation.: 0.180857	Loss Rotation.: 0.050513	Combined Loss Dist.: 11.568538	Loss Uncertainty: 2.630778
--ADE (5 time steps): 0.1203	--FDE (5 time steps): 0.1952
--ADE (10 time steps): 0.2572	--FDE (10 time steps): 0.4807
--ADE (15 time steps): 0.4185	--FDE (15 time steps): 0.8235
--ADE (20 time steps): 0.7399	--FDE (20 time steps): 1.8752
--ATE translation: 1.1555
[2025-06-12 14:09:30] Epoch: 82		Loss: 14.195606	Loss Translation.: 0.180786	Loss Rotation.: 0.050513	Combined Loss Dist.: 11.564951	Loss Uncertainty: 2.630655
--ADE (5 time steps): 0.1203	--FDE (5 time steps): 0.1953
--ADE (10 time steps): 0.2572	--FDE (10 time steps): 0.4807
--ADE (15 time steps): 0.4184	--FDE (15 time steps): 0.8234
--ADE (20 time steps): 0.7398	--FDE (20 time steps): 1.8752
--ATE translation: 1.1554
[2025-06-12 14:09:34] Epoch: 83		Loss: 14.191947	Loss Translation.: 0.180716	Loss Rotation.: 0.050512	Combined Loss Dist.: 11.561420	Loss Uncertainty: 2.630527
--ADE (5 time steps): 0.1203	--FDE (5 time steps): 0.1953
--ADE (10 time steps): 0.2572	--FDE (10 time steps): 0.4807
--ADE (15 time steps): 0.4184	--FDE (15 time steps): 0.8234
--ADE (20 time steps): 0.7398	--FDE (20 time steps): 1.8751
--ATE translation: 1.1554
[2025-06-12 14:09:39] Epoch: 84		Loss: 14.188402	Loss Translation.: 0.180648	Loss Rotation.: 0.050511	Combined Loss Dist.: 11.557994	Loss Uncertainty: 2.630408
--ADE (5 time steps): 0.1203	--FDE (5 time steps): 0.1952
--ADE (10 time steps): 0.2572	--FDE (10 time steps): 0.4807
--ADE (15 time steps): 0.4184	--FDE (15 time steps): 0.8234
--ADE (20 time steps): 0.7398	--FDE (20 time steps): 1.8750
--ATE translation: 1.1554
[2025-06-12 14:09:43] Epoch: 85		Loss: 14.184884	Loss Translation.: 0.180581	Loss Rotation.: 0.050511	Combined Loss Dist.: 11.554606	Loss Uncertainty: 2.630279
--ADE (5 time steps): 0.1203	--FDE (5 time steps): 0.1952
--ADE (10 time steps): 0.2572	--FDE (10 time steps): 0.4807
--ADE (15 time steps): 0.4184	--FDE (15 time steps): 0.8233
--ADE (20 time steps): 0.7398	--FDE (20 time steps): 1.8749
--ATE translation: 1.1554
[2025-06-12 14:09:47] Epoch: 86		Loss: 14.181452	Loss Translation.: 0.180515	Loss Rotation.: 0.050510	Combined Loss Dist.: 11.551286	Loss Uncertainty: 2.630167
--ADE (5 time steps): 0.1203	--FDE (5 time steps): 0.1952
--ADE (10 time steps): 0.2572	--FDE (10 time steps): 0.4807
--ADE (15 time steps): 0.4184	--FDE (15 time steps): 0.8234
--ADE (20 time steps): 0.7398	--FDE (20 time steps): 1.8748
--ATE translation: 1.1554
[2025-06-12 14:09:51] Epoch: 87		Loss: 14.177867	Loss Translation.: 0.180447	Loss Rotation.: 0.050510	Combined Loss Dist.: 11.547835	Loss Uncertainty: 2.630032
--ADE (5 time steps): 0.1202	--FDE (5 time steps): 0.1952
--ADE (10 time steps): 0.2571	--FDE (10 time steps): 0.4806
--ADE (15 time steps): 0.4184	--FDE (15 time steps): 0.8233
--ADE (20 time steps): 0.7397	--FDE (20 time steps): 1.8747
--ATE translation: 1.1554
[2025-06-12 14:09:55] Epoch: 88		Loss: 14.174411	Loss Translation.: 0.180381	Loss Rotation.: 0.050509	Combined Loss Dist.: 11.544496	Loss Uncertainty: 2.629915
--ADE (5 time steps): 0.1203	--FDE (5 time steps): 0.1952
--ADE (10 time steps): 0.2571	--FDE (10 time steps): 0.4806
--ADE (15 time steps): 0.4184	--FDE (15 time steps): 0.8233
--ADE (20 time steps): 0.7397	--FDE (20 time steps): 1.8746
--ATE translation: 1.1554
[2025-06-12 14:10:00] Epoch: 89		Loss: 14.170002	Loss Translation.: 0.180297	Loss Rotation.: 0.050507	Combined Loss Dist.: 11.540185	Loss Uncertainty: 2.629817
--ADE (5 time steps): 0.1203	--FDE (5 time steps): 0.1952
--ADE (10 time steps): 0.2571	--FDE (10 time steps): 0.4806
--ADE (15 time steps): 0.4184	--FDE (15 time steps): 0.8233
--ADE (20 time steps): 0.7397	--FDE (20 time steps): 1.8746
--ATE translation: 1.1554
[2025-06-12 14:10:04] Epoch: 90		Loss: 14.168260	Loss Translation.: 0.180263	Loss Rotation.: 0.050507	Combined Loss Dist.: 11.538511	Loss Uncertainty: 2.629749
--ADE (5 time steps): 0.1203	--FDE (5 time steps): 0.1952
--ADE (10 time steps): 0.2571	--FDE (10 time steps): 0.4806
--ADE (15 time steps): 0.4184	--FDE (15 time steps): 0.8233
--ADE (20 time steps): 0.7397	--FDE (20 time steps): 1.8745
--ATE translation: 1.1554
[2025-06-12 14:10:08] Epoch: 91		Loss: 14.166479	Loss Translation.: 0.180229	Loss Rotation.: 0.050507	Combined Loss Dist.: 11.536792	Loss Uncertainty: 2.629687
--ADE (5 time steps): 0.1203	--FDE (5 time steps): 0.1952
--ADE (10 time steps): 0.2571	--FDE (10 time steps): 0.4807
--ADE (15 time steps): 0.4184	--FDE (15 time steps): 0.8233
--ADE (20 time steps): 0.7397	--FDE (20 time steps): 1.8745
--ATE translation: 1.1554
[2025-06-12 14:10:12] Epoch: 92		Loss: 14.164715	Loss Translation.: 0.180196	Loss Rotation.: 0.050506	Combined Loss Dist.: 11.535091	Loss Uncertainty: 2.629624
--ADE (5 time steps): 0.1203	--FDE (5 time steps): 0.1952
--ADE (10 time steps): 0.2571	--FDE (10 time steps): 0.4806
--ADE (15 time steps): 0.4183	--FDE (15 time steps): 0.8233
--ADE (20 time steps): 0.7397	--FDE (20 time steps): 1.8745
--ATE translation: 1.1554
[2025-06-12 14:10:16] Epoch: 93		Loss: 14.162976	Loss Translation.: 0.180162	Loss Rotation.: 0.050506	Combined Loss Dist.: 11.533417	Loss Uncertainty: 2.629559
--ADE (5 time steps): 0.1203	--FDE (5 time steps): 0.1952
--ADE (10 time steps): 0.2571	--FDE (10 time steps): 0.4806
--ADE (15 time steps): 0.4183	--FDE (15 time steps): 0.8233
--ADE (20 time steps): 0.7397	--FDE (20 time steps): 1.8744
--ATE translation: 1.1554
[2025-06-12 14:10:20] Epoch: 94		Loss: 14.161236	Loss Translation.: 0.180129	Loss Rotation.: 0.050506	Combined Loss Dist.: 11.531740	Loss Uncertainty: 2.629496
--ADE (5 time steps): 0.1203	--FDE (5 time steps): 0.1952
--ADE (10 time steps): 0.2571	--FDE (10 time steps): 0.4806
--ADE (15 time steps): 0.4183	--FDE (15 time steps): 0.8233
--ADE (20 time steps): 0.7397	--FDE (20 time steps): 1.8744
--ATE translation: 1.1554
[2025-06-12 14:10:25] Epoch: 95		Loss: 14.159521	Loss Translation.: 0.180097	Loss Rotation.: 0.050505	Combined Loss Dist.: 11.530090	Loss Uncertainty: 2.629431
--ADE (5 time steps): 0.1203	--FDE (5 time steps): 0.1952
--ADE (10 time steps): 0.2571	--FDE (10 time steps): 0.4806
--ADE (15 time steps): 0.4183	--FDE (15 time steps): 0.8232
--ADE (20 time steps): 0.7397	--FDE (20 time steps): 1.8743
--ATE translation: 1.1554
[2025-06-12 14:10:29] Epoch: 96		Loss: 14.157823	Loss Translation.: 0.180064	Loss Rotation.: 0.050505	Combined Loss Dist.: 11.528452	Loss Uncertainty: 2.629371
--ADE (5 time steps): 0.1203	--FDE (5 time steps): 0.1952
--ADE (10 time steps): 0.2571	--FDE (10 time steps): 0.4806
--ADE (15 time steps): 0.4183	--FDE (15 time steps): 0.8232
--ADE (20 time steps): 0.7397	--FDE (20 time steps): 1.8743
--ATE translation: 1.1554
[2025-06-12 14:10:33] Epoch: 97		Loss: 14.155631	Loss Translation.: 0.180022	Loss Rotation.: 0.050504	Combined Loss Dist.: 11.526312	Loss Uncertainty: 2.629319
--ADE (5 time steps): 0.1203	--FDE (5 time steps): 0.1952
--ADE (10 time steps): 0.2571	--FDE (10 time steps): 0.4806
--ADE (15 time steps): 0.4183	--FDE (15 time steps): 0.8232
--ADE (20 time steps): 0.7397	--FDE (20 time steps): 1.8742
--ATE translation: 1.1554
[2025-06-12 14:10:37] Epoch: 98		Loss: 14.154755	Loss Translation.: 0.180006	Loss Rotation.: 0.050504	Combined Loss Dist.: 11.525471	Loss Uncertainty: 2.629284
--ADE (5 time steps): 0.1203	--FDE (5 time steps): 0.1952
--ADE (10 time steps): 0.2571	--FDE (10 time steps): 0.4806
--ADE (15 time steps): 0.4183	--FDE (15 time steps): 0.8232
--ADE (20 time steps): 0.7397	--FDE (20 time steps): 1.8742
--ATE translation: 1.1554
[2025-06-12 14:10:41] Epoch: 99		Loss: 14.153871	Loss Translation.: 0.179989	Loss Rotation.: 0.050504	Combined Loss Dist.: 11.524618	Loss Uncertainty: 2.629253
--ADE (5 time steps): 0.1203	--FDE (5 time steps): 0.1952
--ADE (10 time steps): 0.2571	--FDE (10 time steps): 0.4806
--ADE (15 time steps): 0.4183	--FDE (15 time steps): 0.8232
--ADE (20 time steps): 0.7397	--FDE (20 time steps): 1.8742
--ATE translation: 1.1554
[2025-06-12 14:10:45] Epoch: 100		Loss: 14.152985	Loss Translation.: 0.179972	Loss Rotation.: 0.050503	Combined Loss Dist.: 11.523766	Loss Uncertainty: 2.629219
--ADE (5 time steps): 0.1203	--FDE (5 time steps): 0.1952
--ADE (10 time steps): 0.2571	--FDE (10 time steps): 0.4806
--ADE (15 time steps): 0.4183	--FDE (15 time steps): 0.8232
--ADE (20 time steps): 0.7396	--FDE (20 time steps): 1.8742
--ATE translation: 1.1554

JOB STATISTICS
==============
Job ID: 12305504
Cluster: snellius
User/Group: scur2440/scur2440
State: COMPLETED (exit code 0)
Nodes: 1
Cores per node: 18
CPU Utilized: 00:07:56
CPU Efficiency: 5.98% of 02:12:36 core-walltime
Job Wall-clock time: 00:07:22
Memory Utilized: 2.98 GB
Memory Efficiency: 2.48% of 120.00 GB (120.00 GB/node)
