***************************************************************************************************** 
* WARNING: The 2022 software stack is deprecated. Please consider switching to
the latest 2024 * 
* software stack, or the older 2023 software stack. * 
* * 
* If you have any question, please contact us via
http://servicedesk.surfsara.nl. * 
***************************************************************************************************** 

Configuration:
description: LED
results_root_dir: results
dataset: newer
dimensions: 6
past_frames: 10
future_frames: 24
min_past_frames: 10
min_future_frames: 24
k_preds: 24
traj_mean: [14, 7.5]
traj_scale: 5
relative: False
normalised: False
overfitting: True
pretrained_core_denoising_model: ./results/checkpoints/base_diffusion_model.p
debug: False
diffusion: {'steps': 150, 'beta_start': 0.0001, 'beta_end': 0.05, 'beta_schedule': 'linear'}
lr: 0.001
train_batch_size: 32
test_batch_size: 32
num_epochs: 100
test_interval: 1
lr_scheduler: step
decay_step: 8
decay_gamma: 0.5

[INFO] NEWER dataset (1 agent).
Overfitting: True
Time diff avg (fut): 2.26406
Overfitting: True
Time diff avg (fut): 2.26406
[INFO] Now using random trajectory shuffling.

Train dataset:
Length: 22885
Total x, y and z distances travelled: 2.06631, 2.19416, 0.36336
Euclidean dist diff avg: 3.27108
Still need to implement rotation statistics

Test dataset:
Length: 2861
Total x, y and z distances travelled: 2.06437, 2.17979, 0.36581
Euclidean dist diff avg: 3.26978
Still need to implement rotation statistics

[INFO] NEWER dataset - skip subtracting mean from absolute positions.
[INFO] Training from scratch - without pretrained models (Not NBA with frame standard configs)

[Core Denoising Model] Trainable/Total: 6604080/6604080
[Initialization Model] Trainable/Total: 7404713/7404713
[2025-03-03 23:37:35] Epoch: 0		Loss: 9.616644	Loss Translation.: 0.083688	Loss Rotation.: 0.065023	Combined Loss Dist.: 7.776852	Loss Uncertainty: 1.839792
--ADE (5 time steps): 0.1089	--FDE (5 time steps): 0.0961
--ADE (10 time steps): 0.1459	--FDE (10 time steps): 0.1767
--ADE (15 time steps): 0.1860	--FDE (15 time steps): 0.2531
--ADE (20 time steps): 0.2462	--FDE (20 time steps): 0.3660
[INFO] Checkpoint saved to ./results/5_10_Overfitting_Newer6D/5_10_Overfitting_Newer6D/models/checkpoint_epoch_1.pth
[2025-03-03 23:40:16] Epoch: 1		Loss: 5.492412	Loss Translation.: 0.043574	Loss Rotation.: 0.047225	Combined Loss Dist.: 4.929200	Loss Uncertainty: 0.563212
--ADE (5 time steps): 0.0935	--FDE (5 time steps): 0.0957
--ADE (10 time steps): 0.1282	--FDE (10 time steps): 0.1523
--ADE (15 time steps): 0.1626	--FDE (15 time steps): 0.2345
--ADE (20 time steps): 0.2017	--FDE (20 time steps): 0.3138
[INFO] Checkpoint saved to ./results/5_10_Overfitting_Newer6D/5_10_Overfitting_Newer6D/models/checkpoint_epoch_2.pth
[2025-03-03 23:42:57] Epoch: 2		Loss: 4.829013	Loss Translation.: 0.038388	Loss Rotation.: 0.045006	Combined Loss Dist.: 4.577257	Loss Uncertainty: 0.251756
--ADE (5 time steps): 0.0951	--FDE (5 time steps): 0.1017
--ADE (10 time steps): 0.1304	--FDE (10 time steps): 0.1623
--ADE (15 time steps): 0.1681	--FDE (15 time steps): 0.2517
--ADE (20 time steps): 0.2136	--FDE (20 time steps): 0.3584
[INFO] Checkpoint saved to ./results/5_10_Overfitting_Newer6D/5_10_Overfitting_Newer6D/models/checkpoint_epoch_3.pth
[2025-03-03 23:45:37] Epoch: 3		Loss: 4.556829	Loss Translation.: 0.036097	Loss Rotation.: 0.043463	Combined Loss Dist.: 4.371376	Loss Uncertainty: 0.185454
--ADE (5 time steps): 0.1031	--FDE (5 time steps): 0.1088
--ADE (10 time steps): 0.1329	--FDE (10 time steps): 0.1495
--ADE (15 time steps): 0.1631	--FDE (15 time steps): 0.2225
--ADE (20 time steps): 0.2016	--FDE (20 time steps): 0.3240
[INFO] Checkpoint saved to ./results/5_10_Overfitting_Newer6D/5_10_Overfitting_Newer6D/models/checkpoint_epoch_4.pth
[2025-03-03 23:48:18] Epoch: 4		Loss: 4.365860	Loss Translation.: 0.034422	Loss Rotation.: 0.042095	Combined Loss Dist.: 4.213431	Loss Uncertainty: 0.152430
--ADE (5 time steps): 0.0760	--FDE (5 time steps): 0.0843
--ADE (10 time steps): 0.1064	--FDE (10 time steps): 0.1439
--ADE (15 time steps): 0.1400	--FDE (15 time steps): 0.2149
--ADE (20 time steps): 0.1786	--FDE (20 time steps): 0.3052
[INFO] Checkpoint saved to ./results/5_10_Overfitting_Newer6D/5_10_Overfitting_Newer6D/models/checkpoint_epoch_5.pth
[2025-03-03 23:50:59] Epoch: 5		Loss: 4.220981	Loss Translation.: 0.033293	Loss Rotation.: 0.040952	Combined Loss Dist.: 4.093708	Loss Uncertainty: 0.127273
--ADE (5 time steps): 0.0815	--FDE (5 time steps): 0.0850
--ADE (10 time steps): 0.1062	--FDE (10 time steps): 0.1317
--ADE (15 time steps): 0.1336	--FDE (15 time steps): 0.1881
--ADE (20 time steps): 0.1645	--FDE (20 time steps): 0.2566
[INFO] Checkpoint saved to ./results/5_10_Overfitting_Newer6D/5_10_Overfitting_Newer6D/models/checkpoint_epoch_6.pth
[2025-03-03 23:53:40] Epoch: 6		Loss: 4.080092	Loss Translation.: 0.031908	Loss Rotation.: 0.039958	Combined Loss Dist.: 3.972193	Loss Uncertainty: 0.107898
--ADE (5 time steps): 0.0740	--FDE (5 time steps): 0.0788
--ADE (10 time steps): 0.1008	--FDE (10 time steps): 0.1286
--ADE (15 time steps): 0.1283	--FDE (15 time steps): 0.1855
--ADE (20 time steps): 0.1598	--FDE (20 time steps): 0.2553
[INFO] Checkpoint saved to ./results/5_10_Overfitting_Newer6D/5_10_Overfitting_Newer6D/models/checkpoint_epoch_7.pth
[2025-03-03 23:56:21] Epoch: 7		Loss: 3.949887	Loss Translation.: 0.030847	Loss Rotation.: 0.039049	Combined Loss Dist.: 3.856133	Loss Uncertainty: 0.093754
--ADE (5 time steps): 0.0761	--FDE (5 time steps): 0.0755
--ADE (10 time steps): 0.1001	--FDE (10 time steps): 0.1193
--ADE (15 time steps): 0.1241	--FDE (15 time steps): 0.1717
--ADE (20 time steps): 0.1533	--FDE (20 time steps): 0.2392
[INFO] Checkpoint saved to ./results/5_10_Overfitting_Newer6D/5_10_Overfitting_Newer6D/models/checkpoint_epoch_8.pth
[2025-03-03 23:59:02] Epoch: 8		Loss: 3.460193	Loss Translation.: 0.026261	Loss Rotation.: 0.035954	Combined Loss Dist.: 3.402855	Loss Uncertainty: 0.057338
--ADE (5 time steps): 0.0652	--FDE (5 time steps): 0.0717
--ADE (10 time steps): 0.0874	--FDE (10 time steps): 0.1080
--ADE (15 time steps): 0.1086	--FDE (15 time steps): 0.1523
--ADE (20 time steps): 0.1331	--FDE (20 time steps): 0.2044
[INFO] Checkpoint saved to ./results/5_10_Overfitting_Newer6D/5_10_Overfitting_Newer6D/models/checkpoint_epoch_9.pth
[2025-03-04 00:01:43] Epoch: 9		Loss: 3.342406	Loss Translation.: 0.025468	Loss Rotation.: 0.034887	Combined Loss Dist.: 3.295873	Loss Uncertainty: 0.046533
--ADE (5 time steps): 0.0641	--FDE (5 time steps): 0.0698
--ADE (10 time steps): 0.0856	--FDE (10 time steps): 0.1038
--ADE (15 time steps): 0.1063	--FDE (15 time steps): 0.1463
--ADE (20 time steps): 0.1301	--FDE (20 time steps): 0.1968
[INFO] Checkpoint saved to ./results/5_10_Overfitting_Newer6D/5_10_Overfitting_Newer6D/models/checkpoint_epoch_10.pth
[2025-03-04 00:04:24] Epoch: 10		Loss: 3.272735	Loss Translation.: 0.024980	Loss Rotation.: 0.034359	Combined Loss Dist.: 3.231954	Loss Uncertainty: 0.040781
--ADE (5 time steps): 0.0630	--FDE (5 time steps): 0.0677
--ADE (10 time steps): 0.0859	--FDE (10 time steps): 0.1101
--ADE (15 time steps): 0.1089	--FDE (15 time steps): 0.1592
--ADE (20 time steps): 0.1355	--FDE (20 time steps): 0.2177
[INFO] Checkpoint saved to ./results/5_10_Overfitting_Newer6D/5_10_Overfitting_Newer6D/models/checkpoint_epoch_11.pth
[2025-03-04 00:07:04] Epoch: 11		Loss: 3.208203	Loss Translation.: 0.024601	Loss Rotation.: 0.033793	Combined Loss Dist.: 3.173861	Loss Uncertainty: 0.034343
--ADE (5 time steps): 0.0580	--FDE (5 time steps): 0.0610
--ADE (10 time steps): 0.0779	--FDE (10 time steps): 0.0980
--ADE (15 time steps): 0.0991	--FDE (15 time steps): 0.1432
--ADE (20 time steps): 0.1236	--FDE (20 time steps): 0.1943
[INFO] Checkpoint saved to ./results/5_10_Overfitting_Newer6D/5_10_Overfitting_Newer6D/models/checkpoint_epoch_12.pth
[2025-03-04 00:09:45] Epoch: 12		Loss: 3.140621	Loss Translation.: 0.024027	Loss Rotation.: 0.033255	Combined Loss Dist.: 3.112629	Loss Uncertainty: 0.027993
--ADE (5 time steps): 0.0601	--FDE (5 time steps): 0.0654
--ADE (10 time steps): 0.0793	--FDE (10 time steps): 0.0965
--ADE (15 time steps): 0.0990	--FDE (15 time steps): 0.1366
--ADE (20 time steps): 0.1216	--FDE (20 time steps): 0.1825
[INFO] Checkpoint saved to ./results/5_10_Overfitting_Newer6D/5_10_Overfitting_Newer6D/models/checkpoint_epoch_13.pth
[2025-03-04 00:12:26] Epoch: 13		Loss: 3.088913	Loss Translation.: 0.023688	Loss Rotation.: 0.032758	Combined Loss Dist.: 3.065495	Loss Uncertainty: 0.023418
--ADE (5 time steps): 0.0578	--FDE (5 time steps): 0.0599
--ADE (10 time steps): 0.0761	--FDE (10 time steps): 0.0929
--ADE (15 time steps): 0.0951	--FDE (15 time steps): 0.1327
--ADE (20 time steps): 0.1173	--FDE (20 time steps): 0.1798
[INFO] Checkpoint saved to ./results/5_10_Overfitting_Newer6D/5_10_Overfitting_Newer6D/models/checkpoint_epoch_14.pth
[2025-03-04 00:15:07] Epoch: 14		Loss: 3.042472	Loss Translation.: 0.023421	Loss Rotation.: 0.032267	Combined Loss Dist.: 3.024364	Loss Uncertainty: 0.018109
--ADE (5 time steps): 0.0565	--FDE (5 time steps): 0.0596
--ADE (10 time steps): 0.0747	--FDE (10 time steps): 0.0914
--ADE (15 time steps): 0.0934	--FDE (15 time steps): 0.1296
--ADE (20 time steps): 0.1148	--FDE (20 time steps): 0.1734
[INFO] Checkpoint saved to ./results/5_10_Overfitting_Newer6D/5_10_Overfitting_Newer6D/models/checkpoint_epoch_15.pth
[2025-03-04 00:17:47] Epoch: 15		Loss: 2.990852	Loss Translation.: 0.022950	Loss Rotation.: 0.031925	Combined Loss Dist.: 2.978798	Loss Uncertainty: 0.012054
--ADE (5 time steps): 0.0572	--FDE (5 time steps): 0.0596
--ADE (10 time steps): 0.0739	--FDE (10 time steps): 0.0895
--ADE (15 time steps): 0.0924	--FDE (15 time steps): 0.1280
--ADE (20 time steps): 0.1136	--FDE (20 time steps): 0.1708
[INFO] Checkpoint saved to ./results/5_10_Overfitting_Newer6D/5_10_Overfitting_Newer6D/models/checkpoint_epoch_16.pth
[2025-03-04 00:20:28] Epoch: 16		Loss: 2.749234	Loss Translation.: 0.020759	Loss Rotation.: 0.030383	Combined Loss Dist.: 2.757327	Loss Uncertainty: -0.008093
--ADE (5 time steps): 0.0537	--FDE (5 time steps): 0.0560
--ADE (10 time steps): 0.0697	--FDE (10 time steps): 0.0824
--ADE (15 time steps): 0.0861	--FDE (15 time steps): 0.1167
--ADE (20 time steps): 0.1043	--FDE (20 time steps): 0.1524
[INFO] Checkpoint saved to ./results/5_10_Overfitting_Newer6D/5_10_Overfitting_Newer6D/models/checkpoint_epoch_17.pth
[2025-03-04 00:23:09] Epoch: 17		Loss: 2.690360	Loss Translation.: 0.020354	Loss Rotation.: 0.029905	Combined Loss Dist.: 2.705160	Loss Uncertainty: -0.014800
--ADE (5 time steps): 0.0530	--FDE (5 time steps): 0.0555
--ADE (10 time steps): 0.0683	--FDE (10 time steps): 0.0794
--ADE (15 time steps): 0.0839	--FDE (15 time steps): 0.1127
--ADE (20 time steps): 0.1021	--FDE (20 time steps): 0.1490
[INFO] Checkpoint saved to ./results/5_10_Overfitting_Newer6D/5_10_Overfitting_Newer6D/models/checkpoint_epoch_18.pth
[2025-03-04 00:25:50] Epoch: 18		Loss: 2.641511	Loss Translation.: 0.020042	Loss Rotation.: 0.029489	Combined Loss Dist.: 2.661738	Loss Uncertainty: -0.020227
--ADE (5 time steps): 0.0538	--FDE (5 time steps): 0.0558
--ADE (10 time steps): 0.0691	--FDE (10 time steps): 0.0813
--ADE (15 time steps): 0.0849	--FDE (15 time steps): 0.1134
--ADE (20 time steps): 0.1028	--FDE (20 time steps): 0.1493
[INFO] Checkpoint saved to ./results/5_10_Overfitting_Newer6D/5_10_Overfitting_Newer6D/models/checkpoint_epoch_19.pth
[2025-03-04 00:28:30] Epoch: 19		Loss: 2.602730	Loss Translation.: 0.019778	Loss Rotation.: 0.029122	Combined Loss Dist.: 2.627963	Loss Uncertainty: -0.025233
--ADE (5 time steps): 0.0528	--FDE (5 time steps): 0.0547
--ADE (10 time steps): 0.0684	--FDE (10 time steps): 0.0799
--ADE (15 time steps): 0.0835	--FDE (15 time steps): 0.1117
--ADE (20 time steps): 0.1011	--FDE (20 time steps): 0.1471
[INFO] Checkpoint saved to ./results/5_10_Overfitting_Newer6D/5_10_Overfitting_Newer6D/models/checkpoint_epoch_20.pth
[2025-03-04 00:31:11] Epoch: 20		Loss: 2.561626	Loss Translation.: 0.019552	Loss Rotation.: 0.028705	Combined Loss Dist.: 2.591435	Loss Uncertainty: -0.029809
--ADE (5 time steps): 0.0538	--FDE (5 time steps): 0.0565
--ADE (10 time steps): 0.0697	--FDE (10 time steps): 0.0820
--ADE (15 time steps): 0.0850	--FDE (15 time steps): 0.1135
--ADE (20 time steps): 0.1024	--FDE (20 time steps): 0.1488
[INFO] Checkpoint saved to ./results/5_10_Overfitting_Newer6D/5_10_Overfitting_Newer6D/models/checkpoint_epoch_21.pth
[2025-03-04 00:33:52] Epoch: 21		Loss: 2.530957	Loss Translation.: 0.019380	Loss Rotation.: 0.028409	Combined Loss Dist.: 2.564843	Loss Uncertainty: -0.033886
--ADE (5 time steps): 0.0538	--FDE (5 time steps): 0.0553
--ADE (10 time steps): 0.0685	--FDE (10 time steps): 0.0796
--ADE (15 time steps): 0.0836	--FDE (15 time steps): 0.1103
--ADE (20 time steps): 0.1007	--FDE (20 time steps): 0.1443
[INFO] Checkpoint saved to ./results/5_10_Overfitting_Newer6D/5_10_Overfitting_Newer6D/models/checkpoint_epoch_22.pth
[2025-03-04 00:36:33] Epoch: 22		Loss: 2.496232	Loss Translation.: 0.019176	Loss Rotation.: 0.028077	Combined Loss Dist.: 2.534418	Loss Uncertainty: -0.038186
--ADE (5 time steps): 0.0536	--FDE (5 time steps): 0.0554
--ADE (10 time steps): 0.0688	--FDE (10 time steps): 0.0793
--ADE (15 time steps): 0.0838	--FDE (15 time steps): 0.1101
--ADE (20 time steps): 0.1008	--FDE (20 time steps): 0.1437
[INFO] Checkpoint saved to ./results/5_10_Overfitting_Newer6D/5_10_Overfitting_Newer6D/models/checkpoint_epoch_23.pth
[2025-03-04 00:39:14] Epoch: 23		Loss: 2.462168	Loss Translation.: 0.018947	Loss Rotation.: 0.027790	Combined Loss Dist.: 2.504924	Loss Uncertainty: -0.042756
--ADE (5 time steps): 0.0533	--FDE (5 time steps): 0.0560
--ADE (10 time steps): 0.0686	--FDE (10 time steps): 0.0783
--ADE (15 time steps): 0.0833	--FDE (15 time steps): 0.1097
--ADE (20 time steps): 0.1002	--FDE (20 time steps): 0.1433
[INFO] Checkpoint saved to ./results/5_10_Overfitting_Newer6D/5_10_Overfitting_Newer6D/models/checkpoint_epoch_24.pth
[2025-03-04 00:41:55] Epoch: 24		Loss: 2.339716	Loss Translation.: 0.017850	Loss Rotation.: 0.026961	Combined Loss Dist.: 2.393484	Loss Uncertainty: -0.053769
--ADE (5 time steps): 0.0517	--FDE (5 time steps): 0.0532
--ADE (10 time steps): 0.0653	--FDE (10 time steps): 0.0739
--ADE (15 time steps): 0.0790	--FDE (15 time steps): 0.1036
--ADE (20 time steps): 0.0948	--FDE (20 time steps): 0.1332
[INFO] Checkpoint saved to ./results/5_10_Overfitting_Newer6D/5_10_Overfitting_Newer6D/models/checkpoint_epoch_25.pth
[2025-03-04 00:44:36] Epoch: 25		Loss: 2.295933	Loss Translation.: 0.017509	Loss Rotation.: 0.026636	Combined Loss Dist.: 2.353736	Loss Uncertainty: -0.057803
--ADE (5 time steps): 0.0518	--FDE (5 time steps): 0.0530
--ADE (10 time steps): 0.0652	--FDE (10 time steps): 0.0733
--ADE (15 time steps): 0.0787	--FDE (15 time steps): 0.1025
--ADE (20 time steps): 0.0942	--FDE (20 time steps): 0.1325
[INFO] Checkpoint saved to ./results/5_10_Overfitting_Newer6D/5_10_Overfitting_Newer6D/models/checkpoint_epoch_26.pth
[2025-03-04 00:47:17] Epoch: 26		Loss: 2.264379	Loss Translation.: 0.017276	Loss Rotation.: 0.026403	Combined Loss Dist.: 2.325635	Loss Uncertainty: -0.061256
--ADE (5 time steps): 0.0515	--FDE (5 time steps): 0.0529
--ADE (10 time steps): 0.0649	--FDE (10 time steps): 0.0727
--ADE (15 time steps): 0.0784	--FDE (15 time steps): 0.1013
--ADE (20 time steps): 0.0937	--FDE (20 time steps): 0.1309
[INFO] Checkpoint saved to ./results/5_10_Overfitting_Newer6D/5_10_Overfitting_Newer6D/models/checkpoint_epoch_27.pth
[2025-03-04 00:49:58] Epoch: 27		Loss: 2.238469	Loss Translation.: 0.017080	Loss Rotation.: 0.026208	Combined Loss Dist.: 2.302939	Loss Uncertainty: -0.064470
--ADE (5 time steps): 0.0513	--FDE (5 time steps): 0.0527
--ADE (10 time steps): 0.0647	--FDE (10 time steps): 0.0725
--ADE (15 time steps): 0.0780	--FDE (15 time steps): 0.1011
--ADE (20 time steps): 0.0932	--FDE (20 time steps): 0.1310
[INFO] Checkpoint saved to ./results/5_10_Overfitting_Newer6D/5_10_Overfitting_Newer6D/models/checkpoint_epoch_28.pth
[2025-03-04 00:52:39] Epoch: 28		Loss: 2.208243	Loss Translation.: 0.016838	Loss Rotation.: 0.026015	Combined Loss Dist.: 2.275910	Loss Uncertainty: -0.067667
--ADE (5 time steps): 0.0513	--FDE (5 time steps): 0.0526
--ADE (10 time steps): 0.0646	--FDE (10 time steps): 0.0722
--ADE (15 time steps): 0.0778	--FDE (15 time steps): 0.1001
--ADE (20 time steps): 0.0928	--FDE (20 time steps): 0.1301
[INFO] Checkpoint saved to ./results/5_10_Overfitting_Newer6D/5_10_Overfitting_Newer6D/models/checkpoint_epoch_29.pth
[2025-03-04 00:55:20] Epoch: 29		Loss: 2.184098	Loss Translation.: 0.016678	Loss Rotation.: 0.025823	Combined Loss Dist.: 2.254446	Loss Uncertainty: -0.070348
--ADE (5 time steps): 0.0516	--FDE (5 time steps): 0.0531
--ADE (10 time steps): 0.0652	--FDE (10 time steps): 0.0732
--ADE (15 time steps): 0.0784	--FDE (15 time steps): 0.1010
--ADE (20 time steps): 0.0934	--FDE (20 time steps): 0.1304
[INFO] Checkpoint saved to ./results/5_10_Overfitting_Newer6D/5_10_Overfitting_Newer6D/models/checkpoint_epoch_30.pth
[2025-03-04 00:58:01] Epoch: 30		Loss: 2.162266	Loss Translation.: 0.016552	Loss Rotation.: 0.025635	Combined Loss Dist.: 2.235339	Loss Uncertainty: -0.073073
--ADE (5 time steps): 0.0510	--FDE (5 time steps): 0.0525
--ADE (10 time steps): 0.0647	--FDE (10 time steps): 0.0733
--ADE (15 time steps): 0.0784	--FDE (15 time steps): 0.1023
--ADE (20 time steps): 0.0937	--FDE (20 time steps): 0.1326
[INFO] Checkpoint saved to ./results/5_10_Overfitting_Newer6D/5_10_Overfitting_Newer6D/models/checkpoint_epoch_31.pth
[2025-03-04 01:00:42] Epoch: 31		Loss: 2.141759	Loss Translation.: 0.016410	Loss Rotation.: 0.025465	Combined Loss Dist.: 2.217629	Loss Uncertainty: -0.075870
--ADE (5 time steps): 0.0518	--FDE (5 time steps): 0.0536
--ADE (10 time steps): 0.0657	--FDE (10 time steps): 0.0751
--ADE (15 time steps): 0.0796	--FDE (15 time steps): 0.1038
--ADE (20 time steps): 0.0952	--FDE (20 time steps): 0.1353
[INFO] Checkpoint saved to ./results/5_10_Overfitting_Newer6D/5_10_Overfitting_Newer6D/models/checkpoint_epoch_32.pth
[2025-03-04 01:03:23] Epoch: 32		Loss: 2.092123	Loss Translation.: 0.016020	Loss Rotation.: 0.025042	Combined Loss Dist.: 2.173472	Loss Uncertainty: -0.081349
--ADE (5 time steps): 0.0508	--FDE (5 time steps): 0.0518
--ADE (10 time steps): 0.0641	--FDE (10 time steps): 0.0717
--ADE (15 time steps): 0.0769	--FDE (15 time steps): 0.0978
--ADE (20 time steps): 0.0914	--FDE (20 time steps): 0.1274
[INFO] Checkpoint saved to ./results/5_10_Overfitting_Newer6D/5_10_Overfitting_Newer6D/models/checkpoint_epoch_33.pth
[2025-03-04 01:06:03] Epoch: 33		Loss: 2.065191	Loss Translation.: 0.015793	Loss Rotation.: 0.024870	Combined Loss Dist.: 2.148812	Loss Uncertainty: -0.083620
--ADE (5 time steps): 0.0511	--FDE (5 time steps): 0.0520
--ADE (10 time steps): 0.0643	--FDE (10 time steps): 0.0718
--ADE (15 time steps): 0.0771	--FDE (15 time steps): 0.0980
--ADE (20 time steps): 0.0917	--FDE (20 time steps): 0.1279
[INFO] Checkpoint saved to ./results/5_10_Overfitting_Newer6D/5_10_Overfitting_Newer6D/models/checkpoint_epoch_34.pth
[2025-03-04 01:08:44] Epoch: 34		Loss: 2.044708	Loss Translation.: 0.015625	Loss Rotation.: 0.024732	Combined Loss Dist.: 2.130235	Loss Uncertainty: -0.085527
--ADE (5 time steps): 0.0510	--FDE (5 time steps): 0.0518
--ADE (10 time steps): 0.0642	--FDE (10 time steps): 0.0719
--ADE (15 time steps): 0.0771	--FDE (15 time steps): 0.0980
--ADE (20 time steps): 0.0916	--FDE (20 time steps): 0.1284
[INFO] Checkpoint saved to ./results/5_10_Overfitting_Newer6D/5_10_Overfitting_Newer6D/models/checkpoint_epoch_35.pth
[2025-03-04 01:11:25] Epoch: 35		Loss: 2.027203	Loss Translation.: 0.015489	Loss Rotation.: 0.024612	Combined Loss Dist.: 2.114502	Loss Uncertainty: -0.087299
--ADE (5 time steps): 0.0510	--FDE (5 time steps): 0.0519
--ADE (10 time steps): 0.0643	--FDE (10 time steps): 0.0721
--ADE (15 time steps): 0.0772	--FDE (15 time steps): 0.0985
--ADE (20 time steps): 0.0920	--FDE (20 time steps): 0.1289
[INFO] Checkpoint saved to ./results/5_10_Overfitting_Newer6D/5_10_Overfitting_Newer6D/models/checkpoint_epoch_36.pth
[2025-03-04 01:14:06] Epoch: 36		Loss: 2.010250	Loss Translation.: 0.015354	Loss Rotation.: 0.024496	Combined Loss Dist.: 2.099351	Loss Uncertainty: -0.089101
--ADE (5 time steps): 0.0511	--FDE (5 time steps): 0.0520
--ADE (10 time steps): 0.0644	--FDE (10 time steps): 0.0722
--ADE (15 time steps): 0.0773	--FDE (15 time steps): 0.0987
--ADE (20 time steps): 0.0921	--FDE (20 time steps): 0.1290
[INFO] Checkpoint saved to ./results/5_10_Overfitting_Newer6D/5_10_Overfitting_Newer6D/models/checkpoint_epoch_37.pth
[2025-03-04 01:16:47] Epoch: 37		Loss: 1.994665	Loss Translation.: 0.015234	Loss Rotation.: 0.024383	Combined Loss Dist.: 2.085526	Loss Uncertainty: -0.090861
--ADE (5 time steps): 0.0511	--FDE (5 time steps): 0.0519
--ADE (10 time steps): 0.0646	--FDE (10 time steps): 0.0726
--ADE (15 time steps): 0.0776	--FDE (15 time steps): 0.0992
--ADE (20 time steps): 0.0925	--FDE (20 time steps): 0.1298
[INFO] Checkpoint saved to ./results/5_10_Overfitting_Newer6D/5_10_Overfitting_Newer6D/models/checkpoint_epoch_38.pth
[2025-03-04 01:19:28] Epoch: 38		Loss: 1.979055	Loss Translation.: 0.015106	Loss Rotation.: 0.024282	Combined Loss Dist.: 2.071758	Loss Uncertainty: -0.092703
--ADE (5 time steps): 0.0510	--FDE (5 time steps): 0.0520
--ADE (10 time steps): 0.0644	--FDE (10 time steps): 0.0726
--ADE (15 time steps): 0.0775	--FDE (15 time steps): 0.0993
--ADE (20 time steps): 0.0924	--FDE (20 time steps): 0.1296
[INFO] Checkpoint saved to ./results/5_10_Overfitting_Newer6D/5_10_Overfitting_Newer6D/models/checkpoint_epoch_39.pth
[2025-03-04 01:22:09] Epoch: 39		Loss: 1.965242	Loss Translation.: 0.015007	Loss Rotation.: 0.024172	Combined Loss Dist.: 2.059586	Loss Uncertainty: -0.094344
--ADE (5 time steps): 0.0511	--FDE (5 time steps): 0.0521
--ADE (10 time steps): 0.0647	--FDE (10 time steps): 0.0730
--ADE (15 time steps): 0.0778	--FDE (15 time steps): 0.0997
--ADE (20 time steps): 0.0928	--FDE (20 time steps): 0.1304
[INFO] Checkpoint saved to ./results/5_10_Overfitting_Newer6D/5_10_Overfitting_Newer6D/models/checkpoint_epoch_40.pth
[2025-03-04 01:24:50] Epoch: 40		Loss: 1.949533	Loss Translation.: 0.014924	Loss Rotation.: 0.023980	Combined Loss Dist.: 2.046755	Loss Uncertainty: -0.097222
--ADE (5 time steps): 0.0507	--FDE (5 time steps): 0.0519
--ADE (10 time steps): 0.0644	--FDE (10 time steps): 0.0734
--ADE (15 time steps): 0.0778	--FDE (15 time steps): 0.1006
--ADE (20 time steps): 0.0928	--FDE (20 time steps): 0.1310
[INFO] Checkpoint saved to ./results/5_10_Overfitting_Newer6D/5_10_Overfitting_Newer6D/models/checkpoint_epoch_41.pth
[2025-03-04 01:27:31] Epoch: 41		Loss: 1.933053	Loss Translation.: 0.014782	Loss Rotation.: 0.023872	Combined Loss Dist.: 2.031585	Loss Uncertainty: -0.098532
--ADE (5 time steps): 0.0507	--FDE (5 time steps): 0.0519
--ADE (10 time steps): 0.0643	--FDE (10 time steps): 0.0732
--ADE (15 time steps): 0.0776	--FDE (15 time steps): 0.1003
--ADE (20 time steps): 0.0926	--FDE (20 time steps): 0.1303
[INFO] Checkpoint saved to ./results/5_10_Overfitting_Newer6D/5_10_Overfitting_Newer6D/models/checkpoint_epoch_42.pth
[2025-03-04 01:30:11] Epoch: 42		Loss: 1.921045	Loss Translation.: 0.014676	Loss Rotation.: 0.023798	Combined Loss Dist.: 2.020693	Loss Uncertainty: -0.099648
--ADE (5 time steps): 0.0506	--FDE (5 time steps): 0.0518
--ADE (10 time steps): 0.0642	--FDE (10 time steps): 0.0731
--ADE (15 time steps): 0.0775	--FDE (15 time steps): 0.1002
--ADE (20 time steps): 0.0925	--FDE (20 time steps): 0.1301
[INFO] Checkpoint saved to ./results/5_10_Overfitting_Newer6D/5_10_Overfitting_Newer6D/models/checkpoint_epoch_43.pth
[2025-03-04 01:32:52] Epoch: 43		Loss: 1.909962	Loss Translation.: 0.014576	Loss Rotation.: 0.023732	Combined Loss Dist.: 2.010670	Loss Uncertainty: -0.100708
--ADE (5 time steps): 0.0507	--FDE (5 time steps): 0.0518
--ADE (10 time steps): 0.0642	--FDE (10 time steps): 0.0731
--ADE (15 time steps): 0.0776	--FDE (15 time steps): 0.1002
--ADE (20 time steps): 0.0925	--FDE (20 time steps): 0.1300
[INFO] Checkpoint saved to ./results/5_10_Overfitting_Newer6D/5_10_Overfitting_Newer6D/models/checkpoint_epoch_44.pth
[2025-03-04 01:35:33] Epoch: 44		Loss: 1.900167	Loss Translation.: 0.014494	Loss Rotation.: 0.023669	Combined Loss Dist.: 2.001915	Loss Uncertainty: -0.101748
--ADE (5 time steps): 0.0507	--FDE (5 time steps): 0.0518
--ADE (10 time steps): 0.0642	--FDE (10 time steps): 0.0731
--ADE (15 time steps): 0.0776	--FDE (15 time steps): 0.1002
--ADE (20 time steps): 0.0925	--FDE (20 time steps): 0.1300
[INFO] Checkpoint saved to ./results/5_10_Overfitting_Newer6D/5_10_Overfitting_Newer6D/models/checkpoint_epoch_45.pth
[2025-03-04 01:38:14] Epoch: 45		Loss: 1.890653	Loss Translation.: 0.014411	Loss Rotation.: 0.023609	Combined Loss Dist.: 1.993409	Loss Uncertainty: -0.102756
--ADE (5 time steps): 0.0506	--FDE (5 time steps): 0.0518
--ADE (10 time steps): 0.0642	--FDE (10 time steps): 0.0730
--ADE (15 time steps): 0.0775	--FDE (15 time steps): 0.1001
--ADE (20 time steps): 0.0925	--FDE (20 time steps): 0.1298
[INFO] Checkpoint saved to ./results/5_10_Overfitting_Newer6D/5_10_Overfitting_Newer6D/models/checkpoint_epoch_46.pth
[2025-03-04 01:40:55] Epoch: 46		Loss: 1.881645	Loss Translation.: 0.014336	Loss Rotation.: 0.023551	Combined Loss Dist.: 1.985399	Loss Uncertainty: -0.103754
--ADE (5 time steps): 0.0507	--FDE (5 time steps): 0.0519
--ADE (10 time steps): 0.0643	--FDE (10 time steps): 0.0731
--ADE (15 time steps): 0.0776	--FDE (15 time steps): 0.1003
--ADE (20 time steps): 0.0926	--FDE (20 time steps): 0.1301
[INFO] Checkpoint saved to ./results/5_10_Overfitting_Newer6D/5_10_Overfitting_Newer6D/models/checkpoint_epoch_47.pth
[2025-03-04 01:43:35] Epoch: 47		Loss: 1.872729	Loss Translation.: 0.014260	Loss Rotation.: 0.023492	Combined Loss Dist.: 1.977491	Loss Uncertainty: -0.104762
--ADE (5 time steps): 0.0507	--FDE (5 time steps): 0.0519
--ADE (10 time steps): 0.0643	--FDE (10 time steps): 0.0731
--ADE (15 time steps): 0.0776	--FDE (15 time steps): 0.1004
--ADE (20 time steps): 0.0927	--FDE (20 time steps): 0.1302
[INFO] Checkpoint saved to ./results/5_10_Overfitting_Newer6D/5_10_Overfitting_Newer6D/models/checkpoint_epoch_48.pth
[2025-03-04 01:46:16] Epoch: 48		Loss: 1.863946	Loss Translation.: 0.014204	Loss Rotation.: 0.023405	Combined Loss Dist.: 1.970444	Loss Uncertainty: -0.106498
--ADE (5 time steps): 0.0504	--FDE (5 time steps): 0.0515
--ADE (10 time steps): 0.0634	--FDE (10 time steps): 0.0714
--ADE (15 time steps): 0.0763	--FDE (15 time steps): 0.0977
--ADE (20 time steps): 0.0909	--FDE (20 time steps): 0.1261
[INFO] Checkpoint saved to ./results/5_10_Overfitting_Newer6D/5_10_Overfitting_Newer6D/models/checkpoint_epoch_49.pth
[2025-03-04 01:48:57] Epoch: 49		Loss: 1.855220	Loss Translation.: 0.014128	Loss Rotation.: 0.023349	Combined Loss Dist.: 1.962507	Loss Uncertainty: -0.107287
--ADE (5 time steps): 0.0504	--FDE (5 time steps): 0.0515
--ADE (10 time steps): 0.0634	--FDE (10 time steps): 0.0714
--ADE (15 time steps): 0.0763	--FDE (15 time steps): 0.0976
--ADE (20 time steps): 0.0908	--FDE (20 time steps): 0.1260
[INFO] Checkpoint saved to ./results/5_10_Overfitting_Newer6D/5_10_Overfitting_Newer6D/models/checkpoint_epoch_50.pth
[2025-03-04 01:51:37] Epoch: 50		Loss: 1.848906	Loss Translation.: 0.014071	Loss Rotation.: 0.023311	Combined Loss Dist.: 1.956786	Loss Uncertainty: -0.107879
--ADE (5 time steps): 0.0505	--FDE (5 time steps): 0.0515
--ADE (10 time steps): 0.0634	--FDE (10 time steps): 0.0714
--ADE (15 time steps): 0.0763	--FDE (15 time steps): 0.0976
--ADE (20 time steps): 0.0908	--FDE (20 time steps): 0.1259
[INFO] Checkpoint saved to ./results/5_10_Overfitting_Newer6D/5_10_Overfitting_Newer6D/models/checkpoint_epoch_51.pth
[2025-03-04 01:54:18] Epoch: 51		Loss: 1.843116	Loss Translation.: 0.014021	Loss Rotation.: 0.023276	Combined Loss Dist.: 1.951589	Loss Uncertainty: -0.108473
--ADE (5 time steps): 0.0505	--FDE (5 time steps): 0.0515
--ADE (10 time steps): 0.0634	--FDE (10 time steps): 0.0714
--ADE (15 time steps): 0.0763	--FDE (15 time steps): 0.0976
--ADE (20 time steps): 0.0908	--FDE (20 time steps): 0.1259
[INFO] Checkpoint saved to ./results/5_10_Overfitting_Newer6D/5_10_Overfitting_Newer6D/models/checkpoint_epoch_52.pth
[2025-03-04 01:56:59] Epoch: 52		Loss: 1.837699	Loss Translation.: 0.013974	Loss Rotation.: 0.023243	Combined Loss Dist.: 1.946732	Loss Uncertainty: -0.109033
--ADE (5 time steps): 0.0505	--FDE (5 time steps): 0.0515
--ADE (10 time steps): 0.0635	--FDE (10 time steps): 0.0714
--ADE (15 time steps): 0.0763	--FDE (15 time steps): 0.0976
--ADE (20 time steps): 0.0908	--FDE (20 time steps): 0.1259
[INFO] Checkpoint saved to ./results/5_10_Overfitting_Newer6D/5_10_Overfitting_Newer6D/models/checkpoint_epoch_53.pth
[2025-03-04 01:59:40] Epoch: 53		Loss: 1.832652	Loss Translation.: 0.013931	Loss Rotation.: 0.023211	Combined Loss Dist.: 1.942235	Loss Uncertainty: -0.109583
--ADE (5 time steps): 0.0505	--FDE (5 time steps): 0.0515
--ADE (10 time steps): 0.0635	--FDE (10 time steps): 0.0714
--ADE (15 time steps): 0.0764	--FDE (15 time steps): 0.0976
--ADE (20 time steps): 0.0908	--FDE (20 time steps): 0.1259
[INFO] Checkpoint saved to ./results/5_10_Overfitting_Newer6D/5_10_Overfitting_Newer6D/models/checkpoint_epoch_54.pth
[2025-03-04 02:02:20] Epoch: 54		Loss: 1.827746	Loss Translation.: 0.013890	Loss Rotation.: 0.023179	Combined Loss Dist.: 1.937861	Loss Uncertainty: -0.110115
--ADE (5 time steps): 0.0505	--FDE (5 time steps): 0.0515
--ADE (10 time steps): 0.0635	--FDE (10 time steps): 0.0714
--ADE (15 time steps): 0.0764	--FDE (15 time steps): 0.0976
--ADE (20 time steps): 0.0908	--FDE (20 time steps): 0.1259
[INFO] Checkpoint saved to ./results/5_10_Overfitting_Newer6D/5_10_Overfitting_Newer6D/models/checkpoint_epoch_55.pth
[2025-03-04 02:05:01] Epoch: 55		Loss: 1.823054	Loss Translation.: 0.013850	Loss Rotation.: 0.023150	Combined Loss Dist.: 1.933699	Loss Uncertainty: -0.110646
--ADE (5 time steps): 0.0505	--FDE (5 time steps): 0.0515
--ADE (10 time steps): 0.0635	--FDE (10 time steps): 0.0714
--ADE (15 time steps): 0.0764	--FDE (15 time steps): 0.0977
--ADE (20 time steps): 0.0909	--FDE (20 time steps): 0.1259
[INFO] Checkpoint saved to ./results/5_10_Overfitting_Newer6D/5_10_Overfitting_Newer6D/models/checkpoint_epoch_56.pth
[2025-03-04 02:07:42] Epoch: 56		Loss: 1.819797	Loss Translation.: 0.013840	Loss Rotation.: 0.023110	Combined Loss Dist.: 1.931240	Loss Uncertainty: -0.111443
--ADE (5 time steps): 0.0503	--FDE (5 time steps): 0.0512
--ADE (10 time steps): 0.0631	--FDE (10 time steps): 0.0707
--ADE (15 time steps): 0.0758	--FDE (15 time steps): 0.0965
--ADE (20 time steps): 0.0900	--FDE (20 time steps): 0.1245
[INFO] Checkpoint saved to ./results/5_10_Overfitting_Newer6D/5_10_Overfitting_Newer6D/models/checkpoint_epoch_57.pth
[2025-03-04 02:10:22] Epoch: 57		Loss: 1.815383	Loss Translation.: 0.013802	Loss Rotation.: 0.023084	Combined Loss Dist.: 1.927207	Loss Uncertainty: -0.111824
--ADE (5 time steps): 0.0503	--FDE (5 time steps): 0.0512
--ADE (10 time steps): 0.0631	--FDE (10 time steps): 0.0707
--ADE (15 time steps): 0.0758	--FDE (15 time steps): 0.0965
--ADE (20 time steps): 0.0900	--FDE (20 time steps): 0.1245
[INFO] Checkpoint saved to ./results/5_10_Overfitting_Newer6D/5_10_Overfitting_Newer6D/models/checkpoint_epoch_58.pth
[2025-03-04 02:13:03] Epoch: 58		Loss: 1.812224	Loss Translation.: 0.013774	Loss Rotation.: 0.023064	Combined Loss Dist.: 1.924358	Loss Uncertainty: -0.112134
--ADE (5 time steps): 0.0503	--FDE (5 time steps): 0.0512
--ADE (10 time steps): 0.0631	--FDE (10 time steps): 0.0707
--ADE (15 time steps): 0.0758	--FDE (15 time steps): 0.0965
--ADE (20 time steps): 0.0900	--FDE (20 time steps): 0.1245
[INFO] Checkpoint saved to ./results/5_10_Overfitting_Newer6D/5_10_Overfitting_Newer6D/models/checkpoint_epoch_59.pth
[2025-03-04 02:15:44] Epoch: 59		Loss: 1.809319	Loss Translation.: 0.013749	Loss Rotation.: 0.023046	Combined Loss Dist.: 1.921748	Loss Uncertainty: -0.112429
--ADE (5 time steps): 0.0503	--FDE (5 time steps): 0.0512
--ADE (10 time steps): 0.0631	--FDE (10 time steps): 0.0707
--ADE (15 time steps): 0.0758	--FDE (15 time steps): 0.0965
--ADE (20 time steps): 0.0900	--FDE (20 time steps): 0.1245
[INFO] Checkpoint saved to ./results/5_10_Overfitting_Newer6D/5_10_Overfitting_Newer6D/models/checkpoint_epoch_60.pth
[2025-03-04 02:18:24] Epoch: 60		Loss: 1.806521	Loss Translation.: 0.013725	Loss Rotation.: 0.023029	Combined Loss Dist.: 1.919239	Loss Uncertainty: -0.112719
--ADE (5 time steps): 0.0503	--FDE (5 time steps): 0.0512
--ADE (10 time steps): 0.0631	--FDE (10 time steps): 0.0707
--ADE (15 time steps): 0.0758	--FDE (15 time steps): 0.0965
--ADE (20 time steps): 0.0900	--FDE (20 time steps): 0.1245
[INFO] Checkpoint saved to ./results/5_10_Overfitting_Newer6D/5_10_Overfitting_Newer6D/models/checkpoint_epoch_61.pth
[2025-03-04 02:21:05] Epoch: 61		Loss: 1.803861	Loss Translation.: 0.013702	Loss Rotation.: 0.023012	Combined Loss Dist.: 1.916856	Loss Uncertainty: -0.112996
--ADE (5 time steps): 0.0503	--FDE (5 time steps): 0.0512
--ADE (10 time steps): 0.0631	--FDE (10 time steps): 0.0707
--ADE (15 time steps): 0.0758	--FDE (15 time steps): 0.0965
--ADE (20 time steps): 0.0900	--FDE (20 time steps): 0.1245
[INFO] Checkpoint saved to ./results/5_10_Overfitting_Newer6D/5_10_Overfitting_Newer6D/models/checkpoint_epoch_62.pth
[2025-03-04 02:23:46] Epoch: 62		Loss: 1.801254	Loss Translation.: 0.013679	Loss Rotation.: 0.022996	Combined Loss Dist.: 1.914529	Loss Uncertainty: -0.113275
--ADE (5 time steps): 0.0503	--FDE (5 time steps): 0.0512
--ADE (10 time steps): 0.0631	--FDE (10 time steps): 0.0707
--ADE (15 time steps): 0.0758	--FDE (15 time steps): 0.0965
--ADE (20 time steps): 0.0900	--FDE (20 time steps): 0.1245
[INFO] Checkpoint saved to ./results/5_10_Overfitting_Newer6D/5_10_Overfitting_Newer6D/models/checkpoint_epoch_63.pth
[2025-03-04 02:26:27] Epoch: 63		Loss: 1.798691	Loss Translation.: 0.013657	Loss Rotation.: 0.022979	Combined Loss Dist.: 1.912242	Loss Uncertainty: -0.113551
--ADE (5 time steps): 0.0503	--FDE (5 time steps): 0.0512
--ADE (10 time steps): 0.0631	--FDE (10 time steps): 0.0707
--ADE (15 time steps): 0.0758	--FDE (15 time steps): 0.0965
--ADE (20 time steps): 0.0900	--FDE (20 time steps): 0.1245
[INFO] Checkpoint saved to ./results/5_10_Overfitting_Newer6D/5_10_Overfitting_Newer6D/models/checkpoint_epoch_64.pth
[2025-03-04 02:29:08] Epoch: 64		Loss: 1.798668	Loss Translation.: 0.013667	Loss Rotation.: 0.022965	Combined Loss Dist.: 1.912588	Loss Uncertainty: -0.113921
--ADE (5 time steps): 0.0503	--FDE (5 time steps): 0.0511
--ADE (10 time steps): 0.0630	--FDE (10 time steps): 0.0703
--ADE (15 time steps): 0.0755	--FDE (15 time steps): 0.0961
--ADE (20 time steps): 0.0896	--FDE (20 time steps): 0.1241
[INFO] Checkpoint saved to ./results/5_10_Overfitting_Newer6D/5_10_Overfitting_Newer6D/models/checkpoint_epoch_65.pth
[2025-03-04 02:31:49] Epoch: 65		Loss: 1.796223	Loss Translation.: 0.013644	Loss Rotation.: 0.022951	Combined Loss Dist.: 1.910339	Loss Uncertainty: -0.114116
--ADE (5 time steps): 0.0503	--FDE (5 time steps): 0.0511
--ADE (10 time steps): 0.0629	--FDE (10 time steps): 0.0703
--ADE (15 time steps): 0.0755	--FDE (15 time steps): 0.0961
--ADE (20 time steps): 0.0896	--FDE (20 time steps): 0.1240
[INFO] Checkpoint saved to ./results/5_10_Overfitting_Newer6D/5_10_Overfitting_Newer6D/models/checkpoint_epoch_66.pth
[2025-03-04 02:34:29] Epoch: 66		Loss: 1.794579	Loss Translation.: 0.013630	Loss Rotation.: 0.022940	Combined Loss Dist.: 1.908850	Loss Uncertainty: -0.114271
--ADE (5 time steps): 0.0503	--FDE (5 time steps): 0.0511
--ADE (10 time steps): 0.0629	--FDE (10 time steps): 0.0703
--ADE (15 time steps): 0.0755	--FDE (15 time steps): 0.0961
--ADE (20 time steps): 0.0896	--FDE (20 time steps): 0.1240
[INFO] Checkpoint saved to ./results/5_10_Overfitting_Newer6D/5_10_Overfitting_Newer6D/models/checkpoint_epoch_67.pth
slurmstepd: error: *** JOB 10284635 ON gcn40 CANCELLED AT 2025-03-04T02:34:54 DUE TO TIME LIMIT ***

JOB STATISTICS
==============
Job ID: 10284635
Cluster: snellius
User/Group: scur2440/scur2440
State: TIMEOUT (exit code 0)
Nodes: 1
Cores per node: 18
CPU Utilized: 00:00:01
CPU Efficiency: 0.00% of 2-06:06:36 core-walltime
Job Wall-clock time: 03:00:22
Memory Utilized: 3.22 GB
Memory Efficiency: 2.69% of 120.00 GB
