***************************************************************************************************** 
* WARNING: The 2022 software stack is deprecated. Please consider switching to
the latest 2024 * 
* software stack, or the older 2023 software stack. * 
* * 
* If you have any question, please contact us via
http://servicedesk.surfsara.nl. * 
***************************************************************************************************** 

Configuration:
description: LED
results_root_dir: results
dataset: newer
dimensions: 9
past_frames: 10
future_frames: 24
min_past_frames: 10
min_future_frames: 24
k_preds: 24
traj_mean: [14, 7.5]
traj_scale: 5
relative: False
normalised: False
overfitting: False
pretrained_core_denoising_model: ./results/checkpoints/base_diffusion_model.p
debug: False
diffusion: {'steps': 150, 'beta_start': 0.0001, 'beta_end': 0.05, 'beta_schedule': 'linear'}
lr: 0.001
train_batch_size: 32
test_batch_size: 32
num_epochs: 100
test_interval: 1
lr_scheduler: step
decay_step: 8
decay_gamma: 0.5

[INFO] NEWER dataset (1 agent).
Overfitting: False
Time diff avg (fut): 2.26950
Overfitting: False
Time diff avg (fut): 2.26950
[INFO] Now using random trajectory shuffling.


[INFO] NEWER dataset - skip subtracting mean from absolute positions.
[INFO] Training from scratch - without pretrained models (Not NBA with frame standard configs)

[Core Denoising Model] Trainable/Total: 6630600/6630600
[Initialization Model] Trainable/Total: 9210833/9210833
[2025-03-16 15:32:40] Epoch: 0		Loss: 96.720404	Loss Translation.: 0.329294	Loss Rotation.: 1.432384	Combined Loss Dist.: 92.965673	Loss Uncertainty: 3.754730
--ADE (5 time steps): 0.5061	--FDE (5 time steps): 0.5240
--ADE (10 time steps): 0.6830	--FDE (10 time steps): 0.7513
--ADE (15 time steps): 0.8787	--FDE (15 time steps): 1.1962
--ADE (20 time steps): 1.0866	--FDE (20 time steps): 1.7208
[INFO] Checkpoint saved to ./results/5_12_Newer_9D_Baseline/5_12_Newer_9D_Baseline/models/checkpoint_epoch_1.pth
[2025-03-16 15:32:45] Epoch: 1		Loss: 76.868351	Loss Translation.: 0.179613	Loss Rotation.: 1.234815	Combined Loss Dist.: 74.176109	Loss Uncertainty: 2.692243
--ADE (5 time steps): 0.3655	--FDE (5 time steps): 0.3940
--ADE (10 time steps): 0.4910	--FDE (10 time steps): 0.6042
--ADE (15 time steps): 0.6424	--FDE (15 time steps): 0.8546
--ADE (20 time steps): 0.7632	--FDE (20 time steps): 1.1245
[INFO] Checkpoint saved to ./results/5_12_Newer_9D_Baseline/5_12_Newer_9D_Baseline/models/checkpoint_epoch_2.pth
[2025-03-16 15:32:51] Epoch: 2		Loss: 72.093390	Loss Translation.: 0.136099	Loss Rotation.: 1.198251	Combined Loss Dist.: 69.580155	Loss Uncertainty: 2.513235
--ADE (5 time steps): 0.2952	--FDE (5 time steps): 0.2499
--ADE (10 time steps): 0.4013	--FDE (10 time steps): 0.4690
--ADE (15 time steps): 0.5275	--FDE (15 time steps): 0.7546
--ADE (20 time steps): 0.6468	--FDE (20 time steps): 1.0702
[INFO] Checkpoint saved to ./results/5_12_Newer_9D_Baseline/5_12_Newer_9D_Baseline/models/checkpoint_epoch_3.pth
[2025-03-16 15:32:56] Epoch: 3		Loss: 68.866383	Loss Translation.: 0.104992	Loss Rotation.: 1.175706	Combined Loss Dist.: 66.421313	Loss Uncertainty: 2.445069
--ADE (5 time steps): 0.2730	--FDE (5 time steps): 0.2248
--ADE (10 time steps): 0.3282	--FDE (10 time steps): 0.2942
--ADE (15 time steps): 0.3926	--FDE (15 time steps): 0.4935
--ADE (20 time steps): 0.4674	--FDE (20 time steps): 0.6419
[INFO] Checkpoint saved to ./results/5_12_Newer_9D_Baseline/5_12_Newer_9D_Baseline/models/checkpoint_epoch_4.pth
[2025-03-16 15:33:01] Epoch: 4		Loss: 65.631187	Loss Translation.: 0.083416	Loss Rotation.: 1.157900	Combined Loss Dist.: 63.257928	Loss Uncertainty: 2.373259
--ADE (5 time steps): 0.2081	--FDE (5 time steps): 0.1727
--ADE (10 time steps): 0.2702	--FDE (10 time steps): 0.3535
--ADE (15 time steps): 0.3457	--FDE (15 time steps): 0.4446
--ADE (20 time steps): 0.4199	--FDE (20 time steps): 0.5394
[INFO] Checkpoint saved to ./results/5_12_Newer_9D_Baseline/5_12_Newer_9D_Baseline/models/checkpoint_epoch_5.pth
[2025-03-16 15:33:06] Epoch: 5		Loss: 64.418818	Loss Translation.: 0.078142	Loss Rotation.: 1.144232	Combined Loss Dist.: 62.072179	Loss Uncertainty: 2.346639
--ADE (5 time steps): 0.1876	--FDE (5 time steps): 0.1564
--ADE (10 time steps): 0.2377	--FDE (10 time steps): 0.2818
--ADE (15 time steps): 0.3034	--FDE (15 time steps): 0.3422
--ADE (20 time steps): 0.3631	--FDE (20 time steps): 0.4489
[INFO] Checkpoint saved to ./results/5_12_Newer_9D_Baseline/5_12_Newer_9D_Baseline/models/checkpoint_epoch_6.pth
[2025-03-16 15:33:12] Epoch: 6		Loss: 63.655911	Loss Translation.: 0.075786	Loss Rotation.: 1.130411	Combined Loss Dist.: 61.326503	Loss Uncertainty: 2.329409
--ADE (5 time steps): 0.1790	--FDE (5 time steps): 0.1716
--ADE (10 time steps): 0.2516	--FDE (10 time steps): 0.2909
--ADE (15 time steps): 0.3165	--FDE (15 time steps): 0.4360
--ADE (20 time steps): 0.3778	--FDE (20 time steps): 0.4721
[INFO] Checkpoint saved to ./results/5_12_Newer_9D_Baseline/5_12_Newer_9D_Baseline/models/checkpoint_epoch_7.pth
[2025-03-16 15:33:17] Epoch: 7		Loss: 62.759768	Loss Translation.: 0.073269	Loss Rotation.: 1.114389	Combined Loss Dist.: 60.472641	Loss Uncertainty: 2.287127
--ADE (5 time steps): 0.1735	--FDE (5 time steps): 0.1485
--ADE (10 time steps): 0.2297	--FDE (10 time steps): 0.2572
--ADE (15 time steps): 0.2844	--FDE (15 time steps): 0.3664
--ADE (20 time steps): 0.3450	--FDE (20 time steps): 0.4740
[INFO] Checkpoint saved to ./results/5_12_Newer_9D_Baseline/5_12_Newer_9D_Baseline/models/checkpoint_epoch_8.pth
[2025-03-16 15:33:22] Epoch: 8		Loss: 60.850110	Loss Translation.: 0.060289	Loss Rotation.: 1.093376	Combined Loss Dist.: 58.599797	Loss Uncertainty: 2.250314
--ADE (5 time steps): 0.1808	--FDE (5 time steps): 0.1542
--ADE (10 time steps): 0.2394	--FDE (10 time steps): 0.2913
--ADE (15 time steps): 0.3128	--FDE (15 time steps): 0.4513
--ADE (20 time steps): 0.3874	--FDE (20 time steps): 0.5239
[INFO] Checkpoint saved to ./results/5_12_Newer_9D_Baseline/5_12_Newer_9D_Baseline/models/checkpoint_epoch_9.pth
[2025-03-16 15:33:28] Epoch: 9		Loss: 59.548702	Loss Translation.: 0.056167	Loss Rotation.: 1.076880	Combined Loss Dist.: 57.323795	Loss Uncertainty: 2.224907
--ADE (5 time steps): 0.1453	--FDE (5 time steps): 0.1332
--ADE (10 time steps): 0.1965	--FDE (10 time steps): 0.2206
--ADE (15 time steps): 0.2534	--FDE (15 time steps): 0.3174
--ADE (20 time steps): 0.3120	--FDE (20 time steps): 0.4544
[INFO] Checkpoint saved to ./results/5_12_Newer_9D_Baseline/5_12_Newer_9D_Baseline/models/checkpoint_epoch_10.pth
[2025-03-16 15:33:33] Epoch: 10		Loss: 58.661882	Loss Translation.: 0.053431	Loss Rotation.: 1.063142	Combined Loss Dist.: 56.461028	Loss Uncertainty: 2.200854
--ADE (5 time steps): 0.1559	--FDE (5 time steps): 0.1406
--ADE (10 time steps): 0.2202	--FDE (10 time steps): 0.2174
--ADE (15 time steps): 0.2813	--FDE (15 time steps): 0.3583
--ADE (20 time steps): 0.3438	--FDE (20 time steps): 0.5001
[INFO] Checkpoint saved to ./results/5_12_Newer_9D_Baseline/5_12_Newer_9D_Baseline/models/checkpoint_epoch_11.pth
[2025-03-16 15:33:38] Epoch: 11		Loss: 57.388835	Loss Translation.: 0.050024	Loss Rotation.: 1.042622	Combined Loss Dist.: 55.220025	Loss Uncertainty: 2.168811
--ADE (5 time steps): 0.1583	--FDE (5 time steps): 0.1470
--ADE (10 time steps): 0.2052	--FDE (10 time steps): 0.2124
--ADE (15 time steps): 0.2555	--FDE (15 time steps): 0.3190
--ADE (20 time steps): 0.3079	--FDE (20 time steps): 0.4461
[INFO] Checkpoint saved to ./results/5_12_Newer_9D_Baseline/5_12_Newer_9D_Baseline/models/checkpoint_epoch_12.pth
[2025-03-16 15:33:44] Epoch: 12		Loss: 56.848711	Loss Translation.: 0.055211	Loss Rotation.: 1.027357	Combined Loss Dist.: 54.712514	Loss Uncertainty: 2.136198
--ADE (5 time steps): 0.1838	--FDE (5 time steps): 0.1677
--ADE (10 time steps): 0.2289	--FDE (10 time steps): 0.2296
--ADE (15 time steps): 0.2766	--FDE (15 time steps): 0.3544
--ADE (20 time steps): 0.3280	--FDE (20 time steps): 0.4295
[INFO] Checkpoint saved to ./results/5_12_Newer_9D_Baseline/5_12_Newer_9D_Baseline/models/checkpoint_epoch_13.pth
[2025-03-16 15:33:49] Epoch: 13		Loss: 55.797528	Loss Translation.: 0.055466	Loss Rotation.: 1.004668	Combined Loss Dist.: 53.692276	Loss Uncertainty: 2.105252
--ADE (5 time steps): 0.1627	--FDE (5 time steps): 0.1552
--ADE (10 time steps): 0.2159	--FDE (10 time steps): 0.2498
--ADE (15 time steps): 0.2729	--FDE (15 time steps): 0.3587
--ADE (20 time steps): 0.3303	--FDE (20 time steps): 0.4605
[INFO] Checkpoint saved to ./results/5_12_Newer_9D_Baseline/5_12_Newer_9D_Baseline/models/checkpoint_epoch_14.pth
[2025-03-16 15:33:54] Epoch: 14		Loss: 55.496797	Loss Translation.: 0.060410	Loss Rotation.: 0.992922	Combined Loss Dist.: 53.417108	Loss Uncertainty: 2.079690
--ADE (5 time steps): 0.1427	--FDE (5 time steps): 0.1261
--ADE (10 time steps): 0.1914	--FDE (10 time steps): 0.1996
--ADE (15 time steps): 0.2295	--FDE (15 time steps): 0.2686
--ADE (20 time steps): 0.2710	--FDE (20 time steps): 0.3288
[INFO] Checkpoint saved to ./results/5_12_Newer_9D_Baseline/5_12_Newer_9D_Baseline/models/checkpoint_epoch_15.pth
[2025-03-16 15:34:00] Epoch: 15		Loss: 53.997768	Loss Translation.: 0.051733	Loss Rotation.: 0.975171	Combined Loss Dist.: 51.945274	Loss Uncertainty: 2.052494
--ADE (5 time steps): 0.1450	--FDE (5 time steps): 0.1350
--ADE (10 time steps): 0.2009	--FDE (10 time steps): 0.2261
--ADE (15 time steps): 0.2480	--FDE (15 time steps): 0.3271
--ADE (20 time steps): 0.2973	--FDE (20 time steps): 0.4032
[INFO] Checkpoint saved to ./results/5_12_Newer_9D_Baseline/5_12_Newer_9D_Baseline/models/checkpoint_epoch_16.pth
[2025-03-16 15:34:05] Epoch: 16		Loss: 52.629983	Loss Translation.: 0.048389	Loss Rotation.: 0.951800	Combined Loss Dist.: 50.602203	Loss Uncertainty: 2.027779
--ADE (5 time steps): 0.1494	--FDE (5 time steps): 0.1391
--ADE (10 time steps): 0.2041	--FDE (10 time steps): 0.2344
--ADE (15 time steps): 0.2572	--FDE (15 time steps): 0.3542
--ADE (20 time steps): 0.3130	--FDE (20 time steps): 0.4470
[INFO] Checkpoint saved to ./results/5_12_Newer_9D_Baseline/5_12_Newer_9D_Baseline/models/checkpoint_epoch_17.pth
[2025-03-16 15:34:10] Epoch: 17		Loss: 51.859352	Loss Translation.: 0.050408	Loss Rotation.: 0.934648	Combined Loss Dist.: 49.853230	Loss Uncertainty: 2.006122
--ADE (5 time steps): 0.1669	--FDE (5 time steps): 0.1758
--ADE (10 time steps): 0.2218	--FDE (10 time steps): 0.2343
--ADE (15 time steps): 0.2700	--FDE (15 time steps): 0.3545
--ADE (20 time steps): 0.3199	--FDE (20 time steps): 0.4281
[INFO] Checkpoint saved to ./results/5_12_Newer_9D_Baseline/5_12_Newer_9D_Baseline/models/checkpoint_epoch_18.pth
[2025-03-16 15:34:15] Epoch: 18		Loss: 50.545283	Loss Translation.: 0.046632	Loss Rotation.: 0.913635	Combined Loss Dist.: 48.557763	Loss Uncertainty: 1.987520
--ADE (5 time steps): 0.1488	--FDE (5 time steps): 0.1545
--ADE (10 time steps): 0.1994	--FDE (10 time steps): 0.2268
--ADE (15 time steps): 0.2499	--FDE (15 time steps): 0.3394
--ADE (20 time steps): 0.2994	--FDE (20 time steps): 0.4290
[INFO] Checkpoint saved to ./results/5_12_Newer_9D_Baseline/5_12_Newer_9D_Baseline/models/checkpoint_epoch_19.pth
[2025-03-16 15:34:21] Epoch: 19		Loss: 49.570756	Loss Translation.: 0.044940	Loss Rotation.: 0.897801	Combined Loss Dist.: 47.601547	Loss Uncertainty: 1.969209
--ADE (5 time steps): 0.1330	--FDE (5 time steps): 0.1276
--ADE (10 time steps): 0.1800	--FDE (10 time steps): 0.1949
--ADE (15 time steps): 0.2279	--FDE (15 time steps): 0.2972
--ADE (20 time steps): 0.2742	--FDE (20 time steps): 0.3920
[INFO] Checkpoint saved to ./results/5_12_Newer_9D_Baseline/5_12_Newer_9D_Baseline/models/checkpoint_epoch_20.pth
[2025-03-16 15:34:26] Epoch: 20		Loss: 48.384456	Loss Translation.: 0.041777	Loss Rotation.: 0.879028	Combined Loss Dist.: 46.437694	Loss Uncertainty: 1.946762
--ADE (5 time steps): 0.1323	--FDE (5 time steps): 0.1256
--ADE (10 time steps): 0.1794	--FDE (10 time steps): 0.1976
--ADE (15 time steps): 0.2227	--FDE (15 time steps): 0.2903
--ADE (20 time steps): 0.2679	--FDE (20 time steps): 0.3812
[INFO] Checkpoint saved to ./results/5_12_Newer_9D_Baseline/5_12_Newer_9D_Baseline/models/checkpoint_epoch_21.pth
[2025-03-16 15:34:31] Epoch: 21		Loss: 47.678761	Loss Translation.: 0.040477	Loss Rotation.: 0.866837	Combined Loss Dist.: 45.755915	Loss Uncertainty: 1.922846
--ADE (5 time steps): 0.1465	--FDE (5 time steps): 0.1513
--ADE (10 time steps): 0.2005	--FDE (10 time steps): 0.2347
--ADE (15 time steps): 0.2502	--FDE (15 time steps): 0.3323
--ADE (20 time steps): 0.3015	--FDE (20 time steps): 0.4384
[INFO] Checkpoint saved to ./results/5_12_Newer_9D_Baseline/5_12_Newer_9D_Baseline/models/checkpoint_epoch_22.pth
[2025-03-16 15:34:37] Epoch: 22		Loss: 46.766301	Loss Translation.: 0.040340	Loss Rotation.: 0.850202	Combined Loss Dist.: 44.864356	Loss Uncertainty: 1.901945
--ADE (5 time steps): 0.1576	--FDE (5 time steps): 0.1424
--ADE (10 time steps): 0.2032	--FDE (10 time steps): 0.2016
--ADE (15 time steps): 0.2514	--FDE (15 time steps): 0.3165
--ADE (20 time steps): 0.2995	--FDE (20 time steps): 0.4172
[INFO] Checkpoint saved to ./results/5_12_Newer_9D_Baseline/5_12_Newer_9D_Baseline/models/checkpoint_epoch_23.pth
[2025-03-16 15:34:42] Epoch: 23		Loss: 46.438486	Loss Translation.: 0.042291	Loss Rotation.: 0.840322	Combined Loss Dist.: 44.554390	Loss Uncertainty: 1.884096
--ADE (5 time steps): 0.1372	--FDE (5 time steps): 0.1294
--ADE (10 time steps): 0.1826	--FDE (10 time steps): 0.2061
--ADE (15 time steps): 0.2314	--FDE (15 time steps): 0.2853
--ADE (20 time steps): 0.2804	--FDE (20 time steps): 0.3989
[INFO] Checkpoint saved to ./results/5_12_Newer_9D_Baseline/5_12_Newer_9D_Baseline/models/checkpoint_epoch_24.pth
[2025-03-16 15:34:47] Epoch: 24		Loss: 45.359982	Loss Translation.: 0.038770	Loss Rotation.: 0.823011	Combined Loss Dist.: 43.488781	Loss Uncertainty: 1.871202
--ADE (5 time steps): 0.1294	--FDE (5 time steps): 0.1121
--ADE (10 time steps): 0.1690	--FDE (10 time steps): 0.1818
--ADE (15 time steps): 0.2111	--FDE (15 time steps): 0.2650
--ADE (20 time steps): 0.2531	--FDE (20 time steps): 0.3573
[INFO] Checkpoint saved to ./results/5_12_Newer_9D_Baseline/5_12_Newer_9D_Baseline/models/checkpoint_epoch_25.pth
[2025-03-16 15:34:52] Epoch: 25		Loss: 44.895120	Loss Translation.: 0.039383	Loss Rotation.: 0.813551	Combined Loss Dist.: 43.034884	Loss Uncertainty: 1.860236
--ADE (5 time steps): 0.1308	--FDE (5 time steps): 0.1168
--ADE (10 time steps): 0.1665	--FDE (10 time steps): 0.1833
--ADE (15 time steps): 0.2053	--FDE (15 time steps): 0.2600
--ADE (20 time steps): 0.2475	--FDE (20 time steps): 0.3269
[INFO] Checkpoint saved to ./results/5_12_Newer_9D_Baseline/5_12_Newer_9D_Baseline/models/checkpoint_epoch_26.pth
[2025-03-16 15:34:58] Epoch: 26		Loss: 44.357738	Loss Translation.: 0.038619	Loss Rotation.: 0.804407	Combined Loss Dist.: 42.507117	Loss Uncertainty: 1.850621
--ADE (5 time steps): 0.1385	--FDE (5 time steps): 0.1237
--ADE (10 time steps): 0.1753	--FDE (10 time steps): 0.1757
--ADE (15 time steps): 0.2135	--FDE (15 time steps): 0.2513
--ADE (20 time steps): 0.2548	--FDE (20 time steps): 0.3274
[INFO] Checkpoint saved to ./results/5_12_Newer_9D_Baseline/5_12_Newer_9D_Baseline/models/checkpoint_epoch_27.pth
[2025-03-16 15:35:03] Epoch: 27		Loss: 44.136983	Loss Translation.: 0.040838	Loss Rotation.: 0.796749	Combined Loss Dist.: 42.294211	Loss Uncertainty: 1.842772
--ADE (5 time steps): 0.1341	--FDE (5 time steps): 0.1305
--ADE (10 time steps): 0.1710	--FDE (10 time steps): 0.1754
--ADE (15 time steps): 0.2079	--FDE (15 time steps): 0.2347
--ADE (20 time steps): 0.2470	--FDE (20 time steps): 0.3203
[INFO] Checkpoint saved to ./results/5_12_Newer_9D_Baseline/5_12_Newer_9D_Baseline/models/checkpoint_epoch_28.pth
[2025-03-16 15:35:08] Epoch: 28		Loss: 43.554632	Loss Translation.: 0.037999	Loss Rotation.: 0.789861	Combined Loss Dist.: 41.718927	Loss Uncertainty: 1.835705
--ADE (5 time steps): 0.1333	--FDE (5 time steps): 0.1274
--ADE (10 time steps): 0.1732	--FDE (10 time steps): 0.1850
--ADE (15 time steps): 0.2085	--FDE (15 time steps): 0.2409
--ADE (20 time steps): 0.2472	--FDE (20 time steps): 0.3248
[INFO] Checkpoint saved to ./results/5_12_Newer_9D_Baseline/5_12_Newer_9D_Baseline/models/checkpoint_epoch_29.pth
[2025-03-16 15:35:14] Epoch: 29		Loss: 43.153240	Loss Translation.: 0.036857	Loss Rotation.: 0.783985	Combined Loss Dist.: 41.324778	Loss Uncertainty: 1.828462
--ADE (5 time steps): 0.1382	--FDE (5 time steps): 0.1303
--ADE (10 time steps): 0.1807	--FDE (10 time steps): 0.1935
--ADE (15 time steps): 0.2209	--FDE (15 time steps): 0.2551
--ADE (20 time steps): 0.2589	--FDE (20 time steps): 0.3341
[INFO] Checkpoint saved to ./results/5_12_Newer_9D_Baseline/5_12_Newer_9D_Baseline/models/checkpoint_epoch_30.pth
[2025-03-16 15:35:19] Epoch: 30		Loss: 43.078529	Loss Translation.: 0.037849	Loss Rotation.: 0.781304	Combined Loss Dist.: 41.257140	Loss Uncertainty: 1.821388
--ADE (5 time steps): 0.1236	--FDE (5 time steps): 0.1085
--ADE (10 time steps): 0.1665	--FDE (10 time steps): 0.1792
--ADE (15 time steps): 0.2081	--FDE (15 time steps): 0.2519
--ADE (20 time steps): 0.2512	--FDE (20 time steps): 0.3399
[INFO] Checkpoint saved to ./results/5_12_Newer_9D_Baseline/5_12_Newer_9D_Baseline/models/checkpoint_epoch_31.pth
[2025-03-16 15:35:24] Epoch: 31		Loss: 42.017811	Loss Translation.: 0.035359	Loss Rotation.: 0.764168	Combined Loss Dist.: 40.204864	Loss Uncertainty: 1.812946
--ADE (5 time steps): 0.1229	--FDE (5 time steps): 0.1118
--ADE (10 time steps): 0.1630	--FDE (10 time steps): 0.1748
--ADE (15 time steps): 0.2035	--FDE (15 time steps): 0.2539
--ADE (20 time steps): 0.2435	--FDE (20 time steps): 0.3238
[INFO] Checkpoint saved to ./results/5_12_Newer_9D_Baseline/5_12_Newer_9D_Baseline/models/checkpoint_epoch_32.pth
[2025-03-16 15:35:30] Epoch: 32		Loss: 41.210256	Loss Translation.: 0.033786	Loss Rotation.: 0.750225	Combined Loss Dist.: 39.405663	Loss Uncertainty: 1.804593
--ADE (5 time steps): 0.1211	--FDE (5 time steps): 0.1123
--ADE (10 time steps): 0.1593	--FDE (10 time steps): 0.1712
--ADE (15 time steps): 0.1994	--FDE (15 time steps): 0.2436
--ADE (20 time steps): 0.2412	--FDE (20 time steps): 0.3049
[INFO] Checkpoint saved to ./results/5_12_Newer_9D_Baseline/5_12_Newer_9D_Baseline/models/checkpoint_epoch_33.pth
[2025-03-16 15:35:35] Epoch: 33		Loss: 40.709775	Loss Translation.: 0.032811	Loss Rotation.: 0.741700	Combined Loss Dist.: 38.910993	Loss Uncertainty: 1.798783
--ADE (5 time steps): 0.1207	--FDE (5 time steps): 0.1156
--ADE (10 time steps): 0.1595	--FDE (10 time steps): 0.1729
--ADE (15 time steps): 0.1993	--FDE (15 time steps): 0.2454
--ADE (20 time steps): 0.2413	--FDE (20 time steps): 0.3063
[INFO] Checkpoint saved to ./results/5_12_Newer_9D_Baseline/5_12_Newer_9D_Baseline/models/checkpoint_epoch_34.pth
[2025-03-16 15:35:40] Epoch: 34		Loss: 40.100618	Loss Translation.: 0.032323	Loss Rotation.: 0.730288	Combined Loss Dist.: 38.308622	Loss Uncertainty: 1.791996
--ADE (5 time steps): 0.1206	--FDE (5 time steps): 0.1156
--ADE (10 time steps): 0.1588	--FDE (10 time steps): 0.1727
--ADE (15 time steps): 0.1991	--FDE (15 time steps): 0.2442
--ADE (20 time steps): 0.2393	--FDE (20 time steps): 0.3050
[INFO] Checkpoint saved to ./results/5_12_Newer_9D_Baseline/5_12_Newer_9D_Baseline/models/checkpoint_epoch_35.pth
[2025-03-16 15:35:45] Epoch: 35		Loss: 39.756356	Loss Translation.: 0.031466	Loss Rotation.: 0.724389	Combined Loss Dist.: 37.970831	Loss Uncertainty: 1.785525
--ADE (5 time steps): 0.1213	--FDE (5 time steps): 0.1180
--ADE (10 time steps): 0.1632	--FDE (10 time steps): 0.1829
--ADE (15 time steps): 0.2057	--FDE (15 time steps): 0.2534
--ADE (20 time steps): 0.2481	--FDE (20 time steps): 0.3322
[INFO] Checkpoint saved to ./results/5_12_Newer_9D_Baseline/5_12_Newer_9D_Baseline/models/checkpoint_epoch_36.pth
[2025-03-16 15:35:51] Epoch: 36		Loss: 39.438950	Loss Translation.: 0.031094	Loss Rotation.: 0.718733	Combined Loss Dist.: 37.659433	Loss Uncertainty: 1.779518
--ADE (5 time steps): 0.1233	--FDE (5 time steps): 0.1198
--ADE (10 time steps): 0.1643	--FDE (10 time steps): 0.1824
--ADE (15 time steps): 0.2071	--FDE (15 time steps): 0.2557
--ADE (20 time steps): 0.2492	--FDE (20 time steps): 0.3257
[INFO] Checkpoint saved to ./results/5_12_Newer_9D_Baseline/5_12_Newer_9D_Baseline/models/checkpoint_epoch_37.pth
[2025-03-16 15:35:56] Epoch: 37		Loss: 39.175858	Loss Translation.: 0.031791	Loss Rotation.: 0.712885	Combined Loss Dist.: 37.400155	Loss Uncertainty: 1.775703
--ADE (5 time steps): 0.1221	--FDE (5 time steps): 0.1171
--ADE (10 time steps): 0.1620	--FDE (10 time steps): 0.1750
--ADE (15 time steps): 0.2040	--FDE (15 time steps): 0.2523
--ADE (20 time steps): 0.2428	--FDE (20 time steps): 0.3083
[INFO] Checkpoint saved to ./results/5_12_Newer_9D_Baseline/5_12_Newer_9D_Baseline/models/checkpoint_epoch_38.pth
[2025-03-16 15:36:01] Epoch: 38		Loss: 39.074583	Loss Translation.: 0.032187	Loss Rotation.: 0.710270	Combined Loss Dist.: 37.304163	Loss Uncertainty: 1.770420
--ADE (5 time steps): 0.1215	--FDE (5 time steps): 0.1222
--ADE (10 time steps): 0.1622	--FDE (10 time steps): 0.1706
--ADE (15 time steps): 0.2032	--FDE (15 time steps): 0.2396
--ADE (20 time steps): 0.2437	--FDE (20 time steps): 0.3019
[INFO] Checkpoint saved to ./results/5_12_Newer_9D_Baseline/5_12_Newer_9D_Baseline/models/checkpoint_epoch_39.pth
[2025-03-16 15:36:07] Epoch: 39		Loss: 39.192384	Loss Translation.: 0.033436	Loss Rotation.: 0.710994	Combined Loss Dist.: 37.425366	Loss Uncertainty: 1.767018
--ADE (5 time steps): 0.1207	--FDE (5 time steps): 0.1148
--ADE (10 time steps): 0.1603	--FDE (10 time steps): 0.1712
--ADE (15 time steps): 0.2002	--FDE (15 time steps): 0.2348
--ADE (20 time steps): 0.2413	--FDE (20 time steps): 0.3176
[INFO] Checkpoint saved to ./results/5_12_Newer_9D_Baseline/5_12_Newer_9D_Baseline/models/checkpoint_epoch_40.pth
[2025-03-16 15:36:12] Epoch: 40		Loss: 38.305560	Loss Translation.: 0.030778	Loss Rotation.: 0.696818	Combined Loss Dist.: 36.542908	Loss Uncertainty: 1.762651
--ADE (5 time steps): 0.1203	--FDE (5 time steps): 0.1178
--ADE (10 time steps): 0.1610	--FDE (10 time steps): 0.1791
--ADE (15 time steps): 0.2035	--FDE (15 time steps): 0.2357
--ADE (20 time steps): 0.2449	--FDE (20 time steps): 0.3234
[INFO] Checkpoint saved to ./results/5_12_Newer_9D_Baseline/5_12_Newer_9D_Baseline/models/checkpoint_epoch_41.pth
[2025-03-16 15:36:17] Epoch: 41		Loss: 37.833870	Loss Translation.: 0.029925	Loss Rotation.: 0.688411	Combined Loss Dist.: 36.074018	Loss Uncertainty: 1.759851
--ADE (5 time steps): 0.1189	--FDE (5 time steps): 0.1153
--ADE (10 time steps): 0.1587	--FDE (10 time steps): 0.1740
--ADE (15 time steps): 0.2008	--FDE (15 time steps): 0.2304
--ADE (20 time steps): 0.2409	--FDE (20 time steps): 0.3134
[INFO] Checkpoint saved to ./results/5_12_Newer_9D_Baseline/5_12_Newer_9D_Baseline/models/checkpoint_epoch_42.pth
[2025-03-16 15:36:22] Epoch: 42		Loss: 37.532940	Loss Translation.: 0.029178	Loss Rotation.: 0.683427	Combined Loss Dist.: 35.776650	Loss Uncertainty: 1.756289
--ADE (5 time steps): 0.1199	--FDE (5 time steps): 0.1163
--ADE (10 time steps): 0.1597	--FDE (10 time steps): 0.1712
--ADE (15 time steps): 0.2020	--FDE (15 time steps): 0.2311
--ADE (20 time steps): 0.2411	--FDE (20 time steps): 0.3148
[INFO] Checkpoint saved to ./results/5_12_Newer_9D_Baseline/5_12_Newer_9D_Baseline/models/checkpoint_epoch_43.pth
[2025-03-16 15:36:28] Epoch: 43		Loss: 37.298828	Loss Translation.: 0.028926	Loss Rotation.: 0.679231	Combined Loss Dist.: 35.545242	Loss Uncertainty: 1.753586
--ADE (5 time steps): 0.1217	--FDE (5 time steps): 0.1179
--ADE (10 time steps): 0.1597	--FDE (10 time steps): 0.1707
--ADE (15 time steps): 0.2001	--FDE (15 time steps): 0.2315
--ADE (20 time steps): 0.2381	--FDE (20 time steps): 0.3084
[INFO] Checkpoint saved to ./results/5_12_Newer_9D_Baseline/5_12_Newer_9D_Baseline/models/checkpoint_epoch_44.pth
[2025-03-16 15:36:33] Epoch: 44		Loss: 37.286842	Loss Translation.: 0.028801	Loss Rotation.: 0.679389	Combined Loss Dist.: 35.536144	Loss Uncertainty: 1.750698
--ADE (5 time steps): 0.1201	--FDE (5 time steps): 0.1162
--ADE (10 time steps): 0.1578	--FDE (10 time steps): 0.1699
--ADE (15 time steps): 0.1976	--FDE (15 time steps): 0.2309
--ADE (20 time steps): 0.2348	--FDE (20 time steps): 0.3013
[INFO] Checkpoint saved to ./results/5_12_Newer_9D_Baseline/5_12_Newer_9D_Baseline/models/checkpoint_epoch_45.pth
[2025-03-16 15:36:38] Epoch: 45		Loss: 37.367577	Loss Translation.: 0.028755	Loss Rotation.: 0.681119	Combined Loss Dist.: 35.618987	Loss Uncertainty: 1.748590
--ADE (5 time steps): 0.1199	--FDE (5 time steps): 0.1140
--ADE (10 time steps): 0.1583	--FDE (10 time steps): 0.1720
--ADE (15 time steps): 0.1996	--FDE (15 time steps): 0.2334
--ADE (20 time steps): 0.2383	--FDE (20 time steps): 0.3041
[INFO] Checkpoint saved to ./results/5_12_Newer_9D_Baseline/5_12_Newer_9D_Baseline/models/checkpoint_epoch_46.pth
[2025-03-16 15:36:44] Epoch: 46		Loss: 37.347182	Loss Translation.: 0.028865	Loss Rotation.: 0.680790	Combined Loss Dist.: 35.599427	Loss Uncertainty: 1.747756
--ADE (5 time steps): 0.1219	--FDE (5 time steps): 0.1143
--ADE (10 time steps): 0.1602	--FDE (10 time steps): 0.1725
--ADE (15 time steps): 0.2004	--FDE (15 time steps): 0.2349
--ADE (20 time steps): 0.2402	--FDE (20 time steps): 0.2997
[INFO] Checkpoint saved to ./results/5_12_Newer_9D_Baseline/5_12_Newer_9D_Baseline/models/checkpoint_epoch_47.pth
[2025-03-16 15:36:49] Epoch: 47		Loss: 37.072863	Loss Translation.: 0.028263	Loss Rotation.: 0.676073	Combined Loss Dist.: 35.327856	Loss Uncertainty: 1.745007
--ADE (5 time steps): 0.1225	--FDE (5 time steps): 0.1165
--ADE (10 time steps): 0.1613	--FDE (10 time steps): 0.1721
--ADE (15 time steps): 0.2018	--FDE (15 time steps): 0.2364
--ADE (20 time steps): 0.2429	--FDE (20 time steps): 0.3041
[INFO] Checkpoint saved to ./results/5_12_Newer_9D_Baseline/5_12_Newer_9D_Baseline/models/checkpoint_epoch_48.pth
[2025-03-16 15:36:54] Epoch: 48		Loss: 36.767225	Loss Translation.: 0.027700	Loss Rotation.: 0.670649	Combined Loss Dist.: 35.024127	Loss Uncertainty: 1.743097
--ADE (5 time steps): 0.1207	--FDE (5 time steps): 0.1176
--ADE (10 time steps): 0.1591	--FDE (10 time steps): 0.1721
--ADE (15 time steps): 0.1998	--FDE (15 time steps): 0.2356
--ADE (20 time steps): 0.2404	--FDE (20 time steps): 0.3022
[INFO] Checkpoint saved to ./results/5_12_Newer_9D_Baseline/5_12_Newer_9D_Baseline/models/checkpoint_epoch_49.pth
[2025-03-16 15:37:00] Epoch: 49		Loss: 36.487575	Loss Translation.: 0.027426	Loss Rotation.: 0.665332	Combined Loss Dist.: 34.746110	Loss Uncertainty: 1.741466
--ADE (5 time steps): 0.1190	--FDE (5 time steps): 0.1143
--ADE (10 time steps): 0.1582	--FDE (10 time steps): 0.1717
--ADE (15 time steps): 0.1986	--FDE (15 time steps): 0.2312
--ADE (20 time steps): 0.2381	--FDE (20 time steps): 0.3006
[INFO] Checkpoint saved to ./results/5_12_Newer_9D_Baseline/5_12_Newer_9D_Baseline/models/checkpoint_epoch_50.pth
[2025-03-16 15:37:05] Epoch: 50		Loss: 36.238094	Loss Translation.: 0.026927	Loss Rotation.: 0.660979	Combined Loss Dist.: 34.498243	Loss Uncertainty: 1.739851
--ADE (5 time steps): 0.1190	--FDE (5 time steps): 0.1146
--ADE (10 time steps): 0.1582	--FDE (10 time steps): 0.1711
--ADE (15 time steps): 0.1991	--FDE (15 time steps): 0.2336
--ADE (20 time steps): 0.2384	--FDE (20 time steps): 0.2997
[INFO] Checkpoint saved to ./results/5_12_Newer_9D_Baseline/5_12_Newer_9D_Baseline/models/checkpoint_epoch_51.pth
[2025-03-16 15:37:10] Epoch: 51		Loss: 36.116612	Loss Translation.: 0.026735	Loss Rotation.: 0.658814	Combined Loss Dist.: 34.378692	Loss Uncertainty: 1.737920
--ADE (5 time steps): 0.1191	--FDE (5 time steps): 0.1142
--ADE (10 time steps): 0.1584	--FDE (10 time steps): 0.1718
--ADE (15 time steps): 0.1991	--FDE (15 time steps): 0.2309
--ADE (20 time steps): 0.2374	--FDE (20 time steps): 0.2964
[INFO] Checkpoint saved to ./results/5_12_Newer_9D_Baseline/5_12_Newer_9D_Baseline/models/checkpoint_epoch_52.pth
[2025-03-16 15:37:16] Epoch: 52		Loss: 36.001058	Loss Translation.: 0.026635	Loss Rotation.: 0.656677	Combined Loss Dist.: 34.265110	Loss Uncertainty: 1.735948
--ADE (5 time steps): 0.1192	--FDE (5 time steps): 0.1147
--ADE (10 time steps): 0.1583	--FDE (10 time steps): 0.1711
--ADE (15 time steps): 0.1994	--FDE (15 time steps): 0.2294
--ADE (20 time steps): 0.2376	--FDE (20 time steps): 0.2960
[INFO] Checkpoint saved to ./results/5_12_Newer_9D_Baseline/5_12_Newer_9D_Baseline/models/checkpoint_epoch_53.pth
[2025-03-16 15:37:21] Epoch: 53		Loss: 35.878207	Loss Translation.: 0.026560	Loss Rotation.: 0.654373	Combined Loss Dist.: 34.144139	Loss Uncertainty: 1.734067
--ADE (5 time steps): 0.1191	--FDE (5 time steps): 0.1149
--ADE (10 time steps): 0.1585	--FDE (10 time steps): 0.1708
--ADE (15 time steps): 0.1999	--FDE (15 time steps): 0.2297
--ADE (20 time steps): 0.2385	--FDE (20 time steps): 0.2985
[INFO] Checkpoint saved to ./results/5_12_Newer_9D_Baseline/5_12_Newer_9D_Baseline/models/checkpoint_epoch_54.pth
[2025-03-16 15:37:26] Epoch: 54		Loss: 35.784276	Loss Translation.: 0.026559	Loss Rotation.: 0.652580	Combined Loss Dist.: 34.051905	Loss Uncertainty: 1.732371
--ADE (5 time steps): 0.1197	--FDE (5 time steps): 0.1153
--ADE (10 time steps): 0.1589	--FDE (10 time steps): 0.1703
--ADE (15 time steps): 0.2001	--FDE (15 time steps): 0.2335
--ADE (20 time steps): 0.2390	--FDE (20 time steps): 0.2965
[INFO] Checkpoint saved to ./results/5_12_Newer_9D_Baseline/5_12_Newer_9D_Baseline/models/checkpoint_epoch_55.pth
[2025-03-16 15:37:31] Epoch: 55		Loss: 35.712581	Loss Translation.: 0.026540	Loss Rotation.: 0.651284	Combined Loss Dist.: 33.981987	Loss Uncertainty: 1.730594
--ADE (5 time steps): 0.1203	--FDE (5 time steps): 0.1173
--ADE (10 time steps): 0.1596	--FDE (10 time steps): 0.1719
--ADE (15 time steps): 0.2004	--FDE (15 time steps): 0.2390
--ADE (20 time steps): 0.2399	--FDE (20 time steps): 0.2974
[INFO] Checkpoint saved to ./results/5_12_Newer_9D_Baseline/5_12_Newer_9D_Baseline/models/checkpoint_epoch_56.pth
[2025-03-16 15:37:37] Epoch: 56		Loss: 35.565028	Loss Translation.: 0.026170	Loss Rotation.: 0.648756	Combined Loss Dist.: 33.835688	Loss Uncertainty: 1.729340
--ADE (5 time steps): 0.1206	--FDE (5 time steps): 0.1173
--ADE (10 time steps): 0.1595	--FDE (10 time steps): 0.1718
--ADE (15 time steps): 0.2000	--FDE (15 time steps): 0.2385
--ADE (20 time steps): 0.2400	--FDE (20 time steps): 0.2981
[INFO] Checkpoint saved to ./results/5_12_Newer_9D_Baseline/5_12_Newer_9D_Baseline/models/checkpoint_epoch_57.pth
[2025-03-16 15:37:42] Epoch: 57		Loss: 35.496076	Loss Translation.: 0.026112	Loss Rotation.: 0.647420	Combined Loss Dist.: 33.767783	Loss Uncertainty: 1.728294
--ADE (5 time steps): 0.1196	--FDE (5 time steps): 0.1161
--ADE (10 time steps): 0.1589	--FDE (10 time steps): 0.1719
--ADE (15 time steps): 0.1996	--FDE (15 time steps): 0.2331
--ADE (20 time steps): 0.2387	--FDE (20 time steps): 0.2964
[INFO] Checkpoint saved to ./results/5_12_Newer_9D_Baseline/5_12_Newer_9D_Baseline/models/checkpoint_epoch_58.pth
[2025-03-16 15:37:47] Epoch: 58		Loss: 35.394714	Loss Translation.: 0.025751	Loss Rotation.: 0.645782	Combined Loss Dist.: 33.667297	Loss Uncertainty: 1.727417
--ADE (5 time steps): 0.1194	--FDE (5 time steps): 0.1161
--ADE (10 time steps): 0.1588	--FDE (10 time steps): 0.1715
--ADE (15 time steps): 0.1996	--FDE (15 time steps): 0.2362
--ADE (20 time steps): 0.2390	--FDE (20 time steps): 0.2971
[INFO] Checkpoint saved to ./results/5_12_Newer_9D_Baseline/5_12_Newer_9D_Baseline/models/checkpoint_epoch_59.pth
[2025-03-16 15:37:53] Epoch: 59		Loss: 35.323974	Loss Translation.: 0.025620	Loss Rotation.: 0.644520	Combined Loss Dist.: 33.597445	Loss Uncertainty: 1.726529
--ADE (5 time steps): 0.1196	--FDE (5 time steps): 0.1171
--ADE (10 time steps): 0.1590	--FDE (10 time steps): 0.1714
--ADE (15 time steps): 0.1997	--FDE (15 time steps): 0.2364
--ADE (20 time steps): 0.2387	--FDE (20 time steps): 0.2964
[INFO] Checkpoint saved to ./results/5_12_Newer_9D_Baseline/5_12_Newer_9D_Baseline/models/checkpoint_epoch_60.pth
[2025-03-16 15:37:58] Epoch: 60		Loss: 35.270055	Loss Translation.: 0.025546	Loss Rotation.: 0.643586	Combined Loss Dist.: 33.544553	Loss Uncertainty: 1.725502
--ADE (5 time steps): 0.1193	--FDE (5 time steps): 0.1172
--ADE (10 time steps): 0.1587	--FDE (10 time steps): 0.1708
--ADE (15 time steps): 0.1996	--FDE (15 time steps): 0.2355
--ADE (20 time steps): 0.2385	--FDE (20 time steps): 0.2970
[INFO] Checkpoint saved to ./results/5_12_Newer_9D_Baseline/5_12_Newer_9D_Baseline/models/checkpoint_epoch_61.pth
[2025-03-16 15:38:03] Epoch: 61		Loss: 35.218828	Loss Translation.: 0.025496	Loss Rotation.: 0.642659	Combined Loss Dist.: 33.494297	Loss Uncertainty: 1.724530
--ADE (5 time steps): 0.1200	--FDE (5 time steps): 0.1176
--ADE (10 time steps): 0.1593	--FDE (10 time steps): 0.1718
--ADE (15 time steps): 0.2001	--FDE (15 time steps): 0.2348
--ADE (20 time steps): 0.2395	--FDE (20 time steps): 0.2981
Traceback (most recent call last):
  File "/home/scur2440/.conda/envs/led/lib/python3.7/site-packages/torch/serialization.py", line 423, in save
    _save(obj, opened_zipfile, pickle_module, pickle_protocol)
  File "/home/scur2440/.conda/envs/led/lib/python3.7/site-packages/torch/serialization.py", line 650, in _save
    zip_file.write_record(name, storage.data_ptr(), num_bytes)
RuntimeError: [enforce fail at inline_container.cc:445] . PytorchStreamWriter failed writing file data/52: file write failed

During handling of the above exception, another exception occurred:

Traceback (most recent call last):
  File "main_led_nba.py", line 32, in <module>
    main(config)
  File "main_led_nba.py", line 24, in main
    t.fit()
  File "/gpfs/home2/scur2440/MoTric/5_LED_Kitti_BetterCheckpoints/trainer/train_led_trajectory_augment_input.py", line 487, in fit
    self.save_checkpoint(epoch + 1)
  File "/gpfs/home2/scur2440/MoTric/5_LED_Kitti_BetterCheckpoints/trainer/train_led_trajectory_augment_input.py", line 298, in save_checkpoint
    torch.save(checkpoint, ckpt_path)
  File "/home/scur2440/.conda/envs/led/lib/python3.7/site-packages/torch/serialization.py", line 424, in save
    return
  File "/home/scur2440/.conda/envs/led/lib/python3.7/site-packages/torch/serialization.py", line 290, in __exit__
    self.file_like.write_end_of_file()
RuntimeError: [enforce fail at inline_container.cc:325] . unexpected pos 99895296 vs 99895184
terminate called after throwing an instance of 'c10::Error'
  what():  [enforce fail at inline_container.cc:325] . unexpected pos 99895296 vs 99895184
frame #0: c10::ThrowEnforceNotMet(char const*, int, char const*, std::string const&, void const*) + 0x55 (0x154dbe48c2f5 in /home/scur2440/.conda/envs/led/lib/python3.7/site-packages/torch/lib/libc10.so)
frame #1: <unknown function> + 0x3cbbe2c (0x154dee77ae2c in /home/scur2440/.conda/envs/led/lib/python3.7/site-packages/torch/lib/libtorch_cpu.so)
frame #2: mz_zip_writer_add_mem_ex_v2 + 0x5c5 (0x154dee774775 in /home/scur2440/.conda/envs/led/lib/python3.7/site-packages/torch/lib/libtorch_cpu.so)
frame #3: caffe2::serialize::PyTorchStreamWriter::writeRecord(std::string const&, void const*, unsigned long, bool) + 0xb9 (0x154dee77c419 in /home/scur2440/.conda/envs/led/lib/python3.7/site-packages/torch/lib/libtorch_cpu.so)
frame #4: caffe2::serialize::PyTorchStreamWriter::writeEndOfFile() + 0x2c3 (0x154dee77c8e3 in /home/scur2440/.conda/envs/led/lib/python3.7/site-packages/torch/lib/libtorch_cpu.so)
frame #5: caffe2::serialize::PyTorchStreamWriter::~PyTorchStreamWriter() + 0x125 (0x154dee77cb55 in /home/scur2440/.conda/envs/led/lib/python3.7/site-packages/torch/lib/libtorch_cpu.so)
frame #6: <unknown function> + 0x84ecf5 (0x154e167dacf5 in /home/scur2440/.conda/envs/led/lib/python3.7/site-packages/torch/lib/libtorch_python.so)
frame #7: <unknown function> + 0x3e4272 (0x154e16370272 in /home/scur2440/.conda/envs/led/lib/python3.7/site-packages/torch/lib/libtorch_python.so)
frame #8: <unknown function> + 0x3e51af (0x154e163711af in /home/scur2440/.conda/envs/led/lib/python3.7/site-packages/torch/lib/libtorch_python.so)
frame #9: python() [0x4b0858]
frame #10: python() [0x4c5b50]
frame #11: python() [0x4c5b66]
frame #12: python() [0x4c5b66]
frame #13: python() [0x4c5b66]
frame #14: python() [0x4c5b66]
frame #15: python() [0x4946f7]
<omitting python frames>
frame #19: python() [0x53fc79]
frame #21: <unknown function> + 0x29590 (0x154e47281590 in /lib64/libc.so.6)
frame #22: __libc_start_main + 0x80 (0x154e47281640 in /lib64/libc.so.6)
frame #23: python() [0x53f9ee]

/var/spool/slurm/slurmd/job10533013/slurm_script: line 18: 966903 Aborted                 python main_led_nba.py --cfg 5_12_Newer_9D_Baseline --info 5_12_Newer_9D_Baseline --dataset newer

JOB STATISTICS
==============
Job ID: 10533013
Cluster: snellius
User/Group: scur2440/scur2440
State: FAILED (exit code 134)
Nodes: 1
Cores per node: 18
CPU Utilized: 00:06:06
CPU Efficiency: 5.71% of 01:46:48 core-walltime
Job Wall-clock time: 00:05:56
Memory Utilized: 2.82 GB
Memory Efficiency: 2.35% of 120.00 GB
