***************************************************************************************************** 
* WARNING: The 2022 software stack is deprecated. Please consider switching to
the latest 2024 * 
* software stack, or the older 2023 software stack. * 
* * 
* If you have any question, please contact us via
http://servicedesk.surfsara.nl. * 
***************************************************************************************************** 

Configuration:
description: LED
results_root_dir: results
dataset: newer
dimensions: 9
past_frames: 10
future_frames: 24
min_past_frames: 10
min_future_frames: 24
k_preds: 24
traj_mean: [14, 7.5]
traj_scale: 5
relative: True
normalised: False
overfitting: False
selected_trajectories: False
pretrained_core_denoising_model: ./results/checkpoints/base_diffusion_model.p
debug: False
diffusion: {'steps': 150, 'beta_start': 0.0001, 'beta_end': 0.05, 'beta_schedule': 'linear'}
lr: 0.001
train_batch_size: 32
test_batch_size: 32
num_epochs: 100
test_interval: 1
lr_scheduler: step
decay_step: 8
decay_gamma: 0.5

[INFO] NEWER dataset (1 agent).
Overfitting: False
file name & length /home/scur2440/MoTric/NewerCollege/collection1/ground_truth/tum_format/gt-nc-quad-easy.csv 58
file name & length /home/scur2440/MoTric/NewerCollege/collection1/ground_truth/tum_format/gt-nc-quad-medium.csv 56
file name & length /home/scur2440/MoTric/NewerCollege/collection1/ground_truth/tum_format/gt-nc-quad-hard.csv 50
file name & length /home/scur2440/MoTric/NewerCollege/collection1/ground_truth/tum_format/gt-nc-stairs.csv 35
file name & length /home/scur2440/MoTric/NewerCollege/collection2/ground_truth/tum_format/gt-nc-park.csv 461
file name & length /home/scur2440/MoTric/NewerCollege/collection3_maths/ground_truth/tum_format/gt_math_easy.csv 63
file name & length /home/scur2440/MoTric/NewerCollege/collection3_maths/ground_truth/tum_format/gt_math_medium.csv 52
file name & length /home/scur2440/MoTric/NewerCollege/collection3_maths/ground_truth/tum_format/gt_math_hard.csv 71
Time diff avg (fut): 2.26950
Len dataset: 676
Overfitting: False
file name & length /home/scur2440/MoTric/NewerCollege/collection1/ground_truth/tum_format/gt-nc-quad-easy.csv 58
file name & length /home/scur2440/MoTric/NewerCollege/collection1/ground_truth/tum_format/gt-nc-quad-medium.csv 56
file name & length /home/scur2440/MoTric/NewerCollege/collection1/ground_truth/tum_format/gt-nc-quad-hard.csv 50
file name & length /home/scur2440/MoTric/NewerCollege/collection1/ground_truth/tum_format/gt-nc-stairs.csv 35
file name & length /home/scur2440/MoTric/NewerCollege/collection2/ground_truth/tum_format/gt-nc-park.csv 461
file name & length /home/scur2440/MoTric/NewerCollege/collection3_maths/ground_truth/tum_format/gt_math_easy.csv 63
file name & length /home/scur2440/MoTric/NewerCollege/collection3_maths/ground_truth/tum_format/gt_math_medium.csv 52
file name & length /home/scur2440/MoTric/NewerCollege/collection3_maths/ground_truth/tum_format/gt_math_hard.csv 71
Time diff avg (fut): 2.26950
Len dataset: 846
[INFO] Now using random trajectory shuffling.

Train dataset:
Length: 676
Total x, y and z distances travelled: 2.07619, 2.14890, 0.36376
Euclidean dist diff avg: 3.24609
Still need to implement rotation statistics

Validation dataset:
Length: 846
Total x, y and z distances travelled: 2.06419, 2.19117, 0.36313
Euclidean dist diff avg: 3.26765
Still need to implement rotation statistics

[INFO] NEWER dataset - skip subtracting mean from absolute positions.
[INFO] Training from scratch - without pretrained models (Not NBA with frame standard configs)

[Core Denoising Model] Trainable/Total: 6630600/6630600
[Initialization Model] Trainable/Total: 9210833/9210833
[2025-03-24 18:38:01] Epoch: 0		Loss: 90.555912	Loss Translation.: 0.249416	Loss Rotation.: 1.425555	Combined Loss Dist.: 86.817165	Loss Uncertainty: 3.738746
--ADE (5 time steps): 0.3483	--FDE (5 time steps): 0.3067
--ADE (10 time steps): 0.4192	--FDE (10 time steps): 0.4134
--ADE (15 time steps): 0.5130	--FDE (15 time steps): 0.5507
--ADE (20 time steps): 0.6243	--FDE (20 time steps): 0.8064
[INFO] Checkpoint saved to ./results/5_15_Newer_9D_Baseline_SelectedTrajs/5_15_Newer_9D_Baseline_SelectedTrajs/models/checkpoint_epoch_1.pth
[2025-03-24 18:38:08] Epoch: 1		Loss: 69.950180	Loss Translation.: 0.100658	Loss Rotation.: 1.219217	Combined Loss Dist.: 67.153225	Loss Uncertainty: 2.796954
--ADE (5 time steps): 0.2344	--FDE (5 time steps): 0.2098
--ADE (10 time steps): 0.2936	--FDE (10 time steps): 0.3234
--ADE (15 time steps): 0.3401	--FDE (15 time steps): 0.4208
--ADE (20 time steps): 0.4067	--FDE (20 time steps): 0.6357
[INFO] Checkpoint saved to ./results/5_15_Newer_9D_Baseline_SelectedTrajs/5_15_Newer_9D_Baseline_SelectedTrajs/models/checkpoint_epoch_2.pth
[2025-03-24 18:38:15] Epoch: 2		Loss: 66.776042	Loss Translation.: 0.077264	Loss Rotation.: 1.186004	Combined Loss Dist.: 64.140354	Loss Uncertainty: 2.635687
--ADE (5 time steps): 0.2111	--FDE (5 time steps): 0.2174
--ADE (10 time steps): 0.2770	--FDE (10 time steps): 0.2889
--ADE (15 time steps): 0.3410	--FDE (15 time steps): 0.4307
--ADE (20 time steps): 0.4034	--FDE (20 time steps): 0.5632
[INFO] Checkpoint saved to ./results/5_15_Newer_9D_Baseline_SelectedTrajs/5_15_Newer_9D_Baseline_SelectedTrajs/models/checkpoint_epoch_3.pth
[2025-03-24 18:38:21] Epoch: 3		Loss: 65.353401	Loss Translation.: 0.080502	Loss Rotation.: 1.157026	Combined Loss Dist.: 62.814839	Loss Uncertainty: 2.538562
--ADE (5 time steps): 0.2327	--FDE (5 time steps): 0.2389
--ADE (10 time steps): 0.2952	--FDE (10 time steps): 0.3083
--ADE (15 time steps): 0.3532	--FDE (15 time steps): 0.4355
--ADE (20 time steps): 0.4142	--FDE (20 time steps): 0.5431
[INFO] Checkpoint saved to ./results/5_15_Newer_9D_Baseline_SelectedTrajs/5_15_Newer_9D_Baseline_SelectedTrajs/models/checkpoint_epoch_4.pth
[2025-03-24 18:38:28] Epoch: 4		Loss: 64.024429	Loss Translation.: 0.073772	Loss Rotation.: 1.138275	Combined Loss Dist.: 61.532193	Loss Uncertainty: 2.492236
--ADE (5 time steps): 0.1976	--FDE (5 time steps): 0.1736
--ADE (10 time steps): 0.2594	--FDE (10 time steps): 0.2897
--ADE (15 time steps): 0.3287	--FDE (15 time steps): 0.4370
--ADE (20 time steps): 0.4010	--FDE (20 time steps): 0.5855
[INFO] Checkpoint saved to ./results/5_15_Newer_9D_Baseline_SelectedTrajs/5_15_Newer_9D_Baseline_SelectedTrajs/models/checkpoint_epoch_5.pth
[2025-03-24 18:38:34] Epoch: 5		Loss: 62.691648	Loss Translation.: 0.069519	Loss Rotation.: 1.116986	Combined Loss Dist.: 60.235795	Loss Uncertainty: 2.455852
--ADE (5 time steps): 0.1695	--FDE (5 time steps): 0.1332
--ADE (10 time steps): 0.2095	--FDE (10 time steps): 0.2155
--ADE (15 time steps): 0.2567	--FDE (15 time steps): 0.3223
--ADE (20 time steps): 0.3038	--FDE (20 time steps): 0.3997
[INFO] Checkpoint saved to ./results/5_15_Newer_9D_Baseline_SelectedTrajs/5_15_Newer_9D_Baseline_SelectedTrajs/models/checkpoint_epoch_6.pth
[2025-03-24 18:38:41] Epoch: 6		Loss: 61.409764	Loss Translation.: 0.061247	Loss Rotation.: 1.101895	Combined Loss Dist.: 58.999643	Loss Uncertainty: 2.410121
--ADE (5 time steps): 0.1736	--FDE (5 time steps): 0.1631
--ADE (10 time steps): 0.2131	--FDE (10 time steps): 0.2261
--ADE (15 time steps): 0.2694	--FDE (15 time steps): 0.3739
--ADE (20 time steps): 0.3385	--FDE (20 time steps): 0.4473
[INFO] Checkpoint saved to ./results/5_15_Newer_9D_Baseline_SelectedTrajs/5_15_Newer_9D_Baseline_SelectedTrajs/models/checkpoint_epoch_7.pth
[2025-03-24 18:38:48] Epoch: 7		Loss: 60.706471	Loss Translation.: 0.062472	Loss Rotation.: 1.087978	Combined Loss Dist.: 58.353271	Loss Uncertainty: 2.353200
--ADE (5 time steps): 0.1799	--FDE (5 time steps): 0.1485
--ADE (10 time steps): 0.2222	--FDE (10 time steps): 0.2555
--ADE (15 time steps): 0.2701	--FDE (15 time steps): 0.3542
--ADE (20 time steps): 0.3212	--FDE (20 time steps): 0.4064
[INFO] Checkpoint saved to ./results/5_15_Newer_9D_Baseline_SelectedTrajs/5_15_Newer_9D_Baseline_SelectedTrajs/models/checkpoint_epoch_8.pth
[2025-03-24 18:38:54] Epoch: 8		Loss: 58.690977	Loss Translation.: 0.051972	Loss Rotation.: 1.062133	Combined Loss Dist.: 56.392144	Loss Uncertainty: 2.298833
--ADE (5 time steps): 0.1338	--FDE (5 time steps): 0.1234
--ADE (10 time steps): 0.1689	--FDE (10 time steps): 0.1851
--ADE (15 time steps): 0.2104	--FDE (15 time steps): 0.2642
--ADE (20 time steps): 0.2560	--FDE (20 time steps): 0.3580
[INFO] Checkpoint saved to ./results/5_15_Newer_9D_Baseline_SelectedTrajs/5_15_Newer_9D_Baseline_SelectedTrajs/models/checkpoint_epoch_9.pth
[2025-03-24 18:39:01] Epoch: 9		Loss: 57.293276	Loss Translation.: 0.048017	Loss Rotation.: 1.042160	Combined Loss Dist.: 55.040145	Loss Uncertainty: 2.253131
--ADE (5 time steps): 0.1272	--FDE (5 time steps): 0.1205
--ADE (10 time steps): 0.1659	--FDE (10 time steps): 0.1830
--ADE (15 time steps): 0.2039	--FDE (15 time steps): 0.2523
--ADE (20 time steps): 0.2470	--FDE (20 time steps): 0.3475
[INFO] Checkpoint saved to ./results/5_15_Newer_9D_Baseline_SelectedTrajs/5_15_Newer_9D_Baseline_SelectedTrajs/models/checkpoint_epoch_10.pth
[2025-03-24 18:39:07] Epoch: 10		Loss: 56.670495	Loss Translation.: 0.047417	Loss Rotation.: 1.030755	Combined Loss Dist.: 54.463844	Loss Uncertainty: 2.206651
--ADE (5 time steps): 0.1261	--FDE (5 time steps): 0.1207
--ADE (10 time steps): 0.1678	--FDE (10 time steps): 0.1991
--ADE (15 time steps): 0.2086	--FDE (15 time steps): 0.2937
--ADE (20 time steps): 0.2555	--FDE (20 time steps): 0.3797
[INFO] Checkpoint saved to ./results/5_15_Newer_9D_Baseline_SelectedTrajs/5_15_Newer_9D_Baseline_SelectedTrajs/models/checkpoint_epoch_11.pth
[2025-03-24 18:39:14] Epoch: 11		Loss: 56.011913	Loss Translation.: 0.047339	Loss Rotation.: 1.017991	Combined Loss Dist.: 53.843620	Loss Uncertainty: 2.168292
--ADE (5 time steps): 0.1229	--FDE (5 time steps): 0.1179
--ADE (10 time steps): 0.1677	--FDE (10 time steps): 0.2037
--ADE (15 time steps): 0.2120	--FDE (15 time steps): 0.3020
--ADE (20 time steps): 0.2656	--FDE (20 time steps): 0.4159
[INFO] Checkpoint saved to ./results/5_15_Newer_9D_Baseline_SelectedTrajs/5_15_Newer_9D_Baseline_SelectedTrajs/models/checkpoint_epoch_12.pth
[2025-03-24 18:39:21] Epoch: 12		Loss: 55.139679	Loss Translation.: 0.045366	Loss Rotation.: 1.005048	Combined Loss Dist.: 53.013737	Loss Uncertainty: 2.125943
--ADE (5 time steps): 0.1247	--FDE (5 time steps): 0.1189
--ADE (10 time steps): 0.1682	--FDE (10 time steps): 0.2071
--ADE (15 time steps): 0.2155	--FDE (15 time steps): 0.3018
--ADE (20 time steps): 0.2698	--FDE (20 time steps): 0.4238
[INFO] Checkpoint saved to ./results/5_15_Newer_9D_Baseline_SelectedTrajs/5_15_Newer_9D_Baseline_SelectedTrajs/models/checkpoint_epoch_13.pth
[2025-03-24 18:39:27] Epoch: 13		Loss: 54.802835	Loss Translation.: 0.047457	Loss Rotation.: 0.995213	Combined Loss Dist.: 52.714722	Loss Uncertainty: 2.088113
--ADE (5 time steps): 0.1282	--FDE (5 time steps): 0.1134
--ADE (10 time steps): 0.1660	--FDE (10 time steps): 0.1919
--ADE (15 time steps): 0.2071	--FDE (15 time steps): 0.2753
--ADE (20 time steps): 0.2540	--FDE (20 time steps): 0.3763
[INFO] Checkpoint saved to ./results/5_15_Newer_9D_Baseline_SelectedTrajs/5_15_Newer_9D_Baseline_SelectedTrajs/models/checkpoint_epoch_14.pth
[2025-03-24 18:39:34] Epoch: 14		Loss: 54.375732	Loss Translation.: 0.046405	Loss Rotation.: 0.989200	Combined Loss Dist.: 52.322873	Loss Uncertainty: 2.052858
--ADE (5 time steps): 0.1279	--FDE (5 time steps): 0.1155
--ADE (10 time steps): 0.1698	--FDE (10 time steps): 0.1906
--ADE (15 time steps): 0.2149	--FDE (15 time steps): 0.2927
--ADE (20 time steps): 0.2667	--FDE (20 time steps): 0.3914
[INFO] Checkpoint saved to ./results/5_15_Newer_9D_Baseline_SelectedTrajs/5_15_Newer_9D_Baseline_SelectedTrajs/models/checkpoint_epoch_15.pth
[2025-03-24 18:39:40] Epoch: 15		Loss: 54.038141	Loss Translation.: 0.047243	Loss Rotation.: 0.982705	Combined Loss Dist.: 52.020597	Loss Uncertainty: 2.017544
--ADE (5 time steps): 0.1263	--FDE (5 time steps): 0.1190
--ADE (10 time steps): 0.1685	--FDE (10 time steps): 0.1952
--ADE (15 time steps): 0.2116	--FDE (15 time steps): 0.2743
--ADE (20 time steps): 0.2572	--FDE (20 time steps): 0.3645
[INFO] Checkpoint saved to ./results/5_15_Newer_9D_Baseline_SelectedTrajs/5_15_Newer_9D_Baseline_SelectedTrajs/models/checkpoint_epoch_16.pth
[2025-03-24 18:39:47] Epoch: 16		Loss: 52.919518	Loss Translation.: 0.044757	Loss Rotation.: 0.963357	Combined Loss Dist.: 50.926169	Loss Uncertainty: 1.993350
--ADE (5 time steps): 0.1148	--FDE (5 time steps): 0.1116
--ADE (10 time steps): 0.1504	--FDE (10 time steps): 0.1700
--ADE (15 time steps): 0.1904	--FDE (15 time steps): 0.2651
--ADE (20 time steps): 0.2327	--FDE (20 time steps): 0.3434
[INFO] Checkpoint saved to ./results/5_15_Newer_9D_Baseline_SelectedTrajs/5_15_Newer_9D_Baseline_SelectedTrajs/models/checkpoint_epoch_17.pth
[2025-03-24 18:39:53] Epoch: 17		Loss: 51.880254	Loss Translation.: 0.040234	Loss Rotation.: 0.949523	Combined Loss Dist.: 49.906504	Loss Uncertainty: 1.973750
--ADE (5 time steps): 0.1037	--FDE (5 time steps): 0.0952
--ADE (10 time steps): 0.1359	--FDE (10 time steps): 0.1519
--ADE (15 time steps): 0.1689	--FDE (15 time steps): 0.2249
--ADE (20 time steps): 0.2084	--FDE (20 time steps): 0.3115
[INFO] Checkpoint saved to ./results/5_15_Newer_9D_Baseline_SelectedTrajs/5_15_Newer_9D_Baseline_SelectedTrajs/models/checkpoint_epoch_18.pth
[2025-03-24 18:40:00] Epoch: 18		Loss: 50.995018	Loss Translation.: 0.037384	Loss Rotation.: 0.936416	Combined Loss Dist.: 49.041911	Loss Uncertainty: 1.953107
--ADE (5 time steps): 0.1089	--FDE (5 time steps): 0.1040
--ADE (10 time steps): 0.1432	--FDE (10 time steps): 0.1636
--ADE (15 time steps): 0.1802	--FDE (15 time steps): 0.2517
--ADE (20 time steps): 0.2252	--FDE (20 time steps): 0.3412
[INFO] Checkpoint saved to ./results/5_15_Newer_9D_Baseline_SelectedTrajs/5_15_Newer_9D_Baseline_SelectedTrajs/models/checkpoint_epoch_19.pth
[2025-03-24 18:40:07] Epoch: 19		Loss: 50.484514	Loss Translation.: 0.038498	Loss Rotation.: 0.925448	Combined Loss Dist.: 48.551113	Loss Uncertainty: 1.933402
--ADE (5 time steps): 0.1130	--FDE (5 time steps): 0.1079
--ADE (10 time steps): 0.1438	--FDE (10 time steps): 0.1659
--ADE (15 time steps): 0.1799	--FDE (15 time steps): 0.2467
--ADE (20 time steps): 0.2215	--FDE (20 time steps): 0.3316
[INFO] Checkpoint saved to ./results/5_15_Newer_9D_Baseline_SelectedTrajs/5_15_Newer_9D_Baseline_SelectedTrajs/models/checkpoint_epoch_20.pth
[2025-03-24 18:40:13] Epoch: 20		Loss: 49.768721	Loss Translation.: 0.038362	Loss Rotation.: 0.912318	Combined Loss Dist.: 47.853388	Loss Uncertainty: 1.915333
--ADE (5 time steps): 0.1096	--FDE (5 time steps): 0.1007
--ADE (10 time steps): 0.1420	--FDE (10 time steps): 0.1609
--ADE (15 time steps): 0.1777	--FDE (15 time steps): 0.2458
--ADE (20 time steps): 0.2198	--FDE (20 time steps): 0.3285
[INFO] Checkpoint saved to ./results/5_15_Newer_9D_Baseline_SelectedTrajs/5_15_Newer_9D_Baseline_SelectedTrajs/models/checkpoint_epoch_21.pth
[2025-03-24 18:40:20] Epoch: 21		Loss: 49.173181	Loss Translation.: 0.037853	Loss Rotation.: 0.900888	Combined Loss Dist.: 47.273635	Loss Uncertainty: 1.899545
--ADE (5 time steps): 0.1155	--FDE (5 time steps): 0.1118
--ADE (10 time steps): 0.1469	--FDE (10 time steps): 0.1735
--ADE (15 time steps): 0.1850	--FDE (15 time steps): 0.2688
--ADE (20 time steps): 0.2323	--FDE (20 time steps): 0.3583
[INFO] Checkpoint saved to ./results/5_15_Newer_9D_Baseline_SelectedTrajs/5_15_Newer_9D_Baseline_SelectedTrajs/models/checkpoint_epoch_22.pth
[2025-03-24 18:40:26] Epoch: 22		Loss: 48.816978	Loss Translation.: 0.038441	Loss Rotation.: 0.893708	Combined Loss Dist.: 46.933009	Loss Uncertainty: 1.883970
--ADE (5 time steps): 0.1219	--FDE (5 time steps): 0.1107
--ADE (10 time steps): 0.1518	--FDE (10 time steps): 0.1681
--ADE (15 time steps): 0.1859	--FDE (15 time steps): 0.2466
--ADE (20 time steps): 0.2255	--FDE (20 time steps): 0.3166
[INFO] Checkpoint saved to ./results/5_15_Newer_9D_Baseline_SelectedTrajs/5_15_Newer_9D_Baseline_SelectedTrajs/models/checkpoint_epoch_23.pth
[2025-03-24 18:40:33] Epoch: 23		Loss: 48.347329	Loss Translation.: 0.037372	Loss Rotation.: 0.886453	Combined Loss Dist.: 46.474159	Loss Uncertainty: 1.873170
--ADE (5 time steps): 0.1136	--FDE (5 time steps): 0.1050
--ADE (10 time steps): 0.1461	--FDE (10 time steps): 0.1622
--ADE (15 time steps): 0.1837	--FDE (15 time steps): 0.2618
--ADE (20 time steps): 0.2261	--FDE (20 time steps): 0.3319
[INFO] Checkpoint saved to ./results/5_15_Newer_9D_Baseline_SelectedTrajs/5_15_Newer_9D_Baseline_SelectedTrajs/models/checkpoint_epoch_24.pth
[2025-03-24 18:40:39] Epoch: 24		Loss: 47.632672	Loss Translation.: 0.036913	Loss Rotation.: 0.873276	Combined Loss Dist.: 45.769372	Loss Uncertainty: 1.863299
--ADE (5 time steps): 0.1123	--FDE (5 time steps): 0.1019
--ADE (10 time steps): 0.1459	--FDE (10 time steps): 0.1664
--ADE (15 time steps): 0.1804	--FDE (15 time steps): 0.2401
--ADE (20 time steps): 0.2197	--FDE (20 time steps): 0.3223
[INFO] Checkpoint saved to ./results/5_15_Newer_9D_Baseline_SelectedTrajs/5_15_Newer_9D_Baseline_SelectedTrajs/models/checkpoint_epoch_25.pth
[2025-03-24 18:40:46] Epoch: 25		Loss: 47.181574	Loss Translation.: 0.035663	Loss Rotation.: 0.865671	Combined Loss Dist.: 45.324016	Loss Uncertainty: 1.857558
--ADE (5 time steps): 0.1099	--FDE (5 time steps): 0.1030
--ADE (10 time steps): 0.1419	--FDE (10 time steps): 0.1625
--ADE (15 time steps): 0.1776	--FDE (15 time steps): 0.2416
--ADE (20 time steps): 0.2187	--FDE (20 time steps): 0.3290
[INFO] Checkpoint saved to ./results/5_15_Newer_9D_Baseline_SelectedTrajs/5_15_Newer_9D_Baseline_SelectedTrajs/models/checkpoint_epoch_26.pth
[2025-03-24 18:40:53] Epoch: 26		Loss: 47.300122	Loss Translation.: 0.035317	Loss Rotation.: 0.868544	Combined Loss Dist.: 45.448391	Loss Uncertainty: 1.851730
--ADE (5 time steps): 0.1080	--FDE (5 time steps): 0.1000
--ADE (10 time steps): 0.1380	--FDE (10 time steps): 0.1505
--ADE (15 time steps): 0.1719	--FDE (15 time steps): 0.2292
--ADE (20 time steps): 0.2108	--FDE (20 time steps): 0.3083
[INFO] Checkpoint saved to ./results/5_15_Newer_9D_Baseline_SelectedTrajs/5_15_Newer_9D_Baseline_SelectedTrajs/models/checkpoint_epoch_27.pth
[2025-03-24 18:40:59] Epoch: 27		Loss: 47.158511	Loss Translation.: 0.035096	Loss Rotation.: 0.865659	Combined Loss Dist.: 45.314255	Loss Uncertainty: 1.844255
--ADE (5 time steps): 0.1082	--FDE (5 time steps): 0.1020
--ADE (10 time steps): 0.1374	--FDE (10 time steps): 0.1470
--ADE (15 time steps): 0.1707	--FDE (15 time steps): 0.2331
--ADE (20 time steps): 0.2100	--FDE (20 time steps): 0.3134
[INFO] Checkpoint saved to ./results/5_15_Newer_9D_Baseline_SelectedTrajs/5_15_Newer_9D_Baseline_SelectedTrajs/models/checkpoint_epoch_28.pth
[2025-03-24 18:41:06] Epoch: 28		Loss: 46.448874	Loss Translation.: 0.034140	Loss Rotation.: 0.853445	Combined Loss Dist.: 44.611097	Loss Uncertainty: 1.837777
--ADE (5 time steps): 0.1069	--FDE (5 time steps): 0.1007
--ADE (10 time steps): 0.1363	--FDE (10 time steps): 0.1455
--ADE (15 time steps): 0.1694	--FDE (15 time steps): 0.2312
--ADE (20 time steps): 0.2088	--FDE (20 time steps): 0.3080
[INFO] Checkpoint saved to ./results/5_15_Newer_9D_Baseline_SelectedTrajs/5_15_Newer_9D_Baseline_SelectedTrajs/models/checkpoint_epoch_29.pth
[2025-03-24 18:41:12] Epoch: 29		Loss: 45.860524	Loss Translation.: 0.033852	Loss Rotation.: 0.842162	Combined Loss Dist.: 44.029396	Loss Uncertainty: 1.831128
--ADE (5 time steps): 0.1092	--FDE (5 time steps): 0.1014
--ADE (10 time steps): 0.1389	--FDE (10 time steps): 0.1479
--ADE (15 time steps): 0.1719	--FDE (15 time steps): 0.2324
--ADE (20 time steps): 0.2112	--FDE (20 time steps): 0.3097
[INFO] Checkpoint saved to ./results/5_15_Newer_9D_Baseline_SelectedTrajs/5_15_Newer_9D_Baseline_SelectedTrajs/models/checkpoint_epoch_30.pth
[2025-03-24 18:41:19] Epoch: 30		Loss: 45.376547	Loss Translation.: 0.033445	Loss Rotation.: 0.833091	Combined Loss Dist.: 43.549994	Loss Uncertainty: 1.826553
--ADE (5 time steps): 0.1082	--FDE (5 time steps): 0.1018
--ADE (10 time steps): 0.1385	--FDE (10 time steps): 0.1504
--ADE (15 time steps): 0.1715	--FDE (15 time steps): 0.2299
--ADE (20 time steps): 0.2103	--FDE (20 time steps): 0.3087
[INFO] Checkpoint saved to ./results/5_15_Newer_9D_Baseline_SelectedTrajs/5_15_Newer_9D_Baseline_SelectedTrajs/models/checkpoint_epoch_31.pth
[2025-03-24 18:41:25] Epoch: 31		Loss: 44.983292	Loss Translation.: 0.033742	Loss Rotation.: 0.825000	Combined Loss Dist.: 43.165926	Loss Uncertainty: 1.817366
--ADE (5 time steps): 0.1101	--FDE (5 time steps): 0.1039
--ADE (10 time steps): 0.1409	--FDE (10 time steps): 0.1523
--ADE (15 time steps): 0.1744	--FDE (15 time steps): 0.2304
--ADE (20 time steps): 0.2134	--FDE (20 time steps): 0.3105
[INFO] Checkpoint saved to ./results/5_15_Newer_9D_Baseline_SelectedTrajs/5_15_Newer_9D_Baseline_SelectedTrajs/models/checkpoint_epoch_32.pth
[2025-03-24 18:41:32] Epoch: 32		Loss: 44.611822	Loss Translation.: 0.033108	Loss Rotation.: 0.818814	Combined Loss Dist.: 42.800438	Loss Uncertainty: 1.811383
--ADE (5 time steps): 0.1081	--FDE (5 time steps): 0.1035
--ADE (10 time steps): 0.1372	--FDE (10 time steps): 0.1526
--ADE (15 time steps): 0.1716	--FDE (15 time steps): 0.2345
--ADE (20 time steps): 0.2115	--FDE (20 time steps): 0.3144
[INFO] Checkpoint saved to ./results/5_15_Newer_9D_Baseline_SelectedTrajs/5_15_Newer_9D_Baseline_SelectedTrajs/models/checkpoint_epoch_33.pth
[2025-03-24 18:41:38] Epoch: 33		Loss: 44.626240	Loss Translation.: 0.032524	Loss Rotation.: 0.820064	Combined Loss Dist.: 42.817066	Loss Uncertainty: 1.809174
--ADE (5 time steps): 0.1064	--FDE (5 time steps): 0.1030
--ADE (10 time steps): 0.1362	--FDE (10 time steps): 0.1526
--ADE (15 time steps): 0.1709	--FDE (15 time steps): 0.2350
--ADE (20 time steps): 0.2109	--FDE (20 time steps): 0.3163
[INFO] Checkpoint saved to ./results/5_15_Newer_9D_Baseline_SelectedTrajs/5_15_Newer_9D_Baseline_SelectedTrajs/models/checkpoint_epoch_34.pth
[2025-03-24 18:41:45] Epoch: 34		Loss: 44.133456	Loss Translation.: 0.032013	Loss Rotation.: 0.810916	Combined Loss Dist.: 42.329149	Loss Uncertainty: 1.804308
--ADE (5 time steps): 0.1060	--FDE (5 time steps): 0.1012
--ADE (10 time steps): 0.1361	--FDE (10 time steps): 0.1516
--ADE (15 time steps): 0.1705	--FDE (15 time steps): 0.2335
--ADE (20 time steps): 0.2110	--FDE (20 time steps): 0.3180
[INFO] Checkpoint saved to ./results/5_15_Newer_9D_Baseline_SelectedTrajs/5_15_Newer_9D_Baseline_SelectedTrajs/models/checkpoint_epoch_35.pth
[2025-03-24 18:41:52] Epoch: 35		Loss: 43.746583	Loss Translation.: 0.031555	Loss Rotation.: 0.803815	Combined Loss Dist.: 41.946498	Loss Uncertainty: 1.800085
--ADE (5 time steps): 0.1060	--FDE (5 time steps): 0.1012
--ADE (10 time steps): 0.1360	--FDE (10 time steps): 0.1518
--ADE (15 time steps): 0.1705	--FDE (15 time steps): 0.2326
--ADE (20 time steps): 0.2109	--FDE (20 time steps): 0.3160
[INFO] Checkpoint saved to ./results/5_15_Newer_9D_Baseline_SelectedTrajs/5_15_Newer_9D_Baseline_SelectedTrajs/models/checkpoint_epoch_36.pth
[2025-03-24 18:41:58] Epoch: 36		Loss: 43.435581	Loss Translation.: 0.031361	Loss Rotation.: 0.797926	Combined Loss Dist.: 41.640400	Loss Uncertainty: 1.795180
--ADE (5 time steps): 0.1061	--FDE (5 time steps): 0.1011
--ADE (10 time steps): 0.1368	--FDE (10 time steps): 0.1529
--ADE (15 time steps): 0.1715	--FDE (15 time steps): 0.2330
--ADE (20 time steps): 0.2116	--FDE (20 time steps): 0.3161
[INFO] Checkpoint saved to ./results/5_15_Newer_9D_Baseline_SelectedTrajs/5_15_Newer_9D_Baseline_SelectedTrajs/models/checkpoint_epoch_37.pth
[2025-03-24 18:42:05] Epoch: 37		Loss: 43.187549	Loss Translation.: 0.031107	Loss Rotation.: 0.793365	Combined Loss Dist.: 41.397944	Loss Uncertainty: 1.789605
--ADE (5 time steps): 0.1069	--FDE (5 time steps): 0.1014
--ADE (10 time steps): 0.1373	--FDE (10 time steps): 0.1516
--ADE (15 time steps): 0.1713	--FDE (15 time steps): 0.2324
--ADE (20 time steps): 0.2109	--FDE (20 time steps): 0.3136
[INFO] Checkpoint saved to ./results/5_15_Newer_9D_Baseline_SelectedTrajs/5_15_Newer_9D_Baseline_SelectedTrajs/models/checkpoint_epoch_38.pth
[2025-03-24 18:42:11] Epoch: 38		Loss: 43.068697	Loss Translation.: 0.031275	Loss Rotation.: 0.790951	Combined Loss Dist.: 41.283378	Loss Uncertainty: 1.785319
--ADE (5 time steps): 0.1057	--FDE (5 time steps): 0.0986
--ADE (10 time steps): 0.1360	--FDE (10 time steps): 0.1483
--ADE (15 time steps): 0.1696	--FDE (15 time steps): 0.2294
--ADE (20 time steps): 0.2083	--FDE (20 time steps): 0.3080
[INFO] Checkpoint saved to ./results/5_15_Newer_9D_Baseline_SelectedTrajs/5_15_Newer_9D_Baseline_SelectedTrajs/models/checkpoint_epoch_39.pth
[2025-03-24 18:42:18] Epoch: 39		Loss: 42.946437	Loss Translation.: 0.031343	Loss Rotation.: 0.788433	Combined Loss Dist.: 41.164914	Loss Uncertainty: 1.781523
--ADE (5 time steps): 0.1062	--FDE (5 time steps): 0.0982
--ADE (10 time steps): 0.1362	--FDE (10 time steps): 0.1480
--ADE (15 time steps): 0.1696	--FDE (15 time steps): 0.2281
--ADE (20 time steps): 0.2082	--FDE (20 time steps): 0.3033
[INFO] Checkpoint saved to ./results/5_15_Newer_9D_Baseline_SelectedTrajs/5_15_Newer_9D_Baseline_SelectedTrajs/models/checkpoint_epoch_40.pth
[2025-03-24 18:42:25] Epoch: 40		Loss: 42.816841	Loss Translation.: 0.031019	Loss Rotation.: 0.786305	Combined Loss Dist.: 41.038885	Loss Uncertainty: 1.777956
--ADE (5 time steps): 0.1056	--FDE (5 time steps): 0.0974
--ADE (10 time steps): 0.1349	--FDE (10 time steps): 0.1479
--ADE (15 time steps): 0.1686	--FDE (15 time steps): 0.2282
--ADE (20 time steps): 0.2075	--FDE (20 time steps): 0.3059
[INFO] Checkpoint saved to ./results/5_15_Newer_9D_Baseline_SelectedTrajs/5_15_Newer_9D_Baseline_SelectedTrajs/models/checkpoint_epoch_41.pth
[2025-03-24 18:42:31] Epoch: 41		Loss: 42.693469	Loss Translation.: 0.030477	Loss Rotation.: 0.784797	Combined Loss Dist.: 40.918179	Loss Uncertainty: 1.775290
--ADE (5 time steps): 0.1040	--FDE (5 time steps): 0.0957
--ADE (10 time steps): 0.1327	--FDE (10 time steps): 0.1441
--ADE (15 time steps): 0.1651	--FDE (15 time steps): 0.2212
--ADE (20 time steps): 0.2037	--FDE (20 time steps): 0.2983
[INFO] Checkpoint saved to ./results/5_15_Newer_9D_Baseline_SelectedTrajs/5_15_Newer_9D_Baseline_SelectedTrajs/models/checkpoint_epoch_42.pth
[2025-03-24 18:42:38] Epoch: 42		Loss: 42.297570	Loss Translation.: 0.029979	Loss Rotation.: 0.777546	Combined Loss Dist.: 40.524933	Loss Uncertainty: 1.772638
--ADE (5 time steps): 0.1045	--FDE (5 time steps): 0.0961
--ADE (10 time steps): 0.1332	--FDE (10 time steps): 0.1440
--ADE (15 time steps): 0.1658	--FDE (15 time steps): 0.2221
--ADE (20 time steps): 0.2044	--FDE (20 time steps): 0.2999
[INFO] Checkpoint saved to ./results/5_15_Newer_9D_Baseline_SelectedTrajs/5_15_Newer_9D_Baseline_SelectedTrajs/models/checkpoint_epoch_43.pth
[2025-03-24 18:42:44] Epoch: 43		Loss: 42.078725	Loss Translation.: 0.029757	Loss Rotation.: 0.773436	Combined Loss Dist.: 40.308164	Loss Uncertainty: 1.770560
--ADE (5 time steps): 0.1049	--FDE (5 time steps): 0.0962
--ADE (10 time steps): 0.1338	--FDE (10 time steps): 0.1445
--ADE (15 time steps): 0.1667	--FDE (15 time steps): 0.2233
--ADE (20 time steps): 0.2052	--FDE (20 time steps): 0.3009
[INFO] Checkpoint saved to ./results/5_15_Newer_9D_Baseline_SelectedTrajs/5_15_Newer_9D_Baseline_SelectedTrajs/models/checkpoint_epoch_44.pth
[2025-03-24 18:42:51] Epoch: 44		Loss: 41.920439	Loss Translation.: 0.029667	Loss Rotation.: 0.770438	Combined Loss Dist.: 40.152476	Loss Uncertainty: 1.767963
--ADE (5 time steps): 0.1054	--FDE (5 time steps): 0.0974
--ADE (10 time steps): 0.1344	--FDE (10 time steps): 0.1448
--ADE (15 time steps): 0.1675	--FDE (15 time steps): 0.2248
--ADE (20 time steps): 0.2059	--FDE (20 time steps): 0.3033
[INFO] Checkpoint saved to ./results/5_15_Newer_9D_Baseline_SelectedTrajs/5_15_Newer_9D_Baseline_SelectedTrajs/models/checkpoint_epoch_45.pth
[2025-03-24 18:42:57] Epoch: 45		Loss: 41.788258	Loss Translation.: 0.029616	Loss Rotation.: 0.767942	Combined Loss Dist.: 40.023033	Loss Uncertainty: 1.765225
--ADE (5 time steps): 0.1056	--FDE (5 time steps): 0.0974
--ADE (10 time steps): 0.1349	--FDE (10 time steps): 0.1453
--ADE (15 time steps): 0.1687	--FDE (15 time steps): 0.2272
--ADE (20 time steps): 0.2074	--FDE (20 time steps): 0.3063
[INFO] Checkpoint saved to ./results/5_15_Newer_9D_Baseline_SelectedTrajs/5_15_Newer_9D_Baseline_SelectedTrajs/models/checkpoint_epoch_46.pth
[2025-03-24 18:43:04] Epoch: 46		Loss: 41.680276	Loss Translation.: 0.029524	Loss Rotation.: 0.765914	Combined Loss Dist.: 39.917836	Loss Uncertainty: 1.762441
--ADE (5 time steps): 0.1057	--FDE (5 time steps): 0.0986
--ADE (10 time steps): 0.1348	--FDE (10 time steps): 0.1457
--ADE (15 time steps): 0.1688	--FDE (15 time steps): 0.2285
--ADE (20 time steps): 0.2078	--FDE (20 time steps): 0.3075
[INFO] Checkpoint saved to ./results/5_15_Newer_9D_Baseline_SelectedTrajs/5_15_Newer_9D_Baseline_SelectedTrajs/models/checkpoint_epoch_47.pth
[2025-03-24 18:43:10] Epoch: 47		Loss: 41.564332	Loss Translation.: 0.029588	Loss Rotation.: 0.763616	Combined Loss Dist.: 39.804449	Loss Uncertainty: 1.759882
--ADE (5 time steps): 0.1055	--FDE (5 time steps): 0.0977
--ADE (10 time steps): 0.1347	--FDE (10 time steps): 0.1452
--ADE (15 time steps): 0.1682	--FDE (15 time steps): 0.2270
--ADE (20 time steps): 0.2070	--FDE (20 time steps): 0.3065
[INFO] Checkpoint saved to ./results/5_15_Newer_9D_Baseline_SelectedTrajs/5_15_Newer_9D_Baseline_SelectedTrajs/models/checkpoint_epoch_48.pth
[2025-03-24 18:43:17] Epoch: 48		Loss: 41.406885	Loss Translation.: 0.029492	Loss Rotation.: 0.760694	Combined Loss Dist.: 39.649141	Loss Uncertainty: 1.757744
--ADE (5 time steps): 0.1047	--FDE (5 time steps): 0.0967
--ADE (10 time steps): 0.1334	--FDE (10 time steps): 0.1434
--ADE (15 time steps): 0.1659	--FDE (15 time steps): 0.2207
--ADE (20 time steps): 0.2046	--FDE (20 time steps): 0.2998
[INFO] Checkpoint saved to ./results/5_15_Newer_9D_Baseline_SelectedTrajs/5_15_Newer_9D_Baseline_SelectedTrajs/models/checkpoint_epoch_49.pth
[2025-03-24 18:43:24] Epoch: 49		Loss: 41.317110	Loss Translation.: 0.029219	Loss Rotation.: 0.759245	Combined Loss Dist.: 39.560458	Loss Uncertainty: 1.756652
--ADE (5 time steps): 0.1048	--FDE (5 time steps): 0.0968
--ADE (10 time steps): 0.1336	--FDE (10 time steps): 0.1439
--ADE (15 time steps): 0.1663	--FDE (15 time steps): 0.2213
--ADE (20 time steps): 0.2048	--FDE (20 time steps): 0.3008
[INFO] Checkpoint saved to ./results/5_15_Newer_9D_Baseline_SelectedTrajs/5_15_Newer_9D_Baseline_SelectedTrajs/models/checkpoint_epoch_50.pth
[2025-03-24 18:43:30] Epoch: 50		Loss: 41.230793	Loss Translation.: 0.029094	Loss Rotation.: 0.757651	Combined Loss Dist.: 39.475653	Loss Uncertainty: 1.755140
--ADE (5 time steps): 0.1049	--FDE (5 time steps): 0.0970
--ADE (10 time steps): 0.1339	--FDE (10 time steps): 0.1440
--ADE (15 time steps): 0.1669	--FDE (15 time steps): 0.2230
--ADE (20 time steps): 0.2055	--FDE (20 time steps): 0.3025
[INFO] Checkpoint saved to ./results/5_15_Newer_9D_Baseline_SelectedTrajs/5_15_Newer_9D_Baseline_SelectedTrajs/models/checkpoint_epoch_51.pth
[2025-03-24 18:43:37] Epoch: 51		Loss: 41.156676	Loss Translation.: 0.029035	Loss Rotation.: 0.756265	Combined Loss Dist.: 39.403006	Loss Uncertainty: 1.753670
--ADE (5 time steps): 0.1050	--FDE (5 time steps): 0.0967
--ADE (10 time steps): 0.1340	--FDE (10 time steps): 0.1441
--ADE (15 time steps): 0.1671	--FDE (15 time steps): 0.2237
--ADE (20 time steps): 0.2058	--FDE (20 time steps): 0.3032
[INFO] Checkpoint saved to ./results/5_15_Newer_9D_Baseline_SelectedTrajs/5_15_Newer_9D_Baseline_SelectedTrajs/models/checkpoint_epoch_52.pth
[2025-03-24 18:43:43] Epoch: 52		Loss: 41.107522	Loss Translation.: 0.029028	Loss Rotation.: 0.755341	Combined Loss Dist.: 39.355259	Loss Uncertainty: 1.752264
--ADE (5 time steps): 0.1050	--FDE (5 time steps): 0.0966
--ADE (10 time steps): 0.1339	--FDE (10 time steps): 0.1443
--ADE (15 time steps): 0.1667	--FDE (15 time steps): 0.2216
--ADE (20 time steps): 0.2052	--FDE (20 time steps): 0.3014
[INFO] Checkpoint saved to ./results/5_15_Newer_9D_Baseline_SelectedTrajs/5_15_Newer_9D_Baseline_SelectedTrajs/models/checkpoint_epoch_53.pth
[2025-03-24 18:43:50] Epoch: 53		Loss: 41.043707	Loss Translation.: 0.029009	Loss Rotation.: 0.754155	Combined Loss Dist.: 39.292887	Loss Uncertainty: 1.750819
--ADE (5 time steps): 0.1049	--FDE (5 time steps): 0.0967
--ADE (10 time steps): 0.1338	--FDE (10 time steps): 0.1443
--ADE (15 time steps): 0.1665	--FDE (15 time steps): 0.2216
--ADE (20 time steps): 0.2052	--FDE (20 time steps): 0.3024
[INFO] Checkpoint saved to ./results/5_15_Newer_9D_Baseline_SelectedTrajs/5_15_Newer_9D_Baseline_SelectedTrajs/models/checkpoint_epoch_54.pth
[2025-03-24 18:43:57] Epoch: 54		Loss: 40.979836	Loss Translation.: 0.028882	Loss Rotation.: 0.752996	Combined Loss Dist.: 39.230574	Loss Uncertainty: 1.749262
--ADE (5 time steps): 0.1050	--FDE (5 time steps): 0.0969
--ADE (10 time steps): 0.1339	--FDE (10 time steps): 0.1447
--ADE (15 time steps): 0.1667	--FDE (15 time steps): 0.2218
--ADE (20 time steps): 0.2053	--FDE (20 time steps): 0.3021
[INFO] Checkpoint saved to ./results/5_15_Newer_9D_Baseline_SelectedTrajs/5_15_Newer_9D_Baseline_SelectedTrajs/models/checkpoint_epoch_55.pth
[2025-03-24 18:44:03] Epoch: 55		Loss: 40.939501	Loss Translation.: 0.028842	Loss Rotation.: 0.752253	Combined Loss Dist.: 39.191647	Loss Uncertainty: 1.747854
--ADE (5 time steps): 0.1049	--FDE (5 time steps): 0.0967
--ADE (10 time steps): 0.1340	--FDE (10 time steps): 0.1449
--ADE (15 time steps): 0.1670	--FDE (15 time steps): 0.2234
--ADE (20 time steps): 0.2057	--FDE (20 time steps): 0.3041
[INFO] Checkpoint saved to ./results/5_15_Newer_9D_Baseline_SelectedTrajs/5_15_Newer_9D_Baseline_SelectedTrajs/models/checkpoint_epoch_56.pth
[2025-03-24 18:44:10] Epoch: 56		Loss: 40.864814	Loss Translation.: 0.028770	Loss Rotation.: 0.750873	Combined Loss Dist.: 39.117797	Loss Uncertainty: 1.747017
--ADE (5 time steps): 0.1051	--FDE (5 time steps): 0.0966
--ADE (10 time steps): 0.1340	--FDE (10 time steps): 0.1446
--ADE (15 time steps): 0.1668	--FDE (15 time steps): 0.2222
--ADE (20 time steps): 0.2055	--FDE (20 time steps): 0.3028
[INFO] Checkpoint saved to ./results/5_15_Newer_9D_Baseline_SelectedTrajs/5_15_Newer_9D_Baseline_SelectedTrajs/models/checkpoint_epoch_57.pth
[2025-03-24 18:44:16] Epoch: 57		Loss: 40.798255	Loss Translation.: 0.028711	Loss Rotation.: 0.749649	Combined Loss Dist.: 39.052067	Loss Uncertainty: 1.746187
--ADE (5 time steps): 0.1049	--FDE (5 time steps): 0.0965
--ADE (10 time steps): 0.1339	--FDE (10 time steps): 0.1445
--ADE (15 time steps): 0.1667	--FDE (15 time steps): 0.2222
--ADE (20 time steps): 0.2054	--FDE (20 time steps): 0.3028
[INFO] Checkpoint saved to ./results/5_15_Newer_9D_Baseline_SelectedTrajs/5_15_Newer_9D_Baseline_SelectedTrajs/models/checkpoint_epoch_58.pth
[2025-03-24 18:44:23] Epoch: 58		Loss: 40.762537	Loss Translation.: 0.028682	Loss Rotation.: 0.748972	Combined Loss Dist.: 39.017068	Loss Uncertainty: 1.745469
--ADE (5 time steps): 0.1050	--FDE (5 time steps): 0.0967
--ADE (10 time steps): 0.1340	--FDE (10 time steps): 0.1449
--ADE (15 time steps): 0.1668	--FDE (15 time steps): 0.2222
--ADE (20 time steps): 0.2054	--FDE (20 time steps): 0.3029
[INFO] Checkpoint saved to ./results/5_15_Newer_9D_Baseline_SelectedTrajs/5_15_Newer_9D_Baseline_SelectedTrajs/models/checkpoint_epoch_59.pth
[2025-03-24 18:44:29] Epoch: 59		Loss: 40.733644	Loss Translation.: 0.028668	Loss Rotation.: 0.748436	Combined Loss Dist.: 38.989071	Loss Uncertainty: 1.744572
--ADE (5 time steps): 0.1050	--FDE (5 time steps): 0.0965
--ADE (10 time steps): 0.1340	--FDE (10 time steps): 0.1447
--ADE (15 time steps): 0.1669	--FDE (15 time steps): 0.2228
--ADE (20 time steps): 0.2056	--FDE (20 time steps): 0.3036
[INFO] Checkpoint saved to ./results/5_15_Newer_9D_Baseline_SelectedTrajs/5_15_Newer_9D_Baseline_SelectedTrajs/models/checkpoint_epoch_60.pth
[2025-03-24 18:44:36] Epoch: 60		Loss: 40.701118	Loss Translation.: 0.028645	Loss Rotation.: 0.747812	Combined Loss Dist.: 38.957186	Loss Uncertainty: 1.743932
--ADE (5 time steps): 0.1050	--FDE (5 time steps): 0.0965
--ADE (10 time steps): 0.1340	--FDE (10 time steps): 0.1447
--ADE (15 time steps): 0.1668	--FDE (15 time steps): 0.2223
--ADE (20 time steps): 0.2054	--FDE (20 time steps): 0.3030
[INFO] Checkpoint saved to ./results/5_15_Newer_9D_Baseline_SelectedTrajs/5_15_Newer_9D_Baseline_SelectedTrajs/models/checkpoint_epoch_61.pth
[2025-03-24 18:44:43] Epoch: 61		Loss: 40.673272	Loss Translation.: 0.028599	Loss Rotation.: 0.747324	Combined Loss Dist.: 38.930194	Loss Uncertainty: 1.743077
--ADE (5 time steps): 0.1051	--FDE (5 time steps): 0.0965
--ADE (10 time steps): 0.1340	--FDE (10 time steps): 0.1448
--ADE (15 time steps): 0.1669	--FDE (15 time steps): 0.2225
--ADE (20 time steps): 0.2055	--FDE (20 time steps): 0.3033
[INFO] Checkpoint saved to ./results/5_15_Newer_9D_Baseline_SelectedTrajs/5_15_Newer_9D_Baseline_SelectedTrajs/models/checkpoint_epoch_62.pth
[2025-03-24 18:44:49] Epoch: 62		Loss: 40.646078	Loss Translation.: 0.028593	Loss Rotation.: 0.746805	Combined Loss Dist.: 38.903713	Loss Uncertainty: 1.742364
--ADE (5 time steps): 0.1050	--FDE (5 time steps): 0.0964
--ADE (10 time steps): 0.1340	--FDE (10 time steps): 0.1447
--ADE (15 time steps): 0.1669	--FDE (15 time steps): 0.2228
--ADE (20 time steps): 0.2055	--FDE (20 time steps): 0.3033
[INFO] Checkpoint saved to ./results/5_15_Newer_9D_Baseline_SelectedTrajs/5_15_Newer_9D_Baseline_SelectedTrajs/models/checkpoint_epoch_63.pth
[2025-03-24 18:44:56] Epoch: 63		Loss: 40.621676	Loss Translation.: 0.028595	Loss Rotation.: 0.746335	Combined Loss Dist.: 38.880209	Loss Uncertainty: 1.741467
--ADE (5 time steps): 0.1050	--FDE (5 time steps): 0.0964
--ADE (10 time steps): 0.1341	--FDE (10 time steps): 0.1448
--ADE (15 time steps): 0.1669	--FDE (15 time steps): 0.2228
--ADE (20 time steps): 0.2056	--FDE (20 time steps): 0.3036
[INFO] Checkpoint saved to ./results/5_15_Newer_9D_Baseline_SelectedTrajs/5_15_Newer_9D_Baseline_SelectedTrajs/models/checkpoint_epoch_64.pth
[2025-03-24 18:45:03] Epoch: 64		Loss: 40.577082	Loss Translation.: 0.028538	Loss Rotation.: 0.745534	Combined Loss Dist.: 38.836155	Loss Uncertainty: 1.740927
--ADE (5 time steps): 0.1051	--FDE (5 time steps): 0.0963
--ADE (10 time steps): 0.1341	--FDE (10 time steps): 0.1448
--ADE (15 time steps): 0.1669	--FDE (15 time steps): 0.2225
--ADE (20 time steps): 0.2055	--FDE (20 time steps): 0.3032
[INFO] Checkpoint saved to ./results/5_15_Newer_9D_Baseline_SelectedTrajs/5_15_Newer_9D_Baseline_SelectedTrajs/models/checkpoint_epoch_65.pth
[2025-03-24 18:45:09] Epoch: 65		Loss: 40.555366	Loss Translation.: 0.028500	Loss Rotation.: 0.745141	Combined Loss Dist.: 38.814894	Loss Uncertainty: 1.740473
--ADE (5 time steps): 0.1050	--FDE (5 time steps): 0.0963
--ADE (10 time steps): 0.1341	--FDE (10 time steps): 0.1447
--ADE (15 time steps): 0.1669	--FDE (15 time steps): 0.2227
--ADE (20 time steps): 0.2055	--FDE (20 time steps): 0.3033
[INFO] Checkpoint saved to ./results/5_15_Newer_9D_Baseline_SelectedTrajs/5_15_Newer_9D_Baseline_SelectedTrajs/models/checkpoint_epoch_66.pth
[2025-03-24 18:45:16] Epoch: 66		Loss: 40.538369	Loss Translation.: 0.028495	Loss Rotation.: 0.744810	Combined Loss Dist.: 38.798228	Loss Uncertainty: 1.740140
--ADE (5 time steps): 0.1050	--FDE (5 time steps): 0.0964
--ADE (10 time steps): 0.1340	--FDE (10 time steps): 0.1448
--ADE (15 time steps): 0.1669	--FDE (15 time steps): 0.2227
--ADE (20 time steps): 0.2055	--FDE (20 time steps): 0.3035
[INFO] Checkpoint saved to ./results/5_15_Newer_9D_Baseline_SelectedTrajs/5_15_Newer_9D_Baseline_SelectedTrajs/models/checkpoint_epoch_67.pth
[2025-03-24 18:45:22] Epoch: 67		Loss: 40.525188	Loss Translation.: 0.028488	Loss Rotation.: 0.744566	Combined Loss Dist.: 38.785489	Loss Uncertainty: 1.739699
--ADE (5 time steps): 0.1051	--FDE (5 time steps): 0.0963
--ADE (10 time steps): 0.1341	--FDE (10 time steps): 0.1448
--ADE (15 time steps): 0.1669	--FDE (15 time steps): 0.2226
--ADE (20 time steps): 0.2055	--FDE (20 time steps): 0.3032
[INFO] Checkpoint saved to ./results/5_15_Newer_9D_Baseline_SelectedTrajs/5_15_Newer_9D_Baseline_SelectedTrajs/models/checkpoint_epoch_68.pth
[2025-03-24 18:45:29] Epoch: 68		Loss: 40.509238	Loss Translation.: 0.028468	Loss Rotation.: 0.744275	Combined Loss Dist.: 38.770012	Loss Uncertainty: 1.739226
--ADE (5 time steps): 0.1050	--FDE (5 time steps): 0.0963
--ADE (10 time steps): 0.1341	--FDE (10 time steps): 0.1448
--ADE (15 time steps): 0.1669	--FDE (15 time steps): 0.2226
--ADE (20 time steps): 0.2055	--FDE (20 time steps): 0.3035
[INFO] Checkpoint saved to ./results/5_15_Newer_9D_Baseline_SelectedTrajs/5_15_Newer_9D_Baseline_SelectedTrajs/models/checkpoint_epoch_69.pth
[2025-03-24 18:45:35] Epoch: 69		Loss: 40.495631	Loss Translation.: 0.028461	Loss Rotation.: 0.744017	Combined Loss Dist.: 38.756849	Loss Uncertainty: 1.738781
--ADE (5 time steps): 0.1050	--FDE (5 time steps): 0.0962
--ADE (10 time steps): 0.1340	--FDE (10 time steps): 0.1448
--ADE (15 time steps): 0.1668	--FDE (15 time steps): 0.2226
--ADE (20 time steps): 0.2054	--FDE (20 time steps): 0.3032
[INFO] Checkpoint saved to ./results/5_15_Newer_9D_Baseline_SelectedTrajs/5_15_Newer_9D_Baseline_SelectedTrajs/models/checkpoint_epoch_70.pth
[2025-03-24 18:45:42] Epoch: 70		Loss: 40.479674	Loss Translation.: 0.028452	Loss Rotation.: 0.743720	Combined Loss Dist.: 38.741175	Loss Uncertainty: 1.738500
--ADE (5 time steps): 0.1051	--FDE (5 time steps): 0.0963
--ADE (10 time steps): 0.1341	--FDE (10 time steps): 0.1449
--ADE (15 time steps): 0.1670	--FDE (15 time steps): 0.2228
--ADE (20 time steps): 0.2056	--FDE (20 time steps): 0.3037
[INFO] Checkpoint saved to ./results/5_15_Newer_9D_Baseline_SelectedTrajs/5_15_Newer_9D_Baseline_SelectedTrajs/models/checkpoint_epoch_71.pth
[2025-03-24 18:45:49] Epoch: 71		Loss: 40.468611	Loss Translation.: 0.028443	Loss Rotation.: 0.743516	Combined Loss Dist.: 38.730669	Loss Uncertainty: 1.737942
--ADE (5 time steps): 0.1050	--FDE (5 time steps): 0.0962
--ADE (10 time steps): 0.1340	--FDE (10 time steps): 0.1449
--ADE (15 time steps): 0.1668	--FDE (15 time steps): 0.2225
--ADE (20 time steps): 0.2054	--FDE (20 time steps): 0.3032
[INFO] Checkpoint saved to ./results/5_15_Newer_9D_Baseline_SelectedTrajs/5_15_Newer_9D_Baseline_SelectedTrajs/models/checkpoint_epoch_72.pth
[2025-03-24 18:45:55] Epoch: 72		Loss: 40.447908	Loss Translation.: 0.028408	Loss Rotation.: 0.743148	Combined Loss Dist.: 38.710205	Loss Uncertainty: 1.737703
--ADE (5 time steps): 0.1051	--FDE (5 time steps): 0.0963
--ADE (10 time steps): 0.1341	--FDE (10 time steps): 0.1450
--ADE (15 time steps): 0.1669	--FDE (15 time steps): 0.2227
--ADE (20 time steps): 0.2055	--FDE (20 time steps): 0.3036
[INFO] Checkpoint saved to ./results/5_15_Newer_9D_Baseline_SelectedTrajs/5_15_Newer_9D_Baseline_SelectedTrajs/models/checkpoint_epoch_73.pth
[2025-03-24 18:46:02] Epoch: 73		Loss: 40.436780	Loss Translation.: 0.028401	Loss Rotation.: 0.742937	Combined Loss Dist.: 38.699302	Loss Uncertainty: 1.737479
--ADE (5 time steps): 0.1051	--FDE (5 time steps): 0.0962
--ADE (10 time steps): 0.1341	--FDE (10 time steps): 0.1449
--ADE (15 time steps): 0.1669	--FDE (15 time steps): 0.2227
--ADE (20 time steps): 0.2055	--FDE (20 time steps): 0.3035
[INFO] Checkpoint saved to ./results/5_15_Newer_9D_Baseline_SelectedTrajs/5_15_Newer_9D_Baseline_SelectedTrajs/models/checkpoint_epoch_74.pth
[2025-03-24 18:46:08] Epoch: 74		Loss: 40.429538	Loss Translation.: 0.028392	Loss Rotation.: 0.742809	Combined Loss Dist.: 38.692262	Loss Uncertainty: 1.737276
--ADE (5 time steps): 0.1051	--FDE (5 time steps): 0.0962
--ADE (10 time steps): 0.1341	--FDE (10 time steps): 0.1449
--ADE (15 time steps): 0.1669	--FDE (15 time steps): 0.2226
--ADE (20 time steps): 0.2055	--FDE (20 time steps): 0.3035
[INFO] Checkpoint saved to ./results/5_15_Newer_9D_Baseline_SelectedTrajs/5_15_Newer_9D_Baseline_SelectedTrajs/models/checkpoint_epoch_75.pth
[2025-03-24 18:46:15] Epoch: 75		Loss: 40.420980	Loss Translation.: 0.028381	Loss Rotation.: 0.742651	Combined Loss Dist.: 38.683920	Loss Uncertainty: 1.737059
--ADE (5 time steps): 0.1051	--FDE (5 time steps): 0.0962
--ADE (10 time steps): 0.1341	--FDE (10 time steps): 0.1449
--ADE (15 time steps): 0.1669	--FDE (15 time steps): 0.2227
--ADE (20 time steps): 0.2055	--FDE (20 time steps): 0.3035
[INFO] Checkpoint saved to ./results/5_15_Newer_9D_Baseline_SelectedTrajs/5_15_Newer_9D_Baseline_SelectedTrajs/models/checkpoint_epoch_76.pth
[2025-03-24 18:46:22] Epoch: 76		Loss: 40.413720	Loss Translation.: 0.028382	Loss Rotation.: 0.742512	Combined Loss Dist.: 38.676884	Loss Uncertainty: 1.736835
--ADE (5 time steps): 0.1051	--FDE (5 time steps): 0.0962
--ADE (10 time steps): 0.1341	--FDE (10 time steps): 0.1450
--ADE (15 time steps): 0.1669	--FDE (15 time steps): 0.2228
--ADE (20 time steps): 0.2056	--FDE (20 time steps): 0.3036
[INFO] Checkpoint saved to ./results/5_15_Newer_9D_Baseline_SelectedTrajs/5_15_Newer_9D_Baseline_SelectedTrajs/models/checkpoint_epoch_77.pth
[2025-03-24 18:46:28] Epoch: 77		Loss: 40.407612	Loss Translation.: 0.028373	Loss Rotation.: 0.742403	Combined Loss Dist.: 38.671004	Loss Uncertainty: 1.736608
--ADE (5 time steps): 0.1051	--FDE (5 time steps): 0.0962
--ADE (10 time steps): 0.1341	--FDE (10 time steps): 0.1449
--ADE (15 time steps): 0.1669	--FDE (15 time steps): 0.2227
--ADE (20 time steps): 0.2055	--FDE (20 time steps): 0.3035
[INFO] Checkpoint saved to ./results/5_15_Newer_9D_Baseline_SelectedTrajs/5_15_Newer_9D_Baseline_SelectedTrajs/models/checkpoint_epoch_78.pth
[2025-03-24 18:46:35] Epoch: 78		Loss: 40.399517	Loss Translation.: 0.028364	Loss Rotation.: 0.742254	Combined Loss Dist.: 38.663121	Loss Uncertainty: 1.736396
--ADE (5 time steps): 0.1051	--FDE (5 time steps): 0.0962
--ADE (10 time steps): 0.1341	--FDE (10 time steps): 0.1449
--ADE (15 time steps): 0.1669	--FDE (15 time steps): 0.2227
--ADE (20 time steps): 0.2055	--FDE (20 time steps): 0.3035
[INFO] Checkpoint saved to ./results/5_15_Newer_9D_Baseline_SelectedTrajs/5_15_Newer_9D_Baseline_SelectedTrajs/models/checkpoint_epoch_79.pth
[2025-03-24 18:46:41] Epoch: 79		Loss: 40.393290	Loss Translation.: 0.028366	Loss Rotation.: 0.742134	Combined Loss Dist.: 38.657137	Loss Uncertainty: 1.736152
--ADE (5 time steps): 0.1051	--FDE (5 time steps): 0.0962
--ADE (10 time steps): 0.1341	--FDE (10 time steps): 0.1450
--ADE (15 time steps): 0.1669	--FDE (15 time steps): 0.2228
--ADE (20 time steps): 0.2056	--FDE (20 time steps): 0.3036
[INFO] Checkpoint saved to ./results/5_15_Newer_9D_Baseline_SelectedTrajs/5_15_Newer_9D_Baseline_SelectedTrajs/models/checkpoint_epoch_80.pth
[2025-03-24 18:46:48] Epoch: 80		Loss: 40.383963	Loss Translation.: 0.028350	Loss Rotation.: 0.741970	Combined Loss Dist.: 38.647945	Loss Uncertainty: 1.736018
--ADE (5 time steps): 0.1051	--FDE (5 time steps): 0.0962
--ADE (10 time steps): 0.1341	--FDE (10 time steps): 0.1450
--ADE (15 time steps): 0.1669	--FDE (15 time steps): 0.2228
--ADE (20 time steps): 0.2056	--FDE (20 time steps): 0.3036
[INFO] Checkpoint saved to ./results/5_15_Newer_9D_Baseline_SelectedTrajs/5_15_Newer_9D_Baseline_SelectedTrajs/models/checkpoint_epoch_81.pth
[2025-03-24 18:46:54] Epoch: 81		Loss: 40.377964	Loss Translation.: 0.028344	Loss Rotation.: 0.741857	Combined Loss Dist.: 38.642068	Loss Uncertainty: 1.735895
--ADE (5 time steps): 0.1051	--FDE (5 time steps): 0.0962
--ADE (10 time steps): 0.1341	--FDE (10 time steps): 0.1450
--ADE (15 time steps): 0.1669	--FDE (15 time steps): 0.2227
--ADE (20 time steps): 0.2055	--FDE (20 time steps): 0.3035
[INFO] Checkpoint saved to ./results/5_15_Newer_9D_Baseline_SelectedTrajs/5_15_Newer_9D_Baseline_SelectedTrajs/models/checkpoint_epoch_82.pth
[2025-03-24 18:47:01] Epoch: 82		Loss: 40.374010	Loss Translation.: 0.028341	Loss Rotation.: 0.741784	Combined Loss Dist.: 38.638220	Loss Uncertainty: 1.735790
--ADE (5 time steps): 0.1051	--FDE (5 time steps): 0.0962
--ADE (10 time steps): 0.1341	--FDE (10 time steps): 0.1450
--ADE (15 time steps): 0.1669	--FDE (15 time steps): 0.2227
--ADE (20 time steps): 0.2056	--FDE (20 time steps): 0.3036
[INFO] Checkpoint saved to ./results/5_15_Newer_9D_Baseline_SelectedTrajs/5_15_Newer_9D_Baseline_SelectedTrajs/models/checkpoint_epoch_83.pth
[2025-03-24 18:47:08] Epoch: 83		Loss: 40.370275	Loss Translation.: 0.028336	Loss Rotation.: 0.741717	Combined Loss Dist.: 38.634607	Loss Uncertainty: 1.735668
--ADE (5 time steps): 0.1051	--FDE (5 time steps): 0.0962
--ADE (10 time steps): 0.1341	--FDE (10 time steps): 0.1450
--ADE (15 time steps): 0.1669	--FDE (15 time steps): 0.2228
--ADE (20 time steps): 0.2055	--FDE (20 time steps): 0.3036
[INFO] Checkpoint saved to ./results/5_15_Newer_9D_Baseline_SelectedTrajs/5_15_Newer_9D_Baseline_SelectedTrajs/models/checkpoint_epoch_84.pth
[2025-03-24 18:47:14] Epoch: 84		Loss: 40.366555	Loss Translation.: 0.028335	Loss Rotation.: 0.741646	Combined Loss Dist.: 38.630999	Loss Uncertainty: 1.735556
--ADE (5 time steps): 0.1051	--FDE (5 time steps): 0.0961
--ADE (10 time steps): 0.1341	--FDE (10 time steps): 0.1450
--ADE (15 time steps): 0.1669	--FDE (15 time steps): 0.2227
--ADE (20 time steps): 0.2055	--FDE (20 time steps): 0.3036
[INFO] Checkpoint saved to ./results/5_15_Newer_9D_Baseline_SelectedTrajs/5_15_Newer_9D_Baseline_SelectedTrajs/models/checkpoint_epoch_85.pth
[2025-03-24 18:47:21] Epoch: 85		Loss: 40.362599	Loss Translation.: 0.028329	Loss Rotation.: 0.741575	Combined Loss Dist.: 38.627157	Loss Uncertainty: 1.735442
--ADE (5 time steps): 0.1051	--FDE (5 time steps): 0.0961
--ADE (10 time steps): 0.1341	--FDE (10 time steps): 0.1450
--ADE (15 time steps): 0.1669	--FDE (15 time steps): 0.2228
--ADE (20 time steps): 0.2055	--FDE (20 time steps): 0.3036
[INFO] Checkpoint saved to ./results/5_15_Newer_9D_Baseline_SelectedTrajs/5_15_Newer_9D_Baseline_SelectedTrajs/models/checkpoint_epoch_86.pth
[2025-03-24 18:47:27] Epoch: 86		Loss: 40.359916	Loss Translation.: 0.028330	Loss Rotation.: 0.741524	Combined Loss Dist.: 38.624591	Loss Uncertainty: 1.735325
--ADE (5 time steps): 0.1051	--FDE (5 time steps): 0.0961
--ADE (10 time steps): 0.1341	--FDE (10 time steps): 0.1450
--ADE (15 time steps): 0.1669	--FDE (15 time steps): 0.2228
--ADE (20 time steps): 0.2055	--FDE (20 time steps): 0.3036
[INFO] Checkpoint saved to ./results/5_15_Newer_9D_Baseline_SelectedTrajs/5_15_Newer_9D_Baseline_SelectedTrajs/models/checkpoint_epoch_87.pth
[2025-03-24 18:47:34] Epoch: 87		Loss: 40.355540	Loss Translation.: 0.028324	Loss Rotation.: 0.741444	Combined Loss Dist.: 38.620327	Loss Uncertainty: 1.735213
--ADE (5 time steps): 0.1051	--FDE (5 time steps): 0.0961
--ADE (10 time steps): 0.1341	--FDE (10 time steps): 0.1450
--ADE (15 time steps): 0.1669	--FDE (15 time steps): 0.2228
--ADE (20 time steps): 0.2055	--FDE (20 time steps): 0.3036
[INFO] Checkpoint saved to ./results/5_15_Newer_9D_Baseline_SelectedTrajs/5_15_Newer_9D_Baseline_SelectedTrajs/models/checkpoint_epoch_88.pth
[2025-03-24 18:47:40] Epoch: 88		Loss: 40.350997	Loss Translation.: 0.028318	Loss Rotation.: 0.741362	Combined Loss Dist.: 38.615873	Loss Uncertainty: 1.735124
--ADE (5 time steps): 0.1051	--FDE (5 time steps): 0.0961
--ADE (10 time steps): 0.1341	--FDE (10 time steps): 0.1450
--ADE (15 time steps): 0.1669	--FDE (15 time steps): 0.2228
--ADE (20 time steps): 0.2056	--FDE (20 time steps): 0.3036
[INFO] Checkpoint saved to ./results/5_15_Newer_9D_Baseline_SelectedTrajs/5_15_Newer_9D_Baseline_SelectedTrajs/models/checkpoint_epoch_89.pth
[2025-03-24 18:47:47] Epoch: 89		Loss: 40.348317	Loss Translation.: 0.028315	Loss Rotation.: 0.741314	Combined Loss Dist.: 38.613249	Loss Uncertainty: 1.735068
--ADE (5 time steps): 0.1051	--FDE (5 time steps): 0.0961
--ADE (10 time steps): 0.1341	--FDE (10 time steps): 0.1450
--ADE (15 time steps): 0.1669	--FDE (15 time steps): 0.2228
--ADE (20 time steps): 0.2055	--FDE (20 time steps): 0.3036
[INFO] Checkpoint saved to ./results/5_15_Newer_9D_Baseline_SelectedTrajs/5_15_Newer_9D_Baseline_SelectedTrajs/models/checkpoint_epoch_90.pth
[2025-03-24 18:47:54] Epoch: 90		Loss: 40.346384	Loss Translation.: 0.028315	Loss Rotation.: 0.741276	Combined Loss Dist.: 38.611376	Loss Uncertainty: 1.735008
--ADE (5 time steps): 0.1051	--FDE (5 time steps): 0.0961
--ADE (10 time steps): 0.1341	--FDE (10 time steps): 0.1450
--ADE (15 time steps): 0.1669	--FDE (15 time steps): 0.2228
--ADE (20 time steps): 0.2056	--FDE (20 time steps): 0.3036
[INFO] Checkpoint saved to ./results/5_15_Newer_9D_Baseline_SelectedTrajs/5_15_Newer_9D_Baseline_SelectedTrajs/models/checkpoint_epoch_91.pth
[2025-03-24 18:48:00] Epoch: 91		Loss: 40.344663	Loss Translation.: 0.028313	Loss Rotation.: 0.741245	Combined Loss Dist.: 38.609714	Loss Uncertainty: 1.734948
--ADE (5 time steps): 0.1051	--FDE (5 time steps): 0.0961
--ADE (10 time steps): 0.1341	--FDE (10 time steps): 0.1450
--ADE (15 time steps): 0.1669	--FDE (15 time steps): 0.2228
--ADE (20 time steps): 0.2055	--FDE (20 time steps): 0.3036
[INFO] Checkpoint saved to ./results/5_15_Newer_9D_Baseline_SelectedTrajs/5_15_Newer_9D_Baseline_SelectedTrajs/models/checkpoint_epoch_92.pth
[2025-03-24 18:48:07] Epoch: 92		Loss: 40.342546	Loss Translation.: 0.028311	Loss Rotation.: 0.741206	Combined Loss Dist.: 38.607655	Loss Uncertainty: 1.734891
--ADE (5 time steps): 0.1051	--FDE (5 time steps): 0.0961
--ADE (10 time steps): 0.1341	--FDE (10 time steps): 0.1450
--ADE (15 time steps): 0.1669	--FDE (15 time steps): 0.2228
--ADE (20 time steps): 0.2056	--FDE (20 time steps): 0.3036
[INFO] Checkpoint saved to ./results/5_15_Newer_9D_Baseline_SelectedTrajs/5_15_Newer_9D_Baseline_SelectedTrajs/models/checkpoint_epoch_93.pth
[2025-03-24 18:48:13] Epoch: 93		Loss: 40.341218	Loss Translation.: 0.028310	Loss Rotation.: 0.741182	Combined Loss Dist.: 38.606384	Loss Uncertainty: 1.734834
--ADE (5 time steps): 0.1051	--FDE (5 time steps): 0.0961
--ADE (10 time steps): 0.1341	--FDE (10 time steps): 0.1450
--ADE (15 time steps): 0.1669	--FDE (15 time steps): 0.2228
--ADE (20 time steps): 0.2055	--FDE (20 time steps): 0.3036
[INFO] Checkpoint saved to ./results/5_15_Newer_9D_Baseline_SelectedTrajs/5_15_Newer_9D_Baseline_SelectedTrajs/models/checkpoint_epoch_94.pth
[2025-03-24 18:48:20] Epoch: 94		Loss: 40.338934	Loss Translation.: 0.028308	Loss Rotation.: 0.741140	Combined Loss Dist.: 38.604161	Loss Uncertainty: 1.734773
--ADE (5 time steps): 0.1051	--FDE (5 time steps): 0.0961
--ADE (10 time steps): 0.1341	--FDE (10 time steps): 0.1450
--ADE (15 time steps): 0.1669	--FDE (15 time steps): 0.2228
--ADE (20 time steps): 0.2055	--FDE (20 time steps): 0.3036
[INFO] Checkpoint saved to ./results/5_15_Newer_9D_Baseline_SelectedTrajs/5_15_Newer_9D_Baseline_SelectedTrajs/models/checkpoint_epoch_95.pth
[2025-03-24 18:48:27] Epoch: 95		Loss: 40.337290	Loss Translation.: 0.028306	Loss Rotation.: 0.741111	Combined Loss Dist.: 38.602575	Loss Uncertainty: 1.734715
--ADE (5 time steps): 0.1051	--FDE (5 time steps): 0.0961
--ADE (10 time steps): 0.1341	--FDE (10 time steps): 0.1450
--ADE (15 time steps): 0.1669	--FDE (15 time steps): 0.2228
--ADE (20 time steps): 0.2056	--FDE (20 time steps): 0.3036
[INFO] Checkpoint saved to ./results/5_15_Newer_9D_Baseline_SelectedTrajs/5_15_Newer_9D_Baseline_SelectedTrajs/models/checkpoint_epoch_96.pth
[2025-03-24 18:48:33] Epoch: 96		Loss: 40.334834	Loss Translation.: 0.028303	Loss Rotation.: 0.741066	Combined Loss Dist.: 38.600163	Loss Uncertainty: 1.734670
--ADE (5 time steps): 0.1051	--FDE (5 time steps): 0.0961
--ADE (10 time steps): 0.1341	--FDE (10 time steps): 0.1450
--ADE (15 time steps): 0.1669	--FDE (15 time steps): 0.2228
--ADE (20 time steps): 0.2056	--FDE (20 time steps): 0.3036
[INFO] Checkpoint saved to ./results/5_15_Newer_9D_Baseline_SelectedTrajs/5_15_Newer_9D_Baseline_SelectedTrajs/models/checkpoint_epoch_97.pth
[2025-03-24 18:48:40] Epoch: 97		Loss: 40.333579	Loss Translation.: 0.028302	Loss Rotation.: 0.741043	Combined Loss Dist.: 38.598940	Loss Uncertainty: 1.734639
--ADE (5 time steps): 0.1051	--FDE (5 time steps): 0.0961
--ADE (10 time steps): 0.1341	--FDE (10 time steps): 0.1450
--ADE (15 time steps): 0.1669	--FDE (15 time steps): 0.2228
--ADE (20 time steps): 0.2055	--FDE (20 time steps): 0.3036
[INFO] Checkpoint saved to ./results/5_15_Newer_9D_Baseline_SelectedTrajs/5_15_Newer_9D_Baseline_SelectedTrajs/models/checkpoint_epoch_98.pth
[2025-03-24 18:48:46] Epoch: 98		Loss: 40.332497	Loss Translation.: 0.028301	Loss Rotation.: 0.741022	Combined Loss Dist.: 38.597886	Loss Uncertainty: 1.734611
--ADE (5 time steps): 0.1051	--FDE (5 time steps): 0.0961
--ADE (10 time steps): 0.1341	--FDE (10 time steps): 0.1450
--ADE (15 time steps): 0.1669	--FDE (15 time steps): 0.2228
--ADE (20 time steps): 0.2056	--FDE (20 time steps): 0.3036
[INFO] Checkpoint saved to ./results/5_15_Newer_9D_Baseline_SelectedTrajs/5_15_Newer_9D_Baseline_SelectedTrajs/models/checkpoint_epoch_99.pth
[2025-03-24 18:48:53] Epoch: 99		Loss: 40.331712	Loss Translation.: 0.028300	Loss Rotation.: 0.741008	Combined Loss Dist.: 38.597133	Loss Uncertainty: 1.734579
--ADE (5 time steps): 0.1051	--FDE (5 time steps): 0.0961
--ADE (10 time steps): 0.1341	--FDE (10 time steps): 0.1450
--ADE (15 time steps): 0.1669	--FDE (15 time steps): 0.2228
--ADE (20 time steps): 0.2055	--FDE (20 time steps): 0.3036
[INFO] Checkpoint saved to ./results/5_15_Newer_9D_Baseline_SelectedTrajs/5_15_Newer_9D_Baseline_SelectedTrajs/models/checkpoint_epoch_100.pth

JOB STATISTICS
==============
Job ID: 10746155
Cluster: snellius
User/Group: scur2440/scur2440
State: RUNNING
Nodes: 1
Cores per node: 18
CPU Utilized: 00:00:00
CPU Efficiency: 0.00% of 03:25:12 core-walltime
Job Wall-clock time: 00:11:24
Memory Utilized: 0.00 MB (estimated maximum)
Memory Efficiency: 0.00% of 120.00 GB (120.00 GB/node)
WARNING: Efficiency statistics may be misleading for RUNNING jobs.
