***************************************************************************************************** 
* WARNING: The 2022 software stack is deprecated. Please consider switching to
the latest 2024 * 
* software stack, or the older 2023 software stack. * 
* * 
* If you have any question, please contact us via
http://servicedesk.surfsara.nl. * 
***************************************************************************************************** 

Configuration:
description: LED
results_root_dir: results
dataset: newer
dimensions: 2
past_frames: 10
future_frames: 24
min_past_frames: 10
min_future_frames: 24
k_preds: 24
traj_mean: [14, 7.5]
traj_scale: 5
relative: False
normalised: False
overfitting: False
pretrained_core_denoising_model: ./results/checkpoints/base_diffusion_model.p
debug: False
diffusion: {'steps': 100, 'beta_start': 0.0001, 'beta_end': 0.05, 'beta_schedule': 'linear'}
lr: 0.001
train_batch_size: 10
test_batch_size: 500
num_epochs: 100
test_interval: 1
lr_scheduler: step
decay_step: 8
decay_gamma: 0.5

[INFO] NEWER dataset (1 agent).
Overfitting: False
Time diff avg (fut): 2.26950
Overfitting: False
Time diff avg (fut): 2.26950
[INFO] Now using random trajectory shuffling.

Train dataset:
Length: 676
Total x and y distances travelled: 2.07619, 2.14890
Euclidean dist diff avg: 3.21104

Test dataset:
Length: 85
Total x and y distances travelled: 1.94352, 2.34813
Euclidean dist diff avg: 3.25541

[INFO] NEWER dataset - skip subtracting mean from absolute positions.
[INFO] Training from scratch - without pretrained models (Not NBA with frame standard configs)

[Core Denoising Model] Trainable/Total: 6568720/6568720
[Initialization Model] Trainable/Total: 4996553/4996553
[2025-03-03 23:12:04] Epoch: 0		Loss: 12.738735	Loss Translation.: 11.141612	Loss Uncertainty: 1.597124
--ADE (5 time steps): 0.3564	--FDE (5 time steps): 0.3587
--ADE (10 time steps): 0.4617	--FDE (10 time steps): 0.5379
--ADE (15 time steps): 0.5652	--FDE (15 time steps): 0.6409
--ADE (20 time steps): 0.6995	--FDE (20 time steps): 1.0208
[INFO] Checkpoint saved to ./results/5_2_MultiNewer_2D/5_2_MultiNewer_2D/models/checkpoint_epoch_1.pth
[2025-03-03 23:12:12] Epoch: 1		Loss: 8.283861	Loss Translation.: 7.033271	Loss Uncertainty: 1.250590
--ADE (5 time steps): 0.3747	--FDE (5 time steps): 0.3383
--ADE (10 time steps): 0.4742	--FDE (10 time steps): 0.5922
--ADE (15 time steps): 0.6061	--FDE (15 time steps): 0.7707
--ADE (20 time steps): 0.7452	--FDE (20 time steps): 1.0798
[INFO] Checkpoint saved to ./results/5_2_MultiNewer_2D/5_2_MultiNewer_2D/models/checkpoint_epoch_2.pth
[2025-03-03 23:12:20] Epoch: 2		Loss: 6.838473	Loss Translation.: 5.675863	Loss Uncertainty: 1.162609
--ADE (5 time steps): 0.2347	--FDE (5 time steps): 0.2095
--ADE (10 time steps): 0.3116	--FDE (10 time steps): 0.3905
--ADE (15 time steps): 0.3732	--FDE (15 time steps): 0.5292
--ADE (20 time steps): 0.4663	--FDE (20 time steps): 0.7301
[INFO] Checkpoint saved to ./results/5_2_MultiNewer_2D/5_2_MultiNewer_2D/models/checkpoint_epoch_3.pth
[2025-03-03 23:12:28] Epoch: 3		Loss: 6.206659	Loss Translation.: 5.134232	Loss Uncertainty: 1.072427
--ADE (5 time steps): 0.2902	--FDE (5 time steps): 0.2575
--ADE (10 time steps): 0.3603	--FDE (10 time steps): 0.4198
--ADE (15 time steps): 0.4201	--FDE (15 time steps): 0.5428
--ADE (20 time steps): 0.4862	--FDE (20 time steps): 0.5857
[INFO] Checkpoint saved to ./results/5_2_MultiNewer_2D/5_2_MultiNewer_2D/models/checkpoint_epoch_4.pth
[2025-03-03 23:12:35] Epoch: 4		Loss: 5.750663	Loss Translation.: 4.743904	Loss Uncertainty: 1.006759
--ADE (5 time steps): 0.2398	--FDE (5 time steps): 0.2298
--ADE (10 time steps): 0.3107	--FDE (10 time steps): 0.4034
--ADE (15 time steps): 0.3913	--FDE (15 time steps): 0.4759
--ADE (20 time steps): 0.4793	--FDE (20 time steps): 0.6921
[INFO] Checkpoint saved to ./results/5_2_MultiNewer_2D/5_2_MultiNewer_2D/models/checkpoint_epoch_5.pth
[2025-03-03 23:12:43] Epoch: 5		Loss: 5.405615	Loss Translation.: 4.497855	Loss Uncertainty: 0.907760
--ADE (5 time steps): 0.2492	--FDE (5 time steps): 0.2369
--ADE (10 time steps): 0.2940	--FDE (10 time steps): 0.3084
--ADE (15 time steps): 0.3580	--FDE (15 time steps): 0.4530
--ADE (20 time steps): 0.4311	--FDE (20 time steps): 0.6521
[INFO] Checkpoint saved to ./results/5_2_MultiNewer_2D/5_2_MultiNewer_2D/models/checkpoint_epoch_6.pth
[2025-03-03 23:12:51] Epoch: 6		Loss: 5.277923	Loss Translation.: 4.436755	Loss Uncertainty: 0.841168
--ADE (5 time steps): 0.2259	--FDE (5 time steps): 0.2162
--ADE (10 time steps): 0.2750	--FDE (10 time steps): 0.2868
--ADE (15 time steps): 0.3305	--FDE (15 time steps): 0.4401
--ADE (20 time steps): 0.3988	--FDE (20 time steps): 0.6104
[INFO] Checkpoint saved to ./results/5_2_MultiNewer_2D/5_2_MultiNewer_2D/models/checkpoint_epoch_7.pth
[2025-03-03 23:12:59] Epoch: 7		Loss: 4.685387	Loss Translation.: 3.907936	Loss Uncertainty: 0.777451
--ADE (5 time steps): 0.1975	--FDE (5 time steps): 0.2024
--ADE (10 time steps): 0.2667	--FDE (10 time steps): 0.3345
--ADE (15 time steps): 0.3357	--FDE (15 time steps): 0.4725
--ADE (20 time steps): 0.4065	--FDE (20 time steps): 0.5789
[INFO] Checkpoint saved to ./results/5_2_MultiNewer_2D/5_2_MultiNewer_2D/models/checkpoint_epoch_8.pth
[2025-03-03 23:13:07] Epoch: 8		Loss: 4.227343	Loss Translation.: 3.509123	Loss Uncertainty: 0.718219
--ADE (5 time steps): 0.1569	--FDE (5 time steps): 0.1727
--ADE (10 time steps): 0.2213	--FDE (10 time steps): 0.3066
--ADE (15 time steps): 0.2838	--FDE (15 time steps): 0.4265
--ADE (20 time steps): 0.3548	--FDE (20 time steps): 0.5293
[INFO] Checkpoint saved to ./results/5_2_MultiNewer_2D/5_2_MultiNewer_2D/models/checkpoint_epoch_9.pth
[2025-03-03 23:13:15] Epoch: 9		Loss: 3.869007	Loss Translation.: 3.189078	Loss Uncertainty: 0.679929
--ADE (5 time steps): 0.2149	--FDE (5 time steps): 0.2091
--ADE (10 time steps): 0.2491	--FDE (10 time steps): 0.2797
--ADE (15 time steps): 0.2989	--FDE (15 time steps): 0.4088
--ADE (20 time steps): 0.3529	--FDE (20 time steps): 0.5181
[INFO] Checkpoint saved to ./results/5_2_MultiNewer_2D/5_2_MultiNewer_2D/models/checkpoint_epoch_10.pth
[2025-03-03 23:13:23] Epoch: 10		Loss: 3.777209	Loss Translation.: 3.131838	Loss Uncertainty: 0.645370
--ADE (5 time steps): 0.1330	--FDE (5 time steps): 0.1368
--ADE (10 time steps): 0.1757	--FDE (10 time steps): 0.2414
--ADE (15 time steps): 0.2310	--FDE (15 time steps): 0.3616
--ADE (20 time steps): 0.2930	--FDE (20 time steps): 0.4920
[INFO] Checkpoint saved to ./results/5_2_MultiNewer_2D/5_2_MultiNewer_2D/models/checkpoint_epoch_11.pth
[2025-03-03 23:13:31] Epoch: 11		Loss: 3.612645	Loss Translation.: 3.003498	Loss Uncertainty: 0.609147
--ADE (5 time steps): 0.1543	--FDE (5 time steps): 0.1676
--ADE (10 time steps): 0.2050	--FDE (10 time steps): 0.2856
--ADE (15 time steps): 0.2625	--FDE (15 time steps): 0.4058
--ADE (20 time steps): 0.3268	--FDE (20 time steps): 0.5263
[INFO] Checkpoint saved to ./results/5_2_MultiNewer_2D/5_2_MultiNewer_2D/models/checkpoint_epoch_12.pth
[2025-03-03 23:13:39] Epoch: 12		Loss: 3.488801	Loss Translation.: 2.912164	Loss Uncertainty: 0.576637
--ADE (5 time steps): 0.1782	--FDE (5 time steps): 0.1677
--ADE (10 time steps): 0.2153	--FDE (10 time steps): 0.2616
--ADE (15 time steps): 0.2559	--FDE (15 time steps): 0.3781
--ADE (20 time steps): 0.3130	--FDE (20 time steps): 0.5053
[INFO] Checkpoint saved to ./results/5_2_MultiNewer_2D/5_2_MultiNewer_2D/models/checkpoint_epoch_13.pth
[2025-03-03 23:13:47] Epoch: 13		Loss: 3.354691	Loss Translation.: 2.813628	Loss Uncertainty: 0.541064
--ADE (5 time steps): 0.1722	--FDE (5 time steps): 0.1517
--ADE (10 time steps): 0.2076	--FDE (10 time steps): 0.2452
--ADE (15 time steps): 0.2507	--FDE (15 time steps): 0.3661
--ADE (20 time steps): 0.3112	--FDE (20 time steps): 0.4815
[INFO] Checkpoint saved to ./results/5_2_MultiNewer_2D/5_2_MultiNewer_2D/models/checkpoint_epoch_14.pth
[2025-03-03 23:13:55] Epoch: 14		Loss: 3.390555	Loss Translation.: 2.875024	Loss Uncertainty: 0.515531
--ADE (5 time steps): 0.1382	--FDE (5 time steps): 0.1513
--ADE (10 time steps): 0.1792	--FDE (10 time steps): 0.2433
--ADE (15 time steps): 0.2292	--FDE (15 time steps): 0.3642
--ADE (20 time steps): 0.2858	--FDE (20 time steps): 0.4588
[INFO] Checkpoint saved to ./results/5_2_MultiNewer_2D/5_2_MultiNewer_2D/models/checkpoint_epoch_15.pth
[2025-03-03 23:14:03] Epoch: 15		Loss: 3.318079	Loss Translation.: 2.826173	Loss Uncertainty: 0.491906
--ADE (5 time steps): 0.1438	--FDE (5 time steps): 0.1325
--ADE (10 time steps): 0.1810	--FDE (10 time steps): 0.2188
--ADE (15 time steps): 0.2216	--FDE (15 time steps): 0.3160
--ADE (20 time steps): 0.2779	--FDE (20 time steps): 0.4527
[INFO] Checkpoint saved to ./results/5_2_MultiNewer_2D/5_2_MultiNewer_2D/models/checkpoint_epoch_16.pth
[2025-03-03 23:14:10] Epoch: 16		Loss: 2.851462	Loss Translation.: 2.399500	Loss Uncertainty: 0.451962
--ADE (5 time steps): 0.1155	--FDE (5 time steps): 0.1234
--ADE (10 time steps): 0.1549	--FDE (10 time steps): 0.2103
--ADE (15 time steps): 0.1963	--FDE (15 time steps): 0.3011
--ADE (20 time steps): 0.2515	--FDE (20 time steps): 0.4479
[INFO] Checkpoint saved to ./results/5_2_MultiNewer_2D/5_2_MultiNewer_2D/models/checkpoint_epoch_17.pth
[2025-03-03 23:14:18] Epoch: 17		Loss: 2.630864	Loss Translation.: 2.202151	Loss Uncertainty: 0.428713
--ADE (5 time steps): 0.1128	--FDE (5 time steps): 0.1162
--ADE (10 time steps): 0.1506	--FDE (10 time steps): 0.2009
--ADE (15 time steps): 0.1897	--FDE (15 time steps): 0.2857
--ADE (20 time steps): 0.2436	--FDE (20 time steps): 0.4217
[INFO] Checkpoint saved to ./results/5_2_MultiNewer_2D/5_2_MultiNewer_2D/models/checkpoint_epoch_18.pth
[2025-03-03 23:14:26] Epoch: 18		Loss: 2.584979	Loss Translation.: 2.179648	Loss Uncertainty: 0.405331
--ADE (5 time steps): 0.1182	--FDE (5 time steps): 0.1152
--ADE (10 time steps): 0.1524	--FDE (10 time steps): 0.1881
--ADE (15 time steps): 0.1914	--FDE (15 time steps): 0.2880
--ADE (20 time steps): 0.2436	--FDE (20 time steps): 0.4161
[INFO] Checkpoint saved to ./results/5_2_MultiNewer_2D/5_2_MultiNewer_2D/models/checkpoint_epoch_19.pth
[2025-03-03 23:14:34] Epoch: 19		Loss: 2.454402	Loss Translation.: 2.073132	Loss Uncertainty: 0.381270
--ADE (5 time steps): 0.1121	--FDE (5 time steps): 0.1115
--ADE (10 time steps): 0.1457	--FDE (10 time steps): 0.1934
--ADE (15 time steps): 0.1878	--FDE (15 time steps): 0.2903
--ADE (20 time steps): 0.2397	--FDE (20 time steps): 0.4155
[INFO] Checkpoint saved to ./results/5_2_MultiNewer_2D/5_2_MultiNewer_2D/models/checkpoint_epoch_20.pth
[2025-03-03 23:14:42] Epoch: 20		Loss: 2.351357	Loss Translation.: 1.998575	Loss Uncertainty: 0.352782
--ADE (5 time steps): 0.1151	--FDE (5 time steps): 0.1105
--ADE (10 time steps): 0.1499	--FDE (10 time steps): 0.1977
--ADE (15 time steps): 0.1939	--FDE (15 time steps): 0.2814
--ADE (20 time steps): 0.2424	--FDE (20 time steps): 0.4104
[INFO] Checkpoint saved to ./results/5_2_MultiNewer_2D/5_2_MultiNewer_2D/models/checkpoint_epoch_21.pth
[2025-03-03 23:14:50] Epoch: 21		Loss: 2.319577	Loss Translation.: 1.990205	Loss Uncertainty: 0.329372
--ADE (5 time steps): 0.1151	--FDE (5 time steps): 0.1077
--ADE (10 time steps): 0.1523	--FDE (10 time steps): 0.1803
--ADE (15 time steps): 0.1902	--FDE (15 time steps): 0.2746
--ADE (20 time steps): 0.2381	--FDE (20 time steps): 0.4130
[INFO] Checkpoint saved to ./results/5_2_MultiNewer_2D/5_2_MultiNewer_2D/models/checkpoint_epoch_22.pth
[2025-03-03 23:14:58] Epoch: 22		Loss: 2.253943	Loss Translation.: 1.942446	Loss Uncertainty: 0.311498
--ADE (5 time steps): 0.1041	--FDE (5 time steps): 0.1035
--ADE (10 time steps): 0.1366	--FDE (10 time steps): 0.1787
--ADE (15 time steps): 0.1790	--FDE (15 time steps): 0.2693
--ADE (20 time steps): 0.2302	--FDE (20 time steps): 0.4181
[INFO] Checkpoint saved to ./results/5_2_MultiNewer_2D/5_2_MultiNewer_2D/models/checkpoint_epoch_23.pth
[2025-03-03 23:15:06] Epoch: 23		Loss: 2.187220	Loss Translation.: 1.896114	Loss Uncertainty: 0.291106
--ADE (5 time steps): 0.0985	--FDE (5 time steps): 0.0899
--ADE (10 time steps): 0.1326	--FDE (10 time steps): 0.1856
--ADE (15 time steps): 0.1797	--FDE (15 time steps): 0.2838
--ADE (20 time steps): 0.2346	--FDE (20 time steps): 0.4271
[INFO] Checkpoint saved to ./results/5_2_MultiNewer_2D/5_2_MultiNewer_2D/models/checkpoint_epoch_24.pth
[2025-03-03 23:15:14] Epoch: 24		Loss: 2.032479	Loss Translation.: 1.765659	Loss Uncertainty: 0.266820
--ADE (5 time steps): 0.0968	--FDE (5 time steps): 0.0911
--ADE (10 time steps): 0.1256	--FDE (10 time steps): 0.1551
--ADE (15 time steps): 0.1626	--FDE (15 time steps): 0.2582
--ADE (20 time steps): 0.2096	--FDE (20 time steps): 0.3712
[INFO] Checkpoint saved to ./results/5_2_MultiNewer_2D/5_2_MultiNewer_2D/models/checkpoint_epoch_25.pth
[2025-03-03 23:15:22] Epoch: 25		Loss: 1.941146	Loss Translation.: 1.689575	Loss Uncertainty: 0.251570
--ADE (5 time steps): 0.0905	--FDE (5 time steps): 0.0889
--ADE (10 time steps): 0.1201	--FDE (10 time steps): 0.1581
--ADE (15 time steps): 0.1584	--FDE (15 time steps): 0.2565
--ADE (20 time steps): 0.2042	--FDE (20 time steps): 0.3631
[INFO] Checkpoint saved to ./results/5_2_MultiNewer_2D/5_2_MultiNewer_2D/models/checkpoint_epoch_26.pth
[2025-03-03 23:15:29] Epoch: 26		Loss: 1.881616	Loss Translation.: 1.646476	Loss Uncertainty: 0.235140
--ADE (5 time steps): 0.0887	--FDE (5 time steps): 0.0896
--ADE (10 time steps): 0.1164	--FDE (10 time steps): 0.1537
--ADE (15 time steps): 0.1562	--FDE (15 time steps): 0.2537
--ADE (20 time steps): 0.2026	--FDE (20 time steps): 0.3633
[INFO] Checkpoint saved to ./results/5_2_MultiNewer_2D/5_2_MultiNewer_2D/models/checkpoint_epoch_27.pth
[2025-03-03 23:15:37] Epoch: 27		Loss: 1.801138	Loss Translation.: 1.583081	Loss Uncertainty: 0.218057
--ADE (5 time steps): 0.0869	--FDE (5 time steps): 0.0874
--ADE (10 time steps): 0.1178	--FDE (10 time steps): 0.1637
--ADE (15 time steps): 0.1663	--FDE (15 time steps): 0.2748
--ADE (20 time steps): 0.2205	--FDE (20 time steps): 0.4052
[INFO] Checkpoint saved to ./results/5_2_MultiNewer_2D/5_2_MultiNewer_2D/models/checkpoint_epoch_28.pth
[2025-03-03 23:15:45] Epoch: 28		Loss: 1.868070	Loss Translation.: 1.662599	Loss Uncertainty: 0.205471
--ADE (5 time steps): 0.0846	--FDE (5 time steps): 0.0858
--ADE (10 time steps): 0.1178	--FDE (10 time steps): 0.1655
--ADE (15 time steps): 0.1659	--FDE (15 time steps): 0.2846
--ADE (20 time steps): 0.2213	--FDE (20 time steps): 0.4039
[INFO] Checkpoint saved to ./results/5_2_MultiNewer_2D/5_2_MultiNewer_2D/models/checkpoint_epoch_29.pth
[2025-03-03 23:15:53] Epoch: 29		Loss: 1.800862	Loss Translation.: 1.610443	Loss Uncertainty: 0.190419
--ADE (5 time steps): 0.0869	--FDE (5 time steps): 0.0870
--ADE (10 time steps): 0.1161	--FDE (10 time steps): 0.1552
--ADE (15 time steps): 0.1595	--FDE (15 time steps): 0.2629
--ADE (20 time steps): 0.2100	--FDE (20 time steps): 0.3768
[INFO] Checkpoint saved to ./results/5_2_MultiNewer_2D/5_2_MultiNewer_2D/models/checkpoint_epoch_30.pth
[2025-03-03 23:16:01] Epoch: 30		Loss: 1.734923	Loss Translation.: 1.558437	Loss Uncertainty: 0.176486
--ADE (5 time steps): 0.0837	--FDE (5 time steps): 0.0831
--ADE (10 time steps): 0.1135	--FDE (10 time steps): 0.1500
--ADE (15 time steps): 0.1586	--FDE (15 time steps): 0.2633
--ADE (20 time steps): 0.2113	--FDE (20 time steps): 0.3881
[INFO] Checkpoint saved to ./results/5_2_MultiNewer_2D/5_2_MultiNewer_2D/models/checkpoint_epoch_31.pth
[2025-03-03 23:16:09] Epoch: 31		Loss: 1.653044	Loss Translation.: 1.492736	Loss Uncertainty: 0.160308
--ADE (5 time steps): 0.0857	--FDE (5 time steps): 0.0852
--ADE (10 time steps): 0.1171	--FDE (10 time steps): 0.1558
--ADE (15 time steps): 0.1641	--FDE (15 time steps): 0.2704
--ADE (20 time steps): 0.2172	--FDE (20 time steps): 0.3985
[INFO] Checkpoint saved to ./results/5_2_MultiNewer_2D/5_2_MultiNewer_2D/models/checkpoint_epoch_32.pth
[2025-03-03 23:16:17] Epoch: 32		Loss: 1.617181	Loss Translation.: 1.471248	Loss Uncertainty: 0.145932
--ADE (5 time steps): 0.0828	--FDE (5 time steps): 0.0833
--ADE (10 time steps): 0.1121	--FDE (10 time steps): 0.1541
--ADE (15 time steps): 0.1567	--FDE (15 time steps): 0.2587
--ADE (20 time steps): 0.2050	--FDE (20 time steps): 0.3727
[INFO] Checkpoint saved to ./results/5_2_MultiNewer_2D/5_2_MultiNewer_2D/models/checkpoint_epoch_33.pth
[2025-03-03 23:16:25] Epoch: 33		Loss: 1.568943	Loss Translation.: 1.431573	Loss Uncertainty: 0.137370
--ADE (5 time steps): 0.0806	--FDE (5 time steps): 0.0803
--ADE (10 time steps): 0.1097	--FDE (10 time steps): 0.1525
--ADE (15 time steps): 0.1543	--FDE (15 time steps): 0.2566
--ADE (20 time steps): 0.2024	--FDE (20 time steps): 0.3724
[INFO] Checkpoint saved to ./results/5_2_MultiNewer_2D/5_2_MultiNewer_2D/models/checkpoint_epoch_34.pth
[2025-03-03 23:16:33] Epoch: 34		Loss: 1.505794	Loss Translation.: 1.377791	Loss Uncertainty: 0.128003
--ADE (5 time steps): 0.0810	--FDE (5 time steps): 0.0795
--ADE (10 time steps): 0.1103	--FDE (10 time steps): 0.1527
--ADE (15 time steps): 0.1548	--FDE (15 time steps): 0.2555
--ADE (20 time steps): 0.2024	--FDE (20 time steps): 0.3719
[INFO] Checkpoint saved to ./results/5_2_MultiNewer_2D/5_2_MultiNewer_2D/models/checkpoint_epoch_35.pth
[2025-03-03 23:16:40] Epoch: 35		Loss: 1.458565	Loss Translation.: 1.341193	Loss Uncertainty: 0.117372
--ADE (5 time steps): 0.0811	--FDE (5 time steps): 0.0794
--ADE (10 time steps): 0.1107	--FDE (10 time steps): 0.1529
--ADE (15 time steps): 0.1544	--FDE (15 time steps): 0.2564
--ADE (20 time steps): 0.2019	--FDE (20 time steps): 0.3711
[INFO] Checkpoint saved to ./results/5_2_MultiNewer_2D/5_2_MultiNewer_2D/models/checkpoint_epoch_36.pth
[2025-03-03 23:16:48] Epoch: 36		Loss: 1.385703	Loss Translation.: 1.279564	Loss Uncertainty: 0.106139
--ADE (5 time steps): 0.0812	--FDE (5 time steps): 0.0795
--ADE (10 time steps): 0.1146	--FDE (10 time steps): 0.1565
--ADE (15 time steps): 0.1591	--FDE (15 time steps): 0.2622
--ADE (20 time steps): 0.2085	--FDE (20 time steps): 0.3865
[INFO] Checkpoint saved to ./results/5_2_MultiNewer_2D/5_2_MultiNewer_2D/models/checkpoint_epoch_37.pth
[2025-03-03 23:16:56] Epoch: 37		Loss: 1.341702	Loss Translation.: 1.246579	Loss Uncertainty: 0.095123
--ADE (5 time steps): 0.0814	--FDE (5 time steps): 0.0801
--ADE (10 time steps): 0.1132	--FDE (10 time steps): 0.1515
--ADE (15 time steps): 0.1562	--FDE (15 time steps): 0.2602
--ADE (20 time steps): 0.2058	--FDE (20 time steps): 0.3835
[INFO] Checkpoint saved to ./results/5_2_MultiNewer_2D/5_2_MultiNewer_2D/models/checkpoint_epoch_38.pth
[2025-03-03 23:17:04] Epoch: 38		Loss: 1.319533	Loss Translation.: 1.234275	Loss Uncertainty: 0.085258
--ADE (5 time steps): 0.0833	--FDE (5 time steps): 0.0815
--ADE (10 time steps): 0.1164	--FDE (10 time steps): 0.1557
--ADE (15 time steps): 0.1591	--FDE (15 time steps): 0.2644
--ADE (20 time steps): 0.2082	--FDE (20 time steps): 0.3780
[INFO] Checkpoint saved to ./results/5_2_MultiNewer_2D/5_2_MultiNewer_2D/models/checkpoint_epoch_39.pth
[2025-03-03 23:17:12] Epoch: 39		Loss: 1.277674	Loss Translation.: 1.203836	Loss Uncertainty: 0.073838
--ADE (5 time steps): 0.0877	--FDE (5 time steps): 0.0895
--ADE (10 time steps): 0.1218	--FDE (10 time steps): 0.1649
--ADE (15 time steps): 0.1681	--FDE (15 time steps): 0.2736
--ADE (20 time steps): 0.2172	--FDE (20 time steps): 0.3911
[INFO] Checkpoint saved to ./results/5_2_MultiNewer_2D/5_2_MultiNewer_2D/models/checkpoint_epoch_40.pth
[2025-03-03 23:17:20] Epoch: 40		Loss: 1.386205	Loss Translation.: 1.318664	Loss Uncertainty: 0.067541
--ADE (5 time steps): 0.0864	--FDE (5 time steps): 0.0883
--ADE (10 time steps): 0.1156	--FDE (10 time steps): 0.1564
--ADE (15 time steps): 0.1578	--FDE (15 time steps): 0.2582
--ADE (20 time steps): 0.2040	--FDE (20 time steps): 0.3685
[INFO] Checkpoint saved to ./results/5_2_MultiNewer_2D/5_2_MultiNewer_2D/models/checkpoint_epoch_41.pth
[2025-03-03 23:17:28] Epoch: 41		Loss: 1.350836	Loss Translation.: 1.289353	Loss Uncertainty: 0.061482
--ADE (5 time steps): 0.0850	--FDE (5 time steps): 0.0869
--ADE (10 time steps): 0.1146	--FDE (10 time steps): 0.1549
--ADE (15 time steps): 0.1546	--FDE (15 time steps): 0.2526
--ADE (20 time steps): 0.1999	--FDE (20 time steps): 0.3625
[INFO] Checkpoint saved to ./results/5_2_MultiNewer_2D/5_2_MultiNewer_2D/models/checkpoint_epoch_42.pth
[2025-03-03 23:17:36] Epoch: 42		Loss: 1.302330	Loss Translation.: 1.246359	Loss Uncertainty: 0.055970
--ADE (5 time steps): 0.0849	--FDE (5 time steps): 0.0877
--ADE (10 time steps): 0.1151	--FDE (10 time steps): 0.1555
--ADE (15 time steps): 0.1553	--FDE (15 time steps): 0.2540
--ADE (20 time steps): 0.2007	--FDE (20 time steps): 0.3638
[INFO] Checkpoint saved to ./results/5_2_MultiNewer_2D/5_2_MultiNewer_2D/models/checkpoint_epoch_43.pth
[2025-03-03 23:17:44] Epoch: 43		Loss: 1.256533	Loss Translation.: 1.206506	Loss Uncertainty: 0.050028
--ADE (5 time steps): 0.0856	--FDE (5 time steps): 0.0881
--ADE (10 time steps): 0.1162	--FDE (10 time steps): 0.1551
--ADE (15 time steps): 0.1568	--FDE (15 time steps): 0.2558
--ADE (20 time steps): 0.2025	--FDE (20 time steps): 0.3663
[INFO] Checkpoint saved to ./results/5_2_MultiNewer_2D/5_2_MultiNewer_2D/models/checkpoint_epoch_44.pth
[2025-03-03 23:17:52] Epoch: 44		Loss: 1.215756	Loss Translation.: 1.171838	Loss Uncertainty: 0.043918
--ADE (5 time steps): 0.0867	--FDE (5 time steps): 0.0891
--ADE (10 time steps): 0.1173	--FDE (10 time steps): 0.1544
--ADE (15 time steps): 0.1580	--FDE (15 time steps): 0.2567
--ADE (20 time steps): 0.2044	--FDE (20 time steps): 0.3689
[INFO] Checkpoint saved to ./results/5_2_MultiNewer_2D/5_2_MultiNewer_2D/models/checkpoint_epoch_45.pth
[2025-03-03 23:18:00] Epoch: 45		Loss: 1.181488	Loss Translation.: 1.143868	Loss Uncertainty: 0.037619
--ADE (5 time steps): 0.0870	--FDE (5 time steps): 0.0892
--ADE (10 time steps): 0.1175	--FDE (10 time steps): 0.1528
--ADE (15 time steps): 0.1579	--FDE (15 time steps): 0.2549
--ADE (20 time steps): 0.2041	--FDE (20 time steps): 0.3687
[INFO] Checkpoint saved to ./results/5_2_MultiNewer_2D/5_2_MultiNewer_2D/models/checkpoint_epoch_46.pth
[2025-03-03 23:18:08] Epoch: 46		Loss: 1.161364	Loss Translation.: 1.129966	Loss Uncertainty: 0.031398
--ADE (5 time steps): 0.0871	--FDE (5 time steps): 0.0891
--ADE (10 time steps): 0.1179	--FDE (10 time steps): 0.1544
--ADE (15 time steps): 0.1581	--FDE (15 time steps): 0.2554
--ADE (20 time steps): 0.2043	--FDE (20 time steps): 0.3681
[INFO] Checkpoint saved to ./results/5_2_MultiNewer_2D/5_2_MultiNewer_2D/models/checkpoint_epoch_47.pth
[2025-03-03 23:18:16] Epoch: 47		Loss: 1.135525	Loss Translation.: 1.110722	Loss Uncertainty: 0.024804
--ADE (5 time steps): 0.0874	--FDE (5 time steps): 0.0897
--ADE (10 time steps): 0.1183	--FDE (10 time steps): 0.1539
--ADE (15 time steps): 0.1583	--FDE (15 time steps): 0.2550
--ADE (20 time steps): 0.2040	--FDE (20 time steps): 0.3658
[INFO] Checkpoint saved to ./results/5_2_MultiNewer_2D/5_2_MultiNewer_2D/models/checkpoint_epoch_48.pth
[2025-03-03 23:18:24] Epoch: 48		Loss: 1.163479	Loss Translation.: 1.144305	Loss Uncertainty: 0.019174
--ADE (5 time steps): 0.0853	--FDE (5 time steps): 0.0861
--ADE (10 time steps): 0.1146	--FDE (10 time steps): 0.1540
--ADE (15 time steps): 0.1507	--FDE (15 time steps): 0.2410
--ADE (20 time steps): 0.1915	--FDE (20 time steps): 0.3414
[INFO] Checkpoint saved to ./results/5_2_MultiNewer_2D/5_2_MultiNewer_2D/models/checkpoint_epoch_49.pth
[2025-03-03 23:18:32] Epoch: 49		Loss: 1.138436	Loss Translation.: 1.122126	Loss Uncertainty: 0.016311
--ADE (5 time steps): 0.0850	--FDE (5 time steps): 0.0855
--ADE (10 time steps): 0.1145	--FDE (10 time steps): 0.1546
--ADE (15 time steps): 0.1511	--FDE (15 time steps): 0.2420
--ADE (20 time steps): 0.1922	--FDE (20 time steps): 0.3422
[INFO] Checkpoint saved to ./results/5_2_MultiNewer_2D/5_2_MultiNewer_2D/models/checkpoint_epoch_50.pth
[2025-03-03 23:18:40] Epoch: 50		Loss: 1.114253	Loss Translation.: 1.101304	Loss Uncertainty: 0.012949
--ADE (5 time steps): 0.0849	--FDE (5 time steps): 0.0851
--ADE (10 time steps): 0.1146	--FDE (10 time steps): 0.1549
--ADE (15 time steps): 0.1513	--FDE (15 time steps): 0.2425
--ADE (20 time steps): 0.1926	--FDE (20 time steps): 0.3424
[INFO] Checkpoint saved to ./results/5_2_MultiNewer_2D/5_2_MultiNewer_2D/models/checkpoint_epoch_51.pth
[2025-03-03 23:18:47] Epoch: 51		Loss: 1.092051	Loss Translation.: 1.082564	Loss Uncertainty: 0.009487
--ADE (5 time steps): 0.0850	--FDE (5 time steps): 0.0849
--ADE (10 time steps): 0.1149	--FDE (10 time steps): 0.1546
--ADE (15 time steps): 0.1517	--FDE (15 time steps): 0.2428
--ADE (20 time steps): 0.1931	--FDE (20 time steps): 0.3427
[INFO] Checkpoint saved to ./results/5_2_MultiNewer_2D/5_2_MultiNewer_2D/models/checkpoint_epoch_52.pth
[2025-03-03 23:18:55] Epoch: 52		Loss: 1.074241	Loss Translation.: 1.068341	Loss Uncertainty: 0.005900
--ADE (5 time steps): 0.0850	--FDE (5 time steps): 0.0848
--ADE (10 time steps): 0.1150	--FDE (10 time steps): 0.1543
--ADE (15 time steps): 0.1517	--FDE (15 time steps): 0.2428
--ADE (20 time steps): 0.1931	--FDE (20 time steps): 0.3422
[INFO] Checkpoint saved to ./results/5_2_MultiNewer_2D/5_2_MultiNewer_2D/models/checkpoint_epoch_53.pth
[2025-03-03 23:19:03] Epoch: 53		Loss: 1.058166	Loss Translation.: 1.055907	Loss Uncertainty: 0.002259
--ADE (5 time steps): 0.0851	--FDE (5 time steps): 0.0848
--ADE (10 time steps): 0.1153	--FDE (10 time steps): 0.1541
--ADE (15 time steps): 0.1521	--FDE (15 time steps): 0.2431
--ADE (20 time steps): 0.1934	--FDE (20 time steps): 0.3417
[INFO] Checkpoint saved to ./results/5_2_MultiNewer_2D/5_2_MultiNewer_2D/models/checkpoint_epoch_54.pth
[2025-03-03 23:19:11] Epoch: 54		Loss: 1.042895	Loss Translation.: 1.044368	Loss Uncertainty: -0.001473
--ADE (5 time steps): 0.0853	--FDE (5 time steps): 0.0849
--ADE (10 time steps): 0.1155	--FDE (10 time steps): 0.1539
--ADE (15 time steps): 0.1521	--FDE (15 time steps): 0.2430
--ADE (20 time steps): 0.1934	--FDE (20 time steps): 0.3415
[INFO] Checkpoint saved to ./results/5_2_MultiNewer_2D/5_2_MultiNewer_2D/models/checkpoint_epoch_55.pth
[2025-03-03 23:19:19] Epoch: 55		Loss: 1.026572	Loss Translation.: 1.031731	Loss Uncertainty: -0.005159
--ADE (5 time steps): 0.0853	--FDE (5 time steps): 0.0850
--ADE (10 time steps): 0.1156	--FDE (10 time steps): 0.1537
--ADE (15 time steps): 0.1524	--FDE (15 time steps): 0.2432
--ADE (20 time steps): 0.1936	--FDE (20 time steps): 0.3410
[INFO] Checkpoint saved to ./results/5_2_MultiNewer_2D/5_2_MultiNewer_2D/models/checkpoint_epoch_56.pth
[2025-03-03 23:19:27] Epoch: 56		Loss: 1.041732	Loss Translation.: 1.049992	Loss Uncertainty: -0.008261
--ADE (5 time steps): 0.0848	--FDE (5 time steps): 0.0857
--ADE (10 time steps): 0.1159	--FDE (10 time steps): 0.1557
--ADE (15 time steps): 0.1529	--FDE (15 time steps): 0.2450
--ADE (20 time steps): 0.1942	--FDE (20 time steps): 0.3403
[INFO] Checkpoint saved to ./results/5_2_MultiNewer_2D/5_2_MultiNewer_2D/models/checkpoint_epoch_57.pth
[2025-03-03 23:19:35] Epoch: 57		Loss: 1.052915	Loss Translation.: 1.061955	Loss Uncertainty: -0.009040
--ADE (5 time steps): 0.0841	--FDE (5 time steps): 0.0850
--ADE (10 time steps): 0.1156	--FDE (10 time steps): 0.1554
--ADE (15 time steps): 0.1528	--FDE (15 time steps): 0.2452
--ADE (20 time steps): 0.1942	--FDE (20 time steps): 0.3406
[INFO] Checkpoint saved to ./results/5_2_MultiNewer_2D/5_2_MultiNewer_2D/models/checkpoint_epoch_58.pth
[2025-03-03 23:19:43] Epoch: 58		Loss: 1.033264	Loss Translation.: 1.044523	Loss Uncertainty: -0.011259
--ADE (5 time steps): 0.0840	--FDE (5 time steps): 0.0850
--ADE (10 time steps): 0.1156	--FDE (10 time steps): 0.1558
--ADE (15 time steps): 0.1528	--FDE (15 time steps): 0.2453
--ADE (20 time steps): 0.1941	--FDE (20 time steps): 0.3403
[INFO] Checkpoint saved to ./results/5_2_MultiNewer_2D/5_2_MultiNewer_2D/models/checkpoint_epoch_59.pth
[2025-03-03 23:19:51] Epoch: 59		Loss: 1.022218	Loss Translation.: 1.035426	Loss Uncertainty: -0.013208
--ADE (5 time steps): 0.0840	--FDE (5 time steps): 0.0849
--ADE (10 time steps): 0.1155	--FDE (10 time steps): 0.1558
--ADE (15 time steps): 0.1529	--FDE (15 time steps): 0.2453
--ADE (20 time steps): 0.1940	--FDE (20 time steps): 0.3400
[INFO] Checkpoint saved to ./results/5_2_MultiNewer_2D/5_2_MultiNewer_2D/models/checkpoint_epoch_60.pth
[2025-03-03 23:19:59] Epoch: 60		Loss: 1.011930	Loss Translation.: 1.027098	Loss Uncertainty: -0.015168
--ADE (5 time steps): 0.0837	--FDE (5 time steps): 0.0847
--ADE (10 time steps): 0.1153	--FDE (10 time steps): 0.1556
--ADE (15 time steps): 0.1528	--FDE (15 time steps): 0.2451
--ADE (20 time steps): 0.1938	--FDE (20 time steps): 0.3394
[INFO] Checkpoint saved to ./results/5_2_MultiNewer_2D/5_2_MultiNewer_2D/models/checkpoint_epoch_61.pth
[2025-03-03 23:20:06] Epoch: 61		Loss: 1.000057	Loss Translation.: 1.017302	Loss Uncertainty: -0.017245
--ADE (5 time steps): 0.0837	--FDE (5 time steps): 0.0847
--ADE (10 time steps): 0.1154	--FDE (10 time steps): 0.1558
--ADE (15 time steps): 0.1529	--FDE (15 time steps): 0.2451
--ADE (20 time steps): 0.1939	--FDE (20 time steps): 0.3392
[INFO] Checkpoint saved to ./results/5_2_MultiNewer_2D/5_2_MultiNewer_2D/models/checkpoint_epoch_62.pth
[2025-03-03 23:20:14] Epoch: 62		Loss: 0.991168	Loss Translation.: 1.010465	Loss Uncertainty: -0.019298
--ADE (5 time steps): 0.0837	--FDE (5 time steps): 0.0849
--ADE (10 time steps): 0.1153	--FDE (10 time steps): 0.1558
--ADE (15 time steps): 0.1530	--FDE (15 time steps): 0.2450
--ADE (20 time steps): 0.1939	--FDE (20 time steps): 0.3387
[INFO] Checkpoint saved to ./results/5_2_MultiNewer_2D/5_2_MultiNewer_2D/models/checkpoint_epoch_63.pth
[2025-03-03 23:20:22] Epoch: 63		Loss: 0.982212	Loss Translation.: 1.003561	Loss Uncertainty: -0.021349
--ADE (5 time steps): 0.0837	--FDE (5 time steps): 0.0849
--ADE (10 time steps): 0.1154	--FDE (10 time steps): 0.1558
--ADE (15 time steps): 0.1532	--FDE (15 time steps): 0.2450
--ADE (20 time steps): 0.1939	--FDE (20 time steps): 0.3382
[INFO] Checkpoint saved to ./results/5_2_MultiNewer_2D/5_2_MultiNewer_2D/models/checkpoint_epoch_64.pth
[2025-03-03 23:20:30] Epoch: 64		Loss: 0.977339	Loss Translation.: 1.000099	Loss Uncertainty: -0.022760
--ADE (5 time steps): 0.0820	--FDE (5 time steps): 0.0834
--ADE (10 time steps): 0.1122	--FDE (10 time steps): 0.1508
--ADE (15 time steps): 0.1501	--FDE (15 time steps): 0.2406
--ADE (20 time steps): 0.1913	--FDE (20 time steps): 0.3356
[INFO] Checkpoint saved to ./results/5_2_MultiNewer_2D/5_2_MultiNewer_2D/models/checkpoint_epoch_65.pth
[2025-03-03 23:20:38] Epoch: 65		Loss: 0.960553	Loss Translation.: 0.985328	Loss Uncertainty: -0.024775
--ADE (5 time steps): 0.0822	--FDE (5 time steps): 0.0836
--ADE (10 time steps): 0.1125	--FDE (10 time steps): 0.1511
--ADE (15 time steps): 0.1503	--FDE (15 time steps): 0.2407
--ADE (20 time steps): 0.1915	--FDE (20 time steps): 0.3354
[INFO] Checkpoint saved to ./results/5_2_MultiNewer_2D/5_2_MultiNewer_2D/models/checkpoint_epoch_66.pth
[2025-03-03 23:20:46] Epoch: 66		Loss: 0.954055	Loss Translation.: 0.979964	Loss Uncertainty: -0.025909
--ADE (5 time steps): 0.0822	--FDE (5 time steps): 0.0837
--ADE (10 time steps): 0.1126	--FDE (10 time steps): 0.1511
--ADE (15 time steps): 0.1503	--FDE (15 time steps): 0.2407
--ADE (20 time steps): 0.1917	--FDE (20 time steps): 0.3354
[INFO] Checkpoint saved to ./results/5_2_MultiNewer_2D/5_2_MultiNewer_2D/models/checkpoint_epoch_67.pth
[2025-03-03 23:20:54] Epoch: 67		Loss: 0.948032	Loss Translation.: 0.975127	Loss Uncertainty: -0.027095
--ADE (5 time steps): 0.0821	--FDE (5 time steps): 0.0838
--ADE (10 time steps): 0.1127	--FDE (10 time steps): 0.1511
--ADE (15 time steps): 0.1503	--FDE (15 time steps): 0.2405
--ADE (20 time steps): 0.1917	--FDE (20 time steps): 0.3353
[INFO] Checkpoint saved to ./results/5_2_MultiNewer_2D/5_2_MultiNewer_2D/models/checkpoint_epoch_68.pth
[2025-03-03 23:21:02] Epoch: 68		Loss: 0.942229	Loss Translation.: 0.970536	Loss Uncertainty: -0.028306
--ADE (5 time steps): 0.0822	--FDE (5 time steps): 0.0839
--ADE (10 time steps): 0.1129	--FDE (10 time steps): 0.1510
--ADE (15 time steps): 0.1504	--FDE (15 time steps): 0.2403
--ADE (20 time steps): 0.1918	--FDE (20 time steps): 0.3352
[INFO] Checkpoint saved to ./results/5_2_MultiNewer_2D/5_2_MultiNewer_2D/models/checkpoint_epoch_69.pth
[2025-03-03 23:21:10] Epoch: 69		Loss: 0.936937	Loss Translation.: 0.966393	Loss Uncertainty: -0.029456
--ADE (5 time steps): 0.0822	--FDE (5 time steps): 0.0839
--ADE (10 time steps): 0.1130	--FDE (10 time steps): 0.1512
--ADE (15 time steps): 0.1504	--FDE (15 time steps): 0.2401
--ADE (20 time steps): 0.1919	--FDE (20 time steps): 0.3350
[INFO] Checkpoint saved to ./results/5_2_MultiNewer_2D/5_2_MultiNewer_2D/models/checkpoint_epoch_70.pth
[2025-03-03 23:21:17] Epoch: 70		Loss: 0.931737	Loss Translation.: 0.962379	Loss Uncertainty: -0.030641
--ADE (5 time steps): 0.0821	--FDE (5 time steps): 0.0840
--ADE (10 time steps): 0.1130	--FDE (10 time steps): 0.1510
--ADE (15 time steps): 0.1504	--FDE (15 time steps): 0.2398
--ADE (20 time steps): 0.1919	--FDE (20 time steps): 0.3348
[INFO] Checkpoint saved to ./results/5_2_MultiNewer_2D/5_2_MultiNewer_2D/models/checkpoint_epoch_71.pth
[2025-03-03 23:21:25] Epoch: 71		Loss: 0.926920	Loss Translation.: 0.958714	Loss Uncertainty: -0.031794
--ADE (5 time steps): 0.0822	--FDE (5 time steps): 0.0840
--ADE (10 time steps): 0.1131	--FDE (10 time steps): 0.1512
--ADE (15 time steps): 0.1505	--FDE (15 time steps): 0.2397
--ADE (20 time steps): 0.1919	--FDE (20 time steps): 0.3344
[INFO] Checkpoint saved to ./results/5_2_MultiNewer_2D/5_2_MultiNewer_2D/models/checkpoint_epoch_72.pth
[2025-03-03 23:21:33] Epoch: 72		Loss: 0.915698	Loss Translation.: 0.948510	Loss Uncertainty: -0.032812
--ADE (5 time steps): 0.0817	--FDE (5 time steps): 0.0842
--ADE (10 time steps): 0.1126	--FDE (10 time steps): 0.1498
--ADE (15 time steps): 0.1495	--FDE (15 time steps): 0.2383
--ADE (20 time steps): 0.1909	--FDE (20 time steps): 0.3346
[INFO] Checkpoint saved to ./results/5_2_MultiNewer_2D/5_2_MultiNewer_2D/models/checkpoint_epoch_73.pth
[2025-03-03 23:21:41] Epoch: 73		Loss: 0.909166	Loss Translation.: 0.942995	Loss Uncertainty: -0.033829
--ADE (5 time steps): 0.0818	--FDE (5 time steps): 0.0844
--ADE (10 time steps): 0.1127	--FDE (10 time steps): 0.1497
--ADE (15 time steps): 0.1494	--FDE (15 time steps): 0.2381
--ADE (20 time steps): 0.1909	--FDE (20 time steps): 0.3345
[INFO] Checkpoint saved to ./results/5_2_MultiNewer_2D/5_2_MultiNewer_2D/models/checkpoint_epoch_74.pth
[2025-03-03 23:21:49] Epoch: 74		Loss: 0.906458	Loss Translation.: 0.940929	Loss Uncertainty: -0.034471
--ADE (5 time steps): 0.0818	--FDE (5 time steps): 0.0845
--ADE (10 time steps): 0.1128	--FDE (10 time steps): 0.1498
--ADE (15 time steps): 0.1494	--FDE (15 time steps): 0.2380
--ADE (20 time steps): 0.1908	--FDE (20 time steps): 0.3344
[INFO] Checkpoint saved to ./results/5_2_MultiNewer_2D/5_2_MultiNewer_2D/models/checkpoint_epoch_75.pth
[2025-03-03 23:21:57] Epoch: 75		Loss: 0.903998	Loss Translation.: 0.939105	Loss Uncertainty: -0.035107
--ADE (5 time steps): 0.0819	--FDE (5 time steps): 0.0845
--ADE (10 time steps): 0.1129	--FDE (10 time steps): 0.1498
--ADE (15 time steps): 0.1494	--FDE (15 time steps): 0.2379
--ADE (20 time steps): 0.1908	--FDE (20 time steps): 0.3342
[INFO] Checkpoint saved to ./results/5_2_MultiNewer_2D/5_2_MultiNewer_2D/models/checkpoint_epoch_76.pth
[2025-03-03 23:22:05] Epoch: 76		Loss: 0.901470	Loss Translation.: 0.937150	Loss Uncertainty: -0.035680
--ADE (5 time steps): 0.0819	--FDE (5 time steps): 0.0846
--ADE (10 time steps): 0.1130	--FDE (10 time steps): 0.1498
--ADE (15 time steps): 0.1494	--FDE (15 time steps): 0.2379
--ADE (20 time steps): 0.1908	--FDE (20 time steps): 0.3340
[INFO] Checkpoint saved to ./results/5_2_MultiNewer_2D/5_2_MultiNewer_2D/models/checkpoint_epoch_77.pth
[2025-03-03 23:22:13] Epoch: 77		Loss: 0.899128	Loss Translation.: 0.935452	Loss Uncertainty: -0.036324
--ADE (5 time steps): 0.0820	--FDE (5 time steps): 0.0846
--ADE (10 time steps): 0.1130	--FDE (10 time steps): 0.1498
--ADE (15 time steps): 0.1494	--FDE (15 time steps): 0.2378
--ADE (20 time steps): 0.1907	--FDE (20 time steps): 0.3338
[INFO] Checkpoint saved to ./results/5_2_MultiNewer_2D/5_2_MultiNewer_2D/models/checkpoint_epoch_78.pth
[2025-03-03 23:22:21] Epoch: 78		Loss: 0.896857	Loss Translation.: 0.933757	Loss Uncertainty: -0.036900
--ADE (5 time steps): 0.0820	--FDE (5 time steps): 0.0846
--ADE (10 time steps): 0.1130	--FDE (10 time steps): 0.1499
--ADE (15 time steps): 0.1494	--FDE (15 time steps): 0.2378
--ADE (20 time steps): 0.1907	--FDE (20 time steps): 0.3337
[INFO] Checkpoint saved to ./results/5_2_MultiNewer_2D/5_2_MultiNewer_2D/models/checkpoint_epoch_79.pth
[2025-03-03 23:22:29] Epoch: 79		Loss: 0.894646	Loss Translation.: 0.932172	Loss Uncertainty: -0.037526
--ADE (5 time steps): 0.0820	--FDE (5 time steps): 0.0846
--ADE (10 time steps): 0.1130	--FDE (10 time steps): 0.1499
--ADE (15 time steps): 0.1494	--FDE (15 time steps): 0.2377
--ADE (20 time steps): 0.1906	--FDE (20 time steps): 0.3335
[INFO] Checkpoint saved to ./results/5_2_MultiNewer_2D/5_2_MultiNewer_2D/models/checkpoint_epoch_80.pth
[2025-03-03 23:22:37] Epoch: 80		Loss: 0.888006	Loss Translation.: 0.926231	Loss Uncertainty: -0.038225
--ADE (5 time steps): 0.0820	--FDE (5 time steps): 0.0846
--ADE (10 time steps): 0.1130	--FDE (10 time steps): 0.1503
--ADE (15 time steps): 0.1495	--FDE (15 time steps): 0.2377
--ADE (20 time steps): 0.1904	--FDE (20 time steps): 0.3329
[INFO] Checkpoint saved to ./results/5_2_MultiNewer_2D/5_2_MultiNewer_2D/models/checkpoint_epoch_81.pth
[2025-03-03 23:22:45] Epoch: 81		Loss: 0.885760	Loss Translation.: 0.924318	Loss Uncertainty: -0.038558
--ADE (5 time steps): 0.0820	--FDE (5 time steps): 0.0847
--ADE (10 time steps): 0.1130	--FDE (10 time steps): 0.1502
--ADE (15 time steps): 0.1495	--FDE (15 time steps): 0.2376
--ADE (20 time steps): 0.1903	--FDE (20 time steps): 0.3327
[INFO] Checkpoint saved to ./results/5_2_MultiNewer_2D/5_2_MultiNewer_2D/models/checkpoint_epoch_82.pth
[2025-03-03 23:22:53] Epoch: 82		Loss: 0.884415	Loss Translation.: 0.923278	Loss Uncertainty: -0.038863
--ADE (5 time steps): 0.0820	--FDE (5 time steps): 0.0847
--ADE (10 time steps): 0.1131	--FDE (10 time steps): 0.1503
--ADE (15 time steps): 0.1495	--FDE (15 time steps): 0.2375
--ADE (20 time steps): 0.1903	--FDE (20 time steps): 0.3326
[INFO] Checkpoint saved to ./results/5_2_MultiNewer_2D/5_2_MultiNewer_2D/models/checkpoint_epoch_83.pth
[2025-03-03 23:23:00] Epoch: 83		Loss: 0.883145	Loss Translation.: 0.922321	Loss Uncertainty: -0.039176
--ADE (5 time steps): 0.0820	--FDE (5 time steps): 0.0847
--ADE (10 time steps): 0.1131	--FDE (10 time steps): 0.1503
--ADE (15 time steps): 0.1495	--FDE (15 time steps): 0.2375
--ADE (20 time steps): 0.1902	--FDE (20 time steps): 0.3325
[INFO] Checkpoint saved to ./results/5_2_MultiNewer_2D/5_2_MultiNewer_2D/models/checkpoint_epoch_84.pth
[2025-03-03 23:23:08] Epoch: 84		Loss: 0.881890	Loss Translation.: 0.921385	Loss Uncertainty: -0.039496
--ADE (5 time steps): 0.0821	--FDE (5 time steps): 0.0847
--ADE (10 time steps): 0.1131	--FDE (10 time steps): 0.1503
--ADE (15 time steps): 0.1495	--FDE (15 time steps): 0.2374
--ADE (20 time steps): 0.1902	--FDE (20 time steps): 0.3324
[INFO] Checkpoint saved to ./results/5_2_MultiNewer_2D/5_2_MultiNewer_2D/models/checkpoint_epoch_85.pth
[2025-03-03 23:23:16] Epoch: 85		Loss: 0.880760	Loss Translation.: 0.920588	Loss Uncertainty: -0.039828
--ADE (5 time steps): 0.0821	--FDE (5 time steps): 0.0847
--ADE (10 time steps): 0.1131	--FDE (10 time steps): 0.1503
--ADE (15 time steps): 0.1495	--FDE (15 time steps): 0.2374
--ADE (20 time steps): 0.1902	--FDE (20 time steps): 0.3323
[INFO] Checkpoint saved to ./results/5_2_MultiNewer_2D/5_2_MultiNewer_2D/models/checkpoint_epoch_86.pth
[2025-03-03 23:23:24] Epoch: 86		Loss: 0.879610	Loss Translation.: 0.919754	Loss Uncertainty: -0.040143
--ADE (5 time steps): 0.0821	--FDE (5 time steps): 0.0847
--ADE (10 time steps): 0.1131	--FDE (10 time steps): 0.1503
--ADE (15 time steps): 0.1495	--FDE (15 time steps): 0.2374
--ADE (20 time steps): 0.1901	--FDE (20 time steps): 0.3322
[INFO] Checkpoint saved to ./results/5_2_MultiNewer_2D/5_2_MultiNewer_2D/models/checkpoint_epoch_87.pth
[2025-03-03 23:23:32] Epoch: 87		Loss: 0.878559	Loss Translation.: 0.919026	Loss Uncertainty: -0.040467
--ADE (5 time steps): 0.0821	--FDE (5 time steps): 0.0847
--ADE (10 time steps): 0.1132	--FDE (10 time steps): 0.1504
--ADE (15 time steps): 0.1495	--FDE (15 time steps): 0.2373
--ADE (20 time steps): 0.1901	--FDE (20 time steps): 0.3321
[INFO] Checkpoint saved to ./results/5_2_MultiNewer_2D/5_2_MultiNewer_2D/models/checkpoint_epoch_88.pth
[2025-03-03 23:23:40] Epoch: 88		Loss: 0.874279	Loss Translation.: 0.915089	Loss Uncertainty: -0.040810
--ADE (5 time steps): 0.0822	--FDE (5 time steps): 0.0847
--ADE (10 time steps): 0.1133	--FDE (10 time steps): 0.1506
--ADE (15 time steps): 0.1496	--FDE (15 time steps): 0.2374
--ADE (20 time steps): 0.1901	--FDE (20 time steps): 0.3319
[INFO] Checkpoint saved to ./results/5_2_MultiNewer_2D/5_2_MultiNewer_2D/models/checkpoint_epoch_89.pth
[2025-03-03 23:23:48] Epoch: 89		Loss: 0.872906	Loss Translation.: 0.913856	Loss Uncertainty: -0.040950
--ADE (5 time steps): 0.0822	--FDE (5 time steps): 0.0847
--ADE (10 time steps): 0.1132	--FDE (10 time steps): 0.1506
--ADE (15 time steps): 0.1496	--FDE (15 time steps): 0.2374
--ADE (20 time steps): 0.1901	--FDE (20 time steps): 0.3318
[INFO] Checkpoint saved to ./results/5_2_MultiNewer_2D/5_2_MultiNewer_2D/models/checkpoint_epoch_90.pth
[2025-03-03 23:23:56] Epoch: 90		Loss: 0.872288	Loss Translation.: 0.913408	Loss Uncertainty: -0.041120
--ADE (5 time steps): 0.0822	--FDE (5 time steps): 0.0847
--ADE (10 time steps): 0.1133	--FDE (10 time steps): 0.1506
--ADE (15 time steps): 0.1496	--FDE (15 time steps): 0.2374
--ADE (20 time steps): 0.1901	--FDE (20 time steps): 0.3317
[INFO] Checkpoint saved to ./results/5_2_MultiNewer_2D/5_2_MultiNewer_2D/models/checkpoint_epoch_91.pth
[2025-03-03 23:24:04] Epoch: 91		Loss: 0.871689	Loss Translation.: 0.912982	Loss Uncertainty: -0.041293
--ADE (5 time steps): 0.0822	--FDE (5 time steps): 0.0847
--ADE (10 time steps): 0.1133	--FDE (10 time steps): 0.1506
--ADE (15 time steps): 0.1496	--FDE (15 time steps): 0.2373
--ADE (20 time steps): 0.1901	--FDE (20 time steps): 0.3317
[INFO] Checkpoint saved to ./results/5_2_MultiNewer_2D/5_2_MultiNewer_2D/models/checkpoint_epoch_92.pth
[2025-03-03 23:24:12] Epoch: 92		Loss: 0.871108	Loss Translation.: 0.912563	Loss Uncertainty: -0.041454
--ADE (5 time steps): 0.0822	--FDE (5 time steps): 0.0847
--ADE (10 time steps): 0.1133	--FDE (10 time steps): 0.1506
--ADE (15 time steps): 0.1496	--FDE (15 time steps): 0.2373
--ADE (20 time steps): 0.1901	--FDE (20 time steps): 0.3316
[INFO] Checkpoint saved to ./results/5_2_MultiNewer_2D/5_2_MultiNewer_2D/models/checkpoint_epoch_93.pth
[2025-03-03 23:24:19] Epoch: 93		Loss: 0.870548	Loss Translation.: 0.912176	Loss Uncertainty: -0.041628
--ADE (5 time steps): 0.0822	--FDE (5 time steps): 0.0847
--ADE (10 time steps): 0.1133	--FDE (10 time steps): 0.1506
--ADE (15 time steps): 0.1496	--FDE (15 time steps): 0.2373
--ADE (20 time steps): 0.1900	--FDE (20 time steps): 0.3316
[INFO] Checkpoint saved to ./results/5_2_MultiNewer_2D/5_2_MultiNewer_2D/models/checkpoint_epoch_94.pth
[2025-03-03 23:24:27] Epoch: 94		Loss: 0.869989	Loss Translation.: 0.911777	Loss Uncertainty: -0.041787
--ADE (5 time steps): 0.0822	--FDE (5 time steps): 0.0847
--ADE (10 time steps): 0.1133	--FDE (10 time steps): 0.1506
--ADE (15 time steps): 0.1496	--FDE (15 time steps): 0.2373
--ADE (20 time steps): 0.1900	--FDE (20 time steps): 0.3316
[INFO] Checkpoint saved to ./results/5_2_MultiNewer_2D/5_2_MultiNewer_2D/models/checkpoint_epoch_95.pth
[2025-03-03 23:24:35] Epoch: 95		Loss: 0.869439	Loss Translation.: 0.911405	Loss Uncertainty: -0.041966
--ADE (5 time steps): 0.0822	--FDE (5 time steps): 0.0847
--ADE (10 time steps): 0.1133	--FDE (10 time steps): 0.1506
--ADE (15 time steps): 0.1496	--FDE (15 time steps): 0.2373
--ADE (20 time steps): 0.1900	--FDE (20 time steps): 0.3315
[INFO] Checkpoint saved to ./results/5_2_MultiNewer_2D/5_2_MultiNewer_2D/models/checkpoint_epoch_96.pth
[2025-03-03 23:24:43] Epoch: 96		Loss: 0.867214	Loss Translation.: 0.909330	Loss Uncertainty: -0.042116
--ADE (5 time steps): 0.0822	--FDE (5 time steps): 0.0847
--ADE (10 time steps): 0.1133	--FDE (10 time steps): 0.1507
--ADE (15 time steps): 0.1497	--FDE (15 time steps): 0.2373
--ADE (20 time steps): 0.1901	--FDE (20 time steps): 0.3315
[INFO] Checkpoint saved to ./results/5_2_MultiNewer_2D/5_2_MultiNewer_2D/models/checkpoint_epoch_97.pth
[2025-03-03 23:24:51] Epoch: 97		Loss: 0.866693	Loss Translation.: 0.908886	Loss Uncertainty: -0.042193
--ADE (5 time steps): 0.0822	--FDE (5 time steps): 0.0847
--ADE (10 time steps): 0.1133	--FDE (10 time steps): 0.1508
--ADE (15 time steps): 0.1497	--FDE (15 time steps): 0.2373
--ADE (20 time steps): 0.1901	--FDE (20 time steps): 0.3315
[INFO] Checkpoint saved to ./results/5_2_MultiNewer_2D/5_2_MultiNewer_2D/models/checkpoint_epoch_98.pth
[2025-03-03 23:24:59] Epoch: 98		Loss: 0.866384	Loss Translation.: 0.908664	Loss Uncertainty: -0.042280
--ADE (5 time steps): 0.0822	--FDE (5 time steps): 0.0847
--ADE (10 time steps): 0.1134	--FDE (10 time steps): 0.1508
--ADE (15 time steps): 0.1497	--FDE (15 time steps): 0.2373
--ADE (20 time steps): 0.1901	--FDE (20 time steps): 0.3314
[INFO] Checkpoint saved to ./results/5_2_MultiNewer_2D/5_2_MultiNewer_2D/models/checkpoint_epoch_99.pth
[2025-03-03 23:25:07] Epoch: 99		Loss: 0.866096	Loss Translation.: 0.908462	Loss Uncertainty: -0.042366
--ADE (5 time steps): 0.0822	--FDE (5 time steps): 0.0847
--ADE (10 time steps): 0.1134	--FDE (10 time steps): 0.1508
--ADE (15 time steps): 0.1497	--FDE (15 time steps): 0.2373
--ADE (20 time steps): 0.1900	--FDE (20 time steps): 0.3314
[INFO] Checkpoint saved to ./results/5_2_MultiNewer_2D/5_2_MultiNewer_2D/models/checkpoint_epoch_100.pth

JOB STATISTICS
==============
Job ID: 10284531
Cluster: snellius
User/Group: scur2440/scur2440
State: COMPLETED (exit code 0)
Nodes: 1
Cores per node: 18
CPU Utilized: 00:14:10
CPU Efficiency: 5.75% of 04:06:18 core-walltime
Job Wall-clock time: 00:13:41
Memory Utilized: 3.07 GB
Memory Efficiency: 2.56% of 120.00 GB
