***************************************************************************************************** 
* WARNING: The 2022 software stack is deprecated. Please consider switching to
the latest 2024 * 
* software stack, or the older 2023 software stack. * 
* * 
* If you have any question, please contact us via
http://servicedesk.surfsara.nl. * 
***************************************************************************************************** 

Configuration:
description: LED
results_root_dir: results
dataset: spires
dimensions: 3
past_frames: 10
future_frames: 24
min_past_frames: 10
min_future_frames: 24
k_preds: 24
traj_mean: [14, 7.5]
traj_scale: 5
relative: False
normalised: False
overfitting: False
pretrained_core_denoising_model: ./results/checkpoints/base_diffusion_model.p
debug: False
diffusion: {'steps': 100, 'beta_start': 0.0001, 'beta_end': 0.05, 'beta_schedule': 'linear'}
lr: 0.001
train_batch_size: 10
test_batch_size: 500
num_epochs: 100
test_interval: 1
lr_scheduler: step
decay_step: 8
decay_gamma: 0.5

[INFO] SPIRES dataset (1 agent).
Overfitting: False
Time diff avg (fut): 1.34132
Overfitting: False
Time diff avg (fut): 1.34132
[INFO] Now using random trajectory shuffling.

Train dataset:
Length: 534
Total x, y and z distances travelled: 0.80580, 1.02401, 0.14420
Euclidean dist diff avg: 1.52018

Test dataset:
Length: 67
Total x, y and z distances travelled: 0.84138, 0.94210, 0.14400
Euclidean dist diff avg: 1.46873

[INFO] SPIRES dataset - skip subtracting mean from absolute positions.
[INFO] Training from scratch - without pretrained models (Not NBA with frame standard configs)

[Core Denoising Model] Trainable/Total: 6577560/6577560
[Initialization Model] Trainable/Total: 5598593/5598593
[2025-03-03 23:18:38] Epoch: 0		Loss: 29.483613	Loss Translation.: 12.416494	Loss Uncertainty: 17.067120
--ADE (5 time steps): 0.3173	--FDE (5 time steps): 0.2945
--ADE (10 time steps): 0.4216	--FDE (10 time steps): 0.5111
--ADE (15 time steps): 0.5051	--FDE (15 time steps): 0.6292
--ADE (20 time steps): 0.6059	--FDE (20 time steps): 0.9968
[INFO] Checkpoint saved to ./results/5_6_MultiSpires_3D/5_6_MultiSpires_3D/models/checkpoint_epoch_1.pth
[2025-03-03 23:18:45] Epoch: 1		Loss: 7.072851	Loss Translation.: 5.525520	Loss Uncertainty: 1.547331
--ADE (5 time steps): 0.3009	--FDE (5 time steps): 0.3208
--ADE (10 time steps): 0.3774	--FDE (10 time steps): 0.4450
--ADE (15 time steps): 0.4495	--FDE (15 time steps): 0.5081
--ADE (20 time steps): 0.5212	--FDE (20 time steps): 0.7652
[INFO] Checkpoint saved to ./results/5_6_MultiSpires_3D/5_6_MultiSpires_3D/models/checkpoint_epoch_2.pth
[2025-03-03 23:18:51] Epoch: 2		Loss: 6.260507	Loss Translation.: 4.886662	Loss Uncertainty: 1.373845
--ADE (5 time steps): 0.3479	--FDE (5 time steps): 0.3263
--ADE (10 time steps): 0.4119	--FDE (10 time steps): 0.4776
--ADE (15 time steps): 0.4617	--FDE (15 time steps): 0.4990
--ADE (20 time steps): 0.5160	--FDE (20 time steps): 0.6814
[INFO] Checkpoint saved to ./results/5_6_MultiSpires_3D/5_6_MultiSpires_3D/models/checkpoint_epoch_3.pth
[2025-03-03 23:18:57] Epoch: 3		Loss: 5.373781	Loss Translation.: 4.197446	Loss Uncertainty: 1.176336
--ADE (5 time steps): 0.2922	--FDE (5 time steps): 0.2597
--ADE (10 time steps): 0.3332	--FDE (10 time steps): 0.3185
--ADE (15 time steps): 0.3778	--FDE (15 time steps): 0.3832
--ADE (20 time steps): 0.4348	--FDE (20 time steps): 0.4777
[INFO] Checkpoint saved to ./results/5_6_MultiSpires_3D/5_6_MultiSpires_3D/models/checkpoint_epoch_4.pth
[2025-03-03 23:19:04] Epoch: 4		Loss: 4.764350	Loss Translation.: 3.824331	Loss Uncertainty: 0.940019
--ADE (5 time steps): 0.2664	--FDE (5 time steps): 0.2405
--ADE (10 time steps): 0.3082	--FDE (10 time steps): 0.3353
--ADE (15 time steps): 0.3407	--FDE (15 time steps): 0.4474
--ADE (20 time steps): 0.3826	--FDE (20 time steps): 0.4988
[INFO] Checkpoint saved to ./results/5_6_MultiSpires_3D/5_6_MultiSpires_3D/models/checkpoint_epoch_5.pth
[2025-03-03 23:19:10] Epoch: 5		Loss: 4.322187	Loss Translation.: 3.580329	Loss Uncertainty: 0.741858
--ADE (5 time steps): 0.2405	--FDE (5 time steps): 0.1903
--ADE (10 time steps): 0.2887	--FDE (10 time steps): 0.3178
--ADE (15 time steps): 0.3348	--FDE (15 time steps): 0.4705
--ADE (20 time steps): 0.3859	--FDE (20 time steps): 0.5160
[INFO] Checkpoint saved to ./results/5_6_MultiSpires_3D/5_6_MultiSpires_3D/models/checkpoint_epoch_6.pth
[2025-03-03 23:19:16] Epoch: 6		Loss: 4.147962	Loss Translation.: 3.573520	Loss Uncertainty: 0.574442
--ADE (5 time steps): 0.1946	--FDE (5 time steps): 0.1968
--ADE (10 time steps): 0.2498	--FDE (10 time steps): 0.2659
--ADE (15 time steps): 0.2975	--FDE (15 time steps): 0.3746
--ADE (20 time steps): 0.3447	--FDE (20 time steps): 0.4796
[INFO] Checkpoint saved to ./results/5_6_MultiSpires_3D/5_6_MultiSpires_3D/models/checkpoint_epoch_7.pth
[2025-03-03 23:19:22] Epoch: 7		Loss: 4.333261	Loss Translation.: 3.864595	Loss Uncertainty: 0.468666
--ADE (5 time steps): 0.2650	--FDE (5 time steps): 0.2188
--ADE (10 time steps): 0.2959	--FDE (10 time steps): 0.2787
--ADE (15 time steps): 0.3282	--FDE (15 time steps): 0.3483
--ADE (20 time steps): 0.3668	--FDE (20 time steps): 0.4964
[INFO] Checkpoint saved to ./results/5_6_MultiSpires_3D/5_6_MultiSpires_3D/models/checkpoint_epoch_8.pth
[2025-03-03 23:19:29] Epoch: 8		Loss: 3.450203	Loss Translation.: 3.092221	Loss Uncertainty: 0.357982
--ADE (5 time steps): 0.1706	--FDE (5 time steps): 0.1884
--ADE (10 time steps): 0.2271	--FDE (10 time steps): 0.2717
--ADE (15 time steps): 0.2716	--FDE (15 time steps): 0.3437
--ADE (20 time steps): 0.3168	--FDE (20 time steps): 0.4110
[INFO] Checkpoint saved to ./results/5_6_MultiSpires_3D/5_6_MultiSpires_3D/models/checkpoint_epoch_9.pth
[2025-03-03 23:19:35] Epoch: 9		Loss: 3.435829	Loss Translation.: 3.130383	Loss Uncertainty: 0.305446
--ADE (5 time steps): 0.2363	--FDE (5 time steps): 0.2602
--ADE (10 time steps): 0.2891	--FDE (10 time steps): 0.3089
--ADE (15 time steps): 0.3326	--FDE (15 time steps): 0.4016
--ADE (20 time steps): 0.3798	--FDE (20 time steps): 0.4906
[INFO] Checkpoint saved to ./results/5_6_MultiSpires_3D/5_6_MultiSpires_3D/models/checkpoint_epoch_10.pth
[2025-03-03 23:19:41] Epoch: 10		Loss: 3.315333	Loss Translation.: 3.045657	Loss Uncertainty: 0.269676
--ADE (5 time steps): 0.1644	--FDE (5 time steps): 0.1722
--ADE (10 time steps): 0.2077	--FDE (10 time steps): 0.2581
--ADE (15 time steps): 0.2557	--FDE (15 time steps): 0.3413
--ADE (20 time steps): 0.3021	--FDE (20 time steps): 0.4538
[INFO] Checkpoint saved to ./results/5_6_MultiSpires_3D/5_6_MultiSpires_3D/models/checkpoint_epoch_11.pth
[2025-03-03 23:19:47] Epoch: 11		Loss: 2.968577	Loss Translation.: 2.755811	Loss Uncertainty: 0.212766
--ADE (5 time steps): 0.1460	--FDE (5 time steps): 0.1544
--ADE (10 time steps): 0.1819	--FDE (10 time steps): 0.2117
--ADE (15 time steps): 0.2143	--FDE (15 time steps): 0.2858
--ADE (20 time steps): 0.2524	--FDE (20 time steps): 0.3613
[INFO] Checkpoint saved to ./results/5_6_MultiSpires_3D/5_6_MultiSpires_3D/models/checkpoint_epoch_12.pth
[2025-03-03 23:19:54] Epoch: 12		Loss: 2.866301	Loss Translation.: 2.706162	Loss Uncertainty: 0.160139
--ADE (5 time steps): 0.1332	--FDE (5 time steps): 0.1295
--ADE (10 time steps): 0.1712	--FDE (10 time steps): 0.1950
--ADE (15 time steps): 0.2041	--FDE (15 time steps): 0.2827
--ADE (20 time steps): 0.2467	--FDE (20 time steps): 0.3653
[INFO] Checkpoint saved to ./results/5_6_MultiSpires_3D/5_6_MultiSpires_3D/models/checkpoint_epoch_13.pth
[2025-03-03 23:20:00] Epoch: 13		Loss: 2.305345	Loss Translation.: 2.209055	Loss Uncertainty: 0.096291
--ADE (5 time steps): 0.1074	--FDE (5 time steps): 0.1190
--ADE (10 time steps): 0.1444	--FDE (10 time steps): 0.1808
--ADE (15 time steps): 0.1809	--FDE (15 time steps): 0.2658
--ADE (20 time steps): 0.2240	--FDE (20 time steps): 0.3579
[INFO] Checkpoint saved to ./results/5_6_MultiSpires_3D/5_6_MultiSpires_3D/models/checkpoint_epoch_14.pth
[2025-03-03 23:20:06] Epoch: 14		Loss: 2.285779	Loss Translation.: 2.213472	Loss Uncertainty: 0.072307
--ADE (5 time steps): 0.1628	--FDE (5 time steps): 0.1700
--ADE (10 time steps): 0.2057	--FDE (10 time steps): 0.2376
--ADE (15 time steps): 0.2375	--FDE (15 time steps): 0.2948
--ADE (20 time steps): 0.2812	--FDE (20 time steps): 0.3652
[INFO] Checkpoint saved to ./results/5_6_MultiSpires_3D/5_6_MultiSpires_3D/models/checkpoint_epoch_15.pth
[2025-03-03 23:20:12] Epoch: 15		Loss: 2.355055	Loss Translation.: 2.294918	Loss Uncertainty: 0.060137
--ADE (5 time steps): 0.1303	--FDE (5 time steps): 0.1221
--ADE (10 time steps): 0.1643	--FDE (10 time steps): 0.1845
--ADE (15 time steps): 0.1910	--FDE (15 time steps): 0.2528
--ADE (20 time steps): 0.2214	--FDE (20 time steps): 0.3024
[INFO] Checkpoint saved to ./results/5_6_MultiSpires_3D/5_6_MultiSpires_3D/models/checkpoint_epoch_16.pth
[2025-03-03 23:20:19] Epoch: 16		Loss: 1.950262	Loss Translation.: 1.935925	Loss Uncertainty: 0.014337
--ADE (5 time steps): 0.1038	--FDE (5 time steps): 0.1140
--ADE (10 time steps): 0.1282	--FDE (10 time steps): 0.1545
--ADE (15 time steps): 0.1519	--FDE (15 time steps): 0.2177
--ADE (20 time steps): 0.1853	--FDE (20 time steps): 0.2763
[INFO] Checkpoint saved to ./results/5_6_MultiSpires_3D/5_6_MultiSpires_3D/models/checkpoint_epoch_17.pth
[2025-03-03 23:20:25] Epoch: 17		Loss: 1.772243	Loss Translation.: 1.779575	Loss Uncertainty: -0.007332
--ADE (5 time steps): 0.0922	--FDE (5 time steps): 0.1026
--ADE (10 time steps): 0.1165	--FDE (10 time steps): 0.1429
--ADE (15 time steps): 0.1439	--FDE (15 time steps): 0.2119
--ADE (20 time steps): 0.1764	--FDE (20 time steps): 0.2722
[INFO] Checkpoint saved to ./results/5_6_MultiSpires_3D/5_6_MultiSpires_3D/models/checkpoint_epoch_18.pth
[2025-03-03 23:20:31] Epoch: 18		Loss: 1.817088	Loss Translation.: 1.839671	Loss Uncertainty: -0.022584
--ADE (5 time steps): 0.1076	--FDE (5 time steps): 0.1189
--ADE (10 time steps): 0.1347	--FDE (10 time steps): 0.1623
--ADE (15 time steps): 0.1607	--FDE (15 time steps): 0.2228
--ADE (20 time steps): 0.1937	--FDE (20 time steps): 0.2887
[INFO] Checkpoint saved to ./results/5_6_MultiSpires_3D/5_6_MultiSpires_3D/models/checkpoint_epoch_19.pth
[2025-03-03 23:20:38] Epoch: 19		Loss: 1.665288	Loss Translation.: 1.708732	Loss Uncertainty: -0.043445
--ADE (5 time steps): 0.1092	--FDE (5 time steps): 0.1118
--ADE (10 time steps): 0.1338	--FDE (10 time steps): 0.1496
--ADE (15 time steps): 0.1582	--FDE (15 time steps): 0.2200
--ADE (20 time steps): 0.1861	--FDE (20 time steps): 0.2720
[INFO] Checkpoint saved to ./results/5_6_MultiSpires_3D/5_6_MultiSpires_3D/models/checkpoint_epoch_20.pth
[2025-03-03 23:20:44] Epoch: 20		Loss: 1.756104	Loss Translation.: 1.807694	Loss Uncertainty: -0.051591
--ADE (5 time steps): 0.1032	--FDE (5 time steps): 0.1052
--ADE (10 time steps): 0.1245	--FDE (10 time steps): 0.1377
--ADE (15 time steps): 0.1474	--FDE (15 time steps): 0.2008
--ADE (20 time steps): 0.1723	--FDE (20 time steps): 0.2481
[INFO] Checkpoint saved to ./results/5_6_MultiSpires_3D/5_6_MultiSpires_3D/models/checkpoint_epoch_21.pth
[2025-03-03 23:20:50] Epoch: 21		Loss: 1.567753	Loss Translation.: 1.646365	Loss Uncertainty: -0.078612
--ADE (5 time steps): 0.1069	--FDE (5 time steps): 0.1109
--ADE (10 time steps): 0.1345	--FDE (10 time steps): 0.1600
--ADE (15 time steps): 0.1565	--FDE (15 time steps): 0.2093
--ADE (20 time steps): 0.1827	--FDE (20 time steps): 0.2665
[INFO] Checkpoint saved to ./results/5_6_MultiSpires_3D/5_6_MultiSpires_3D/models/checkpoint_epoch_22.pth
[2025-03-03 23:20:56] Epoch: 22		Loss: 1.561719	Loss Translation.: 1.655372	Loss Uncertainty: -0.093653
--ADE (5 time steps): 0.1162	--FDE (5 time steps): 0.1190
--ADE (10 time steps): 0.1353	--FDE (10 time steps): 0.1537
--ADE (15 time steps): 0.1554	--FDE (15 time steps): 0.2064
--ADE (20 time steps): 0.1820	--FDE (20 time steps): 0.2597
[INFO] Checkpoint saved to ./results/5_6_MultiSpires_3D/5_6_MultiSpires_3D/models/checkpoint_epoch_23.pth
[2025-03-03 23:21:03] Epoch: 23		Loss: 1.622740	Loss Translation.: 1.732677	Loss Uncertainty: -0.109937
--ADE (5 time steps): 0.0972	--FDE (5 time steps): 0.1087
--ADE (10 time steps): 0.1211	--FDE (10 time steps): 0.1492
--ADE (15 time steps): 0.1438	--FDE (15 time steps): 0.2009
--ADE (20 time steps): 0.1700	--FDE (20 time steps): 0.2551
[INFO] Checkpoint saved to ./results/5_6_MultiSpires_3D/5_6_MultiSpires_3D/models/checkpoint_epoch_24.pth
[2025-03-03 23:21:09] Epoch: 24		Loss: 1.310735	Loss Translation.: 1.447000	Loss Uncertainty: -0.136265
--ADE (5 time steps): 0.0944	--FDE (5 time steps): 0.0941
--ADE (10 time steps): 0.1157	--FDE (10 time steps): 0.1468
--ADE (15 time steps): 0.1404	--FDE (15 time steps): 0.1986
--ADE (20 time steps): 0.1673	--FDE (20 time steps): 0.2521
[INFO] Checkpoint saved to ./results/5_6_MultiSpires_3D/5_6_MultiSpires_3D/models/checkpoint_epoch_25.pth
[2025-03-03 23:21:15] Epoch: 25		Loss: 1.316432	Loss Translation.: 1.458149	Loss Uncertainty: -0.141718
--ADE (5 time steps): 0.0846	--FDE (5 time steps): 0.0906
--ADE (10 time steps): 0.1077	--FDE (10 time steps): 0.1399
--ADE (15 time steps): 0.1313	--FDE (15 time steps): 0.1911
--ADE (20 time steps): 0.1573	--FDE (20 time steps): 0.2473
[INFO] Checkpoint saved to ./results/5_6_MultiSpires_3D/5_6_MultiSpires_3D/models/checkpoint_epoch_26.pth
[2025-03-03 23:21:21] Epoch: 26		Loss: 1.234082	Loss Translation.: 1.390467	Loss Uncertainty: -0.156385
--ADE (5 time steps): 0.0920	--FDE (5 time steps): 0.0979
--ADE (10 time steps): 0.1128	--FDE (10 time steps): 0.1391
--ADE (15 time steps): 0.1363	--FDE (15 time steps): 0.1956
--ADE (20 time steps): 0.1630	--FDE (20 time steps): 0.2486
[INFO] Checkpoint saved to ./results/5_6_MultiSpires_3D/5_6_MultiSpires_3D/models/checkpoint_epoch_27.pth
[2025-03-03 23:21:28] Epoch: 27		Loss: 1.182464	Loss Translation.: 1.350650	Loss Uncertainty: -0.168186
--ADE (5 time steps): 0.0883	--FDE (5 time steps): 0.0898
--ADE (10 time steps): 0.1083	--FDE (10 time steps): 0.1357
--ADE (15 time steps): 0.1312	--FDE (15 time steps): 0.1858
--ADE (20 time steps): 0.1547	--FDE (20 time steps): 0.2356
[INFO] Checkpoint saved to ./results/5_6_MultiSpires_3D/5_6_MultiSpires_3D/models/checkpoint_epoch_28.pth
[2025-03-03 23:21:34] Epoch: 28		Loss: 1.167980	Loss Translation.: 1.341610	Loss Uncertainty: -0.173630
--ADE (5 time steps): 0.0824	--FDE (5 time steps): 0.0852
--ADE (10 time steps): 0.1051	--FDE (10 time steps): 0.1380
--ADE (15 time steps): 0.1275	--FDE (15 time steps): 0.1814
--ADE (20 time steps): 0.1517	--FDE (20 time steps): 0.2344
[INFO] Checkpoint saved to ./results/5_6_MultiSpires_3D/5_6_MultiSpires_3D/models/checkpoint_epoch_29.pth
[2025-03-03 23:21:40] Epoch: 29		Loss: 1.112430	Loss Translation.: 1.300500	Loss Uncertainty: -0.188070
--ADE (5 time steps): 0.0815	--FDE (5 time steps): 0.0862
--ADE (10 time steps): 0.1059	--FDE (10 time steps): 0.1355
--ADE (15 time steps): 0.1297	--FDE (15 time steps): 0.1860
--ADE (20 time steps): 0.1534	--FDE (20 time steps): 0.2406
[INFO] Checkpoint saved to ./results/5_6_MultiSpires_3D/5_6_MultiSpires_3D/models/checkpoint_epoch_30.pth
[2025-03-03 23:21:46] Epoch: 30		Loss: 1.122358	Loss Translation.: 1.316993	Loss Uncertainty: -0.194634
--ADE (5 time steps): 0.0819	--FDE (5 time steps): 0.0878
--ADE (10 time steps): 0.1053	--FDE (10 time steps): 0.1362
--ADE (15 time steps): 0.1294	--FDE (15 time steps): 0.1867
--ADE (20 time steps): 0.1525	--FDE (20 time steps): 0.2404
[INFO] Checkpoint saved to ./results/5_6_MultiSpires_3D/5_6_MultiSpires_3D/models/checkpoint_epoch_31.pth
[2025-03-03 23:21:53] Epoch: 31		Loss: 1.060973	Loss Translation.: 1.270527	Loss Uncertainty: -0.209554
--ADE (5 time steps): 0.0808	--FDE (5 time steps): 0.0855
--ADE (10 time steps): 0.1057	--FDE (10 time steps): 0.1353
--ADE (15 time steps): 0.1296	--FDE (15 time steps): 0.1882
--ADE (20 time steps): 0.1534	--FDE (20 time steps): 0.2428
[INFO] Checkpoint saved to ./results/5_6_MultiSpires_3D/5_6_MultiSpires_3D/models/checkpoint_epoch_32.pth
[2025-03-03 23:21:59] Epoch: 32		Loss: 1.021546	Loss Translation.: 1.240748	Loss Uncertainty: -0.219202
--ADE (5 time steps): 0.0872	--FDE (5 time steps): 0.0914
--ADE (10 time steps): 0.1099	--FDE (10 time steps): 0.1387
--ADE (15 time steps): 0.1323	--FDE (15 time steps): 0.1881
--ADE (20 time steps): 0.1564	--FDE (20 time steps): 0.2391
[INFO] Checkpoint saved to ./results/5_6_MultiSpires_3D/5_6_MultiSpires_3D/models/checkpoint_epoch_33.pth
[2025-03-03 23:22:05] Epoch: 33		Loss: 0.996543	Loss Translation.: 1.218715	Loss Uncertainty: -0.222172
--ADE (5 time steps): 0.0948	--FDE (5 time steps): 0.0926
--ADE (10 time steps): 0.1162	--FDE (10 time steps): 0.1476
--ADE (15 time steps): 0.1406	--FDE (15 time steps): 0.2006
--ADE (20 time steps): 0.1669	--FDE (20 time steps): 0.2471
[INFO] Checkpoint saved to ./results/5_6_MultiSpires_3D/5_6_MultiSpires_3D/models/checkpoint_epoch_34.pth
[2025-03-03 23:22:12] Epoch: 34		Loss: 0.965473	Loss Translation.: 1.193423	Loss Uncertainty: -0.227950
--ADE (5 time steps): 0.1041	--FDE (5 time steps): 0.1041
--ADE (10 time steps): 0.1251	--FDE (10 time steps): 0.1544
--ADE (15 time steps): 0.1488	--FDE (15 time steps): 0.2062
--ADE (20 time steps): 0.1755	--FDE (20 time steps): 0.2542
[INFO] Checkpoint saved to ./results/5_6_MultiSpires_3D/5_6_MultiSpires_3D/models/checkpoint_epoch_35.pth
[2025-03-03 23:22:18] Epoch: 35		Loss: 0.968484	Loss Translation.: 1.200958	Loss Uncertainty: -0.232474
--ADE (5 time steps): 0.0972	--FDE (5 time steps): 0.0986
--ADE (10 time steps): 0.1201	--FDE (10 time steps): 0.1480
--ADE (15 time steps): 0.1432	--FDE (15 time steps): 0.2021
--ADE (20 time steps): 0.1689	--FDE (20 time steps): 0.2558
[INFO] Checkpoint saved to ./results/5_6_MultiSpires_3D/5_6_MultiSpires_3D/models/checkpoint_epoch_36.pth
[2025-03-03 23:22:24] Epoch: 36		Loss: 0.926567	Loss Translation.: 1.162937	Loss Uncertainty: -0.236369
--ADE (5 time steps): 0.0868	--FDE (5 time steps): 0.0868
--ADE (10 time steps): 0.1082	--FDE (10 time steps): 0.1365
--ADE (15 time steps): 0.1322	--FDE (15 time steps): 0.1869
--ADE (20 time steps): 0.1565	--FDE (20 time steps): 0.2369
[INFO] Checkpoint saved to ./results/5_6_MultiSpires_3D/5_6_MultiSpires_3D/models/checkpoint_epoch_37.pth
[2025-03-03 23:22:30] Epoch: 37		Loss: 0.871224	Loss Translation.: 1.118622	Loss Uncertainty: -0.247398
--ADE (5 time steps): 0.0885	--FDE (5 time steps): 0.0882
--ADE (10 time steps): 0.1088	--FDE (10 time steps): 0.1366
--ADE (15 time steps): 0.1323	--FDE (15 time steps): 0.1878
--ADE (20 time steps): 0.1568	--FDE (20 time steps): 0.2353
[INFO] Checkpoint saved to ./results/5_6_MultiSpires_3D/5_6_MultiSpires_3D/models/checkpoint_epoch_38.pth
[2025-03-03 23:22:37] Epoch: 38		Loss: 0.868368	Loss Translation.: 1.121217	Loss Uncertainty: -0.252849
--ADE (5 time steps): 0.0996	--FDE (5 time steps): 0.0976
--ADE (10 time steps): 0.1204	--FDE (10 time steps): 0.1506
--ADE (15 time steps): 0.1444	--FDE (15 time steps): 0.2036
--ADE (20 time steps): 0.1707	--FDE (20 time steps): 0.2519
[INFO] Checkpoint saved to ./results/5_6_MultiSpires_3D/5_6_MultiSpires_3D/models/checkpoint_epoch_39.pth
[2025-03-03 23:22:43] Epoch: 39		Loss: 0.834146	Loss Translation.: 1.090853	Loss Uncertainty: -0.256707
--ADE (5 time steps): 0.0854	--FDE (5 time steps): 0.0865
--ADE (10 time steps): 0.1070	--FDE (10 time steps): 0.1351
--ADE (15 time steps): 0.1302	--FDE (15 time steps): 0.1862
--ADE (20 time steps): 0.1538	--FDE (20 time steps): 0.2313
[INFO] Checkpoint saved to ./results/5_6_MultiSpires_3D/5_6_MultiSpires_3D/models/checkpoint_epoch_40.pth
[2025-03-03 23:22:49] Epoch: 40		Loss: 0.840971	Loss Translation.: 1.108834	Loss Uncertainty: -0.267864
--ADE (5 time steps): 0.0828	--FDE (5 time steps): 0.0873
--ADE (10 time steps): 0.1053	--FDE (10 time steps): 0.1349
--ADE (15 time steps): 0.1284	--FDE (15 time steps): 0.1840
--ADE (20 time steps): 0.1521	--FDE (20 time steps): 0.2316
[INFO] Checkpoint saved to ./results/5_6_MultiSpires_3D/5_6_MultiSpires_3D/models/checkpoint_epoch_41.pth
[2025-03-03 23:22:56] Epoch: 41		Loss: 0.809477	Loss Translation.: 1.080693	Loss Uncertainty: -0.271216
--ADE (5 time steps): 0.0813	--FDE (5 time steps): 0.0848
--ADE (10 time steps): 0.1035	--FDE (10 time steps): 0.1340
--ADE (15 time steps): 0.1278	--FDE (15 time steps): 0.1831
--ADE (20 time steps): 0.1515	--FDE (20 time steps): 0.2297
[INFO] Checkpoint saved to ./results/5_6_MultiSpires_3D/5_6_MultiSpires_3D/models/checkpoint_epoch_42.pth
[2025-03-03 23:23:02] Epoch: 42		Loss: 0.803353	Loss Translation.: 1.077562	Loss Uncertainty: -0.274209
--ADE (5 time steps): 0.0797	--FDE (5 time steps): 0.0831
--ADE (10 time steps): 0.1013	--FDE (10 time steps): 0.1320
--ADE (15 time steps): 0.1252	--FDE (15 time steps): 0.1809
--ADE (20 time steps): 0.1496	--FDE (20 time steps): 0.2273
[INFO] Checkpoint saved to ./results/5_6_MultiSpires_3D/5_6_MultiSpires_3D/models/checkpoint_epoch_43.pth
[2025-03-03 23:23:08] Epoch: 43		Loss: 0.781674	Loss Translation.: 1.060572	Loss Uncertainty: -0.278898
--ADE (5 time steps): 0.0810	--FDE (5 time steps): 0.0848
--ADE (10 time steps): 0.1032	--FDE (10 time steps): 0.1343
--ADE (15 time steps): 0.1276	--FDE (15 time steps): 0.1834
--ADE (20 time steps): 0.1519	--FDE (20 time steps): 0.2304
[INFO] Checkpoint saved to ./results/5_6_MultiSpires_3D/5_6_MultiSpires_3D/models/checkpoint_epoch_44.pth
[2025-03-03 23:23:14] Epoch: 44		Loss: 0.750849	Loss Translation.: 1.033969	Loss Uncertainty: -0.283120
--ADE (5 time steps): 0.0818	--FDE (5 time steps): 0.0859
--ADE (10 time steps): 0.1046	--FDE (10 time steps): 0.1350
--ADE (15 time steps): 0.1290	--FDE (15 time steps): 0.1847
--ADE (20 time steps): 0.1537	--FDE (20 time steps): 0.2337
[INFO] Checkpoint saved to ./results/5_6_MultiSpires_3D/5_6_MultiSpires_3D/models/checkpoint_epoch_45.pth
[2025-03-03 23:23:21] Epoch: 45		Loss: 0.745999	Loss Translation.: 1.033196	Loss Uncertainty: -0.287197
--ADE (5 time steps): 0.0830	--FDE (5 time steps): 0.0869
--ADE (10 time steps): 0.1058	--FDE (10 time steps): 0.1352
--ADE (15 time steps): 0.1296	--FDE (15 time steps): 0.1852
--ADE (20 time steps): 0.1541	--FDE (20 time steps): 0.2353
[INFO] Checkpoint saved to ./results/5_6_MultiSpires_3D/5_6_MultiSpires_3D/models/checkpoint_epoch_46.pth
[2025-03-03 23:23:27] Epoch: 46		Loss: 0.715773	Loss Translation.: 1.006927	Loss Uncertainty: -0.291154
--ADE (5 time steps): 0.0830	--FDE (5 time steps): 0.0871
--ADE (10 time steps): 0.1054	--FDE (10 time steps): 0.1353
--ADE (15 time steps): 0.1293	--FDE (15 time steps): 0.1851
--ADE (20 time steps): 0.1543	--FDE (20 time steps): 0.2345
[INFO] Checkpoint saved to ./results/5_6_MultiSpires_3D/5_6_MultiSpires_3D/models/checkpoint_epoch_47.pth
[2025-03-03 23:23:33] Epoch: 47		Loss: 0.689754	Loss Translation.: 0.985520	Loss Uncertainty: -0.295766
--ADE (5 time steps): 0.0832	--FDE (5 time steps): 0.0869
--ADE (10 time steps): 0.1064	--FDE (10 time steps): 0.1363
--ADE (15 time steps): 0.1302	--FDE (15 time steps): 0.1857
--ADE (20 time steps): 0.1549	--FDE (20 time steps): 0.2345
[INFO] Checkpoint saved to ./results/5_6_MultiSpires_3D/5_6_MultiSpires_3D/models/checkpoint_epoch_48.pth
[2025-03-03 23:23:40] Epoch: 48		Loss: 0.695136	Loss Translation.: 0.990329	Loss Uncertainty: -0.295193
--ADE (5 time steps): 0.0773	--FDE (5 time steps): 0.0827
--ADE (10 time steps): 0.1020	--FDE (10 time steps): 0.1354
--ADE (15 time steps): 0.1276	--FDE (15 time steps): 0.1853
--ADE (20 time steps): 0.1523	--FDE (20 time steps): 0.2345
[INFO] Checkpoint saved to ./results/5_6_MultiSpires_3D/5_6_MultiSpires_3D/models/checkpoint_epoch_49.pth
[2025-03-03 23:23:46] Epoch: 49		Loss: 0.653739	Loss Translation.: 0.953026	Loss Uncertainty: -0.299287
--ADE (5 time steps): 0.0777	--FDE (5 time steps): 0.0830
--ADE (10 time steps): 0.1022	--FDE (10 time steps): 0.1350
--ADE (15 time steps): 0.1273	--FDE (15 time steps): 0.1850
--ADE (20 time steps): 0.1521	--FDE (20 time steps): 0.2351
[INFO] Checkpoint saved to ./results/5_6_MultiSpires_3D/5_6_MultiSpires_3D/models/checkpoint_epoch_50.pth
[2025-03-03 23:23:52] Epoch: 50		Loss: 0.639923	Loss Translation.: 0.940530	Loss Uncertainty: -0.300607
--ADE (5 time steps): 0.0778	--FDE (5 time steps): 0.0833
--ADE (10 time steps): 0.1024	--FDE (10 time steps): 0.1354
--ADE (15 time steps): 0.1275	--FDE (15 time steps): 0.1853
--ADE (20 time steps): 0.1522	--FDE (20 time steps): 0.2357
[INFO] Checkpoint saved to ./results/5_6_MultiSpires_3D/5_6_MultiSpires_3D/models/checkpoint_epoch_51.pth
[2025-03-03 23:23:58] Epoch: 51		Loss: 0.624805	Loss Translation.: 0.927821	Loss Uncertainty: -0.303016
--ADE (5 time steps): 0.0783	--FDE (5 time steps): 0.0836
--ADE (10 time steps): 0.1026	--FDE (10 time steps): 0.1352
--ADE (15 time steps): 0.1275	--FDE (15 time steps): 0.1855
--ADE (20 time steps): 0.1527	--FDE (20 time steps): 0.2363
[INFO] Checkpoint saved to ./results/5_6_MultiSpires_3D/5_6_MultiSpires_3D/models/checkpoint_epoch_52.pth
[2025-03-03 23:24:05] Epoch: 52		Loss: 0.612613	Loss Translation.: 0.917671	Loss Uncertainty: -0.305058
--ADE (5 time steps): 0.0789	--FDE (5 time steps): 0.0847
--ADE (10 time steps): 0.1032	--FDE (10 time steps): 0.1360
--ADE (15 time steps): 0.1282	--FDE (15 time steps): 0.1860
--ADE (20 time steps): 0.1534	--FDE (20 time steps): 0.2371
[INFO] Checkpoint saved to ./results/5_6_MultiSpires_3D/5_6_MultiSpires_3D/models/checkpoint_epoch_53.pth
[2025-03-03 23:24:11] Epoch: 53		Loss: 0.602447	Loss Translation.: 0.909300	Loss Uncertainty: -0.306852
--ADE (5 time steps): 0.0787	--FDE (5 time steps): 0.0845
--ADE (10 time steps): 0.1033	--FDE (10 time steps): 0.1365
--ADE (15 time steps): 0.1284	--FDE (15 time steps): 0.1861
--ADE (20 time steps): 0.1534	--FDE (20 time steps): 0.2372
[INFO] Checkpoint saved to ./results/5_6_MultiSpires_3D/5_6_MultiSpires_3D/models/checkpoint_epoch_54.pth
[2025-03-03 23:24:17] Epoch: 54		Loss: 0.590804	Loss Translation.: 0.899798	Loss Uncertainty: -0.308994
--ADE (5 time steps): 0.0793	--FDE (5 time steps): 0.0856
--ADE (10 time steps): 0.1039	--FDE (10 time steps): 0.1371
--ADE (15 time steps): 0.1289	--FDE (15 time steps): 0.1863
--ADE (20 time steps): 0.1540	--FDE (20 time steps): 0.2381
[INFO] Checkpoint saved to ./results/5_6_MultiSpires_3D/5_6_MultiSpires_3D/models/checkpoint_epoch_55.pth
[2025-03-03 23:24:24] Epoch: 55		Loss: 0.581185	Loss Translation.: 0.892131	Loss Uncertainty: -0.310946
--ADE (5 time steps): 0.0789	--FDE (5 time steps): 0.0850
--ADE (10 time steps): 0.1036	--FDE (10 time steps): 0.1368
--ADE (15 time steps): 0.1285	--FDE (15 time steps): 0.1860
--ADE (20 time steps): 0.1537	--FDE (20 time steps): 0.2376
[INFO] Checkpoint saved to ./results/5_6_MultiSpires_3D/5_6_MultiSpires_3D/models/checkpoint_epoch_56.pth
[2025-03-03 23:24:30] Epoch: 56		Loss: 0.580467	Loss Translation.: 0.892342	Loss Uncertainty: -0.311875
--ADE (5 time steps): 0.0795	--FDE (5 time steps): 0.0877
--ADE (10 time steps): 0.1052	--FDE (10 time steps): 0.1404
--ADE (15 time steps): 0.1309	--FDE (15 time steps): 0.1881
--ADE (20 time steps): 0.1563	--FDE (20 time steps): 0.2410
[INFO] Checkpoint saved to ./results/5_6_MultiSpires_3D/5_6_MultiSpires_3D/models/checkpoint_epoch_57.pth
[2025-03-03 23:24:36] Epoch: 57		Loss: 0.585336	Loss Translation.: 0.897883	Loss Uncertainty: -0.312546
--ADE (5 time steps): 0.0797	--FDE (5 time steps): 0.0881
--ADE (10 time steps): 0.1052	--FDE (10 time steps): 0.1400
--ADE (15 time steps): 0.1308	--FDE (15 time steps): 0.1872
--ADE (20 time steps): 0.1562	--FDE (20 time steps): 0.2400
[INFO] Checkpoint saved to ./results/5_6_MultiSpires_3D/5_6_MultiSpires_3D/models/checkpoint_epoch_58.pth
[2025-03-03 23:24:43] Epoch: 58		Loss: 0.570217	Loss Translation.: 0.883752	Loss Uncertainty: -0.313535
--ADE (5 time steps): 0.0790	--FDE (5 time steps): 0.0874
--ADE (10 time steps): 0.1046	--FDE (10 time steps): 0.1397
--ADE (15 time steps): 0.1302	--FDE (15 time steps): 0.1864
--ADE (20 time steps): 0.1555	--FDE (20 time steps): 0.2392
[INFO] Checkpoint saved to ./results/5_6_MultiSpires_3D/5_6_MultiSpires_3D/models/checkpoint_epoch_59.pth
[2025-03-03 23:24:49] Epoch: 59		Loss: 0.565473	Loss Translation.: 0.879983	Loss Uncertainty: -0.314510
--ADE (5 time steps): 0.0793	--FDE (5 time steps): 0.0876
--ADE (10 time steps): 0.1047	--FDE (10 time steps): 0.1397
--ADE (15 time steps): 0.1302	--FDE (15 time steps): 0.1863
--ADE (20 time steps): 0.1556	--FDE (20 time steps): 0.2390
[INFO] Checkpoint saved to ./results/5_6_MultiSpires_3D/5_6_MultiSpires_3D/models/checkpoint_epoch_60.pth
[2025-03-03 23:24:55] Epoch: 60		Loss: 0.560752	Loss Translation.: 0.876253	Loss Uncertainty: -0.315501
--ADE (5 time steps): 0.0794	--FDE (5 time steps): 0.0877
--ADE (10 time steps): 0.1047	--FDE (10 time steps): 0.1397
--ADE (15 time steps): 0.1302	--FDE (15 time steps): 0.1861
--ADE (20 time steps): 0.1556	--FDE (20 time steps): 0.2389
[INFO] Checkpoint saved to ./results/5_6_MultiSpires_3D/5_6_MultiSpires_3D/models/checkpoint_epoch_61.pth
[2025-03-03 23:25:01] Epoch: 61		Loss: 0.555380	Loss Translation.: 0.871897	Loss Uncertainty: -0.316518
--ADE (5 time steps): 0.0794	--FDE (5 time steps): 0.0875
--ADE (10 time steps): 0.1046	--FDE (10 time steps): 0.1397
--ADE (15 time steps): 0.1301	--FDE (15 time steps): 0.1857
--ADE (20 time steps): 0.1554	--FDE (20 time steps): 0.2385
[INFO] Checkpoint saved to ./results/5_6_MultiSpires_3D/5_6_MultiSpires_3D/models/checkpoint_epoch_62.pth
[2025-03-03 23:25:08] Epoch: 62		Loss: 0.549725	Loss Translation.: 0.867317	Loss Uncertainty: -0.317592
--ADE (5 time steps): 0.0795	--FDE (5 time steps): 0.0879
--ADE (10 time steps): 0.1048	--FDE (10 time steps): 0.1396
--ADE (15 time steps): 0.1301	--FDE (15 time steps): 0.1855
--ADE (20 time steps): 0.1554	--FDE (20 time steps): 0.2382
[INFO] Checkpoint saved to ./results/5_6_MultiSpires_3D/5_6_MultiSpires_3D/models/checkpoint_epoch_63.pth
[2025-03-03 23:25:14] Epoch: 63		Loss: 0.545385	Loss Translation.: 0.863981	Loss Uncertainty: -0.318596
--ADE (5 time steps): 0.0796	--FDE (5 time steps): 0.0878
--ADE (10 time steps): 0.1048	--FDE (10 time steps): 0.1394
--ADE (15 time steps): 0.1302	--FDE (15 time steps): 0.1856
--ADE (20 time steps): 0.1554	--FDE (20 time steps): 0.2379
[INFO] Checkpoint saved to ./results/5_6_MultiSpires_3D/5_6_MultiSpires_3D/models/checkpoint_epoch_64.pth
[2025-03-03 23:25:20] Epoch: 64		Loss: 0.540586	Loss Translation.: 0.861166	Loss Uncertainty: -0.320580
--ADE (5 time steps): 0.0774	--FDE (5 time steps): 0.0843
--ADE (10 time steps): 0.1019	--FDE (10 time steps): 0.1367
--ADE (15 time steps): 0.1281	--FDE (15 time steps): 0.1833
--ADE (20 time steps): 0.1527	--FDE (20 time steps): 0.2351
[INFO] Checkpoint saved to ./results/5_6_MultiSpires_3D/5_6_MultiSpires_3D/models/checkpoint_epoch_65.pth
[2025-03-03 23:25:27] Epoch: 65		Loss: 0.538676	Loss Translation.: 0.859757	Loss Uncertainty: -0.321081
--ADE (5 time steps): 0.0775	--FDE (5 time steps): 0.0846
--ADE (10 time steps): 0.1024	--FDE (10 time steps): 0.1375
--ADE (15 time steps): 0.1286	--FDE (15 time steps): 0.1838
--ADE (20 time steps): 0.1533	--FDE (20 time steps): 0.2356
[INFO] Checkpoint saved to ./results/5_6_MultiSpires_3D/5_6_MultiSpires_3D/models/checkpoint_epoch_66.pth
[2025-03-03 23:25:33] Epoch: 66		Loss: 0.534340	Loss Translation.: 0.855938	Loss Uncertainty: -0.321597
--ADE (5 time steps): 0.0773	--FDE (5 time steps): 0.0844
--ADE (10 time steps): 0.1023	--FDE (10 time steps): 0.1374
--ADE (15 time steps): 0.1285	--FDE (15 time steps): 0.1838
--ADE (20 time steps): 0.1532	--FDE (20 time steps): 0.2356
[INFO] Checkpoint saved to ./results/5_6_MultiSpires_3D/5_6_MultiSpires_3D/models/checkpoint_epoch_67.pth
[2025-03-03 23:25:39] Epoch: 67		Loss: 0.530967	Loss Translation.: 0.853027	Loss Uncertainty: -0.322060
--ADE (5 time steps): 0.0773	--FDE (5 time steps): 0.0843
--ADE (10 time steps): 0.1023	--FDE (10 time steps): 0.1374
--ADE (15 time steps): 0.1286	--FDE (15 time steps): 0.1838
--ADE (20 time steps): 0.1532	--FDE (20 time steps): 0.2357
[INFO] Checkpoint saved to ./results/5_6_MultiSpires_3D/5_6_MultiSpires_3D/models/checkpoint_epoch_68.pth
[2025-03-03 23:25:46] Epoch: 68		Loss: 0.527932	Loss Translation.: 0.850482	Loss Uncertainty: -0.322550
--ADE (5 time steps): 0.0772	--FDE (5 time steps): 0.0843
--ADE (10 time steps): 0.1023	--FDE (10 time steps): 0.1373
--ADE (15 time steps): 0.1286	--FDE (15 time steps): 0.1837
--ADE (20 time steps): 0.1532	--FDE (20 time steps): 0.2358
[INFO] Checkpoint saved to ./results/5_6_MultiSpires_3D/5_6_MultiSpires_3D/models/checkpoint_epoch_69.pth
[2025-03-03 23:25:52] Epoch: 69		Loss: 0.525116	Loss Translation.: 0.848201	Loss Uncertainty: -0.323085
--ADE (5 time steps): 0.0771	--FDE (5 time steps): 0.0842
--ADE (10 time steps): 0.1022	--FDE (10 time steps): 0.1373
--ADE (15 time steps): 0.1286	--FDE (15 time steps): 0.1837
--ADE (20 time steps): 0.1532	--FDE (20 time steps): 0.2358
[INFO] Checkpoint saved to ./results/5_6_MultiSpires_3D/5_6_MultiSpires_3D/models/checkpoint_epoch_70.pth
[2025-03-03 23:25:58] Epoch: 70		Loss: 0.522610	Loss Translation.: 0.846284	Loss Uncertainty: -0.323674
--ADE (5 time steps): 0.0771	--FDE (5 time steps): 0.0842
--ADE (10 time steps): 0.1022	--FDE (10 time steps): 0.1374
--ADE (15 time steps): 0.1286	--FDE (15 time steps): 0.1837
--ADE (20 time steps): 0.1532	--FDE (20 time steps): 0.2358
[INFO] Checkpoint saved to ./results/5_6_MultiSpires_3D/5_6_MultiSpires_3D/models/checkpoint_epoch_71.pth
[2025-03-03 23:26:05] Epoch: 71		Loss: 0.519916	Loss Translation.: 0.844164	Loss Uncertainty: -0.324248
--ADE (5 time steps): 0.0770	--FDE (5 time steps): 0.0840
--ADE (10 time steps): 0.1021	--FDE (10 time steps): 0.1372
--ADE (15 time steps): 0.1284	--FDE (15 time steps): 0.1835
--ADE (20 time steps): 0.1530	--FDE (20 time steps): 0.2356
[INFO] Checkpoint saved to ./results/5_6_MultiSpires_3D/5_6_MultiSpires_3D/models/checkpoint_epoch_72.pth
[2025-03-03 23:26:11] Epoch: 72		Loss: 0.521178	Loss Translation.: 0.846471	Loss Uncertainty: -0.325294
--ADE (5 time steps): 0.0761	--FDE (5 time steps): 0.0819
--ADE (10 time steps): 0.1004	--FDE (10 time steps): 0.1348
--ADE (15 time steps): 0.1264	--FDE (15 time steps): 0.1827
--ADE (20 time steps): 0.1519	--FDE (20 time steps): 0.2340
[INFO] Checkpoint saved to ./results/5_6_MultiSpires_3D/5_6_MultiSpires_3D/models/checkpoint_epoch_73.pth
[2025-03-03 23:26:17] Epoch: 73		Loss: 0.521051	Loss Translation.: 0.846811	Loss Uncertainty: -0.325760
--ADE (5 time steps): 0.0758	--FDE (5 time steps): 0.0817
--ADE (10 time steps): 0.1001	--FDE (10 time steps): 0.1343
--ADE (15 time steps): 0.1260	--FDE (15 time steps): 0.1823
--ADE (20 time steps): 0.1515	--FDE (20 time steps): 0.2335
[INFO] Checkpoint saved to ./results/5_6_MultiSpires_3D/5_6_MultiSpires_3D/models/checkpoint_epoch_74.pth
[2025-03-03 23:26:24] Epoch: 74		Loss: 0.519850	Loss Translation.: 0.845807	Loss Uncertainty: -0.325957
--ADE (5 time steps): 0.0757	--FDE (5 time steps): 0.0816
--ADE (10 time steps): 0.1000	--FDE (10 time steps): 0.1343
--ADE (15 time steps): 0.1259	--FDE (15 time steps): 0.1822
--ADE (20 time steps): 0.1514	--FDE (20 time steps): 0.2334
[INFO] Checkpoint saved to ./results/5_6_MultiSpires_3D/5_6_MultiSpires_3D/models/checkpoint_epoch_75.pth
[2025-03-03 23:26:30] Epoch: 75		Loss: 0.518052	Loss Translation.: 0.844244	Loss Uncertainty: -0.326192
--ADE (5 time steps): 0.0756	--FDE (5 time steps): 0.0815
--ADE (10 time steps): 0.0999	--FDE (10 time steps): 0.1342
--ADE (15 time steps): 0.1258	--FDE (15 time steps): 0.1821
--ADE (20 time steps): 0.1514	--FDE (20 time steps): 0.2333
[INFO] Checkpoint saved to ./results/5_6_MultiSpires_3D/5_6_MultiSpires_3D/models/checkpoint_epoch_76.pth
[2025-03-03 23:26:36] Epoch: 76		Loss: 0.516404	Loss Translation.: 0.842855	Loss Uncertainty: -0.326451
--ADE (5 time steps): 0.0755	--FDE (5 time steps): 0.0815
--ADE (10 time steps): 0.0998	--FDE (10 time steps): 0.1341
--ADE (15 time steps): 0.1258	--FDE (15 time steps): 0.1821
--ADE (20 time steps): 0.1514	--FDE (20 time steps): 0.2333
[INFO] Checkpoint saved to ./results/5_6_MultiSpires_3D/5_6_MultiSpires_3D/models/checkpoint_epoch_77.pth
[2025-03-03 23:26:43] Epoch: 77		Loss: 0.514936	Loss Translation.: 0.841651	Loss Uncertainty: -0.326716
--ADE (5 time steps): 0.0755	--FDE (5 time steps): 0.0815
--ADE (10 time steps): 0.0998	--FDE (10 time steps): 0.1341
--ADE (15 time steps): 0.1258	--FDE (15 time steps): 0.1821
--ADE (20 time steps): 0.1514	--FDE (20 time steps): 0.2333
[INFO] Checkpoint saved to ./results/5_6_MultiSpires_3D/5_6_MultiSpires_3D/models/checkpoint_epoch_78.pth
[2025-03-03 23:26:49] Epoch: 78		Loss: 0.513531	Loss Translation.: 0.840507	Loss Uncertainty: -0.326976
--ADE (5 time steps): 0.0754	--FDE (5 time steps): 0.0814
--ADE (10 time steps): 0.0998	--FDE (10 time steps): 0.1341
--ADE (15 time steps): 0.1258	--FDE (15 time steps): 0.1821
--ADE (20 time steps): 0.1514	--FDE (20 time steps): 0.2333
[INFO] Checkpoint saved to ./results/5_6_MultiSpires_3D/5_6_MultiSpires_3D/models/checkpoint_epoch_79.pth
[2025-03-03 23:26:55] Epoch: 79		Loss: 0.512285	Loss Translation.: 0.839524	Loss Uncertainty: -0.327239
--ADE (5 time steps): 0.0754	--FDE (5 time steps): 0.0814
--ADE (10 time steps): 0.0997	--FDE (10 time steps): 0.1341
--ADE (15 time steps): 0.1258	--FDE (15 time steps): 0.1821
--ADE (20 time steps): 0.1514	--FDE (20 time steps): 0.2333
[INFO] Checkpoint saved to ./results/5_6_MultiSpires_3D/5_6_MultiSpires_3D/models/checkpoint_epoch_80.pth
[2025-03-03 23:27:01] Epoch: 80		Loss: 0.509947	Loss Translation.: 0.837259	Loss Uncertainty: -0.327312
--ADE (5 time steps): 0.0759	--FDE (5 time steps): 0.0820
--ADE (10 time steps): 0.1005	--FDE (10 time steps): 0.1347
--ADE (15 time steps): 0.1264	--FDE (15 time steps): 0.1825
--ADE (20 time steps): 0.1519	--FDE (20 time steps): 0.2337
[INFO] Checkpoint saved to ./results/5_6_MultiSpires_3D/5_6_MultiSpires_3D/models/checkpoint_epoch_81.pth
[2025-03-03 23:27:08] Epoch: 81		Loss: 0.503560	Loss Translation.: 0.831214	Loss Uncertainty: -0.327654
--ADE (5 time steps): 0.0759	--FDE (5 time steps): 0.0820
--ADE (10 time steps): 0.1004	--FDE (10 time steps): 0.1346
--ADE (15 time steps): 0.1264	--FDE (15 time steps): 0.1825
--ADE (20 time steps): 0.1518	--FDE (20 time steps): 0.2337
[INFO] Checkpoint saved to ./results/5_6_MultiSpires_3D/5_6_MultiSpires_3D/models/checkpoint_epoch_82.pth
[2025-03-03 23:27:14] Epoch: 82		Loss: 0.502549	Loss Translation.: 0.830406	Loss Uncertainty: -0.327857
--ADE (5 time steps): 0.0759	--FDE (5 time steps): 0.0820
--ADE (10 time steps): 0.1004	--FDE (10 time steps): 0.1346
--ADE (15 time steps): 0.1264	--FDE (15 time steps): 0.1826
--ADE (20 time steps): 0.1518	--FDE (20 time steps): 0.2338
[INFO] Checkpoint saved to ./results/5_6_MultiSpires_3D/5_6_MultiSpires_3D/models/checkpoint_epoch_83.pth
[2025-03-03 23:27:20] Epoch: 83		Loss: 0.501584	Loss Translation.: 0.829621	Loss Uncertainty: -0.328037
--ADE (5 time steps): 0.0759	--FDE (5 time steps): 0.0820
--ADE (10 time steps): 0.1004	--FDE (10 time steps): 0.1346
--ADE (15 time steps): 0.1264	--FDE (15 time steps): 0.1826
--ADE (20 time steps): 0.1518	--FDE (20 time steps): 0.2339
[INFO] Checkpoint saved to ./results/5_6_MultiSpires_3D/5_6_MultiSpires_3D/models/checkpoint_epoch_84.pth
[2025-03-03 23:27:27] Epoch: 84		Loss: 0.500823	Loss Translation.: 0.829030	Loss Uncertainty: -0.328207
--ADE (5 time steps): 0.0758	--FDE (5 time steps): 0.0819
--ADE (10 time steps): 0.1004	--FDE (10 time steps): 0.1346
--ADE (15 time steps): 0.1264	--FDE (15 time steps): 0.1827
--ADE (20 time steps): 0.1518	--FDE (20 time steps): 0.2340
[INFO] Checkpoint saved to ./results/5_6_MultiSpires_3D/5_6_MultiSpires_3D/models/checkpoint_epoch_85.pth
[2025-03-03 23:27:33] Epoch: 85		Loss: 0.500085	Loss Translation.: 0.828459	Loss Uncertainty: -0.328374
--ADE (5 time steps): 0.0759	--FDE (5 time steps): 0.0819
--ADE (10 time steps): 0.1004	--FDE (10 time steps): 0.1346
--ADE (15 time steps): 0.1264	--FDE (15 time steps): 0.1827
--ADE (20 time steps): 0.1518	--FDE (20 time steps): 0.2340
[INFO] Checkpoint saved to ./results/5_6_MultiSpires_3D/5_6_MultiSpires_3D/models/checkpoint_epoch_86.pth
[2025-03-03 23:27:39] Epoch: 86		Loss: 0.499201	Loss Translation.: 0.827740	Loss Uncertainty: -0.328538
--ADE (5 time steps): 0.0758	--FDE (5 time steps): 0.0819
--ADE (10 time steps): 0.1004	--FDE (10 time steps): 0.1347
--ADE (15 time steps): 0.1264	--FDE (15 time steps): 0.1827
--ADE (20 time steps): 0.1518	--FDE (20 time steps): 0.2341
[INFO] Checkpoint saved to ./results/5_6_MultiSpires_3D/5_6_MultiSpires_3D/models/checkpoint_epoch_87.pth
[2025-03-03 23:27:46] Epoch: 87		Loss: 0.498699	Loss Translation.: 0.827401	Loss Uncertainty: -0.328702
--ADE (5 time steps): 0.0759	--FDE (5 time steps): 0.0819
--ADE (10 time steps): 0.1005	--FDE (10 time steps): 0.1347
--ADE (15 time steps): 0.1264	--FDE (15 time steps): 0.1827
--ADE (20 time steps): 0.1518	--FDE (20 time steps): 0.2341
[INFO] Checkpoint saved to ./results/5_6_MultiSpires_3D/5_6_MultiSpires_3D/models/checkpoint_epoch_88.pth
[2025-03-03 23:27:52] Epoch: 88		Loss: 0.495276	Loss Translation.: 0.824108	Loss Uncertainty: -0.328831
--ADE (5 time steps): 0.0763	--FDE (5 time steps): 0.0826
--ADE (10 time steps): 0.1011	--FDE (10 time steps): 0.1352
--ADE (15 time steps): 0.1270	--FDE (15 time steps): 0.1830
--ADE (20 time steps): 0.1522	--FDE (20 time steps): 0.2344
[INFO] Checkpoint saved to ./results/5_6_MultiSpires_3D/5_6_MultiSpires_3D/models/checkpoint_epoch_89.pth
[2025-03-03 23:27:58] Epoch: 89		Loss: 0.493450	Loss Translation.: 0.822365	Loss Uncertainty: -0.328915
--ADE (5 time steps): 0.0763	--FDE (5 time steps): 0.0827
--ADE (10 time steps): 0.1012	--FDE (10 time steps): 0.1352
--ADE (15 time steps): 0.1270	--FDE (15 time steps): 0.1831
--ADE (20 time steps): 0.1522	--FDE (20 time steps): 0.2345
[INFO] Checkpoint saved to ./results/5_6_MultiSpires_3D/5_6_MultiSpires_3D/models/checkpoint_epoch_90.pth
[2025-03-03 23:28:05] Epoch: 90		Loss: 0.492727	Loss Translation.: 0.821743	Loss Uncertainty: -0.329017
--ADE (5 time steps): 0.0764	--FDE (5 time steps): 0.0827
--ADE (10 time steps): 0.1012	--FDE (10 time steps): 0.1352
--ADE (15 time steps): 0.1270	--FDE (15 time steps): 0.1831
--ADE (20 time steps): 0.1522	--FDE (20 time steps): 0.2345
[INFO] Checkpoint saved to ./results/5_6_MultiSpires_3D/5_6_MultiSpires_3D/models/checkpoint_epoch_91.pth
[2025-03-03 23:28:11] Epoch: 91		Loss: 0.492348	Loss Translation.: 0.821457	Loss Uncertainty: -0.329108
--ADE (5 time steps): 0.0764	--FDE (5 time steps): 0.0828
--ADE (10 time steps): 0.1012	--FDE (10 time steps): 0.1352
--ADE (15 time steps): 0.1270	--FDE (15 time steps): 0.1831
--ADE (20 time steps): 0.1522	--FDE (20 time steps): 0.2345
[INFO] Checkpoint saved to ./results/5_6_MultiSpires_3D/5_6_MultiSpires_3D/models/checkpoint_epoch_92.pth
[2025-03-03 23:28:17] Epoch: 92		Loss: 0.491893	Loss Translation.: 0.821085	Loss Uncertainty: -0.329192
--ADE (5 time steps): 0.0764	--FDE (5 time steps): 0.0828
--ADE (10 time steps): 0.1012	--FDE (10 time steps): 0.1351
--ADE (15 time steps): 0.1270	--FDE (15 time steps): 0.1831
--ADE (20 time steps): 0.1522	--FDE (20 time steps): 0.2345
[INFO] Checkpoint saved to ./results/5_6_MultiSpires_3D/5_6_MultiSpires_3D/models/checkpoint_epoch_93.pth
[2025-03-03 23:28:23] Epoch: 93		Loss: 0.491555	Loss Translation.: 0.820832	Loss Uncertainty: -0.329276
--ADE (5 time steps): 0.0764	--FDE (5 time steps): 0.0827
--ADE (10 time steps): 0.1012	--FDE (10 time steps): 0.1351
--ADE (15 time steps): 0.1270	--FDE (15 time steps): 0.1831
--ADE (20 time steps): 0.1522	--FDE (20 time steps): 0.2345
[INFO] Checkpoint saved to ./results/5_6_MultiSpires_3D/5_6_MultiSpires_3D/models/checkpoint_epoch_94.pth
[2025-03-03 23:28:30] Epoch: 94		Loss: 0.491119	Loss Translation.: 0.820478	Loss Uncertainty: -0.329359
--ADE (5 time steps): 0.0764	--FDE (5 time steps): 0.0827
--ADE (10 time steps): 0.1012	--FDE (10 time steps): 0.1351
--ADE (15 time steps): 0.1270	--FDE (15 time steps): 0.1831
--ADE (20 time steps): 0.1521	--FDE (20 time steps): 0.2345
[INFO] Checkpoint saved to ./results/5_6_MultiSpires_3D/5_6_MultiSpires_3D/models/checkpoint_epoch_95.pth
[2025-03-03 23:28:36] Epoch: 95		Loss: 0.490739	Loss Translation.: 0.820180	Loss Uncertainty: -0.329441
--ADE (5 time steps): 0.0763	--FDE (5 time steps): 0.0827
--ADE (10 time steps): 0.1012	--FDE (10 time steps): 0.1351
--ADE (15 time steps): 0.1270	--FDE (15 time steps): 0.1831
--ADE (20 time steps): 0.1521	--FDE (20 time steps): 0.2345
[INFO] Checkpoint saved to ./results/5_6_MultiSpires_3D/5_6_MultiSpires_3D/models/checkpoint_epoch_96.pth
[2025-03-03 23:28:42] Epoch: 96		Loss: 0.488731	Loss Translation.: 0.818261	Loss Uncertainty: -0.329530
--ADE (5 time steps): 0.0765	--FDE (5 time steps): 0.0829
--ADE (10 time steps): 0.1014	--FDE (10 time steps): 0.1352
--ADE (15 time steps): 0.1271	--FDE (15 time steps): 0.1831
--ADE (20 time steps): 0.1522	--FDE (20 time steps): 0.2346
[INFO] Checkpoint saved to ./results/5_6_MultiSpires_3D/5_6_MultiSpires_3D/models/checkpoint_epoch_97.pth
[2025-03-03 23:28:49] Epoch: 97		Loss: 0.488374	Loss Translation.: 0.817931	Loss Uncertainty: -0.329558
--ADE (5 time steps): 0.0765	--FDE (5 time steps): 0.0829
--ADE (10 time steps): 0.1015	--FDE (10 time steps): 0.1353
--ADE (15 time steps): 0.1272	--FDE (15 time steps): 0.1832
--ADE (20 time steps): 0.1522	--FDE (20 time steps): 0.2346
[INFO] Checkpoint saved to ./results/5_6_MultiSpires_3D/5_6_MultiSpires_3D/models/checkpoint_epoch_98.pth
[2025-03-03 23:28:55] Epoch: 98		Loss: 0.488094	Loss Translation.: 0.817692	Loss Uncertainty: -0.329598
--ADE (5 time steps): 0.0765	--FDE (5 time steps): 0.0830
--ADE (10 time steps): 0.1015	--FDE (10 time steps): 0.1353
--ADE (15 time steps): 0.1272	--FDE (15 time steps): 0.1832
--ADE (20 time steps): 0.1522	--FDE (20 time steps): 0.2346
[INFO] Checkpoint saved to ./results/5_6_MultiSpires_3D/5_6_MultiSpires_3D/models/checkpoint_epoch_99.pth
[2025-03-03 23:29:01] Epoch: 99		Loss: 0.487900	Loss Translation.: 0.817543	Loss Uncertainty: -0.329643
--ADE (5 time steps): 0.0765	--FDE (5 time steps): 0.0830
--ADE (10 time steps): 0.1015	--FDE (10 time steps): 0.1352
--ADE (15 time steps): 0.1272	--FDE (15 time steps): 0.1832
--ADE (20 time steps): 0.1522	--FDE (20 time steps): 0.2346
[INFO] Checkpoint saved to ./results/5_6_MultiSpires_3D/5_6_MultiSpires_3D/models/checkpoint_epoch_100.pth

JOB STATISTICS
==============
Job ID: 10284570
Cluster: snellius
User/Group: scur2440/scur2440
State: RUNNING
Nodes: 1
Cores per node: 18
CPU Utilized: 00:00:00
CPU Efficiency: 0.00% of 03:15:18 core-walltime
Job Wall-clock time: 00:10:51
Memory Utilized: 0.00 MB (estimated maximum)
Memory Efficiency: 0.00% of 120.00 GB (120.00 GB/node)
WARNING: Efficiency statistics may be misleading for RUNNING jobs.
